Connecting to host 10.0.0.19, port 10019
[102] local 10.0.0.10 port 57340 connected to 10.0.0.19 port 10019
[ ID] Interval           Transfer     Bitrate         Total Datagrams
[102]   0.00-1.00   sec   243 KBytes  1.99 Mbits/sec  172  
[102]   1.00-2.00   sec   240 KBytes  1.97 Mbits/sec  170  
[102]   2.00-3.00   sec   242 KBytes  1.98 Mbits/sec  171  
[102]   3.00-4.00   sec   242 KBytes  1.98 Mbits/sec  171  
[102]   4.00-5.00   sec   242 KBytes  1.98 Mbits/sec  171  
[102]   5.00-6.00   sec   242 KBytes  1.98 Mbits/sec  171  
[102]   6.00-7.00   sec   242 KBytes  1.98 Mbits/sec  171  
[102]   7.00-8.00   sec   242 KBytes  1.98 Mbits/sec  171  
[102]   8.00-9.00   sec   242 KBytes  1.98 Mbits/sec  171  
[102]   9.00-10.00  sec   242 KBytes  1.98 Mbits/sec  171  
[102]  10.00-11.00  sec   242 KBytes  1.98 Mbits/sec  171  
[102]  11.00-12.00  sec   242 KBytes  1.98 Mbits/sec  171  
[102]  12.00-13.00  sec   242 KBytes  1.98 Mbits/sec  171  
[102]  13.00-14.00  sec   242 KBytes  1.98 Mbits/sec  171  
[102]  14.00-15.00  sec   240 KBytes  1.97 Mbits/sec  171  
[102]  15.00-16.00  sec   242 KBytes  1.98 Mbits/sec  170  
[102]  16.00-17.00  sec   242 KBytes  1.98 Mbits/sec  171  
[102]  17.00-18.00  sec   242 KBytes  1.98 Mbits/sec  171  
[102]  18.00-19.00  sec   242 KBytes  1.98 Mbits/sec  171  
[102]  19.00-20.00  sec   242 KBytes  1.98 Mbits/sec  171  
[102]  20.00-21.00  sec   242 KBytes  1.98 Mbits/sec  171  
[102]  21.00-22.00  sec   242 KBytes  1.98 Mbits/sec  171  
[102]  22.00-23.00  sec   242 KBytes  1.98 Mbits/sec  171  
[102]  23.00-24.00  sec   242 KBytes  1.98 Mbits/sec  171  
[102]  24.00-25.00  sec   242 KBytes  1.98 Mbits/sec  171  
[102]  25.00-26.00  sec   242 KBytes  1.98 Mbits/sec  171  
[102]  26.00-27.00  sec   242 KBytes  1.98 Mbits/sec  171  
[102]  27.00-28.00  sec   242 KBytes  1.98 Mbits/sec  171  
[102]  28.00-29.00  sec   240 KBytes  1.97 Mbits/sec  170  
[102]  29.00-30.00  sec   242 KBytes  1.98 Mbits/sec  171  
- - - - - - - - - - - - - - - - - - - - - - - - -
[ ID] Interval           Transfer     Bitrate         Jitter    Lost/Total Datagrams
[102]   0.00-30.00  sec  7.08 MBytes  1.98 Mbits/sec  0.000 ms  0/5128 (0%)  sender
[102]   0.00-30.01  sec  5.25 MBytes  1.47 Mbits/sec  5.708 ms  1240/5039 (25%)  receiver

iperf Done.
