Connecting to host 10.0.0.20, port 10020
[102] local 10.0.0.10 port 42571 connected to 10.0.0.20 port 10020
[ ID] Interval           Transfer     Bitrate         Total Datagrams
[102]   0.00-1.00   sec   533 KBytes  4.37 Mbits/sec  377  
[102]   1.00-2.00   sec   533 KBytes  4.36 Mbits/sec  377  
[102]   2.00-3.00   sec   533 KBytes  4.37 Mbits/sec  377  
[102]   3.00-4.00   sec   533 KBytes  4.37 Mbits/sec  377  
[102]   4.00-5.00   sec   532 KBytes  4.36 Mbits/sec  376  
[102]   5.00-6.00   sec   533 KBytes  4.37 Mbits/sec  377  
[102]   6.00-7.00   sec   533 KBytes  4.37 Mbits/sec  377  
[102]   7.00-8.00   sec   533 KBytes  4.37 Mbits/sec  377  
[102]   8.00-9.00   sec   532 KBytes  4.36 Mbits/sec  376  
[102]   9.00-10.00  sec   533 KBytes  4.37 Mbits/sec  377  
[102]  10.00-11.00  sec   533 KBytes  4.37 Mbits/sec  377  
[102]  11.00-12.00  sec   532 KBytes  4.36 Mbits/sec  376  
[102]  12.00-13.00  sec   533 KBytes  4.37 Mbits/sec  377  
[102]  13.00-14.00  sec   533 KBytes  4.36 Mbits/sec  377  
[102]  14.00-15.00  sec   532 KBytes  4.36 Mbits/sec  376  
[102]  15.00-16.00  sec   533 KBytes  4.37 Mbits/sec  377  
[102]  16.00-17.00  sec   533 KBytes  4.36 Mbits/sec  377  
[102]  17.00-18.00  sec   533 KBytes  4.37 Mbits/sec  377  
[102]  18.00-19.00  sec   532 KBytes  4.36 Mbits/sec  376  
[102]  19.00-20.00  sec   533 KBytes  4.37 Mbits/sec  377  
[102]  20.00-21.00  sec   533 KBytes  4.37 Mbits/sec  377  
[102]  21.00-22.00  sec   532 KBytes  4.35 Mbits/sec  376  
[102]  22.00-23.00  sec   533 KBytes  4.37 Mbits/sec  377  
[102]  23.00-24.00  sec   533 KBytes  4.37 Mbits/sec  377  
[102]  24.00-25.00  sec   532 KBytes  4.36 Mbits/sec  376  
[102]  25.00-26.00  sec   533 KBytes  4.37 Mbits/sec  377  
[102]  26.00-27.00  sec   533 KBytes  4.37 Mbits/sec  377  
[102]  27.00-28.00  sec   533 KBytes  4.36 Mbits/sec  377  
[102]  28.00-29.00  sec   532 KBytes  4.36 Mbits/sec  376  
[102]  29.00-30.00  sec   533 KBytes  4.37 Mbits/sec  377  
- - - - - - - - - - - - - - - - - - - - - - - - -
[ ID] Interval           Transfer     Bitrate         Jitter    Lost/Total Datagrams
[102]   0.00-30.00  sec  15.6 MBytes  4.36 Mbits/sec  0.000 ms  0/11302 (0%)  sender
[102]   0.00-30.00  sec  14.2 MBytes  3.97 Mbits/sec  4.662 ms  810/11082 (7.3%)  receiver

iperf Done.
