Connecting to host 10.0.0.22, port 10022
[102] local 10.0.0.10 port 58240 connected to 10.0.0.22 port 10022
[ ID] Interval           Transfer     Bitrate         Total Datagrams
[102]   0.00-1.00   sec  1.29 MBytes  10.8 Mbits/sec  931  
[102]   1.00-2.00   sec  1.28 MBytes  10.8 Mbits/sec  930  
[102]   2.00-3.00   sec  1.28 MBytes  10.8 Mbits/sec  929  
[102]   3.00-4.00   sec  1.28 MBytes  10.8 Mbits/sec  930  
[102]   4.00-5.00   sec  1.28 MBytes  10.8 Mbits/sec  930  
[102]   5.00-6.00   sec  1.29 MBytes  10.8 Mbits/sec  931  
[102]   6.00-7.00   sec  1.28 MBytes  10.8 Mbits/sec  930  
[102]   7.00-8.00   sec  1.28 MBytes  10.8 Mbits/sec  930  
[102]   8.00-9.00   sec  1.28 MBytes  10.8 Mbits/sec  929  
[102]   9.00-10.00  sec  1.28 MBytes  10.8 Mbits/sec  930  
[102]  10.00-11.00  sec  1.28 MBytes  10.8 Mbits/sec  930  
[102]  11.00-12.00  sec  1.28 MBytes  10.8 Mbits/sec  930  
[102]  12.00-13.00  sec  1.28 MBytes  10.8 Mbits/sec  929  
[102]  13.00-14.00  sec  1.29 MBytes  10.8 Mbits/sec  931  
[102]  14.00-15.00  sec  1.28 MBytes  10.8 Mbits/sec  930  
[102]  15.00-16.00  sec  1.28 MBytes  10.8 Mbits/sec  930  
[102]  16.00-17.00  sec  1.28 MBytes  10.8 Mbits/sec  929  
[102]  17.00-18.00  sec  1.28 MBytes  10.8 Mbits/sec  930  
[102]  18.00-19.00  sec  1.28 MBytes  10.8 Mbits/sec  929  
[102]  19.00-20.00  sec  1.29 MBytes  10.8 Mbits/sec  931  
[102]  20.00-21.00  sec  1.28 MBytes  10.8 Mbits/sec  929  
[102]  21.00-22.00  sec  1.28 MBytes  10.8 Mbits/sec  930  
[102]  22.00-23.00  sec  1.28 MBytes  10.8 Mbits/sec  930  
[102]  23.00-24.00  sec  1.12 MBytes  9.40 Mbits/sec  813  
[102]  24.00-25.00  sec  1.26 MBytes  10.6 Mbits/sec  910  
[102]  25.00-26.00  sec  1.48 MBytes  12.4 Mbits/sec  1068  
[102]  26.00-27.00  sec  1.28 MBytes  10.8 Mbits/sec  930  
[102]  27.00-28.00  sec  1.14 MBytes  9.52 Mbits/sec  823  
[102]  28.00-29.00  sec  1.43 MBytes  12.0 Mbits/sec  1036  
[102]  29.00-30.00  sec   563 KBytes  4.61 Mbits/sec  399  
- - - - - - - - - - - - - - - - - - - - - - - - -
[ ID] Interval           Transfer     Bitrate         Jitter    Lost/Total Datagrams
[102]   0.00-30.00  sec  37.8 MBytes  10.6 Mbits/sec  0.000 ms  0/27367 (0%)  sender
[102]   0.00-30.00  sec  32.8 MBytes  9.18 Mbits/sec  1.479 ms  3476/27251 (13%)  receiver

iperf Done.
