Connecting to host 10.0.0.21, port 10021
[102] local 10.0.0.10 port 43561 connected to 10.0.0.21 port 10021
[ ID] Interval           Transfer     Bitrate         Total Datagrams
[102]   0.00-1.00   sec  1.31 MBytes  11.0 Mbits/sec  952  
[102]   1.00-2.00   sec  1.31 MBytes  11.0 Mbits/sec  952  
[102]   2.00-3.00   sec  1.31 MBytes  11.0 Mbits/sec  951  
[102]   3.00-4.00   sec  1.31 MBytes  11.0 Mbits/sec  952  
[102]   4.00-5.00   sec  1.31 MBytes  11.0 Mbits/sec  952  
[102]   5.00-6.00   sec  1.31 MBytes  11.0 Mbits/sec  951  
[102]   6.00-7.00   sec  1.31 MBytes  11.0 Mbits/sec  952  
[102]   7.00-8.00   sec  1.31 MBytes  11.0 Mbits/sec  951  
[102]   8.00-9.00   sec  1.31 MBytes  11.0 Mbits/sec  952  
[102]   9.00-10.00  sec  1.31 MBytes  11.0 Mbits/sec  951  
[102]  10.00-11.00  sec  1.31 MBytes  11.0 Mbits/sec  952  
[102]  11.00-12.00  sec  1.31 MBytes  11.0 Mbits/sec  951  
[102]  12.00-13.00  sec  1.31 MBytes  11.0 Mbits/sec  952  
[102]  13.00-14.00  sec  1.31 MBytes  11.0 Mbits/sec  951  
[102]  14.00-15.00  sec  1.31 MBytes  11.0 Mbits/sec  951  
[102]  15.00-16.00  sec  1.31 MBytes  11.0 Mbits/sec  952  
[102]  16.00-17.00  sec  1.31 MBytes  11.0 Mbits/sec  951  
[102]  17.00-18.00  sec  1.31 MBytes  11.0 Mbits/sec  952  
[102]  18.00-19.00  sec  1.31 MBytes  11.0 Mbits/sec  951  
[102]  19.00-20.00  sec  1.31 MBytes  11.0 Mbits/sec  952  
[102]  20.00-21.00  sec  1.31 MBytes  11.0 Mbits/sec  952  
[102]  21.00-22.00  sec  1.31 MBytes  11.0 Mbits/sec  951  
[102]  22.00-23.00  sec  1.31 MBytes  11.0 Mbits/sec  951  
[102]  23.00-24.00  sec  1.31 MBytes  11.0 Mbits/sec  952  
[102]  24.00-25.00  sec  1.31 MBytes  11.0 Mbits/sec  951  
[102]  25.00-26.00  sec  1.31 MBytes  11.0 Mbits/sec  952  
[102]  26.00-27.00  sec  1.31 MBytes  11.0 Mbits/sec  951  
[102]  27.00-28.00  sec  1.31 MBytes  11.0 Mbits/sec  951  
[102]  28.00-29.00  sec  1.31 MBytes  11.0 Mbits/sec  952  
[102]  29.00-30.00  sec  1.31 MBytes  11.0 Mbits/sec  952  
- - - - - - - - - - - - - - - - - - - - - - - - -
[ ID] Interval           Transfer     Bitrate         Jitter    Lost/Total Datagrams
[102]   0.00-30.00  sec  39.4 MBytes  11.0 Mbits/sec  0.000 ms  0/28546 (0%)  sender
[102]   0.00-30.04  sec  29.8 MBytes  8.31 Mbits/sec  0.538 ms  6921/28478 (24%)  receiver

iperf Done.
