Connecting to host 10.0.0.2, port 10002
[102] local 10.0.0.10 port 36461 connected to 10.0.0.2 port 10002
[ ID] Interval           Transfer     Bitrate         Total Datagrams
[102]   0.00-1.00   sec  2.56 MBytes  21.5 Mbits/sec  1856  
[102]   1.00-2.00   sec  2.56 MBytes  21.5 Mbits/sec  1854  
[102]   2.00-3.00   sec  2.56 MBytes  21.5 Mbits/sec  1854  
[102]   3.00-4.00   sec  2.56 MBytes  21.5 Mbits/sec  1854  
[102]   4.00-5.00   sec  2.56 MBytes  21.5 Mbits/sec  1853  
[102]   5.00-6.00   sec  2.56 MBytes  21.5 Mbits/sec  1854  
[102]   6.00-7.00   sec  2.56 MBytes  21.5 Mbits/sec  1854  
[102]   7.00-8.00   sec  2.56 MBytes  21.5 Mbits/sec  1854  
[102]   8.00-9.00   sec  2.56 MBytes  21.5 Mbits/sec  1853  
[102]   9.00-10.00  sec  2.56 MBytes  21.5 Mbits/sec  1853  
[102]  10.00-11.00  sec  2.56 MBytes  21.5 Mbits/sec  1856  
[102]  11.00-12.00  sec  2.56 MBytes  21.5 Mbits/sec  1852  
[102]  12.00-13.00  sec  2.56 MBytes  21.5 Mbits/sec  1854  
[102]  13.00-14.00  sec  2.56 MBytes  21.5 Mbits/sec  1855  
[102]  14.00-15.00  sec  2.56 MBytes  21.5 Mbits/sec  1853  
[102]  15.00-16.00  sec  2.56 MBytes  21.5 Mbits/sec  1855  
[102]  16.00-17.00  sec  2.56 MBytes  21.5 Mbits/sec  1852  
[102]  17.00-18.00  sec  2.56 MBytes  21.5 Mbits/sec  1855  
[102]  18.00-19.00  sec  2.42 MBytes  20.3 Mbits/sec  1755  
[102]  19.00-20.00  sec  2.31 MBytes  19.4 Mbits/sec  1672  
[102]  20.00-21.00  sec  1.45 MBytes  12.2 Mbits/sec  1053  
[102]  21.00-22.00  sec  1.45 MBytes  12.2 Mbits/sec  1051  
[102]  22.00-23.00  sec  1.63 MBytes  13.7 Mbits/sec  1181  
[102]  23.00-24.00  sec  1.46 MBytes  12.2 Mbits/sec  1054  
[102]  24.00-25.00  sec  1.62 MBytes  13.6 Mbits/sec  1170  
[102]  25.00-26.00  sec  1.46 MBytes  12.2 Mbits/sec  1056  
[102]  26.00-27.00  sec  1.62 MBytes  13.6 Mbits/sec  1173  
[102]  27.00-28.00  sec  1.63 MBytes  13.7 Mbits/sec  1178  
[102]  28.00-29.00  sec  1.43 MBytes  12.0 Mbits/sec  1039  
[102]  29.00-30.00  sec  1.62 MBytes  13.6 Mbits/sec  1170  
- - - - - - - - - - - - - - - - - - - - - - - - -
[ ID] Interval           Transfer     Bitrate         Jitter    Lost/Total Datagrams
[102]   0.00-30.00  sec  66.2 MBytes  18.5 Mbits/sec  0.000 ms  0/47923 (0%)  sender
[102]   0.00-30.00  sec  56.7 MBytes  15.9 Mbits/sec  0.842 ms  6610/47686 (14%)  receiver

iperf Done.
