Connecting to host 10.0.0.17, port 11017
[102] local 10.0.0.11 port 59785 connected to 10.0.0.17 port 11017
[ ID] Interval           Transfer     Bitrate         Total Datagrams
[102]   0.00-1.00   sec   812 KBytes  6.64 Mbits/sec  575  
[102]   1.00-2.00   sec   489 KBytes  4.01 Mbits/sec  346  
[102]   2.00-3.00   sec   325 KBytes  2.66 Mbits/sec  230  
[102]   3.00-4.00   sec  57.3 MBytes   481 Mbits/sec  41498  
[102]   4.00-5.00   sec  16.8 MBytes   141 Mbits/sec  12174  
[102]   5.00-6.00   sec  17.8 MBytes   149 Mbits/sec  12880  
[102]   6.00-7.00   sec  15.6 MBytes   131 Mbits/sec  11282  
[102]   7.00-8.00   sec  11.1 MBytes  93.0 Mbits/sec  8027  
[102]   8.00-9.00   sec  17.1 MBytes   144 Mbits/sec  12405  
[102]   9.00-10.00  sec  17.2 MBytes   144 Mbits/sec  12448  
[102]  10.00-11.00  sec  16.9 MBytes   142 Mbits/sec  12248  
[102]  11.00-12.00  sec   503 KBytes  4.12 Mbits/sec  357  
[102]  12.00-13.00  sec  30.7 MBytes   257 Mbits/sec  22197  
[102]  13.00-14.00  sec  10.1 MBytes  84.7 Mbits/sec  7318  
[102]  14.00-15.00  sec  16.2 MBytes   136 Mbits/sec  11749  
[102]  15.00-16.00  sec  17.1 MBytes   143 Mbits/sec  12388  
[102]  16.00-17.00  sec  16.9 MBytes   142 Mbits/sec  12228  
[102]  17.00-18.00  sec  16.6 MBytes   139 Mbits/sec  11986  
[102]  18.00-19.00  sec  16.2 MBytes   136 Mbits/sec  11722  
[102]  19.00-20.00  sec  16.0 MBytes   134 Mbits/sec  11586  
[102]  20.00-21.00  sec  11.4 MBytes  95.4 Mbits/sec  8237  
[102]  21.00-22.00  sec  14.0 MBytes   118 Mbits/sec  10156  
[102]  22.00-23.00  sec  17.1 MBytes   144 Mbits/sec  12410  
[102]  23.00-24.00  sec  16.1 MBytes   135 Mbits/sec  11641  
[102]  24.00-25.00  sec   491 KBytes  4.02 Mbits/sec  347  
[102]  25.00-26.00  sec   653 KBytes  5.35 Mbits/sec  462  
[102]  26.00-27.00  sec   981 KBytes  8.04 Mbits/sec  694  
[102]  27.00-28.00  sec  1.12 MBytes  9.36 Mbits/sec  808  
[102]  28.00-29.00  sec  2.08 MBytes  17.4 Mbits/sec  1503  
[102]  29.00-30.00  sec  2.07 MBytes  17.3 Mbits/sec  1497  
- - - - - - - - - - - - - - - - - - - - - - - - -
[ ID] Interval           Transfer     Bitrate         Jitter    Lost/Total Datagrams
[102]   0.00-30.00  sec   378 MBytes   106 Mbits/sec  0.000 ms  0/273399 (0%)  sender
[102]   0.00-30.00  sec  20.8 MBytes  5.82 Mbits/sec  0.480 ms  258215/273283 (94%)  receiver

iperf Done.
