Connecting to host 10.0.0.12, port 11012
[102] local 10.0.0.11 port 54876 connected to 10.0.0.12 port 11012
[ ID] Interval           Transfer     Bitrate         Total Datagrams
[102]   0.00-1.00   sec   973 KBytes  7.96 Mbits/sec  689  
[102]   1.00-2.00   sec   650 KBytes  5.33 Mbits/sec  460  
[102]   2.00-3.00   sec   650 KBytes  5.33 Mbits/sec  460  
[102]   3.00-4.00   sec   489 KBytes  4.00 Mbits/sec  346  
[102]   4.00-5.00   sec   489 KBytes  4.01 Mbits/sec  346  
[102]   5.00-6.00   sec   282 MBytes  2.37 Gbits/sec  204491  
[102]   6.00-7.00   sec  51.7 MBytes   434 Mbits/sec  37440  
[102]   7.00-8.00   sec  53.2 MBytes   446 Mbits/sec  38533  
[102]   8.00-9.00   sec  54.2 MBytes   455 Mbits/sec  39241  
[102]   9.00-10.00  sec  49.4 MBytes   414 Mbits/sec  35740  
[102]  10.00-11.00  sec  31.8 MBytes   266 Mbits/sec  22998  
[102]  11.00-12.00  sec  53.8 MBytes   451 Mbits/sec  38974  
[102]  12.00-13.00  sec  50.9 MBytes   427 Mbits/sec  36848  
[102]  13.00-14.00  sec  25.9 MBytes   218 Mbits/sec  18786  
[102]  14.00-15.00  sec  84.7 MBytes   710 Mbits/sec  61301  
[102]  15.00-16.00  sec  28.6 MBytes   240 Mbits/sec  20687  
[102]  16.00-17.00  sec  53.5 MBytes   449 Mbits/sec  38753  
[102]  17.00-18.00  sec  52.0 MBytes   436 Mbits/sec  37681  
[102]  18.00-19.00  sec  52.9 MBytes   444 Mbits/sec  38326  
[102]  19.00-20.00  sec  53.6 MBytes   449 Mbits/sec  38794  
[102]  20.00-21.00  sec  52.0 MBytes   436 Mbits/sec  37665  
[102]  21.00-22.00  sec  53.2 MBytes   446 Mbits/sec  38500  
[102]  22.00-23.00  sec  49.4 MBytes   414 Mbits/sec  35762  
[102]  23.00-24.00  sec  29.4 MBytes   247 Mbits/sec  21312  
[102]  24.00-25.00  sec  52.6 MBytes   442 Mbits/sec  38122  
[102]  25.00-26.00  sec  52.7 MBytes   442 Mbits/sec  38142  
[102]  26.00-27.00  sec  26.5 MBytes   222 Mbits/sec  19168  
[102]  27.00-28.00  sec   655 KBytes  5.36 Mbits/sec  463  
[102]  28.00-29.00  sec   977 KBytes  8.01 Mbits/sec  691  
[102]  29.00-30.00  sec   983 KBytes  8.04 Mbits/sec  695  
- - - - - - - - - - - - - - - - - - - - - - - - -
[ ID] Interval           Transfer     Bitrate         Jitter    Lost/Total Datagrams
[102]   0.00-30.00  sec  1.27 GBytes   363 Mbits/sec  0.000 ms  0/941414 (0%)  sender
[102]   0.00-30.10  sec  18.5 MBytes  5.15 Mbits/sec  0.482 ms  927905/941297 (99%)  receiver

iperf Done.
