Connecting to host 10.0.0.2, port 11002
[102] local 10.0.0.11 port 50778 connected to 10.0.0.2 port 11002
[ ID] Interval           Transfer     Bitrate         Total Datagrams
[102]   0.00-1.00   sec  2.92 MBytes  24.5 Mbits/sec  2118  
[102]   1.00-2.00   sec  1.43 MBytes  12.0 Mbits/sec  1035  
[102]   2.00-3.00   sec  1.11 MBytes  9.32 Mbits/sec  805  
[102]   3.00-4.00   sec  1.11 MBytes  9.33 Mbits/sec  805  
[102]   4.00-5.00   sec   813 KBytes  6.66 Mbits/sec  575  
[102]   5.00-6.00   sec   650 KBytes  5.33 Mbits/sec  460  
[102]   6.00-7.00   sec   650 KBytes  5.33 Mbits/sec  460  
[102]   7.00-8.00   sec   491 KBytes  4.02 Mbits/sec  347  
[102]   8.00-9.00   sec   325 KBytes  2.67 Mbits/sec  230  
[102]   9.00-10.00  sec   181 MBytes  1.52 Gbits/sec  131327  
[102]  10.00-11.00  sec  20.6 MBytes   173 Mbits/sec  14916  
[102]  11.00-12.00  sec  21.2 MBytes   178 Mbits/sec  15344  
[102]  12.00-13.00  sec  21.6 MBytes   181 Mbits/sec  15617  
[102]  13.00-14.00  sec  21.4 MBytes   180 Mbits/sec  15506  
[102]  14.00-15.00  sec  11.0 MBytes  92.0 Mbits/sec  7945  
[102]  15.00-16.00  sec  21.6 MBytes   181 Mbits/sec  15623  
[102]  16.00-17.00  sec  22.0 MBytes   185 Mbits/sec  15964  
[102]  17.00-18.00  sec   325 KBytes  2.66 Mbits/sec  230  
[102]  18.00-19.00  sec  42.6 MBytes   358 Mbits/sec  30852  
[102]  19.00-20.00  sec  20.6 MBytes   172 Mbits/sec  14886  
[102]  20.00-21.00  sec  19.7 MBytes   165 Mbits/sec  14266  
[102]  21.00-22.00  sec  12.1 MBytes   101 Mbits/sec  8746  
[102]  22.00-23.00  sec  21.0 MBytes   176 Mbits/sec  15236  
[102]  23.00-24.00  sec  21.1 MBytes   177 Mbits/sec  15265  
[102]  24.00-25.00  sec  21.0 MBytes   176 Mbits/sec  15182  
[102]  25.00-26.00  sec  21.0 MBytes   176 Mbits/sec  15223  
[102]  26.00-27.00  sec  21.0 MBytes   176 Mbits/sec  15194  
[102]  27.00-28.00  sec  20.6 MBytes   173 Mbits/sec  14919  
[102]  28.00-29.00  sec  19.7 MBytes   165 Mbits/sec  14252  
[102]  29.00-30.00  sec  12.3 MBytes   103 Mbits/sec  8911  
- - - - - - - - - - - - - - - - - - - - - - - - -
[ ID] Interval           Transfer     Bitrate         Jitter    Lost/Total Datagrams
[102]   0.00-30.00  sec   583 MBytes   163 Mbits/sec  0.000 ms  0/422239 (0%)  sender
[102]   0.00-30.00  sec  21.1 MBytes  5.91 Mbits/sec  13.223 ms  405499/420797 (96%)  receiver

iperf Done.
