Connecting to host 10.0.0.3, port 11003
[102] local 10.0.0.11 port 43825 connected to 10.0.0.3 port 11003
[ ID] Interval           Transfer     Bitrate         Total Datagrams
[102]   0.00-1.00   sec   338 KBytes  2.77 Mbits/sec  239  
[102]   1.00-2.00   sec   337 KBytes  2.76 Mbits/sec  238  
[102]   2.00-3.00   sec   337 KBytes  2.76 Mbits/sec  238  
[102]   3.00-4.00   sec   337 KBytes  2.76 Mbits/sec  238  
[102]   4.00-5.00   sec   337 KBytes  2.76 Mbits/sec  238  
[102]   5.00-6.00   sec   337 KBytes  2.76 Mbits/sec  238  
[102]   6.00-7.00   sec   337 KBytes  2.76 Mbits/sec  238  
[102]   7.00-8.00   sec   337 KBytes  2.76 Mbits/sec  238  
[102]   8.00-9.00   sec   337 KBytes  2.75 Mbits/sec  238  
[102]   9.00-10.00  sec   337 KBytes  2.76 Mbits/sec  238  
[102]  10.00-11.00  sec   337 KBytes  2.76 Mbits/sec  238  
[102]  11.00-12.00  sec   337 KBytes  2.76 Mbits/sec  238  
[102]  12.00-13.00  sec   337 KBytes  2.76 Mbits/sec  238  
[102]  13.00-14.00  sec   337 KBytes  2.76 Mbits/sec  238  
[102]  14.00-15.00  sec   337 KBytes  2.76 Mbits/sec  238  
[102]  15.00-16.00  sec   337 KBytes  2.76 Mbits/sec  238  
[102]  16.00-17.00  sec   337 KBytes  2.75 Mbits/sec  238  
[102]  17.00-18.00  sec   337 KBytes  2.76 Mbits/sec  238  
[102]  18.00-19.00  sec   337 KBytes  2.76 Mbits/sec  238  
[102]  19.00-20.00  sec   337 KBytes  2.76 Mbits/sec  238  
[102]  20.00-21.00  sec   337 KBytes  2.76 Mbits/sec  238  
[102]  21.00-22.00  sec   337 KBytes  2.76 Mbits/sec  238  
[102]  22.00-23.00  sec   337 KBytes  2.76 Mbits/sec  238  
[102]  23.00-24.00  sec   337 KBytes  2.76 Mbits/sec  238  
[102]  24.00-25.00  sec   337 KBytes  2.76 Mbits/sec  238  
[102]  25.00-26.00  sec   337 KBytes  2.75 Mbits/sec  238  
[102]  26.00-27.00  sec   337 KBytes  2.76 Mbits/sec  238  
[102]  27.00-28.00  sec   337 KBytes  2.76 Mbits/sec  238  
[102]  28.00-29.00  sec   337 KBytes  2.76 Mbits/sec  238  
[102]  29.00-30.00  sec   337 KBytes  2.76 Mbits/sec  238  
- - - - - - - - - - - - - - - - - - - - - - - - -
[ ID] Interval           Transfer     Bitrate         Jitter    Lost/Total Datagrams
[102]   0.00-30.00  sec  9.86 MBytes  2.76 Mbits/sec  0.000 ms  0/7141 (0%)  sender
[102]   0.00-30.00  sec  5.69 MBytes  1.59 Mbits/sec  1.913 ms  2916/7038 (41%)  receiver

iperf Done.
