Connecting to host 10.0.0.4, port 11004
[102] local 10.0.0.11 port 42663 connected to 10.0.0.4 port 11004
[ ID] Interval           Transfer     Bitrate         Total Datagrams
[102]   0.00-1.00   sec  1.44 MBytes  12.1 Mbits/sec  1044  
[102]   1.00-2.00   sec  1.11 MBytes  9.33 Mbits/sec  805  
[102]   2.00-3.00   sec  1.11 MBytes  9.32 Mbits/sec  805  
[102]   3.00-4.00   sec   813 KBytes  6.67 Mbits/sec  575  
[102]   4.00-5.00   sec   650 KBytes  5.33 Mbits/sec  460  
[102]   5.00-6.00   sec   489 KBytes  4.01 Mbits/sec  346  
[102]   6.00-7.00   sec   653 KBytes  5.36 Mbits/sec  462  
[102]   7.00-8.00   sec   327 KBytes  2.67 Mbits/sec  231  
[102]   8.00-9.00   sec  10.9 MBytes  91.5 Mbits/sec  7896  
[102]   9.00-10.00  sec  1.94 MBytes  16.3 Mbits/sec  1403  
[102]  10.00-11.00  sec  1.79 MBytes  15.0 Mbits/sec  1297  
[102]  11.00-12.00  sec  2.08 MBytes  17.5 Mbits/sec  1506  
[102]  12.00-13.00  sec  1.94 MBytes  16.3 Mbits/sec  1404  
[102]  13.00-14.00  sec  1.30 MBytes  10.9 Mbits/sec  945  
[102]  14.00-15.00  sec  2.13 MBytes  17.8 Mbits/sec  1540  
[102]  15.00-16.00  sec  2.28 MBytes  19.1 Mbits/sec  1653  
[102]  16.00-17.00  sec   979 KBytes  8.02 Mbits/sec  692  
[102]  17.00-18.00  sec  3.01 MBytes  25.3 Mbits/sec  2182  
[102]  18.00-19.00  sec  1.94 MBytes  16.2 Mbits/sec  1402  
[102]  19.00-20.00  sec  1.29 MBytes  10.8 Mbits/sec  932  
[102]  20.00-21.00  sec  2.08 MBytes  17.4 Mbits/sec  1503  
[102]  21.00-22.00  sec  2.08 MBytes  17.4 Mbits/sec  1503  
[102]  22.00-23.00  sec  2.07 MBytes  17.3 Mbits/sec  1497  
[102]  23.00-24.00  sec  2.06 MBytes  17.3 Mbits/sec  1494  
[102]  24.00-25.00  sec  2.05 MBytes  17.2 Mbits/sec  1486  
[102]  25.00-26.00  sec  1.94 MBytes  16.2 Mbits/sec  1402  
[102]  26.00-27.00  sec  1.94 MBytes  16.2 Mbits/sec  1403  
[102]  27.00-28.00  sec  1.31 MBytes  11.0 Mbits/sec  952  
[102]  28.00-29.00  sec  2.06 MBytes  17.3 Mbits/sec  1490  
[102]  29.00-30.00  sec   494 KBytes  4.04 Mbits/sec  349  
- - - - - - - - - - - - - - - - - - - - - - - - -
[ ID] Interval           Transfer     Bitrate         Jitter    Lost/Total Datagrams
[102]   0.00-30.00  sec  56.1 MBytes  15.7 Mbits/sec  0.000 ms  0/40659 (0%)  sender
[102]   0.00-30.00  sec  19.5 MBytes  5.45 Mbits/sec  0.496 ms  26429/40542 (65%)  receiver

iperf Done.
