Connecting to host 10.0.0.14, port 12014
[102] local 10.0.0.12 port 47770 connected to 10.0.0.14 port 12014
[ ID] Interval           Transfer     Bitrate         Total Datagrams
[102]   0.00-1.00   sec  49.5 KBytes   405 Kbits/sec  35  
[102]   1.00-2.00   sec  48.1 KBytes   394 Kbits/sec  34  
[102]   2.00-3.00   sec  49.5 KBytes   405 Kbits/sec  35  
[102]   3.00-4.00   sec  48.1 KBytes   394 Kbits/sec  34  
[102]   4.00-5.00   sec  48.1 KBytes   394 Kbits/sec  34  
[102]   5.00-6.00   sec  49.5 KBytes   405 Kbits/sec  35  
[102]   6.00-7.00   sec  48.1 KBytes   394 Kbits/sec  34  
[102]   7.00-8.00   sec  48.1 KBytes   394 Kbits/sec  34  
[102]   8.00-9.00   sec  49.5 KBytes   405 Kbits/sec  35  
[102]   9.00-10.00  sec  48.1 KBytes   394 Kbits/sec  34  
[102]  10.00-11.00  sec  48.1 KBytes   394 Kbits/sec  34  
[102]  11.00-12.00  sec  48.1 KBytes   394 Kbits/sec  34  
[102]  12.00-13.00  sec  49.5 KBytes   405 Kbits/sec  35  
[102]  13.00-14.00  sec  48.1 KBytes   394 Kbits/sec  34  
[102]  14.00-15.00  sec  48.1 KBytes   394 Kbits/sec  34  
[102]  15.00-16.00  sec  49.5 KBytes   405 Kbits/sec  35  
[102]  16.00-17.00  sec  48.1 KBytes   394 Kbits/sec  34  
[102]  17.00-18.00  sec  48.1 KBytes   394 Kbits/sec  34  
[102]  18.00-19.00  sec  49.5 KBytes   405 Kbits/sec  35  
[102]  19.00-20.00  sec  48.1 KBytes   394 Kbits/sec  34  
[102]  20.00-21.00  sec  48.1 KBytes   394 Kbits/sec  34  
[102]  21.00-22.00  sec  49.5 KBytes   405 Kbits/sec  35  
[102]  22.00-23.00  sec  48.1 KBytes   394 Kbits/sec  34  
[102]  23.00-24.00  sec  48.1 KBytes   394 Kbits/sec  34  
[102]  24.00-25.00  sec  49.5 KBytes   405 Kbits/sec  35  
[102]  25.00-26.00  sec  48.1 KBytes   394 Kbits/sec  34  
[102]  26.00-27.00  sec  48.1 KBytes   394 Kbits/sec  34  
[102]  27.00-28.00  sec  49.5 KBytes   406 Kbits/sec  35  
[102]  28.00-29.00  sec  48.1 KBytes   393 Kbits/sec  34  
[102]  29.00-30.00  sec  48.1 KBytes   394 Kbits/sec  34  
- - - - - - - - - - - - - - - - - - - - - - - - -
[ ID] Interval           Transfer     Bitrate         Jitter    Lost/Total Datagrams
[102]   0.00-30.00  sec  1.42 MBytes   398 Kbits/sec  0.000 ms  0/1030 (0%)  sender
[102]   0.00-31.82  sec   872 KBytes   225 Kbits/sec  40.984 ms  408/1025 (40%)  receiver

iperf Done.
