Connecting to host 10.0.0.19, port 12019
[102] local 10.0.0.12 port 54174 connected to 10.0.0.19 port 12019
[ ID] Interval           Transfer     Bitrate         Total Datagrams
[102]   0.00-1.00   sec   202 KBytes  1.66 Mbits/sec  143  
[102]   1.00-2.00   sec   202 KBytes  1.66 Mbits/sec  143  
[102]   2.00-3.00   sec   201 KBytes  1.65 Mbits/sec  142  
[102]   3.00-4.00   sec   202 KBytes  1.66 Mbits/sec  143  
[102]   4.00-5.00   sec   202 KBytes  1.66 Mbits/sec  143  
[102]   5.00-6.00   sec   201 KBytes  1.64 Mbits/sec  142  
[102]   6.00-7.00   sec   202 KBytes  1.66 Mbits/sec  143  
[102]   7.00-8.00   sec   202 KBytes  1.66 Mbits/sec  143  
[102]   8.00-9.00   sec   201 KBytes  1.64 Mbits/sec  142  
[102]   9.00-10.00  sec   202 KBytes  1.66 Mbits/sec  143  
[102]  10.00-11.00  sec   201 KBytes  1.65 Mbits/sec  142  
[102]  11.00-12.00  sec   202 KBytes  1.66 Mbits/sec  143  
[102]  12.00-13.00  sec   202 KBytes  1.66 Mbits/sec  143  
[102]  13.00-14.00  sec   201 KBytes  1.64 Mbits/sec  142  
[102]  14.00-15.00  sec   202 KBytes  1.66 Mbits/sec  143  
[102]  15.00-16.00  sec   201 KBytes  1.64 Mbits/sec  142  
[102]  16.00-17.00  sec   202 KBytes  1.66 Mbits/sec  143  
[102]  17.00-18.00  sec   202 KBytes  1.66 Mbits/sec  143  
[102]  18.00-19.00  sec   201 KBytes  1.64 Mbits/sec  142  
[102]  19.00-20.00  sec   202 KBytes  1.66 Mbits/sec  143  
[102]  20.00-21.00  sec   201 KBytes  1.65 Mbits/sec  142  
[102]  21.00-22.00  sec   202 KBytes  1.66 Mbits/sec  143  
[102]  22.00-23.00  sec   202 KBytes  1.66 Mbits/sec  143  
[102]  23.00-24.00  sec   201 KBytes  1.64 Mbits/sec  142  
[102]  24.00-25.00  sec   202 KBytes  1.66 Mbits/sec  143  
[102]  25.00-26.00  sec   201 KBytes  1.64 Mbits/sec  142  
[102]  26.00-27.00  sec   202 KBytes  1.66 Mbits/sec  143  
[102]  27.00-28.00  sec   202 KBytes  1.66 Mbits/sec  143  
[102]  28.00-29.00  sec   201 KBytes  1.64 Mbits/sec  142  
[102]  29.00-30.00  sec   202 KBytes  1.66 Mbits/sec  143  
- - - - - - - - - - - - - - - - - - - - - - - - -
[ ID] Interval           Transfer     Bitrate         Jitter    Lost/Total Datagrams
[102]   0.00-30.00  sec  5.91 MBytes  1.65 Mbits/sec  0.000 ms  0/4279 (0%)  sender
[102]   0.00-30.00  sec  3.64 MBytes  1.02 Mbits/sec  8.396 ms  1631/4264 (38%)  receiver

iperf Done.
