Connecting to host 10.0.0.17, port 12017
[102] local 10.0.0.12 port 36569 connected to 10.0.0.17 port 12017
[ ID] Interval           Transfer     Bitrate         Total Datagrams
[102]   0.00-1.00   sec  2.25 MBytes  18.9 Mbits/sec  1632  
[102]   1.00-2.00   sec  1.96 MBytes  16.4 Mbits/sec  1416  
[102]   2.00-3.00   sec  15.4 MBytes   129 Mbits/sec  11131  
[102]   3.00-4.00   sec  6.53 MBytes  54.8 Mbits/sec  4726  
[102]   4.00-5.00   sec  6.53 MBytes  54.7 Mbits/sec  4727  
[102]   5.00-6.00   sec  6.53 MBytes  54.7 Mbits/sec  4729  
[102]   6.00-7.00   sec  6.19 MBytes  52.0 Mbits/sec  4483  
[102]   7.00-8.00   sec  6.86 MBytes  57.5 Mbits/sec  4969  
[102]   8.00-9.00   sec  6.52 MBytes  54.7 Mbits/sec  4722  
[102]   9.00-10.00  sec  6.53 MBytes  54.7 Mbits/sec  4726  
[102]  10.00-11.00  sec  6.53 MBytes  54.7 Mbits/sec  4729  
[102]  11.00-12.00  sec  6.53 MBytes  54.7 Mbits/sec  4728  
[102]  12.00-13.00  sec  6.52 MBytes  54.7 Mbits/sec  4724  
[102]  13.00-14.00  sec  6.53 MBytes  54.7 Mbits/sec  4727  
[102]  14.00-15.00  sec  6.52 MBytes  54.8 Mbits/sec  4724  
[102]  15.00-16.00  sec  6.53 MBytes  54.7 Mbits/sec  4728  
[102]  16.00-17.00  sec  6.52 MBytes  54.7 Mbits/sec  4725  
[102]  17.00-18.00  sec  6.53 MBytes  54.8 Mbits/sec  4728  
[102]  18.00-19.00  sec  3.00 MBytes  25.2 Mbits/sec  2173  
[102]  19.00-20.00  sec   662 KBytes  5.42 Mbits/sec  468  
[102]  20.00-21.00  sec   669 KBytes  5.48 Mbits/sec  473  
[102]  21.00-22.00  sec   335 KBytes  2.75 Mbits/sec  237  
[102]  22.00-23.00  sec   643 KBytes  5.27 Mbits/sec  456  
[102]  23.00-24.00  sec   652 KBytes  5.35 Mbits/sec  461  
[102]  24.00-25.00  sec   325 KBytes  2.66 Mbits/sec  230  
[102]  25.00-26.00  sec   814 KBytes  6.67 Mbits/sec  576  
[102]  26.00-27.00  sec   650 KBytes  5.33 Mbits/sec  460  
[102]  27.00-28.00  sec   980 KBytes  8.03 Mbits/sec  693  
[102]  28.00-29.00  sec  1.11 MBytes  9.33 Mbits/sec  806  
[102]  29.00-30.00  sec  1.27 MBytes  10.7 Mbits/sec  921  
- - - - - - - - - - - - - - - - - - - - - - - - -
[ ID] Interval           Transfer     Bitrate         Jitter    Lost/Total Datagrams
[102]   0.00-30.00  sec   128 MBytes  35.9 Mbits/sec  0.000 ms  0/93028 (0%)  sender
[102]   0.00-30.00  sec  42.0 MBytes  11.7 Mbits/sec  0.492 ms  62485/92912 (67%)  receiver

iperf Done.
