Connecting to host 10.0.0.13, port 12013
[102] local 10.0.0.12 port 43495 connected to 10.0.0.13 port 12013
[ ID] Interval           Transfer     Bitrate         Total Datagrams
[102]   0.00-1.00   sec  1.20 MBytes  10.0 Mbits/sec  866  
[102]   1.00-2.00   sec  1.20 MBytes  10.0 Mbits/sec  867  
[102]   2.00-3.00   sec  1.19 MBytes  10.0 Mbits/sec  865  
[102]   3.00-4.00   sec  1.20 MBytes  10.0 Mbits/sec  866  
[102]   4.00-5.00   sec  1.20 MBytes  10.0 Mbits/sec  866  
[102]   5.00-6.00   sec  1.19 MBytes  10.0 Mbits/sec  865  
[102]   6.00-7.00   sec  1.20 MBytes  10.0 Mbits/sec  866  
[102]   7.00-8.00   sec  1.20 MBytes  10.0 Mbits/sec  866  
[102]   8.00-9.00   sec  1.20 MBytes  10.0 Mbits/sec  866  
[102]   9.00-10.00  sec  1.19 MBytes  10.0 Mbits/sec  865  
[102]  10.00-11.00  sec  1.20 MBytes  10.0 Mbits/sec  866  
[102]  11.00-12.00  sec  1.20 MBytes  10.0 Mbits/sec  866  
[102]  12.00-13.00  sec  1.19 MBytes  10.0 Mbits/sec  865  
[102]  13.00-14.00  sec  1.20 MBytes  10.0 Mbits/sec  866  
[102]  14.00-15.00  sec  1.20 MBytes  10.0 Mbits/sec  866  
[102]  15.00-16.00  sec  1.20 MBytes  10.0 Mbits/sec  866  
[102]  16.00-17.00  sec  1.19 MBytes  10.0 Mbits/sec  865  
[102]  17.00-18.00  sec  1.20 MBytes  10.0 Mbits/sec  866  
[102]  18.00-19.00  sec  1.19 MBytes  10.0 Mbits/sec  866  
[102]  19.00-20.00  sec  1.20 MBytes  10.0 Mbits/sec  866  
[102]  20.00-21.00  sec   894 KBytes  7.32 Mbits/sec  633  
[102]  21.00-22.00  sec   576 KBytes  4.71 Mbits/sec  407  
[102]  22.00-23.00  sec   574 KBytes  4.70 Mbits/sec  407  
[102]  23.00-24.00  sec   488 KBytes  4.00 Mbits/sec  345  
[102]  24.00-25.00  sec   489 KBytes  4.01 Mbits/sec  346  
[102]  25.00-26.00  sec   491 KBytes  4.02 Mbits/sec  347  
[102]  26.00-27.00  sec   488 KBytes  4.00 Mbits/sec  345  
[102]  27.00-28.00  sec   652 KBytes  5.34 Mbits/sec  461  
[102]  28.00-29.00  sec   979 KBytes  8.02 Mbits/sec  692  
[102]  29.00-30.00  sec   816 KBytes  6.68 Mbits/sec  577  
- - - - - - - - - - - - - - - - - - - - - - - - -
[ ID] Interval           Transfer     Bitrate         Jitter    Lost/Total Datagrams
[102]   0.00-30.00  sec  30.2 MBytes  8.45 Mbits/sec  0.000 ms  0/21876 (0%)  sender
[102]   0.00-30.00  sec  16.7 MBytes  4.67 Mbits/sec  0.484 ms  9674/21760 (44%)  receiver

iperf Done.
