Connecting to host 10.0.0.16, port 12016
[102] local 10.0.0.12 port 42377 connected to 10.0.0.16 port 12016
[ ID] Interval           Transfer     Bitrate         Total Datagrams
[102]   0.00-1.00   sec   956 KBytes  7.82 Mbits/sec  676  
[102]   1.00-2.00   sec   954 KBytes  7.82 Mbits/sec  675  
[102]   2.00-3.00   sec   954 KBytes  7.82 Mbits/sec  675  
[102]   3.00-4.00   sec   954 KBytes  7.82 Mbits/sec  675  
[102]   4.00-5.00   sec   954 KBytes  7.82 Mbits/sec  675  
[102]   5.00-6.00   sec   954 KBytes  7.82 Mbits/sec  675  
[102]   6.00-7.00   sec   954 KBytes  7.82 Mbits/sec  675  
[102]   7.00-8.00   sec   953 KBytes  7.81 Mbits/sec  674  
[102]   8.00-9.00   sec   956 KBytes  7.83 Mbits/sec  676  
[102]   9.00-10.00  sec   953 KBytes  7.81 Mbits/sec  674  
[102]  10.00-11.00  sec   954 KBytes  7.82 Mbits/sec  675  
[102]  11.00-12.00  sec   954 KBytes  7.82 Mbits/sec  675  
[102]  12.00-13.00  sec   954 KBytes  7.82 Mbits/sec  675  
[102]  13.00-14.00  sec   954 KBytes  7.82 Mbits/sec  675  
[102]  14.00-15.00  sec   954 KBytes  7.82 Mbits/sec  675  
[102]  15.00-16.00  sec   954 KBytes  7.82 Mbits/sec  675  
[102]  16.00-17.00  sec   954 KBytes  7.82 Mbits/sec  675  
[102]  17.00-18.00  sec   954 KBytes  7.82 Mbits/sec  675  
[102]  18.00-19.00  sec   954 KBytes  7.82 Mbits/sec  675  
[102]  19.00-20.00  sec   954 KBytes  7.82 Mbits/sec  675  
[102]  20.00-21.00  sec   954 KBytes  7.82 Mbits/sec  675  
[102]  21.00-22.00  sec   954 KBytes  7.82 Mbits/sec  675  
[102]  22.00-23.00  sec   954 KBytes  7.82 Mbits/sec  675  
[102]  23.00-24.00  sec   954 KBytes  7.82 Mbits/sec  675  
[102]  24.00-25.00  sec   953 KBytes  7.81 Mbits/sec  674  
[102]  25.00-26.00  sec   954 KBytes  7.82 Mbits/sec  675  
[102]  26.00-27.00  sec   954 KBytes  7.82 Mbits/sec  675  
[102]  27.00-28.00  sec   954 KBytes  7.82 Mbits/sec  675  
[102]  28.00-29.00  sec   954 KBytes  7.82 Mbits/sec  675  
[102]  29.00-30.00  sec   954 KBytes  7.82 Mbits/sec  675  
- - - - - - - - - - - - - - - - - - - - - - - - -
[ ID] Interval           Transfer     Bitrate         Jitter    Lost/Total Datagrams
[102]   0.00-30.00  sec  28.0 MBytes  7.82 Mbits/sec  0.000 ms  0/20249 (0%)  sender
[102]   0.00-30.00  sec  17.9 MBytes  5.00 Mbits/sec  0.197 ms  7283/20244 (36%)  receiver

iperf Done.
