Connecting to host 10.0.0.23, port 12023
[102] local 10.0.0.12 port 57544 connected to 10.0.0.23 port 12023
[ ID] Interval           Transfer     Bitrate         Total Datagrams
[102]   0.00-1.00   sec   536 KBytes  4.39 Mbits/sec  379  
[102]   1.00-2.00   sec   536 KBytes  4.39 Mbits/sec  379  
[102]   2.00-3.00   sec   535 KBytes  4.38 Mbits/sec  378  
[102]   3.00-4.00   sec   535 KBytes  4.38 Mbits/sec  378  
[102]   4.00-5.00   sec   536 KBytes  4.39 Mbits/sec  379  
[102]   5.00-6.00   sec   535 KBytes  4.38 Mbits/sec  378  
[102]   6.00-7.00   sec   536 KBytes  4.39 Mbits/sec  379  
[102]   7.00-8.00   sec   535 KBytes  4.38 Mbits/sec  378  
[102]   8.00-9.00   sec   535 KBytes  4.38 Mbits/sec  378  
[102]   9.00-10.00  sec   536 KBytes  4.39 Mbits/sec  379  
[102]  10.00-11.00  sec   535 KBytes  4.38 Mbits/sec  378  
[102]  11.00-12.00  sec   536 KBytes  4.39 Mbits/sec  379  
[102]  12.00-13.00  sec   535 KBytes  4.38 Mbits/sec  378  
[102]  13.00-14.00  sec   536 KBytes  4.39 Mbits/sec  379  
[102]  14.00-15.00  sec   535 KBytes  4.38 Mbits/sec  378  
[102]  15.00-16.00  sec   535 KBytes  4.38 Mbits/sec  378  
[102]  16.00-17.00  sec   536 KBytes  4.39 Mbits/sec  379  
[102]  17.00-18.00  sec   535 KBytes  4.38 Mbits/sec  378  
[102]  18.00-19.00  sec   536 KBytes  4.39 Mbits/sec  379  
[102]  19.00-20.00  sec   535 KBytes  4.38 Mbits/sec  378  
[102]  20.00-21.00  sec   536 KBytes  4.39 Mbits/sec  379  
[102]  21.00-22.00  sec   535 KBytes  4.38 Mbits/sec  378  
[102]  22.00-23.00  sec   535 KBytes  4.38 Mbits/sec  378  
[102]  23.00-24.00  sec   536 KBytes  4.39 Mbits/sec  379  
[102]  24.00-25.00  sec   535 KBytes  4.38 Mbits/sec  378  
[102]  25.00-26.00  sec   535 KBytes  4.38 Mbits/sec  378  
[102]  26.00-27.00  sec   536 KBytes  4.39 Mbits/sec  379  
[102]  27.00-28.00  sec   535 KBytes  4.38 Mbits/sec  378  
[102]  28.00-29.00  sec   536 KBytes  4.39 Mbits/sec  379  
[102]  29.00-30.00  sec   535 KBytes  4.38 Mbits/sec  378  
- - - - - - - - - - - - - - - - - - - - - - - - -
[ ID] Interval           Transfer     Bitrate         Jitter    Lost/Total Datagrams
[102]   0.00-30.00  sec  15.7 MBytes  4.38 Mbits/sec  0.000 ms  0/11353 (0%)  sender
[102]   0.00-30.00  sec  10.7 MBytes  3.00 Mbits/sec  0.005 ms  3596/11353 (32%)  receiver

iperf Done.
