Connecting to host 10.0.0.20, port 12020
[102] local 10.0.0.12 port 45415 connected to 10.0.0.20 port 12020
[ ID] Interval           Transfer     Bitrate         Total Datagrams
[102]   0.00-1.00   sec   912 KBytes  7.47 Mbits/sec  645  
[102]   1.00-2.00   sec   912 KBytes  7.47 Mbits/sec  645  
[102]   2.00-3.00   sec   912 KBytes  7.47 Mbits/sec  645  
[102]   3.00-4.00   sec   911 KBytes  7.46 Mbits/sec  644  
[102]   4.00-5.00   sec   912 KBytes  7.47 Mbits/sec  645  
[102]   5.00-6.00   sec   911 KBytes  7.46 Mbits/sec  644  
[102]   6.00-7.00   sec   911 KBytes  7.47 Mbits/sec  644  
[102]   7.00-8.00   sec   912 KBytes  7.47 Mbits/sec  645  
[102]   8.00-9.00   sec   912 KBytes  7.47 Mbits/sec  645  
[102]   9.00-10.00  sec   912 KBytes  7.47 Mbits/sec  645  
[102]  10.00-11.00  sec   911 KBytes  7.46 Mbits/sec  644  
[102]  11.00-12.00  sec   912 KBytes  7.47 Mbits/sec  645  
[102]  12.00-13.00  sec   911 KBytes  7.46 Mbits/sec  644  
[102]  13.00-14.00  sec   912 KBytes  7.48 Mbits/sec  645  
[102]  14.00-15.00  sec   911 KBytes  7.46 Mbits/sec  644  
[102]  15.00-16.00  sec   912 KBytes  7.47 Mbits/sec  645  
[102]  16.00-17.00  sec   912 KBytes  7.47 Mbits/sec  645  
[102]  17.00-18.00  sec   690 KBytes  5.65 Mbits/sec  489  
[102]  18.00-19.00  sec   656 KBytes  5.37 Mbits/sec  464  
[102]  19.00-20.00  sec   659 KBytes  5.40 Mbits/sec  466  
[102]  20.00-21.00  sec   494 KBytes  4.04 Mbits/sec  349  
[102]  21.00-22.00  sec   655 KBytes  5.36 Mbits/sec  463  
[102]  22.00-23.00  sec   489 KBytes  4.01 Mbits/sec  346  
[102]  23.00-24.00  sec   489 KBytes  4.01 Mbits/sec  346  
[102]  24.00-25.00  sec   814 KBytes  6.67 Mbits/sec  576  
[102]  25.00-26.00  sec   814 KBytes  6.67 Mbits/sec  576  
[102]  26.00-27.00  sec   816 KBytes  6.69 Mbits/sec  577  
[102]  27.00-28.00  sec  1.28 MBytes  10.7 Mbits/sec  925  
[102]  28.00-29.00  sec  1.59 MBytes  13.3 Mbits/sec  1150  
[102]  29.00-30.00  sec  2.28 MBytes  19.2 Mbits/sec  1651  
- - - - - - - - - - - - - - - - - - - - - - - - -
[ ID] Interval           Transfer     Bitrate         Jitter    Lost/Total Datagrams
[102]   0.00-30.00  sec  26.7 MBytes  7.47 Mbits/sec  0.000 ms  0/19337 (0%)  sender
[102]   0.00-30.00  sec  23.7 MBytes  6.62 Mbits/sec  0.352 ms  2126/19277 (11%)  receiver

iperf Done.
