Connecting to host 10.0.0.4, port 12004
[102] local 10.0.0.12 port 45591 connected to 10.0.0.4 port 12004
[ ID] Interval           Transfer     Bitrate         Total Datagrams
[102]   0.00-1.00   sec  5.34 MBytes  44.8 Mbits/sec  3868  
[102]   1.00-2.00   sec  4.68 MBytes  39.2 Mbits/sec  3386  
[102]   2.00-3.00   sec  4.61 MBytes  38.7 Mbits/sec  3335  
[102]   3.00-4.00   sec  3.76 MBytes  31.5 Mbits/sec  2723  
[102]   4.00-5.00   sec  3.25 MBytes  27.3 Mbits/sec  2356  
[102]   5.00-6.00   sec  2.13 MBytes  17.9 Mbits/sec  1542  
[102]   6.00-7.00   sec  44.7 MBytes   375 Mbits/sec  32367  
[102]   7.00-8.00   sec  9.79 MBytes  82.1 Mbits/sec  7086  
[102]   8.00-9.00   sec  9.83 MBytes  82.5 Mbits/sec  7117  
[102]   9.00-10.00  sec  9.86 MBytes  82.6 Mbits/sec  7138  
[102]  10.00-11.00  sec  10.2 MBytes  85.7 Mbits/sec  7400  
[102]  11.00-12.00  sec  9.02 MBytes  75.7 Mbits/sec  6532  
[102]  12.00-13.00  sec  10.2 MBytes  85.6 Mbits/sec  7387  
[102]  13.00-14.00  sec  10.1 MBytes  84.6 Mbits/sec  7307  
[102]  14.00-15.00  sec  10.0 MBytes  84.0 Mbits/sec  7250  
[102]  15.00-16.00  sec  9.82 MBytes  82.4 Mbits/sec  7113  
[102]  16.00-17.00  sec  9.84 MBytes  82.6 Mbits/sec  7127  
[102]  17.00-18.00  sec  9.83 MBytes  82.5 Mbits/sec  7119  
[102]  18.00-19.00  sec  9.83 MBytes  82.5 Mbits/sec  7117  
[102]  19.00-20.00  sec  9.29 MBytes  77.9 Mbits/sec  6728  
[102]  20.00-21.00  sec  10.4 MBytes  87.0 Mbits/sec  7512  
[102]  21.00-22.00  sec  9.82 MBytes  82.5 Mbits/sec  7114  
[102]  22.00-23.00  sec  8.70 MBytes  72.9 Mbits/sec  6298  
[102]  23.00-24.00  sec  2.73 MBytes  22.9 Mbits/sec  1979  
[102]  24.00-25.00  sec  1.94 MBytes  16.3 Mbits/sec  1403  
[102]  25.00-26.00  sec  1.78 MBytes  14.9 Mbits/sec  1288  
[102]  26.00-27.00  sec  2.12 MBytes  17.8 Mbits/sec  1533  
[102]  27.00-28.00  sec  2.09 MBytes  17.5 Mbits/sec  1514  
[102]  28.00-29.00  sec  1.61 MBytes  13.5 Mbits/sec  1167  
[102]  29.00-30.00  sec  4.39 MBytes  36.8 Mbits/sec  3179  
- - - - - - - - - - - - - - - - - - - - - - - - -
[ ID] Interval           Transfer     Bitrate         Jitter    Lost/Total Datagrams
[102]   0.00-30.00  sec   242 MBytes  67.6 Mbits/sec  0.000 ms  0/174985 (0%)  sender
[102]   0.00-30.00  sec  72.5 MBytes  20.3 Mbits/sec  0.120 ms  122371/174868 (70%)  receiver

iperf Done.
