Connecting to host 10.0.0.7, port 12007
[102] local 10.0.0.12 port 41453 connected to 10.0.0.7 port 12007
[ ID] Interval           Transfer     Bitrate         Total Datagrams
[102]   0.00-1.00   sec   650 KBytes  5.32 Mbits/sec  460  
[102]   1.00-2.00   sec   648 KBytes  5.31 Mbits/sec  458  
[102]   2.00-3.00   sec   649 KBytes  5.32 Mbits/sec  459  
[102]   3.00-4.00   sec   649 KBytes  5.32 Mbits/sec  459  
[102]   4.00-5.00   sec   648 KBytes  5.31 Mbits/sec  458  
[102]   5.00-6.00   sec   649 KBytes  5.32 Mbits/sec  459  
[102]   6.00-7.00   sec   649 KBytes  5.32 Mbits/sec  459  
[102]   7.00-8.00   sec   648 KBytes  5.31 Mbits/sec  458  
[102]   8.00-9.00   sec   649 KBytes  5.32 Mbits/sec  459  
[102]   9.00-10.00  sec   649 KBytes  5.32 Mbits/sec  459  
[102]  10.00-11.00  sec   648 KBytes  5.31 Mbits/sec  458  
[102]  11.00-12.00  sec   649 KBytes  5.32 Mbits/sec  459  
[102]  12.00-13.00  sec   649 KBytes  5.32 Mbits/sec  459  
[102]  13.00-14.00  sec   648 KBytes  5.31 Mbits/sec  458  
[102]  14.00-15.00  sec   649 KBytes  5.32 Mbits/sec  459  
[102]  15.00-16.00  sec   649 KBytes  5.32 Mbits/sec  459  
[102]  16.00-17.00  sec   648 KBytes  5.31 Mbits/sec  458  
[102]  17.00-18.00  sec   649 KBytes  5.32 Mbits/sec  459  
[102]  18.00-19.00  sec   649 KBytes  5.32 Mbits/sec  459  
[102]  19.00-20.00  sec   648 KBytes  5.31 Mbits/sec  458  
[102]  20.00-21.00  sec   649 KBytes  5.32 Mbits/sec  459  
[102]  21.00-22.00  sec   649 KBytes  5.32 Mbits/sec  459  
[102]  22.00-23.00  sec   563 KBytes  4.61 Mbits/sec  399  
[102]  23.00-24.00  sec   605 KBytes  4.96 Mbits/sec  428  
[102]  24.00-25.00  sec   325 KBytes  2.66 Mbits/sec  230  
[102]  25.00-26.00  sec   653 KBytes  5.35 Mbits/sec  462  
[102]  26.00-27.00  sec   488 KBytes  4.00 Mbits/sec  345  
[102]  27.00-28.00  sec   327 KBytes  2.68 Mbits/sec  231  
[102]  28.00-29.00  sec   488 KBytes  4.00 Mbits/sec  345  
[102]  29.00-30.00  sec   325 KBytes  2.66 Mbits/sec  230  
- - - - - - - - - - - - - - - - - - - - - - - - -
[ ID] Interval           Transfer     Bitrate         Jitter    Lost/Total Datagrams
[102]   0.00-30.00  sec  17.6 MBytes  4.93 Mbits/sec  0.000 ms  0/12762 (0%)  sender
[102]   0.00-30.00  sec  10.2 MBytes  2.85 Mbits/sec  2.645 ms  5254/12646 (42%)  receiver

iperf Done.
