Connecting to host 10.0.0.8, port 12008
[102] local 10.0.0.12 port 47069 connected to 10.0.0.8 port 12008
[ ID] Interval           Transfer     Bitrate         Total Datagrams
[102]   0.00-1.00   sec   112 KBytes   915 Kbits/sec  79  
[102]   1.00-2.00   sec   110 KBytes   903 Kbits/sec  78  
[102]   2.00-3.00   sec   112 KBytes   915 Kbits/sec  79  
[102]   3.00-4.00   sec   110 KBytes   904 Kbits/sec  78  
[102]   4.00-5.00   sec   112 KBytes   915 Kbits/sec  79  
[102]   5.00-6.00   sec   110 KBytes   904 Kbits/sec  78  
[102]   6.00-7.00   sec   110 KBytes   903 Kbits/sec  78  
[102]   7.00-8.00   sec   112 KBytes   915 Kbits/sec  79  
[102]   8.00-9.00   sec   110 KBytes   904 Kbits/sec  78  
[102]   9.00-10.00  sec   112 KBytes   915 Kbits/sec  79  
[102]  10.00-11.00  sec   110 KBytes   903 Kbits/sec  78  
[102]  11.00-12.00  sec   110 KBytes   904 Kbits/sec  78  
[102]  12.00-13.00  sec   112 KBytes   915 Kbits/sec  79  
[102]  13.00-14.00  sec   110 KBytes   904 Kbits/sec  78  
[102]  14.00-15.00  sec   112 KBytes   915 Kbits/sec  79  
[102]  15.00-16.00  sec   110 KBytes   904 Kbits/sec  78  
[102]  16.00-17.00  sec   112 KBytes   915 Kbits/sec  79  
[102]  17.00-18.00  sec   110 KBytes   904 Kbits/sec  78  
[102]  18.00-19.00  sec   110 KBytes   903 Kbits/sec  78  
[102]  19.00-20.00  sec   112 KBytes   915 Kbits/sec  79  
[102]  20.00-21.00  sec   110 KBytes   904 Kbits/sec  78  
[102]  21.00-22.00  sec   112 KBytes   914 Kbits/sec  79  
[102]  22.00-23.00  sec   110 KBytes   904 Kbits/sec  78  
[102]  23.00-24.00  sec   110 KBytes   904 Kbits/sec  78  
[102]  24.00-25.00  sec   112 KBytes   915 Kbits/sec  79  
[102]  25.00-26.00  sec   110 KBytes   904 Kbits/sec  78  
[102]  26.00-27.00  sec   112 KBytes   915 Kbits/sec  79  
[102]  27.00-28.00  sec   110 KBytes   904 Kbits/sec  78  
[102]  28.00-29.00  sec   110 KBytes   904 Kbits/sec  78  
[102]  29.00-30.00  sec   112 KBytes   914 Kbits/sec  79  
- - - - - - - - - - - - - - - - - - - - - - - - -
[ ID] Interval           Transfer     Bitrate         Jitter    Lost/Total Datagrams
[102]   0.00-30.00  sec  3.25 MBytes   909 Kbits/sec  0.000 ms  0/2353 (0%)  sender
[102]   0.00-30.00  sec  3.02 MBytes   845 Kbits/sec  3.666 ms  165/2353 (7%)  receiver

iperf Done.
