Connecting to host 10.0.0.18, port 13018
[102] local 10.0.0.13 port 42222 connected to 10.0.0.18 port 13018
[ ID] Interval           Transfer     Bitrate         Total Datagrams
[102]   0.00-1.00   sec   451 KBytes  3.69 Mbits/sec  319  
[102]   1.00-2.00   sec   448 KBytes  3.67 Mbits/sec  317  
[102]   2.00-3.00   sec   450 KBytes  3.69 Mbits/sec  318  
[102]   3.00-4.00   sec   450 KBytes  3.68 Mbits/sec  318  
[102]   4.00-5.00   sec   448 KBytes  3.67 Mbits/sec  317  
[102]   5.00-6.00   sec   450 KBytes  3.68 Mbits/sec  318  
[102]   6.00-7.00   sec   450 KBytes  3.68 Mbits/sec  318  
[102]   7.00-8.00   sec   450 KBytes  3.68 Mbits/sec  318  
[102]   8.00-9.00   sec   448 KBytes  3.67 Mbits/sec  317  
[102]   9.00-10.00  sec   450 KBytes  3.68 Mbits/sec  318  
[102]  10.00-11.00  sec   450 KBytes  3.68 Mbits/sec  318  
[102]  11.00-12.00  sec   448 KBytes  3.67 Mbits/sec  317  
[102]  12.00-13.00  sec   450 KBytes  3.69 Mbits/sec  318  
[102]  13.00-14.00  sec   450 KBytes  3.68 Mbits/sec  318  
[102]  14.00-15.00  sec   450 KBytes  3.68 Mbits/sec  318  
[102]  15.00-16.00  sec   448 KBytes  3.67 Mbits/sec  317  
[102]  16.00-17.00  sec   450 KBytes  3.69 Mbits/sec  318  
[102]  17.00-18.00  sec   450 KBytes  3.68 Mbits/sec  318  
[102]  18.00-19.00  sec   450 KBytes  3.68 Mbits/sec  318  
[102]  19.00-20.00  sec   448 KBytes  3.67 Mbits/sec  317  
[102]  20.00-21.00  sec   450 KBytes  3.68 Mbits/sec  318  
[102]  21.00-22.00  sec   450 KBytes  3.68 Mbits/sec  318  
[102]  22.00-23.00  sec   448 KBytes  3.67 Mbits/sec  317  
[102]  23.00-24.00  sec   450 KBytes  3.68 Mbits/sec  318  
[102]  24.00-25.00  sec   450 KBytes  3.68 Mbits/sec  318  
[102]  25.00-26.00  sec   450 KBytes  3.68 Mbits/sec  318  
[102]  26.00-27.00  sec   448 KBytes  3.68 Mbits/sec  317  
[102]  27.00-28.00  sec   450 KBytes  3.68 Mbits/sec  318  
[102]  28.00-29.00  sec   450 KBytes  3.69 Mbits/sec  318  
[102]  29.00-30.00  sec   450 KBytes  3.68 Mbits/sec  318  
- - - - - - - - - - - - - - - - - - - - - - - - -
[ ID] Interval           Transfer     Bitrate         Jitter    Lost/Total Datagrams
[102]   0.00-30.00  sec  13.2 MBytes  3.68 Mbits/sec  0.000 ms  0/9533 (0%)  sender
[102]   0.00-30.00  sec  8.05 MBytes  2.25 Mbits/sec  143.899 ms  1240/7071 (18%)  receiver

iperf Done.
