Connecting to host 10.0.0.12, port 13012
[102] local 10.0.0.13 port 44044 connected to 10.0.0.12 port 13012
[ ID] Interval           Transfer     Bitrate         Total Datagrams
[102]   0.00-1.00   sec   810 KBytes  6.64 Mbits/sec  574  
[102]   1.00-2.00   sec   652 KBytes  5.33 Mbits/sec  461  
[102]   2.00-3.00   sec   653 KBytes  5.35 Mbits/sec  462  
[102]   3.00-4.00   sec   652 KBytes  5.34 Mbits/sec  461  
[102]   4.00-5.00   sec   650 KBytes  5.33 Mbits/sec  460  
[102]   5.00-6.00   sec  1.27 MBytes  10.7 Mbits/sec  921  
[102]   6.00-7.00   sec  1.43 MBytes  12.0 Mbits/sec  1038  
[102]   7.00-8.00   sec  1.43 MBytes  12.0 Mbits/sec  1038  
[102]   8.00-9.00   sec  1.43 MBytes  12.0 Mbits/sec  1038  
[102]   9.00-10.00  sec  1.27 MBytes  10.7 Mbits/sec  923  
[102]  10.00-11.00  sec  1.43 MBytes  12.0 Mbits/sec  1036  
[102]  11.00-12.00  sec  1.27 MBytes  10.7 Mbits/sec  920  
[102]  12.00-13.00  sec  1.44 MBytes  12.1 Mbits/sec  1042  
[102]  13.00-14.00  sec  1.28 MBytes  10.7 Mbits/sec  927  
[102]  14.00-15.00  sec  1.43 MBytes  12.0 Mbits/sec  1039  
[102]  15.00-16.00  sec  1.28 MBytes  10.7 Mbits/sec  925  
[102]  16.00-17.00  sec  1.27 MBytes  10.7 Mbits/sec  922  
[102]  17.00-18.00  sec  50.1 MBytes   420 Mbits/sec  36289  
[102]  18.00-19.00  sec  3.87 MBytes  32.5 Mbits/sec  2804  
[102]  19.00-20.00  sec  3.87 MBytes  32.5 Mbits/sec  2804  
[102]  20.00-21.00  sec  3.87 MBytes  32.5 Mbits/sec  2804  
[102]  21.00-22.00  sec  3.87 MBytes  32.5 Mbits/sec  2804  
[102]  22.00-23.00  sec  3.87 MBytes  32.5 Mbits/sec  2804  
[102]  23.00-24.00  sec  3.87 MBytes  32.5 Mbits/sec  2802  
[102]  24.00-25.00  sec  3.87 MBytes  32.5 Mbits/sec  2804  
[102]  25.00-26.00  sec  3.87 MBytes  32.5 Mbits/sec  2805  
[102]  26.00-27.00  sec  3.87 MBytes  32.5 Mbits/sec  2803  
[102]  27.00-28.00  sec  3.87 MBytes  32.5 Mbits/sec  2806  
[102]  28.00-29.00  sec  3.87 MBytes  32.5 Mbits/sec  2803  
[102]  29.00-30.00  sec  3.87 MBytes  32.5 Mbits/sec  2805  
- - - - - - - - - - - - - - - - - - - - - - - - -
[ ID] Interval           Transfer     Bitrate         Jitter    Lost/Total Datagrams
[102]   0.00-30.00  sec   116 MBytes  32.5 Mbits/sec  0.000 ms  0/84124 (0%)  sender
[102]   0.00-30.28  sec  21.9 MBytes  6.06 Mbits/sec  9.068 ms  68291/84124 (81%)  receiver

iperf Done.
