Connecting to host 10.0.0.1, port 13001
[102] local 10.0.0.13 port 37559 connected to 10.0.0.1 port 13001
[ ID] Interval           Transfer     Bitrate         Total Datagrams
[102]   0.00-1.00   sec   318 KBytes  2.60 Mbits/sec  225  
[102]   1.00-2.00   sec   317 KBytes  2.59 Mbits/sec  224  
[102]   2.00-3.00   sec   315 KBytes  2.58 Mbits/sec  223  
[102]   3.00-4.00   sec   317 KBytes  2.59 Mbits/sec  224  
[102]   4.00-5.00   sec   317 KBytes  2.59 Mbits/sec  224  
[102]   5.00-6.00   sec   317 KBytes  2.60 Mbits/sec  224  
[102]   6.00-7.00   sec   317 KBytes  2.60 Mbits/sec  224  
[102]   7.00-8.00   sec   317 KBytes  2.59 Mbits/sec  224  
[102]   8.00-9.00   sec   317 KBytes  2.60 Mbits/sec  224  
[102]   9.00-10.00  sec   317 KBytes  2.59 Mbits/sec  224  
[102]  10.00-11.00  sec   317 KBytes  2.59 Mbits/sec  224  
[102]  11.00-12.00  sec   317 KBytes  2.59 Mbits/sec  224  
[102]  12.00-13.00  sec   195 KBytes  1.60 Mbits/sec  139  
[102]  13.00-14.00  sec  0.00 Bytes  0.00 bits/sec  0  
[102]  14.00-15.00  sec  0.00 Bytes  0.00 bits/sec  0  
[102]  15.00-16.00  sec   163 KBytes  1.33 Mbits/sec  115  
[102]  16.00-17.00  sec  0.00 Bytes  0.00 bits/sec  0  
[102]  17.00-18.00  sec  0.00 Bytes  0.00 bits/sec  0  
[102]  18.00-19.00  sec   163 KBytes  1.33 Mbits/sec  115  
[102]  19.00-20.00  sec  0.00 Bytes  0.00 bits/sec  0  
[102]  20.00-21.00  sec  0.00 Bytes  0.00 bits/sec  0  
[102]  21.00-22.00  sec   163 KBytes  1.33 Mbits/sec  115  
[102]  22.00-23.00  sec  0.00 Bytes  0.00 bits/sec  0  
[102]  23.00-24.00  sec  0.00 Bytes  0.00 bits/sec  0  
[102]  24.00-25.00  sec  3.35 MBytes  28.1 Mbits/sec  2426  
[102]  25.00-26.00  sec   317 KBytes  2.59 Mbits/sec  224  
[102]  26.00-27.00  sec   317 KBytes  2.59 Mbits/sec  224  
[102]  27.00-28.00  sec   317 KBytes  2.60 Mbits/sec  224  
[102]  28.00-29.00  sec   317 KBytes  2.59 Mbits/sec  224  
[102]  29.00-30.00  sec   317 KBytes  2.60 Mbits/sec  224  
- - - - - - - - - - - - - - - - - - - - - - - - -
[ ID] Interval           Transfer     Bitrate         Jitter    Lost/Total Datagrams
[102]   0.00-30.00  sec  9.28 MBytes  2.59 Mbits/sec  0.000 ms  0/6718 (0%)  sender
[102]   0.00-30.00  sec  4.38 MBytes  1.22 Mbits/sec  7.872 ms  0/3171 (0%)  receiver

iperf Done.
