Connecting to host 10.0.0.19, port 13019
[102] local 10.0.0.13 port 60316 connected to 10.0.0.19 port 13019
[ ID] Interval           Transfer     Bitrate         Total Datagrams
[102]   0.00-1.00   sec  1.49 MBytes  12.5 Mbits/sec  1079  
[102]   1.00-2.00   sec   813 KBytes  6.66 Mbits/sec  575  
[102]   2.00-3.00   sec  1.27 MBytes  10.7 Mbits/sec  923  
[102]   3.00-4.00   sec  1.28 MBytes  10.7 Mbits/sec  927  
[102]   4.00-5.00   sec  1.27 MBytes  10.7 Mbits/sec  921  
[102]   5.00-6.00   sec  1.59 MBytes  13.3 Mbits/sec  1150  
[102]   6.00-7.00   sec  2.70 MBytes  22.7 Mbits/sec  1957  
[102]   7.00-8.00   sec  2.71 MBytes  22.7 Mbits/sec  1961  
[102]   8.00-9.00   sec  2.71 MBytes  22.7 Mbits/sec  1959  
[102]   9.00-10.00  sec  2.55 MBytes  21.4 Mbits/sec  1848  
[102]  10.00-11.00  sec  2.71 MBytes  22.7 Mbits/sec  1963  
[102]  11.00-12.00  sec  2.70 MBytes  22.6 Mbits/sec  1955  
[102]  12.00-13.00  sec  2.86 MBytes  24.0 Mbits/sec  2074  
[102]  13.00-14.00  sec  2.72 MBytes  22.8 Mbits/sec  1967  
[102]  14.00-15.00  sec  2.71 MBytes  22.8 Mbits/sec  1966  
[102]  15.00-16.00  sec  2.71 MBytes  22.8 Mbits/sec  1963  
[102]  16.00-17.00  sec  2.72 MBytes  22.8 Mbits/sec  1969  
[102]  17.00-18.00  sec  1.75 MBytes  14.7 Mbits/sec  1269  
[102]  18.00-19.00  sec  0.00 Bytes  0.00 bits/sec  0  
[102]  19.00-20.00  sec  0.00 Bytes  0.00 bits/sec  0  
[102]  20.00-21.00  sec  12.3 MBytes   103 Mbits/sec  8882  
[102]  21.00-22.00  sec  2.45 MBytes  20.6 Mbits/sec  1775  
[102]  22.00-23.00  sec  2.46 MBytes  20.6 Mbits/sec  1778  
[102]  23.00-24.00  sec  2.45 MBytes  20.6 Mbits/sec  1776  
[102]  24.00-25.00  sec  2.45 MBytes  20.6 Mbits/sec  1776  
[102]  25.00-26.00  sec  2.45 MBytes  20.6 Mbits/sec  1777  
[102]  26.00-27.00  sec  2.45 MBytes  20.6 Mbits/sec  1775  
[102]  27.00-28.00  sec  2.45 MBytes  20.6 Mbits/sec  1776  
[102]  28.00-29.00  sec  2.46 MBytes  20.6 Mbits/sec  1778  
[102]  29.00-30.00  sec  2.45 MBytes  20.6 Mbits/sec  1775  
- - - - - - - - - - - - - - - - - - - - - - - - -
[ ID] Interval           Transfer     Bitrate         Jitter    Lost/Total Datagrams
[102]   0.00-30.00  sec  73.6 MBytes  20.6 Mbits/sec  0.000 ms  0/53294 (0%)  sender
[102]   0.00-30.00  sec  39.6 MBytes  11.1 Mbits/sec  0.002 ms  24614/53294 (46%)  receiver

iperf Done.
