Connecting to host 10.0.0.17, port 13017
[102] local 10.0.0.13 port 35210 connected to 10.0.0.17 port 13017
[ ID] Interval           Transfer     Bitrate         Total Datagrams
[102]   0.00-1.00   sec  6.88 MBytes  57.7 Mbits/sec  4980  
[102]   1.00-2.00   sec  6.56 MBytes  55.0 Mbits/sec  4748  
[102]   2.00-3.00   sec  4.97 MBytes  41.7 Mbits/sec  3601  
[102]   3.00-4.00   sec  4.40 MBytes  36.9 Mbits/sec  3183  
[102]   4.00-5.00   sec  4.40 MBytes  36.9 Mbits/sec  3185  
[102]   5.00-6.00   sec  4.38 MBytes  36.7 Mbits/sec  3170  
[102]   6.00-7.00   sec  3.85 MBytes  32.2 Mbits/sec  2785  
[102]   7.00-8.00   sec  1.95 MBytes  16.3 Mbits/sec  1410  
[102]   8.00-9.00   sec  2.27 MBytes  19.0 Mbits/sec  1644  
[102]   9.00-10.00  sec  2.59 MBytes  21.7 Mbits/sec  1873  
[102]  10.00-11.00  sec  2.61 MBytes  21.9 Mbits/sec  1893  
[102]  11.00-12.00  sec  2.59 MBytes  21.7 Mbits/sec  1875  
[102]  12.00-13.00  sec  2.72 MBytes  22.8 Mbits/sec  1973  
[102]  13.00-14.00  sec  2.62 MBytes  22.0 Mbits/sec  1896  
[102]  14.00-15.00  sec  2.61 MBytes  21.9 Mbits/sec  1892  
[102]  15.00-16.00  sec  2.62 MBytes  22.0 Mbits/sec  1897  
[102]  16.00-17.00  sec  2.62 MBytes  22.0 Mbits/sec  1898  
[102]  17.00-18.00  sec  2.62 MBytes  22.0 Mbits/sec  1898  
[102]  18.00-19.00  sec  67.4 MBytes   565 Mbits/sec  48774  
[102]  19.00-20.00  sec  6.88 MBytes  57.7 Mbits/sec  4980  
[102]  20.00-21.00  sec  6.87 MBytes  57.7 Mbits/sec  4978  
[102]  21.00-22.00  sec  6.87 MBytes  57.7 Mbits/sec  4974  
[102]  22.00-23.00  sec  6.88 MBytes  57.7 Mbits/sec  4981  
[102]  23.00-24.00  sec  2.45 MBytes  20.6 Mbits/sec  1776  
[102]  24.00-25.00  sec  0.00 Bytes  0.00 bits/sec  0  
[102]  25.00-26.00  sec  0.00 Bytes  0.00 bits/sec  0  
[102]  26.00-27.00  sec  0.00 Bytes  0.00 bits/sec  0  
[102]  27.00-28.00  sec  0.00 Bytes  0.00 bits/sec  0  
[102]  28.00-29.00  sec  38.8 MBytes   325 Mbits/sec  28089  
[102]  29.00-30.00  sec  6.87 MBytes  57.7 Mbits/sec  4977  
- - - - - - - - - - - - - - - - - - - - - - - - -
[ ID] Interval           Transfer     Bitrate         Jitter    Lost/Total Datagrams
[102]   0.00-30.00  sec   206 MBytes  57.7 Mbits/sec  0.000 ms  0/149330 (0%)  sender
[102]   0.00-30.00  sec  65.9 MBytes  18.4 Mbits/sec  0.941 ms  63260/110988 (57%)  receiver

iperf Done.
