Connecting to host 10.0.0.14, port 13014
[102] local 10.0.0.13 port 59655 connected to 10.0.0.14 port 13014
[ ID] Interval           Transfer     Bitrate         Total Datagrams
[102]   0.00-1.00   sec   267 KBytes  2.19 Mbits/sec  189  
[102]   1.00-2.00   sec   264 KBytes  2.17 Mbits/sec  187  
[102]   2.00-3.00   sec   256 KBytes  2.10 Mbits/sec  182  
[102]   3.00-4.00   sec  0.00 Bytes  0.00 bits/sec  0  
[102]   4.00-5.00   sec   163 KBytes  1.33 Mbits/sec  115  
[102]   5.00-6.00   sec   163 KBytes  1.33 Mbits/sec  115  
[102]   6.00-7.00   sec   163 KBytes  1.33 Mbits/sec  115  
[102]   7.00-8.00   sec   163 KBytes  1.33 Mbits/sec  115  
[102]   8.00-9.00   sec  0.00 Bytes  0.00 bits/sec  0  
[102]   9.00-10.00  sec   163 KBytes  1.33 Mbits/sec  115  
[102]  10.00-11.00  sec  0.00 Bytes  0.00 bits/sec  0  
[102]  11.00-12.00  sec  0.00 Bytes  0.00 bits/sec  0  
[102]  12.00-13.00  sec  0.00 Bytes  0.00 bits/sec  0  
[102]  13.00-14.00  sec   163 KBytes  1.33 Mbits/sec  115  
[102]  14.00-15.00  sec  0.00 Bytes  0.00 bits/sec  0  
[102]  15.00-16.00  sec   163 KBytes  1.33 Mbits/sec  115  
[102]  16.00-17.00  sec  0.00 Bytes  0.00 bits/sec  0  
[102]  17.00-18.00  sec  0.00 Bytes  0.00 bits/sec  0  
[102]  18.00-19.00  sec   163 KBytes  1.33 Mbits/sec  115  
[102]  19.00-20.00  sec  0.00 Bytes  0.00 bits/sec  0  
[102]  20.00-21.00  sec  0.00 Bytes  0.00 bits/sec  0  
[102]  21.00-22.00  sec  3.67 MBytes  30.8 Mbits/sec  2656  
[102]  22.00-23.00  sec   266 KBytes  2.18 Mbits/sec  188  
[102]  23.00-24.00  sec   264 KBytes  2.17 Mbits/sec  187  
[102]  24.00-25.00  sec   266 KBytes  2.18 Mbits/sec  188  
[102]  25.00-26.00  sec   266 KBytes  2.18 Mbits/sec  188  
[102]  26.00-27.00  sec   266 KBytes  2.18 Mbits/sec  188  
[102]  27.00-28.00  sec   266 KBytes  2.18 Mbits/sec  188  
[102]  28.00-29.00  sec   266 KBytes  2.18 Mbits/sec  188  
[102]  29.00-30.00  sec   266 KBytes  2.18 Mbits/sec  188  
- - - - - - - - - - - - - - - - - - - - - - - - -
[ ID] Interval           Transfer     Bitrate         Jitter    Lost/Total Datagrams
[102]   0.00-30.00  sec  7.78 MBytes  2.18 Mbits/sec  0.000 ms  0/5637 (0%)  sender
[102]   0.00-39.95  sec  2.06 MBytes   432 Kbits/sec  301.536 ms  4007/5496 (73%)  receiver

iperf Done.
