Connecting to host 10.0.0.11, port 13011
[102] local 10.0.0.13 port 36938 connected to 10.0.0.11 port 13011
[ ID] Interval           Transfer     Bitrate         Total Datagrams
[102]   0.00-1.00   sec   762 KBytes  6.24 Mbits/sec  539  
[102]   1.00-2.00   sec   762 KBytes  6.24 Mbits/sec  539  
[102]   2.00-3.00   sec   761 KBytes  6.23 Mbits/sec  538  
[102]   3.00-4.00   sec   761 KBytes  6.23 Mbits/sec  538  
[102]   4.00-5.00   sec   761 KBytes  6.23 Mbits/sec  538  
[102]   5.00-6.00   sec   761 KBytes  6.24 Mbits/sec  538  
[102]   6.00-7.00   sec   762 KBytes  6.24 Mbits/sec  539  
[102]   7.00-8.00   sec   761 KBytes  6.23 Mbits/sec  538  
[102]   8.00-9.00   sec   761 KBytes  6.23 Mbits/sec  538  
[102]   9.00-10.00  sec   762 KBytes  6.24 Mbits/sec  539  
[102]  10.00-11.00  sec   761 KBytes  6.23 Mbits/sec  538  
[102]  11.00-12.00  sec   761 KBytes  6.24 Mbits/sec  538  
[102]  12.00-13.00  sec   761 KBytes  6.23 Mbits/sec  538  
[102]  13.00-14.00  sec   761 KBytes  6.23 Mbits/sec  538  
[102]  14.00-15.00  sec   762 KBytes  6.25 Mbits/sec  539  
[102]  15.00-16.00  sec   761 KBytes  6.23 Mbits/sec  538  
[102]  16.00-17.00  sec   761 KBytes  6.23 Mbits/sec  538  
[102]  17.00-18.00  sec   761 KBytes  6.23 Mbits/sec  538  
[102]  18.00-19.00  sec   762 KBytes  6.24 Mbits/sec  539  
[102]  19.00-20.00  sec   761 KBytes  6.23 Mbits/sec  538  
[102]  20.00-21.00  sec   761 KBytes  6.24 Mbits/sec  538  
[102]  21.00-22.00  sec   761 KBytes  6.23 Mbits/sec  538  
[102]  22.00-23.00  sec   762 KBytes  6.24 Mbits/sec  539  
[102]  23.00-24.00  sec   761 KBytes  6.24 Mbits/sec  538  
[102]  24.00-25.00  sec   761 KBytes  6.23 Mbits/sec  538  
[102]  25.00-26.00  sec   761 KBytes  6.23 Mbits/sec  538  
[102]  26.00-27.00  sec   762 KBytes  6.24 Mbits/sec  539  
[102]  27.00-28.00  sec   761 KBytes  6.24 Mbits/sec  538  
[102]  28.00-29.00  sec   761 KBytes  6.23 Mbits/sec  538  
[102]  29.00-30.00  sec   762 KBytes  6.24 Mbits/sec  539  
- - - - - - - - - - - - - - - - - - - - - - - - -
[ ID] Interval           Transfer     Bitrate         Jitter    Lost/Total Datagrams
[102]   0.00-30.00  sec  22.3 MBytes  6.24 Mbits/sec  0.000 ms  0/16149 (0%)  sender
[102]   0.00-30.22  sec  13.3 MBytes  3.69 Mbits/sec  49.864 ms  6521/16149 (40%)  receiver

iperf Done.
