Connecting to host 10.0.0.23, port 13023
[102] local 10.0.0.13 port 44307 connected to 10.0.0.23 port 13023
[ ID] Interval           Transfer     Bitrate         Total Datagrams
[102]   0.00-1.00   sec  96.2 KBytes   787 Kbits/sec  68  
[102]   1.00-2.00   sec  94.7 KBytes   776 Kbits/sec  67  
[102]   2.00-3.00   sec  96.2 KBytes   788 Kbits/sec  68  
[102]   3.00-4.00   sec  94.7 KBytes   776 Kbits/sec  67  
[102]   4.00-5.00   sec  96.2 KBytes   788 Kbits/sec  68  
[102]   5.00-6.00   sec  94.7 KBytes   776 Kbits/sec  67  
[102]   6.00-7.00   sec  96.2 KBytes   788 Kbits/sec  68  
[102]   7.00-8.00   sec  94.7 KBytes   776 Kbits/sec  67  
[102]   8.00-9.00   sec  96.2 KBytes   788 Kbits/sec  68  
[102]   9.00-10.00  sec  94.7 KBytes   776 Kbits/sec  67  
[102]  10.00-11.00  sec  94.7 KBytes   776 Kbits/sec  67  
[102]  11.00-12.00  sec  96.2 KBytes   788 Kbits/sec  68  
[102]  12.00-13.00  sec  94.7 KBytes   776 Kbits/sec  67  
[102]  13.00-14.00  sec  96.2 KBytes   788 Kbits/sec  68  
[102]  14.00-15.00  sec  94.7 KBytes   776 Kbits/sec  67  
[102]  15.00-16.00  sec  96.2 KBytes   788 Kbits/sec  68  
[102]  16.00-17.00  sec  94.7 KBytes   775 Kbits/sec  67  
[102]  17.00-18.00  sec  94.7 KBytes   777 Kbits/sec  67  
[102]  18.00-19.00  sec  96.2 KBytes   787 Kbits/sec  68  
[102]  19.00-20.00  sec  94.7 KBytes   776 Kbits/sec  67  
[102]  20.00-21.00  sec  96.2 KBytes   787 Kbits/sec  68  
[102]  21.00-22.00  sec  94.7 KBytes   777 Kbits/sec  67  
[102]  22.00-23.00  sec  96.2 KBytes   787 Kbits/sec  68  
[102]  23.00-24.00  sec  94.7 KBytes   777 Kbits/sec  67  
[102]  24.00-25.00  sec  96.2 KBytes   787 Kbits/sec  68  
[102]  25.00-26.00  sec  94.7 KBytes   776 Kbits/sec  67  
[102]  26.00-27.00  sec  94.7 KBytes   776 Kbits/sec  67  
[102]  27.00-28.00  sec  96.2 KBytes   788 Kbits/sec  68  
[102]  28.00-29.00  sec  94.7 KBytes   776 Kbits/sec  67  
[102]  29.00-30.00  sec  96.2 KBytes   788 Kbits/sec  68  
- - - - - - - - - - - - - - - - - - - - - - - - -
[ ID] Interval           Transfer     Bitrate         Jitter    Lost/Total Datagrams
[102]   0.00-30.00  sec  2.79 MBytes   782 Kbits/sec  0.000 ms  0/2024 (0%)  sender
[102]   0.00-30.00  sec  1.68 MBytes   469 Kbits/sec  0.857 ms  809/2024 (40%)  receiver

iperf Done.
