Connecting to host 10.0.0.2, port 13002
[102] local 10.0.0.13 port 56138 connected to 10.0.0.2 port 13002
[ ID] Interval           Transfer     Bitrate         Total Datagrams
[102]   0.00-1.00   sec  10.1 MBytes  84.4 Mbits/sec  7297  
[102]   1.00-2.00   sec  10.1 MBytes  84.4 Mbits/sec  7290  
[102]   2.00-3.00   sec  10.1 MBytes  84.4 Mbits/sec  7290  
[102]   3.00-4.00   sec  10.1 MBytes  84.5 Mbits/sec  7290  
[102]   4.00-5.00   sec  10.1 MBytes  84.4 Mbits/sec  7290  
[102]   5.00-6.00   sec  10.1 MBytes  84.4 Mbits/sec  7289  
[102]   6.00-7.00   sec  9.75 MBytes  81.8 Mbits/sec  7063  
[102]   7.00-8.00   sec  10.3 MBytes  86.1 Mbits/sec  7436  
[102]   8.00-9.00   sec  10.1 MBytes  84.4 Mbits/sec  7282  
[102]   9.00-10.00  sec  9.92 MBytes  83.3 Mbits/sec  7187  
[102]  10.00-11.00  sec  10.1 MBytes  85.0 Mbits/sec  7327  
[102]  11.00-12.00  sec  9.94 MBytes  83.3 Mbits/sec  7198  
[102]  12.00-13.00  sec  8.25 MBytes  69.2 Mbits/sec  5973  
[102]  13.00-14.00  sec  8.46 MBytes  71.0 Mbits/sec  6129  
[102]  14.00-15.00  sec  8.20 MBytes  68.8 Mbits/sec  5939  
[102]  15.00-16.00  sec  8.04 MBytes  67.5 Mbits/sec  5824  
[102]  16.00-17.00  sec  8.23 MBytes  69.0 Mbits/sec  5963  
[102]  17.00-18.00  sec  8.16 MBytes  68.5 Mbits/sec  5912  
[102]  18.00-19.00  sec  8.19 MBytes  68.7 Mbits/sec  5934  
[102]  19.00-20.00  sec  8.22 MBytes  68.9 Mbits/sec  5949  
[102]  20.00-21.00  sec  8.31 MBytes  69.7 Mbits/sec  6021  
[102]  21.00-22.00  sec  8.43 MBytes  70.7 Mbits/sec  6105  
[102]  22.00-23.00  sec  8.26 MBytes  69.3 Mbits/sec  5980  
[102]  23.00-24.00  sec  6.10 MBytes  51.1 Mbits/sec  4414  
[102]  24.00-25.00  sec  0.00 Bytes  0.00 bits/sec  0  
[102]  25.00-26.00  sec  0.00 Bytes  0.00 bits/sec  0  
[102]  26.00-27.00  sec  0.00 Bytes  0.00 bits/sec  0  
[102]  27.00-28.00  sec  0.00 Bytes  0.00 bits/sec  0  
[102]  28.00-29.00  sec  67.1 MBytes   563 Mbits/sec  48588  
[102]  29.00-30.00  sec  17.6 MBytes   148 Mbits/sec  12736  
- - - - - - - - - - - - - - - - - - - - - - - - -
[ ID] Interval           Transfer     Bitrate         Jitter    Lost/Total Datagrams
[102]   0.00-30.00  sec   302 MBytes  84.4 Mbits/sec  0.000 ms  0/218706 (0%)  sender
[102]   0.00-30.00  sec   217 MBytes  60.8 Mbits/sec  7.867 ms  0/157381 (0%)  receiver

iperf Done.
