Connecting to host 10.0.0.21, port 13021
[102] local 10.0.0.13 port 60868 connected to 10.0.0.21 port 13021
[ ID] Interval           Transfer     Bitrate         Total Datagrams
[102]   0.00-1.00   sec  1.60 MBytes  13.4 Mbits/sec  1160  
[102]   1.00-2.00   sec   979 KBytes  8.02 Mbits/sec  692  
[102]   2.00-3.00   sec  1.11 MBytes  9.35 Mbits/sec  807  
[102]   3.00-4.00   sec  1.11 MBytes  9.34 Mbits/sec  806  
[102]   4.00-5.00   sec   977 KBytes  8.01 Mbits/sec  691  
[102]   5.00-6.00   sec  1.92 MBytes  16.1 Mbits/sec  1387  
[102]   6.00-7.00   sec  2.38 MBytes  20.0 Mbits/sec  1725  
[102]   7.00-8.00   sec  2.55 MBytes  21.4 Mbits/sec  1847  
[102]   8.00-9.00   sec  2.39 MBytes  20.1 Mbits/sec  1734  
[102]   9.00-10.00  sec  2.56 MBytes  21.5 Mbits/sec  1852  
[102]  10.00-11.00  sec  2.38 MBytes  20.0 Mbits/sec  1725  
[102]  11.00-12.00  sec  2.39 MBytes  20.0 Mbits/sec  1729  
[102]  12.00-13.00  sec  2.56 MBytes  21.5 Mbits/sec  1853  
[102]  13.00-14.00  sec  2.40 MBytes  20.1 Mbits/sec  1735  
[102]  14.00-15.00  sec  2.55 MBytes  21.4 Mbits/sec  1846  
[102]  15.00-16.00  sec  2.40 MBytes  20.1 Mbits/sec  1735  
[102]  16.00-17.00  sec  2.39 MBytes  20.0 Mbits/sec  1731  
[102]  17.00-18.00  sec  13.6 MBytes   114 Mbits/sec  9854  
[102]  18.00-19.00  sec  2.68 MBytes  22.5 Mbits/sec  1940  
[102]  19.00-20.00  sec  2.68 MBytes  22.5 Mbits/sec  1940  
[102]  20.00-21.00  sec  2.67 MBytes  22.5 Mbits/sec  1937  
[102]  21.00-22.00  sec  2.68 MBytes  22.5 Mbits/sec  1940  
[102]  22.00-23.00  sec  2.68 MBytes  22.5 Mbits/sec  1941  
[102]  23.00-24.00  sec  2.67 MBytes  22.5 Mbits/sec  1937  
[102]  24.00-25.00  sec  2.68 MBytes  22.5 Mbits/sec  1940  
[102]  25.00-26.00  sec  2.68 MBytes  22.5 Mbits/sec  1940  
[102]  26.00-27.00  sec  2.68 MBytes  22.5 Mbits/sec  1940  
[102]  27.00-28.00  sec  2.68 MBytes  22.5 Mbits/sec  1939  
[102]  28.00-29.00  sec  2.68 MBytes  22.5 Mbits/sec  1938  
[102]  29.00-30.00  sec  1.68 MBytes  14.1 Mbits/sec  1221  
- - - - - - - - - - - - - - - - - - - - - - - - -
[ ID] Interval           Transfer     Bitrate         Jitter    Lost/Total Datagrams
[102]   0.00-30.00  sec  79.3 MBytes  22.2 Mbits/sec  0.000 ms  0/57462 (0%)  sender
[102]   0.00-30.00  sec  35.9 MBytes  10.0 Mbits/sec  780.633 ms  31454/57462 (55%)  receiver

iperf Done.
