Connecting to host 10.0.0.22, port 13022
[102] local 10.0.0.13 port 51568 connected to 10.0.0.22 port 13022
[ ID] Interval           Transfer     Bitrate         Total Datagrams
[102]   0.00-1.00   sec  2.71 MBytes  22.7 Mbits/sec  1965  
[102]   1.00-2.00   sec  2.71 MBytes  22.7 Mbits/sec  1962  
[102]   2.00-3.00   sec  2.71 MBytes  22.7 Mbits/sec  1964  
[102]   3.00-4.00   sec  2.71 MBytes  22.7 Mbits/sec  1963  
[102]   4.00-5.00   sec  2.35 MBytes  19.7 Mbits/sec  1700  
[102]   5.00-6.00   sec  1.43 MBytes  12.0 Mbits/sec  1037  
[102]   6.00-7.00   sec  1.43 MBytes  12.0 Mbits/sec  1038  
[102]   7.00-8.00   sec  1.43 MBytes  12.0 Mbits/sec  1035  
[102]   8.00-9.00   sec  1.28 MBytes  10.7 Mbits/sec  926  
[102]   9.00-10.00  sec  1.27 MBytes  10.7 Mbits/sec  923  
[102]  10.00-11.00  sec  1.43 MBytes  12.0 Mbits/sec  1035  
[102]  11.00-12.00  sec  1.28 MBytes  10.7 Mbits/sec  925  
[102]  12.00-13.00  sec  1.45 MBytes  12.1 Mbits/sec  1047  
[102]  13.00-14.00  sec  1.28 MBytes  10.7 Mbits/sec  927  
[102]  14.00-15.00  sec  1.44 MBytes  12.0 Mbits/sec  1040  
[102]  15.00-16.00  sec  1.27 MBytes  10.7 Mbits/sec  923  
[102]  16.00-17.00  sec  17.9 MBytes   150 Mbits/sec  12962  
[102]  17.00-18.00  sec  2.71 MBytes  22.7 Mbits/sec  1963  
[102]  18.00-19.00  sec  2.71 MBytes  22.7 Mbits/sec  1961  
[102]  19.00-20.00  sec  2.71 MBytes  22.7 Mbits/sec  1965  
[102]  20.00-21.00  sec  2.71 MBytes  22.7 Mbits/sec  1961  
[102]  21.00-22.00  sec  2.71 MBytes  22.7 Mbits/sec  1965  
[102]  22.00-23.00  sec  2.71 MBytes  22.7 Mbits/sec  1963  
[102]  23.00-24.00  sec  2.71 MBytes  22.7 Mbits/sec  1963  
[102]  24.00-25.00  sec  2.71 MBytes  22.7 Mbits/sec  1963  
[102]  25.00-26.00  sec  2.71 MBytes  22.7 Mbits/sec  1962  
[102]  26.00-27.00  sec  2.71 MBytes  22.7 Mbits/sec  1962  
[102]  27.00-28.00  sec  2.71 MBytes  22.7 Mbits/sec  1964  
[102]  28.00-29.00  sec  2.71 MBytes  22.7 Mbits/sec  1963  
[102]  29.00-30.00  sec  2.71 MBytes  22.7 Mbits/sec  1963  
- - - - - - - - - - - - - - - - - - - - - - - - -
[ ID] Interval           Transfer     Bitrate         Jitter    Lost/Total Datagrams
[102]   0.00-30.00  sec  81.3 MBytes  22.7 Mbits/sec  0.000 ms  0/58890 (0%)  sender
[102]   0.00-30.00  sec  32.2 MBytes  9.02 Mbits/sec  401.541 ms  35538/58890 (60%)  receiver

iperf Done.
