Connecting to host 10.0.0.3, port 13003
[102] local 10.0.0.13 port 37051 connected to 10.0.0.3 port 13003
[ ID] Interval           Transfer     Bitrate         Total Datagrams
[102]   0.00-1.00   sec   530 KBytes  4.34 Mbits/sec  375  
[102]   1.00-2.00   sec   530 KBytes  4.34 Mbits/sec  375  
[102]   2.00-3.00   sec   529 KBytes  4.33 Mbits/sec  374  
[102]   3.00-4.00   sec   530 KBytes  4.34 Mbits/sec  375  
[102]   4.00-5.00   sec   529 KBytes  4.34 Mbits/sec  374  
[102]   5.00-6.00   sec   529 KBytes  4.33 Mbits/sec  374  
[102]   6.00-7.00   sec   530 KBytes  4.34 Mbits/sec  375  
[102]   7.00-8.00   sec   529 KBytes  4.33 Mbits/sec  374  
[102]   8.00-9.00   sec   529 KBytes  4.34 Mbits/sec  374  
[102]   9.00-10.00  sec   530 KBytes  4.34 Mbits/sec  375  
[102]  10.00-11.00  sec   530 KBytes  4.34 Mbits/sec  375  
[102]  11.00-12.00  sec   236 KBytes  1.93 Mbits/sec  168  
[102]  12.00-13.00  sec  0.00 Bytes  0.00 bits/sec  0  
[102]  13.00-14.00  sec  0.00 Bytes  0.00 bits/sec  0  
[102]  14.00-15.00  sec   163 KBytes  1.33 Mbits/sec  115  
[102]  15.00-16.00  sec  0.00 Bytes  0.00 bits/sec  0  
[102]  16.00-17.00  sec  0.00 Bytes  0.00 bits/sec  0  
[102]  17.00-18.00  sec   163 KBytes  1.33 Mbits/sec  115  
[102]  18.00-19.00  sec  0.00 Bytes  0.00 bits/sec  0  
[102]  19.00-20.00  sec   163 KBytes  1.33 Mbits/sec  115  
[102]  20.00-21.00  sec  0.00 Bytes  0.00 bits/sec  0  
[102]  21.00-22.00  sec  0.00 Bytes  0.00 bits/sec  0  
[102]  22.00-23.00  sec   163 KBytes  1.33 Mbits/sec  115  
[102]  23.00-24.00  sec  0.00 Bytes  0.00 bits/sec  0  
[102]  24.00-25.00  sec  0.00 Bytes  0.00 bits/sec  0  
[102]  25.00-26.00  sec  6.89 MBytes  57.8 Mbits/sec  4988  
[102]  26.00-27.00  sec   530 KBytes  4.34 Mbits/sec  375  
[102]  27.00-28.00  sec   529 KBytes  4.34 Mbits/sec  374  
[102]  28.00-29.00  sec   530 KBytes  4.34 Mbits/sec  375  
[102]  29.00-30.00  sec   529 KBytes  4.33 Mbits/sec  374  
- - - - - - - - - - - - - - - - - - - - - - - - -
[ ID] Interval           Transfer     Bitrate         Jitter    Lost/Total Datagrams
[102]   0.00-30.00  sec  15.5 MBytes  4.34 Mbits/sec  0.000 ms  0/11234 (0%)  sender
[102]   0.00-30.00  sec  6.56 MBytes  1.83 Mbits/sec  7.873 ms  0/4747 (0%)  receiver

iperf Done.
