Connecting to host 10.0.0.9, port 13009
[102] local 10.0.0.13 port 52904 connected to 10.0.0.9 port 13009
[ ID] Interval           Transfer     Bitrate         Total Datagrams
[102]   0.00-1.00   sec  2.31 MBytes  19.4 Mbits/sec  1676  
[102]   1.00-2.00   sec  2.32 MBytes  19.4 Mbits/sec  1677  
[102]   2.00-3.00   sec   861 KBytes  7.05 Mbits/sec  610  
[102]   3.00-4.00   sec   650 KBytes  5.33 Mbits/sec  460  
[102]   4.00-5.00   sec   655 KBytes  5.36 Mbits/sec  463  
[102]   5.00-6.00   sec   650 KBytes  5.33 Mbits/sec  460  
[102]   6.00-7.00   sec   653 KBytes  5.35 Mbits/sec  462  
[102]   7.00-8.00   sec  1.62 MBytes  13.6 Mbits/sec  1171  
[102]   8.00-9.00   sec  1.95 MBytes  16.3 Mbits/sec  1410  
[102]   9.00-10.00  sec  2.43 MBytes  20.4 Mbits/sec  1763  
[102]  10.00-11.00  sec  2.59 MBytes  21.7 Mbits/sec  1873  
[102]  11.00-12.00  sec  2.62 MBytes  22.0 Mbits/sec  1897  
[102]  12.00-13.00  sec  2.73 MBytes  22.9 Mbits/sec  1980  
[102]  13.00-14.00  sec  2.56 MBytes  21.5 Mbits/sec  1852  
[102]  14.00-15.00  sec  2.64 MBytes  22.1 Mbits/sec  1910  
[102]  15.00-16.00  sec  2.63 MBytes  22.0 Mbits/sec  1901  
[102]  16.00-17.00  sec  2.61 MBytes  21.9 Mbits/sec  1887  
[102]  17.00-18.00  sec  2.62 MBytes  22.0 Mbits/sec  1898  
[102]  18.00-19.00  sec  2.58 MBytes  21.6 Mbits/sec  1866  
[102]  19.00-20.00  sec  1.44 MBytes  12.1 Mbits/sec  1043  
[102]  20.00-21.00  sec  0.00 Bytes  0.00 bits/sec  0  
[102]  21.00-22.00  sec  0.00 Bytes  0.00 bits/sec  0  
[102]  22.00-23.00  sec  0.00 Bytes  0.00 bits/sec  0  
[102]  23.00-24.00  sec  0.00 Bytes  0.00 bits/sec  0  
[102]  24.00-25.00  sec  0.00 Bytes  0.00 bits/sec  0  
[102]  25.00-26.00  sec  21.1 MBytes   177 Mbits/sec  15308  
[102]  26.00-27.00  sec  2.31 MBytes  19.4 Mbits/sec  1676  
[102]  27.00-28.00  sec  2.31 MBytes  19.4 Mbits/sec  1676  
[102]  28.00-29.00  sec  2.31 MBytes  19.4 Mbits/sec  1674  
[102]  29.00-30.00  sec  2.31 MBytes  19.4 Mbits/sec  1675  
- - - - - - - - - - - - - - - - - - - - - - - - -
[ ID] Interval           Transfer     Bitrate         Jitter    Lost/Total Datagrams
[102]   0.00-30.00  sec  69.4 MBytes  19.4 Mbits/sec  0.000 ms  0/50268 (0%)  sender
[102]   0.00-30.47  sec  39.0 MBytes  10.7 Mbits/sec  7.931 ms  0/28258 (0%)  receiver

iperf Done.
