Connecting to host 10.0.0.14, port 16014
[102] local 10.0.0.16 port 36741 connected to 10.0.0.14 port 16014
[ ID] Interval           Transfer     Bitrate         Total Datagrams
[102]   0.00-1.00   sec  18.4 KBytes   150 Kbits/sec  13  
[102]   1.00-2.00   sec  18.4 KBytes   151 Kbits/sec  13  
[102]   2.00-3.00   sec  18.4 KBytes   151 Kbits/sec  13  
[102]   3.00-4.00   sec  18.4 KBytes   151 Kbits/sec  13  
[102]   4.00-5.00   sec  18.4 KBytes   151 Kbits/sec  13  
[102]   5.00-6.00   sec  18.4 KBytes   151 Kbits/sec  13  
[102]   6.00-7.00   sec  18.4 KBytes   150 Kbits/sec  13  
[102]   7.00-8.00   sec  18.4 KBytes   151 Kbits/sec  13  
[102]   8.00-9.00   sec  17.0 KBytes   139 Kbits/sec  12  
[102]   9.00-10.00  sec  18.4 KBytes   151 Kbits/sec  13  
[102]  10.00-11.00  sec  18.4 KBytes   151 Kbits/sec  13  
[102]  11.00-12.00  sec  18.4 KBytes   151 Kbits/sec  13  
[102]  12.00-13.00  sec  18.4 KBytes   151 Kbits/sec  13  
[102]  13.00-14.00  sec  18.4 KBytes   151 Kbits/sec  13  
[102]  14.00-15.00  sec  18.4 KBytes   151 Kbits/sec  13  
[102]  15.00-16.00  sec  18.4 KBytes   151 Kbits/sec  13  
[102]  16.00-17.00  sec  18.4 KBytes   151 Kbits/sec  13  
[102]  17.00-18.00  sec  17.0 KBytes   139 Kbits/sec  12  
[102]  18.00-19.00  sec  18.4 KBytes   151 Kbits/sec  13  
[102]  19.00-20.00  sec  18.4 KBytes   151 Kbits/sec  13  
[102]  20.00-21.00  sec  18.4 KBytes   151 Kbits/sec  13  
[102]  21.00-22.00  sec  18.4 KBytes   151 Kbits/sec  13  
[102]  22.00-23.00  sec  18.4 KBytes   151 Kbits/sec  13  
[102]  23.00-24.00  sec  18.4 KBytes   151 Kbits/sec  13  
[102]  24.00-25.00  sec  18.4 KBytes   151 Kbits/sec  13  
[102]  25.00-26.00  sec  17.0 KBytes   139 Kbits/sec  12  
[102]  26.00-27.00  sec  18.4 KBytes   151 Kbits/sec  13  
[102]  27.00-28.00  sec  18.4 KBytes   151 Kbits/sec  13  
[102]  28.00-29.00  sec  18.4 KBytes   151 Kbits/sec  13  
[102]  29.00-30.00  sec  18.4 KBytes   151 Kbits/sec  13  
- - - - - - - - - - - - - - - - - - - - - - - - -
[ ID] Interval           Transfer     Bitrate         Jitter    Lost/Total Datagrams
[102]   0.00-30.00  sec   547 KBytes   149 Kbits/sec  0.000 ms  0/387 (0%)  sender
[102]   0.00-30.00  sec   520 KBytes   142 Kbits/sec  112.652 ms  0/368 (0%)  receiver

iperf Done.
