Connecting to host 10.0.0.1, port 16001
[102] local 10.0.0.16 port 52648 connected to 10.0.0.1 port 16001
[ ID] Interval           Transfer     Bitrate         Total Datagrams
[102]   0.00-1.00   sec  1.92 MBytes  16.1 Mbits/sec  1390  
[102]   1.00-2.00   sec  1.92 MBytes  16.1 Mbits/sec  1389  
[102]   2.00-3.00   sec  1.92 MBytes  16.1 Mbits/sec  1388  
[102]   3.00-4.00   sec  1.92 MBytes  16.1 Mbits/sec  1390  
[102]   4.00-5.00   sec  1.92 MBytes  16.1 Mbits/sec  1388  
[102]   5.00-6.00   sec  1.92 MBytes  16.1 Mbits/sec  1390  
[102]   6.00-7.00   sec  1.92 MBytes  16.1 Mbits/sec  1389  
[102]   7.00-8.00   sec  1.92 MBytes  16.1 Mbits/sec  1388  
[102]   8.00-9.00   sec  1.92 MBytes  16.1 Mbits/sec  1389  
[102]   9.00-10.00  sec  1.92 MBytes  16.1 Mbits/sec  1389  
[102]  10.00-11.00  sec  1.92 MBytes  16.1 Mbits/sec  1389  
[102]  11.00-12.00  sec  1.92 MBytes  16.1 Mbits/sec  1388  
[102]  12.00-13.00  sec  1.92 MBytes  16.1 Mbits/sec  1390  
[102]  13.00-14.00  sec  1.92 MBytes  16.1 Mbits/sec  1388  
[102]  14.00-15.00  sec  1.92 MBytes  16.1 Mbits/sec  1389  
[102]  15.00-16.00  sec  1.92 MBytes  16.1 Mbits/sec  1389  
[102]  16.00-17.00  sec  1.92 MBytes  16.1 Mbits/sec  1389  
[102]  17.00-18.00  sec  1.92 MBytes  16.1 Mbits/sec  1388  
[102]  18.00-19.00  sec  1.92 MBytes  16.1 Mbits/sec  1390  
[102]  19.00-20.00  sec  1.92 MBytes  16.1 Mbits/sec  1388  
[102]  20.00-21.00  sec  1.92 MBytes  16.1 Mbits/sec  1389  
[102]  21.00-22.00  sec  1.92 MBytes  16.1 Mbits/sec  1389  
[102]  22.00-23.00  sec  1.92 MBytes  16.1 Mbits/sec  1388  
[102]  23.00-24.00  sec  1.92 MBytes  16.1 Mbits/sec  1390  
[102]  24.00-25.00  sec  1.92 MBytes  16.1 Mbits/sec  1387  
[102]  25.00-26.00  sec  1.92 MBytes  16.1 Mbits/sec  1389  
[102]  26.00-27.00  sec  1.11 MBytes  9.34 Mbits/sec  808  
[102]  27.00-28.00  sec   652 KBytes  5.34 Mbits/sec  461  
[102]  28.00-29.00  sec   655 KBytes  5.37 Mbits/sec  463  
[102]  29.00-30.00  sec   491 KBytes  4.01 Mbits/sec  347  
- - - - - - - - - - - - - - - - - - - - - - - - -
[ ID] Interval           Transfer     Bitrate         Jitter    Lost/Total Datagrams
[102]   0.00-30.00  sec  52.7 MBytes  14.7 Mbits/sec  0.000 ms  0/38189 (0%)  sender
[102]   0.00-30.00  sec  52.6 MBytes  14.7 Mbits/sec  0.683 ms  0/38073 (0%)  receiver

iperf Done.
