Connecting to host 10.0.0.2, port 16002
[102] local 10.0.0.16 port 58002 connected to 10.0.0.2 port 16002
[ ID] Interval           Transfer     Bitrate         Total Datagrams
[102]   0.00-1.00   sec   148 KBytes  1.22 Mbits/sec  105  
[102]   1.00-2.00   sec   147 KBytes  1.20 Mbits/sec  104  
[102]   2.00-3.00   sec   147 KBytes  1.20 Mbits/sec  104  
[102]   3.00-4.00   sec   147 KBytes  1.20 Mbits/sec  104  
[102]   4.00-5.00   sec   147 KBytes  1.21 Mbits/sec  104  
[102]   5.00-6.00   sec   148 KBytes  1.22 Mbits/sec  105  
[102]   6.00-7.00   sec   147 KBytes  1.20 Mbits/sec  104  
[102]   7.00-8.00   sec   147 KBytes  1.20 Mbits/sec  104  
[102]   8.00-9.00   sec   147 KBytes  1.21 Mbits/sec  104  
[102]   9.00-10.00  sec   147 KBytes  1.20 Mbits/sec  104  
[102]  10.00-11.00  sec   148 KBytes  1.22 Mbits/sec  105  
[102]  11.00-12.00  sec   147 KBytes  1.21 Mbits/sec  104  
[102]  12.00-13.00  sec   147 KBytes  1.20 Mbits/sec  104  
[102]  13.00-14.00  sec   147 KBytes  1.20 Mbits/sec  104  
[102]  14.00-15.00  sec   147 KBytes  1.20 Mbits/sec  104  
[102]  15.00-16.00  sec   148 KBytes  1.22 Mbits/sec  105  
[102]  16.00-17.00  sec   147 KBytes  1.20 Mbits/sec  104  
[102]  17.00-18.00  sec   147 KBytes  1.20 Mbits/sec  104  
[102]  18.00-19.00  sec   147 KBytes  1.20 Mbits/sec  104  
[102]  19.00-20.00  sec   147 KBytes  1.21 Mbits/sec  104  
[102]  20.00-21.00  sec   147 KBytes  1.20 Mbits/sec  104  
[102]  21.00-22.00  sec   148 KBytes  1.22 Mbits/sec  105  
[102]  22.00-23.00  sec   147 KBytes  1.21 Mbits/sec  104  
[102]  23.00-24.00  sec   147 KBytes  1.20 Mbits/sec  104  
[102]  24.00-25.00  sec   147 KBytes  1.21 Mbits/sec  104  
[102]  25.00-26.00  sec   147 KBytes  1.21 Mbits/sec  104  
[102]  26.00-27.00  sec   148 KBytes  1.22 Mbits/sec  105  
[102]  27.00-28.00  sec   147 KBytes  1.20 Mbits/sec  104  
[102]  28.00-29.00  sec   147 KBytes  1.20 Mbits/sec  104  
[102]  29.00-30.00  sec   147 KBytes  1.21 Mbits/sec  104  
- - - - - - - - - - - - - - - - - - - - - - - - -
[ ID] Interval           Transfer     Bitrate         Jitter    Lost/Total Datagrams
[102]   0.00-30.00  sec  4.32 MBytes  1.21 Mbits/sec  0.000 ms  0/3126 (0%)  sender
[102]   0.00-30.00  sec  4.31 MBytes  1.20 Mbits/sec  5.705 ms  0/3120 (0%)  receiver

iperf Done.
