Connecting to host 10.0.0.4, port 16004
[102] local 10.0.0.16 port 42010 connected to 10.0.0.4 port 16004
[ ID] Interval           Transfer     Bitrate         Total Datagrams
[102]   0.00-1.00   sec   636 KBytes  5.21 Mbits/sec  450  
[102]   1.00-2.00   sec   636 KBytes  5.21 Mbits/sec  450  
[102]   2.00-3.00   sec   635 KBytes  5.20 Mbits/sec  449  
[102]   3.00-4.00   sec   635 KBytes  5.20 Mbits/sec  449  
[102]   4.00-5.00   sec   636 KBytes  5.21 Mbits/sec  450  
[102]   5.00-6.00   sec   635 KBytes  5.20 Mbits/sec  449  
[102]   6.00-7.00   sec   636 KBytes  5.21 Mbits/sec  450  
[102]   7.00-8.00   sec   635 KBytes  5.20 Mbits/sec  449  
[102]   8.00-9.00   sec   635 KBytes  5.21 Mbits/sec  449  
[102]   9.00-10.00  sec   636 KBytes  5.21 Mbits/sec  450  
[102]  10.00-11.00  sec   635 KBytes  5.21 Mbits/sec  449  
[102]  11.00-12.00  sec   636 KBytes  5.21 Mbits/sec  450  
[102]  12.00-13.00  sec   635 KBytes  5.20 Mbits/sec  449  
[102]  13.00-14.00  sec   635 KBytes  5.20 Mbits/sec  449  
[102]  14.00-15.00  sec   636 KBytes  5.21 Mbits/sec  450  
[102]  15.00-16.00  sec   635 KBytes  5.20 Mbits/sec  449  
[102]  16.00-17.00  sec   636 KBytes  5.21 Mbits/sec  450  
[102]  17.00-18.00  sec   635 KBytes  5.20 Mbits/sec  449  
[102]  18.00-19.00  sec   635 KBytes  5.20 Mbits/sec  449  
[102]  19.00-20.00  sec   635 KBytes  5.20 Mbits/sec  449  
[102]  20.00-21.00  sec   636 KBytes  5.21 Mbits/sec  450  
[102]  21.00-22.00  sec   635 KBytes  5.20 Mbits/sec  449  
[102]  22.00-23.00  sec   636 KBytes  5.21 Mbits/sec  450  
[102]  23.00-24.00  sec   635 KBytes  5.20 Mbits/sec  449  
[102]  24.00-25.00  sec   636 KBytes  5.21 Mbits/sec  450  
[102]  25.00-26.00  sec   635 KBytes  5.20 Mbits/sec  449  
[102]  26.00-27.00  sec   635 KBytes  5.20 Mbits/sec  449  
[102]  27.00-28.00  sec   636 KBytes  5.21 Mbits/sec  450  
[102]  28.00-29.00  sec   635 KBytes  5.20 Mbits/sec  449  
[102]  29.00-30.00  sec   635 KBytes  5.20 Mbits/sec  449  
- - - - - - - - - - - - - - - - - - - - - - - - -
[ ID] Interval           Transfer     Bitrate         Jitter    Lost/Total Datagrams
[102]   0.00-30.00  sec  18.6 MBytes  5.21 Mbits/sec  0.000 ms  0/13482 (0%)  sender
[102]   0.00-30.00  sec  18.6 MBytes  5.21 Mbits/sec  0.001 ms  0/13482 (0%)  receiver

iperf Done.
