Connecting to host 10.0.0.9, port 16009
[102] local 10.0.0.16 port 48323 connected to 10.0.0.9 port 16009
[ ID] Interval           Transfer     Bitrate         Total Datagrams
[102]   0.00-1.00   sec  41.0 KBytes   336 Kbits/sec  29  
[102]   1.00-2.00   sec  39.6 KBytes   325 Kbits/sec  28  
[102]   2.00-3.00   sec  39.6 KBytes   324 Kbits/sec  28  
[102]   3.00-4.00   sec  39.6 KBytes   324 Kbits/sec  28  
[102]   4.00-5.00   sec  39.6 KBytes   324 Kbits/sec  28  
[102]   5.00-6.00   sec  41.0 KBytes   336 Kbits/sec  29  
[102]   6.00-7.00   sec  39.6 KBytes   324 Kbits/sec  28  
[102]   7.00-8.00   sec  39.6 KBytes   324 Kbits/sec  28  
[102]   8.00-9.00   sec  39.6 KBytes   324 Kbits/sec  28  
[102]   9.00-10.00  sec  39.6 KBytes   325 Kbits/sec  28  
[102]  10.00-11.00  sec  41.0 KBytes   336 Kbits/sec  29  
[102]  11.00-12.00  sec  39.6 KBytes   324 Kbits/sec  28  
[102]  12.00-13.00  sec  39.6 KBytes   325 Kbits/sec  28  
[102]  13.00-14.00  sec  39.6 KBytes   324 Kbits/sec  28  
[102]  14.00-15.00  sec  39.6 KBytes   324 Kbits/sec  28  
[102]  15.00-16.00  sec  39.6 KBytes   324 Kbits/sec  28  
[102]  16.00-17.00  sec  41.0 KBytes   336 Kbits/sec  29  
[102]  17.00-18.00  sec  39.6 KBytes   324 Kbits/sec  28  
[102]  18.00-19.00  sec  39.6 KBytes   325 Kbits/sec  28  
[102]  19.00-20.00  sec  39.6 KBytes   324 Kbits/sec  28  
[102]  20.00-21.00  sec  39.6 KBytes   324 Kbits/sec  28  
[102]  21.00-22.00  sec  41.0 KBytes   336 Kbits/sec  29  
[102]  22.00-23.00  sec  39.6 KBytes   324 Kbits/sec  28  
[102]  23.00-24.00  sec  39.6 KBytes   324 Kbits/sec  28  
[102]  24.00-25.00  sec  39.6 KBytes   325 Kbits/sec  28  
[102]  25.00-26.00  sec  39.6 KBytes   324 Kbits/sec  28  
[102]  26.00-27.00  sec  41.0 KBytes   336 Kbits/sec  29  
[102]  27.00-28.00  sec  39.6 KBytes   325 Kbits/sec  28  
[102]  28.00-29.00  sec  39.6 KBytes   324 Kbits/sec  28  
[102]  29.00-30.00  sec  39.6 KBytes   324 Kbits/sec  28  
- - - - - - - - - - - - - - - - - - - - - - - - -
[ ID] Interval           Transfer     Bitrate         Jitter    Lost/Total Datagrams
[102]   0.00-30.00  sec  1.17 MBytes   327 Kbits/sec  0.000 ms  0/846 (0%)  sender
[102]   0.00-30.00  sec  1.17 MBytes   327 Kbits/sec  0.015 ms  0/846 (0%)  receiver

iperf Done.
