Connecting to host 10.0.0.12, port 17012
[102] local 10.0.0.17 port 55116 connected to 10.0.0.12 port 17012
[ ID] Interval           Transfer     Bitrate         Total Datagrams
[102]   0.00-1.00   sec   652 KBytes  5.33 Mbits/sec  461  
[102]   1.00-2.00   sec   649 KBytes  5.32 Mbits/sec  460  
[102]   2.00-3.00   sec   649 KBytes  5.32 Mbits/sec  459  
[102]   3.00-4.00   sec   650 KBytes  5.33 Mbits/sec  460  
[102]   4.00-5.00   sec   649 KBytes  5.32 Mbits/sec  459  
[102]   5.00-6.00   sec   652 KBytes  5.34 Mbits/sec  461  
[102]   6.00-7.00   sec   649 KBytes  5.32 Mbits/sec  459  
[102]   7.00-8.00   sec   650 KBytes  5.33 Mbits/sec  460  
[102]   8.00-9.00   sec   650 KBytes  5.33 Mbits/sec  460  
[102]   9.00-10.00  sec   650 KBytes  5.33 Mbits/sec  460  
[102]  10.00-11.00  sec   649 KBytes  5.32 Mbits/sec  459  
[102]  11.00-12.00  sec   650 KBytes  5.33 Mbits/sec  460  
[102]  12.00-13.00  sec   650 KBytes  5.33 Mbits/sec  460  
[102]  13.00-14.00  sec   650 KBytes  5.33 Mbits/sec  460  
[102]  14.00-15.00  sec   650 KBytes  5.32 Mbits/sec  460  
[102]  15.00-16.00  sec   650 KBytes  5.33 Mbits/sec  460  
[102]  16.00-17.00  sec   649 KBytes  5.32 Mbits/sec  459  
[102]  17.00-18.00  sec   650 KBytes  5.33 Mbits/sec  460  
[102]  18.00-19.00  sec   650 KBytes  5.33 Mbits/sec  460  
[102]  19.00-20.00  sec   650 KBytes  5.32 Mbits/sec  460  
[102]  20.00-21.00  sec   649 KBytes  5.32 Mbits/sec  459  
[102]  21.00-22.00  sec   650 KBytes  5.33 Mbits/sec  460  
[102]  22.00-23.00  sec   650 KBytes  5.33 Mbits/sec  460  
[102]  23.00-24.00  sec   650 KBytes  5.33 Mbits/sec  460  
[102]  24.00-25.00  sec   650 KBytes  5.33 Mbits/sec  460  
[102]  25.00-26.00  sec   649 KBytes  5.32 Mbits/sec  459  
[102]  26.00-27.00  sec   650 KBytes  5.33 Mbits/sec  460  
[102]  27.00-28.00  sec   650 KBytes  5.33 Mbits/sec  460  
[102]  28.00-29.00  sec   650 KBytes  5.33 Mbits/sec  460  
[102]  29.00-30.00  sec   650 KBytes  5.33 Mbits/sec  460  
- - - - - - - - - - - - - - - - - - - - - - - - -
[ ID] Interval           Transfer     Bitrate         Jitter    Lost/Total Datagrams
[102]   0.00-30.00  sec  19.0 MBytes  5.33 Mbits/sec  0.000 ms  0/13795 (0%)  sender
[102]   0.00-30.00  sec  18.2 MBytes  5.09 Mbits/sec  0.001 ms  599/13792 (4.3%)  receiver

iperf Done.
