Connecting to host 10.0.0.11, port 17011
[102] local 10.0.0.17 port 42266 connected to 10.0.0.11 port 17011
[ ID] Interval           Transfer     Bitrate         Total Datagrams
[102]   0.00-1.00   sec  2.06 MBytes  17.3 Mbits/sec  1494  
[102]   1.00-2.00   sec  1.75 MBytes  14.7 Mbits/sec  1265  
[102]   2.00-3.00   sec  23.0 MBytes   193 Mbits/sec  16643  
[102]   3.00-4.00   sec  1.75 MBytes  14.7 Mbits/sec  1268  
[102]   4.00-5.00   sec  21.0 MBytes   176 Mbits/sec  15205  
[102]   5.00-6.00   sec  12.0 MBytes   101 Mbits/sec  8700  
[102]   6.00-7.00   sec  3.67 MBytes  30.8 Mbits/sec  2662  
[102]   7.00-8.00   sec  2.08 MBytes  17.4 Mbits/sec  1505  
[102]   8.00-9.00   sec  2.08 MBytes  17.4 Mbits/sec  1503  
[102]   9.00-10.00  sec  1.94 MBytes  16.3 Mbits/sec  1407  
[102]  10.00-11.00  sec  2.05 MBytes  17.2 Mbits/sec  1489  
[102]  11.00-12.00  sec  2.08 MBytes  17.5 Mbits/sec  1507  
[102]  12.00-13.00  sec  1.92 MBytes  16.1 Mbits/sec  1392  
[102]  13.00-14.00  sec  2.08 MBytes  17.5 Mbits/sec  1507  
[102]  14.00-15.00  sec  2.07 MBytes  17.4 Mbits/sec  1501  
[102]  15.00-16.00  sec  2.06 MBytes  17.3 Mbits/sec  1495  
[102]  16.00-17.00  sec  1.92 MBytes  16.1 Mbits/sec  1387  
[102]  17.00-18.00  sec  2.08 MBytes  17.4 Mbits/sec  1504  
[102]  18.00-19.00  sec   813 KBytes  6.66 Mbits/sec  575  
[102]  19.00-20.00  sec   653 KBytes  5.35 Mbits/sec  462  
[102]  20.00-21.00  sec   655 KBytes  5.36 Mbits/sec  463  
[102]  21.00-22.00  sec   491 KBytes  4.02 Mbits/sec  347  
[102]  22.00-23.00  sec   814 KBytes  6.67 Mbits/sec  576  
[102]  23.00-24.00  sec   817 KBytes  6.70 Mbits/sec  578  
[102]  24.00-25.00  sec   814 KBytes  6.67 Mbits/sec  576  
[102]  25.00-26.00  sec   813 KBytes  6.67 Mbits/sec  575  
[102]  26.00-27.00  sec   976 KBytes  7.99 Mbits/sec  690  
[102]  27.00-28.00  sec  1.91 MBytes  16.0 Mbits/sec  1383  
[102]  28.00-29.00  sec  1.91 MBytes  16.0 Mbits/sec  1385  
[102]  29.00-30.00  sec  1.98 MBytes  16.6 Mbits/sec  1433  
- - - - - - - - - - - - - - - - - - - - - - - - -
[ ID] Interval           Transfer     Bitrate         Jitter    Lost/Total Datagrams
[102]   0.00-30.00  sec   100 MBytes  28.0 Mbits/sec  0.000 ms  0/72477 (0%)  sender
[102]   0.00-30.08  sec  47.1 MBytes  13.1 Mbits/sec  4.389 ms  38303/72436 (53%)  receiver

iperf Done.
