Connecting to host 10.0.0.13, port 17013
[102] local 10.0.0.17 port 51810 connected to 10.0.0.13 port 17013
[ ID] Interval           Transfer     Bitrate         Total Datagrams
[102]   0.00-1.00   sec  2.07 MBytes  17.3 Mbits/sec  1499  
[102]   1.00-2.00   sec  1.75 MBytes  14.7 Mbits/sec  1268  
[102]   2.00-3.00   sec  1.75 MBytes  14.7 Mbits/sec  1269  
[102]   3.00-4.00   sec  1.75 MBytes  14.7 Mbits/sec  1268  
[102]   4.00-5.00   sec  1.75 MBytes  14.7 Mbits/sec  1265  
[102]   5.00-6.00   sec  2.39 MBytes  20.1 Mbits/sec  1734  
[102]   6.00-7.00   sec  5.07 MBytes  42.5 Mbits/sec  3668  
[102]   7.00-8.00   sec  4.22 MBytes  35.4 Mbits/sec  3053  
[102]   8.00-9.00   sec  2.59 MBytes  21.8 Mbits/sec  1876  
[102]   9.00-10.00  sec  2.59 MBytes  21.7 Mbits/sec  1879  
[102]  10.00-11.00  sec  2.59 MBytes  21.8 Mbits/sec  1876  
[102]  11.00-12.00  sec  2.60 MBytes  21.8 Mbits/sec  1880  
[102]  12.00-13.00  sec  2.59 MBytes  21.8 Mbits/sec  1878  
[102]  13.00-14.00  sec  2.59 MBytes  21.7 Mbits/sec  1875  
[102]  14.00-15.00  sec  2.59 MBytes  21.8 Mbits/sec  1879  
[102]  15.00-16.00  sec  2.59 MBytes  21.8 Mbits/sec  1879  
[102]  16.00-17.00  sec  2.59 MBytes  21.7 Mbits/sec  1877  
[102]  17.00-18.00  sec  2.59 MBytes  21.8 Mbits/sec  1876  
[102]  18.00-19.00  sec  2.60 MBytes  21.8 Mbits/sec  1880  
[102]  19.00-20.00  sec  2.59 MBytes  21.7 Mbits/sec  1877  
[102]  20.00-21.00  sec  2.59 MBytes  21.8 Mbits/sec  1878  
[102]  21.00-22.00  sec  2.59 MBytes  21.8 Mbits/sec  1877  
[102]  22.00-23.00  sec  2.59 MBytes  21.7 Mbits/sec  1878  
[102]  23.00-24.00  sec  2.59 MBytes  21.8 Mbits/sec  1878  
[102]  24.00-25.00  sec  2.59 MBytes  21.8 Mbits/sec  1878  
[102]  25.00-26.00  sec  2.59 MBytes  21.8 Mbits/sec  1878  
[102]  26.00-27.00  sec  2.59 MBytes  21.7 Mbits/sec  1877  
[102]  27.00-28.00  sec  2.59 MBytes  21.8 Mbits/sec  1878  
[102]  28.00-29.00  sec  2.59 MBytes  21.8 Mbits/sec  1876  
[102]  29.00-30.00  sec  2.59 MBytes  21.7 Mbits/sec  1879  
- - - - - - - - - - - - - - - - - - - - - - - - -
[ ID] Interval           Transfer     Bitrate         Jitter    Lost/Total Datagrams
[102]   0.00-30.00  sec  77.8 MBytes  21.8 Mbits/sec  0.000 ms  0/56333 (0%)  sender
[102]   0.00-30.00  sec  77.8 MBytes  21.8 Mbits/sec  0.001 ms  0/56333 (0%)  receiver

iperf Done.
