Connecting to host 10.0.0.22, port 17022
[102] local 10.0.0.17 port 34943 connected to 10.0.0.22 port 17022
[ ID] Interval           Transfer     Bitrate         Total Datagrams
[102]   0.00-1.00   sec  1.55 MBytes  13.0 Mbits/sec  1124  
[102]   1.00-2.00   sec  1.55 MBytes  13.0 Mbits/sec  1125  
[102]   2.00-3.00   sec  1.55 MBytes  13.0 Mbits/sec  1123  
[102]   3.00-4.00   sec  1.55 MBytes  13.0 Mbits/sec  1123  
[102]   4.00-5.00   sec  1.55 MBytes  13.0 Mbits/sec  1124  
[102]   5.00-6.00   sec  1.55 MBytes  13.0 Mbits/sec  1124  
[102]   6.00-7.00   sec  1.55 MBytes  13.0 Mbits/sec  1123  
[102]   7.00-8.00   sec  1.55 MBytes  13.0 Mbits/sec  1124  
[102]   8.00-9.00   sec  1.55 MBytes  13.0 Mbits/sec  1123  
[102]   9.00-10.00  sec  1.55 MBytes  13.0 Mbits/sec  1125  
[102]  10.00-11.00  sec  1.55 MBytes  13.0 Mbits/sec  1123  
[102]  11.00-12.00  sec  1.55 MBytes  13.0 Mbits/sec  1124  
[102]  12.00-13.00  sec  1.55 MBytes  13.0 Mbits/sec  1123  
[102]  13.00-14.00  sec  1.55 MBytes  13.0 Mbits/sec  1124  
[102]  14.00-15.00  sec  1.55 MBytes  13.0 Mbits/sec  1123  
[102]  15.00-16.00  sec  1.55 MBytes  13.0 Mbits/sec  1123  
[102]  16.00-17.00  sec  1.55 MBytes  13.0 Mbits/sec  1125  
[102]  17.00-18.00  sec  1.55 MBytes  13.0 Mbits/sec  1123  
[102]  18.00-19.00  sec  1.55 MBytes  13.0 Mbits/sec  1124  
[102]  19.00-20.00  sec  1.55 MBytes  13.0 Mbits/sec  1123  
[102]  20.00-21.00  sec  1.55 MBytes  13.0 Mbits/sec  1124  
[102]  21.00-22.00  sec  1.55 MBytes  13.0 Mbits/sec  1124  
[102]  22.00-23.00  sec  1.55 MBytes  13.0 Mbits/sec  1124  
[102]  23.00-24.00  sec  1.55 MBytes  13.0 Mbits/sec  1123  
[102]  24.00-25.00  sec  1.55 MBytes  13.0 Mbits/sec  1124  
[102]  25.00-26.00  sec  1.55 MBytes  13.0 Mbits/sec  1123  
[102]  26.00-27.00  sec  1.55 MBytes  13.0 Mbits/sec  1124  
[102]  27.00-28.00  sec  1.55 MBytes  13.0 Mbits/sec  1124  
[102]  28.00-29.00  sec  1.55 MBytes  13.0 Mbits/sec  1123  
[102]  29.00-30.00  sec  1.55 MBytes  13.0 Mbits/sec  1124  
- - - - - - - - - - - - - - - - - - - - - - - - -
[ ID] Interval           Transfer     Bitrate         Jitter    Lost/Total Datagrams
[102]   0.00-30.00  sec  46.6 MBytes  13.0 Mbits/sec  0.000 ms  0/33710 (0%)  sender
[102]   0.00-30.00  sec  44.8 MBytes  12.5 Mbits/sec  0.002 ms  1296/33710 (3.8%)  receiver

iperf Done.
