Connecting to host 10.0.0.3, port 17003
[102] local 10.0.0.17 port 34371 connected to 10.0.0.3 port 17003
[ ID] Interval           Transfer     Bitrate         Total Datagrams
[102]   0.00-1.00   sec  1.76 MBytes  14.7 Mbits/sec  1274  
[102]   1.00-2.00   sec  1.76 MBytes  14.7 Mbits/sec  1272  
[102]   2.00-3.00   sec  1.76 MBytes  14.7 Mbits/sec  1271  
[102]   3.00-4.00   sec  1.76 MBytes  14.7 Mbits/sec  1273  
[102]   4.00-5.00   sec  1.76 MBytes  14.7 Mbits/sec  1273  
[102]   5.00-6.00   sec  1.76 MBytes  14.7 Mbits/sec  1271  
[102]   6.00-7.00   sec  1.76 MBytes  14.7 Mbits/sec  1272  
[102]   7.00-8.00   sec  1.76 MBytes  14.7 Mbits/sec  1273  
[102]   8.00-9.00   sec  1.76 MBytes  14.7 Mbits/sec  1272  
[102]   9.00-10.00  sec  1.76 MBytes  14.7 Mbits/sec  1272  
[102]  10.00-11.00  sec  1.76 MBytes  14.7 Mbits/sec  1272  
[102]  11.00-12.00  sec  1.76 MBytes  14.7 Mbits/sec  1273  
[102]  12.00-13.00  sec  1.76 MBytes  14.7 Mbits/sec  1272  
[102]  13.00-14.00  sec  1.76 MBytes  14.7 Mbits/sec  1272  
[102]  14.00-15.00  sec  1.76 MBytes  14.7 Mbits/sec  1272  
[102]  15.00-16.00  sec  1.76 MBytes  14.7 Mbits/sec  1272  
[102]  16.00-17.00  sec  1.76 MBytes  14.7 Mbits/sec  1272  
[102]  17.00-18.00  sec  1.76 MBytes  14.7 Mbits/sec  1273  
[102]  18.00-19.00  sec  1.76 MBytes  14.7 Mbits/sec  1272  
[102]  19.00-20.00  sec  1.76 MBytes  14.7 Mbits/sec  1272  
[102]  20.00-21.00  sec  1.76 MBytes  14.7 Mbits/sec  1272  
[102]  21.00-22.00  sec  1.22 MBytes  10.2 Mbits/sec  882  
[102]  22.00-23.00  sec   491 KBytes  4.02 Mbits/sec  347  
[102]  23.00-24.00  sec   653 KBytes  5.35 Mbits/sec  462  
[102]  24.00-25.00  sec   491 KBytes  4.02 Mbits/sec  347  
[102]  25.00-26.00  sec   817 KBytes  6.69 Mbits/sec  578  
[102]  26.00-27.00  sec   820 KBytes  6.72 Mbits/sec  580  
[102]  27.00-28.00  sec   816 KBytes  6.69 Mbits/sec  577  
[102]  28.00-29.00  sec   813 KBytes  6.66 Mbits/sec  575  
[102]  29.00-30.00  sec   981 KBytes  8.03 Mbits/sec  694  
- - - - - - - - - - - - - - - - - - - - - - - - -
[ ID] Interval           Transfer     Bitrate         Jitter    Lost/Total Datagrams
[102]   0.00-30.00  sec  43.9 MBytes  12.3 Mbits/sec  0.000 ms  0/31759 (0%)  sender
[102]   0.00-30.00  sec  41.5 MBytes  11.6 Mbits/sec  0.481 ms  1608/31641 (5.1%)  receiver

iperf Done.
