Connecting to host 10.0.0.8, port 17008
[102] local 10.0.0.17 port 36501 connected to 10.0.0.8 port 17008
[ ID] Interval           Transfer     Bitrate         Total Datagrams
[102]   0.00-1.00   sec  2.70 MBytes  22.6 Mbits/sec  1955  
[102]   1.00-2.00   sec  1.91 MBytes  16.0 Mbits/sec  1380  
[102]   2.00-3.00   sec  1.75 MBytes  14.7 Mbits/sec  1265  
[102]   3.00-4.00   sec  28.7 MBytes   241 Mbits/sec  20804  
[102]   4.00-5.00   sec  1.59 MBytes  13.4 Mbits/sec  1155  
[102]   5.00-6.00   sec  30.3 MBytes   255 Mbits/sec  21967  
[102]   6.00-7.00   sec  11.2 MBytes  93.7 Mbits/sec  8086  
[102]   7.00-8.00   sec  3.41 MBytes  28.6 Mbits/sec  2470  
[102]   8.00-9.00   sec  2.08 MBytes  17.4 Mbits/sec  1504  
[102]   9.00-10.00  sec  1.91 MBytes  16.1 Mbits/sec  1386  
[102]  10.00-11.00  sec  2.07 MBytes  17.4 Mbits/sec  1502  
[102]  11.00-12.00  sec  2.08 MBytes  17.5 Mbits/sec  1509  
[102]  12.00-13.00  sec  1.92 MBytes  16.1 Mbits/sec  1392  
[102]  13.00-14.00  sec  2.08 MBytes  17.5 Mbits/sec  1507  
[102]  14.00-15.00  sec  2.08 MBytes  17.5 Mbits/sec  1507  
[102]  15.00-16.00  sec  1.91 MBytes  16.1 Mbits/sec  1386  
[102]  16.00-17.00  sec  2.06 MBytes  17.3 Mbits/sec  1495  
[102]  17.00-18.00  sec  2.08 MBytes  17.5 Mbits/sec  1508  
[102]  18.00-19.00  sec  2.08 MBytes  17.4 Mbits/sec  1503  
[102]  19.00-20.00  sec  1.91 MBytes  16.0 Mbits/sec  1383  
[102]  20.00-21.00  sec   817 KBytes  6.70 Mbits/sec  578  
[102]  21.00-22.00  sec   819 KBytes  6.70 Mbits/sec  579  
[102]  22.00-23.00  sec   820 KBytes  6.72 Mbits/sec  580  
[102]  23.00-24.00  sec   816 KBytes  6.68 Mbits/sec  577  
[102]  24.00-25.00  sec   820 KBytes  6.72 Mbits/sec  580  
[102]  25.00-26.00  sec   977 KBytes  8.01 Mbits/sec  691  
[102]  26.00-27.00  sec   813 KBytes  6.66 Mbits/sec  575  
[102]  27.00-28.00  sec   814 KBytes  6.67 Mbits/sec  576  
[102]  28.00-29.00  sec   652 KBytes  5.34 Mbits/sec  461  
[102]  29.00-30.00  sec   979 KBytes  8.01 Mbits/sec  692  
- - - - - - - - - - - - - - - - - - - - - - - - -
[ ID] Interval           Transfer     Bitrate         Jitter    Lost/Total Datagrams
[102]   0.00-30.00  sec   114 MBytes  31.9 Mbits/sec  0.000 ms  0/82553 (0%)  sender
[102]   0.00-30.00  sec  47.1 MBytes  13.2 Mbits/sec  0.488 ms  48307/82436 (59%)  receiver

iperf Done.
