Connecting to host 10.0.0.9, port 17009
[102] local 10.0.0.17 port 40452 connected to 10.0.0.9 port 17009
[ ID] Interval           Transfer     Bitrate         Total Datagrams
[102]   0.00-1.00   sec  2.40 MBytes  20.1 Mbits/sec  1737  
[102]   1.00-2.00   sec  1.92 MBytes  16.1 Mbits/sec  1388  
[102]   2.00-3.00   sec  6.93 MBytes  58.2 Mbits/sec  5021  
[102]   3.00-4.00   sec  17.9 MBytes   150 Mbits/sec  12967  
[102]   4.00-5.00   sec  32.0 MBytes   269 Mbits/sec  23182  
[102]   5.00-6.00   sec  22.9 MBytes   192 Mbits/sec  16603  
[102]   6.00-7.00   sec  11.8 MBytes  98.6 Mbits/sec  8511  
[102]   7.00-8.00   sec  2.13 MBytes  17.9 Mbits/sec  1545  
[102]   8.00-9.00   sec  1.97 MBytes  16.5 Mbits/sec  1424  
[102]   9.00-10.00  sec  2.12 MBytes  17.8 Mbits/sec  1538  
[102]  10.00-11.00  sec  2.15 MBytes  18.1 Mbits/sec  1560  
[102]  11.00-12.00  sec  1.98 MBytes  16.6 Mbits/sec  1437  
[102]  12.00-13.00  sec  2.15 MBytes  18.0 Mbits/sec  1555  
[102]  13.00-14.00  sec  2.16 MBytes  18.1 Mbits/sec  1563  
[102]  14.00-15.00  sec  1.99 MBytes  16.7 Mbits/sec  1439  
[102]  15.00-16.00  sec  2.09 MBytes  17.5 Mbits/sec  1512  
[102]  16.00-17.00  sec  2.09 MBytes  17.5 Mbits/sec  1515  
[102]  17.00-18.00  sec  2.15 MBytes  18.1 Mbits/sec  1558  
[102]  18.00-19.00  sec  2.28 MBytes  19.1 Mbits/sec  1648  
[102]  19.00-20.00  sec  3.05 MBytes  25.6 Mbits/sec  2209  
[102]  20.00-21.00  sec   819 KBytes  6.71 Mbits/sec  579  
[102]  21.00-22.00  sec   820 KBytes  6.72 Mbits/sec  580  
[102]  22.00-23.00  sec   814 KBytes  6.67 Mbits/sec  576  
[102]  23.00-24.00  sec   816 KBytes  6.69 Mbits/sec  577  
[102]  24.00-25.00  sec   816 KBytes  6.68 Mbits/sec  577  
[102]  25.00-26.00  sec   814 KBytes  6.67 Mbits/sec  576  
[102]  26.00-27.00  sec   813 KBytes  6.66 Mbits/sec  575  
[102]  27.00-28.00  sec   813 KBytes  6.66 Mbits/sec  575  
[102]  28.00-29.00  sec   813 KBytes  6.66 Mbits/sec  575  
[102]  29.00-30.00  sec  1.12 MBytes  9.38 Mbits/sec  810  
- - - - - - - - - - - - - - - - - - - - - - - - -
[ ID] Interval           Transfer     Bitrate         Jitter    Lost/Total Datagrams
[102]   0.00-30.00  sec   132 MBytes  37.0 Mbits/sec  0.000 ms  0/95912 (0%)  sender
[102]   0.00-30.00  sec  50.6 MBytes  14.2 Mbits/sec  0.543 ms  59106/95762 (62%)  receiver

iperf Done.
