Connecting to host 10.0.0.12, port 18012
[102] local 10.0.0.18 port 46738 connected to 10.0.0.12 port 18012
[ ID] Interval           Transfer     Bitrate         Total Datagrams
[102]   0.00-1.00   sec  1.43 MBytes  12.0 Mbits/sec  1034  
[102]   1.00-2.00   sec  1.11 MBytes  9.34 Mbits/sec  806  
[102]   2.00-3.00   sec  1.13 MBytes  9.48 Mbits/sec  818  
[102]   3.00-4.00   sec   822 KBytes  6.73 Mbits/sec  581  
[102]   4.00-5.00   sec   814 KBytes  6.67 Mbits/sec  576  
[102]   5.00-6.00   sec   895 KBytes  7.33 Mbits/sec  633  
[102]   6.00-7.00   sec   906 KBytes  7.43 Mbits/sec  641  
[102]   7.00-8.00   sec   819 KBytes  6.71 Mbits/sec  579  
[102]   8.00-9.00   sec   819 KBytes  6.71 Mbits/sec  579  
[102]   9.00-10.00  sec   817 KBytes  6.70 Mbits/sec  578  
[102]  10.00-11.00  sec   813 KBytes  6.66 Mbits/sec  575  
[102]  11.00-12.00  sec   814 KBytes  6.67 Mbits/sec  576  
[102]  12.00-13.00  sec   820 KBytes  6.72 Mbits/sec  580  
[102]  13.00-14.00  sec  1.28 MBytes  10.7 Mbits/sec  924  
[102]  14.00-15.00  sec   979 KBytes  8.02 Mbits/sec  692  
[102]  15.00-16.00  sec   655 KBytes  5.36 Mbits/sec  463  
[102]  16.00-17.00  sec   819 KBytes  6.71 Mbits/sec  579  
[102]  17.00-18.00  sec   819 KBytes  6.71 Mbits/sec  579  
[102]  18.00-19.00  sec   817 KBytes  6.70 Mbits/sec  578  
[102]  19.00-20.00  sec   814 KBytes  6.67 Mbits/sec  576  
[102]  20.00-21.00  sec   650 KBytes  5.33 Mbits/sec  460  
[102]  21.00-22.00  sec   813 KBytes  6.66 Mbits/sec  575  
[102]  22.00-23.00  sec   817 KBytes  6.69 Mbits/sec  578  
[102]  23.00-24.00  sec   819 KBytes  6.71 Mbits/sec  579  
[102]  24.00-25.00  sec   816 KBytes  6.68 Mbits/sec  577  
[102]  25.00-26.00  sec   650 KBytes  5.33 Mbits/sec  460  
[102]  26.00-27.00  sec   976 KBytes  7.99 Mbits/sec  690  
[102]  27.00-28.00  sec  1.28 MBytes  10.7 Mbits/sec  924  
[102]  28.00-29.00  sec  1.28 MBytes  10.7 Mbits/sec  924  
[102]  29.00-30.00  sec  1.44 MBytes  12.0 Mbits/sec  1040  
- - - - - - - - - - - - - - - - - - - - - - - - -
[ ID] Interval           Transfer     Bitrate         Jitter    Lost/Total Datagrams
[102]   0.00-30.00  sec  27.3 MBytes  7.63 Mbits/sec  0.000 ms  0/19754 (0%)  sender
[102]   0.00-30.00  sec  27.1 MBytes  7.58 Mbits/sec  0.498 ms  0/19620 (0%)  receiver

iperf Done.
