Connecting to host 10.0.0.2, port 18002
[102] local 10.0.0.18 port 51839 connected to 10.0.0.2 port 18002
[ ID] Interval           Transfer     Bitrate         Total Datagrams
[102]   0.00-1.00   sec  3.06 MBytes  25.6 Mbits/sec  2215  
[102]   1.00-2.00   sec  2.55 MBytes  21.4 Mbits/sec  1846  
[102]   2.00-3.00   sec  2.39 MBytes  20.1 Mbits/sec  1734  
[102]   3.00-4.00   sec  1.75 MBytes  14.7 Mbits/sec  1267  
[102]   4.00-5.00   sec  1.27 MBytes  10.7 Mbits/sec  920  
[102]   5.00-6.00   sec  1.27 MBytes  10.7 Mbits/sec  923  
[102]   6.00-7.00   sec   820 KBytes  6.71 Mbits/sec  580  
[102]   7.00-8.00   sec   814 KBytes  6.67 Mbits/sec  576  
[102]   8.00-9.00   sec   817 KBytes  6.69 Mbits/sec  578  
[102]   9.00-10.00  sec   819 KBytes  6.71 Mbits/sec  579  
[102]  10.00-11.00  sec   819 KBytes  6.71 Mbits/sec  579  
[102]  11.00-12.00  sec   984 KBytes  8.06 Mbits/sec  696  
[102]  12.00-13.00  sec   819 KBytes  6.71 Mbits/sec  579  
[102]  13.00-14.00  sec   813 KBytes  6.66 Mbits/sec  575  
[102]  14.00-15.00  sec   813 KBytes  6.66 Mbits/sec  575  
[102]  15.00-16.00  sec   820 KBytes  6.72 Mbits/sec  580  
[102]  16.00-17.00  sec   816 KBytes  6.68 Mbits/sec  577  
[102]  17.00-18.00  sec   977 KBytes  8.01 Mbits/sec  691  
[102]  18.00-19.00  sec   816 KBytes  6.68 Mbits/sec  577  
[102]  19.00-20.00  sec   658 KBytes  5.38 Mbits/sec  465  
[102]  20.00-21.00  sec   816 KBytes  6.68 Mbits/sec  577  
[102]  21.00-22.00  sec   816 KBytes  6.68 Mbits/sec  577  
[102]  22.00-23.00  sec   819 KBytes  6.71 Mbits/sec  579  
[102]  23.00-24.00  sec   814 KBytes  6.67 Mbits/sec  576  
[102]  24.00-25.00  sec   650 KBytes  5.33 Mbits/sec  460  
[102]  25.00-26.00  sec   814 KBytes  6.68 Mbits/sec  576  
[102]  26.00-27.00  sec   814 KBytes  6.67 Mbits/sec  576  
[102]  27.00-28.00  sec   817 KBytes  6.70 Mbits/sec  578  
[102]  28.00-29.00  sec   814 KBytes  6.67 Mbits/sec  576  
[102]  29.00-30.00  sec   650 KBytes  5.33 Mbits/sec  460  
- - - - - - - - - - - - - - - - - - - - - - - - -
[ ID] Interval           Transfer     Bitrate         Jitter    Lost/Total Datagrams
[102]   0.00-30.00  sec  31.3 MBytes  8.74 Mbits/sec  0.000 ms  0/22647 (0%)  sender
[102]   0.00-30.00  sec  31.1 MBytes  8.70 Mbits/sec  0.490 ms  0/22531 (0%)  receiver

iperf Done.
