Connecting to host 10.0.0.12, port 19012
[102] local 10.0.0.19 port 51039 connected to 10.0.0.12 port 19012
[ ID] Interval           Transfer     Bitrate         Total Datagrams
[102]   0.00-1.00   sec  1.27 MBytes  10.7 Mbits/sec  923  
[102]   1.00-2.00   sec   980 KBytes  8.02 Mbits/sec  693  
[102]   2.00-3.00   sec   816 KBytes  6.68 Mbits/sec  577  
[102]   3.00-4.00   sec   650 KBytes  5.33 Mbits/sec  460  
[102]   4.00-5.00   sec   489 KBytes  4.01 Mbits/sec  346  
[102]   5.00-6.00   sec   489 KBytes  4.01 Mbits/sec  346  
[102]   6.00-7.00   sec   489 KBytes  4.01 Mbits/sec  346  
[102]   7.00-8.00   sec   489 KBytes  4.01 Mbits/sec  346  
[102]   8.00-9.00   sec   488 KBytes  4.00 Mbits/sec  345  
[102]   9.00-10.00  sec   488 KBytes  4.00 Mbits/sec  345  
[102]  10.00-11.00  sec   489 KBytes  4.01 Mbits/sec  346  
[102]  11.00-12.00  sec   489 KBytes  4.01 Mbits/sec  346  
[102]  12.00-13.00  sec   491 KBytes  4.02 Mbits/sec  347  
[102]  13.00-14.00  sec   489 KBytes  4.01 Mbits/sec  346  
[102]  14.00-15.00  sec   489 KBytes  4.01 Mbits/sec  346  
[102]  15.00-16.00  sec   488 KBytes  4.00 Mbits/sec  345  
[102]  16.00-17.00  sec   163 KBytes  1.33 Mbits/sec  115  
[102]  17.00-18.00  sec  0.00 Bytes  0.00 bits/sec  0  
[102]  18.00-19.00  sec  0.00 Bytes  0.00 bits/sec  0  
[102]  19.00-20.00  sec  18.8 MBytes   158 Mbits/sec  13640  
[102]  20.00-21.00  sec  1.42 MBytes  11.9 Mbits/sec  1027  
[102]  21.00-22.00  sec  1.42 MBytes  11.9 Mbits/sec  1029  
[102]  22.00-23.00  sec  1.42 MBytes  11.9 Mbits/sec  1027  
[102]  23.00-24.00  sec  1.42 MBytes  11.9 Mbits/sec  1029  
[102]  24.00-25.00  sec  1.39 MBytes  11.6 Mbits/sec  1006  
[102]  25.00-26.00  sec  0.00 Bytes  0.00 bits/sec  0  
[102]  26.00-27.00  sec  0.00 Bytes  0.00 bits/sec  0  
[102]  27.00-28.00  sec  0.00 Bytes  0.00 bits/sec  0  
[102]  28.00-29.00  sec  0.00 Bytes  0.00 bits/sec  0  
[102]  29.00-30.00  sec  0.00 Bytes  0.00 bits/sec  0  
- - - - - - - - - - - - - - - - - - - - - - - - -
[ ID] Interval           Transfer     Bitrate         Jitter    Lost/Total Datagrams
[102]   0.00-30.00  sec  35.5 MBytes  9.91 Mbits/sec  0.000 ms  0/25676 (0%)  sender
[102]   0.00-30.00  sec  9.70 MBytes  2.71 Mbits/sec  201.898 ms  18653/25676 (73%)  receiver

iperf Done.
