Connecting to host 10.0.0.13, port 19013
[102] local 10.0.0.19 port 39783 connected to 10.0.0.13 port 19013
[ ID] Interval           Transfer     Bitrate         Total Datagrams
[102]   0.00-1.00   sec  39.6 KBytes   324 Kbits/sec  28  
[102]   1.00-2.00   sec  36.8 KBytes   301 Kbits/sec  26  
[102]   2.00-3.00   sec  38.2 KBytes   313 Kbits/sec  27  
[102]   3.00-4.00   sec  38.2 KBytes   313 Kbits/sec  27  
[102]   4.00-5.00   sec  38.2 KBytes   313 Kbits/sec  27  
[102]   5.00-6.00   sec  38.2 KBytes   313 Kbits/sec  27  
[102]   6.00-7.00   sec  38.2 KBytes   313 Kbits/sec  27  
[102]   7.00-8.00   sec  38.2 KBytes   313 Kbits/sec  27  
[102]   8.00-9.00   sec  38.2 KBytes   313 Kbits/sec  27  
[102]   9.00-10.00  sec  38.2 KBytes   313 Kbits/sec  27  
[102]  10.00-11.00  sec  38.2 KBytes   313 Kbits/sec  27  
[102]  11.00-12.00  sec  38.2 KBytes   313 Kbits/sec  27  
[102]  12.00-13.00  sec  38.2 KBytes   313 Kbits/sec  27  
[102]  13.00-14.00  sec  38.2 KBytes   313 Kbits/sec  27  
[102]  14.00-15.00  sec  38.2 KBytes   313 Kbits/sec  27  
[102]  15.00-16.00  sec  38.2 KBytes   313 Kbits/sec  27  
[102]  16.00-17.00  sec  38.2 KBytes   313 Kbits/sec  27  
[102]  17.00-18.00  sec  38.2 KBytes   313 Kbits/sec  27  
[102]  18.00-19.00  sec  38.2 KBytes   313 Kbits/sec  27  
[102]  19.00-20.00  sec  38.2 KBytes   313 Kbits/sec  27  
[102]  20.00-21.00  sec  38.2 KBytes   313 Kbits/sec  27  
[102]  21.00-22.00  sec  38.2 KBytes   313 Kbits/sec  27  
[102]  22.00-23.00  sec  38.2 KBytes   313 Kbits/sec  27  
[102]  23.00-24.00  sec  38.2 KBytes   313 Kbits/sec  27  
[102]  24.00-25.00  sec  38.2 KBytes   313 Kbits/sec  27  
[102]  25.00-26.00  sec  38.2 KBytes   313 Kbits/sec  27  
[102]  26.00-27.00  sec  38.2 KBytes   313 Kbits/sec  27  
[102]  27.00-28.00  sec  38.2 KBytes   313 Kbits/sec  27  
[102]  28.00-29.00  sec  38.2 KBytes   313 Kbits/sec  27  
[102]  29.00-30.00  sec  38.2 KBytes   313 Kbits/sec  27  
- - - - - - - - - - - - - - - - - - - - - - - - -
[ ID] Interval           Transfer     Bitrate         Jitter    Lost/Total Datagrams
[102]   0.00-30.00  sec  1.12 MBytes   313 Kbits/sec  0.000 ms  0/810 (0%)  sender
[102]   0.00-30.06  sec   738 KBytes   201 Kbits/sec  65.568 ms  288/810 (36%)  receiver

iperf Done.
