Connecting to host 10.0.0.16, port 19016
[102] local 10.0.0.19 port 46857 connected to 10.0.0.16 port 19016
[ ID] Interval           Transfer     Bitrate         Total Datagrams
[102]   0.00-1.00   sec   749 KBytes  6.13 Mbits/sec  530  
[102]   1.00-2.00   sec   748 KBytes  6.13 Mbits/sec  529  
[102]   2.00-3.00   sec   748 KBytes  6.13 Mbits/sec  529  
[102]   3.00-4.00   sec   580 KBytes  4.75 Mbits/sec  411  
[102]   4.00-5.00   sec   489 KBytes  4.01 Mbits/sec  346  
[102]   5.00-6.00   sec   488 KBytes  4.00 Mbits/sec  345  
[102]   6.00-7.00   sec   492 KBytes  4.03 Mbits/sec  348  
[102]   7.00-8.00   sec   489 KBytes  4.00 Mbits/sec  346  
[102]   8.00-9.00   sec   489 KBytes  4.01 Mbits/sec  346  
[102]   9.00-10.00  sec   489 KBytes  4.01 Mbits/sec  346  
[102]  10.00-11.00  sec   491 KBytes  4.02 Mbits/sec  347  
[102]  11.00-12.00  sec   489 KBytes  4.01 Mbits/sec  346  
[102]  12.00-13.00  sec   491 KBytes  4.02 Mbits/sec  347  
[102]  13.00-14.00  sec   325 KBytes  2.66 Mbits/sec  230  
[102]  14.00-15.00  sec  0.00 Bytes  0.00 bits/sec  0  
[102]  15.00-16.00  sec  0.00 Bytes  0.00 bits/sec  0  
[102]  16.00-17.00  sec  5.04 MBytes  42.3 Mbits/sec  3651  
[102]  17.00-18.00  sec   748 KBytes  6.13 Mbits/sec  529  
[102]  18.00-19.00  sec   748 KBytes  6.12 Mbits/sec  529  
[102]  19.00-20.00  sec   748 KBytes  6.13 Mbits/sec  529  
[102]  20.00-21.00  sec   748 KBytes  6.13 Mbits/sec  529  
[102]  21.00-22.00  sec   749 KBytes  6.14 Mbits/sec  530  
[102]  22.00-23.00  sec   748 KBytes  6.13 Mbits/sec  529  
[102]  23.00-24.00  sec   495 KBytes  4.05 Mbits/sec  351  
[102]  24.00-25.00  sec  0.00 Bytes  0.00 bits/sec  0  
[102]  25.00-26.00  sec  0.00 Bytes  0.00 bits/sec  0  
[102]  26.00-27.00  sec  0.00 Bytes  0.00 bits/sec  0  
[102]  27.00-28.00  sec  0.00 Bytes  0.00 bits/sec  0  
[102]  28.00-29.00  sec  2.86 MBytes  24.0 Mbits/sec  2072  
[102]  29.00-30.00  sec  1.77 MBytes  14.9 Mbits/sec  1280  
- - - - - - - - - - - - - - - - - - - - - - - - -
[ ID] Interval           Transfer     Bitrate         Jitter    Lost/Total Datagrams
[102]   0.00-30.00  sec  21.9 MBytes  6.13 Mbits/sec  0.000 ms  0/15875 (0%)  sender
[102]   0.00-30.00  sec  12.2 MBytes  3.42 Mbits/sec  1326.912 ms  7030/15875 (44%)  receiver

iperf Done.
