Connecting to host 10.0.0.2, port 19002
[102] local 10.0.0.19 port 36541 connected to 10.0.0.2 port 19002
[ ID] Interval           Transfer     Bitrate         Total Datagrams
[102]   0.00-1.00   sec   126 KBytes  1.03 Mbits/sec  89  
[102]   1.00-2.00   sec   124 KBytes  1.02 Mbits/sec  88  
[102]   2.00-3.00   sec   124 KBytes  1.02 Mbits/sec  88  
[102]   3.00-4.00   sec   124 KBytes  1.02 Mbits/sec  88  
[102]   4.00-5.00   sec   124 KBytes  1.02 Mbits/sec  88  
[102]   5.00-6.00   sec   126 KBytes  1.03 Mbits/sec  89  
[102]   6.00-7.00   sec   124 KBytes  1.02 Mbits/sec  88  
[102]   7.00-8.00   sec   124 KBytes  1.02 Mbits/sec  88  
[102]   8.00-9.00   sec   124 KBytes  1.02 Mbits/sec  88  
[102]   9.00-10.00  sec   124 KBytes  1.02 Mbits/sec  88  
[102]  10.00-11.00  sec   126 KBytes  1.03 Mbits/sec  89  
[102]  11.00-12.00  sec   124 KBytes  1.02 Mbits/sec  88  
[102]  12.00-13.00  sec   124 KBytes  1.02 Mbits/sec  88  
[102]  13.00-14.00  sec   124 KBytes  1.02 Mbits/sec  88  
[102]  14.00-15.00  sec   124 KBytes  1.02 Mbits/sec  88  
[102]  15.00-16.00  sec   126 KBytes  1.03 Mbits/sec  89  
[102]  16.00-17.00  sec   124 KBytes  1.02 Mbits/sec  88  
[102]  17.00-18.00  sec   124 KBytes  1.02 Mbits/sec  88  
[102]  18.00-19.00  sec   124 KBytes  1.02 Mbits/sec  88  
[102]  19.00-20.00  sec   124 KBytes  1.02 Mbits/sec  88  
[102]  20.00-21.00  sec   126 KBytes  1.03 Mbits/sec  89  
[102]  21.00-22.00  sec   124 KBytes  1.02 Mbits/sec  88  
[102]  22.00-23.00  sec   124 KBytes  1.02 Mbits/sec  88  
[102]  23.00-24.00  sec   124 KBytes  1.02 Mbits/sec  88  
[102]  24.00-25.00  sec   124 KBytes  1.02 Mbits/sec  88  
[102]  25.00-26.00  sec   124 KBytes  1.02 Mbits/sec  88  
[102]  26.00-27.00  sec   126 KBytes  1.03 Mbits/sec  89  
[102]  27.00-28.00  sec   124 KBytes  1.02 Mbits/sec  88  
[102]  28.00-29.00  sec   124 KBytes  1.02 Mbits/sec  88  
[102]  29.00-30.00  sec   124 KBytes  1.02 Mbits/sec  88  
- - - - - - - - - - - - - - - - - - - - - - - - -
[ ID] Interval           Transfer     Bitrate         Jitter    Lost/Total Datagrams
[102]   0.00-30.00  sec  3.65 MBytes  1.02 Mbits/sec  0.000 ms  0/2646 (0%)  sender
[102]   0.00-30.00  sec  2.42 MBytes   677 Kbits/sec  3.007 ms  209/1963 (11%)  receiver

iperf Done.
