Connecting to host 10.0.0.4, port 19004
[102] local 10.0.0.19 port 33110 connected to 10.0.0.4 port 19004
[ ID] Interval           Transfer     Bitrate         Total Datagrams
[102]   0.00-1.00   sec  2.17 MBytes  18.2 Mbits/sec  1575  
[102]   1.00-2.00   sec  2.17 MBytes  18.2 Mbits/sec  1573  
[102]   2.00-3.00   sec  1.93 MBytes  16.2 Mbits/sec  1398  
[102]   3.00-4.00   sec   979 KBytes  8.01 Mbits/sec  692  
[102]   4.00-5.00   sec   981 KBytes  8.04 Mbits/sec  694  
[102]   5.00-6.00   sec  1.11 MBytes  9.35 Mbits/sec  807  
[102]   6.00-7.00   sec   650 KBytes  5.33 Mbits/sec  460  
[102]   7.00-8.00   sec   328 KBytes  2.69 Mbits/sec  232  
[102]   8.00-9.00   sec   489 KBytes  4.01 Mbits/sec  346  
[102]   9.00-10.00  sec   491 KBytes  4.02 Mbits/sec  347  
[102]  10.00-11.00  sec   488 KBytes  4.00 Mbits/sec  345  
[102]  11.00-12.00  sec   489 KBytes  4.01 Mbits/sec  346  
[102]  12.00-13.00  sec   488 KBytes  4.00 Mbits/sec  345  
[102]  13.00-14.00  sec   491 KBytes  4.02 Mbits/sec  347  
[102]  14.00-15.00  sec   491 KBytes  4.02 Mbits/sec  347  
[102]  15.00-16.00  sec   489 KBytes  4.01 Mbits/sec  346  
[102]  16.00-17.00  sec   491 KBytes  4.02 Mbits/sec  347  
[102]  17.00-18.00  sec   491 KBytes  4.02 Mbits/sec  347  
[102]  18.00-19.00  sec   325 KBytes  2.66 Mbits/sec  230  
[102]  19.00-20.00  sec  0.00 Bytes  0.00 bits/sec  0  
[102]  20.00-21.00  sec  0.00 Bytes  0.00 bits/sec  0  
[102]  21.00-22.00  sec  0.00 Bytes  0.00 bits/sec  0  
[102]  22.00-23.00  sec  0.00 Bytes  0.00 bits/sec  0  
[102]  23.00-24.00  sec  36.8 MBytes   309 Mbits/sec  26642  
[102]  24.00-25.00  sec  2.17 MBytes  18.2 Mbits/sec  1573  
[102]  25.00-26.00  sec  2.17 MBytes  18.2 Mbits/sec  1574  
[102]  26.00-27.00  sec  1.75 MBytes  14.7 Mbits/sec  1271  
[102]  27.00-28.00  sec  0.00 Bytes  0.00 bits/sec  0  
[102]  28.00-29.00  sec  0.00 Bytes  0.00 bits/sec  0  
[102]  29.00-30.00  sec  0.00 Bytes  0.00 bits/sec  0  
- - - - - - - - - - - - - - - - - - - - - - - - -
[ ID] Interval           Transfer     Bitrate         Jitter    Lost/Total Datagrams
[102]   0.00-30.00  sec  58.3 MBytes  16.3 Mbits/sec  0.000 ms  0/42184 (0%)  sender
[102]   0.00-30.00  sec  15.4 MBytes  4.29 Mbits/sec  7.890 ms  0/11123 (0%)  receiver

iperf Done.
