Connecting to host 10.0.0.7, port 19007
[102] local 10.0.0.19 port 35339 connected to 10.0.0.7 port 19007
[ ID] Interval           Transfer     Bitrate         Total Datagrams
[102]   0.00-1.00   sec   566 KBytes  4.63 Mbits/sec  400  
[102]   1.00-2.00   sec   564 KBytes  4.62 Mbits/sec  399  
[102]   2.00-3.00   sec   566 KBytes  4.63 Mbits/sec  400  
[102]   3.00-4.00   sec   564 KBytes  4.62 Mbits/sec  399  
[102]   4.00-5.00   sec   566 KBytes  4.63 Mbits/sec  400  
[102]   5.00-6.00   sec   564 KBytes  4.62 Mbits/sec  399  
[102]   6.00-7.00   sec   564 KBytes  4.62 Mbits/sec  399  
[102]   7.00-8.00   sec   564 KBytes  4.62 Mbits/sec  399  
[102]   8.00-9.00   sec   566 KBytes  4.63 Mbits/sec  400  
[102]   9.00-10.00  sec   564 KBytes  4.62 Mbits/sec  399  
[102]  10.00-11.00  sec   566 KBytes  4.63 Mbits/sec  400  
[102]  11.00-12.00  sec   564 KBytes  4.62 Mbits/sec  399  
[102]  12.00-13.00  sec   564 KBytes  4.62 Mbits/sec  399  
[102]  13.00-14.00  sec   566 KBytes  4.63 Mbits/sec  400  
[102]  14.00-15.00  sec   564 KBytes  4.63 Mbits/sec  399  
[102]  15.00-16.00  sec   564 KBytes  4.62 Mbits/sec  399  
[102]  16.00-17.00  sec   566 KBytes  4.63 Mbits/sec  400  
[102]  17.00-18.00  sec   303 KBytes  2.48 Mbits/sec  215  
[102]  18.00-19.00  sec  0.00 Bytes  0.00 bits/sec  0  
[102]  19.00-20.00  sec  0.00 Bytes  0.00 bits/sec  0  
[102]  20.00-21.00  sec  0.00 Bytes  0.00 bits/sec  0  
[102]  21.00-22.00  sec  0.00 Bytes  0.00 bits/sec  0  
[102]  22.00-23.00  sec  0.00 Bytes  0.00 bits/sec  0  
[102]  23.00-24.00  sec  3.56 MBytes  29.9 Mbits/sec  2580  
[102]  24.00-25.00  sec   564 KBytes  4.62 Mbits/sec  399  
[102]  25.00-26.00  sec   566 KBytes  4.63 Mbits/sec  400  
[102]  26.00-27.00  sec   564 KBytes  4.62 Mbits/sec  399  
[102]  27.00-28.00  sec   566 KBytes  4.63 Mbits/sec  400  
[102]  28.00-29.00  sec   564 KBytes  4.62 Mbits/sec  399  
[102]  29.00-30.00  sec   564 KBytes  4.62 Mbits/sec  399  
- - - - - - - - - - - - - - - - - - - - - - - - -
[ ID] Interval           Transfer     Bitrate         Jitter    Lost/Total Datagrams
[102]   0.00-30.00  sec  16.5 MBytes  4.63 Mbits/sec  0.000 ms  0/11981 (0%)  sender
[102]   0.00-30.00  sec  10.1 MBytes  2.82 Mbits/sec  0.003 ms  4686/11981 (39%)  receiver

iperf Done.
