Connecting to host 10.0.0.9, port 19009
[102] local 10.0.0.19 port 50944 connected to 10.0.0.9 port 19009
[ ID] Interval           Transfer     Bitrate         Total Datagrams
[102]   0.00-1.00   sec   520 KBytes  4.26 Mbits/sec  369  
[102]   1.00-2.00   sec   653 KBytes  5.35 Mbits/sec  462  
[102]   2.00-3.00   sec   813 KBytes  6.67 Mbits/sec  575  
[102]   3.00-4.00   sec   652 KBytes  5.34 Mbits/sec  461  
[102]   4.00-5.00   sec   488 KBytes  4.00 Mbits/sec  345  
[102]   5.00-6.00   sec   328 KBytes  2.69 Mbits/sec  232  
[102]   6.00-7.00   sec   491 KBytes  4.02 Mbits/sec  347  
[102]   7.00-8.00   sec   489 KBytes  4.01 Mbits/sec  346  
[102]   8.00-9.00   sec   489 KBytes  4.01 Mbits/sec  346  
[102]   9.00-10.00  sec   492 KBytes  4.03 Mbits/sec  348  
[102]  10.00-11.00  sec   491 KBytes  4.02 Mbits/sec  347  
[102]  11.00-12.00  sec   652 KBytes  5.34 Mbits/sec  461  
[102]  12.00-13.00  sec   492 KBytes  4.03 Mbits/sec  348  
[102]  13.00-14.00  sec   491 KBytes  4.02 Mbits/sec  347  
[102]  14.00-15.00  sec   491 KBytes  4.02 Mbits/sec  347  
[102]  15.00-16.00  sec   325 KBytes  2.67 Mbits/sec  230  
[102]  16.00-17.00  sec  0.00 Bytes  0.00 bits/sec  0  
[102]  17.00-18.00  sec  9.26 MBytes  77.7 Mbits/sec  6706  
[102]  18.00-19.00  sec   991 KBytes  8.12 Mbits/sec  701  
[102]  19.00-20.00  sec   880 KBytes  7.21 Mbits/sec  623  
[102]  20.00-21.00  sec  0.00 Bytes  0.00 bits/sec  0  
[102]  21.00-22.00  sec  0.00 Bytes  0.00 bits/sec  0  
[102]  22.00-23.00  sec  0.00 Bytes  0.00 bits/sec  0  
[102]  23.00-24.00  sec  0.00 Bytes  0.00 bits/sec  0  
[102]  24.00-25.00  sec  0.00 Bytes  0.00 bits/sec  0  
[102]  25.00-26.00  sec  5.92 MBytes  49.6 Mbits/sec  4284  
[102]  26.00-27.00  sec   990 KBytes  8.11 Mbits/sec  700  
[102]  27.00-28.00  sec   991 KBytes  8.12 Mbits/sec  701  
[102]  28.00-29.00  sec   991 KBytes  8.12 Mbits/sec  701  
[102]  29.00-30.00  sec   991 KBytes  8.12 Mbits/sec  701  
- - - - - - - - - - - - - - - - - - - - - - - - -
[ ID] Interval           Transfer     Bitrate         Jitter    Lost/Total Datagrams
[102]   0.00-30.00  sec  29.0 MBytes  8.12 Mbits/sec  0.000 ms  0/21028 (0%)  sender
[102]   0.00-30.00  sec  10.6 MBytes  2.95 Mbits/sec  0.001 ms  13387/21028 (64%)  receiver

iperf Done.
