Connecting to host 10.0.0.12, port 1012
[102] local 10.0.0.1 port 44179 connected to 10.0.0.12 port 1012
[ ID] Interval           Transfer     Bitrate         Total Datagrams
[102]   0.00-1.00   sec  2.19 MBytes  18.3 Mbits/sec  1584  
[102]   1.00-2.00   sec  2.18 MBytes  18.3 Mbits/sec  1581  
[102]   2.00-3.00   sec  2.18 MBytes  18.3 Mbits/sec  1581  
[102]   3.00-4.00   sec  2.18 MBytes  18.3 Mbits/sec  1582  
[102]   4.00-5.00   sec  2.18 MBytes  18.3 Mbits/sec  1581  
[102]   5.00-6.00   sec  2.18 MBytes  18.3 Mbits/sec  1581  
[102]   6.00-7.00   sec  2.18 MBytes  18.3 Mbits/sec  1582  
[102]   7.00-8.00   sec  2.18 MBytes  18.3 Mbits/sec  1581  
[102]   8.00-9.00   sec  2.18 MBytes  18.3 Mbits/sec  1581  
[102]   9.00-10.00  sec  2.18 MBytes  18.3 Mbits/sec  1582  
[102]  10.00-11.00  sec  2.18 MBytes  18.3 Mbits/sec  1581  
[102]  11.00-12.00  sec  2.18 MBytes  18.3 Mbits/sec  1580  
[102]  12.00-13.00  sec  2.19 MBytes  18.3 Mbits/sec  1583  
[102]  13.00-14.00  sec  2.18 MBytes  18.3 Mbits/sec  1581  
[102]  14.00-15.00  sec  2.18 MBytes  18.3 Mbits/sec  1581  
[102]  15.00-16.00  sec  2.18 MBytes  18.3 Mbits/sec  1581  
[102]  16.00-17.00  sec  2.18 MBytes  18.3 Mbits/sec  1582  
[102]  17.00-18.00  sec  2.18 MBytes  18.3 Mbits/sec  1581  
[102]  18.00-19.00  sec  2.18 MBytes  18.3 Mbits/sec  1581  
[102]  19.00-20.00  sec  2.18 MBytes  18.3 Mbits/sec  1582  
[102]  20.00-21.00  sec  2.18 MBytes  18.3 Mbits/sec  1581  
[102]  21.00-22.00  sec  2.18 MBytes  18.3 Mbits/sec  1581  
[102]  22.00-23.00  sec  2.19 MBytes  18.3 Mbits/sec  1583  
[102]  23.00-24.00  sec  1.93 MBytes  16.2 Mbits/sec  1399  
[102]  24.00-25.00  sec  1.62 MBytes  13.6 Mbits/sec  1176  
[102]  25.00-26.00  sec  1.13 MBytes  9.47 Mbits/sec  817  
[102]  26.00-27.00  sec  1.12 MBytes  9.36 Mbits/sec  809  
[102]  27.00-28.00  sec  1.28 MBytes  10.8 Mbits/sec  930  
[102]  28.00-29.00  sec  1.46 MBytes  12.2 Mbits/sec  1054  
[102]  29.00-30.00  sec  2.74 MBytes  23.0 Mbits/sec  1986  
- - - - - - - - - - - - - - - - - - - - - - - - -
[ ID] Interval           Transfer     Bitrate         Jitter    Lost/Total Datagrams
[102]   0.00-30.00  sec  61.5 MBytes  17.2 Mbits/sec  0.000 ms  0/44545 (0%)  sender
[102]   0.00-30.00  sec  61.0 MBytes  17.1 Mbits/sec  0.136 ms  253/44429 (0.57%)  receiver

iperf Done.
