Connecting to host 10.0.0.15, port 1015
[102] local 10.0.0.1 port 52491 connected to 10.0.0.15 port 1015
[ ID] Interval           Transfer     Bitrate         Total Datagrams
[102]   0.00-1.00   sec  11.3 KBytes  92.6 Kbits/sec  8  
[102]   1.00-2.00   sec  9.90 KBytes  81.1 Kbits/sec  7  
[102]   2.00-3.00   sec  11.3 KBytes  92.7 Kbits/sec  8  
[102]   3.00-4.00   sec  9.90 KBytes  81.1 Kbits/sec  7  
[102]   4.00-5.00   sec  9.90 KBytes  81.1 Kbits/sec  7  
[102]   5.00-6.00   sec  11.3 KBytes  92.7 Kbits/sec  8  
[102]   6.00-7.00   sec  9.90 KBytes  81.0 Kbits/sec  7  
[102]   7.00-8.00   sec  11.3 KBytes  92.7 Kbits/sec  8  
[102]   8.00-9.00   sec  9.90 KBytes  81.1 Kbits/sec  7  
[102]   9.00-10.00  sec  9.90 KBytes  81.1 Kbits/sec  7  
[102]  10.00-11.00  sec  11.3 KBytes  92.6 Kbits/sec  8  
[102]  11.00-12.00  sec  9.90 KBytes  81.1 Kbits/sec  7  
[102]  12.00-13.00  sec  11.3 KBytes  92.7 Kbits/sec  8  
[102]  13.00-14.00  sec  9.90 KBytes  81.1 Kbits/sec  7  
[102]  14.00-15.00  sec  9.90 KBytes  81.1 Kbits/sec  7  
[102]  15.00-16.00  sec  11.3 KBytes  92.7 Kbits/sec  8  
[102]  16.00-17.00  sec  9.90 KBytes  81.0 Kbits/sec  7  
[102]  17.00-18.00  sec  9.90 KBytes  81.1 Kbits/sec  7  
[102]  18.00-19.00  sec  11.3 KBytes  92.7 Kbits/sec  8  
[102]  19.00-20.00  sec  9.90 KBytes  81.1 Kbits/sec  7  
[102]  20.00-21.00  sec  11.3 KBytes  92.6 Kbits/sec  8  
[102]  21.00-22.00  sec  9.90 KBytes  81.1 Kbits/sec  7  
[102]  22.00-23.00  sec  9.90 KBytes  81.1 Kbits/sec  7  
[102]  23.00-24.00  sec  11.3 KBytes  92.7 Kbits/sec  8  
[102]  24.00-25.00  sec  9.90 KBytes  81.1 Kbits/sec  7  
[102]  25.00-26.00  sec  11.3 KBytes  92.6 Kbits/sec  8  
[102]  26.00-27.00  sec  9.90 KBytes  81.1 Kbits/sec  7  
[102]  27.00-28.00  sec  9.90 KBytes  81.1 Kbits/sec  7  
[102]  28.00-29.00  sec  11.3 KBytes  92.6 Kbits/sec  8  
[102]  29.00-30.00  sec  9.90 KBytes  81.1 Kbits/sec  7  
- - - - - - - - - - - - - - - - - - - - - - - - -
[ ID] Interval           Transfer     Bitrate         Jitter    Lost/Total Datagrams
[102]   0.00-30.00  sec   314 KBytes  85.7 Kbits/sec  0.000 ms  0/222 (0%)  sender
[102]   0.00-30.00  sec   311 KBytes  84.9 Kbits/sec  9.719 ms  2/222 (0.9%)  receiver

iperf Done.
