Connecting to host 10.0.0.18, port 1018
[102] local 10.0.0.1 port 58522 connected to 10.0.0.18 port 1018
[ ID] Interval           Transfer     Bitrate         Total Datagrams
[102]   0.00-1.00   sec  1.62 MBytes  13.6 Mbits/sec  1172  
[102]   1.00-2.00   sec  1.62 MBytes  13.6 Mbits/sec  1171  
[102]   2.00-3.00   sec  1.62 MBytes  13.6 Mbits/sec  1171  
[102]   3.00-4.00   sec  1.62 MBytes  13.6 Mbits/sec  1170  
[102]   4.00-5.00   sec  1.62 MBytes  13.6 Mbits/sec  1171  
[102]   5.00-6.00   sec  1.62 MBytes  13.6 Mbits/sec  1170  
[102]   6.00-7.00   sec  1.62 MBytes  13.6 Mbits/sec  1171  
[102]   7.00-8.00   sec  1.62 MBytes  13.6 Mbits/sec  1171  
[102]   8.00-9.00   sec  1.62 MBytes  13.6 Mbits/sec  1171  
[102]   9.00-10.00  sec  1.62 MBytes  13.6 Mbits/sec  1170  
[102]  10.00-11.00  sec  1.62 MBytes  13.6 Mbits/sec  1171  
[102]  11.00-12.00  sec  1.62 MBytes  13.6 Mbits/sec  1171  
[102]  12.00-13.00  sec  1.62 MBytes  13.6 Mbits/sec  1170  
[102]  13.00-14.00  sec  1.62 MBytes  13.6 Mbits/sec  1171  
[102]  14.00-15.00  sec  1.62 MBytes  13.6 Mbits/sec  1170  
[102]  15.00-16.00  sec  1.62 MBytes  13.6 Mbits/sec  1171  
[102]  16.00-17.00  sec  1.62 MBytes  13.6 Mbits/sec  1171  
[102]  17.00-18.00  sec  1.62 MBytes  13.6 Mbits/sec  1170  
[102]  18.00-19.00  sec  1.62 MBytes  13.6 Mbits/sec  1171  
[102]  19.00-20.00  sec  1.62 MBytes  13.6 Mbits/sec  1171  
[102]  20.00-21.00  sec  1.26 MBytes  10.6 Mbits/sec  917  
[102]  21.00-22.00  sec  0.00 Bytes  0.00 bits/sec  0  
[102]  22.00-23.00  sec  0.00 Bytes  0.00 bits/sec  0  
[102]  23.00-24.00  sec  0.00 Bytes  0.00 bits/sec  0  
[102]  24.00-25.00  sec   822 KBytes  6.73 Mbits/sec  581  
[102]  25.00-26.00  sec  2.82 MBytes  23.6 Mbits/sec  2039  
[102]  26.00-27.00  sec  4.85 MBytes  40.7 Mbits/sec  3510  
[102]  27.00-28.00  sec   837 KBytes  6.86 Mbits/sec  592  
[102]  28.00-29.00  sec  1.78 MBytes  14.9 Mbits/sec  1290  
[102]  29.00-30.00  sec  0.00 Bytes  0.00 bits/sec  0  
- - - - - - - - - - - - - - - - - - - - - - - - -
[ ID] Interval           Transfer     Bitrate         Jitter    Lost/Total Datagrams
[102]   0.00-30.00  sec  44.7 MBytes  12.5 Mbits/sec  0.000 ms  0/32344 (0%)  sender
[102]   0.00-30.00  sec  33.3 MBytes  9.30 Mbits/sec  48.294 ms  157/24253 (0.65%)  receiver

iperf Done.
