Connecting to host 10.0.0.2, port 1002
[102] local 10.0.0.1 port 33309 connected to 10.0.0.2 port 1002
[ ID] Interval           Transfer     Bitrate         Total Datagrams
[102]   0.00-1.00   sec  1.61 MBytes  13.5 Mbits/sec  1166  
[102]   1.00-2.00   sec  1.61 MBytes  13.5 Mbits/sec  1166  
[102]   2.00-3.00   sec  1.61 MBytes  13.5 Mbits/sec  1164  
[102]   3.00-4.00   sec  1.61 MBytes  13.5 Mbits/sec  1166  
[102]   4.00-5.00   sec  1.61 MBytes  13.5 Mbits/sec  1165  
[102]   5.00-6.00   sec  1.61 MBytes  13.5 Mbits/sec  1165  
[102]   6.00-7.00   sec  1.61 MBytes  13.5 Mbits/sec  1165  
[102]   7.00-8.00   sec  1.61 MBytes  13.5 Mbits/sec  1165  
[102]   8.00-9.00   sec  1.61 MBytes  13.5 Mbits/sec  1165  
[102]   9.00-10.00  sec  1.61 MBytes  13.5 Mbits/sec  1165  
[102]  10.00-11.00  sec  1.61 MBytes  13.5 Mbits/sec  1165  
[102]  11.00-12.00  sec  1.61 MBytes  13.5 Mbits/sec  1165  
[102]  12.00-13.00  sec  1.61 MBytes  13.5 Mbits/sec  1165  
[102]  13.00-14.00  sec  1.61 MBytes  13.5 Mbits/sec  1164  
[102]  14.00-15.00  sec  1.61 MBytes  13.5 Mbits/sec  1166  
[102]  15.00-16.00  sec  1.61 MBytes  13.5 Mbits/sec  1165  
[102]  16.00-17.00  sec  1.61 MBytes  13.5 Mbits/sec  1165  
[102]  17.00-18.00  sec  1.61 MBytes  13.5 Mbits/sec  1165  
[102]  18.00-19.00  sec  1.61 MBytes  13.5 Mbits/sec  1165  
[102]  19.00-20.00  sec  1.61 MBytes  13.5 Mbits/sec  1164  
[102]  20.00-21.00  sec  1.61 MBytes  13.5 Mbits/sec  1165  
[102]  21.00-22.00  sec  1.61 MBytes  13.5 Mbits/sec  1165  
[102]  22.00-23.00  sec  1.61 MBytes  13.5 Mbits/sec  1166  
[102]  23.00-24.00  sec  1.61 MBytes  13.5 Mbits/sec  1164  
[102]  24.00-25.00  sec  1.61 MBytes  13.5 Mbits/sec  1165  
[102]  25.00-26.00  sec  1.61 MBytes  13.5 Mbits/sec  1166  
[102]  26.00-27.00  sec  1.43 MBytes  12.0 Mbits/sec  1040  
[102]  27.00-28.00  sec  0.00 Bytes  0.00 bits/sec  0  
[102]  28.00-29.00  sec  0.00 Bytes  0.00 bits/sec  0  
[102]  29.00-30.00  sec  0.00 Bytes  0.00 bits/sec  0  
- - - - - - - - - - - - - - - - - - - - - - - - -
[ ID] Interval           Transfer     Bitrate         Jitter    Lost/Total Datagrams
[102]   0.00-30.00  sec  43.3 MBytes  12.1 Mbits/sec  0.000 ms  0/31332 (0%)  sender
[102]   0.00-30.00  sec  42.6 MBytes  11.9 Mbits/sec  0.739 ms  2/30853 (0.0065%)  receiver

iperf Done.
