Connecting to host 10.0.0.6, port 1006
[102] local 10.0.0.1 port 46145 connected to 10.0.0.6 port 1006
[ ID] Interval           Transfer     Bitrate         Total Datagrams
[102]   0.00-1.00   sec   379 KBytes  3.10 Mbits/sec  269  
[102]   1.00-2.00   sec   163 KBytes  1.33 Mbits/sec  115  
[102]   2.00-3.00   sec   325 KBytes  2.66 Mbits/sec  230  
[102]   3.00-4.00   sec   163 KBytes  1.33 Mbits/sec  115  
[102]   4.00-5.00   sec   163 KBytes  1.33 Mbits/sec  115  
[102]   5.00-6.00   sec   163 KBytes  1.33 Mbits/sec  115  
[102]   6.00-7.00   sec   163 KBytes  1.33 Mbits/sec  115  
[102]   7.00-8.00   sec   163 KBytes  1.33 Mbits/sec  115  
[102]   8.00-9.00   sec   163 KBytes  1.33 Mbits/sec  115  
[102]   9.00-10.00  sec   163 KBytes  1.33 Mbits/sec  115  
[102]  10.00-11.00  sec   325 KBytes  2.66 Mbits/sec  230  
[102]  11.00-12.00  sec   163 KBytes  1.33 Mbits/sec  115  
[102]  12.00-13.00  sec  0.00 Bytes  0.00 bits/sec  0  
[102]  13.00-14.00  sec  0.00 Bytes  0.00 bits/sec  0  
[102]  14.00-15.00  sec   165 KBytes  1.36 Mbits/sec  117  
[102]  15.00-16.00  sec   163 KBytes  1.33 Mbits/sec  115  
[102]  16.00-17.00  sec  0.00 Bytes  0.00 bits/sec  0  
[102]  17.00-18.00  sec   163 KBytes  1.33 Mbits/sec  115  
[102]  18.00-19.00  sec   163 KBytes  1.33 Mbits/sec  115  
[102]  19.00-20.00  sec  0.00 Bytes  0.00 bits/sec  0  
[102]  20.00-21.00  sec   163 KBytes  1.33 Mbits/sec  115  
[102]  21.00-22.00  sec  0.00 Bytes  0.00 bits/sec  0  
[102]  22.00-23.00  sec   163 KBytes  1.33 Mbits/sec  115  
[102]  23.00-24.00  sec  0.00 Bytes  0.00 bits/sec  0  
[102]  24.00-25.00  sec   163 KBytes  1.33 Mbits/sec  115  
[102]  25.00-26.00  sec  0.00 Bytes  0.00 bits/sec  0  
[102]  26.00-27.00  sec  3.10 MBytes  26.0 Mbits/sec  2247  
[102]  27.00-28.00  sec  3.45 MBytes  28.9 Mbits/sec  2495  
[102]  28.00-29.00  sec  3.04 MBytes  25.6 Mbits/sec  2204  
[102]  29.00-30.00  sec  2.25 MBytes  18.8 Mbits/sec  1628  
- - - - - - - - - - - - - - - - - - - - - - - - -
[ ID] Interval           Transfer     Bitrate         Jitter    Lost/Total Datagrams
[102]   0.00-30.00  sec  15.4 MBytes  4.30 Mbits/sec  0.000 ms  0/11145 (0%)  sender
[102]   0.00-30.00  sec  3.55 MBytes   992 Kbits/sec  7.795 ms  0/2570 (0%)  receiver

iperf Done.
