Connecting to host 10.0.0.11, port 20011
[102] local 10.0.0.20 port 38281 connected to 10.0.0.11 port 20011
[ ID] Interval           Transfer     Bitrate         Total Datagrams
[102]   0.00-1.00   sec  45.2 KBytes   370 Kbits/sec  32  
[102]   1.00-2.00   sec  45.2 KBytes   371 Kbits/sec  32  
[102]   2.00-3.00   sec  45.2 KBytes   370 Kbits/sec  32  
[102]   3.00-4.00   sec  45.2 KBytes   371 Kbits/sec  32  
[102]   4.00-5.00   sec  45.2 KBytes   371 Kbits/sec  32  
[102]   5.00-6.00   sec  45.2 KBytes   371 Kbits/sec  32  
[102]   6.00-7.00   sec  45.2 KBytes   370 Kbits/sec  32  
[102]   7.00-8.00   sec  45.2 KBytes   371 Kbits/sec  32  
[102]   8.00-9.00   sec  45.2 KBytes   370 Kbits/sec  32  
[102]   9.00-10.00  sec  45.2 KBytes   371 Kbits/sec  32  
[102]  10.00-11.00  sec  45.2 KBytes   371 Kbits/sec  32  
[102]  11.00-12.00  sec  45.2 KBytes   371 Kbits/sec  32  
[102]  12.00-13.00  sec  45.2 KBytes   371 Kbits/sec  32  
[102]  13.00-14.00  sec  45.2 KBytes   371 Kbits/sec  32  
[102]  14.00-15.00  sec  45.2 KBytes   371 Kbits/sec  32  
[102]  15.00-16.00  sec  45.2 KBytes   371 Kbits/sec  32  
[102]  16.00-17.00  sec  45.2 KBytes   370 Kbits/sec  32  
[102]  17.00-18.00  sec  45.2 KBytes   371 Kbits/sec  32  
[102]  18.00-19.00  sec  45.2 KBytes   371 Kbits/sec  32  
[102]  19.00-20.00  sec  45.2 KBytes   370 Kbits/sec  32  
[102]  20.00-21.00  sec  43.8 KBytes   359 Kbits/sec  31  
[102]  21.00-22.00  sec  45.2 KBytes   371 Kbits/sec  32  
[102]  22.00-23.00  sec  45.2 KBytes   371 Kbits/sec  32  
[102]  23.00-24.00  sec  45.2 KBytes   371 Kbits/sec  32  
[102]  24.00-25.00  sec  45.2 KBytes   371 Kbits/sec  32  
[102]  25.00-26.00  sec  45.2 KBytes   370 Kbits/sec  32  
[102]  26.00-27.00  sec  45.2 KBytes   371 Kbits/sec  32  
[102]  27.00-28.00  sec  45.2 KBytes   371 Kbits/sec  32  
[102]  28.00-29.00  sec  45.2 KBytes   371 Kbits/sec  32  
[102]  29.00-30.00  sec  45.2 KBytes   370 Kbits/sec  32  
- - - - - - - - - - - - - - - - - - - - - - - - -
[ ID] Interval           Transfer     Bitrate         Jitter    Lost/Total Datagrams
[102]   0.00-30.00  sec  1.32 MBytes   370 Kbits/sec  0.000 ms  0/959 (0%)  sender
[102]   0.00-30.00  sec  1.22 MBytes   341 Kbits/sec  28.982 ms  60/943 (6.4%)  receiver

iperf Done.
