Connecting to host 10.0.0.12, port 20012
[102] local 10.0.0.20 port 47739 connected to 10.0.0.12 port 20012
[ ID] Interval           Transfer     Bitrate         Total Datagrams
[102]   0.00-1.00   sec   724 KBytes  5.92 Mbits/sec  512  
[102]   1.00-2.00   sec   724 KBytes  5.93 Mbits/sec  512  
[102]   2.00-3.00   sec   723 KBytes  5.92 Mbits/sec  511  
[102]   3.00-4.00   sec   724 KBytes  5.93 Mbits/sec  512  
[102]   4.00-5.00   sec   723 KBytes  5.92 Mbits/sec  511  
[102]   5.00-6.00   sec   724 KBytes  5.93 Mbits/sec  512  
[102]   6.00-7.00   sec   723 KBytes  5.92 Mbits/sec  511  
[102]   7.00-8.00   sec   724 KBytes  5.93 Mbits/sec  512  
[102]   8.00-9.00   sec   723 KBytes  5.92 Mbits/sec  511  
[102]   9.00-10.00  sec   724 KBytes  5.93 Mbits/sec  512  
[102]  10.00-11.00  sec   723 KBytes  5.92 Mbits/sec  511  
[102]  11.00-12.00  sec   724 KBytes  5.93 Mbits/sec  512  
[102]  12.00-13.00  sec   723 KBytes  5.92 Mbits/sec  511  
[102]  13.00-14.00  sec   723 KBytes  5.92 Mbits/sec  511  
[102]  14.00-15.00  sec   724 KBytes  5.93 Mbits/sec  512  
[102]  15.00-16.00  sec   724 KBytes  5.93 Mbits/sec  512  
[102]  16.00-17.00  sec   723 KBytes  5.92 Mbits/sec  511  
[102]  17.00-18.00  sec   724 KBytes  5.93 Mbits/sec  512  
[102]  18.00-19.00  sec   723 KBytes  5.92 Mbits/sec  511  
[102]  19.00-20.00  sec   723 KBytes  5.92 Mbits/sec  511  
[102]  20.00-21.00  sec   724 KBytes  5.93 Mbits/sec  512  
[102]  21.00-22.00  sec   723 KBytes  5.92 Mbits/sec  511  
[102]  22.00-23.00  sec   686 KBytes  5.62 Mbits/sec  486  
[102]  23.00-24.00  sec   761 KBytes  6.23 Mbits/sec  537  
[102]  24.00-25.00  sec   607 KBytes  4.97 Mbits/sec  430  
[102]  25.00-26.00  sec   840 KBytes  6.88 Mbits/sec  593  
[102]  26.00-27.00  sec   724 KBytes  5.93 Mbits/sec  512  
[102]  27.00-28.00  sec   723 KBytes  5.92 Mbits/sec  511  
[102]  28.00-29.00  sec   724 KBytes  5.93 Mbits/sec  512  
[102]  29.00-30.00  sec   723 KBytes  5.92 Mbits/sec  511  
- - - - - - - - - - - - - - - - - - - - - - - - -
[ ID] Interval           Transfer     Bitrate         Jitter    Lost/Total Datagrams
[102]   0.00-30.00  sec  21.2 MBytes  5.93 Mbits/sec  0.000 ms  0/15345 (0%)  sender
[102]   0.00-30.00  sec  19.0 MBytes  5.31 Mbits/sec  0.090 ms  1362/15102 (9%)  receiver

iperf Done.
