Connecting to host 10.0.0.13, port 20013
[102] local 10.0.0.20 port 49307 connected to 10.0.0.13 port 20013
[ ID] Interval           Transfer     Bitrate         Total Datagrams
[102]   0.00-1.00   sec   305 KBytes  2.50 Mbits/sec  216  
[102]   1.00-2.00   sec   304 KBytes  2.49 Mbits/sec  215  
[102]   2.00-3.00   sec   304 KBytes  2.49 Mbits/sec  215  
[102]   3.00-4.00   sec   304 KBytes  2.49 Mbits/sec  215  
[102]   4.00-5.00   sec   304 KBytes  2.49 Mbits/sec  215  
[102]   5.00-6.00   sec   305 KBytes  2.50 Mbits/sec  216  
[102]   6.00-7.00   sec   304 KBytes  2.49 Mbits/sec  215  
[102]   7.00-8.00   sec   304 KBytes  2.49 Mbits/sec  215  
[102]   8.00-9.00   sec   304 KBytes  2.49 Mbits/sec  215  
[102]   9.00-10.00  sec   304 KBytes  2.49 Mbits/sec  215  
[102]  10.00-11.00  sec   304 KBytes  2.49 Mbits/sec  215  
[102]  11.00-12.00  sec   304 KBytes  2.49 Mbits/sec  215  
[102]  12.00-13.00  sec   305 KBytes  2.50 Mbits/sec  216  
[102]  13.00-14.00  sec   304 KBytes  2.49 Mbits/sec  215  
[102]  14.00-15.00  sec   304 KBytes  2.49 Mbits/sec  215  
[102]  15.00-16.00  sec   304 KBytes  2.49 Mbits/sec  215  
[102]  16.00-17.00  sec   304 KBytes  2.49 Mbits/sec  215  
[102]  17.00-18.00  sec   304 KBytes  2.49 Mbits/sec  215  
[102]  18.00-19.00  sec   305 KBytes  2.50 Mbits/sec  216  
[102]  19.00-20.00  sec   304 KBytes  2.49 Mbits/sec  215  
[102]  20.00-21.00  sec   304 KBytes  2.49 Mbits/sec  215  
[102]  21.00-22.00  sec   304 KBytes  2.49 Mbits/sec  215  
[102]  22.00-23.00  sec   304 KBytes  2.49 Mbits/sec  215  
[102]  23.00-24.00  sec   304 KBytes  2.49 Mbits/sec  215  
[102]  24.00-25.00  sec   304 KBytes  2.49 Mbits/sec  215  
[102]  25.00-26.00  sec   304 KBytes  2.49 Mbits/sec  215  
[102]  26.00-27.00  sec   305 KBytes  2.50 Mbits/sec  216  
[102]  27.00-28.00  sec   304 KBytes  2.49 Mbits/sec  215  
[102]  28.00-29.00  sec   304 KBytes  2.49 Mbits/sec  215  
[102]  29.00-30.00  sec   304 KBytes  2.49 Mbits/sec  215  
- - - - - - - - - - - - - - - - - - - - - - - - -
[ ID] Interval           Transfer     Bitrate         Jitter    Lost/Total Datagrams
[102]   0.00-30.00  sec  8.91 MBytes  2.49 Mbits/sec  0.000 ms  0/6455 (0%)  sender
[102]   0.00-30.33  sec  7.98 MBytes  2.21 Mbits/sec  0.130 ms  576/6353 (9.1%)  receiver

iperf Done.
