Connecting to host 10.0.0.19, port 20019
[102] local 10.0.0.20 port 49446 connected to 10.0.0.19 port 20019
[ ID] Interval           Transfer     Bitrate         Total Datagrams
[102]   0.00-1.00   sec   291 KBytes  2.38 Mbits/sec  206  
[102]   1.00-2.00   sec   291 KBytes  2.39 Mbits/sec  206  
[102]   2.00-3.00   sec   263 KBytes  2.15 Mbits/sec  187  
[102]   3.00-4.00   sec   163 KBytes  1.33 Mbits/sec  115  
[102]   4.00-5.00   sec   163 KBytes  1.33 Mbits/sec  115  
[102]   5.00-6.00   sec   163 KBytes  1.33 Mbits/sec  115  
[102]   6.00-7.00   sec   163 KBytes  1.33 Mbits/sec  115  
[102]   7.00-8.00   sec   163 KBytes  1.33 Mbits/sec  115  
[102]   8.00-9.00   sec   163 KBytes  1.33 Mbits/sec  115  
[102]   9.00-10.00  sec   163 KBytes  1.33 Mbits/sec  115  
[102]  10.00-11.00  sec   325 KBytes  2.66 Mbits/sec  230  
[102]  11.00-12.00  sec   163 KBytes  1.33 Mbits/sec  115  
[102]  12.00-13.00  sec   325 KBytes  2.67 Mbits/sec  230  
[102]  13.00-14.00  sec  1.25 MBytes  10.5 Mbits/sec  903  
[102]  14.00-15.00  sec   291 KBytes  2.39 Mbits/sec  206  
[102]  15.00-16.00  sec   291 KBytes  2.39 Mbits/sec  206  
[102]  16.00-17.00  sec   290 KBytes  2.37 Mbits/sec  205  
[102]  17.00-18.00  sec   291 KBytes  2.39 Mbits/sec  206  
[102]  18.00-19.00  sec   291 KBytes  2.39 Mbits/sec  206  
[102]  19.00-20.00  sec   291 KBytes  2.39 Mbits/sec  206  
[102]  20.00-21.00  sec   291 KBytes  2.39 Mbits/sec  206  
[102]  21.00-22.00  sec   290 KBytes  2.37 Mbits/sec  205  
[102]  22.00-23.00  sec   291 KBytes  2.39 Mbits/sec  206  
[102]  23.00-24.00  sec   291 KBytes  2.39 Mbits/sec  206  
[102]  24.00-25.00  sec   291 KBytes  2.39 Mbits/sec  206  
[102]  25.00-26.00  sec   291 KBytes  2.39 Mbits/sec  206  
[102]  26.00-27.00  sec   290 KBytes  2.37 Mbits/sec  205  
[102]  27.00-28.00  sec   291 KBytes  2.39 Mbits/sec  206  
[102]  28.00-29.00  sec   291 KBytes  2.39 Mbits/sec  206  
[102]  29.00-30.00  sec   291 KBytes  2.38 Mbits/sec  206  
- - - - - - - - - - - - - - - - - - - - - - - - -
[ ID] Interval           Transfer     Bitrate         Jitter    Lost/Total Datagrams
[102]   0.00-30.00  sec  8.53 MBytes  2.38 Mbits/sec  0.000 ms  0/6175 (0%)  sender
[102]   0.00-30.33  sec  6.46 MBytes  1.79 Mbits/sec  0.121 ms  1396/6076 (23%)  receiver

iperf Done.
