Connecting to host 10.0.0.4, port 20004
[102] local 10.0.0.20 port 51215 connected to 10.0.0.4 port 20004
[ ID] Interval           Transfer     Bitrate         Total Datagrams
[102]   0.00-1.00   sec  1.36 MBytes  11.4 Mbits/sec  982  
[102]   1.00-2.00   sec  1.35 MBytes  11.3 Mbits/sec  979  
[102]   2.00-3.00   sec  1.36 MBytes  11.4 Mbits/sec  982  
[102]   3.00-4.00   sec  1.35 MBytes  11.4 Mbits/sec  980  
[102]   4.00-5.00   sec  1.35 MBytes  11.4 Mbits/sec  981  
[102]   5.00-6.00   sec  1.35 MBytes  11.4 Mbits/sec  980  
[102]   6.00-7.00   sec  1.35 MBytes  11.4 Mbits/sec  981  
[102]   7.00-8.00   sec  1.35 MBytes  11.4 Mbits/sec  980  
[102]   8.00-9.00   sec  1.35 MBytes  11.4 Mbits/sec  981  
[102]   9.00-10.00  sec  1.35 MBytes  11.4 Mbits/sec  979  
[102]  10.00-11.00  sec  1.36 MBytes  11.4 Mbits/sec  982  
[102]  11.00-12.00  sec  1.35 MBytes  11.4 Mbits/sec  980  
[102]  12.00-13.00  sec  1.35 MBytes  11.4 Mbits/sec  980  
[102]  13.00-14.00  sec  1.35 MBytes  11.4 Mbits/sec  981  
[102]  14.00-15.00  sec  1.35 MBytes  11.4 Mbits/sec  980  
[102]  15.00-16.00  sec  1.35 MBytes  11.4 Mbits/sec  981  
[102]  16.00-17.00  sec  1.35 MBytes  11.4 Mbits/sec  980  
[102]  17.00-18.00  sec  1.35 MBytes  11.4 Mbits/sec  981  
[102]  18.00-19.00  sec  1.22 MBytes  10.3 Mbits/sec  887  
[102]  19.00-20.00  sec  1.43 MBytes  12.0 Mbits/sec  1035  
[102]  20.00-21.00  sec  1.41 MBytes  11.8 Mbits/sec  1019  
[102]  21.00-22.00  sec  1.13 MBytes  9.47 Mbits/sec  818  
[102]  22.00-23.00  sec  1.58 MBytes  13.2 Mbits/sec  1143  
[102]  23.00-24.00  sec   949 KBytes  7.77 Mbits/sec  672  
[102]  24.00-25.00  sec  1.65 MBytes  13.8 Mbits/sec  1192  
[102]  25.00-26.00  sec  1.49 MBytes  12.5 Mbits/sec  1078  
[102]  26.00-27.00  sec  1.04 MBytes  8.70 Mbits/sec  752  
[102]  27.00-28.00  sec  1.67 MBytes  14.0 Mbits/sec  1207  
[102]  28.00-29.00  sec  1.36 MBytes  11.4 Mbits/sec  982  
[102]  29.00-30.00  sec  1.03 MBytes  8.62 Mbits/sec  745  
- - - - - - - - - - - - - - - - - - - - - - - - -
[ ID] Interval           Transfer     Bitrate         Jitter    Lost/Total Datagrams
[102]   0.00-30.00  sec  40.3 MBytes  11.3 Mbits/sec  0.000 ms  0/29180 (0%)  sender
[102]   0.00-30.00  sec  30.9 MBytes  8.65 Mbits/sec  0.329 ms  6252/28664 (22%)  receiver

iperf Done.
