Connecting to host 10.0.0.11, port 21011
[102] local 10.0.0.21 port 36118 connected to 10.0.0.11 port 21011
[ ID] Interval           Transfer     Bitrate         Total Datagrams
[102]   0.00-1.00   sec   100 KBytes   822 Kbits/sec  71  
[102]   1.00-2.00   sec   100 KBytes   822 Kbits/sec  71  
[102]   2.00-3.00   sec  99.0 KBytes   811 Kbits/sec  70  
[102]   3.00-4.00   sec   100 KBytes   822 Kbits/sec  71  
[102]   4.00-5.00   sec  99.0 KBytes   811 Kbits/sec  70  
[102]   5.00-6.00   sec   100 KBytes   822 Kbits/sec  71  
[102]   6.00-7.00   sec  99.0 KBytes   811 Kbits/sec  70  
[102]   7.00-8.00   sec   100 KBytes   823 Kbits/sec  71  
[102]   8.00-9.00   sec  99.0 KBytes   811 Kbits/sec  70  
[102]   9.00-10.00  sec   100 KBytes   822 Kbits/sec  71  
[102]  10.00-11.00  sec  99.0 KBytes   812 Kbits/sec  70  
[102]  11.00-12.00  sec   100 KBytes   822 Kbits/sec  71  
[102]  12.00-13.00  sec  99.0 KBytes   811 Kbits/sec  70  
[102]  13.00-14.00  sec   100 KBytes   823 Kbits/sec  71  
[102]  14.00-15.00  sec  99.0 KBytes   811 Kbits/sec  70  
[102]  15.00-16.00  sec   100 KBytes   823 Kbits/sec  71  
[102]  16.00-17.00  sec  99.0 KBytes   811 Kbits/sec  70  
[102]  17.00-18.00  sec   100 KBytes   822 Kbits/sec  71  
[102]  18.00-19.00  sec  99.0 KBytes   811 Kbits/sec  70  
[102]  19.00-20.00  sec   100 KBytes   822 Kbits/sec  71  
[102]  20.00-21.00  sec  99.0 KBytes   811 Kbits/sec  70  
[102]  21.00-22.00  sec   100 KBytes   822 Kbits/sec  71  
[102]  22.00-23.00  sec  99.0 KBytes   811 Kbits/sec  70  
[102]  23.00-24.00  sec   100 KBytes   822 Kbits/sec  71  
[102]  24.00-25.00  sec  99.0 KBytes   811 Kbits/sec  70  
[102]  25.00-26.00  sec   100 KBytes   822 Kbits/sec  71  
[102]  26.00-27.00  sec   100 KBytes   822 Kbits/sec  71  
[102]  27.00-28.00  sec  99.0 KBytes   811 Kbits/sec  70  
[102]  28.00-29.00  sec   100 KBytes   822 Kbits/sec  71  
[102]  29.00-30.00  sec  99.0 KBytes   810 Kbits/sec  70  
- - - - - - - - - - - - - - - - - - - - - - - - -
[ ID] Interval           Transfer     Bitrate         Jitter    Lost/Total Datagrams
[102]   0.00-30.00  sec  2.92 MBytes   817 Kbits/sec  0.000 ms  0/2116 (0%)  sender
[102]   0.00-30.00  sec  2.92 MBytes   817 Kbits/sec  0.050 ms  0/2116 (0%)  receiver

iperf Done.
