Connecting to host 10.0.0.14, port 21014
[102] local 10.0.0.21 port 50813 connected to 10.0.0.14 port 21014
[ ID] Interval           Transfer     Bitrate         Total Datagrams
[102]   0.00-1.00   sec  9.90 KBytes  81.0 Kbits/sec  7  
[102]   1.00-2.00   sec  8.48 KBytes  69.5 Kbits/sec  6  
[102]   2.00-3.00   sec  8.48 KBytes  69.5 Kbits/sec  6  
[102]   3.00-4.00   sec  8.48 KBytes  69.5 Kbits/sec  6  
[102]   4.00-5.00   sec  9.90 KBytes  81.1 Kbits/sec  7  
[102]   5.00-6.00   sec  8.48 KBytes  69.6 Kbits/sec  6  
[102]   6.00-7.00   sec  8.48 KBytes  69.4 Kbits/sec  6  
[102]   7.00-8.00   sec  8.48 KBytes  69.5 Kbits/sec  6  
[102]   8.00-9.00   sec  9.90 KBytes  81.1 Kbits/sec  7  
[102]   9.00-10.00  sec  8.48 KBytes  69.5 Kbits/sec  6  
[102]  10.00-11.00  sec  8.48 KBytes  69.5 Kbits/sec  6  
[102]  11.00-12.00  sec  8.48 KBytes  69.5 Kbits/sec  6  
[102]  12.00-13.00  sec  9.90 KBytes  81.1 Kbits/sec  7  
[102]  13.00-14.00  sec  8.48 KBytes  69.5 Kbits/sec  6  
[102]  14.00-15.00  sec  8.48 KBytes  69.5 Kbits/sec  6  
[102]  15.00-16.00  sec  8.48 KBytes  69.5 Kbits/sec  6  
[102]  16.00-17.00  sec  9.90 KBytes  81.1 Kbits/sec  7  
[102]  17.00-18.00  sec  8.48 KBytes  69.5 Kbits/sec  6  
[102]  18.00-19.00  sec  8.48 KBytes  69.5 Kbits/sec  6  
[102]  19.00-20.00  sec  8.48 KBytes  69.5 Kbits/sec  6  
[102]  20.00-21.00  sec  8.48 KBytes  69.5 Kbits/sec  6  
[102]  21.00-22.00  sec  9.90 KBytes  81.1 Kbits/sec  7  
[102]  22.00-23.00  sec  8.48 KBytes  69.5 Kbits/sec  6  
[102]  23.00-24.00  sec  8.48 KBytes  69.5 Kbits/sec  6  
[102]  24.00-25.00  sec  8.48 KBytes  69.5 Kbits/sec  6  
[102]  25.00-26.00  sec  9.90 KBytes  81.1 Kbits/sec  7  
[102]  26.00-27.00  sec  8.48 KBytes  69.6 Kbits/sec  6  
[102]  27.00-28.00  sec  8.48 KBytes  69.4 Kbits/sec  6  
[102]  28.00-29.00  sec  8.48 KBytes  69.5 Kbits/sec  6  
[102]  29.00-30.00  sec  9.90 KBytes  81.0 Kbits/sec  7  
- - - - - - - - - - - - - - - - - - - - - - - - -
[ ID] Interval           Transfer     Bitrate         Jitter    Lost/Total Datagrams
[102]   0.00-30.00  sec   266 KBytes  72.6 Kbits/sec  0.000 ms  0/188 (0%)  sender
[102]   0.00-30.00  sec   242 KBytes  66.0 Kbits/sec  117.261 ms  0/171 (0%)  receiver

iperf Done.
