Connecting to host 10.0.0.12, port 21012
[102] local 10.0.0.21 port 37833 connected to 10.0.0.12 port 21012
[ ID] Interval           Transfer     Bitrate         Total Datagrams
[102]   0.00-1.00   sec  2.31 MBytes  19.4 Mbits/sec  1676  
[102]   1.00-2.00   sec  2.31 MBytes  19.4 Mbits/sec  1675  
[102]   2.00-3.00   sec  2.05 MBytes  17.2 Mbits/sec  1488  
[102]   3.00-4.00   sec  2.24 MBytes  18.8 Mbits/sec  1621  
[102]   4.00-5.00   sec  2.08 MBytes  17.4 Mbits/sec  1504  
[102]   5.00-6.00   sec  2.07 MBytes  17.4 Mbits/sec  1499  
[102]   6.00-7.00   sec  2.08 MBytes  17.4 Mbits/sec  1505  
[102]   7.00-8.00   sec  2.08 MBytes  17.4 Mbits/sec  1505  
[102]   8.00-9.00   sec  2.06 MBytes  17.3 Mbits/sec  1495  
[102]   9.00-10.00  sec  3.84 MBytes  32.2 Mbits/sec  2778  
[102]  10.00-11.00  sec  2.31 MBytes  19.4 Mbits/sec  1674  
[102]  11.00-12.00  sec  2.31 MBytes  19.4 Mbits/sec  1674  
[102]  12.00-13.00  sec  2.31 MBytes  19.4 Mbits/sec  1673  
[102]  13.00-14.00  sec  2.31 MBytes  19.4 Mbits/sec  1676  
[102]  14.00-15.00  sec  2.31 MBytes  19.4 Mbits/sec  1673  
[102]  15.00-16.00  sec  2.31 MBytes  19.4 Mbits/sec  1676  
[102]  16.00-17.00  sec  2.31 MBytes  19.4 Mbits/sec  1673  
[102]  17.00-18.00  sec  2.31 MBytes  19.4 Mbits/sec  1676  
[102]  18.00-19.00  sec  2.31 MBytes  19.4 Mbits/sec  1673  
[102]  19.00-20.00  sec  2.31 MBytes  19.4 Mbits/sec  1675  
[102]  20.00-21.00  sec  2.31 MBytes  19.4 Mbits/sec  1675  
[102]  21.00-22.00  sec  2.31 MBytes  19.4 Mbits/sec  1674  
[102]  22.00-23.00  sec  2.31 MBytes  19.4 Mbits/sec  1673  
[102]  23.00-24.00  sec  2.31 MBytes  19.4 Mbits/sec  1676  
[102]  24.00-25.00  sec  2.31 MBytes  19.4 Mbits/sec  1674  
[102]  25.00-26.00  sec  2.31 MBytes  19.4 Mbits/sec  1675  
[102]  26.00-27.00  sec  2.31 MBytes  19.4 Mbits/sec  1674  
[102]  27.00-28.00  sec  2.31 MBytes  19.4 Mbits/sec  1674  
[102]  28.00-29.00  sec  2.31 MBytes  19.4 Mbits/sec  1675  
[102]  29.00-30.00  sec  2.31 MBytes  19.4 Mbits/sec  1674  
- - - - - - - - - - - - - - - - - - - - - - - - -
[ ID] Interval           Transfer     Bitrate         Jitter    Lost/Total Datagrams
[102]   0.00-30.00  sec  69.4 MBytes  19.4 Mbits/sec  0.000 ms  0/50233 (0%)  sender
[102]   0.00-30.00  sec  69.4 MBytes  19.4 Mbits/sec  0.005 ms  0/50233 (0%)  receiver

iperf Done.
