Connecting to host 10.0.0.7, port 21007
[102] local 10.0.0.21 port 60241 connected to 10.0.0.7 port 21007
[ ID] Interval           Transfer     Bitrate         Total Datagrams
[102]   0.00-1.00   sec   544 KBytes  4.46 Mbits/sec  385  
[102]   1.00-2.00   sec   542 KBytes  4.44 Mbits/sec  383  
[102]   2.00-3.00   sec   543 KBytes  4.45 Mbits/sec  384  
[102]   3.00-4.00   sec   543 KBytes  4.45 Mbits/sec  384  
[102]   4.00-5.00   sec   542 KBytes  4.44 Mbits/sec  383  
[102]   5.00-6.00   sec   543 KBytes  4.45 Mbits/sec  384  
[102]   6.00-7.00   sec   543 KBytes  4.45 Mbits/sec  384  
[102]   7.00-8.00   sec   542 KBytes  4.44 Mbits/sec  383  
[102]   8.00-9.00   sec   543 KBytes  4.45 Mbits/sec  384  
[102]   9.00-10.00  sec   543 KBytes  4.45 Mbits/sec  384  
[102]  10.00-11.00  sec   542 KBytes  4.44 Mbits/sec  383  
[102]  11.00-12.00  sec   543 KBytes  4.45 Mbits/sec  384  
[102]  12.00-13.00  sec   543 KBytes  4.45 Mbits/sec  384  
[102]  13.00-14.00  sec   542 KBytes  4.44 Mbits/sec  383  
[102]  14.00-15.00  sec   543 KBytes  4.45 Mbits/sec  384  
[102]  15.00-16.00  sec   543 KBytes  4.45 Mbits/sec  384  
[102]  16.00-17.00  sec   543 KBytes  4.45 Mbits/sec  384  
[102]  17.00-18.00  sec   542 KBytes  4.44 Mbits/sec  383  
[102]  18.00-19.00  sec   543 KBytes  4.45 Mbits/sec  384  
[102]  19.00-20.00  sec   543 KBytes  4.45 Mbits/sec  384  
[102]  20.00-21.00  sec   542 KBytes  4.44 Mbits/sec  383  
[102]  21.00-22.00  sec   543 KBytes  4.45 Mbits/sec  384  
[102]  22.00-23.00  sec   542 KBytes  4.44 Mbits/sec  383  
[102]  23.00-24.00  sec   322 KBytes  2.64 Mbits/sec  229  
[102]  24.00-25.00  sec   163 KBytes  1.33 Mbits/sec  115  
[102]  25.00-26.00  sec  0.00 Bytes  0.00 bits/sec  0  
[102]  26.00-27.00  sec   163 KBytes  1.33 Mbits/sec  115  
[102]  27.00-28.00  sec   163 KBytes  1.33 Mbits/sec  115  
[102]  28.00-29.00  sec  0.00 Bytes  0.00 bits/sec  0  
[102]  29.00-30.00  sec   163 KBytes  1.33 Mbits/sec  115  
- - - - - - - - - - - - - - - - - - - - - - - - -
[ ID] Interval           Transfer     Bitrate         Jitter    Lost/Total Datagrams
[102]   0.00-30.00  sec  13.1 MBytes  3.67 Mbits/sec  0.000 ms  0/9514 (0%)  sender
[102]   0.00-30.00  sec  12.9 MBytes  3.59 Mbits/sec  42.579 ms  0/9309 (0%)  receiver

iperf Done.
