Connecting to host 10.0.0.18, port 22018
[102] local 10.0.0.22 port 53849 connected to 10.0.0.18 port 22018
[ ID] Interval           Transfer     Bitrate         Total Datagrams
[102]   0.00-1.00   sec   158 KBytes  1.30 Mbits/sec  112  
[102]   1.00-2.00   sec   157 KBytes  1.29 Mbits/sec  111  
[102]   2.00-3.00   sec   157 KBytes  1.29 Mbits/sec  111  
[102]   3.00-4.00   sec   157 KBytes  1.29 Mbits/sec  111  
[102]   4.00-5.00   sec   157 KBytes  1.29 Mbits/sec  111  
[102]   5.00-6.00   sec   157 KBytes  1.29 Mbits/sec  111  
[102]   6.00-7.00   sec   157 KBytes  1.28 Mbits/sec  111  
[102]   7.00-8.00   sec   157 KBytes  1.29 Mbits/sec  111  
[102]   8.00-9.00   sec   157 KBytes  1.29 Mbits/sec  111  
[102]   9.00-10.00  sec   157 KBytes  1.29 Mbits/sec  111  
[102]  10.00-11.00  sec   157 KBytes  1.29 Mbits/sec  111  
[102]  11.00-12.00  sec   157 KBytes  1.29 Mbits/sec  111  
[102]  12.00-13.00  sec   158 KBytes  1.30 Mbits/sec  112  
[102]  13.00-14.00  sec   157 KBytes  1.29 Mbits/sec  111  
[102]  14.00-15.00  sec   157 KBytes  1.29 Mbits/sec  111  
[102]  15.00-16.00  sec   157 KBytes  1.29 Mbits/sec  111  
[102]  16.00-17.00  sec   157 KBytes  1.29 Mbits/sec  111  
[102]  17.00-18.00  sec   157 KBytes  1.29 Mbits/sec  111  
[102]  18.00-19.00  sec   157 KBytes  1.29 Mbits/sec  111  
[102]  19.00-20.00  sec   157 KBytes  1.29 Mbits/sec  111  
[102]  20.00-21.00  sec   157 KBytes  1.29 Mbits/sec  111  
[102]  21.00-22.00  sec   157 KBytes  1.29 Mbits/sec  111  
[102]  22.00-23.00  sec   157 KBytes  1.29 Mbits/sec  111  
[102]  23.00-24.00  sec   157 KBytes  1.28 Mbits/sec  111  
[102]  24.00-25.00  sec   158 KBytes  1.30 Mbits/sec  112  
[102]  25.00-26.00  sec   156 KBytes  1.28 Mbits/sec  110  
[102]  26.00-27.00  sec   158 KBytes  1.30 Mbits/sec  112  
[102]  27.00-28.00  sec   157 KBytes  1.29 Mbits/sec  111  
[102]  28.00-29.00  sec   157 KBytes  1.29 Mbits/sec  111  
[102]  29.00-30.00  sec   157 KBytes  1.29 Mbits/sec  111  
- - - - - - - - - - - - - - - - - - - - - - - - -
[ ID] Interval           Transfer     Bitrate         Jitter    Lost/Total Datagrams
[102]   0.00-30.00  sec  4.60 MBytes  1.29 Mbits/sec  0.000 ms  0/3333 (0%)  sender
[102]   0.00-30.00  sec  4.52 MBytes  1.26 Mbits/sec  0.003 ms  60/3333 (1.8%)  receiver

iperf Done.
