Connecting to host 10.0.0.12, port 22012
[102] local 10.0.0.22 port 44340 connected to 10.0.0.12 port 22012
[ ID] Interval           Transfer     Bitrate         Total Datagrams
[102]   0.00-1.00   sec   494 KBytes  4.04 Mbits/sec  349  
[102]   1.00-2.00   sec   494 KBytes  4.04 Mbits/sec  349  
[102]   2.00-3.00   sec   492 KBytes  4.03 Mbits/sec  348  
[102]   3.00-4.00   sec   494 KBytes  4.05 Mbits/sec  349  
[102]   4.00-5.00   sec   492 KBytes  4.03 Mbits/sec  348  
[102]   5.00-6.00   sec   420 KBytes  3.44 Mbits/sec  298  
[102]   6.00-7.00   sec   327 KBytes  2.68 Mbits/sec  231  
[102]   7.00-8.00   sec   567 KBytes  4.65 Mbits/sec  401  
[102]   8.00-9.00   sec   325 KBytes  2.66 Mbits/sec  230  
[102]   9.00-10.00  sec   551 KBytes  4.52 Mbits/sec  390  
[102]  10.00-11.00  sec   328 KBytes  2.69 Mbits/sec  232  
[102]  11.00-12.00  sec   325 KBytes  2.66 Mbits/sec  230  
[102]  12.00-13.00  sec   328 KBytes  2.69 Mbits/sec  232  
[102]  13.00-14.00  sec   327 KBytes  2.68 Mbits/sec  231  
[102]  14.00-15.00  sec   327 KBytes  2.68 Mbits/sec  231  
[102]  15.00-16.00  sec   327 KBytes  2.68 Mbits/sec  231  
[102]  16.00-17.00  sec   509 KBytes  4.17 Mbits/sec  360  
[102]  17.00-18.00  sec  1.71 MBytes  14.3 Mbits/sec  1234  
[102]  18.00-19.00  sec   492 KBytes  4.03 Mbits/sec  348  
[102]  19.00-20.00  sec   494 KBytes  4.04 Mbits/sec  349  
[102]  20.00-21.00  sec   492 KBytes  4.03 Mbits/sec  348  
[102]  21.00-22.00  sec   494 KBytes  4.04 Mbits/sec  349  
[102]  22.00-23.00  sec   492 KBytes  4.03 Mbits/sec  348  
[102]  23.00-24.00  sec   494 KBytes  4.04 Mbits/sec  349  
[102]  24.00-25.00  sec   492 KBytes  4.03 Mbits/sec  349  
[102]  25.00-26.00  sec   494 KBytes  4.04 Mbits/sec  348  
[102]  26.00-27.00  sec   492 KBytes  4.03 Mbits/sec  348  
[102]  27.00-28.00  sec   494 KBytes  4.04 Mbits/sec  349  
[102]  28.00-29.00  sec   492 KBytes  4.03 Mbits/sec  348  
[102]  29.00-30.00  sec   494 KBytes  4.04 Mbits/sec  349  
- - - - - - - - - - - - - - - - - - - - - - - - -
[ ID] Interval           Transfer     Bitrate         Jitter    Lost/Total Datagrams
[102]   0.00-30.00  sec  14.4 MBytes  4.04 Mbits/sec  0.000 ms  0/10456 (0%)  sender
[102]   0.00-30.00  sec  13.6 MBytes  3.80 Mbits/sec  0.013 ms  605/10456 (5.8%)  receiver

iperf Done.
