Connecting to host 10.0.0.17, port 22017
[102] local 10.0.0.22 port 54178 connected to 10.0.0.17 port 22017
[ ID] Interval           Transfer     Bitrate         Total Datagrams
[102]   0.00-1.00   sec   276 KBytes  2.26 Mbits/sec  195  
[102]   1.00-2.00   sec   274 KBytes  2.25 Mbits/sec  194  
[102]   2.00-3.00   sec   274 KBytes  2.25 Mbits/sec  194  
[102]   3.00-4.00   sec   274 KBytes  2.25 Mbits/sec  194  
[102]   4.00-5.00   sec   274 KBytes  2.25 Mbits/sec  194  
[102]   5.00-6.00   sec   274 KBytes  2.25 Mbits/sec  194  
[102]   6.00-7.00   sec   274 KBytes  2.25 Mbits/sec  194  
[102]   7.00-8.00   sec   274 KBytes  2.25 Mbits/sec  194  
[102]   8.00-9.00   sec   274 KBytes  2.25 Mbits/sec  194  
[102]   9.00-10.00  sec   274 KBytes  2.25 Mbits/sec  194  
[102]  10.00-11.00  sec   274 KBytes  2.25 Mbits/sec  194  
[102]  11.00-12.00  sec   274 KBytes  2.25 Mbits/sec  194  
[102]  12.00-13.00  sec   274 KBytes  2.25 Mbits/sec  194  
[102]  13.00-14.00  sec   274 KBytes  2.25 Mbits/sec  194  
[102]  14.00-15.00  sec   274 KBytes  2.25 Mbits/sec  194  
[102]  15.00-16.00  sec   274 KBytes  2.25 Mbits/sec  194  
[102]  16.00-17.00  sec   274 KBytes  2.25 Mbits/sec  194  
[102]  17.00-18.00  sec   274 KBytes  2.25 Mbits/sec  194  
[102]  18.00-19.00  sec   274 KBytes  2.25 Mbits/sec  194  
[102]  19.00-20.00  sec   274 KBytes  2.25 Mbits/sec  194  
[102]  20.00-21.00  sec   274 KBytes  2.25 Mbits/sec  194  
[102]  21.00-22.00  sec   274 KBytes  2.25 Mbits/sec  194  
[102]  22.00-23.00  sec   274 KBytes  2.25 Mbits/sec  194  
[102]  23.00-24.00  sec   274 KBytes  2.25 Mbits/sec  194  
[102]  24.00-25.00  sec   274 KBytes  2.25 Mbits/sec  194  
[102]  25.00-26.00  sec   274 KBytes  2.25 Mbits/sec  194  
[102]  26.00-27.00  sec   274 KBytes  2.25 Mbits/sec  194  
[102]  27.00-28.00  sec   274 KBytes  2.25 Mbits/sec  194  
[102]  28.00-29.00  sec   274 KBytes  2.25 Mbits/sec  194  
[102]  29.00-30.00  sec   274 KBytes  2.25 Mbits/sec  194  
- - - - - - - - - - - - - - - - - - - - - - - - -
[ ID] Interval           Transfer     Bitrate         Jitter    Lost/Total Datagrams
[102]   0.00-30.00  sec  8.04 MBytes  2.25 Mbits/sec  0.000 ms  0/5821 (0%)  sender
[102]   0.00-30.00  sec  7.89 MBytes  2.21 Mbits/sec  0.005 ms  110/5821 (1.9%)  receiver

iperf Done.
