Connecting to host 10.0.0.11, port 22011
[102] local 10.0.0.22 port 38841 connected to 10.0.0.11 port 22011
[ ID] Interval           Transfer     Bitrate         Total Datagrams
[102]   0.00-1.00   sec   389 KBytes  3.18 Mbits/sec  275  
[102]   1.00-2.00   sec   387 KBytes  3.17 Mbits/sec  274  
[102]   2.00-3.00   sec   387 KBytes  3.18 Mbits/sec  274  
[102]   3.00-4.00   sec   389 KBytes  3.18 Mbits/sec  275  
[102]   4.00-5.00   sec   387 KBytes  3.17 Mbits/sec  274  
[102]   5.00-6.00   sec   387 KBytes  3.18 Mbits/sec  274  
[102]   6.00-7.00   sec   298 KBytes  2.44 Mbits/sec  212  
[102]   7.00-8.00   sec   325 KBytes  2.66 Mbits/sec  230  
[102]   8.00-9.00   sec   327 KBytes  2.68 Mbits/sec  231  
[102]   9.00-10.00  sec   325 KBytes  2.66 Mbits/sec  230  
[102]  10.00-11.00  sec   328 KBytes  2.69 Mbits/sec  232  
[102]  11.00-12.00  sec   325 KBytes  2.66 Mbits/sec  230  
[102]  12.00-13.00  sec   328 KBytes  2.69 Mbits/sec  232  
[102]  13.00-14.00  sec   325 KBytes  2.67 Mbits/sec  230  
[102]  14.00-15.00  sec   325 KBytes  2.66 Mbits/sec  230  
[102]  15.00-16.00  sec   327 KBytes  2.68 Mbits/sec  231  
[102]  16.00-17.00  sec   163 KBytes  1.33 Mbits/sec  115  
[102]  17.00-18.00  sec   823 KBytes  6.75 Mbits/sec  582  
[102]  18.00-19.00  sec   823 KBytes  6.74 Mbits/sec  581  
[102]  19.00-20.00  sec   387 KBytes  3.17 Mbits/sec  274  
[102]  20.00-21.00  sec   387 KBytes  3.17 Mbits/sec  274  
[102]  21.00-22.00  sec   389 KBytes  3.19 Mbits/sec  275  
[102]  22.00-23.00  sec   387 KBytes  3.18 Mbits/sec  274  
[102]  23.00-24.00  sec   387 KBytes  3.17 Mbits/sec  274  
[102]  24.00-25.00  sec   387 KBytes  3.17 Mbits/sec  274  
[102]  25.00-26.00  sec   389 KBytes  3.19 Mbits/sec  275  
[102]  26.00-27.00  sec   387 KBytes  3.18 Mbits/sec  274  
[102]  27.00-28.00  sec   387 KBytes  3.17 Mbits/sec  274  
[102]  28.00-29.00  sec   387 KBytes  3.17 Mbits/sec  274  
[102]  29.00-30.00  sec   389 KBytes  3.18 Mbits/sec  275  
- - - - - - - - - - - - - - - - - - - - - - - - -
[ ID] Interval           Transfer     Bitrate         Jitter    Lost/Total Datagrams
[102]   0.00-30.00  sec  11.4 MBytes  3.18 Mbits/sec  0.000 ms  0/8229 (0%)  sender
[102]   0.00-30.00  sec  11.1 MBytes  3.12 Mbits/sec  0.011 ms  159/8229 (1.9%)  receiver

iperf Done.
