Connecting to host 10.0.0.2, port 22002
[102] local 10.0.0.22 port 41800 connected to 10.0.0.2 port 22002
[ ID] Interval           Transfer     Bitrate         Total Datagrams
[102]   0.00-1.00   sec   469 KBytes  3.84 Mbits/sec  332  
[102]   1.00-2.00   sec   468 KBytes  3.84 Mbits/sec  331  
[102]   2.00-3.00   sec   468 KBytes  3.83 Mbits/sec  331  
[102]   3.00-4.00   sec   469 KBytes  3.85 Mbits/sec  332  
[102]   4.00-5.00   sec   468 KBytes  3.84 Mbits/sec  331  
[102]   5.00-6.00   sec   468 KBytes  3.83 Mbits/sec  331  
[102]   6.00-7.00   sec   468 KBytes  3.83 Mbits/sec  331  
[102]   7.00-8.00   sec   468 KBytes  3.83 Mbits/sec  331  
[102]   8.00-9.00   sec   469 KBytes  3.85 Mbits/sec  332  
[102]   9.00-10.00  sec   260 KBytes  2.13 Mbits/sec  185  
[102]  10.00-11.00  sec   676 KBytes  5.53 Mbits/sec  477  
[102]  11.00-12.00  sec   223 KBytes  1.83 Mbits/sec  159  
[102]  12.00-13.00  sec   325 KBytes  2.66 Mbits/sec  230  
[102]  13.00-14.00  sec   163 KBytes  1.33 Mbits/sec  115  
[102]  14.00-15.00  sec   325 KBytes  2.66 Mbits/sec  230  
[102]  15.00-16.00  sec   325 KBytes  2.66 Mbits/sec  230  
[102]  16.00-17.00  sec   325 KBytes  2.66 Mbits/sec  230  
[102]  17.00-18.00  sec   327 KBytes  2.68 Mbits/sec  231  
[102]  18.00-19.00  sec   325 KBytes  2.66 Mbits/sec  230  
[102]  19.00-20.00  sec   328 KBytes  2.69 Mbits/sec  232  
[102]  20.00-21.00  sec  1.97 MBytes  16.5 Mbits/sec  1425  
[102]  21.00-22.00  sec   468 KBytes  3.83 Mbits/sec  331  
[102]  22.00-23.00  sec   468 KBytes  3.83 Mbits/sec  331  
[102]  23.00-24.00  sec   468 KBytes  3.83 Mbits/sec  331  
[102]  24.00-25.00  sec   469 KBytes  3.85 Mbits/sec  332  
[102]  25.00-26.00  sec   468 KBytes  3.84 Mbits/sec  331  
[102]  26.00-27.00  sec   468 KBytes  3.83 Mbits/sec  331  
[102]  27.00-28.00  sec   468 KBytes  3.84 Mbits/sec  331  
[102]  28.00-29.00  sec   468 KBytes  3.83 Mbits/sec  331  
[102]  29.00-30.00  sec   469 KBytes  3.84 Mbits/sec  332  
- - - - - - - - - - - - - - - - - - - - - - - - -
[ ID] Interval           Transfer     Bitrate         Jitter    Lost/Total Datagrams
[102]   0.00-30.00  sec  13.7 MBytes  3.84 Mbits/sec  0.000 ms  0/9937 (0%)  sender
[102]   0.00-30.00  sec  13.3 MBytes  3.72 Mbits/sec  0.020 ms  303/9937 (3%)  receiver

iperf Done.
