Connecting to host 10.0.0.5, port 22005
[102] local 10.0.0.22 port 58431 connected to 10.0.0.5 port 22005
[ ID] Interval           Transfer     Bitrate         Total Datagrams
[102]   0.00-1.00   sec   523 KBytes  4.28 Mbits/sec  370  
[102]   1.00-2.00   sec   520 KBytes  4.26 Mbits/sec  368  
[102]   2.00-3.00   sec   522 KBytes  4.27 Mbits/sec  369  
[102]   3.00-4.00   sec   522 KBytes  4.27 Mbits/sec  369  
[102]   4.00-5.00   sec   522 KBytes  4.27 Mbits/sec  369  
[102]   5.00-6.00   sec   522 KBytes  4.27 Mbits/sec  369  
[102]   6.00-7.00   sec   522 KBytes  4.27 Mbits/sec  369  
[102]   7.00-8.00   sec   489 KBytes  4.01 Mbits/sec  347  
[102]   8.00-9.00   sec   406 KBytes  3.33 Mbits/sec  287  
[102]   9.00-10.00  sec   533 KBytes  4.37 Mbits/sec  377  
[102]  10.00-11.00  sec   325 KBytes  2.66 Mbits/sec  230  
[102]  11.00-12.00  sec   325 KBytes  2.66 Mbits/sec  230  
[102]  12.00-13.00  sec   164 KBytes  1.34 Mbits/sec  116  
[102]  13.00-14.00  sec   325 KBytes  2.66 Mbits/sec  230  
[102]  14.00-15.00  sec   325 KBytes  2.66 Mbits/sec  230  
[102]  15.00-16.00  sec   328 KBytes  2.69 Mbits/sec  232  
[102]  16.00-17.00  sec   331 KBytes  2.71 Mbits/sec  234  
[102]  17.00-18.00  sec   328 KBytes  2.69 Mbits/sec  232  
[102]  18.00-19.00  sec   325 KBytes  2.66 Mbits/sec  230  
[102]  19.00-20.00  sec  1.76 MBytes  14.8 Mbits/sec  1274  
[102]  20.00-21.00  sec  1.26 MBytes  10.6 Mbits/sec  915  
[102]  21.00-22.00  sec   522 KBytes  4.27 Mbits/sec  369  
[102]  22.00-23.00  sec   522 KBytes  4.27 Mbits/sec  369  
[102]  23.00-24.00  sec   520 KBytes  4.26 Mbits/sec  368  
[102]  24.00-25.00  sec   522 KBytes  4.27 Mbits/sec  369  
[102]  25.00-26.00  sec   522 KBytes  4.27 Mbits/sec  369  
[102]  26.00-27.00  sec   522 KBytes  4.27 Mbits/sec  369  
[102]  27.00-28.00  sec   522 KBytes  4.27 Mbits/sec  369  
[102]  28.00-29.00  sec   522 KBytes  4.28 Mbits/sec  369  
[102]  29.00-30.00  sec   522 KBytes  4.27 Mbits/sec  369  
- - - - - - - - - - - - - - - - - - - - - - - - -
[ ID] Interval           Transfer     Bitrate         Jitter    Lost/Total Datagrams
[102]   0.00-30.00  sec  15.3 MBytes  4.27 Mbits/sec  0.000 ms  0/11067 (0%)  sender
[102]   0.00-30.00  sec  14.8 MBytes  4.13 Mbits/sec  0.017 ms  383/11067 (3.5%)  receiver

iperf Done.
