Connecting to host 10.0.0.9, port 22009
[102] local 10.0.0.22 port 59158 connected to 10.0.0.9 port 22009
[ ID] Interval           Transfer     Bitrate         Total Datagrams
[102]   0.00-1.00   sec   404 KBytes  3.31 Mbits/sec  286  
[102]   1.00-2.00   sec   404 KBytes  3.31 Mbits/sec  286  
[102]   2.00-3.00   sec   404 KBytes  3.31 Mbits/sec  286  
[102]   3.00-4.00   sec   403 KBytes  3.30 Mbits/sec  285  
[102]   4.00-5.00   sec   404 KBytes  3.31 Mbits/sec  286  
[102]   5.00-6.00   sec   403 KBytes  3.30 Mbits/sec  285  
[102]   6.00-7.00   sec   404 KBytes  3.31 Mbits/sec  286  
[102]   7.00-8.00   sec   400 KBytes  3.28 Mbits/sec  284  
[102]   8.00-9.00   sec   293 KBytes  2.40 Mbits/sec  207  
[102]   9.00-10.00  sec   488 KBytes  4.00 Mbits/sec  345  
[102]  10.00-11.00  sec   163 KBytes  1.33 Mbits/sec  115  
[102]  11.00-12.00  sec   325 KBytes  2.66 Mbits/sec  230  
[102]  12.00-13.00  sec   325 KBytes  2.66 Mbits/sec  230  
[102]  13.00-14.00  sec   163 KBytes  1.33 Mbits/sec  115  
[102]  14.00-15.00  sec   328 KBytes  2.69 Mbits/sec  232  
[102]  15.00-16.00  sec   327 KBytes  2.68 Mbits/sec  231  
[102]  16.00-17.00  sec   325 KBytes  2.66 Mbits/sec  230  
[102]  17.00-18.00  sec   489 KBytes  4.01 Mbits/sec  346  
[102]  18.00-19.00  sec   979 KBytes  8.02 Mbits/sec  692  
[102]  19.00-20.00  sec   646 KBytes  5.29 Mbits/sec  456  
[102]  20.00-21.00  sec   404 KBytes  3.31 Mbits/sec  286  
[102]  21.00-22.00  sec   403 KBytes  3.30 Mbits/sec  285  
[102]  22.00-23.00  sec   404 KBytes  3.31 Mbits/sec  286  
[102]  23.00-24.00  sec   404 KBytes  3.31 Mbits/sec  286  
[102]  24.00-25.00  sec   403 KBytes  3.30 Mbits/sec  285  
[102]  25.00-26.00  sec   404 KBytes  3.31 Mbits/sec  286  
[102]  26.00-27.00  sec   403 KBytes  3.30 Mbits/sec  285  
[102]  27.00-28.00  sec   404 KBytes  3.31 Mbits/sec  286  
[102]  28.00-29.00  sec   403 KBytes  3.30 Mbits/sec  285  
[102]  29.00-30.00  sec   404 KBytes  3.31 Mbits/sec  286  
- - - - - - - - - - - - - - - - - - - - - - - - -
[ ID] Interval           Transfer     Bitrate         Jitter    Lost/Total Datagrams
[102]   0.00-30.00  sec  11.8 MBytes  3.31 Mbits/sec  0.000 ms  0/8569 (0%)  sender
[102]   0.00-30.00  sec  11.5 MBytes  3.21 Mbits/sec  0.016 ms  252/8569 (2.9%)  receiver

iperf Done.
