Connecting to host 10.0.0.11, port 2011
[102] local 10.0.0.2 port 41922 connected to 10.0.0.11 port 2011
[ ID] Interval           Transfer     Bitrate         Total Datagrams
[102]   0.00-1.00   sec  1.08 MBytes  9.08 Mbits/sec  785  
[102]   1.00-2.00   sec  1.08 MBytes  9.08 Mbits/sec  784  
[102]   2.00-3.00   sec  1.08 MBytes  9.08 Mbits/sec  783  
[102]   3.00-4.00   sec  1.08 MBytes  9.08 Mbits/sec  784  
[102]   4.00-5.00   sec  1.08 MBytes  9.09 Mbits/sec  785  
[102]   5.00-6.00   sec  1.08 MBytes  9.08 Mbits/sec  784  
[102]   6.00-7.00   sec  1.08 MBytes  9.08 Mbits/sec  784  
[102]   7.00-8.00   sec  1.08 MBytes  9.08 Mbits/sec  784  
[102]   8.00-9.00   sec  1.08 MBytes  9.07 Mbits/sec  783  
[102]   9.00-10.00  sec  1.08 MBytes  9.08 Mbits/sec  784  
[102]  10.00-11.00  sec  1.08 MBytes  9.09 Mbits/sec  784  
[102]  11.00-12.00  sec  1.08 MBytes  9.08 Mbits/sec  784  
[102]  12.00-13.00  sec  1.08 MBytes  9.08 Mbits/sec  784  
[102]  13.00-14.00  sec  1.08 MBytes  9.08 Mbits/sec  784  
[102]  14.00-15.00  sec  1.08 MBytes  9.08 Mbits/sec  784  
[102]  15.00-16.00  sec  1.08 MBytes  9.08 Mbits/sec  784  
[102]  16.00-17.00  sec  1.04 MBytes  8.71 Mbits/sec  752  
[102]  17.00-18.00  sec  0.00 Bytes  0.00 bits/sec  0  
[102]  18.00-19.00  sec  0.00 Bytes  0.00 bits/sec  0  
[102]  19.00-20.00  sec  0.00 Bytes  0.00 bits/sec  0  
[102]  20.00-21.00  sec   164 KBytes  1.35 Mbits/sec  116  
[102]  21.00-22.00  sec  0.00 Bytes  0.00 bits/sec  0  
[102]  22.00-23.00  sec  0.00 Bytes  0.00 bits/sec  0  
[102]  23.00-24.00  sec  0.00 Bytes  0.00 bits/sec  0  
[102]  24.00-25.00  sec  0.00 Bytes  0.00 bits/sec  0  
[102]  25.00-26.00  sec   163 KBytes  1.33 Mbits/sec  115  
[102]  26.00-27.00  sec  0.00 Bytes  0.00 bits/sec  0  
[102]  27.00-28.00  sec  0.00 Bytes  0.00 bits/sec  0  
[102]  28.00-29.00  sec   163 KBytes  1.33 Mbits/sec  115  
[102]  29.00-30.00  sec  0.00 Bytes  0.00 bits/sec  0  
- - - - - - - - - - - - - - - - - - - - - - - - -
[ ID] Interval           Transfer     Bitrate         Jitter    Lost/Total Datagrams
[102]   0.00-30.00  sec  18.8 MBytes  5.27 Mbits/sec  0.000 ms  0/13642 (0%)  sender
[102]   0.00-30.08  sec  18.7 MBytes  5.21 Mbits/sec  6.757 ms  0/13526 (0%)  receiver

iperf Done.
