Connecting to host 10.0.0.17, port 2017
[102] local 10.0.0.2 port 59892 connected to 10.0.0.17 port 2017
[ ID] Interval           Transfer     Bitrate         Total Datagrams
[102]   0.00-1.00   sec  4.75 MBytes  39.9 Mbits/sec  3441  
[102]   1.00-2.00   sec  4.75 MBytes  39.8 Mbits/sec  3440  
[102]   2.00-3.00   sec  3.03 MBytes  25.4 Mbits/sec  2195  
[102]   3.00-4.00   sec  2.94 MBytes  24.7 Mbits/sec  2131  
[102]   4.00-5.00   sec  3.10 MBytes  26.0 Mbits/sec  2247  
[102]   5.00-6.00   sec  2.94 MBytes  24.7 Mbits/sec  2130  
[102]   6.00-7.00   sec  2.99 MBytes  25.1 Mbits/sec  2167  
[102]   7.00-8.00   sec  3.21 MBytes  26.9 Mbits/sec  2322  
[102]   8.00-9.00   sec  2.96 MBytes  24.8 Mbits/sec  2142  
[102]   9.00-10.00  sec  2.95 MBytes  24.7 Mbits/sec  2136  
[102]  10.00-11.00  sec  3.13 MBytes  26.3 Mbits/sec  2267  
[102]  11.00-12.00  sec  3.10 MBytes  26.0 Mbits/sec  2247  
[102]  12.00-13.00  sec  2.96 MBytes  24.9 Mbits/sec  2146  
[102]  13.00-14.00  sec  3.55 MBytes  29.8 Mbits/sec  2572  
[102]  14.00-15.00  sec  3.24 MBytes  27.2 Mbits/sec  2346  
[102]  15.00-16.00  sec  2.63 MBytes  22.0 Mbits/sec  1903  
[102]  16.00-17.00  sec  2.78 MBytes  23.3 Mbits/sec  2010  
[102]  17.00-18.00  sec  2.72 MBytes  22.8 Mbits/sec  1972  
[102]  18.00-19.00  sec  2.60 MBytes  21.8 Mbits/sec  1881  
[102]  19.00-20.00  sec  2.76 MBytes  23.1 Mbits/sec  1997  
[102]  20.00-21.00  sec  2.61 MBytes  21.9 Mbits/sec  1893  
[102]  21.00-22.00  sec  2.62 MBytes  21.9 Mbits/sec  1894  
[102]  22.00-23.00  sec  2.75 MBytes  23.1 Mbits/sec  1989  
[102]  23.00-24.00  sec  2.56 MBytes  21.5 Mbits/sec  1857  
[102]  24.00-25.00  sec  2.73 MBytes  22.9 Mbits/sec  1974  
[102]  25.00-26.00  sec  4.00 MBytes  33.6 Mbits/sec  2900  
[102]  26.00-27.00  sec  6.89 MBytes  57.8 Mbits/sec  4987  
[102]  27.00-28.00  sec  7.04 MBytes  59.1 Mbits/sec  5101  
[102]  28.00-29.00  sec  9.61 MBytes  80.6 Mbits/sec  6957  
[102]  29.00-30.00  sec  10.1 MBytes  84.6 Mbits/sec  7304  
- - - - - - - - - - - - - - - - - - - - - - - - -
[ ID] Interval           Transfer     Bitrate         Jitter    Lost/Total Datagrams
[102]   0.00-30.00  sec   114 MBytes  31.9 Mbits/sec  0.000 ms  0/82548 (0%)  sender
[102]   0.00-30.03  sec   114 MBytes  31.8 Mbits/sec  0.156 ms  0/82548 (0%)  receiver

iperf Done.
