Connecting to host 10.0.0.21, port 2021
[102] local 10.0.0.2 port 48142 connected to 10.0.0.21 port 2021
[ ID] Interval           Transfer     Bitrate         Total Datagrams
[102]   0.00-1.00   sec   427 KBytes  3.49 Mbits/sec  302  
[102]   1.00-2.00   sec   426 KBytes  3.49 Mbits/sec  301  
[102]   2.00-3.00   sec   426 KBytes  3.49 Mbits/sec  301  
[102]   3.00-4.00   sec   427 KBytes  3.50 Mbits/sec  302  
[102]   4.00-5.00   sec   426 KBytes  3.49 Mbits/sec  301  
[102]   5.00-6.00   sec   426 KBytes  3.49 Mbits/sec  301  
[102]   6.00-7.00   sec   426 KBytes  3.49 Mbits/sec  301  
[102]   7.00-8.00   sec   426 KBytes  3.49 Mbits/sec  301  
[102]   8.00-9.00   sec   426 KBytes  3.49 Mbits/sec  301  
[102]   9.00-10.00  sec   427 KBytes  3.50 Mbits/sec  302  
[102]  10.00-11.00  sec   426 KBytes  3.49 Mbits/sec  301  
[102]  11.00-12.00  sec   426 KBytes  3.49 Mbits/sec  301  
[102]  12.00-13.00  sec   426 KBytes  3.49 Mbits/sec  301  
[102]  13.00-14.00  sec   182 KBytes  1.49 Mbits/sec  130  
[102]  14.00-15.00  sec  0.00 Bytes  0.00 bits/sec  0  
[102]  15.00-16.00  sec  0.00 Bytes  0.00 bits/sec  0  
[102]  16.00-17.00  sec  0.00 Bytes  0.00 bits/sec  0  
[102]  17.00-18.00  sec  0.00 Bytes  0.00 bits/sec  0  
[102]  18.00-19.00  sec   163 KBytes  1.33 Mbits/sec  115  
[102]  19.00-20.00  sec  0.00 Bytes  0.00 bits/sec  0  
[102]  20.00-21.00  sec  0.00 Bytes  0.00 bits/sec  0  
[102]  21.00-22.00  sec   163 KBytes  1.33 Mbits/sec  115  
[102]  22.00-23.00  sec  0.00 Bytes  0.00 bits/sec  0  
[102]  23.00-24.00  sec  0.00 Bytes  0.00 bits/sec  0  
[102]  24.00-25.00  sec  0.00 Bytes  0.00 bits/sec  0  
[102]  25.00-26.00  sec   813 KBytes  6.66 Mbits/sec  575  
[102]  26.00-27.00  sec  1.43 MBytes  12.0 Mbits/sec  1035  
[102]  27.00-28.00  sec  1.27 MBytes  10.7 Mbits/sec  920  
[102]  28.00-29.00  sec  1.59 MBytes  13.3 Mbits/sec  1150  
[102]  29.00-30.00  sec  1.49 MBytes  12.5 Mbits/sec  1081  
- - - - - - - - - - - - - - - - - - - - - - - - -
[ ID] Interval           Transfer     Bitrate         Jitter    Lost/Total Datagrams
[102]   0.00-30.00  sec  12.5 MBytes  3.49 Mbits/sec  0.000 ms  0/9037 (0%)  sender
[102]   0.00-30.00  sec  12.5 MBytes  3.49 Mbits/sec  0.011 ms  0/9037 (0%)  receiver

iperf Done.
