Connecting to host 10.0.0.4, port 2004
[102] local 10.0.0.2 port 42851 connected to 10.0.0.4 port 2004
[ ID] Interval           Transfer     Bitrate         Total Datagrams
[102]   0.00-1.00   sec  11.1 MBytes  93.2 Mbits/sec  8056  
[102]   1.00-2.00   sec  10.8 MBytes  90.8 Mbits/sec  7838  
[102]   2.00-3.00   sec  10.8 MBytes  90.5 Mbits/sec  7802  
[102]   3.00-4.00   sec  11.0 MBytes  92.2 Mbits/sec  7965  
[102]   4.00-5.00   sec  10.7 MBytes  90.0 Mbits/sec  7766  
[102]   5.00-6.00   sec  10.9 MBytes  91.6 Mbits/sec  7908  
[102]   6.00-7.00   sec  11.3 MBytes  94.8 Mbits/sec  8186  
[102]   7.00-8.00   sec  11.6 MBytes  97.2 Mbits/sec  8381  
[102]   8.00-9.00   sec  11.5 MBytes  96.3 Mbits/sec  8324  
[102]   9.00-10.00  sec  11.7 MBytes  97.8 Mbits/sec  8439  
[102]  10.00-11.00  sec  11.5 MBytes  96.3 Mbits/sec  8317  
[102]  11.00-12.00  sec  11.5 MBytes  96.7 Mbits/sec  8343  
[102]  12.00-13.00  sec  11.7 MBytes  97.7 Mbits/sec  8441  
[102]  13.00-14.00  sec  11.5 MBytes  96.8 Mbits/sec  8354  
[102]  14.00-15.00  sec  11.7 MBytes  98.0 Mbits/sec  8450  
[102]  15.00-16.00  sec  11.5 MBytes  96.6 Mbits/sec  8349  
[102]  16.00-17.00  sec  11.7 MBytes  97.9 Mbits/sec  8446  
[102]  17.00-18.00  sec  11.5 MBytes  96.5 Mbits/sec  8331  
[102]  18.00-19.00  sec  9.17 MBytes  76.9 Mbits/sec  6640  
[102]  19.00-20.00  sec  2.57 MBytes  21.5 Mbits/sec  1859  
[102]  20.00-21.00  sec  2.59 MBytes  21.8 Mbits/sec  1878  
[102]  21.00-22.00  sec  2.73 MBytes  22.9 Mbits/sec  1976  
[102]  22.00-23.00  sec  2.71 MBytes  22.7 Mbits/sec  1962  
[102]  23.00-24.00  sec  2.59 MBytes  21.8 Mbits/sec  1879  
[102]  24.00-25.00  sec  2.59 MBytes  21.7 Mbits/sec  1876  
[102]  25.00-26.00  sec  2.75 MBytes  23.1 Mbits/sec  1995  
[102]  26.00-27.00  sec  2.61 MBytes  21.9 Mbits/sec  1893  
[102]  27.00-28.00  sec  2.73 MBytes  22.9 Mbits/sec  1978  
[102]  28.00-29.00  sec  2.56 MBytes  21.5 Mbits/sec  1855  
[102]  29.00-30.00  sec  2.72 MBytes  22.9 Mbits/sec  1972  
- - - - - - - - - - - - - - - - - - - - - - - - -
[ ID] Interval           Transfer     Bitrate         Jitter    Lost/Total Datagrams
[102]   0.00-30.00  sec   242 MBytes  67.7 Mbits/sec  0.000 ms  0/175459 (0%)  sender
[102]   0.00-30.00  sec   242 MBytes  67.7 Mbits/sec  0.151 ms  0/175342 (0%)  receiver

iperf Done.
