Connecting to host 10.0.0.5, port 2005
[102] local 10.0.0.2 port 41577 connected to 10.0.0.5 port 2005
[ ID] Interval           Transfer     Bitrate         Total Datagrams
[102]   0.00-1.00   sec   119 KBytes   972 Kbits/sec  84  
[102]   1.00-2.00   sec   119 KBytes   973 Kbits/sec  84  
[102]   2.00-3.00   sec   119 KBytes   973 Kbits/sec  84  
[102]   3.00-4.00   sec   117 KBytes   961 Kbits/sec  83  
[102]   4.00-5.00   sec   119 KBytes   973 Kbits/sec  84  
[102]   5.00-6.00   sec   119 KBytes   973 Kbits/sec  84  
[102]   6.00-7.00   sec   117 KBytes   961 Kbits/sec  83  
[102]   7.00-8.00   sec   119 KBytes   973 Kbits/sec  84  
[102]   8.00-9.00   sec   119 KBytes   973 Kbits/sec  84  
[102]   9.00-10.00  sec   117 KBytes   962 Kbits/sec  83  
[102]  10.00-11.00  sec   119 KBytes   973 Kbits/sec  84  
[102]  11.00-12.00  sec   119 KBytes   973 Kbits/sec  84  
[102]  12.00-13.00  sec   117 KBytes   962 Kbits/sec  83  
[102]  13.00-14.00  sec   119 KBytes   973 Kbits/sec  84  
[102]  14.00-15.00  sec   119 KBytes   973 Kbits/sec  84  
[102]  15.00-16.00  sec   119 KBytes   973 Kbits/sec  84  
[102]  16.00-17.00  sec   117 KBytes   962 Kbits/sec  83  
[102]  17.00-18.00  sec   119 KBytes   973 Kbits/sec  84  
[102]  18.00-19.00  sec   119 KBytes   973 Kbits/sec  84  
[102]  19.00-20.00  sec   117 KBytes   961 Kbits/sec  83  
[102]  20.00-21.00  sec   119 KBytes   973 Kbits/sec  84  
[102]  21.00-22.00  sec   119 KBytes   973 Kbits/sec  84  
[102]  22.00-23.00  sec   117 KBytes   961 Kbits/sec  83  
[102]  23.00-24.00  sec   119 KBytes   973 Kbits/sec  84  
[102]  24.00-25.00  sec   119 KBytes   973 Kbits/sec  84  
[102]  25.00-26.00  sec   117 KBytes   961 Kbits/sec  83  
[102]  26.00-27.00  sec   119 KBytes   973 Kbits/sec  84  
[102]  27.00-28.00  sec   119 KBytes   973 Kbits/sec  84  
[102]  28.00-29.00  sec   117 KBytes   961 Kbits/sec  83  
[102]  29.00-30.00  sec   119 KBytes   973 Kbits/sec  84  
- - - - - - - - - - - - - - - - - - - - - - - - -
[ ID] Interval           Transfer     Bitrate         Jitter    Lost/Total Datagrams
[102]   0.00-30.00  sec  3.47 MBytes   970 Kbits/sec  0.000 ms  0/2511 (0%)  sender
[102]   0.00-30.01  sec  3.46 MBytes   968 Kbits/sec  5.540 ms  0/2508 (0%)  receiver

iperf Done.
