Connecting to host 10.0.0.6, port 2006
[102] local 10.0.0.2 port 44295 connected to 10.0.0.6 port 2006
[ ID] Interval           Transfer     Bitrate         Total Datagrams
[102]   0.00-1.00   sec   322 KBytes  2.64 Mbits/sec  229  
[102]   1.00-2.00   sec  0.00 Bytes  0.00 bits/sec  0  
[102]   2.00-3.00   sec   163 KBytes  1.33 Mbits/sec  115  
[102]   3.00-4.00   sec   325 KBytes  2.67 Mbits/sec  230  
[102]   4.00-5.00   sec  0.00 Bytes  0.00 bits/sec  0  
[102]   5.00-6.00   sec   163 KBytes  1.33 Mbits/sec  115  
[102]   6.00-7.00   sec  0.00 Bytes  0.00 bits/sec  0  
[102]   7.00-8.00   sec   163 KBytes  1.33 Mbits/sec  115  
[102]   8.00-9.00   sec   163 KBytes  1.33 Mbits/sec  115  
[102]   9.00-10.00  sec  0.00 Bytes  0.00 bits/sec  0  
[102]  10.00-11.00  sec   163 KBytes  1.33 Mbits/sec  115  
[102]  11.00-12.00  sec  0.00 Bytes  0.00 bits/sec  0  
[102]  12.00-13.00  sec   163 KBytes  1.33 Mbits/sec  115  
[102]  13.00-14.00  sec  0.00 Bytes  0.00 bits/sec  0  
[102]  14.00-15.00  sec   164 KBytes  1.34 Mbits/sec  116  
[102]  15.00-16.00  sec   163 KBytes  1.33 Mbits/sec  115  
[102]  16.00-17.00  sec   163 KBytes  1.33 Mbits/sec  115  
[102]  17.00-18.00  sec   163 KBytes  1.33 Mbits/sec  115  
[102]  18.00-19.00  sec   163 KBytes  1.33 Mbits/sec  115  
[102]  19.00-20.00  sec   163 KBytes  1.33 Mbits/sec  115  
[102]  20.00-21.00  sec   163 KBytes  1.33 Mbits/sec  115  
[102]  21.00-22.00  sec   163 KBytes  1.33 Mbits/sec  115  
[102]  22.00-23.00  sec   163 KBytes  1.33 Mbits/sec  115  
[102]  23.00-24.00  sec   163 KBytes  1.33 Mbits/sec  115  
[102]  24.00-25.00  sec   163 KBytes  1.33 Mbits/sec  115  
[102]  25.00-26.00  sec   163 KBytes  1.33 Mbits/sec  115  
[102]  26.00-27.00  sec   165 KBytes  1.35 Mbits/sec  117  
[102]  27.00-28.00  sec   163 KBytes  1.33 Mbits/sec  115  
[102]  28.00-29.00  sec   163 KBytes  1.33 Mbits/sec  115  
[102]  29.00-30.00  sec   163 KBytes  1.33 Mbits/sec  115  
- - - - - - - - - - - - - - - - - - - - - - - - -
[ ID] Interval           Transfer     Bitrate         Jitter    Lost/Total Datagrams
[102]   0.00-30.00  sec  4.13 MBytes  1.15 Mbits/sec  0.000 ms  0/2992 (0%)  sender
[102]   0.00-30.02  sec  3.95 MBytes  1.10 Mbits/sec  7.800 ms  0/2860 (0%)  receiver

iperf Done.
