Connecting to host 10.0.0.11, port 3011
[102] local 10.0.0.3 port 32793 connected to 10.0.0.11 port 3011
[ ID] Interval           Transfer     Bitrate         Total Datagrams
[102]   0.00-1.00   sec  3.11 MBytes  26.1 Mbits/sec  2256  
[102]   1.00-2.00   sec  2.87 MBytes  24.1 Mbits/sec  2078  
[102]   2.00-3.00   sec  2.88 MBytes  24.1 Mbits/sec  2082  
[102]   3.00-4.00   sec  3.02 MBytes  25.3 Mbits/sec  2190  
[102]   4.00-5.00   sec  2.87 MBytes  24.1 Mbits/sec  2076  
[102]   5.00-6.00   sec  2.88 MBytes  24.1 Mbits/sec  2082  
[102]   6.00-7.00   sec  2.88 MBytes  24.1 Mbits/sec  2085  
[102]   7.00-8.00   sec  2.88 MBytes  24.1 Mbits/sec  2085  
[102]   8.00-9.00   sec  2.87 MBytes  24.1 Mbits/sec  2078  
[102]   9.00-10.00  sec  2.87 MBytes  24.1 Mbits/sec  2079  
[102]  10.00-11.00  sec  3.02 MBytes  25.3 Mbits/sec  2186  
[102]  11.00-12.00  sec  2.87 MBytes  24.1 Mbits/sec  2077  
[102]  12.00-13.00  sec  2.88 MBytes  24.1 Mbits/sec  2082  
[102]  13.00-14.00  sec  2.71 MBytes  22.7 Mbits/sec  1960  
[102]  14.00-15.00  sec  2.86 MBytes  24.0 Mbits/sec  2070  
[102]  15.00-16.00  sec  2.71 MBytes  22.8 Mbits/sec  1962  
[102]  16.00-17.00  sec  2.87 MBytes  24.0 Mbits/sec  2077  
[102]  17.00-18.00  sec  2.87 MBytes  24.0 Mbits/sec  2076  
[102]  18.00-19.00  sec  2.87 MBytes  24.1 Mbits/sec  2078  
[102]  19.00-20.00  sec  2.70 MBytes  22.7 Mbits/sec  1956  
[102]  20.00-21.00  sec  2.86 MBytes  24.0 Mbits/sec  2070  
[102]  21.00-22.00  sec  3.02 MBytes  25.3 Mbits/sec  2185  
[102]  22.00-23.00  sec  3.02 MBytes  25.3 Mbits/sec  2188  
[102]  23.00-24.00  sec  2.70 MBytes  22.6 Mbits/sec  1955  
[102]  24.00-25.00  sec  2.86 MBytes  24.0 Mbits/sec  2070  
[102]  25.00-26.00  sec  2.86 MBytes  24.0 Mbits/sec  2070  
[102]  26.00-27.00  sec  2.86 MBytes  24.0 Mbits/sec  2070  
[102]  27.00-28.00  sec  2.86 MBytes  24.0 Mbits/sec  2070  
[102]  28.00-29.00  sec  2.86 MBytes  24.0 Mbits/sec  2070  
[102]  29.00-30.00  sec  3.02 MBytes  25.3 Mbits/sec  2185  
- - - - - - - - - - - - - - - - - - - - - - - - -
[ ID] Interval           Transfer     Bitrate         Jitter    Lost/Total Datagrams
[102]   0.00-30.00  sec  86.4 MBytes  24.2 Mbits/sec  0.000 ms  0/62548 (0%)  sender
[102]   0.00-30.00  sec  86.1 MBytes  24.1 Mbits/sec  1.928 ms  0/62332 (0%)  receiver

iperf Done.
