Connecting to host 10.0.0.13, port 3013
[102] local 10.0.0.3 port 57056 connected to 10.0.0.13 port 3013
[ ID] Interval           Transfer     Bitrate         Total Datagrams
[102]   0.00-1.00   sec  48.1 KBytes   393 Kbits/sec  34  
[102]   1.00-2.00   sec  48.1 KBytes   394 Kbits/sec  34  
[102]   2.00-3.00   sec  46.7 KBytes   382 Kbits/sec  33  
[102]   3.00-4.00   sec  48.1 KBytes   394 Kbits/sec  34  
[102]   4.00-5.00   sec  46.7 KBytes   382 Kbits/sec  33  
[102]   5.00-6.00   sec  48.1 KBytes   394 Kbits/sec  34  
[102]   6.00-7.00   sec  46.7 KBytes   382 Kbits/sec  33  
[102]   7.00-8.00   sec  48.1 KBytes   394 Kbits/sec  34  
[102]   8.00-9.00   sec  48.1 KBytes   394 Kbits/sec  34  
[102]   9.00-10.00  sec  46.7 KBytes   382 Kbits/sec  33  
[102]  10.00-11.00  sec  48.1 KBytes   394 Kbits/sec  34  
[102]  11.00-12.00  sec  46.7 KBytes   382 Kbits/sec  33  
[102]  12.00-13.00  sec  48.1 KBytes   394 Kbits/sec  34  
[102]  13.00-14.00  sec  46.7 KBytes   382 Kbits/sec  33  
[102]  14.00-15.00  sec  48.1 KBytes   394 Kbits/sec  34  
[102]  15.00-16.00  sec  46.7 KBytes   382 Kbits/sec  33  
[102]  16.00-17.00  sec  48.1 KBytes   394 Kbits/sec  34  
[102]  17.00-18.00  sec  46.7 KBytes   383 Kbits/sec  33  
[102]  18.00-19.00  sec  48.1 KBytes   394 Kbits/sec  34  
[102]  19.00-20.00  sec  48.1 KBytes   394 Kbits/sec  34  
[102]  20.00-21.00  sec  46.7 KBytes   383 Kbits/sec  33  
[102]  21.00-22.00  sec  48.1 KBytes   394 Kbits/sec  34  
[102]  22.00-23.00  sec  46.7 KBytes   382 Kbits/sec  33  
[102]  23.00-24.00  sec  48.1 KBytes   394 Kbits/sec  34  
[102]  24.00-25.00  sec  46.7 KBytes   382 Kbits/sec  33  
[102]  25.00-26.00  sec  48.1 KBytes   394 Kbits/sec  34  
[102]  26.00-27.00  sec  46.7 KBytes   382 Kbits/sec  33  
[102]  27.00-28.00  sec  48.1 KBytes   394 Kbits/sec  34  
[102]  28.00-29.00  sec  48.1 KBytes   394 Kbits/sec  34  
[102]  29.00-30.00  sec  46.7 KBytes   382 Kbits/sec  33  
- - - - - - - - - - - - - - - - - - - - - - - - -
[ ID] Interval           Transfer     Bitrate         Jitter    Lost/Total Datagrams
[102]   0.00-30.00  sec  1.39 MBytes   389 Kbits/sec  0.000 ms  0/1007 (0%)  sender
[102]   0.00-30.00  sec   482 KBytes   132 Kbits/sec  132.249 ms  361/702 (51%)  receiver

iperf Done.
