Connecting to host 10.0.0.14, port 3014
[102] local 10.0.0.3 port 48168 connected to 10.0.0.14 port 3014
[ ID] Interval           Transfer     Bitrate         Total Datagrams
[102]   0.00-1.00   sec   322 KBytes  2.64 Mbits/sec  229  
[102]   1.00-2.00   sec  0.00 Bytes  0.00 bits/sec  0  
[102]   2.00-3.00   sec   163 KBytes  1.33 Mbits/sec  115  
[102]   3.00-4.00   sec  0.00 Bytes  0.00 bits/sec  0  
[102]   4.00-5.00   sec  13.0 MBytes   109 Mbits/sec  9394  
[102]   5.00-6.00   sec  2.69 MBytes  22.6 Mbits/sec  1949  
[102]   6.00-7.00   sec  2.69 MBytes  22.6 Mbits/sec  1946  
[102]   7.00-8.00   sec  2.69 MBytes  22.6 Mbits/sec  1949  
[102]   8.00-9.00   sec   843 KBytes  6.90 Mbits/sec  597  
[102]   9.00-10.00  sec  0.00 Bytes  0.00 bits/sec  0  
[102]  10.00-11.00  sec  0.00 Bytes  0.00 bits/sec  0  
[102]  11.00-12.00  sec  0.00 Bytes  0.00 bits/sec  0  
[102]  12.00-13.00  sec  0.00 Bytes  0.00 bits/sec  0  
[102]  13.00-14.00  sec  0.00 Bytes  0.00 bits/sec  0  
[102]  14.00-15.00  sec  18.0 MBytes   151 Mbits/sec  13035  
[102]  15.00-16.00  sec  2.69 MBytes  22.6 Mbits/sec  1947  
[102]  16.00-17.00  sec  2.69 MBytes  22.6 Mbits/sec  1948  
[102]  17.00-18.00  sec  2.69 MBytes  22.6 Mbits/sec  1948  
[102]  18.00-19.00  sec  2.69 MBytes  22.6 Mbits/sec  1947  
[102]  19.00-20.00  sec  2.24 MBytes  18.8 Mbits/sec  1625  
[102]  20.00-21.00  sec  0.00 Bytes  0.00 bits/sec  0  
[102]  21.00-22.00  sec  0.00 Bytes  0.00 bits/sec  0  
[102]  22.00-23.00  sec  0.00 Bytes  0.00 bits/sec  0  
[102]  23.00-24.00  sec  11.2 MBytes  94.0 Mbits/sec  8112  
[102]  24.00-25.00  sec  2.69 MBytes  22.6 Mbits/sec  1948  
[102]  25.00-26.00  sec  2.55 MBytes  21.4 Mbits/sec  1848  
[102]  26.00-27.00  sec  0.00 Bytes  0.00 bits/sec  0  
[102]  27.00-28.00  sec  0.00 Bytes  0.00 bits/sec  0  
[102]  28.00-29.00  sec  0.00 Bytes  0.00 bits/sec  0  
[102]  29.00-30.00  sec  0.00 Bytes  0.00 bits/sec  0  
- - - - - - - - - - - - - - - - - - - - - - - - -
[ ID] Interval           Transfer     Bitrate         Jitter    Lost/Total Datagrams
[102]   0.00-30.00  sec  69.8 MBytes  19.5 Mbits/sec  0.000 ms  0/50537 (0%)  sender
[102]   0.00-34.15  sec  1.38 MBytes   339 Kbits/sec  0.032 ms  49539/50537 (98%)  receiver

iperf Done.
