Connecting to host 10.0.0.16, port 3016
[102] local 10.0.0.3 port 41662 connected to 10.0.0.16 port 3016
[ ID] Interval           Transfer     Bitrate         Total Datagrams
[102]   0.00-1.00   sec  89.1 KBytes   729 Kbits/sec  63  
[102]   1.00-2.00   sec  87.7 KBytes   718 Kbits/sec  62  
[102]   2.00-3.00   sec  89.1 KBytes   730 Kbits/sec  63  
[102]   3.00-4.00   sec  87.7 KBytes   719 Kbits/sec  62  
[102]   4.00-5.00   sec  87.7 KBytes   718 Kbits/sec  62  
[102]   5.00-6.00   sec  89.1 KBytes   729 Kbits/sec  63  
[102]   6.00-7.00   sec  87.7 KBytes   718 Kbits/sec  62  
[102]   7.00-8.00   sec  87.7 KBytes   718 Kbits/sec  62  
[102]   8.00-9.00   sec  89.1 KBytes   730 Kbits/sec  63  
[102]   9.00-10.00  sec  87.7 KBytes   718 Kbits/sec  62  
[102]  10.00-11.00  sec  87.7 KBytes   718 Kbits/sec  62  
[102]  11.00-12.00  sec  89.1 KBytes   730 Kbits/sec  63  
[102]  12.00-13.00  sec  87.7 KBytes   718 Kbits/sec  62  
[102]  13.00-14.00  sec  87.7 KBytes   718 Kbits/sec  62  
[102]  14.00-15.00  sec  89.1 KBytes   730 Kbits/sec  63  
[102]  15.00-16.00  sec  87.7 KBytes   718 Kbits/sec  62  
[102]  16.00-17.00  sec  87.7 KBytes   719 Kbits/sec  62  
[102]  17.00-18.00  sec  89.1 KBytes   729 Kbits/sec  63  
[102]  18.00-19.00  sec  87.7 KBytes   718 Kbits/sec  62  
[102]  19.00-20.00  sec  87.7 KBytes   718 Kbits/sec  62  
[102]  20.00-21.00  sec  89.1 KBytes   730 Kbits/sec  63  
[102]  21.00-22.00  sec  87.7 KBytes   718 Kbits/sec  62  
[102]  22.00-23.00  sec  89.1 KBytes   730 Kbits/sec  63  
[102]  23.00-24.00  sec  87.7 KBytes   719 Kbits/sec  62  
[102]  24.00-25.00  sec  87.7 KBytes   718 Kbits/sec  62  
[102]  25.00-26.00  sec  89.1 KBytes   730 Kbits/sec  63  
[102]  26.00-27.00  sec  87.7 KBytes   718 Kbits/sec  62  
[102]  27.00-28.00  sec  87.7 KBytes   718 Kbits/sec  62  
[102]  28.00-29.00  sec  89.1 KBytes   730 Kbits/sec  63  
[102]  29.00-30.00  sec  87.7 KBytes   718 Kbits/sec  62  
- - - - - - - - - - - - - - - - - - - - - - - - -
[ ID] Interval           Transfer     Bitrate         Jitter    Lost/Total Datagrams
[102]   0.00-30.00  sec  2.58 MBytes   722 Kbits/sec  0.000 ms  0/1871 (0%)  sender
[102]   0.00-30.00  sec  1.73 MBytes   485 Kbits/sec  422.176 ms  72/1327 (5.4%)  receiver

iperf Done.
