Connecting to host 10.0.0.21, port 3021
[102] local 10.0.0.3 port 35040 connected to 10.0.0.21 port 3021
[ ID] Interval           Transfer     Bitrate         Total Datagrams
[102]   0.00-1.00   sec   403 KBytes  3.30 Mbits/sec  285  
[102]   1.00-2.00   sec   403 KBytes  3.30 Mbits/sec  285  
[102]   2.00-3.00   sec   402 KBytes  3.29 Mbits/sec  284  
[102]   3.00-4.00   sec   402 KBytes  3.29 Mbits/sec  284  
[102]   4.00-5.00   sec   403 KBytes  3.30 Mbits/sec  285  
[102]   5.00-6.00   sec   402 KBytes  3.29 Mbits/sec  284  
[102]   6.00-7.00   sec   402 KBytes  3.29 Mbits/sec  284  
[102]   7.00-8.00   sec   403 KBytes  3.30 Mbits/sec  285  
[102]   8.00-9.00   sec   402 KBytes  3.29 Mbits/sec  284  
[102]   9.00-10.00  sec   403 KBytes  3.30 Mbits/sec  285  
[102]  10.00-11.00  sec   402 KBytes  3.29 Mbits/sec  284  
[102]  11.00-12.00  sec   402 KBytes  3.29 Mbits/sec  284  
[102]  12.00-13.00  sec   403 KBytes  3.30 Mbits/sec  285  
[102]  13.00-14.00  sec   402 KBytes  3.29 Mbits/sec  284  
[102]  14.00-15.00  sec   403 KBytes  3.30 Mbits/sec  285  
[102]  15.00-16.00  sec   402 KBytes  3.29 Mbits/sec  284  
[102]  16.00-17.00  sec   403 KBytes  3.30 Mbits/sec  285  
[102]  17.00-18.00  sec   402 KBytes  3.29 Mbits/sec  284  
[102]  18.00-19.00  sec   402 KBytes  3.29 Mbits/sec  284  
[102]  19.00-20.00  sec   403 KBytes  3.30 Mbits/sec  285  
[102]  20.00-21.00  sec   402 KBytes  3.29 Mbits/sec  284  
[102]  21.00-22.00  sec   402 KBytes  3.29 Mbits/sec  284  
[102]  22.00-23.00  sec   403 KBytes  3.30 Mbits/sec  285  
[102]  23.00-24.00  sec   402 KBytes  3.29 Mbits/sec  284  
[102]  24.00-25.00  sec   402 KBytes  3.29 Mbits/sec  285  
[102]  25.00-26.00  sec   403 KBytes  3.30 Mbits/sec  284  
[102]  26.00-27.00  sec   402 KBytes  3.29 Mbits/sec  284  
[102]  27.00-28.00  sec   403 KBytes  3.30 Mbits/sec  285  
[102]  28.00-29.00  sec   402 KBytes  3.29 Mbits/sec  284  
[102]  29.00-30.00  sec   403 KBytes  3.30 Mbits/sec  285  
- - - - - - - - - - - - - - - - - - - - - - - - -
[ ID] Interval           Transfer     Bitrate         Jitter    Lost/Total Datagrams
[102]   0.00-30.00  sec  11.8 MBytes  3.29 Mbits/sec  0.000 ms  0/8533 (0%)  sender
[102]   0.00-30.00  sec  7.28 MBytes  2.04 Mbits/sec  171.046 ms  1034/6307 (16%)  receiver

iperf Done.
