Connecting to host 10.0.0.16, port 4016
[102] local 10.0.0.4 port 54386 connected to 10.0.0.16 port 4016
[ ID] Interval           Transfer     Bitrate         Total Datagrams
[102]   0.00-1.00   sec   123 KBytes  1.01 Mbits/sec  87  
[102]   1.00-2.00   sec   122 KBytes   997 Kbits/sec  86  
[102]   2.00-3.00   sec   123 KBytes  1.01 Mbits/sec  87  
[102]   3.00-4.00   sec   122 KBytes   996 Kbits/sec  86  
[102]   4.00-5.00   sec   123 KBytes  1.01 Mbits/sec  87  
[102]   5.00-6.00   sec   122 KBytes   997 Kbits/sec  86  
[102]   6.00-7.00   sec   122 KBytes   996 Kbits/sec  86  
[102]   7.00-8.00   sec   123 KBytes  1.01 Mbits/sec  87  
[102]   8.00-9.00   sec   122 KBytes   996 Kbits/sec  86  
[102]   9.00-10.00  sec   123 KBytes  1.01 Mbits/sec  87  
[102]  10.00-11.00  sec   122 KBytes   996 Kbits/sec  86  
[102]  11.00-12.00  sec   122 KBytes   997 Kbits/sec  86  
[102]  12.00-13.00  sec   123 KBytes  1.01 Mbits/sec  87  
[102]  13.00-14.00  sec   122 KBytes   997 Kbits/sec  86  
[102]  14.00-15.00  sec   123 KBytes  1.01 Mbits/sec  87  
[102]  15.00-16.00  sec   122 KBytes   996 Kbits/sec  86  
[102]  16.00-17.00  sec   123 KBytes  1.01 Mbits/sec  87  
[102]  17.00-18.00  sec   122 KBytes   995 Kbits/sec  86  
[102]  18.00-19.00  sec   122 KBytes   996 Kbits/sec  86  
[102]  19.00-20.00  sec   123 KBytes  1.01 Mbits/sec  87  
[102]  20.00-21.00  sec   122 KBytes   995 Kbits/sec  86  
[102]  21.00-22.00  sec   123 KBytes  1.01 Mbits/sec  87  
[102]  22.00-23.00  sec   122 KBytes   996 Kbits/sec  86  
[102]  23.00-24.00  sec   122 KBytes   997 Kbits/sec  86  
[102]  24.00-25.00  sec   123 KBytes  1.01 Mbits/sec  87  
[102]  25.00-26.00  sec   122 KBytes   997 Kbits/sec  86  
[102]  26.00-27.00  sec   123 KBytes  1.01 Mbits/sec  87  
[102]  27.00-28.00  sec   122 KBytes   996 Kbits/sec  86  
[102]  28.00-29.00  sec   123 KBytes  1.01 Mbits/sec  87  
[102]  29.00-30.00  sec   122 KBytes   996 Kbits/sec  86  
- - - - - - - - - - - - - - - - - - - - - - - - -
[ ID] Interval           Transfer     Bitrate         Jitter    Lost/Total Datagrams
[102]   0.00-30.00  sec  3.58 MBytes  1.00 Mbits/sec  0.000 ms  0/2593 (0%)  sender
[102]   0.00-30.01  sec  3.29 MBytes   919 Kbits/sec  5.903 ms  211/2593 (8.1%)  receiver

iperf Done.
