Connecting to host 10.0.0.17, port 4017
[102] local 10.0.0.4 port 41581 connected to 10.0.0.17 port 4017
[ ID] Interval           Transfer     Bitrate         Total Datagrams
[102]   0.00-1.00   sec  3.16 MBytes  26.5 Mbits/sec  2292  
[102]   1.00-2.00   sec  2.71 MBytes  22.7 Mbits/sec  1965  
[102]   2.00-3.00   sec  2.71 MBytes  22.7 Mbits/sec  1960  
[102]   3.00-4.00   sec  2.71 MBytes  22.7 Mbits/sec  1962  
[102]   4.00-5.00   sec  2.72 MBytes  22.8 Mbits/sec  1968  
[102]   5.00-6.00   sec  2.55 MBytes  21.4 Mbits/sec  1846  
[102]   6.00-7.00   sec  2.08 MBytes  17.4 Mbits/sec  1506  
[102]   7.00-8.00   sec  2.24 MBytes  18.8 Mbits/sec  1619  
[102]   8.00-9.00   sec  70.6 MBytes   592 Mbits/sec  51090  
[102]   9.00-10.00  sec  10.7 MBytes  90.0 Mbits/sec  7766  
[102]  10.00-11.00  sec  9.76 MBytes  81.9 Mbits/sec  7068  
[102]  11.00-12.00  sec  10.3 MBytes  86.1 Mbits/sec  7433  
[102]  12.00-13.00  sec  10.6 MBytes  89.1 Mbits/sec  7687  
[102]  13.00-14.00  sec  9.73 MBytes  81.7 Mbits/sec  7046  
[102]  14.00-15.00  sec  8.13 MBytes  68.1 Mbits/sec  5885  
[102]  15.00-16.00  sec  1.31 MBytes  11.0 Mbits/sec  947  
[102]  16.00-17.00  sec  1.30 MBytes  10.9 Mbits/sec  943  
[102]  17.00-18.00  sec  1.32 MBytes  11.1 Mbits/sec  954  
[102]  18.00-19.00  sec  1.32 MBytes  11.1 Mbits/sec  957  
[102]  19.00-20.00  sec  1.47 MBytes  12.4 Mbits/sec  1068  
[102]  20.00-21.00  sec  1.94 MBytes  16.2 Mbits/sec  1402  
[102]  21.00-22.00  sec  2.30 MBytes  19.3 Mbits/sec  1666  
[102]  22.00-23.00  sec  2.10 MBytes  17.6 Mbits/sec  1524  
[102]  23.00-24.00  sec  2.24 MBytes  18.8 Mbits/sec  1620  
[102]  24.00-25.00  sec  2.30 MBytes  19.3 Mbits/sec  1667  
[102]  25.00-26.00  sec  2.58 MBytes  21.7 Mbits/sec  1871  
[102]  26.00-27.00  sec  2.76 MBytes  23.1 Mbits/sec  1999  
[102]  27.00-28.00  sec  3.25 MBytes  27.3 Mbits/sec  2356  
[102]  28.00-29.00  sec  3.72 MBytes  31.2 Mbits/sec  2694  
[102]  29.00-30.00  sec  3.73 MBytes  31.2 Mbits/sec  2698  
- - - - - - - - - - - - - - - - - - - - - - - - -
[ ID] Interval           Transfer     Bitrate         Jitter    Lost/Total Datagrams
[102]   0.00-30.00  sec   184 MBytes  51.5 Mbits/sec  0.000 ms  0/133459 (0%)  sender
[102]   0.00-30.00  sec  67.4 MBytes  18.8 Mbits/sec  0.255 ms  84501/133285 (63%)  receiver

iperf Done.
