Connecting to host 10.0.0.19, port 4019
[102] local 10.0.0.4 port 34463 connected to 10.0.0.19 port 4019
[ ID] Interval           Transfer     Bitrate         Total Datagrams
[102]   0.00-1.00   sec   696 KBytes  5.70 Mbits/sec  492  
[102]   1.00-2.00   sec   694 KBytes  5.69 Mbits/sec  491  
[102]   2.00-3.00   sec   696 KBytes  5.70 Mbits/sec  492  
[102]   3.00-4.00   sec   694 KBytes  5.68 Mbits/sec  491  
[102]   4.00-5.00   sec   694 KBytes  5.69 Mbits/sec  491  
[102]   5.00-6.00   sec   696 KBytes  5.70 Mbits/sec  492  
[102]   6.00-7.00   sec   694 KBytes  5.69 Mbits/sec  491  
[102]   7.00-8.00   sec   694 KBytes  5.69 Mbits/sec  491  
[102]   8.00-9.00   sec   696 KBytes  5.70 Mbits/sec  492  
[102]   9.00-10.00  sec   694 KBytes  5.68 Mbits/sec  491  
[102]  10.00-11.00  sec   694 KBytes  5.69 Mbits/sec  491  
[102]  11.00-12.00  sec   696 KBytes  5.70 Mbits/sec  492  
[102]  12.00-13.00  sec   694 KBytes  5.69 Mbits/sec  491  
[102]  13.00-14.00  sec   696 KBytes  5.70 Mbits/sec  492  
[102]  14.00-15.00  sec   694 KBytes  5.69 Mbits/sec  491  
[102]  15.00-16.00  sec   694 KBytes  5.69 Mbits/sec  491  
[102]  16.00-17.00  sec   694 KBytes  5.69 Mbits/sec  491  
[102]  17.00-18.00  sec   696 KBytes  5.70 Mbits/sec  492  
[102]  18.00-19.00  sec   694 KBytes  5.69 Mbits/sec  491  
[102]  19.00-20.00  sec   694 KBytes  5.69 Mbits/sec  491  
[102]  20.00-21.00  sec   696 KBytes  5.70 Mbits/sec  492  
[102]  21.00-22.00  sec   694 KBytes  5.69 Mbits/sec  491  
[102]  22.00-23.00  sec   694 KBytes  5.69 Mbits/sec  491  
[102]  23.00-24.00  sec   696 KBytes  5.70 Mbits/sec  492  
[102]  24.00-25.00  sec   694 KBytes  5.69 Mbits/sec  491  
[102]  25.00-26.00  sec   694 KBytes  5.69 Mbits/sec  491  
[102]  26.00-27.00  sec   696 KBytes  5.70 Mbits/sec  492  
[102]  27.00-28.00  sec   694 KBytes  5.69 Mbits/sec  491  
[102]  28.00-29.00  sec   694 KBytes  5.69 Mbits/sec  491  
[102]  29.00-30.00  sec   696 KBytes  5.70 Mbits/sec  492  
- - - - - - - - - - - - - - - - - - - - - - - - -
[ ID] Interval           Transfer     Bitrate         Jitter    Lost/Total Datagrams
[102]   0.00-30.00  sec  20.4 MBytes  5.69 Mbits/sec  0.000 ms  0/14741 (0%)  sender
[102]   0.00-30.00  sec  19.0 MBytes  5.31 Mbits/sec  2.496 ms  968/14730 (6.6%)  receiver

iperf Done.
