Connecting to host 10.0.0.20, port 4020
[102] local 10.0.0.4 port 34636 connected to 10.0.0.20 port 4020
[ ID] Interval           Transfer     Bitrate         Total Datagrams
[102]   0.00-1.00   sec  3.02 MBytes  25.3 Mbits/sec  2190  
[102]   1.00-2.00   sec  2.86 MBytes  24.0 Mbits/sec  2071  
[102]   2.00-3.00   sec  2.87 MBytes  24.1 Mbits/sec  2081  
[102]   3.00-4.00   sec  2.88 MBytes  24.1 Mbits/sec  2084  
[102]   4.00-5.00   sec  2.87 MBytes  24.1 Mbits/sec  2078  
[102]   5.00-6.00   sec  2.88 MBytes  24.1 Mbits/sec  2085  
[102]   6.00-7.00   sec  2.87 MBytes  24.0 Mbits/sec  2075  
[102]   7.00-8.00   sec  25.9 MBytes   218 Mbits/sec  18771  
[102]   8.00-9.00   sec  5.63 MBytes  47.2 Mbits/sec  4076  
[102]   9.00-10.00  sec  6.35 MBytes  53.3 Mbits/sec  4599  
[102]  10.00-11.00  sec  5.24 MBytes  44.0 Mbits/sec  3797  
[102]  11.00-12.00  sec  6.20 MBytes  52.0 Mbits/sec  4493  
[102]  12.00-13.00  sec  5.43 MBytes  45.5 Mbits/sec  3932  
[102]  13.00-14.00  sec  3.85 MBytes  32.3 Mbits/sec  2786  
[102]  14.00-15.00  sec  1.30 MBytes  10.9 Mbits/sec  939  
[102]  15.00-16.00  sec  1.31 MBytes  11.0 Mbits/sec  949  
[102]  16.00-17.00  sec  1.31 MBytes  11.0 Mbits/sec  951  
[102]  17.00-18.00  sec  1.32 MBytes  11.1 Mbits/sec  954  
[102]  18.00-19.00  sec  1.46 MBytes  12.3 Mbits/sec  1058  
[102]  19.00-20.00  sec  2.28 MBytes  19.1 Mbits/sec  1652  
[102]  20.00-21.00  sec  2.13 MBytes  17.9 Mbits/sec  1542  
[102]  21.00-22.00  sec  2.24 MBytes  18.8 Mbits/sec  1624  
[102]  22.00-23.00  sec  2.25 MBytes  18.9 Mbits/sec  1626  
[102]  23.00-24.00  sec  2.28 MBytes  19.2 Mbits/sec  1654  
[102]  24.00-25.00  sec  2.60 MBytes  21.8 Mbits/sec  1882  
[102]  25.00-26.00  sec  2.94 MBytes  24.6 Mbits/sec  2127  
[102]  26.00-27.00  sec  3.39 MBytes  28.4 Mbits/sec  2455  
[102]  27.00-28.00  sec  3.56 MBytes  29.9 Mbits/sec  2579  
[102]  28.00-29.00  sec  4.20 MBytes  35.2 Mbits/sec  3045  
[102]  29.00-30.00  sec  7.65 MBytes  64.2 Mbits/sec  5543  
- - - - - - - - - - - - - - - - - - - - - - - - -
[ ID] Interval           Transfer     Bitrate         Jitter    Lost/Total Datagrams
[102]   0.00-30.00  sec   121 MBytes  33.9 Mbits/sec  0.000 ms  0/87698 (0%)  sender
[102]   0.00-30.01  sec  74.7 MBytes  20.9 Mbits/sec  0.154 ms  33493/87566 (38%)  receiver

iperf Done.
