Connecting to host 10.0.0.21, port 4021
[102] local 10.0.0.4 port 46467 connected to 10.0.0.21 port 4021
[ ID] Interval           Transfer     Bitrate         Total Datagrams
[102]   0.00-1.00   sec   748 KBytes  6.12 Mbits/sec  529  
[102]   1.00-2.00   sec   748 KBytes  6.13 Mbits/sec  529  
[102]   2.00-3.00   sec   747 KBytes  6.12 Mbits/sec  528  
[102]   3.00-4.00   sec   747 KBytes  6.12 Mbits/sec  528  
[102]   4.00-5.00   sec   748 KBytes  6.13 Mbits/sec  529  
[102]   5.00-6.00   sec   747 KBytes  6.12 Mbits/sec  528  
[102]   6.00-7.00   sec   748 KBytes  6.13 Mbits/sec  529  
[102]   7.00-8.00   sec   747 KBytes  6.12 Mbits/sec  528  
[102]   8.00-9.00   sec   747 KBytes  6.12 Mbits/sec  528  
[102]   9.00-10.00  sec   748 KBytes  6.13 Mbits/sec  529  
[102]  10.00-11.00  sec   747 KBytes  6.12 Mbits/sec  528  
[102]  11.00-12.00  sec   748 KBytes  6.13 Mbits/sec  529  
[102]  12.00-13.00  sec   747 KBytes  6.12 Mbits/sec  528  
[102]  13.00-14.00  sec   747 KBytes  6.12 Mbits/sec  528  
[102]  14.00-15.00  sec   748 KBytes  6.13 Mbits/sec  529  
[102]  15.00-16.00  sec   747 KBytes  6.12 Mbits/sec  528  
[102]  16.00-17.00  sec   748 KBytes  6.13 Mbits/sec  529  
[102]  17.00-18.00  sec   747 KBytes  6.12 Mbits/sec  528  
[102]  18.00-19.00  sec   747 KBytes  6.12 Mbits/sec  528  
[102]  19.00-20.00  sec   748 KBytes  6.13 Mbits/sec  529  
[102]  20.00-21.00  sec   747 KBytes  6.12 Mbits/sec  528  
[102]  21.00-22.00  sec   748 KBytes  6.13 Mbits/sec  529  
[102]  22.00-23.00  sec   747 KBytes  6.12 Mbits/sec  528  
[102]  23.00-24.00  sec   747 KBytes  6.12 Mbits/sec  528  
[102]  24.00-25.00  sec   748 KBytes  6.13 Mbits/sec  529  
[102]  25.00-26.00  sec   747 KBytes  6.12 Mbits/sec  528  
[102]  26.00-27.00  sec   748 KBytes  6.13 Mbits/sec  529  
[102]  27.00-28.00  sec   747 KBytes  6.12 Mbits/sec  528  
[102]  28.00-29.00  sec   747 KBytes  6.12 Mbits/sec  528  
[102]  29.00-30.00  sec   748 KBytes  6.13 Mbits/sec  529  
- - - - - - - - - - - - - - - - - - - - - - - - -
[ ID] Interval           Transfer     Bitrate         Jitter    Lost/Total Datagrams
[102]   0.00-30.00  sec  21.9 MBytes  6.12 Mbits/sec  0.000 ms  0/15853 (0%)  sender
[102]   0.00-30.00  sec  20.5 MBytes  5.72 Mbits/sec  0.002 ms  1035/15853 (6.5%)  receiver

iperf Done.
