Connecting to host 10.0.0.7, port 4007
[102] local 10.0.0.4 port 35564 connected to 10.0.0.7 port 4007
[ ID] Interval           Transfer     Bitrate         Total Datagrams
[102]   0.00-1.00   sec  3.98 MBytes  33.3 Mbits/sec  2880  
[102]   1.00-2.00   sec  3.97 MBytes  33.3 Mbits/sec  2878  
[102]   2.00-3.00   sec  3.97 MBytes  33.3 Mbits/sec  2878  
[102]   3.00-4.00   sec  3.97 MBytes  33.3 Mbits/sec  2878  
[102]   4.00-5.00   sec  3.97 MBytes  33.3 Mbits/sec  2876  
[102]   5.00-6.00   sec  3.27 MBytes  27.4 Mbits/sec  2367  
[102]   6.00-7.00   sec  2.74 MBytes  23.0 Mbits/sec  1981  
[102]   7.00-8.00   sec  2.81 MBytes  23.6 Mbits/sec  2036  
[102]   8.00-9.00   sec  2.78 MBytes  23.3 Mbits/sec  2012  
[102]   9.00-10.00  sec  2.13 MBytes  17.9 Mbits/sec  1542  
[102]  10.00-11.00  sec  2.13 MBytes  17.9 Mbits/sec  1544  
[102]  11.00-12.00  sec  11.8 MBytes  98.9 Mbits/sec  8535  
[102]  12.00-13.00  sec  4.15 MBytes  34.8 Mbits/sec  3005  
[102]  13.00-14.00  sec  3.97 MBytes  33.3 Mbits/sec  2877  
[102]  14.00-15.00  sec  3.69 MBytes  30.9 Mbits/sec  2671  
[102]  15.00-16.00  sec  4.26 MBytes  35.7 Mbits/sec  3085  
[102]  16.00-17.00  sec  3.62 MBytes  30.3 Mbits/sec  2620  
[102]  17.00-18.00  sec  3.73 MBytes  31.3 Mbits/sec  2704  
[102]  18.00-19.00  sec  1.69 MBytes  14.2 Mbits/sec  1223  
[102]  19.00-20.00  sec  1.31 MBytes  11.0 Mbits/sec  951  
[102]  20.00-21.00  sec  1.32 MBytes  11.1 Mbits/sec  956  
[102]  21.00-22.00  sec  1.32 MBytes  11.1 Mbits/sec  958  
[102]  22.00-23.00  sec  1.31 MBytes  11.0 Mbits/sec  949  
[102]  23.00-24.00  sec  2.58 MBytes  21.7 Mbits/sec  1870  
[102]  24.00-25.00  sec  2.16 MBytes  18.1 Mbits/sec  1562  
[102]  25.00-26.00  sec  2.27 MBytes  19.1 Mbits/sec  1647  
[102]  26.00-27.00  sec  2.24 MBytes  18.8 Mbits/sec  1620  
[102]  27.00-28.00  sec  2.30 MBytes  19.3 Mbits/sec  1667  
[102]  28.00-29.00  sec  2.47 MBytes  20.7 Mbits/sec  1787  
[102]  29.00-30.00  sec  2.63 MBytes  22.1 Mbits/sec  1905  
- - - - - - - - - - - - - - - - - - - - - - - - -
[ ID] Interval           Transfer     Bitrate         Jitter    Lost/Total Datagrams
[102]   0.00-30.00  sec  94.5 MBytes  26.4 Mbits/sec  0.000 ms  0/68464 (0%)  sender
[102]   0.00-30.00  sec  71.4 MBytes  20.0 Mbits/sec  0.123 ms  16638/68343 (24%)  receiver

iperf Done.
