Connecting to host 10.0.0.8, port 4008
[102] local 10.0.0.4 port 43531 connected to 10.0.0.8 port 4008
[ ID] Interval           Transfer     Bitrate         Total Datagrams
[102]   0.00-1.00   sec   107 KBytes   880 Kbits/sec  76  
[102]   1.00-2.00   sec   106 KBytes   869 Kbits/sec  75  
[102]   2.00-3.00   sec   106 KBytes   868 Kbits/sec  76  
[102]   3.00-4.00   sec   107 KBytes   881 Kbits/sec  75  
[102]   4.00-5.00   sec   106 KBytes   869 Kbits/sec  75  
[102]   5.00-6.00   sec   106 KBytes   868 Kbits/sec  75  
[102]   6.00-7.00   sec   107 KBytes   881 Kbits/sec  76  
[102]   7.00-8.00   sec   106 KBytes   869 Kbits/sec  75  
[102]   8.00-9.00   sec   106 KBytes   869 Kbits/sec  75  
[102]   9.00-10.00  sec   107 KBytes   880 Kbits/sec  76  
[102]  10.00-11.00  sec   106 KBytes   869 Kbits/sec  75  
[102]  11.00-12.00  sec   106 KBytes   869 Kbits/sec  75  
[102]  12.00-13.00  sec   107 KBytes   880 Kbits/sec  76  
[102]  13.00-14.00  sec   106 KBytes   869 Kbits/sec  75  
[102]  14.00-15.00  sec   106 KBytes   869 Kbits/sec  75  
[102]  15.00-16.00  sec   106 KBytes   870 Kbits/sec  75  
[102]  16.00-17.00  sec   107 KBytes   880 Kbits/sec  76  
[102]  17.00-18.00  sec   106 KBytes   869 Kbits/sec  75  
[102]  18.00-19.00  sec   106 KBytes   869 Kbits/sec  75  
[102]  19.00-20.00  sec   107 KBytes   880 Kbits/sec  76  
[102]  20.00-21.00  sec   106 KBytes   869 Kbits/sec  75  
[102]  21.00-22.00  sec   106 KBytes   869 Kbits/sec  75  
[102]  22.00-23.00  sec   107 KBytes   880 Kbits/sec  76  
[102]  23.00-24.00  sec   106 KBytes   869 Kbits/sec  75  
[102]  24.00-25.00  sec   106 KBytes   869 Kbits/sec  75  
[102]  25.00-26.00  sec   107 KBytes   880 Kbits/sec  76  
[102]  26.00-27.00  sec   106 KBytes   869 Kbits/sec  75  
[102]  27.00-28.00  sec   106 KBytes   869 Kbits/sec  75  
[102]  28.00-29.00  sec   107 KBytes   880 Kbits/sec  76  
[102]  29.00-30.00  sec   106 KBytes   869 Kbits/sec  75  
- - - - - - - - - - - - - - - - - - - - - - - - -
[ ID] Interval           Transfer     Bitrate         Jitter    Lost/Total Datagrams
[102]   0.00-30.00  sec  3.12 MBytes   873 Kbits/sec  0.000 ms  0/2260 (0%)  sender
[102]   0.00-30.01  sec  2.92 MBytes   815 Kbits/sec  6.705 ms  149/2260 (6.6%)  receiver

iperf Done.
