Connecting to host 10.0.0.12, port 5012
[102] local 10.0.0.5 port 50849 connected to 10.0.0.12 port 5012
[ ID] Interval           Transfer     Bitrate         Total Datagrams
[102]   0.00-1.00   sec   813 KBytes  6.66 Mbits/sec  576  
[102]   1.00-2.00   sec   655 KBytes  5.36 Mbits/sec  463  
[102]   2.00-3.00   sec   653 KBytes  5.36 Mbits/sec  462  
[102]   3.00-4.00   sec   325 KBytes  2.66 Mbits/sec  230  
[102]   4.00-5.00   sec   489 KBytes  4.01 Mbits/sec  346  
[102]   5.00-6.00   sec   147 MBytes  1.23 Gbits/sec  106662  
[102]   6.00-7.00   sec  29.8 MBytes   250 Mbits/sec  21595  
[102]   7.00-8.00   sec  17.5 MBytes   147 Mbits/sec  12659  
[102]   8.00-9.00   sec  32.2 MBytes   269 Mbits/sec  23284  
[102]   9.00-10.00  sec  16.1 MBytes   135 Mbits/sec  11645  
[102]  10.00-11.00  sec  32.2 MBytes   270 Mbits/sec  23327  
[102]  11.00-12.00  sec  30.0 MBytes   251 Mbits/sec  21702  
[102]  12.00-13.00  sec  26.3 MBytes   221 Mbits/sec  19068  
[102]  13.00-14.00  sec  15.4 MBytes   129 Mbits/sec  11131  
[102]  14.00-15.00  sec  27.7 MBytes   232 Mbits/sec  20059  
[102]  15.00-16.00  sec  27.9 MBytes   234 Mbits/sec  20195  
[102]  16.00-17.00  sec  27.9 MBytes   234 Mbits/sec  20219  
[102]  17.00-18.00  sec  28.1 MBytes   236 Mbits/sec  20363  
[102]  18.00-19.00  sec  27.3 MBytes   229 Mbits/sec  19746  
[102]  19.00-20.00  sec  17.5 MBytes   147 Mbits/sec  12664  
[102]  20.00-21.00  sec  30.3 MBytes   254 Mbits/sec  21961  
[102]  21.00-22.00  sec  29.3 MBytes   246 Mbits/sec  21223  
[102]  22.00-23.00  sec  19.7 MBytes   165 Mbits/sec  14262  
[102]  23.00-24.00  sec  22.8 MBytes   191 Mbits/sec  16486  
[102]  24.00-25.00  sec  29.1 MBytes   244 Mbits/sec  21080  
[102]  25.00-26.00  sec  27.7 MBytes   232 Mbits/sec  20035  
[102]  26.00-27.00  sec  20.2 MBytes   170 Mbits/sec  14637  
[102]  27.00-28.00  sec   163 KBytes  1.33 Mbits/sec  115  
[102]  28.00-29.00  sec   327 KBytes  2.68 Mbits/sec  231  
[102]  29.00-30.00  sec   489 KBytes  4.00 Mbits/sec  346  
- - - - - - - - - - - - - - - - - - - - - - - - -
[ ID] Interval           Transfer     Bitrate         Jitter    Lost/Total Datagrams
[102]   0.00-30.00  sec   686 MBytes   192 Mbits/sec  0.000 ms  0/496772 (0%)  sender
[102]   0.00-30.00  sec  15.6 MBytes  4.37 Mbits/sec  0.548 ms  485337/496656 (98%)  receiver

iperf Done.
