Connecting to host 10.0.0.2, port 5002
[102] local 10.0.0.5 port 56300 connected to 10.0.0.2 port 5002
[ ID] Interval           Transfer     Bitrate         Total Datagrams
[102]   0.00-1.00   sec  2.08 MBytes  17.4 Mbits/sec  1506  
[102]   1.00-2.00   sec  1.92 MBytes  16.1 Mbits/sec  1390  
[102]   2.00-3.00   sec  1.76 MBytes  14.7 Mbits/sec  1274  
[102]   3.00-4.00   sec   656 KBytes  5.37 Mbits/sec  464  
[102]   4.00-5.00   sec   652 KBytes  5.34 Mbits/sec  461  
[102]   5.00-6.00   sec   653 KBytes  5.35 Mbits/sec  462  
[102]   6.00-7.00   sec   494 KBytes  4.04 Mbits/sec  349  
[102]   7.00-8.00   sec   325 KBytes  2.66 Mbits/sec  230  
[102]   8.00-9.00   sec  87.6 MBytes   735 Mbits/sec  63450  
[102]   9.00-10.00  sec  14.0 MBytes   117 Mbits/sec  10112  
[102]  10.00-11.00  sec  13.8 MBytes   116 Mbits/sec  9984  
[102]  11.00-12.00  sec  7.16 MBytes  60.0 Mbits/sec  5182  
[102]  12.00-13.00  sec  14.2 MBytes   119 Mbits/sec  10248  
[102]  13.00-14.00  sec  7.02 MBytes  58.9 Mbits/sec  5085  
[102]  14.00-15.00  sec  14.0 MBytes   118 Mbits/sec  10151  
[102]  15.00-16.00  sec  12.0 MBytes   100 Mbits/sec  8677  
[102]  16.00-17.00  sec  12.1 MBytes   102 Mbits/sec  8763  
[102]  17.00-18.00  sec  12.2 MBytes   102 Mbits/sec  8837  
[102]  18.00-19.00  sec  11.5 MBytes  96.1 Mbits/sec  8296  
[102]  19.00-20.00  sec  6.72 MBytes  56.3 Mbits/sec  4868  
[102]  20.00-21.00  sec  12.3 MBytes   103 Mbits/sec  8895  
[102]  21.00-22.00  sec  12.7 MBytes   106 Mbits/sec  9187  
[102]  22.00-23.00  sec  13.3 MBytes   112 Mbits/sec  9642  
[102]  23.00-24.00  sec  6.43 MBytes  54.0 Mbits/sec  4658  
[102]  24.00-25.00  sec  12.9 MBytes   108 Mbits/sec  9315  
[102]  25.00-26.00  sec  12.5 MBytes   105 Mbits/sec  9046  
[102]  26.00-27.00  sec  12.0 MBytes   100 Mbits/sec  8662  
[102]  27.00-28.00  sec  9.84 MBytes  82.5 Mbits/sec  7126  
[102]  28.00-29.00  sec  12.1 MBytes   101 Mbits/sec  8743  
[102]  29.00-30.00  sec  8.24 MBytes  69.1 Mbits/sec  5964  
- - - - - - - - - - - - - - - - - - - - - - - - -
[ ID] Interval           Transfer     Bitrate         Jitter    Lost/Total Datagrams
[102]   0.00-30.00  sec   333 MBytes  93.1 Mbits/sec  0.000 ms  0/241027 (0%)  sender
[102]   0.00-30.00  sec  20.1 MBytes  5.63 Mbits/sec  0.089 ms  220489/235062 (94%)  receiver

iperf Done.
