Connecting to host 10.0.0.20, port 5020
[102] local 10.0.0.5 port 39802 connected to 10.0.0.20 port 5020
[ ID] Interval           Transfer     Bitrate         Total Datagrams
[102]   0.00-1.00   sec   549 KBytes  4.49 Mbits/sec  388  
[102]   1.00-2.00   sec   549 KBytes  4.49 Mbits/sec  388  
[102]   2.00-3.00   sec   547 KBytes  4.48 Mbits/sec  387  
[102]   3.00-4.00   sec   549 KBytes  4.49 Mbits/sec  388  
[102]   4.00-5.00   sec   549 KBytes  4.49 Mbits/sec  388  
[102]   5.00-6.00   sec   547 KBytes  4.48 Mbits/sec  387  
[102]   6.00-7.00   sec   549 KBytes  4.50 Mbits/sec  388  
[102]   7.00-8.00   sec   547 KBytes  4.48 Mbits/sec  387  
[102]   8.00-9.00   sec   549 KBytes  4.50 Mbits/sec  388  
[102]   9.00-10.00  sec   547 KBytes  4.48 Mbits/sec  387  
[102]  10.00-11.00  sec   549 KBytes  4.50 Mbits/sec  388  
[102]  11.00-12.00  sec   549 KBytes  4.49 Mbits/sec  388  
[102]  12.00-13.00  sec   547 KBytes  4.49 Mbits/sec  387  
[102]  13.00-14.00  sec   547 KBytes  4.48 Mbits/sec  387  
[102]  14.00-15.00  sec   549 KBytes  4.49 Mbits/sec  388  
[102]  15.00-16.00  sec   549 KBytes  4.49 Mbits/sec  388  
[102]  16.00-17.00  sec   547 KBytes  4.48 Mbits/sec  387  
[102]  17.00-18.00  sec   549 KBytes  4.49 Mbits/sec  388  
[102]  18.00-19.00  sec   547 KBytes  4.48 Mbits/sec  387  
[102]  19.00-20.00  sec   549 KBytes  4.49 Mbits/sec  388  
[102]  20.00-21.00  sec   549 KBytes  4.49 Mbits/sec  388  
[102]  21.00-22.00  sec   547 KBytes  4.48 Mbits/sec  387  
[102]  22.00-23.00  sec   549 KBytes  4.49 Mbits/sec  388  
[102]  23.00-24.00  sec   195 KBytes  1.60 Mbits/sec  139  
[102]  24.00-25.00  sec   491 KBytes  4.02 Mbits/sec  347  
[102]  25.00-26.00  sec   327 KBytes  2.67 Mbits/sec  231  
[102]  26.00-27.00  sec   650 KBytes  5.33 Mbits/sec  460  
[102]  27.00-28.00  sec   819 KBytes  6.71 Mbits/sec  579  
[102]  28.00-29.00  sec   806 KBytes  6.60 Mbits/sec  569  
[102]  29.00-30.00  sec   549 KBytes  4.49 Mbits/sec  388  
- - - - - - - - - - - - - - - - - - - - - - - - -
[ ID] Interval           Transfer     Bitrate         Jitter    Lost/Total Datagrams
[102]   0.00-30.00  sec  16.1 MBytes  4.49 Mbits/sec  0.000 ms  0/11628 (0%)  sender
[102]   0.00-30.00  sec  7.58 MBytes  2.12 Mbits/sec  2.904 ms  5917/11408 (52%)  receiver

iperf Done.
