Connecting to host 10.0.0.22, port 5022
[102] local 10.0.0.5 port 54991 connected to 10.0.0.22 port 5022
[ ID] Interval           Transfer     Bitrate         Total Datagrams
[102]   0.00-1.00   sec   741 KBytes  6.07 Mbits/sec  524  
[102]   1.00-2.00   sec   741 KBytes  6.07 Mbits/sec  524  
[102]   2.00-3.00   sec   741 KBytes  6.07 Mbits/sec  524  
[102]   3.00-4.00   sec   741 KBytes  6.07 Mbits/sec  524  
[102]   4.00-5.00   sec   741 KBytes  6.07 Mbits/sec  524  
[102]   5.00-6.00   sec   740 KBytes  6.06 Mbits/sec  523  
[102]   6.00-7.00   sec   741 KBytes  6.07 Mbits/sec  524  
[102]   7.00-8.00   sec   741 KBytes  6.07 Mbits/sec  524  
[102]   8.00-9.00   sec   741 KBytes  6.07 Mbits/sec  524  
[102]   9.00-10.00  sec   741 KBytes  6.07 Mbits/sec  524  
[102]  10.00-11.00  sec   741 KBytes  6.07 Mbits/sec  524  
[102]  11.00-12.00  sec   740 KBytes  6.06 Mbits/sec  523  
[102]  12.00-13.00  sec   741 KBytes  6.07 Mbits/sec  524  
[102]  13.00-14.00  sec   741 KBytes  6.07 Mbits/sec  524  
[102]  14.00-15.00  sec   740 KBytes  6.06 Mbits/sec  523  
[102]  15.00-16.00  sec   741 KBytes  6.07 Mbits/sec  524  
[102]  16.00-17.00  sec   741 KBytes  6.07 Mbits/sec  524  
[102]  17.00-18.00  sec   740 KBytes  6.06 Mbits/sec  523  
[102]  18.00-19.00  sec   742 KBytes  6.08 Mbits/sec  525  
[102]  19.00-20.00  sec   740 KBytes  6.06 Mbits/sec  523  
[102]  20.00-21.00  sec   741 KBytes  6.07 Mbits/sec  524  
[102]  21.00-22.00  sec   467 KBytes  3.82 Mbits/sec  331  
[102]  22.00-23.00  sec   663 KBytes  5.43 Mbits/sec  469  
[102]  23.00-24.00  sec   325 KBytes  2.66 Mbits/sec  230  
[102]  24.00-25.00  sec   488 KBytes  4.00 Mbits/sec  345  
[102]  25.00-26.00  sec   653 KBytes  5.35 Mbits/sec  462  
[102]  26.00-27.00  sec   819 KBytes  6.70 Mbits/sec  579  
[102]  27.00-28.00  sec   816 KBytes  6.68 Mbits/sec  577  
[102]  28.00-29.00  sec   491 KBytes  4.02 Mbits/sec  347  
[102]  29.00-30.00  sec   655 KBytes  5.36 Mbits/sec  463  
- - - - - - - - - - - - - - - - - - - - - - - - -
[ ID] Interval           Transfer     Bitrate         Jitter    Lost/Total Datagrams
[102]   0.00-30.00  sec  20.4 MBytes  5.72 Mbits/sec  0.000 ms  0/14803 (0%)  sender
[102]   0.00-30.00  sec  9.26 MBytes  2.59 Mbits/sec  0.601 ms  7863/14571 (54%)  receiver

iperf Done.
