Connecting to host 10.0.0.4, port 5004
[102] local 10.0.0.5 port 41569 connected to 10.0.0.4 port 5004
[ ID] Interval           Transfer     Bitrate         Total Datagrams
[102]   0.00-1.00   sec  1.01 MBytes  8.51 Mbits/sec  735  
[102]   1.00-2.00   sec  1.01 MBytes  8.49 Mbits/sec  733  
[102]   2.00-3.00   sec  1.01 MBytes  8.50 Mbits/sec  733  
[102]   3.00-4.00   sec   778 KBytes  6.37 Mbits/sec  551  
[102]   4.00-5.00   sec   653 KBytes  5.35 Mbits/sec  462  
[102]   5.00-6.00   sec   492 KBytes  4.03 Mbits/sec  348  
[102]   6.00-7.00   sec   488 KBytes  3.99 Mbits/sec  345  
[102]   7.00-8.00   sec  2.71 MBytes  22.7 Mbits/sec  1961  
[102]   8.00-9.00   sec  1.01 MBytes  8.49 Mbits/sec  733  
[102]   9.00-10.00  sec  1.01 MBytes  8.50 Mbits/sec  734  
[102]  10.00-11.00  sec  1.01 MBytes  8.49 Mbits/sec  733  
[102]  11.00-12.00  sec  1.01 MBytes  8.48 Mbits/sec  732  
[102]  12.00-13.00  sec  1.01 MBytes  8.51 Mbits/sec  735  
[102]  13.00-14.00  sec  1.01 MBytes  8.49 Mbits/sec  733  
[102]  14.00-15.00  sec  1.01 MBytes  8.50 Mbits/sec  733  
[102]  15.00-16.00  sec  1.01 MBytes  8.49 Mbits/sec  733  
[102]  16.00-17.00  sec  1.01 MBytes  8.50 Mbits/sec  734  
[102]  17.00-18.00  sec  1.01 MBytes  8.49 Mbits/sec  734  
[102]  18.00-19.00  sec  1.01 MBytes  8.49 Mbits/sec  733  
[102]  19.00-20.00  sec  1.01 MBytes  8.49 Mbits/sec  733  
[102]  20.00-21.00  sec  1.01 MBytes  8.50 Mbits/sec  734  
[102]  21.00-22.00  sec  1.01 MBytes  8.49 Mbits/sec  733  
[102]  22.00-23.00  sec  1.01 MBytes  8.50 Mbits/sec  733  
[102]  23.00-24.00  sec  1.01 MBytes  8.50 Mbits/sec  734  
[102]  24.00-25.00  sec  1.01 MBytes  8.49 Mbits/sec  733  
[102]  25.00-26.00  sec  1.01 MBytes  8.49 Mbits/sec  733  
[102]  26.00-27.00  sec  1.01 MBytes  8.50 Mbits/sec  734  
[102]  27.00-28.00  sec  1.01 MBytes  8.49 Mbits/sec  733  
[102]  28.00-29.00  sec   655 KBytes  5.37 Mbits/sec  464  
[102]  29.00-30.00  sec   956 KBytes  7.82 Mbits/sec  676  
- - - - - - - - - - - - - - - - - - - - - - - - -
[ ID] Interval           Transfer     Bitrate         Jitter    Lost/Total Datagrams
[102]   0.00-30.00  sec  29.9 MBytes  8.37 Mbits/sec  0.000 ms  0/21675 (0%)  sender
[102]   0.00-30.00  sec  14.1 MBytes  3.95 Mbits/sec  6.875 ms  11183/21424 (52%)  receiver

iperf Done.
