Connecting to host 10.0.0.23, port 7023
[102] local 10.0.0.7 port 46936 connected to 10.0.0.23 port 7023
[ ID] Interval           Transfer     Bitrate         Total Datagrams
[102]   0.00-1.00   sec  1.41 KBytes  11.6 Kbits/sec  1  
[102]   1.00-2.00   sec  0.00 Bytes  0.00 bits/sec  0  
[102]   2.00-3.00   sec  1.41 KBytes  11.6 Kbits/sec  1  
[102]   3.00-4.00   sec  0.00 Bytes  0.00 bits/sec  0  
[102]   4.00-5.00   sec  0.00 Bytes  0.00 bits/sec  0  
[102]   5.00-6.00   sec  1.41 KBytes  11.6 Kbits/sec  1  
[102]   6.00-7.00   sec  0.00 Bytes  0.00 bits/sec  0  
[102]   7.00-8.00   sec  0.00 Bytes  0.00 bits/sec  0  
[102]   8.00-9.00   sec  1.41 KBytes  11.6 Kbits/sec  1  
[102]   9.00-10.00  sec  0.00 Bytes  0.00 bits/sec  0  
[102]  10.00-11.00  sec  1.41 KBytes  11.6 Kbits/sec  1  
[102]  11.00-12.00  sec  0.00 Bytes  0.00 bits/sec  0  
[102]  12.00-13.00  sec  0.00 Bytes  0.00 bits/sec  0  
[102]  13.00-14.00  sec  1.41 KBytes  11.6 Kbits/sec  1  
[102]  14.00-15.00  sec  0.00 Bytes  0.00 bits/sec  0  
[102]  15.00-16.00  sec  0.00 Bytes  0.00 bits/sec  0  
[102]  16.00-17.00  sec  1.41 KBytes  11.6 Kbits/sec  1  
[102]  17.00-18.00  sec  0.00 Bytes  0.00 bits/sec  0  
[102]  18.00-19.00  sec  1.41 KBytes  11.6 Kbits/sec  1  
[102]  19.00-20.00  sec  0.00 Bytes  0.00 bits/sec  0  
[102]  20.00-21.00  sec  0.00 Bytes  0.00 bits/sec  0  
[102]  21.00-22.00  sec  1.41 KBytes  11.6 Kbits/sec  1  
[102]  22.00-23.00  sec  0.00 Bytes  0.00 bits/sec  0  
[102]  23.00-24.00  sec  0.00 Bytes  0.00 bits/sec  0  
[102]  24.00-25.00  sec  1.41 KBytes  11.6 Kbits/sec  1  
[102]  25.00-26.00  sec  0.00 Bytes  0.00 bits/sec  0  
[102]  26.00-27.00  sec  1.41 KBytes  11.6 Kbits/sec  1  
[102]  27.00-28.00  sec  0.00 Bytes  0.00 bits/sec  0  
[102]  28.00-29.00  sec  0.00 Bytes  0.00 bits/sec  0  
[102]  29.00-30.00  sec  1.41 KBytes  11.6 Kbits/sec  1  
- - - - - - - - - - - - - - - - - - - - - - - - -
[ ID] Interval           Transfer     Bitrate         Jitter    Lost/Total Datagrams
[102]   0.00-30.00  sec  17.0 KBytes  4.63 Kbits/sec  0.000 ms  0/12 (0%)  sender
[102]   0.00-30.00  sec  17.0 KBytes  4.63 Kbits/sec  9.306 ms  0/12 (0%)  receiver

iperf Done.
