Connecting to host 10.0.0.5, port 8005
[102] local 10.0.0.8 port 36581 connected to 10.0.0.5 port 8005
[ ID] Interval           Transfer     Bitrate         Total Datagrams
[102]   0.00-1.00   sec  58.0 KBytes   475 Kbits/sec  41  
[102]   1.00-2.00   sec  58.0 KBytes   475 Kbits/sec  41  
[102]   2.00-3.00   sec  58.0 KBytes   475 Kbits/sec  41  
[102]   3.00-4.00   sec  58.0 KBytes   475 Kbits/sec  41  
[102]   4.00-5.00   sec  58.0 KBytes   475 Kbits/sec  41  
[102]   5.00-6.00   sec  58.0 KBytes   475 Kbits/sec  41  
[102]   6.00-7.00   sec  58.0 KBytes   475 Kbits/sec  41  
[102]   7.00-8.00   sec  58.0 KBytes   475 Kbits/sec  41  
[102]   8.00-9.00   sec  58.0 KBytes   475 Kbits/sec  41  
[102]   9.00-10.00  sec  56.6 KBytes   463 Kbits/sec  40  
[102]  10.00-11.00  sec  58.0 KBytes   475 Kbits/sec  41  
[102]  11.00-12.00  sec  58.0 KBytes   475 Kbits/sec  41  
[102]  12.00-13.00  sec  58.0 KBytes   475 Kbits/sec  41  
[102]  13.00-14.00  sec  58.0 KBytes   475 Kbits/sec  41  
[102]  14.00-15.00  sec  58.0 KBytes   475 Kbits/sec  41  
[102]  15.00-16.00  sec  58.0 KBytes   475 Kbits/sec  41  
[102]  16.00-17.00  sec  58.0 KBytes   475 Kbits/sec  41  
[102]  17.00-18.00  sec  58.0 KBytes   475 Kbits/sec  41  
[102]  18.00-19.00  sec  58.0 KBytes   475 Kbits/sec  41  
[102]  19.00-20.00  sec  56.6 KBytes   463 Kbits/sec  40  
[102]  20.00-21.00  sec  58.0 KBytes   475 Kbits/sec  41  
[102]  21.00-22.00  sec  58.0 KBytes   475 Kbits/sec  41  
[102]  22.00-23.00  sec  58.0 KBytes   475 Kbits/sec  41  
[102]  23.00-24.00  sec  58.0 KBytes   475 Kbits/sec  41  
[102]  24.00-25.00  sec  58.0 KBytes   475 Kbits/sec  41  
[102]  25.00-26.00  sec  58.0 KBytes   475 Kbits/sec  41  
[102]  26.00-27.00  sec  58.0 KBytes   475 Kbits/sec  41  
[102]  27.00-28.00  sec  58.0 KBytes   475 Kbits/sec  41  
[102]  28.00-29.00  sec  56.6 KBytes   463 Kbits/sec  40  
[102]  29.00-30.00  sec  58.0 KBytes   475 Kbits/sec  41  
- - - - - - - - - - - - - - - - - - - - - - - - -
[ ID] Interval           Transfer     Bitrate         Jitter    Lost/Total Datagrams
[102]   0.00-30.00  sec  1.69 MBytes   474 Kbits/sec  0.000 ms  0/1227 (0%)  sender
[102]   0.00-30.12  sec  1.69 MBytes   472 Kbits/sec  21.608 ms  0/1227 (0%)  receiver

iperf Done.
