Connecting to host 10.0.0.1, port 9001
[102] local 10.0.0.9 port 48307 connected to 10.0.0.1 port 9001
[ ID] Interval           Transfer     Bitrate         Total Datagrams
[102]   0.00-1.00   sec   178 KBytes  1.46 Mbits/sec  126  
[102]   1.00-2.00   sec   178 KBytes  1.46 Mbits/sec  126  
[102]   2.00-3.00   sec   178 KBytes  1.46 Mbits/sec  126  
[102]   3.00-4.00   sec   178 KBytes  1.46 Mbits/sec  126  
[102]   4.00-5.00   sec   178 KBytes  1.46 Mbits/sec  126  
[102]   5.00-6.00   sec   178 KBytes  1.46 Mbits/sec  126  
[102]   6.00-7.00   sec   178 KBytes  1.46 Mbits/sec  126  
[102]   7.00-8.00   sec   178 KBytes  1.46 Mbits/sec  126  
[102]   8.00-9.00   sec   178 KBytes  1.46 Mbits/sec  126  
[102]   9.00-10.00  sec   178 KBytes  1.46 Mbits/sec  126  
[102]  10.00-11.00  sec   177 KBytes  1.45 Mbits/sec  126  
[102]  11.00-12.00  sec   178 KBytes  1.46 Mbits/sec  125  
[102]  12.00-13.00  sec   178 KBytes  1.46 Mbits/sec  126  
[102]  13.00-14.00  sec   178 KBytes  1.46 Mbits/sec  126  
[102]  14.00-15.00  sec   178 KBytes  1.46 Mbits/sec  126  
[102]  15.00-16.00  sec   178 KBytes  1.46 Mbits/sec  126  
[102]  16.00-17.00  sec   178 KBytes  1.46 Mbits/sec  126  
[102]  17.00-18.00  sec   178 KBytes  1.46 Mbits/sec  126  
[102]  18.00-19.00  sec   178 KBytes  1.46 Mbits/sec  126  
[102]  19.00-20.00  sec   178 KBytes  1.46 Mbits/sec  126  
[102]  20.00-21.00  sec   178 KBytes  1.46 Mbits/sec  126  
[102]  21.00-22.00  sec   177 KBytes  1.45 Mbits/sec  125  
[102]  22.00-23.00  sec   178 KBytes  1.46 Mbits/sec  126  
[102]  23.00-24.00  sec   178 KBytes  1.46 Mbits/sec  126  
[102]  24.00-25.00  sec   178 KBytes  1.46 Mbits/sec  126  
[102]  25.00-26.00  sec   178 KBytes  1.46 Mbits/sec  126  
[102]  26.00-27.00  sec   178 KBytes  1.46 Mbits/sec  126  
[102]  27.00-28.00  sec   178 KBytes  1.46 Mbits/sec  126  
[102]  28.00-29.00  sec   178 KBytes  1.46 Mbits/sec  126  
[102]  29.00-30.00  sec   178 KBytes  1.46 Mbits/sec  126  
- - - - - - - - - - - - - - - - - - - - - - - - -
[ ID] Interval           Transfer     Bitrate         Jitter    Lost/Total Datagrams
[102]   0.00-30.00  sec  5.22 MBytes  1.46 Mbits/sec  0.000 ms  0/3778 (0%)  sender
[102]   0.00-30.00  sec  4.73 MBytes  1.32 Mbits/sec  4.597 ms  345/3767 (9.2%)  receiver

iperf Done.
