Connecting to host 10.0.0.13, port 9013
[102] local 10.0.0.9 port 51175 connected to 10.0.0.13 port 9013
[ ID] Interval           Transfer     Bitrate         Total Datagrams
[102]   0.00-1.00   sec   594 KBytes  4.86 Mbits/sec  420  
[102]   1.00-2.00   sec   592 KBytes  4.85 Mbits/sec  419  
[102]   2.00-3.00   sec   594 KBytes  4.87 Mbits/sec  420  
[102]   3.00-4.00   sec   591 KBytes  4.85 Mbits/sec  419  
[102]   4.00-5.00   sec   594 KBytes  4.86 Mbits/sec  419  
[102]   5.00-6.00   sec   592 KBytes  4.85 Mbits/sec  419  
[102]   6.00-7.00   sec   592 KBytes  4.86 Mbits/sec  419  
[102]   7.00-8.00   sec   594 KBytes  4.86 Mbits/sec  420  
[102]   8.00-9.00   sec   592 KBytes  4.85 Mbits/sec  419  
[102]   9.00-10.00  sec   592 KBytes  4.86 Mbits/sec  419  
[102]  10.00-11.00  sec   592 KBytes  4.85 Mbits/sec  419  
[102]  11.00-12.00  sec   594 KBytes  4.86 Mbits/sec  420  
[102]  12.00-13.00  sec   592 KBytes  4.85 Mbits/sec  419  
[102]  13.00-14.00  sec   592 KBytes  4.85 Mbits/sec  419  
[102]  14.00-15.00  sec   592 KBytes  4.85 Mbits/sec  419  
[102]  15.00-16.00  sec   592 KBytes  4.86 Mbits/sec  419  
[102]  16.00-17.00  sec   594 KBytes  4.86 Mbits/sec  420  
[102]  17.00-18.00  sec   592 KBytes  4.85 Mbits/sec  419  
[102]  18.00-19.00  sec  0.00 Bytes  0.00 bits/sec  1  
[102]  19.00-20.00  sec   163 KBytes  1.33 Mbits/sec  115  
[102]  20.00-21.00  sec  0.00 Bytes  0.00 bits/sec  0  
[102]  21.00-22.00  sec  0.00 Bytes  0.00 bits/sec  0  
[102]  22.00-23.00  sec  0.00 Bytes  0.00 bits/sec  0  
[102]  23.00-24.00  sec   163 KBytes  1.33 Mbits/sec  115  
[102]  24.00-25.00  sec  0.00 Bytes  0.00 bits/sec  0  
[102]  25.00-26.00  sec  0.00 Bytes  0.00 bits/sec  0  
[102]  26.00-27.00  sec  0.00 Bytes  0.00 bits/sec  0  
[102]  27.00-28.00  sec  0.00 Bytes  0.00 bits/sec  0  
[102]  28.00-29.00  sec   163 KBytes  1.33 Mbits/sec  115  
[102]  29.00-30.00  sec  0.00 Bytes  0.00 bits/sec  0  
- - - - - - - - - - - - - - - - - - - - - - - - -
[ ID] Interval           Transfer     Bitrate         Jitter    Lost/Total Datagrams
[102]   0.00-30.00  sec  10.9 MBytes  3.05 Mbits/sec  0.000 ms  0/7893 (0%)  sender
[102]   0.00-30.04  sec  4.44 MBytes  1.24 Mbits/sec  8.005 ms  4559/7777 (59%)  receiver

iperf Done.
