Connecting to host 10.0.0.17, port 9017
[102] local 10.0.0.9 port 49001 connected to 10.0.0.17 port 9017
[ ID] Interval           Transfer     Bitrate         Total Datagrams
[102]   0.00-1.00   sec  2.63 MBytes  22.0 Mbits/sec  1905  
[102]   1.00-2.00   sec  2.11 MBytes  17.7 Mbits/sec  1529  
[102]   2.00-3.00   sec  2.13 MBytes  17.9 Mbits/sec  1541  
[102]   3.00-4.00   sec  2.30 MBytes  19.2 Mbits/sec  1662  
[102]   4.00-5.00   sec  2.12 MBytes  17.7 Mbits/sec  1532  
[102]   5.00-6.00   sec  2.26 MBytes  18.9 Mbits/sec  1634  
[102]   6.00-7.00   sec  2.27 MBytes  19.0 Mbits/sec  1641  
[102]   7.00-8.00   sec  2.40 MBytes  20.2 Mbits/sec  1740  
[102]   8.00-9.00   sec  2.56 MBytes  21.5 Mbits/sec  1856  
[102]   9.00-10.00  sec  3.52 MBytes  29.5 Mbits/sec  2547  
[102]  10.00-11.00  sec  3.68 MBytes  30.9 Mbits/sec  2666  
[102]  11.00-12.00  sec  6.71 MBytes  56.3 Mbits/sec  4859  
[102]  12.00-13.00  sec  8.38 MBytes  70.3 Mbits/sec  6066  
[102]  13.00-14.00  sec  7.87 MBytes  66.0 Mbits/sec  5696  
[102]  14.00-15.00  sec  8.34 MBytes  70.0 Mbits/sec  6043  
[102]  15.00-16.00  sec  8.21 MBytes  68.9 Mbits/sec  5946  
[102]  16.00-17.00  sec  8.09 MBytes  68.0 Mbits/sec  5861  
[102]  17.00-18.00  sec  7.40 MBytes  62.1 Mbits/sec  5359  
[102]  18.00-19.00  sec  7.58 MBytes  63.6 Mbits/sec  5492  
[102]  19.00-20.00  sec  7.46 MBytes  62.6 Mbits/sec  5405  
[102]  20.00-21.00  sec  7.43 MBytes  62.3 Mbits/sec  5377  
[102]  21.00-22.00  sec  6.85 MBytes  57.5 Mbits/sec  4957  
[102]  22.00-23.00  sec  4.51 MBytes  37.8 Mbits/sec  3269  
[102]  23.00-24.00  sec  8.16 MBytes  68.5 Mbits/sec  5910  
[102]  24.00-25.00  sec  11.3 MBytes  94.7 Mbits/sec  8170  
[102]  25.00-26.00  sec  11.3 MBytes  94.7 Mbits/sec  8179  
[102]  26.00-27.00  sec  11.3 MBytes  94.4 Mbits/sec  8150  
[102]  27.00-28.00  sec  11.4 MBytes  95.6 Mbits/sec  8256  
[102]  28.00-29.00  sec  10.8 MBytes  90.6 Mbits/sec  7814  
[102]  29.00-30.00  sec  9.44 MBytes  79.2 Mbits/sec  6838  
- - - - - - - - - - - - - - - - - - - - - - - - -
[ ID] Interval           Transfer     Bitrate         Jitter    Lost/Total Datagrams
[102]   0.00-30.00  sec   190 MBytes  53.2 Mbits/sec  0.000 ms  0/137900 (0%)  sender
[102]   0.00-30.00  sec   190 MBytes  53.2 Mbits/sec  0.120 ms  0/137782 (0%)  receiver

iperf Done.
