Connecting to host 10.0.0.2, port 9002
[102] local 10.0.0.9 port 36111 connected to 10.0.0.2 port 9002
[ ID] Interval           Transfer     Bitrate         Total Datagrams
[102]   0.00-1.00   sec  1.19 MBytes  9.96 Mbits/sec  861  
[102]   1.00-2.00   sec   489 KBytes  4.01 Mbits/sec  346  
[102]   2.00-3.00   sec   652 KBytes  5.34 Mbits/sec  461  
[102]   3.00-4.00   sec   488 KBytes  4.00 Mbits/sec  345  
[102]   4.00-5.00   sec   327 KBytes  2.68 Mbits/sec  231  
[102]   5.00-6.00   sec  74.2 MBytes   623 Mbits/sec  53750  
[102]   6.00-7.00   sec  14.7 MBytes   123 Mbits/sec  10627  
[102]   7.00-8.00   sec  14.5 MBytes   122 Mbits/sec  10534  
[102]   8.00-9.00   sec  14.2 MBytes   119 Mbits/sec  10247  
[102]   9.00-10.00  sec  6.86 MBytes  57.5 Mbits/sec  4971  
[102]  10.00-11.00  sec  18.8 MBytes   158 Mbits/sec  13626  
[102]  11.00-12.00  sec  14.7 MBytes   123 Mbits/sec  10611  
[102]  12.00-13.00  sec  15.1 MBytes   127 Mbits/sec  10921  
[102]  13.00-14.00  sec  15.1 MBytes   126 Mbits/sec  10910  
[102]  14.00-15.00  sec  13.8 MBytes   116 Mbits/sec  10018  
[102]  15.00-16.00  sec  13.7 MBytes   115 Mbits/sec  9896  
[102]  16.00-17.00  sec  8.53 MBytes  71.6 Mbits/sec  6178  
[102]  17.00-18.00  sec  15.2 MBytes   128 Mbits/sec  11033  
[102]  18.00-19.00  sec  15.1 MBytes   127 Mbits/sec  10934  
[102]  19.00-20.00  sec  14.8 MBytes   124 Mbits/sec  10736  
[102]  20.00-21.00  sec  14.4 MBytes   121 Mbits/sec  10406  
[102]  21.00-22.00  sec  13.9 MBytes   117 Mbits/sec  10092  
[102]  22.00-23.00  sec  1.71 MBytes  14.4 Mbits/sec  1240  
[102]  23.00-24.00  sec  0.00 Bytes  0.00 bits/sec  0  
[102]  24.00-25.00  sec  0.00 Bytes  0.00 bits/sec  0  
[102]  25.00-26.00  sec   163 KBytes  1.33 Mbits/sec  115  
[102]  26.00-27.00  sec  0.00 Bytes  0.00 bits/sec  0  
[102]  27.00-28.00  sec  0.00 Bytes  0.00 bits/sec  0  
[102]  28.00-29.00  sec  0.00 Bytes  0.00 bits/sec  0  
[102]  29.00-30.00  sec   163 KBytes  1.33 Mbits/sec  115  
- - - - - - - - - - - - - - - - - - - - - - - - -
[ ID] Interval           Transfer     Bitrate         Jitter    Lost/Total Datagrams
[102]   0.00-30.00  sec   303 MBytes  84.6 Mbits/sec  0.000 ms  0/219204 (0%)  sender
[102]   0.00-30.00  sec  13.9 MBytes  3.88 Mbits/sec  7.906 ms  209049/219088 (95%)  receiver

iperf Done.
