Connecting to host 10.0.0.22, port 9022
[102] local 10.0.0.9 port 43489 connected to 10.0.0.22 port 9022
[ ID] Interval           Transfer     Bitrate         Total Datagrams
[102]   0.00-1.00   sec   805 KBytes  6.59 Mbits/sec  569  
[102]   1.00-2.00   sec   805 KBytes  6.59 Mbits/sec  569  
[102]   2.00-3.00   sec   803 KBytes  6.58 Mbits/sec  568  
[102]   3.00-4.00   sec   803 KBytes  6.58 Mbits/sec  568  
[102]   4.00-5.00   sec   805 KBytes  6.59 Mbits/sec  569  
[102]   5.00-6.00   sec   805 KBytes  6.59 Mbits/sec  569  
[102]   6.00-7.00   sec   803 KBytes  6.58 Mbits/sec  568  
[102]   7.00-8.00   sec   803 KBytes  6.58 Mbits/sec  568  
[102]   8.00-9.00   sec   805 KBytes  6.59 Mbits/sec  569  
[102]   9.00-10.00  sec   803 KBytes  6.58 Mbits/sec  568  
[102]  10.00-11.00  sec   805 KBytes  6.59 Mbits/sec  569  
[102]  11.00-12.00  sec   798 KBytes  6.53 Mbits/sec  565  
[102]  12.00-13.00  sec   809 KBytes  6.63 Mbits/sec  571  
[102]  13.00-14.00  sec   805 KBytes  6.59 Mbits/sec  569  
[102]  14.00-15.00  sec   803 KBytes  6.58 Mbits/sec  568  
[102]  15.00-16.00  sec   805 KBytes  6.59 Mbits/sec  569  
[102]  16.00-17.00  sec   803 KBytes  6.58 Mbits/sec  568  
[102]  17.00-18.00  sec   805 KBytes  6.59 Mbits/sec  569  
[102]  18.00-19.00  sec   803 KBytes  6.58 Mbits/sec  568  
[102]  19.00-20.00  sec   803 KBytes  6.58 Mbits/sec  568  
[102]  20.00-21.00  sec   805 KBytes  6.59 Mbits/sec  569  
[102]  21.00-22.00  sec   803 KBytes  6.58 Mbits/sec  568  
[102]  22.00-23.00  sec   805 KBytes  6.59 Mbits/sec  569  
[102]  23.00-24.00  sec   803 KBytes  6.58 Mbits/sec  568  
[102]  24.00-25.00  sec   805 KBytes  6.59 Mbits/sec  569  
[102]  25.00-26.00  sec   803 KBytes  6.59 Mbits/sec  568  
[102]  26.00-27.00  sec   803 KBytes  6.58 Mbits/sec  568  
[102]  27.00-28.00  sec   805 KBytes  6.59 Mbits/sec  569  
[102]  28.00-29.00  sec   803 KBytes  6.58 Mbits/sec  568  
[102]  29.00-30.00  sec   805 KBytes  6.59 Mbits/sec  569  
- - - - - - - - - - - - - - - - - - - - - - - - -
[ ID] Interval           Transfer     Bitrate         Jitter    Lost/Total Datagrams
[102]   0.00-30.00  sec  23.6 MBytes  6.58 Mbits/sec  0.000 ms  0/17054 (0%)  sender
[102]   0.00-30.00  sec  17.2 MBytes  4.82 Mbits/sec  1.631 ms  4572/17049 (27%)  receiver

iperf Done.
