Connecting to host 10.0.0.4, port 9004
[102] local 10.0.0.9 port 42550 connected to 10.0.0.4 port 9004
[ ID] Interval           Transfer     Bitrate         Total Datagrams
[102]   0.00-1.00   sec   652 KBytes  5.34 Mbits/sec  462  
[102]   1.00-2.00   sec   491 KBytes  4.02 Mbits/sec  347  
[102]   2.00-3.00   sec  3.29 MBytes  27.6 Mbits/sec  2383  
[102]   3.00-4.00   sec  1.51 MBytes  12.6 Mbits/sec  1089  
[102]   4.00-5.00   sec  1.48 MBytes  12.4 Mbits/sec  1070  
[102]   5.00-6.00   sec  1.48 MBytes  12.4 Mbits/sec  1070  
[102]   6.00-7.00   sec  1.09 MBytes  9.14 Mbits/sec  790  
[102]   7.00-8.00   sec  1.04 MBytes  8.71 Mbits/sec  752  
[102]   8.00-9.00   sec  2.30 MBytes  19.3 Mbits/sec  1668  
[102]   9.00-10.00  sec  1.48 MBytes  12.4 Mbits/sec  1070  
[102]  10.00-11.00  sec  1.48 MBytes  12.4 Mbits/sec  1070  
[102]  11.00-12.00  sec  1.48 MBytes  12.4 Mbits/sec  1071  
[102]  12.00-13.00  sec  1.48 MBytes  12.4 Mbits/sec  1070  
[102]  13.00-14.00  sec  1.48 MBytes  12.4 Mbits/sec  1069  
[102]  14.00-15.00  sec  1.48 MBytes  12.4 Mbits/sec  1070  
[102]  15.00-16.00  sec  1.48 MBytes  12.4 Mbits/sec  1070  
[102]  16.00-17.00  sec  1.48 MBytes  12.4 Mbits/sec  1070  
[102]  17.00-18.00  sec  1.48 MBytes  12.4 Mbits/sec  1070  
[102]  18.00-19.00  sec  1.48 MBytes  12.4 Mbits/sec  1071  
[102]  19.00-20.00  sec  1.48 MBytes  12.4 Mbits/sec  1069  
[102]  20.00-21.00  sec  1.48 MBytes  12.4 Mbits/sec  1070  
[102]  21.00-22.00  sec  1.48 MBytes  12.4 Mbits/sec  1070  
[102]  22.00-23.00  sec  1.48 MBytes  12.4 Mbits/sec  1070  
[102]  23.00-24.00  sec  1.48 MBytes  12.4 Mbits/sec  1070  
[102]  24.00-25.00  sec  1.48 MBytes  12.4 Mbits/sec  1070  
[102]  25.00-26.00  sec  1.48 MBytes  12.4 Mbits/sec  1071  
[102]  26.00-27.00  sec  1.48 MBytes  12.4 Mbits/sec  1069  
[102]  27.00-28.00  sec  1.48 MBytes  12.4 Mbits/sec  1071  
[102]  28.00-29.00  sec  1.48 MBytes  12.4 Mbits/sec  1070  
[102]  29.00-30.00  sec  1.48 MBytes  12.4 Mbits/sec  1070  
- - - - - - - - - - - - - - - - - - - - - - - - -
[ ID] Interval           Transfer     Bitrate         Jitter    Lost/Total Datagrams
[102]   0.00-30.00  sec  44.3 MBytes  12.4 Mbits/sec  0.000 ms  0/32102 (0%)  sender
[102]   0.00-30.00  sec  24.2 MBytes  6.77 Mbits/sec  0.468 ms  14490/32017 (45%)  receiver

iperf Done.
