-----------------------------------------------------------
Server listening on 10012 (test #1)
-----------------------------------------------------------
Accepted connection from 10.0.0.10, port 38496
[  6] local 10.0.0.12 port 10012 connected to 10.0.0.10 port 40445
[ ID] Interval           Transfer     Bitrate         Jitter    Lost/Total Datagrams
[  6]   0.00-1.00   sec  1.46 MBytes  12.2 Mbits/sec  0.007 ms  0/1054 (0%)  
[  6]   1.00-2.00   sec  1.45 MBytes  12.2 Mbits/sec  0.003 ms  0/1052 (0%)  
[  6]   2.00-3.00   sec  1.38 MBytes  11.6 Mbits/sec  0.411 ms  0/1000 (0%)  
[  6]   3.00-4.00   sec  1.44 MBytes  12.1 Mbits/sec  0.109 ms  0/1041 (0%)  
[  6]   4.00-5.00   sec  1.54 MBytes  12.9 Mbits/sec  0.018 ms  0/1115 (0%)  
[  6]   5.00-6.00   sec  1.46 MBytes  12.2 Mbits/sec  0.016 ms  0/1054 (0%)  
[  6]   6.00-7.00   sec  1.45 MBytes  12.2 Mbits/sec  0.036 ms  0/1052 (0%)  
[  6]   7.00-8.00   sec  1.45 MBytes  12.2 Mbits/sec  0.090 ms  0/1052 (0%)  
[  6]   8.00-9.00   sec  1.44 MBytes  12.1 Mbits/sec  0.103 ms  0/1042 (0%)  
[  6]   9.00-10.00  sec  1.46 MBytes  12.3 Mbits/sec  0.104 ms  0/1058 (0%)  
[  6]  10.00-11.00  sec  1.46 MBytes  12.3 Mbits/sec  0.017 ms  0/1058 (0%)  
[  6]  11.00-12.00  sec  1.45 MBytes  12.2 Mbits/sec  0.031 ms  0/1051 (0%)  
[  6]  12.00-13.00  sec  1.45 MBytes  12.2 Mbits/sec  0.016 ms  0/1053 (0%)  
[  6]  13.00-14.00  sec  1.45 MBytes  12.2 Mbits/sec  0.024 ms  0/1053 (0%)  
[  6]  14.00-15.00  sec  1.45 MBytes  12.2 Mbits/sec  0.020 ms  0/1051 (0%)  
[  6]  15.00-16.00  sec  1.28 MBytes  10.8 Mbits/sec  0.167 ms  0/930 (0%)  
[  6]  16.00-17.00  sec  1.44 MBytes  12.1 Mbits/sec  0.815 ms  24/1066 (2.3%)  
[  6]  17.00-18.00  sec  1.45 MBytes  12.2 Mbits/sec  1.256 ms  0/1052 (0%)  
[  6]  18.00-19.00  sec  1.46 MBytes  12.2 Mbits/sec  0.712 ms  0/1058 (0%)  
[  6]  19.00-20.00  sec  1.46 MBytes  12.2 Mbits/sec  0.517 ms  0/1056 (0%)  
[  6]  20.00-21.00  sec  1.45 MBytes  12.2 Mbits/sec  0.434 ms  0/1049 (0%)  
[  6]  21.00-22.00  sec  1.48 MBytes  12.4 Mbits/sec  0.539 ms  0/1070 (0%)  
[  6]  22.00-23.00  sec  1.46 MBytes  12.3 Mbits/sec  1.430 ms  0/1059 (0%)  
[  6]  23.00-24.00  sec  1.44 MBytes  12.1 Mbits/sec  1.857 ms  0/1041 (0%)  
[  6]  24.00-25.00  sec  1.43 MBytes  12.0 Mbits/sec  0.553 ms  0/1034 (0%)  
[  6]  25.00-26.00  sec  1.47 MBytes  12.3 Mbits/sec  0.542 ms  0/1065 (0%)  
[  6]  26.00-27.00  sec  1.47 MBytes  12.3 Mbits/sec  0.801 ms  0/1063 (0%)  
[  6]  27.00-28.00  sec  1.57 MBytes  13.2 Mbits/sec  0.001 ms  0/1139 (0%)  
[  6]  28.00-29.00  sec  1.45 MBytes  12.2 Mbits/sec  0.005 ms  0/1051 (0%)  
[  6]  29.00-30.00  sec  1.46 MBytes  12.2 Mbits/sec  0.001 ms  0/1054 (0%)  
- - - - - - - - - - - - - - - - - - - - - - - - -
[ ID] Interval           Transfer     Bitrate         Jitter    Lost/Total Datagrams
[  6]   0.00-30.00  sec  43.6 MBytes  12.2 Mbits/sec  0.001 ms  24/31573 (0.076%)  receiver
