-----------------------------------------------------------
Server listening on 10019 (test #1)
-----------------------------------------------------------
Accepted connection from 10.0.0.10, port 44334
[  6] local 10.0.0.19 port 10019 connected to 10.0.0.10 port 57340
[ ID] Interval           Transfer     Bitrate         Jitter    Lost/Total Datagrams
[  6]   0.00-1.00   sec   218 KBytes  1.78 Mbits/sec  1.574 ms  0/154 (0%)  
[  6]   1.00-2.00   sec   264 KBytes  2.17 Mbits/sec  0.774 ms  0/187 (0%)  
[  6]   2.00-3.00   sec   243 KBytes  1.99 Mbits/sec  0.111 ms  0/172 (0%)  
[  6]   3.00-4.00   sec   242 KBytes  1.98 Mbits/sec  0.168 ms  0/171 (0%)  
[  6]   4.00-5.00   sec   242 KBytes  1.98 Mbits/sec  0.329 ms  0/171 (0%)  
[  6]   5.00-6.00   sec   242 KBytes  1.98 Mbits/sec  0.571 ms  0/171 (0%)  
[  6]   6.00-7.00   sec   239 KBytes  1.96 Mbits/sec  0.387 ms  0/169 (0%)  
[  6]   7.00-8.00   sec   243 KBytes  1.99 Mbits/sec  0.331 ms  0/172 (0%)  
[  6]   8.00-9.00   sec   243 KBytes  1.99 Mbits/sec  0.078 ms  0/172 (0%)  
[  6]   9.00-10.00  sec   242 KBytes  1.98 Mbits/sec  0.075 ms  0/171 (0%)  
[  6]  10.00-11.00  sec   242 KBytes  1.98 Mbits/sec  0.112 ms  0/171 (0%)  
[  6]  11.00-12.00  sec   242 KBytes  1.98 Mbits/sec  0.199 ms  0/171 (0%)  
[  6]  12.00-13.00  sec   120 KBytes   985 Kbits/sec  2.558 ms  52/137 (38%)  
[  6]  13.00-14.00  sec  82.0 KBytes   672 Kbits/sec  1.746 ms  106/164 (65%)  
[  6]  14.00-15.00  sec   150 KBytes  1.23 Mbits/sec  4.101 ms  69/175 (39%)  
[  6]  15.00-16.00  sec   136 KBytes  1.11 Mbits/sec  4.614 ms  76/172 (44%)  
[  6]  16.00-17.00  sec   127 KBytes  1.04 Mbits/sec  4.784 ms  76/166 (46%)  
[  6]  17.00-18.00  sec   106 KBytes   869 Kbits/sec  3.994 ms  94/169 (56%)  
[  6]  18.00-19.00  sec   113 KBytes   927 Kbits/sec  5.909 ms  95/175 (54%)  
[  6]  19.00-20.00  sec   170 KBytes  1.39 Mbits/sec  5.655 ms  51/171 (30%)  
[  6]  20.00-21.00  sec   215 KBytes  1.76 Mbits/sec  5.034 ms  26/178 (15%)  
[  6]  21.00-22.00  sec   168 KBytes  1.38 Mbits/sec  5.715 ms  41/160 (26%)  
[  6]  22.00-23.00  sec   117 KBytes   961 Kbits/sec  4.317 ms  93/176 (53%)  
[  6]  23.00-24.00  sec   133 KBytes  1.09 Mbits/sec  4.202 ms  75/169 (44%)  
[  6]  24.00-25.00  sec   185 KBytes  1.52 Mbits/sec  12.717 ms  38/169 (22%)  
[  6]  25.00-26.00  sec   132 KBytes  1.08 Mbits/sec  6.516 ms  17/110 (15%)  
[  6]  26.00-27.00  sec   113 KBytes   927 Kbits/sec  4.788 ms  95/175 (54%)  
[  6]  27.00-28.00  sec   123 KBytes  1.01 Mbits/sec  4.503 ms  81/168 (48%)  
[  6]  28.00-29.00  sec   133 KBytes  1.09 Mbits/sec  8.831 ms  79/173 (46%)  
[  6]  29.00-30.00  sec   147 KBytes  1.20 Mbits/sec  5.708 ms  76/180 (42%)  
- - - - - - - - - - - - - - - - - - - - - - - - -
[ ID] Interval           Transfer     Bitrate         Jitter    Lost/Total Datagrams
[SUM]  0.0-30.0 sec  21 datagrams received out-of-order
[  6]   0.00-30.01  sec  5.25 MBytes  1.47 Mbits/sec  5.708 ms  1240/5039 (25%)  receiver
