-----------------------------------------------------------
Server listening on 10014 (test #1)
-----------------------------------------------------------
Accepted connection from 10.0.0.10, port 35260
[  6] local 10.0.0.14 port 10014 connected to 10.0.0.10 port 38085
[ ID] Interval           Transfer     Bitrate         Jitter    Lost/Total Datagrams
[  6]   0.00-1.00   sec  55.1 KBytes   451 Kbits/sec  0.008 ms  0/39 (0%)  
[  6]   1.00-2.00   sec  53.7 KBytes   440 Kbits/sec  0.011 ms  0/38 (0%)  
[  6]   2.00-3.00   sec  53.7 KBytes   440 Kbits/sec  0.007 ms  0/38 (0%)  
[  6]   3.00-4.00   sec  53.7 KBytes   441 Kbits/sec  3.077 ms  0/38 (0%)  
[  6]   4.00-5.00   sec  53.7 KBytes   440 Kbits/sec  2.733 ms  0/38 (0%)  
[  6]   5.00-6.00   sec  55.1 KBytes   452 Kbits/sec  0.246 ms  0/39 (0%)  
[  6]   6.00-7.00   sec  53.7 KBytes   440 Kbits/sec  0.086 ms  0/38 (0%)  
[  6]   7.00-8.00   sec  53.7 KBytes   440 Kbits/sec  0.020 ms  0/38 (0%)  
[  6]   8.00-9.00   sec  53.7 KBytes   440 Kbits/sec  0.394 ms  0/38 (0%)  
[  6]   9.00-10.00  sec  53.7 KBytes   440 Kbits/sec  0.066 ms  0/38 (0%)  
[  6]  10.00-11.00  sec  55.1 KBytes   452 Kbits/sec  0.023 ms  0/39 (0%)  
[  6]  11.00-12.00  sec  53.7 KBytes   440 Kbits/sec  0.020 ms  0/38 (0%)  
[  6]  12.00-13.00  sec  53.7 KBytes   440 Kbits/sec  0.021 ms  0/38 (0%)  
[  6]  13.00-14.00  sec  53.7 KBytes   440 Kbits/sec  0.074 ms  0/38 (0%)  
[  6]  14.00-15.00  sec  36.8 KBytes   301 Kbits/sec  9.011 ms  6/32 (19%)  
[  6]  15.00-16.00  sec  21.2 KBytes   174 Kbits/sec  7.371 ms  19/34 (56%)  
[  6]  16.00-17.00  sec  29.7 KBytes   243 Kbits/sec  6.939 ms  19/40 (48%)  
[  6]  17.00-18.00  sec  33.9 KBytes   278 Kbits/sec  5.761 ms  15/39 (38%)  
[  6]  18.00-19.00  sec  26.9 KBytes   220 Kbits/sec  5.525 ms  18/37 (49%)  
[  6]  19.00-20.00  sec  25.5 KBytes   208 Kbits/sec  5.621 ms  18/36 (50%)  
[  6]  20.00-21.00  sec  32.5 KBytes   267 Kbits/sec  6.179 ms  18/41 (44%)  
[  6]  21.00-22.00  sec  38.2 KBytes   313 Kbits/sec  6.426 ms  12/39 (31%)  
[  6]  22.00-23.00  sec  46.7 KBytes   383 Kbits/sec  8.186 ms  5/38 (13%)  
[  6]  23.00-24.00  sec  41.0 KBytes   336 Kbits/sec  6.372 ms  6/35 (17%)  
[  6]  24.00-25.00  sec  32.5 KBytes   266 Kbits/sec  5.790 ms  18/41 (44%)  
[  6]  25.00-26.00  sec  22.6 KBytes   185 Kbits/sec  5.554 ms  17/33 (52%)  
[  6]  26.00-27.00  sec  39.6 KBytes   324 Kbits/sec  52.056 ms  17/45 (38%)  
[  6]  27.00-28.00  sec  29.7 KBytes   243 Kbits/sec  28.813 ms  1/22 (4.5%)  
[  6]  28.00-29.00  sec  24.0 KBytes   197 Kbits/sec  14.995 ms  21/38 (55%)  
[  6]  29.00-30.00  sec  19.8 KBytes   162 Kbits/sec  12.737 ms  22/36 (61%)  
- - - - - - - - - - - - - - - - - - - - - - - - -
[ ID] Interval           Transfer     Bitrate         Jitter    Lost/Total Datagrams
[SUM]  0.0-30.0 sec  6 datagrams received out-of-order
[  6]   0.00-30.00  sec  1.23 MBytes   343 Kbits/sec  12.737 ms  232/1121 (21%)  receiver
