-----------------------------------------------------------
Server listening on 10016 (test #1)
-----------------------------------------------------------
Accepted connection from 10.0.0.10, port 43366
[  6] local 10.0.0.16 port 10016 connected to 10.0.0.10 port 57170
[ ID] Interval           Transfer     Bitrate         Jitter    Lost/Total Datagrams
[  6]   0.00-1.00   sec   134 KBytes  1.10 Mbits/sec  0.012 ms  0/95 (0%)  
[  6]   1.00-2.00   sec   134 KBytes  1.10 Mbits/sec  0.009 ms  0/95 (0%)  
[  6]   2.00-3.00   sec   134 KBytes  1.10 Mbits/sec  0.013 ms  0/95 (0%)  
[  6]   3.00-4.00   sec   134 KBytes  1.10 Mbits/sec  0.004 ms  0/95 (0%)  
[  6]   4.00-5.00   sec   134 KBytes  1.10 Mbits/sec  0.012 ms  0/95 (0%)  
[  6]   5.00-6.00   sec   134 KBytes  1.10 Mbits/sec  0.023 ms  0/95 (0%)  
[  6]   6.00-7.00   sec   134 KBytes  1.10 Mbits/sec  0.016 ms  0/95 (0%)  
[  6]   7.00-8.00   sec   134 KBytes  1.10 Mbits/sec  0.018 ms  0/95 (0%)  
[  6]   8.00-9.00   sec   133 KBytes  1.09 Mbits/sec  0.010 ms  0/94 (0%)  
[  6]   9.00-10.00  sec   134 KBytes  1.10 Mbits/sec  0.013 ms  0/95 (0%)  
[  6]  10.00-11.00  sec   134 KBytes  1.10 Mbits/sec  0.012 ms  0/95 (0%)  
[  6]  11.00-12.00  sec   134 KBytes  1.10 Mbits/sec  0.023 ms  0/95 (0%)  
[  6]  12.00-13.00  sec   134 KBytes  1.10 Mbits/sec  0.014 ms  0/95 (0%)  
[  6]  13.00-14.00  sec   119 KBytes   973 Kbits/sec  0.007 ms  0/84 (0%)  
[  6]  14.00-15.00  sec  33.9 KBytes   278 Kbits/sec  6.391 ms  59/83 (71%)  
[  6]  15.00-16.00  sec  67.9 KBytes   556 Kbits/sec  4.793 ms  49/97 (51%)  
[  6]  16.00-17.00  sec  72.1 KBytes   591 Kbits/sec  6.471 ms  45/96 (47%)  
[  6]  17.00-18.00  sec  77.8 KBytes   637 Kbits/sec  5.359 ms  36/91 (40%)  
[  6]  18.00-19.00  sec  58.0 KBytes   475 Kbits/sec  6.158 ms  53/94 (56%)  
[  6]  19.00-20.00  sec  50.9 KBytes   417 Kbits/sec  6.269 ms  61/97 (63%)  
[  6]  20.00-21.00  sec  70.7 KBytes   579 Kbits/sec  5.872 ms  47/97 (48%)  
[  6]  21.00-22.00  sec   126 KBytes  1.03 Mbits/sec  5.830 ms  8/97 (8.2%)  
[  6]  22.00-23.00  sec   102 KBytes   834 Kbits/sec  7.466 ms  21/93 (23%)  
[  6]  23.00-24.00  sec  58.0 KBytes   475 Kbits/sec  5.934 ms  52/93 (56%)  
[  6]  24.00-25.00  sec  80.6 KBytes   660 Kbits/sec  5.319 ms  39/96 (41%)  
[  6]  25.00-26.00  sec   105 KBytes   857 Kbits/sec  81.784 ms  41/115 (36%)  
[  6]  26.00-27.00  sec   109 KBytes   892 Kbits/sec  2.389 ms  7/84 (8.3%)  
[  6]  27.00-28.00  sec  65.0 KBytes   533 Kbits/sec  0.183 ms  48/94 (51%)  
[  6]  28.00-29.00  sec  84.8 KBytes   696 Kbits/sec  0.154 ms  36/96 (38%)  
[  6]  29.00-30.00  sec  69.3 KBytes   567 Kbits/sec  0.113 ms  43/92 (47%)  
[  6]  30.00-30.54  sec  9.90 KBytes   151 Kbits/sec  0.087 ms  7/14 (50%)  
- - - - - - - - - - - - - - - - - - - - - - - - -
[ ID] Interval           Transfer     Bitrate         Jitter    Lost/Total Datagrams
[SUM]  0.0-30.5 sec  12 datagrams received out-of-order
[  6]   0.00-30.54  sec  3.03 MBytes   833 Kbits/sec  0.087 ms  652/2847 (23%)  receiver
