-----------------------------------------------------------
Server listening on 10018 (test #1)
-----------------------------------------------------------
Accepted connection from 10.0.0.10, port 49922
[  6] local 10.0.0.18 port 10018 connected to 10.0.0.10 port 46496
[ ID] Interval           Transfer     Bitrate         Jitter    Lost/Total Datagrams
[  6]   0.00-1.00   sec  43.8 KBytes   359 Kbits/sec  2.693 ms  0/31 (0%)  
[  6]   1.00-2.00   sec  43.8 KBytes   359 Kbits/sec  0.379 ms  0/31 (0%)  
[  6]   2.00-3.00   sec  42.4 KBytes   348 Kbits/sec  0.060 ms  0/30 (0%)  
[  6]   3.00-4.00   sec  43.8 KBytes   359 Kbits/sec  0.017 ms  0/31 (0%)  
[  6]   4.00-5.00   sec  43.8 KBytes   359 Kbits/sec  0.016 ms  0/31 (0%)  
[  6]   5.00-6.00   sec  42.4 KBytes   348 Kbits/sec  0.022 ms  0/30 (0%)  
[  6]   6.00-7.00   sec  43.8 KBytes   359 Kbits/sec  0.021 ms  0/31 (0%)  
[  6]   7.00-8.00   sec  42.4 KBytes   348 Kbits/sec  0.014 ms  0/30 (0%)  
[  6]   8.00-9.00   sec  43.8 KBytes   359 Kbits/sec  0.021 ms  0/31 (0%)  
[  6]   9.00-10.00  sec  43.8 KBytes   359 Kbits/sec  0.024 ms  0/31 (0%)  
[  6]  10.00-11.00  sec  42.4 KBytes   347 Kbits/sec  0.026 ms  0/30 (0%)  
[  6]  11.00-12.00  sec  43.8 KBytes   359 Kbits/sec  0.026 ms  0/31 (0%)  
[  6]  12.00-13.00  sec  38.2 KBytes   313 Kbits/sec  0.010 ms  0/27 (0%)  
[  6]  13.00-14.00  sec  4.24 KBytes  34.8 Kbits/sec  13.494 ms  21/24 (88%)  
[  6]  14.00-15.00  sec  17.0 KBytes   139 Kbits/sec  12.204 ms  18/30 (60%)  
[  6]  15.00-16.00  sec  24.0 KBytes   197 Kbits/sec  12.729 ms  18/35 (51%)  
[  6]  16.00-17.00  sec  25.5 KBytes   208 Kbits/sec  11.493 ms  12/30 (40%)  
[  6]  17.00-18.00  sec  17.0 KBytes   139 Kbits/sec  8.726 ms  18/30 (60%)  
[  6]  18.00-19.00  sec  15.6 KBytes   127 Kbits/sec  10.398 ms  18/29 (62%)  
[  6]  19.00-20.00  sec  22.6 KBytes   185 Kbits/sec  12.824 ms  17/33 (52%)  
[  6]  20.00-21.00  sec  41.0 KBytes   336 Kbits/sec  20.089 ms  2/31 (6.5%)  
[  6]  21.00-22.00  sec  36.8 KBytes   301 Kbits/sec  21.502 ms  3/29 (10%)  
[  6]  22.00-23.00  sec  9.90 KBytes  81.1 Kbits/sec  21.018 ms  19/26 (73%)  
[  6]  23.00-24.00  sec  28.3 KBytes   232 Kbits/sec  10.813 ms  17/37 (46%)  
[  6]  24.00-25.00  sec  26.9 KBytes   220 Kbits/sec  43.106 ms  17/36 (47%)  
[  6]  25.00-26.00  sec  39.6 KBytes   324 Kbits/sec  21.196 ms  0/28 (0%)  
[  6]  26.00-27.00  sec  18.4 KBytes   151 Kbits/sec  9.844 ms  14/27 (52%)  
[  6]  27.00-28.00  sec  28.3 KBytes   232 Kbits/sec  4.434 ms  14/34 (41%)  
[  6]  28.00-29.00  sec  25.5 KBytes   209 Kbits/sec  3.159 ms  12/30 (40%)  
[  6]  29.00-30.00  sec  24.0 KBytes   197 Kbits/sec  3.186 ms  10/27 (37%)  
- - - - - - - - - - - - - - - - - - - - - - - - -
[ ID] Interval           Transfer     Bitrate         Jitter    Lost/Total Datagrams
[SUM]  0.0-30.0 sec  3 datagrams received out-of-order
[  6]   0.00-30.00  sec   963 KBytes   263 Kbits/sec  3.186 ms  230/911 (25%)  receiver
