-----------------------------------------------------------
Server listening on 10020 (test #1)
-----------------------------------------------------------
Accepted connection from 10.0.0.10, port 45160
[  6] local 10.0.0.20 port 10020 connected to 10.0.0.10 port 42571
[ ID] Interval           Transfer     Bitrate         Jitter    Lost/Total Datagrams
[  6]   0.00-1.00   sec   498 KBytes  4.08 Mbits/sec  0.209 ms  0/352 (0%)  
[  6]   1.00-2.00   sec   568 KBytes  4.66 Mbits/sec  0.204 ms  0/402 (0%)  
[  6]   2.00-3.00   sec   530 KBytes  4.35 Mbits/sec  0.301 ms  0/375 (0%)  
[  6]   3.00-4.00   sec   532 KBytes  4.35 Mbits/sec  0.214 ms  0/376 (0%)  
[  6]   4.00-5.00   sec   536 KBytes  4.39 Mbits/sec  0.078 ms  0/379 (0%)  
[  6]   5.00-6.00   sec   533 KBytes  4.37 Mbits/sec  0.039 ms  0/377 (0%)  
[  6]   6.00-7.00   sec   533 KBytes  4.37 Mbits/sec  0.061 ms  0/377 (0%)  
[  6]   7.00-8.00   sec   532 KBytes  4.35 Mbits/sec  0.045 ms  0/376 (0%)  
[  6]   8.00-9.00   sec   533 KBytes  4.37 Mbits/sec  0.079 ms  0/377 (0%)  
[  6]   9.00-10.00  sec   533 KBytes  4.37 Mbits/sec  0.255 ms  0/377 (0%)  
[  6]  10.00-11.00  sec   527 KBytes  4.32 Mbits/sec  0.266 ms  0/373 (0%)  
[  6]  11.00-12.00  sec   536 KBytes  4.39 Mbits/sec  0.167 ms  0/379 (0%)  
[  6]  12.00-13.00  sec   477 KBytes  3.90 Mbits/sec  0.519 ms  0/337 (0%)  
[  6]  13.00-14.00  sec   525 KBytes  4.30 Mbits/sec  1.355 ms  11/382 (2.9%)  
[  6]  14.00-15.00  sec   535 KBytes  4.38 Mbits/sec  1.597 ms  0/378 (0%)  
[  6]  15.00-16.00  sec   527 KBytes  4.32 Mbits/sec  1.594 ms  0/373 (0%)  
[  6]  16.00-17.00  sec   532 KBytes  4.36 Mbits/sec  2.086 ms  0/376 (0%)  
[  6]  17.00-18.00  sec   533 KBytes  4.37 Mbits/sec  1.788 ms  0/377 (0%)  
[  6]  18.00-19.00  sec   533 KBytes  4.37 Mbits/sec  1.689 ms  0/377 (0%)  
[  6]  19.00-20.00  sec   546 KBytes  4.47 Mbits/sec  2.074 ms  0/386 (0%)  
[  6]  20.00-21.00  sec   532 KBytes  4.36 Mbits/sec  2.262 ms  0/376 (0%)  
[  6]  21.00-22.00  sec   518 KBytes  4.24 Mbits/sec  1.552 ms  0/366 (0%)  
[  6]  22.00-23.00  sec   536 KBytes  4.39 Mbits/sec  2.201 ms  0/379 (0%)  
[  6]  23.00-24.00  sec   536 KBytes  4.39 Mbits/sec  1.881 ms  0/379 (0%)  
[  6]  24.00-25.00  sec   389 KBytes  3.19 Mbits/sec  2.461 ms  0/275 (0%)  
[  6]  25.00-26.00  sec   281 KBytes  2.31 Mbits/sec  2.620 ms  88/287 (31%)  
[  6]  26.00-27.00  sec   255 KBytes  2.08 Mbits/sec  2.354 ms  200/380 (53%)  
[  6]  27.00-28.00  sec   300 KBytes  2.46 Mbits/sec  4.679 ms  174/386 (45%)  
[  6]  28.00-29.00  sec   259 KBytes  2.12 Mbits/sec  3.626 ms  189/372 (51%)  
[  6]  29.00-30.00  sec   322 KBytes  2.64 Mbits/sec  4.662 ms  148/376 (39%)  
- - - - - - - - - - - - - - - - - - - - - - - - -
[ ID] Interval           Transfer     Bitrate         Jitter    Lost/Total Datagrams
[SUM]  0.0-30.0 sec  24 datagrams received out-of-order
[  6]   0.00-30.00  sec  14.2 MBytes  3.97 Mbits/sec  4.662 ms  810/11082 (7.3%)  receiver
