-----------------------------------------------------------
Server listening on 10002 (test #1)
-----------------------------------------------------------
Accepted connection from 10.0.0.10, port 59354
[  6] local 10.0.0.2 port 10002 connected to 10.0.0.10 port 36461
[ ID] Interval           Transfer     Bitrate         Jitter    Lost/Total Datagrams
[  6]   0.00-1.00   sec  2.49 MBytes  20.9 Mbits/sec  0.240 ms  0/1806 (0%)  
[  6]   1.00-2.00   sec  2.57 MBytes  21.6 Mbits/sec  0.157 ms  0/1864 (0%)  
[  6]   2.00-3.00   sec  2.54 MBytes  21.3 Mbits/sec  0.165 ms  0/1841 (0%)  
[  6]   3.00-4.00   sec  2.57 MBytes  21.6 Mbits/sec  0.246 ms  0/1862 (0%)  
[  6]   4.00-5.00   sec  2.55 MBytes  21.4 Mbits/sec  0.255 ms  0/1849 (0%)  
[  6]   5.00-6.00   sec  2.51 MBytes  21.0 Mbits/sec  0.193 ms  0/1816 (0%)  
[  6]   6.00-7.00   sec  2.50 MBytes  21.0 Mbits/sec  0.146 ms  0/1814 (0%)  
[  6]   7.00-8.00   sec  2.73 MBytes  22.8 Mbits/sec  0.140 ms  0/1974 (0%)  
[  6]   8.00-9.00   sec  2.55 MBytes  21.4 Mbits/sec  0.104 ms  0/1846 (0%)  
[  6]   9.00-10.00  sec  2.57 MBytes  21.6 Mbits/sec  0.125 ms  0/1863 (0%)  
[  6]  10.00-11.00  sec  2.57 MBytes  21.5 Mbits/sec  0.031 ms  0/1859 (0%)  
[  6]  11.00-12.00  sec  2.56 MBytes  21.5 Mbits/sec  0.034 ms  0/1854 (0%)  
[  6]  12.00-13.00  sec  2.56 MBytes  21.5 Mbits/sec  0.048 ms  0/1854 (0%)  
[  6]  13.00-14.00  sec  2.56 MBytes  21.5 Mbits/sec  0.045 ms  0/1854 (0%)  
[  6]  14.00-15.00  sec  2.56 MBytes  21.5 Mbits/sec  0.044 ms  0/1854 (0%)  
[  6]  15.00-16.00  sec  2.55 MBytes  21.4 Mbits/sec  0.107 ms  0/1844 (0%)  
[  6]  16.00-17.00  sec  2.55 MBytes  21.4 Mbits/sec  0.110 ms  0/1848 (0%)  
[  6]  17.00-18.00  sec  2.58 MBytes  21.6 Mbits/sec  0.113 ms  0/1866 (0%)  
[  6]  18.00-19.00  sec  1.20 MBytes  10.1 Mbits/sec  0.370 ms  597/1466 (41%)  
[  6]  19.00-20.00  sec   680 KBytes  5.57 Mbits/sec  0.223 ms  1250/1731 (72%)  
[  6]  20.00-21.00  sec   906 KBytes  7.43 Mbits/sec  0.292 ms  410/1051 (39%)  
[  6]  21.00-22.00  sec   833 KBytes  6.82 Mbits/sec  0.665 ms  459/1048 (44%)  
[  6]  22.00-23.00  sec   829 KBytes  6.79 Mbits/sec  0.306 ms  593/1179 (50%)  
[  6]  23.00-24.00  sec   625 KBytes  5.12 Mbits/sec  0.438 ms  614/1056 (58%)  
[  6]  24.00-25.00  sec   605 KBytes  4.96 Mbits/sec  0.551 ms  746/1174 (64%)  
[  6]  25.00-26.00  sec  1.21 MBytes  10.2 Mbits/sec  0.147 ms  177/1054 (17%)  
[  6]  26.00-27.00  sec  1.41 MBytes  11.8 Mbits/sec  0.154 ms  156/1176 (13%)  
[  6]  27.00-28.00  sec   843 KBytes  6.90 Mbits/sec  0.851 ms  578/1174 (49%)  
[  6]  28.00-29.00  sec   776 KBytes  6.36 Mbits/sec  0.321 ms  495/1044 (47%)  
[  6]  29.00-30.00  sec   891 KBytes  7.29 Mbits/sec  0.842 ms  535/1165 (46%)  
- - - - - - - - - - - - - - - - - - - - - - - - -
[ ID] Interval           Transfer     Bitrate         Jitter    Lost/Total Datagrams
[  6]   0.00-30.00  sec  56.7 MBytes  15.9 Mbits/sec  0.842 ms  6610/47686 (14%)  receiver
