-----------------------------------------------------------
Server listening on 10021 (test #1)
-----------------------------------------------------------
Accepted connection from 10.0.0.10, port 55202
[  6] local 10.0.0.21 port 10021 connected to 10.0.0.10 port 43561
[ ID] Interval           Transfer     Bitrate         Jitter    Lost/Total Datagrams
[  6]   0.00-1.00   sec  1.32 MBytes  11.0 Mbits/sec  0.010 ms  0/953 (0%)  
[  6]   1.00-2.00   sec  1.31 MBytes  11.0 Mbits/sec  0.001 ms  0/951 (0%)  
[  6]   2.00-3.00   sec  1.31 MBytes  11.0 Mbits/sec  0.015 ms  0/952 (0%)  
[  6]   3.00-4.00   sec  1.31 MBytes  11.0 Mbits/sec  0.002 ms  0/951 (0%)  
[  6]   4.00-5.00   sec  1.31 MBytes  11.0 Mbits/sec  0.005 ms  0/952 (0%)  
[  6]   5.00-6.00   sec  1.31 MBytes  11.0 Mbits/sec  0.004 ms  0/950 (0%)  
[  6]   6.00-7.00   sec  1.32 MBytes  11.0 Mbits/sec  0.033 ms  0/953 (0%)  
[  6]   7.00-8.00   sec  1.31 MBytes  11.0 Mbits/sec  0.004 ms  0/951 (0%)  
[  6]   8.00-9.00   sec  1.31 MBytes  11.0 Mbits/sec  0.003 ms  0/952 (0%)  
[  6]   9.00-10.00  sec  1.31 MBytes  11.0 Mbits/sec  0.002 ms  0/951 (0%)  
[  6]  10.00-11.00  sec  1.31 MBytes  11.0 Mbits/sec  0.001 ms  0/951 (0%)  
[  6]  11.00-12.00  sec   889 KBytes  7.28 Mbits/sec  0.666 ms  164/793 (21%)  
[  6]  12.00-13.00  sec   426 KBytes  3.49 Mbits/sec  0.667 ms  580/881 (66%)  
[  6]  13.00-14.00  sec   779 KBytes  6.38 Mbits/sec  2.505 ms  419/970 (43%)  
[  6]  14.00-15.00  sec   789 KBytes  6.46 Mbits/sec  1.834 ms  397/955 (42%)  
[  6]  15.00-16.00  sec   740 KBytes  6.06 Mbits/sec  0.815 ms  410/933 (44%)  
[  6]  16.00-17.00  sec   628 KBytes  5.14 Mbits/sec  1.162 ms  493/937 (53%)  
[  6]  17.00-18.00  sec   568 KBytes  4.66 Mbits/sec  1.406 ms  578/980 (59%)  
[  6]  18.00-19.00  sec   974 KBytes  7.98 Mbits/sec  0.599 ms  290/979 (30%)  
[  6]  19.00-20.00  sec  1.12 MBytes  9.36 Mbits/sec  1.640 ms  105/913 (12%)  
[  6]  20.00-21.00  sec   996 KBytes  8.16 Mbits/sec  2.238 ms  256/960 (27%)  
[  6]  21.00-22.00  sec   609 KBytes  4.99 Mbits/sec  1.178 ms  529/960 (55%)  
[  6]  22.00-23.00  sec   735 KBytes  6.02 Mbits/sec  3.278 ms  401/921 (44%)  
[  6]  23.00-24.00  sec  1.05 MBytes  8.77 Mbits/sec  0.602 ms  356/1113 (32%)  
[  6]  24.00-25.00  sec   940 KBytes  7.70 Mbits/sec  0.316 ms  247/912 (27%)  
[  6]  25.00-26.00  sec   742 KBytes  6.08 Mbits/sec  0.543 ms  422/947 (45%)  
[  6]  26.00-27.00  sec   891 KBytes  7.30 Mbits/sec  0.545 ms  325/955 (34%)  
[  6]  27.00-28.00  sec   734 KBytes  6.01 Mbits/sec  0.417 ms  432/951 (45%)  
[  6]  28.00-29.00  sec   899 KBytes  7.37 Mbits/sec  0.580 ms  318/954 (33%)  
[  6]  29.00-30.00  sec  1.04 MBytes  8.69 Mbits/sec  0.409 ms  199/949 (21%)  
[  6]  30.00-30.04  sec  67.9 KBytes  13.6 Mbits/sec  0.538 ms  0/48 (0%)  
- - - - - - - - - - - - - - - - - - - - - - - - -
[ ID] Interval           Transfer     Bitrate         Jitter    Lost/Total Datagrams
[SUM]  0.0-30.0 sec  106 datagrams received out-of-order
[  6]   0.00-30.04  sec  29.8 MBytes  8.31 Mbits/sec  0.538 ms  6921/28478 (24%)  receiver
