-----------------------------------------------------------
Server listening on 10003 (test #1)
-----------------------------------------------------------
Accepted connection from 10.0.0.10, port 38674
[  6] local 10.0.0.3 port 10003 connected to 10.0.0.10 port 41821
[ ID] Interval           Transfer     Bitrate         Jitter    Lost/Total Datagrams
[  6]   0.00-1.00   sec  1.79 MBytes  15.0 Mbits/sec  0.008 ms  0/1295 (0%)  
[  6]   1.00-2.00   sec  1.79 MBytes  15.0 Mbits/sec  0.009 ms  0/1294 (0%)  
[  6]   2.00-3.00   sec  1.79 MBytes  15.0 Mbits/sec  0.011 ms  0/1294 (0%)  
[  6]   3.00-4.00   sec  1.79 MBytes  15.0 Mbits/sec  0.004 ms  0/1295 (0%)  
[  6]   4.00-5.00   sec  1.79 MBytes  15.0 Mbits/sec  0.007 ms  0/1294 (0%)  
[  6]   5.00-6.00   sec  1.79 MBytes  15.0 Mbits/sec  0.002 ms  0/1293 (0%)  
[  6]   6.00-7.00   sec  1.79 MBytes  15.0 Mbits/sec  0.003 ms  0/1295 (0%)  
[  6]   7.00-8.00   sec  1.79 MBytes  15.0 Mbits/sec  0.001 ms  0/1293 (0%)  
[  6]   8.00-9.00   sec  1.79 MBytes  15.0 Mbits/sec  0.001 ms  0/1295 (0%)  
[  6]   9.00-10.00  sec  1.79 MBytes  15.0 Mbits/sec  0.004 ms  0/1293 (0%)  
[  6]  10.00-11.00  sec  1.79 MBytes  15.0 Mbits/sec  0.001 ms  0/1295 (0%)  
[  6]  11.00-12.00  sec  1.79 MBytes  15.0 Mbits/sec  0.009 ms  0/1293 (0%)  
[  6]  12.00-13.00  sec  1.79 MBytes  15.0 Mbits/sec  0.005 ms  0/1296 (0%)  
[  6]  13.00-14.00  sec  1.79 MBytes  15.0 Mbits/sec  0.010 ms  0/1293 (0%)  
[  6]  14.00-15.00  sec  1.79 MBytes  15.0 Mbits/sec  0.001 ms  0/1294 (0%)  
[  6]  15.00-16.00  sec  1.79 MBytes  15.0 Mbits/sec  0.009 ms  0/1295 (0%)  
[  6]  16.00-17.00  sec  1.79 MBytes  15.0 Mbits/sec  0.005 ms  0/1293 (0%)  
[  6]  17.00-18.00  sec  1.56 MBytes  13.1 Mbits/sec  1.974 ms  11/1141 (0.96%)  
[  6]  18.00-19.00  sec   551 KBytes  4.52 Mbits/sec  0.575 ms  741/1131 (66%)  
[  6]  19.00-20.00  sec   810 KBytes  6.64 Mbits/sec  0.527 ms  588/1161 (51%)  
[  6]  20.00-21.00  sec   823 KBytes  6.74 Mbits/sec  8.226 ms  477/1059 (45%)  
[  6]  21.00-22.00  sec   867 KBytes  7.10 Mbits/sec  0.516 ms  529/1142 (46%)  
[  6]  22.00-23.00  sec   734 KBytes  6.01 Mbits/sec  0.687 ms  528/1047 (50%)  
[  6]  23.00-24.00  sec   641 KBytes  5.25 Mbits/sec  0.841 ms  677/1130 (60%)  
[  6]  24.00-25.00  sec   796 KBytes  6.52 Mbits/sec  0.504 ms  528/1091 (48%)  
[  6]  25.00-26.00  sec  1.15 MBytes  9.64 Mbits/sec  7.034 ms  99/931 (11%)  
[  6]  26.00-27.00  sec  1.24 MBytes  10.4 Mbits/sec  0.493 ms  130/1031 (13%)  
[  6]  27.00-28.00  sec   529 KBytes  4.33 Mbits/sec  1.620 ms  736/1110 (66%)  
[  6]  28.00-29.00  sec   834 KBytes  6.84 Mbits/sec  0.527 ms  503/1093 (46%)  
[  6]  29.00-30.00  sec  2.01 MBytes  16.8 Mbits/sec  71.568 ms  577/2030 (28%)  
[  6]  30.00-30.01  sec   126 KBytes   109 Mbits/sec  86.631 ms  -17/72 (-24%)  
- - - - - - - - - - - - - - - - - - - - - - - - -
[ ID] Interval           Transfer     Bitrate         Jitter    Lost/Total Datagrams
[SUM]  0.0-30.0 sec  73 datagrams received out-of-order
[  6]   0.00-30.01  sec  42.9 MBytes  12.0 Mbits/sec  86.631 ms  6107/37169 (16%)  receiver
