-----------------------------------------------------------
Server listening on 10006 (test #1)
-----------------------------------------------------------
Accepted connection from 10.0.0.10, port 52416
[  6] local 10.0.0.6 port 10006 connected to 10.0.0.10 port 51360
[ ID] Interval           Transfer     Bitrate         Jitter    Lost/Total Datagrams
[  6]   0.00-1.00   sec  1.41 KBytes  11.6 Kbits/sec  0.000 ms  0/1 (0%)  
[  6]   1.00-2.00   sec  0.00 Bytes  0.00 bits/sec  0.000 ms  0/0 (0%)  
[  6]   2.00-3.00   sec  1.41 KBytes  11.6 Kbits/sec  0.001 ms  0/1 (0%)  
[  6]   3.00-4.00   sec  0.00 Bytes  0.00 bits/sec  0.001 ms  0/0 (0%)  
[  6]   4.00-5.00   sec  1.41 KBytes  11.6 Kbits/sec  1.886 ms  0/1 (0%)  
[  6]   5.00-6.00   sec  0.00 Bytes  0.00 bits/sec  1.886 ms  0/0 (0%)  
[  6]   6.00-7.00   sec  0.00 Bytes  0.00 bits/sec  1.886 ms  0/0 (0%)  
[  6]   7.00-8.00   sec  1.41 KBytes  11.6 Kbits/sec  3.378 ms  0/1 (0%)  
[  6]   8.00-9.00   sec  0.00 Bytes  0.00 bits/sec  3.378 ms  0/0 (0%)  
[  6]   9.00-10.00  sec  1.41 KBytes  11.6 Kbits/sec  3.445 ms  0/1 (0%)  
[  6]  10.00-11.00  sec  0.00 Bytes  0.00 bits/sec  3.445 ms  0/0 (0%)  
[  6]  11.00-12.00  sec  0.00 Bytes  0.00 bits/sec  3.445 ms  0/0 (0%)  
[  6]  12.00-13.00  sec  1.41 KBytes  11.6 Kbits/sec  3.232 ms  0/1 (0%)  
[  6]  13.00-14.00  sec  0.00 Bytes  0.00 bits/sec  3.232 ms  0/0 (0%)  
[  6]  14.00-15.00  sec  1.41 KBytes  11.6 Kbits/sec  3.031 ms  0/1 (0%)  
[  6]  15.00-16.00  sec  0.00 Bytes  0.00 bits/sec  3.031 ms  0/0 (0%)  
[  6]  16.00-17.00  sec  0.00 Bytes  0.00 bits/sec  3.031 ms  0/0 (0%)  
[  6]  17.00-18.00  sec  1.41 KBytes  11.6 Kbits/sec  2.843 ms  0/1 (0%)  
[  6]  18.00-19.00  sec  0.00 Bytes  0.00 bits/sec  2.843 ms  0/0 (0%)  
[  6]  19.00-20.00  sec  0.00 Bytes  0.00 bits/sec  2.843 ms  0/0 (0%)  
[  6]  20.00-21.00  sec  0.00 Bytes  0.00 bits/sec  2.843 ms  0/0 (0%)  
[  6]  21.00-22.00  sec  0.00 Bytes  0.00 bits/sec  2.843 ms  0/0 (0%)  
[  6]  22.00-23.00  sec  1.41 KBytes  11.6 Kbits/sec  16.138 ms  1/2 (50%)  
[  6]  23.00-24.00  sec  0.00 Bytes  0.00 bits/sec  16.138 ms  0/0 (0%)  
[  6]  24.00-25.00  sec  1.41 KBytes  11.6 Kbits/sec  15.432 ms  0/1 (0%)  
[  6]  25.00-26.00  sec  0.00 Bytes  0.00 bits/sec  15.432 ms  0/0 (0%)  
[  6]  26.00-27.00  sec  1.41 KBytes  11.6 Kbits/sec  14.935 ms  0/1 (0%)  
[  6]  27.00-28.00  sec  0.00 Bytes  0.00 bits/sec  14.935 ms  0/0 (0%)  
[  6]  28.00-29.00  sec  0.00 Bytes  0.00 bits/sec  14.935 ms  0/0 (0%)  
[  6]  29.00-30.00  sec  1.41 KBytes  11.6 Kbits/sec  18.743 ms  0/1 (0%)  
- - - - - - - - - - - - - - - - - - - - - - - - -
[ ID] Interval           Transfer     Bitrate         Jitter    Lost/Total Datagrams
[  6]   0.00-30.00  sec  17.0 KBytes  4.63 Kbits/sec  18.743 ms  1/13 (7.7%)  receiver
