-----------------------------------------------------------
Server listening on 10008 (test #1)
-----------------------------------------------------------
Accepted connection from 10.0.0.10, port 50406
[  6] local 10.0.0.8 port 10008 connected to 10.0.0.10 port 36486
[ ID] Interval           Transfer     Bitrate         Jitter    Lost/Total Datagrams
[  6]   0.00-1.00   sec  49.5 KBytes   405 Kbits/sec  0.017 ms  0/35 (0%)  
[  6]   1.00-2.00   sec  49.5 KBytes   405 Kbits/sec  0.011 ms  0/35 (0%)  
[  6]   2.00-3.00   sec  49.5 KBytes   405 Kbits/sec  0.016 ms  0/35 (0%)  
[  6]   3.00-4.00   sec  49.5 KBytes   405 Kbits/sec  0.007 ms  0/35 (0%)  
[  6]   4.00-5.00   sec  48.1 KBytes   394 Kbits/sec  0.010 ms  0/34 (0%)  
[  6]   5.00-6.00   sec  49.5 KBytes   405 Kbits/sec  0.012 ms  0/35 (0%)  
[  6]   6.00-7.00   sec  49.5 KBytes   405 Kbits/sec  0.010 ms  0/35 (0%)  
[  6]   7.00-8.00   sec  49.5 KBytes   405 Kbits/sec  0.030 ms  0/35 (0%)  
[  6]   8.00-9.00   sec  48.1 KBytes   394 Kbits/sec  0.024 ms  0/34 (0%)  
[  6]   9.00-10.00  sec  49.5 KBytes   405 Kbits/sec  0.010 ms  0/35 (0%)  
[  6]  10.00-11.00  sec  49.5 KBytes   406 Kbits/sec  0.024 ms  0/35 (0%)  
[  6]  11.00-12.00  sec  49.5 KBytes   405 Kbits/sec  0.015 ms  0/35 (0%)  
[  6]  12.00-13.00  sec  48.1 KBytes   394 Kbits/sec  0.015 ms  0/34 (0%)  
[  6]  13.00-14.00  sec  49.5 KBytes   405 Kbits/sec  0.039 ms  0/35 (0%)  
[  6]  14.00-15.00  sec  49.5 KBytes   405 Kbits/sec  0.026 ms  0/35 (0%)  
[  6]  15.00-16.00  sec  49.5 KBytes   405 Kbits/sec  0.026 ms  0/35 (0%)  
[  6]  16.00-17.00  sec  43.8 KBytes   359 Kbits/sec  3.614 ms  0/31 (0%)  
[  6]  17.00-18.00  sec  48.1 KBytes   394 Kbits/sec  4.563 ms  0/34 (0%)  
[  6]  18.00-19.00  sec  49.5 KBytes   406 Kbits/sec  4.162 ms  0/35 (0%)  
[  6]  19.00-20.00  sec  49.5 KBytes   406 Kbits/sec  4.176 ms  0/35 (0%)  
[  6]  20.00-21.00  sec  49.5 KBytes   405 Kbits/sec  4.297 ms  0/35 (0%)  
[  6]  21.00-22.00  sec  49.5 KBytes   405 Kbits/sec  5.626 ms  0/35 (0%)  
[  6]  22.00-23.00  sec  49.5 KBytes   405 Kbits/sec  4.725 ms  0/35 (0%)  
[  6]  23.00-24.00  sec  49.5 KBytes   406 Kbits/sec  9.677 ms  0/35 (0%)  
[  6]  24.00-25.00  sec  49.5 KBytes   405 Kbits/sec  7.714 ms  0/35 (0%)  
[  6]  25.00-26.00  sec  48.1 KBytes   394 Kbits/sec  5.621 ms  0/34 (0%)  
[  6]  26.00-27.00  sec  49.5 KBytes   406 Kbits/sec  4.143 ms  0/35 (0%)  
[  6]  27.00-28.00  sec  49.5 KBytes   405 Kbits/sec  5.268 ms  0/35 (0%)  
[  6]  28.00-29.00  sec  49.5 KBytes   405 Kbits/sec  9.080 ms  0/35 (0%)  
[  6]  29.00-30.00  sec  28.3 KBytes   232 Kbits/sec  3.703 ms  13/33 (39%)  
[  6]  30.00-30.54  sec  2.83 KBytes  43.2 Kbits/sec  3.259 ms  2/4 (50%)  
- - - - - - - - - - - - - - - - - - - - - - - - -
[ ID] Interval           Transfer     Bitrate         Jitter    Lost/Total Datagrams
[SUM]  0.0-30.5 sec  2 datagrams received out-of-order
[  6]   0.00-30.54  sec  1.42 MBytes   390 Kbits/sec  3.259 ms  15/1043 (1.4%)  receiver
