-----------------------------------------------------------
Server listening on 10009 (test #1)
-----------------------------------------------------------
Accepted connection from 10.0.0.10, port 34384
[  6] local 10.0.0.9 port 10009 connected to 10.0.0.10 port 36626
[ ID] Interval           Transfer     Bitrate         Jitter    Lost/Total Datagrams
[  6]   0.00-1.00   sec   320 KBytes  2.62 Mbits/sec  0.015 ms  0/226 (0%)  
[  6]   1.00-2.00   sec   318 KBytes  2.61 Mbits/sec  0.016 ms  0/225 (0%)  
[  6]   2.00-3.00   sec   318 KBytes  2.61 Mbits/sec  0.012 ms  0/225 (0%)  
[  6]   3.00-4.00   sec   318 KBytes  2.61 Mbits/sec  0.005 ms  0/225 (0%)  
[  6]   4.00-5.00   sec   318 KBytes  2.61 Mbits/sec  0.004 ms  0/225 (0%)  
[  6]   5.00-6.00   sec   318 KBytes  2.61 Mbits/sec  0.002 ms  0/225 (0%)  
[  6]   6.00-7.00   sec   318 KBytes  2.61 Mbits/sec  0.009 ms  0/225 (0%)  
[  6]   7.00-8.00   sec   320 KBytes  2.62 Mbits/sec  0.008 ms  0/226 (0%)  
[  6]   8.00-9.00   sec   318 KBytes  2.61 Mbits/sec  0.007 ms  0/225 (0%)  
[  6]   9.00-10.00  sec   318 KBytes  2.61 Mbits/sec  0.012 ms  0/225 (0%)  
[  6]  10.00-11.00  sec   318 KBytes  2.61 Mbits/sec  0.014 ms  0/225 (0%)  
[  6]  11.00-12.00  sec   318 KBytes  2.61 Mbits/sec  0.006 ms  0/225 (0%)  
[  6]  12.00-13.00  sec   318 KBytes  2.61 Mbits/sec  0.019 ms  0/225 (0%)  
[  6]  13.00-14.00  sec   318 KBytes  2.61 Mbits/sec  0.014 ms  0/225 (0%)  
[  6]  14.00-15.00  sec   318 KBytes  2.61 Mbits/sec  0.013 ms  0/225 (0%)  
[  6]  15.00-16.00  sec   313 KBytes  2.56 Mbits/sec  0.674 ms  0/221 (0%)  
[  6]  16.00-17.00  sec   283 KBytes  2.32 Mbits/sec  0.506 ms  3/203 (1.5%)  
[  6]  17.00-18.00  sec   322 KBytes  2.64 Mbits/sec  2.775 ms  3/231 (1.3%)  
[  6]  18.00-19.00  sec   318 KBytes  2.61 Mbits/sec  2.747 ms  0/225 (0%)  
[  6]  19.00-20.00  sec   315 KBytes  2.58 Mbits/sec  3.380 ms  0/223 (0%)  
[  6]  20.00-21.00  sec   318 KBytes  2.61 Mbits/sec  3.062 ms  0/225 (0%)  
[  6]  21.00-22.00  sec   318 KBytes  2.61 Mbits/sec  2.919 ms  0/225 (0%)  
[  6]  22.00-23.00  sec   324 KBytes  2.65 Mbits/sec  3.524 ms  0/229 (0%)  
[  6]  23.00-24.00  sec   320 KBytes  2.62 Mbits/sec  3.499 ms  0/226 (0%)  
[  6]  24.00-25.00  sec   315 KBytes  2.58 Mbits/sec  3.455 ms  0/223 (0%)  
[  6]  25.00-26.00  sec   314 KBytes  2.57 Mbits/sec  2.993 ms  0/222 (0%)  
[  6]  26.00-27.00  sec   321 KBytes  2.63 Mbits/sec  2.993 ms  0/227 (0%)  
[  6]  27.00-28.00  sec   349 KBytes  2.86 Mbits/sec  6.655 ms  0/247 (0%)  
[  6]  28.00-29.00  sec   239 KBytes  1.96 Mbits/sec  0.295 ms  29/198 (15%)  
[  6]  29.00-30.00  sec   177 KBytes  1.45 Mbits/sec  0.059 ms  99/224 (44%)  
[  6]  30.00-30.12  sec  18.4 KBytes  1.26 Mbits/sec  0.047 ms  15/28 (54%)  
- - - - - - - - - - - - - - - - - - - - - - - - -
[ ID] Interval           Transfer     Bitrate         Jitter    Lost/Total Datagrams
[SUM]  0.0-30.1 sec  13 datagrams received out-of-order
[  6]   0.00-30.12  sec  9.12 MBytes  2.54 Mbits/sec  0.047 ms  149/6754 (2.2%)  receiver
