-----------------------------------------------------------
Server listening on 11012 (test #1)
-----------------------------------------------------------
Accepted connection from 10.0.0.11, port 43458
[  6] local 10.0.0.12 port 11012 connected to 10.0.0.11 port 54876
[ ID] Interval           Transfer     Bitrate         Jitter    Lost/Total Datagrams
[  6]   0.00-1.00   sec   810 KBytes  6.63 Mbits/sec  0.529 ms  0/573 (0%)  
[  6]   1.00-2.00   sec   650 KBytes  5.33 Mbits/sec  0.488 ms  0/460 (0%)  
[  6]   2.00-3.00   sec   650 KBytes  5.33 Mbits/sec  0.496 ms  0/460 (0%)  
[  6]   3.00-4.00   sec   489 KBytes  4.00 Mbits/sec  0.495 ms  0/346 (0%)  
[  6]   4.00-5.00   sec   489 KBytes  4.01 Mbits/sec  0.502 ms  0/346 (0%)  
[  6]   5.00-6.00   sec   485 KBytes  3.98 Mbits/sec  0.011 ms  68459/68802 (1e+02%)  
[  6]   6.00-7.00   sec   645 KBytes  5.28 Mbits/sec  0.042 ms  154537/154993 (1e+02%)  
[  6]   7.00-8.00   sec   645 KBytes  5.28 Mbits/sec  0.024 ms  36883/37339 (99%)  
[  6]   8.00-9.00   sec   645 KBytes  5.29 Mbits/sec  0.021 ms  38537/38993 (99%)  
[  6]   9.00-10.00  sec   568 KBytes  4.66 Mbits/sec  0.017 ms  37976/38378 (99%)  
[  6]  10.00-11.00  sec   472 KBytes  3.87 Mbits/sec  1.914 ms  27635/27969 (99%)  
[  6]  11.00-12.00  sec   571 KBytes  4.68 Mbits/sec  0.011 ms  31209/31613 (99%)  
[  6]  12.00-13.00  sec   645 KBytes  5.28 Mbits/sec  0.014 ms  37600/38056 (99%)  
[  6]  13.00-14.00  sec   970 KBytes  7.95 Mbits/sec  0.481 ms  36221/36907 (98%)  
[  6]  14.00-15.00  sec   494 KBytes  4.04 Mbits/sec  0.498 ms  0/349 (0%)  
[  6]  15.00-16.00  sec   481 KBytes  3.94 Mbits/sec  0.052 ms  79420/79760 (1e+02%)  
[  6]  16.00-17.00  sec   486 KBytes  3.98 Mbits/sec  0.033 ms  20875/21219 (98%)  
[  6]  17.00-18.00  sec   645 KBytes  5.28 Mbits/sec  0.005 ms  37786/38242 (99%)  
[  6]  18.00-19.00  sec   645 KBytes  5.29 Mbits/sec  0.025 ms  38435/38891 (99%)  
[  6]  19.00-20.00  sec   645 KBytes  5.28 Mbits/sec  0.017 ms  37312/37768 (99%)  
[  6]  20.00-21.00  sec   645 KBytes  5.28 Mbits/sec  0.010 ms  38077/38533 (99%)  
[  6]  21.00-22.00  sec   645 KBytes  5.28 Mbits/sec  0.026 ms  37176/37632 (99%)  
[  6]  22.00-23.00  sec   641 KBytes  5.25 Mbits/sec  0.022 ms  37689/38142 (99%)  
[  6]  23.00-24.00  sec   445 KBytes  3.65 Mbits/sec  0.259 ms  35454/35769 (99%)  
[  6]  24.00-25.00  sec   526 KBytes  4.31 Mbits/sec  0.026 ms  21204/21576 (98%)  
[  6]  25.00-26.00  sec   645 KBytes  5.28 Mbits/sec  0.025 ms  38332/38788 (99%)  
[  6]  26.00-27.00  sec   645 KBytes  5.28 Mbits/sec  0.016 ms  37088/37544 (99%)  
[  6]  27.00-28.00  sec   655 KBytes  5.37 Mbits/sec  0.500 ms  0/463 (0%)  
[  6]  28.00-29.00  sec   830 KBytes  6.80 Mbits/sec  10.052 ms  0/587 (0%)  
[  6]  29.00-30.00  sec   973 KBytes  7.97 Mbits/sec  14.408 ms  0/688 (0%)  
[  6]  30.00-30.10  sec   157 KBytes  13.3 Mbits/sec  0.482 ms  0/111 (0%)  
- - - - - - - - - - - - - - - - - - - - - - - - -
[ ID] Interval           Transfer     Bitrate         Jitter    Lost/Total Datagrams
[SUM]  0.0-30.1 sec  1 datagrams received out-of-order
[  6]   0.00-30.10  sec  18.5 MBytes  5.15 Mbits/sec  0.482 ms  927905/941297 (99%)  receiver
