-----------------------------------------------------------
Server listening on 11016 (test #1)
-----------------------------------------------------------
Accepted connection from 10.0.0.11, port 41790
[  6] local 10.0.0.16 port 11016 connected to 10.0.0.11 port 47726
[ ID] Interval           Transfer     Bitrate         Jitter    Lost/Total Datagrams
[  6]   0.00-1.00   sec  59.4 KBytes   486 Kbits/sec  16.039 ms  0/42 (0%)  
[  6]   1.00-2.00   sec  89.1 KBytes   730 Kbits/sec  16.059 ms  0/63 (0%)  
[  6]   2.00-3.00   sec  84.8 KBytes   695 Kbits/sec  14.075 ms  0/60 (0%)  
[  6]   3.00-4.00   sec  63.6 KBytes   521 Kbits/sec  8.371 ms  16/61 (26%)  
[  6]   4.00-5.00   sec  33.9 KBytes   278 Kbits/sec  4.608 ms  38/62 (61%)  
[  6]   5.00-6.00   sec  39.6 KBytes   324 Kbits/sec  4.345 ms  38/66 (58%)  
[  6]   6.00-7.00   sec  35.4 KBytes   290 Kbits/sec  4.287 ms  39/64 (61%)  
[  6]   7.00-8.00   sec  31.1 KBytes   255 Kbits/sec  3.164 ms  37/59 (63%)  
[  6]   8.00-9.00   sec  35.4 KBytes   290 Kbits/sec  3.549 ms  46/71 (65%)  
[  6]   9.00-10.00  sec  35.4 KBytes   290 Kbits/sec  3.134 ms  30/55 (55%)  
[  6]  10.00-11.00  sec  38.2 KBytes   313 Kbits/sec  2.795 ms  45/72 (62%)  
[  6]  11.00-12.00  sec  70.7 KBytes   579 Kbits/sec  13.357 ms  29/79 (37%)  
[  6]  12.00-13.00  sec  73.5 KBytes   602 Kbits/sec  14.260 ms  0/52 (0%)  
[  6]  13.00-14.00  sec  35.4 KBytes   290 Kbits/sec  5.732 ms  33/58 (57%)  
[  6]  14.00-15.00  sec  36.8 KBytes   301 Kbits/sec  3.050 ms  28/54 (52%)  
[  6]  15.00-16.00  sec  31.1 KBytes   255 Kbits/sec  3.072 ms  47/69 (68%)  
[  6]  16.00-17.00  sec  38.2 KBytes   313 Kbits/sec  2.354 ms  41/68 (60%)  
[  6]  17.00-18.00  sec  31.1 KBytes   255 Kbits/sec  2.839 ms  47/69 (68%)  
[  6]  18.00-19.00  sec  31.1 KBytes   255 Kbits/sec  3.415 ms  44/66 (67%)  
[  6]  19.00-20.00  sec  26.9 KBytes   220 Kbits/sec  3.907 ms  45/64 (70%)  
[  6]  20.00-21.00  sec  31.1 KBytes   255 Kbits/sec  2.581 ms  43/65 (66%)  
[  6]  21.00-22.00  sec  29.7 KBytes   243 Kbits/sec  2.784 ms  32/53 (60%)  
[  6]  22.00-23.00  sec  31.1 KBytes   255 Kbits/sec  2.837 ms  38/60 (63%)  
[  6]  23.00-24.00  sec  31.1 KBytes   255 Kbits/sec  2.377 ms  56/78 (72%)  
[  6]  24.00-25.00  sec  56.6 KBytes   463 Kbits/sec  11.268 ms  29/69 (42%)  
[  6]  25.00-26.00  sec   110 KBytes   904 Kbits/sec  13.414 ms  0/78 (0%)  
[  6]  26.00-27.00  sec  89.1 KBytes   730 Kbits/sec  15.641 ms  0/63 (0%)  
[  6]  27.00-28.00  sec  91.9 KBytes   752 Kbits/sec  17.833 ms  0/65 (0%)  
[  6]  28.00-29.00  sec   103 KBytes   846 Kbits/sec  16.801 ms  0/73 (0%)  
[  6]  29.00-30.00  sec  87.7 KBytes   718 Kbits/sec  17.743 ms  0/62 (0%)  
- - - - - - - - - - - - - - - - - - - - - - - - -
[ ID] Interval           Transfer     Bitrate         Jitter    Lost/Total Datagrams
[  6]   0.00-30.02  sec  1.55 MBytes   432 Kbits/sec  17.743 ms  801/1920 (42%)  receiver
