-----------------------------------------------------------
Server listening on 11017 (test #1)
-----------------------------------------------------------
Accepted connection from 10.0.0.11, port 55014
[  6] local 10.0.0.17 port 11017 connected to 10.0.0.11 port 59785
[ ID] Interval           Transfer     Bitrate         Jitter    Lost/Total Datagrams
[  6]   0.00-1.00   sec   506 KBytes  4.14 Mbits/sec  15.881 ms  0/358 (0%)  
[  6]   1.00-2.00   sec   532 KBytes  4.36 Mbits/sec  2.985 ms  0/376 (0%)  
[  6]   2.00-3.00   sec   426 KBytes  3.49 Mbits/sec  0.573 ms  0/301 (0%)  
[  6]   3.00-4.00   sec   485 KBytes  3.98 Mbits/sec  0.055 ms  35272/35615 (99%)  
[  6]   4.00-5.00   sec   645 KBytes  5.28 Mbits/sec  0.147 ms  11492/11948 (96%)  
[  6]   5.00-6.00   sec   645 KBytes  5.28 Mbits/sec  0.567 ms  12583/13039 (97%)  
[  6]   6.00-7.00   sec   580 KBytes  4.75 Mbits/sec  0.352 ms  11161/11571 (96%)  
[  6]   7.00-8.00   sec   411 KBytes  3.37 Mbits/sec  16.922 ms  7096/7387 (96%)  
[  6]   8.00-9.00   sec   621 KBytes  5.08 Mbits/sec  0.410 ms  12196/12635 (97%)  
[  6]   9.00-10.00  sec   645 KBytes  5.28 Mbits/sec  0.299 ms  11916/12372 (96%)  
[  6]  10.00-11.00  sec   578 KBytes  4.74 Mbits/sec  0.149 ms  11890/12299 (97%)  
[  6]  11.00-12.00  sec   502 KBytes  4.11 Mbits/sec  0.551 ms  6097/6452 (94%)  
[  6]  12.00-13.00  sec   513 KBytes  4.20 Mbits/sec  0.126 ms  16509/16872 (98%)  
[  6]  13.00-14.00  sec   467 KBytes  3.82 Mbits/sec  7.928 ms  11004/11334 (97%)  
[  6]  14.00-15.00  sec   601 KBytes  4.92 Mbits/sec  0.345 ms  7170/7595 (94%)  
[  6]  15.00-16.00  sec   645 KBytes  5.28 Mbits/sec  0.111 ms  11126/11582 (96%)  
[  6]  16.00-17.00  sec   645 KBytes  5.28 Mbits/sec  0.130 ms  11610/12066 (96%)  
[  6]  17.00-18.00  sec   645 KBytes  5.28 Mbits/sec  0.149 ms  11723/12179 (96%)  
[  6]  18.00-19.00  sec   645 KBytes  5.29 Mbits/sec  0.211 ms  11665/12121 (96%)  
[  6]  19.00-20.00  sec   645 KBytes  5.28 Mbits/sec  0.249 ms  11567/12023 (96%)  
[  6]  20.00-21.00  sec   513 KBytes  4.21 Mbits/sec  0.149 ms  10993/11356 (97%)  
[  6]  21.00-22.00  sec   471 KBytes  3.86 Mbits/sec  26.748 ms  6236/6569 (95%)  
[  6]  22.00-23.00  sec   628 KBytes  5.14 Mbits/sec  0.116 ms  11545/11989 (96%)  
[  6]  23.00-24.00  sec   645 KBytes  5.28 Mbits/sec  0.043 ms  11594/12050 (96%)  
[  6]  24.00-25.00  sec   649 KBytes  5.32 Mbits/sec  0.504 ms  5770/6229 (93%)  
[  6]  25.00-26.00  sec   655 KBytes  5.36 Mbits/sec  0.503 ms  0/463 (0%)  
[  6]  26.00-27.00  sec   981 KBytes  8.05 Mbits/sec  0.487 ms  0/694 (0%)  
[  6]  27.00-28.00  sec  1.06 MBytes  8.93 Mbits/sec  0.573 ms  0/771 (0%)  
[  6]  28.00-29.00  sec  2.02 MBytes  17.0 Mbits/sec  0.922 ms  0/1466 (0%)  
[  6]  29.00-30.00  sec  2.17 MBytes  18.2 Mbits/sec  0.480 ms  0/1571 (0%)  
- - - - - - - - - - - - - - - - - - - - - - - - -
[ ID] Interval           Transfer     Bitrate         Jitter    Lost/Total Datagrams
[  6]   0.00-30.00  sec  20.8 MBytes  5.82 Mbits/sec  0.480 ms  258215/273283 (94%)  receiver
