-----------------------------------------------------------
Server listening on 11015 (test #1)
-----------------------------------------------------------
Accepted connection from 10.0.0.11, port 35866
[  6] local 10.0.0.15 port 11015 connected to 10.0.0.11 port 53062
[ ID] Interval           Transfer     Bitrate         Jitter    Lost/Total Datagrams
[  6]   0.00-1.00   sec  53.7 KBytes   440 Kbits/sec  18.484 ms  0/38 (0%)  
[  6]   1.00-2.00   sec  63.6 KBytes   522 Kbits/sec  20.517 ms  0/45 (0%)  
[  6]   2.00-3.00   sec  67.9 KBytes   556 Kbits/sec  19.341 ms  0/48 (0%)  
[  6]   3.00-4.00   sec  63.6 KBytes   522 Kbits/sec  16.803 ms  0/45 (0%)  
[  6]   4.00-5.00   sec  28.3 KBytes   232 Kbits/sec  9.786 ms  27/47 (57%)  
[  6]   5.00-6.00   sec  28.3 KBytes   232 Kbits/sec  6.077 ms  31/51 (61%)  
[  6]   6.00-7.00   sec  22.6 KBytes   185 Kbits/sec  4.802 ms  34/50 (68%)  
[  6]   7.00-8.00   sec  29.7 KBytes   243 Kbits/sec  4.633 ms  26/47 (55%)  
[  6]   8.00-9.00   sec  28.3 KBytes   232 Kbits/sec  3.507 ms  22/42 (52%)  
[  6]   9.00-10.00  sec  29.7 KBytes   243 Kbits/sec  2.944 ms  34/55 (62%)  
[  6]  10.00-11.00  sec  32.5 KBytes   266 Kbits/sec  2.993 ms  31/54 (57%)  
[  6]  11.00-12.00  sec  38.2 KBytes   313 Kbits/sec  193.573 ms  41/68 (60%)  
[  6]  12.00-13.00  sec  62.2 KBytes   510 Kbits/sec  66.365 ms  -9/35 (-26%)  
[  6]  13.00-14.00  sec  46.7 KBytes   382 Kbits/sec  19.680 ms  1/34 (2.9%)  
[  6]  14.00-15.00  sec  19.8 KBytes   162 Kbits/sec  11.014 ms  37/51 (73%)  
[  6]  15.00-16.00  sec  26.9 KBytes   220 Kbits/sec  6.582 ms  35/54 (65%)  
[  6]  16.00-17.00  sec  26.9 KBytes   220 Kbits/sec  4.608 ms  34/53 (64%)  
[  6]  17.00-18.00  sec  22.6 KBytes   185 Kbits/sec  4.002 ms  35/51 (69%)  
[  6]  18.00-19.00  sec  21.2 KBytes   174 Kbits/sec  3.642 ms  35/50 (70%)  
[  6]  19.00-20.00  sec  24.0 KBytes   197 Kbits/sec  4.862 ms  32/49 (65%)  
[  6]  20.00-21.00  sec  24.0 KBytes   197 Kbits/sec  4.677 ms  33/50 (66%)  
[  6]  21.00-22.00  sec  26.9 KBytes   220 Kbits/sec  4.320 ms  21/40 (52%)  
[  6]  22.00-23.00  sec  21.2 KBytes   174 Kbits/sec  4.605 ms  34/49 (69%)  
[  6]  23.00-24.00  sec  28.3 KBytes   232 Kbits/sec  3.265 ms  39/59 (66%)  
[  6]  24.00-25.00  sec  22.6 KBytes   185 Kbits/sec  4.493 ms  30/46 (65%)  
[  6]  25.00-26.00  sec  66.5 KBytes   545 Kbits/sec  15.131 ms  12/59 (20%)  
[  6]  26.00-27.00  sec  82.0 KBytes   672 Kbits/sec  18.669 ms  0/58 (0%)  
[  6]  27.00-28.00  sec  69.3 KBytes   567 Kbits/sec  20.539 ms  0/49 (0%)  
[  6]  28.00-29.00  sec  76.4 KBytes   626 Kbits/sec  18.582 ms  0/54 (0%)  
[  6]  29.00-30.00  sec  70.7 KBytes   579 Kbits/sec  20.024 ms  0/50 (0%)  
[  6]  30.00-30.10  sec  7.07 KBytes   566 Kbits/sec  21.400 ms  0/5 (0%)  
- - - - - - - - - - - - - - - - - - - - - - - - -
[ ID] Interval           Transfer     Bitrate         Jitter    Lost/Total Datagrams
[SUM]  0.0-30.1 sec  14 datagrams received out-of-order
[  6]   0.00-30.10  sec  1.20 MBytes   335 Kbits/sec  21.400 ms  615/1486 (41%)  receiver
