-----------------------------------------------------------
Server listening on 11019 (test #1)
-----------------------------------------------------------
Accepted connection from 10.0.0.11, port 34522
[  6] local 10.0.0.19 port 11019 connected to 10.0.0.11 port 52208
[ ID] Interval           Transfer     Bitrate         Jitter    Lost/Total Datagrams
[  6]   0.00-1.00   sec  52.3 KBytes   428 Kbits/sec  16.214 ms  0/37 (0%)  
[  6]   1.00-2.00   sec  72.1 KBytes   591 Kbits/sec  15.298 ms  0/51 (0%)  
[  6]   2.00-3.00   sec  35.4 KBytes   290 Kbits/sec  11.102 ms  30/55 (55%)  
[  6]   3.00-4.00   sec  29.7 KBytes   243 Kbits/sec  9.172 ms  31/52 (60%)  
[  6]   4.00-5.00   sec  32.5 KBytes   266 Kbits/sec  5.170 ms  36/59 (61%)  
[  6]   5.00-6.00   sec  32.5 KBytes   267 Kbits/sec  3.829 ms  25/48 (52%)  
[  6]   6.00-7.00   sec  32.5 KBytes   266 Kbits/sec  3.387 ms  39/62 (63%)  
[  6]   7.00-8.00   sec  28.3 KBytes   232 Kbits/sec  2.887 ms  39/59 (66%)  
[  6]   8.00-9.00   sec  25.5 KBytes   208 Kbits/sec  4.992 ms  38/56 (68%)  
[  6]   9.00-10.00  sec  69.3 KBytes   568 Kbits/sec  139.345 ms  38/87 (44%)  
[  6]  10.00-11.00  sec  56.6 KBytes   463 Kbits/sec  34.090 ms  -1/39 (-2.6%)  
[  6]  11.00-12.00  sec  55.1 KBytes   452 Kbits/sec  14.127 ms  1/40 (2.5%)  
[  6]  12.00-13.00  sec  31.1 KBytes   255 Kbits/sec  6.183 ms  36/58 (62%)  
[  6]  13.00-14.00  sec  26.9 KBytes   220 Kbits/sec  4.316 ms  42/61 (69%)  
[  6]  14.00-15.00  sec  24.0 KBytes   197 Kbits/sec  4.196 ms  40/57 (70%)  
[  6]  15.00-16.00  sec  28.3 KBytes   231 Kbits/sec  4.196 ms  37/57 (65%)  
[  6]  16.00-17.00  sec  22.6 KBytes   186 Kbits/sec  3.653 ms  41/57 (72%)  
[  6]  17.00-18.00  sec  26.9 KBytes   220 Kbits/sec  3.560 ms  25/44 (57%)  
[  6]  18.00-19.00  sec  28.3 KBytes   232 Kbits/sec  2.729 ms  42/62 (68%)  
[  6]  19.00-20.00  sec  25.5 KBytes   209 Kbits/sec  3.250 ms  37/55 (67%)  
[  6]  20.00-21.00  sec  29.7 KBytes   243 Kbits/sec  3.410 ms  43/64 (67%)  
[  6]  21.00-22.00  sec  25.5 KBytes   208 Kbits/sec  3.047 ms  38/56 (68%)  
[  6]  22.00-23.00  sec  29.7 KBytes   243 Kbits/sec  3.661 ms  36/57 (63%)  
[  6]  23.00-24.00  sec  72.1 KBytes   591 Kbits/sec  14.822 ms  11/62 (18%)  
[  6]  24.00-25.00  sec  93.3 KBytes   764 Kbits/sec  17.493 ms  0/66 (0%)  
[  6]  25.00-26.00  sec  80.6 KBytes   660 Kbits/sec  17.269 ms  0/57 (0%)  
[  6]  26.00-27.00  sec  87.7 KBytes   718 Kbits/sec  16.369 ms  0/62 (0%)  
[  6]  27.00-28.00  sec  80.6 KBytes   661 Kbits/sec  18.492 ms  0/57 (0%)  
[  6]  28.00-29.00  sec  80.6 KBytes   660 Kbits/sec  20.271 ms  0/57 (0%)  
[  6]  29.00-30.00  sec  87.7 KBytes   718 Kbits/sec  0.531 ms  0/62 (0%)  
- - - - - - - - - - - - - - - - - - - - - - - - -
[ ID] Interval           Transfer     Bitrate         Jitter    Lost/Total Datagrams
[SUM]  0.0-30.0 sec  8 datagrams received out-of-order
[  6]   0.00-30.00  sec  1.37 MBytes   383 Kbits/sec  0.531 ms  704/1696 (42%)  receiver
