-----------------------------------------------------------
Server listening on 11013 (test #1)
-----------------------------------------------------------
Accepted connection from 10.0.0.11, port 50830
[  6] local 10.0.0.13 port 11013 connected to 10.0.0.11 port 47367
[ ID] Interval           Transfer     Bitrate         Jitter    Lost/Total Datagrams
[  6]   0.00-1.00   sec  84.8 KBytes   694 Kbits/sec  13.898 ms  0/60 (0%)  
[  6]   1.00-2.00   sec   117 KBytes   962 Kbits/sec  14.803 ms  0/83 (0%)  
[  6]   2.00-3.00   sec   106 KBytes   869 Kbits/sec  14.459 ms  0/75 (0%)  
[  6]   3.00-4.00   sec   112 KBytes   916 Kbits/sec  14.463 ms  0/79 (0%)  
[  6]   4.00-5.00   sec   110 KBytes   903 Kbits/sec  11.023 ms  0/78 (0%)  
[  6]   5.00-6.00   sec  46.7 KBytes   382 Kbits/sec  5.157 ms  37/70 (53%)  
[  6]   6.00-7.00   sec  42.4 KBytes   348 Kbits/sec  5.037 ms  58/88 (66%)  
[  6]   7.00-8.00   sec  39.6 KBytes   324 Kbits/sec  5.889 ms  55/83 (66%)  
[  6]   8.00-9.00   sec  35.4 KBytes   290 Kbits/sec  4.983 ms  50/75 (67%)  
[  6]   9.00-10.00  sec  52.3 KBytes   429 Kbits/sec  4.345 ms  52/89 (58%)  
[  6]  10.00-11.00  sec  46.7 KBytes   383 Kbits/sec  3.716 ms  38/71 (54%)  
[  6]  11.00-12.00  sec  48.1 KBytes   394 Kbits/sec  4.973 ms  57/91 (63%)  
[  6]  12.00-13.00  sec  55.1 KBytes   452 Kbits/sec  161.350 ms  81/120 (68%)  
[  6]  13.00-14.00  sec   100 KBytes   822 Kbits/sec  21.722 ms  -17/54 (-31%)  
[  6]  14.00-15.00  sec  70.7 KBytes   579 Kbits/sec  7.004 ms  3/53 (5.7%)  
[  6]  15.00-16.00  sec  50.9 KBytes   417 Kbits/sec  2.487 ms  48/84 (57%)  
[  6]  16.00-17.00  sec  43.8 KBytes   359 Kbits/sec  2.223 ms  69/100 (69%)  
[  6]  17.00-18.00  sec  39.6 KBytes   324 Kbits/sec  1.862 ms  56/84 (67%)  
[  6]  18.00-19.00  sec  42.4 KBytes   347 Kbits/sec  2.402 ms  50/80 (62%)  
[  6]  19.00-20.00  sec  41.0 KBytes   336 Kbits/sec  2.332 ms  55/84 (65%)  
[  6]  20.00-21.00  sec  35.4 KBytes   290 Kbits/sec  3.432 ms  55/80 (69%)  
[  6]  21.00-22.00  sec  36.8 KBytes   301 Kbits/sec  2.920 ms  59/85 (69%)  
[  6]  22.00-23.00  sec  31.1 KBytes   255 Kbits/sec  2.219 ms  53/75 (71%)  
[  6]  23.00-24.00  sec  49.5 KBytes   405 Kbits/sec  2.128 ms  49/84 (58%)  
[  6]  24.00-25.00  sec  42.4 KBytes   348 Kbits/sec  1.891 ms  54/84 (64%)  
[  6]  25.00-26.00  sec  48.1 KBytes   394 Kbits/sec  1.875 ms  50/84 (60%)  
[  6]  26.00-27.00  sec   120 KBytes   984 Kbits/sec  10.375 ms  11/96 (11%)  
[  6]  27.00-28.00  sec   127 KBytes  1.04 Mbits/sec  12.068 ms  0/90 (0%)  
[  6]  28.00-29.00  sec   117 KBytes   961 Kbits/sec  12.423 ms  0/83 (0%)  
[  6]  29.00-30.00  sec   129 KBytes  1.05 Mbits/sec  12.209 ms  0/91 (0%)  
- - - - - - - - - - - - - - - - - - - - - - - - -
[ ID] Interval           Transfer     Bitrate         Jitter    Lost/Total Datagrams
[SUM]  0.0-30.0 sec  23 datagrams received out-of-order
[  6]   0.00-30.00  sec  1.97 MBytes   552 Kbits/sec  12.209 ms  1023/2453 (42%)  receiver
