-----------------------------------------------------------
Server listening on 11018 (test #1)
-----------------------------------------------------------
Accepted connection from 10.0.0.11, port 51226
[  6] local 10.0.0.18 port 11018 connected to 10.0.0.11 port 40340
[ ID] Interval           Transfer     Bitrate         Jitter    Lost/Total Datagrams
[  6]   0.00-1.00   sec  8.48 KBytes  69.4 Kbits/sec  7.300 ms  0/6 (0%)  
[  6]   1.00-2.00   sec  12.7 KBytes   104 Kbits/sec  14.849 ms  0/9 (0%)  
[  6]   2.00-3.00   sec  9.90 KBytes  81.1 Kbits/sec  14.289 ms  0/7 (0%)  
[  6]   3.00-4.00   sec  2.83 KBytes  23.2 Kbits/sec  14.462 ms  6/8 (75%)  
[  6]   4.00-5.00   sec  4.24 KBytes  34.7 Kbits/sec  13.320 ms  4/7 (57%)  
[  6]   5.00-6.00   sec  4.24 KBytes  34.8 Kbits/sec  11.349 ms  8/11 (73%)  
[  6]   6.00-7.00   sec  7.07 KBytes  57.9 Kbits/sec  10.357 ms  4/9 (44%)  
[  6]   7.00-8.00   sec  5.66 KBytes  46.3 Kbits/sec  8.916 ms  6/10 (60%)  
[  6]   8.00-9.00   sec  2.83 KBytes  23.2 Kbits/sec  7.962 ms  3/5 (60%)  
[  6]   9.00-10.00  sec  7.07 KBytes  57.9 Kbits/sec  8.841 ms  7/12 (58%)  
[  6]  10.00-11.00  sec  9.90 KBytes  81.1 Kbits/sec  64.076 ms  5/12 (42%)  
[  6]  11.00-12.00  sec  12.7 KBytes   104 Kbits/sec  88.171 ms  -2/7 (-29%)  
[  6]  12.00-13.00  sec  5.66 KBytes  46.3 Kbits/sec  73.484 ms  3/7 (43%)  
[  6]  13.00-14.00  sec  7.07 KBytes  58.0 Kbits/sec  54.271 ms  5/10 (50%)  
[  6]  14.00-15.00  sec  2.83 KBytes  23.2 Kbits/sec  48.117 ms  6/8 (75%)  
[  6]  15.00-16.00  sec  4.24 KBytes  34.8 Kbits/sec  40.061 ms  3/6 (50%)  
[  6]  16.00-17.00  sec  5.66 KBytes  46.3 Kbits/sec  31.071 ms  5/9 (56%)  
[  6]  17.00-18.00  sec  4.24 KBytes  34.7 Kbits/sec  27.408 ms  7/10 (70%)  
[  6]  18.00-19.00  sec  5.66 KBytes  46.3 Kbits/sec  22.722 ms  6/10 (60%)  
[  6]  19.00-20.00  sec  2.83 KBytes  23.2 Kbits/sec  20.015 ms  6/8 (75%)  
[  6]  20.00-21.00  sec  4.24 KBytes  34.8 Kbits/sec  17.100 ms  7/10 (70%)  
[  6]  21.00-22.00  sec  4.24 KBytes  34.8 Kbits/sec  14.312 ms  6/9 (67%)  
[  6]  22.00-23.00  sec  4.24 KBytes  34.7 Kbits/sec  13.567 ms  6/9 (67%)  
[  6]  23.00-24.00  sec  5.66 KBytes  46.3 Kbits/sec  14.647 ms  5/9 (56%)  
[  6]  24.00-25.00  sec  14.1 KBytes   116 Kbits/sec  15.490 ms  0/10 (0%)  
[  6]  25.00-26.00  sec  14.1 KBytes   116 Kbits/sec  17.954 ms  0/10 (0%)  
[  6]  26.00-27.00  sec  11.3 KBytes  92.7 Kbits/sec  20.126 ms  0/8 (0%)  
[  6]  27.00-28.00  sec  14.1 KBytes   116 Kbits/sec  22.982 ms  0/10 (0%)  
[  6]  28.00-29.00  sec  12.7 KBytes   104 Kbits/sec  24.987 ms  0/9 (0%)  
[  6]  29.00-30.00  sec  14.1 KBytes   116 Kbits/sec  22.931 ms  0/10 (0%)  
- - - - - - - - - - - - - - - - - - - - - - - - -
[ ID] Interval           Transfer     Bitrate         Jitter    Lost/Total Datagrams
[SUM]  0.0-30.0 sec  3 datagrams received out-of-order
[  6]   0.00-30.00  sec   225 KBytes  61.4 Kbits/sec  22.931 ms  106/265 (40%)  receiver
