-----------------------------------------------------------
Server listening on 11002 (test #1)
-----------------------------------------------------------
Accepted connection from 10.0.0.11, port 36194
[  6] local 10.0.0.2 port 11002 connected to 10.0.0.11 port 50778
[ ID] Interval           Transfer     Bitrate         Jitter    Lost/Total Datagrams
[  6]   0.00-1.00   sec  2.76 MBytes  23.1 Mbits/sec  0.538 ms  0/1996 (0%)  
[  6]   1.00-2.00   sec  1.40 MBytes  11.8 Mbits/sec  0.515 ms  0/1017 (0%)  
[  6]   2.00-3.00   sec  1.14 MBytes  9.60 Mbits/sec  0.482 ms  0/829 (0%)  
[  6]   3.00-4.00   sec  1.11 MBytes  9.33 Mbits/sec  0.382 ms  0/805 (0%)  
[  6]   4.00-5.00   sec   732 KBytes  6.01 Mbits/sec  1.177 ms  0/518 (0%)  
[  6]   5.00-6.00   sec   731 KBytes  5.99 Mbits/sec  0.451 ms  0/517 (0%)  
[  6]   6.00-7.00   sec   492 KBytes  4.03 Mbits/sec  35.638 ms  0/348 (0%)  
[  6]   7.00-8.00   sec   546 KBytes  4.47 Mbits/sec  3.112 ms  0/386 (0%)  
[  6]   8.00-9.00   sec   428 KBytes  3.51 Mbits/sec  0.515 ms  0/303 (0%)  
[  6]   9.00-10.00  sec   485 KBytes  3.97 Mbits/sec  0.073 ms  115327/115670 (1e+02%)  
[  6]  10.00-11.00  sec   645 KBytes  5.28 Mbits/sec  0.125 ms  22893/23349 (98%)  
[  6]  11.00-12.00  sec   645 KBytes  5.28 Mbits/sec  0.233 ms  14528/14984 (97%)  
[  6]  12.00-13.00  sec   645 KBytes  5.28 Mbits/sec  0.234 ms  15031/15487 (97%)  
[  6]  13.00-14.00  sec   645 KBytes  5.28 Mbits/sec  0.219 ms  15160/15616 (97%)  
[  6]  14.00-15.00  sec   471 KBytes  3.86 Mbits/sec  0.317 ms  14455/14788 (98%)  
[  6]  15.00-16.00  sec   496 KBytes  4.07 Mbits/sec  0.257 ms  8333/8684 (96%)  
[  6]  16.00-17.00  sec   645 KBytes  5.28 Mbits/sec  0.145 ms  15257/15713 (97%)  
[  6]  17.00-18.00  sec   485 KBytes  3.97 Mbits/sec  0.566 ms  7838/8181 (96%)  
[  6]  18.00-19.00  sec   489 KBytes  4.01 Mbits/sec  0.498 ms  0/346 (0%)  
[  6]  19.00-20.00  sec   645 KBytes  5.28 Mbits/sec  0.025 ms  37688/38144 (99%)  
[  6]  20.00-21.00  sec   571 KBytes  4.68 Mbits/sec  0.032 ms  14423/14827 (97%)  
[  6]  21.00-22.00  sec   461 KBytes  3.78 Mbits/sec  2.993 ms  13931/14257 (98%)  
[  6]  22.00-23.00  sec   580 KBytes  4.75 Mbits/sec  0.031 ms  8574/8984 (95%)  
[  6]  23.00-24.00  sec   645 KBytes  5.28 Mbits/sec  0.019 ms  14720/15176 (97%)  
[  6]  24.00-25.00  sec   645 KBytes  5.28 Mbits/sec  0.024 ms  14814/15270 (97%)  
[  6]  25.00-26.00  sec   645 KBytes  5.28 Mbits/sec  0.024 ms  14686/15142 (97%)  
[  6]  26.00-27.00  sec   645 KBytes  5.29 Mbits/sec  0.020 ms  14800/15256 (97%)  
[  6]  27.00-28.00  sec   645 KBytes  5.28 Mbits/sec  0.028 ms  14739/15195 (97%)  
[  6]  28.00-29.00  sec   547 KBytes  4.48 Mbits/sec  0.024 ms  14352/14739 (97%)  
[  6]  29.00-30.00  sec   450 KBytes  3.68 Mbits/sec  15.044 ms  13938/14256 (98%)  
[  6]  30.00-30.00  sec  2.83 KBytes  18.6 Mbits/sec  13.223 ms  12/14 (86%)  
- - - - - - - - - - - - - - - - - - - - - - - - -
[ ID] Interval           Transfer     Bitrate         Jitter    Lost/Total Datagrams
[  6]   0.00-30.00  sec  21.1 MBytes  5.91 Mbits/sec  13.223 ms  405499/420797 (96%)  receiver
