-----------------------------------------------------------
Server listening on 11022 (test #1)
-----------------------------------------------------------
Accepted connection from 10.0.0.11, port 38708
[  6] local 10.0.0.22 port 11022 connected to 10.0.0.11 port 55837
[ ID] Interval           Transfer     Bitrate         Jitter    Lost/Total Datagrams
[  6]   0.00-1.00   sec   106 KBytes   869 Kbits/sec  5.299 ms  10/85 (12%)  
[  6]   1.00-2.00   sec  82.0 KBytes   672 Kbits/sec  1.515 ms  119/177 (67%)  
[  6]   2.00-3.00   sec  86.3 KBytes   706 Kbits/sec  1.069 ms  110/171 (64%)  
[  6]   3.00-4.00   sec   107 KBytes   881 Kbits/sec  2.057 ms  96/172 (56%)  
[  6]   4.00-5.00   sec  99.0 KBytes   810 Kbits/sec  1.359 ms  106/176 (60%)  
[  6]   5.00-6.00   sec  82.0 KBytes   672 Kbits/sec  2.046 ms  114/172 (66%)  
[  6]   6.00-7.00   sec  90.5 KBytes   741 Kbits/sec  2.586 ms  111/175 (63%)  
[  6]   7.00-8.00   sec   107 KBytes   880 Kbits/sec  2.046 ms  93/169 (55%)  
[  6]   8.00-9.00   sec   146 KBytes  1.19 Mbits/sec  211.944 ms  133/236 (56%)  
[  6]   9.00-10.00  sec   215 KBytes  1.76 Mbits/sec  5.366 ms  -31/121 (-26%)  
[  6]  10.00-11.00  sec   134 KBytes  1.10 Mbits/sec  1.989 ms  66/161 (41%)  
[  6]  11.00-12.00  sec  83.4 KBytes   683 Kbits/sec  1.621 ms  114/173 (66%)  
[  6]  12.00-13.00  sec  86.3 KBytes   706 Kbits/sec  1.801 ms  112/173 (65%)  
[  6]  13.00-14.00  sec  84.8 KBytes   695 Kbits/sec  0.778 ms  111/171 (65%)  
[  6]  14.00-15.00  sec  96.2 KBytes   788 Kbits/sec  1.094 ms  99/167 (59%)  
[  6]  15.00-16.00  sec  96.2 KBytes   788 Kbits/sec  1.097 ms  100/168 (60%)  
[  6]  16.00-17.00  sec  89.1 KBytes   730 Kbits/sec  1.376 ms  110/173 (64%)  
[  6]  17.00-18.00  sec  94.7 KBytes   776 Kbits/sec  1.358 ms  112/179 (63%)  
[  6]  18.00-19.00  sec  87.7 KBytes   718 Kbits/sec  1.182 ms  114/176 (65%)  
[  6]  19.00-20.00  sec  76.4 KBytes   626 Kbits/sec  1.793 ms  117/171 (68%)  
[  6]  20.00-21.00  sec  84.8 KBytes   695 Kbits/sec  1.430 ms  116/176 (66%)  
[  6]  21.00-22.00  sec   113 KBytes   927 Kbits/sec  2.486 ms  103/183 (56%)  
[  6]  22.00-23.00  sec   279 KBytes  2.28 Mbits/sec  4.281 ms  0/197 (0%)  
[  6]  23.00-24.00  sec   260 KBytes  2.13 Mbits/sec  6.768 ms  0/184 (0%)  
[  6]  24.00-25.00  sec   243 KBytes  1.99 Mbits/sec  7.038 ms  0/172 (0%)  
[  6]  25.00-26.00  sec   262 KBytes  2.14 Mbits/sec  8.721 ms  0/185 (0%)  
[  6]  26.00-27.00  sec   256 KBytes  2.10 Mbits/sec  6.647 ms  0/181 (0%)  
[  6]  27.00-28.00  sec   262 KBytes  2.14 Mbits/sec  0.156 ms  0/185 (0%)  
[  6]  28.00-29.00  sec   243 KBytes  1.99 Mbits/sec  0.014 ms  0/172 (0%)  
[  6]  29.00-30.00  sec   245 KBytes  2.00 Mbits/sec  0.013 ms  0/173 (0%)  
[  6]  30.00-30.11  sec  0.00 Bytes  0.00 bits/sec  0.013 ms  0/0 (0%)  
- - - - - - - - - - - - - - - - - - - - - - - - -
[ ID] Interval           Transfer     Bitrate         Jitter    Lost/Total Datagrams
[SUM]  0.0-30.1 sec  48 datagrams received out-of-order
[  6]   0.00-30.11  sec  4.20 MBytes  1.17 Mbits/sec  0.013 ms  2135/5174 (41%)  receiver
