-----------------------------------------------------------
Server listening on 11021 (test #1)
-----------------------------------------------------------
Accepted connection from 10.0.0.11, port 49884
[  6] local 10.0.0.21 port 11021 connected to 10.0.0.11 port 38331
[ ID] Interval           Transfer     Bitrate         Jitter    Lost/Total Datagrams
[  6]   0.00-1.00   sec  59.4 KBytes   486 Kbits/sec  11.146 ms  0/42 (0%)  
[  6]   1.00-2.00   sec  43.8 KBytes   359 Kbits/sec  8.107 ms  38/69 (55%)  
[  6]   2.00-3.00   sec  31.1 KBytes   255 Kbits/sec  5.866 ms  43/65 (66%)  
[  6]   3.00-4.00   sec  42.4 KBytes   347 Kbits/sec  4.711 ms  48/78 (62%)  
[  6]   4.00-5.00   sec  42.4 KBytes   347 Kbits/sec  4.237 ms  37/67 (55%)  
[  6]   5.00-6.00   sec  42.4 KBytes   348 Kbits/sec  4.317 ms  44/74 (59%)  
[  6]   6.00-7.00   sec  36.8 KBytes   301 Kbits/sec  3.502 ms  49/75 (65%)  
[  6]   7.00-8.00   sec  31.1 KBytes   255 Kbits/sec  5.400 ms  49/71 (69%)  
[  6]   8.00-9.00   sec  38.2 KBytes   313 Kbits/sec  8.895 ms  42/69 (61%)  
[  6]   9.00-10.00  sec  99.0 KBytes   811 Kbits/sec  13.735 ms  19/89 (21%)  
[  6]  10.00-11.00  sec  72.1 KBytes   591 Kbits/sec  10.433 ms  3/54 (5.6%)  
[  6]  11.00-12.00  sec  42.4 KBytes   347 Kbits/sec  3.683 ms  45/75 (60%)  
[  6]  12.00-13.00  sec  35.4 KBytes   290 Kbits/sec  2.860 ms  49/74 (66%)  
[  6]  13.00-14.00  sec  35.4 KBytes   290 Kbits/sec  3.161 ms  49/74 (66%)  
[  6]  14.00-15.00  sec  36.8 KBytes   301 Kbits/sec  3.334 ms  47/73 (64%)  
[  6]  15.00-16.00  sec  39.6 KBytes   325 Kbits/sec  1.953 ms  43/71 (61%)  
[  6]  16.00-17.00  sec  38.2 KBytes   313 Kbits/sec  2.388 ms  38/65 (58%)  
[  6]  17.00-18.00  sec  33.9 KBytes   278 Kbits/sec  2.586 ms  43/67 (64%)  
[  6]  18.00-19.00  sec  39.6 KBytes   325 Kbits/sec  2.391 ms  50/78 (64%)  
[  6]  19.00-20.00  sec  39.6 KBytes   324 Kbits/sec  2.732 ms  48/76 (63%)  
[  6]  20.00-21.00  sec  33.9 KBytes   278 Kbits/sec  2.005 ms  52/76 (68%)  
[  6]  21.00-22.00  sec  29.7 KBytes   243 Kbits/sec  3.370 ms  51/72 (71%)  
[  6]  22.00-23.00  sec  93.3 KBytes   765 Kbits/sec  10.915 ms  14/80 (18%)  
[  6]  23.00-24.00  sec   119 KBytes   973 Kbits/sec  12.910 ms  0/84 (0%)  
[  6]  24.00-25.00  sec   105 KBytes   858 Kbits/sec  13.863 ms  0/74 (0%)  
[  6]  25.00-26.00  sec   109 KBytes   891 Kbits/sec  13.561 ms  0/77 (0%)  
[  6]  26.00-27.00  sec   102 KBytes   834 Kbits/sec  16.305 ms  0/72 (0%)  
[  6]  27.00-28.00  sec   103 KBytes   846 Kbits/sec  16.088 ms  0/73 (0%)  
[  6]  28.00-29.00  sec   112 KBytes   915 Kbits/sec  0.197 ms  0/79 (0%)  
[  6]  29.00-30.00  sec   102 KBytes   834 Kbits/sec  0.011 ms  0/72 (0%)  
- - - - - - - - - - - - - - - - - - - - - - - - -
[ ID] Interval           Transfer     Bitrate         Jitter    Lost/Total Datagrams
[  6]   0.00-30.00  sec  1.75 MBytes   488 Kbits/sec  0.011 ms  901/2165 (42%)  receiver
