-----------------------------------------------------------
Server listening on 11003 (test #1)
-----------------------------------------------------------
Accepted connection from 10.0.0.11, port 48206
[  6] local 10.0.0.3 port 11003 connected to 10.0.0.11 port 43825
[ ID] Interval           Transfer     Bitrate         Jitter    Lost/Total Datagrams
[  6]   0.00-1.00   sec   291 KBytes  2.39 Mbits/sec  3.605 ms  0/206 (0%)  
[  6]   1.00-2.00   sec   335 KBytes  2.74 Mbits/sec  5.153 ms  0/237 (0%)  
[  6]   2.00-3.00   sec   328 KBytes  2.69 Mbits/sec  6.593 ms  0/232 (0%)  
[  6]   3.00-4.00   sec   310 KBytes  2.54 Mbits/sec  4.869 ms  0/219 (0%)  
[  6]   4.00-5.00   sec   344 KBytes  2.82 Mbits/sec  4.631 ms  0/243 (0%)  
[  6]   5.00-6.00   sec   281 KBytes  2.30 Mbits/sec  6.064 ms  0/199 (0%)  
[  6]   6.00-7.00   sec   354 KBytes  2.90 Mbits/sec  4.806 ms  0/250 (0%)  
[  6]   7.00-8.00   sec   315 KBytes  2.59 Mbits/sec  3.664 ms  0/223 (0%)  
[  6]   8.00-9.00   sec   267 KBytes  2.19 Mbits/sec  5.160 ms  22/211 (10%)  
[  6]   9.00-10.00  sec   117 KBytes   961 Kbits/sec  1.115 ms  165/248 (67%)  
[  6]  10.00-11.00  sec   134 KBytes  1.10 Mbits/sec  1.200 ms  146/241 (61%)  
[  6]  11.00-12.00  sec   129 KBytes  1.05 Mbits/sec  1.726 ms  129/220 (59%)  
[  6]  12.00-13.00  sec   150 KBytes  1.23 Mbits/sec  1.093 ms  138/244 (57%)  
[  6]  13.00-14.00  sec   130 KBytes  1.06 Mbits/sec  0.669 ms  155/247 (63%)  
[  6]  14.00-15.00  sec   120 KBytes   985 Kbits/sec  2.266 ms  153/238 (64%)  
[  6]  15.00-16.00  sec   133 KBytes  1.09 Mbits/sec  1.624 ms  132/226 (58%)  
[  6]  16.00-17.00  sec   315 KBytes  2.58 Mbits/sec  35.909 ms  103/326 (32%)  
[  6]  17.00-18.00  sec   263 KBytes  2.16 Mbits/sec  2.483 ms  0/186 (0%)  
[  6]  18.00-19.00  sec   180 KBytes  1.47 Mbits/sec  1.078 ms  86/213 (40%)  
[  6]  19.00-20.00  sec   117 KBytes   962 Kbits/sec  0.963 ms  156/239 (65%)  
[  6]  20.00-21.00  sec   105 KBytes   857 Kbits/sec  1.909 ms  164/238 (69%)  
[  6]  21.00-22.00  sec   103 KBytes   846 Kbits/sec  0.922 ms  166/239 (69%)  
[  6]  22.00-23.00  sec   123 KBytes  1.01 Mbits/sec  0.636 ms  148/235 (63%)  
[  6]  23.00-24.00  sec   132 KBytes  1.08 Mbits/sec  0.762 ms  139/232 (60%)  
[  6]  24.00-25.00  sec   124 KBytes  1.02 Mbits/sec  0.967 ms  144/232 (62%)  
[  6]  25.00-26.00  sec   127 KBytes  1.04 Mbits/sec  0.882 ms  159/249 (64%)  
[  6]  26.00-27.00  sec   123 KBytes  1.01 Mbits/sec  0.817 ms  153/240 (64%)  
[  6]  27.00-28.00  sec   107 KBytes   881 Kbits/sec  1.036 ms  163/239 (68%)  
[  6]  28.00-29.00  sec   106 KBytes   869 Kbits/sec  2.045 ms  163/238 (68%)  
[  6]  29.00-30.00  sec   164 KBytes  1.34 Mbits/sec  1.913 ms  132/248 (53%)  
- - - - - - - - - - - - - - - - - - - - - - - - -
[ ID] Interval           Transfer     Bitrate         Jitter    Lost/Total Datagrams
[SUM]  0.0-30.0 sec  40 datagrams received out-of-order
[  6]   0.00-30.00  sec  5.69 MBytes  1.59 Mbits/sec  1.913 ms  2916/7038 (41%)  receiver
