-----------------------------------------------------------
Server listening on 11004 (test #1)
-----------------------------------------------------------
Accepted connection from 10.0.0.11, port 51336
[  6] local 10.0.0.4 port 11004 connected to 10.0.0.11 port 42663
[ ID] Interval           Transfer     Bitrate         Jitter    Lost/Total Datagrams
[  6]   0.00-1.00   sec  1.27 MBytes  10.6 Mbits/sec  0.490 ms  0/920 (0%)  
[  6]   1.00-2.00   sec  1.12 MBytes  9.43 Mbits/sec  0.485 ms  0/813 (0%)  
[  6]   2.00-3.00   sec  1.11 MBytes  9.32 Mbits/sec  0.487 ms  0/805 (0%)  
[  6]   3.00-4.00   sec   745 KBytes  6.10 Mbits/sec  0.827 ms  0/527 (0%)  
[  6]   4.00-5.00   sec   718 KBytes  5.88 Mbits/sec  0.492 ms  0/508 (0%)  
[  6]   5.00-6.00   sec   488 KBytes  4.00 Mbits/sec  0.505 ms  0/345 (0%)  
[  6]   6.00-7.00   sec   527 KBytes  4.32 Mbits/sec  7.759 ms  0/373 (0%)  
[  6]   7.00-8.00   sec   454 KBytes  3.72 Mbits/sec  0.498 ms  0/321 (0%)  
[  6]   8.00-9.00   sec   485 KBytes  3.97 Mbits/sec  0.273 ms  6962/7305 (95%)  
[  6]   9.00-10.00  sec   542 KBytes  4.44 Mbits/sec  0.277 ms  722/1105 (65%)  
[  6]  10.00-11.00  sec   621 KBytes  5.09 Mbits/sec  0.242 ms  1095/1534 (71%)  
[  6]  11.00-12.00  sec   645 KBytes  5.28 Mbits/sec  0.232 ms  1089/1545 (70%)  
[  6]  12.00-13.00  sec   560 KBytes  4.58 Mbits/sec  0.241 ms  1068/1464 (73%)  
[  6]  13.00-14.00  sec   471 KBytes  3.86 Mbits/sec  3.132 ms  1070/1403 (76%)  
[  6]  14.00-15.00  sec   581 KBytes  4.76 Mbits/sec  0.308 ms  560/971 (58%)  
[  6]  15.00-16.00  sec   645 KBytes  5.28 Mbits/sec  0.249 ms  1099/1555 (71%)  
[  6]  16.00-17.00  sec  1.11 MBytes  9.33 Mbits/sec  0.486 ms  649/1454 (45%)  
[  6]  17.00-18.00  sec   643 KBytes  5.28 Mbits/sec  0.253 ms  1174/1629 (72%)  
[  6]  18.00-19.00  sec   513 KBytes  4.20 Mbits/sec  0.267 ms  1040/1403 (74%)  
[  6]  19.00-20.00  sec   529 KBytes  4.33 Mbits/sec  2.431 ms  824/1198 (69%)  
[  6]  20.00-21.00  sec   574 KBytes  4.71 Mbits/sec  0.312 ms  745/1151 (65%)  
[  6]  21.00-22.00  sec   645 KBytes  5.28 Mbits/sec  0.246 ms  1046/1502 (70%)  
[  6]  22.00-23.00  sec   645 KBytes  5.28 Mbits/sec  0.300 ms  1045/1501 (70%)  
[  6]  23.00-24.00  sec   645 KBytes  5.28 Mbits/sec  0.286 ms  1037/1493 (69%)  
[  6]  24.00-25.00  sec   645 KBytes  5.29 Mbits/sec  0.255 ms  1038/1494 (69%)  
[  6]  25.00-26.00  sec   617 KBytes  5.05 Mbits/sec  0.264 ms  1043/1479 (71%)  
[  6]  26.00-27.00  sec   527 KBytes  4.32 Mbits/sec  0.299 ms  1029/1402 (73%)  
[  6]  27.00-28.00  sec   525 KBytes  4.29 Mbits/sec  4.286 ms  1031/1402 (74%)  
[  6]  28.00-29.00  sec   588 KBytes  4.82 Mbits/sec  0.273 ms  557/973 (57%)  
[  6]  29.00-30.00  sec   652 KBytes  5.34 Mbits/sec  0.496 ms  506/967 (52%)  
- - - - - - - - - - - - - - - - - - - - - - - - -
[ ID] Interval           Transfer     Bitrate         Jitter    Lost/Total Datagrams
[SUM]  0.0-30.0 sec  113 datagrams received out-of-order
[  6]   0.00-30.00  sec  19.5 MBytes  5.45 Mbits/sec  0.496 ms  26429/40542 (65%)  receiver
