-----------------------------------------------------------
Server listening on 11007 (test #1)
-----------------------------------------------------------
Accepted connection from 10.0.0.11, port 32880
[  6] local 10.0.0.7 port 11007 connected to 10.0.0.11 port 56843
[ ID] Interval           Transfer     Bitrate         Jitter    Lost/Total Datagrams
[  6]   0.00-1.00   sec  18.4 KBytes   151 Kbits/sec  0.259 ms  0/13 (0%)  
[  6]   1.00-2.00   sec  19.8 KBytes   162 Kbits/sec  8.645 ms  0/14 (0%)  
[  6]   2.00-3.00   sec  21.2 KBytes   174 Kbits/sec  8.575 ms  0/15 (0%)  
[  6]   3.00-4.00   sec  17.0 KBytes   139 Kbits/sec  9.650 ms  0/12 (0%)  
[  6]   4.00-5.00   sec  22.6 KBytes   185 Kbits/sec  15.946 ms  0/16 (0%)  
[  6]   5.00-6.00   sec  19.8 KBytes   162 Kbits/sec  18.352 ms  0/14 (0%)  
[  6]   6.00-7.00   sec  18.4 KBytes   151 Kbits/sec  20.861 ms  1/14 (7.1%)  
[  6]   7.00-8.00   sec  5.66 KBytes  46.3 Kbits/sec  17.221 ms  7/11 (64%)  
[  6]   8.00-9.00   sec  12.7 KBytes   104 Kbits/sec  10.442 ms  8/17 (47%)  
[  6]   9.00-10.00  sec  9.90 KBytes  81.2 Kbits/sec  8.343 ms  7/14 (50%)  
[  6]  10.00-11.00  sec  8.48 KBytes  69.4 Kbits/sec  6.732 ms  11/17 (65%)  
[  6]  11.00-12.00  sec  5.66 KBytes  46.3 Kbits/sec  5.831 ms  5/9 (56%)  
[  6]  12.00-13.00  sec  9.90 KBytes  81.1 Kbits/sec  4.913 ms  13/20 (65%)  
[  6]  13.00-14.00  sec  5.66 KBytes  46.4 Kbits/sec  4.936 ms  9/13 (69%)  
[  6]  14.00-15.00  sec  15.6 KBytes   127 Kbits/sec  159.460 ms  12/23 (52%)  
[  6]  15.00-16.00  sec  14.1 KBytes   116 Kbits/sec  102.156 ms  0/10 (0%)  
[  6]  16.00-17.00  sec  12.7 KBytes   104 Kbits/sec  67.283 ms  5/14 (36%)  
[  6]  17.00-18.00  sec  9.90 KBytes  81.2 Kbits/sec  43.623 ms  8/15 (53%)  
[  6]  18.00-19.00  sec  5.66 KBytes  46.3 Kbits/sec  34.817 ms  11/15 (73%)  
[  6]  19.00-20.00  sec  4.24 KBytes  34.8 Kbits/sec  30.453 ms  6/9 (67%)  
[  6]  20.00-21.00  sec  5.66 KBytes  46.3 Kbits/sec  24.564 ms  14/18 (78%)  
[  6]  21.00-22.00  sec  5.66 KBytes  46.4 Kbits/sec  21.608 ms  10/14 (71%)  
[  6]  22.00-23.00  sec  5.66 KBytes  46.3 Kbits/sec  17.675 ms  14/18 (78%)  
[  6]  23.00-24.00  sec  8.48 KBytes  69.5 Kbits/sec  12.050 ms  10/16 (62%)  
[  6]  24.00-25.00  sec  9.90 KBytes  81.2 Kbits/sec  7.740 ms  8/15 (53%)  
[  6]  25.00-26.00  sec  5.66 KBytes  46.3 Kbits/sec  6.173 ms  5/9 (56%)  
[  6]  26.00-27.00  sec  8.48 KBytes  69.5 Kbits/sec  4.803 ms  14/20 (70%)  
[  6]  27.00-28.00  sec  8.48 KBytes  69.6 Kbits/sec  5.641 ms  10/16 (62%)  
[  6]  28.00-29.00  sec  24.0 KBytes   197 Kbits/sec  19.396 ms  0/17 (0%)  
[  6]  29.00-30.00  sec  22.6 KBytes   185 Kbits/sec  21.463 ms  0/16 (0%)  
- - - - - - - - - - - - - - - - - - - - - - - - -
[ ID] Interval           Transfer     Bitrate         Jitter    Lost/Total Datagrams
[SUM]  0.0-30.0 sec  3 datagrams received out-of-order
[  6]   0.00-30.00  sec   362 KBytes  98.8 Kbits/sec  21.463 ms  188/444 (42%)  receiver
