-----------------------------------------------------------
Server listening on 11009 (test #1)
-----------------------------------------------------------
Accepted connection from 10.0.0.11, port 60596
[  6] local 10.0.0.9 port 11009 connected to 10.0.0.11 port 48317
[ ID] Interval           Transfer     Bitrate         Jitter    Lost/Total Datagrams
[  6]   0.00-1.00   sec  42.4 KBytes   347 Kbits/sec  21.253 ms  0/30 (0%)  
[  6]   1.00-2.00   sec  60.8 KBytes   498 Kbits/sec  23.118 ms  0/43 (0%)  
[  6]   2.00-3.00   sec  49.5 KBytes   406 Kbits/sec  22.276 ms  0/35 (0%)  
[  6]   3.00-4.00   sec  63.6 KBytes   521 Kbits/sec  22.585 ms  0/45 (0%)  
[  6]   4.00-5.00   sec  55.1 KBytes   452 Kbits/sec  22.491 ms  0/39 (0%)  
[  6]   5.00-6.00   sec  50.9 KBytes   417 Kbits/sec  20.145 ms  2/38 (5.3%)  
[  6]   6.00-7.00   sec  15.6 KBytes   128 Kbits/sec  12.908 ms  27/38 (71%)  
[  6]   7.00-8.00   sec  24.0 KBytes   197 Kbits/sec  7.800 ms  27/44 (61%)  
[  6]   8.00-9.00   sec  22.6 KBytes   185 Kbits/sec  5.677 ms  26/42 (62%)  
[  6]   9.00-10.00  sec  25.5 KBytes   209 Kbits/sec  3.123 ms  27/45 (60%)  
[  6]  10.00-11.00  sec  18.4 KBytes   151 Kbits/sec  2.264 ms  28/41 (68%)  
[  6]  11.00-12.00  sec  21.2 KBytes   174 Kbits/sec  2.470 ms  24/39 (62%)  
[  6]  12.00-13.00  sec  24.0 KBytes   197 Kbits/sec  3.729 ms  30/47 (64%)  
[  6]  13.00-14.00  sec  31.1 KBytes   255 Kbits/sec  5.359 ms  21/43 (49%)  
[  6]  14.00-15.00  sec  56.6 KBytes   463 Kbits/sec  26.232 ms  2/42 (4.8%)  
[  6]  15.00-16.00  sec  38.2 KBytes   313 Kbits/sec  13.617 ms  14/41 (34%)  
[  6]  16.00-17.00  sec  19.8 KBytes   162 Kbits/sec  8.170 ms  28/42 (67%)  
[  6]  17.00-18.00  sec  17.0 KBytes   139 Kbits/sec  5.785 ms  30/42 (71%)  
[  6]  18.00-19.00  sec  22.6 KBytes   185 Kbits/sec  4.265 ms  22/38 (58%)  
[  6]  19.00-20.00  sec  19.8 KBytes   162 Kbits/sec  3.816 ms  23/37 (62%)  
[  6]  20.00-21.00  sec  24.0 KBytes   197 Kbits/sec  3.248 ms  30/47 (64%)  
[  6]  21.00-22.00  sec  19.8 KBytes   162 Kbits/sec  4.104 ms  29/43 (67%)  
[  6]  22.00-23.00  sec  21.2 KBytes   174 Kbits/sec  3.806 ms  30/45 (67%)  
[  6]  23.00-24.00  sec  18.4 KBytes   151 Kbits/sec  4.350 ms  29/42 (69%)  
[  6]  24.00-25.00  sec  21.2 KBytes   174 Kbits/sec  4.869 ms  27/42 (64%)  
[  6]  25.00-26.00  sec  24.0 KBytes   197 Kbits/sec  2.721 ms  26/43 (60%)  
[  6]  26.00-27.00  sec  24.0 KBytes   197 Kbits/sec  6.064 ms  27/44 (61%)  
[  6]  27.00-28.00  sec  66.5 KBytes   544 Kbits/sec  18.568 ms  0/47 (0%)  
[  6]  28.00-29.00  sec  65.0 KBytes   533 Kbits/sec  20.616 ms  0/46 (0%)  
[  6]  29.00-30.00  sec  59.4 KBytes   487 Kbits/sec  21.774 ms  0/42 (0%)  
[  6]  30.00-30.05  sec  5.66 KBytes   853 Kbits/sec  21.668 ms  0/4 (0%)  
- - - - - - - - - - - - - - - - - - - - - - - - -
[ ID] Interval           Transfer     Bitrate         Jitter    Lost/Total Datagrams
[SUM]  0.0-30.1 sec  8 datagrams received out-of-order
[  6]   0.00-30.05  sec  1.00 MBytes   280 Kbits/sec  21.668 ms  529/1256 (42%)  receiver
