-----------------------------------------------------------
Server listening on 12018 (test #1)
-----------------------------------------------------------
Accepted connection from 10.0.0.12, port 45478
[  6] local 10.0.0.18 port 12018 connected to 10.0.0.12 port 53055
[ ID] Interval           Transfer     Bitrate         Jitter    Lost/Total Datagrams
[  6]   0.00-1.00   sec  53.7 KBytes   440 Kbits/sec  7.187 ms  0/38 (0%)  
[  6]   1.00-2.00   sec  48.1 KBytes   393 Kbits/sec  3.982 ms  5/39 (13%)  
[  6]   2.00-3.00   sec  33.9 KBytes   278 Kbits/sec  0.927 ms  13/37 (35%)  
[  6]   3.00-4.00   sec  38.2 KBytes   313 Kbits/sec  0.319 ms  16/43 (37%)  
[  6]   4.00-5.00   sec  32.5 KBytes   266 Kbits/sec  0.249 ms  18/41 (44%)  
[  6]   5.00-6.00   sec  25.5 KBytes   209 Kbits/sec  0.138 ms  20/38 (53%)  
[  6]   6.00-7.00   sec  28.3 KBytes   231 Kbits/sec  3.042 ms  22/42 (52%)  
[  6]   7.00-8.00   sec  8.48 KBytes  69.6 Kbits/sec  4.234 ms  29/35 (83%)  
[  6]   8.00-9.00   sec  8.48 KBytes  69.5 Kbits/sec  4.658 ms  32/38 (84%)  
[  6]   9.00-10.00  sec  9.90 KBytes  81.1 Kbits/sec  7.614 ms  42/49 (86%)  
[  6]  10.00-11.00  sec  14.1 KBytes   116 Kbits/sec  6.694 ms  30/40 (75%)  
[  6]  11.00-12.00  sec  14.1 KBytes   116 Kbits/sec  9.023 ms  30/40 (75%)  
[  6]  12.00-13.00  sec  15.6 KBytes   127 Kbits/sec  8.121 ms  24/35 (69%)  
[  6]  13.00-14.00  sec  2.83 KBytes  23.2 Kbits/sec  10.237 ms  38/40 (95%)  
[  6]  14.00-15.00  sec  8.48 KBytes  69.5 Kbits/sec  11.351 ms  38/44 (86%)  
[  6]  15.00-16.00  sec  17.0 KBytes   139 Kbits/sec  11.269 ms  19/31 (61%)  
[  6]  16.00-17.00  sec  8.48 KBytes  69.5 Kbits/sec  10.473 ms  47/53 (89%)  
[  6]  17.00-18.00  sec  8.48 KBytes  69.5 Kbits/sec  11.318 ms  31/37 (84%)  
[  6]  18.00-19.00  sec  52.3 KBytes   429 Kbits/sec  6.938 ms  6/43 (14%)  
[  6]  19.00-20.00  sec  46.7 KBytes   382 Kbits/sec  5.972 ms  7/40 (18%)  
[  6]  20.00-21.00  sec  53.7 KBytes   440 Kbits/sec  6.607 ms  2/40 (5%)  
[  6]  21.00-22.00  sec  52.3 KBytes   429 Kbits/sec  7.965 ms  5/42 (12%)  
[  6]  22.00-23.00  sec  55.1 KBytes   452 Kbits/sec  6.537 ms  1/40 (2.5%)  
[  6]  23.00-24.00  sec  58.0 KBytes   474 Kbits/sec  5.719 ms  0/41 (0%)  
[  6]  24.00-25.00  sec  65.0 KBytes   533 Kbits/sec  6.711 ms  0/46 (0%)  
[  6]  25.00-26.00  sec  49.5 KBytes   405 Kbits/sec  11.710 ms  0/35 (0%)  
[  6]  26.00-27.00  sec  55.1 KBytes   452 Kbits/sec  15.710 ms  0/39 (0%)  
[  6]  27.00-28.00  sec  58.0 KBytes   475 Kbits/sec  13.426 ms  0/41 (0%)  
[  6]  28.00-29.00  sec  59.4 KBytes   486 Kbits/sec  11.940 ms  0/42 (0%)  
[  6]  29.00-30.00  sec  55.1 KBytes   452 Kbits/sec  13.808 ms  0/39 (0%)  
[  6]  30.00-30.15  sec  8.48 KBytes   462 Kbits/sec  14.311 ms  0/6 (0%)  
- - - - - - - - - - - - - - - - - - - - - - - - -
[ ID] Interval           Transfer     Bitrate         Jitter    Lost/Total Datagrams
[  6]   0.00-30.15  sec  1.02 MBytes   284 Kbits/sec  14.311 ms  475/1214 (39%)  receiver
