-----------------------------------------------------------
Server listening on 12013 (test #1)
-----------------------------------------------------------
Accepted connection from 10.0.0.12, port 35092
[  6] local 10.0.0.13 port 12013 connected to 10.0.0.12 port 43495
[ ID] Interval           Transfer     Bitrate         Jitter    Lost/Total Datagrams
[  6]   0.00-1.00   sec  1.13 MBytes  9.49 Mbits/sec  1.158 ms  0/820 (0%)  
[  6]   1.00-2.00   sec  1.17 MBytes  9.80 Mbits/sec  1.322 ms  0/846 (0%)  
[  6]   2.00-3.00   sec  1.18 MBytes  9.94 Mbits/sec  1.600 ms  0/858 (0%)  
[  6]   3.00-4.00   sec  1.04 MBytes  8.69 Mbits/sec  0.208 ms  86/836 (10%)  
[  6]   4.00-5.00   sec   810 KBytes  6.64 Mbits/sec  0.110 ms  294/867 (34%)  
[  6]   5.00-6.00   sec   834 KBytes  6.83 Mbits/sec  0.083 ms  276/866 (32%)  
[  6]   6.00-7.00   sec   806 KBytes  6.61 Mbits/sec  0.106 ms  295/865 (34%)  
[  6]   7.00-8.00   sec   734 KBytes  6.01 Mbits/sec  0.041 ms  339/858 (40%)  
[  6]   8.00-9.00   sec   513 KBytes  4.21 Mbits/sec  0.041 ms  508/871 (58%)  
[  6]   9.00-10.00  sec   313 KBytes  2.56 Mbits/sec  0.038 ms  643/864 (74%)  
[  6]  10.00-11.00  sec   253 KBytes  2.07 Mbits/sec  0.025 ms  680/859 (79%)  
[  6]  11.00-12.00  sec   257 KBytes  2.11 Mbits/sec  0.033 ms  691/873 (79%)  
[  6]  12.00-13.00  sec   301 KBytes  2.47 Mbits/sec  0.078 ms  656/869 (75%)  
[  6]  13.00-14.00  sec   437 KBytes  3.58 Mbits/sec  0.032 ms  555/864 (64%)  
[  6]  14.00-15.00  sec   386 KBytes  3.16 Mbits/sec  0.023 ms  580/853 (68%)  
[  6]  15.00-16.00  sec   140 KBytes  1.15 Mbits/sec  0.033 ms  779/878 (89%)  
[  6]  16.00-17.00  sec   189 KBytes  1.55 Mbits/sec  0.031 ms  734/868 (85%)  
[  6]  17.00-18.00  sec   482 KBytes  3.95 Mbits/sec  0.044 ms  524/865 (61%)  
[  6]  18.00-19.00  sec   252 KBytes  2.06 Mbits/sec  0.022 ms  688/866 (79%)  
[  6]  19.00-20.00  sec   284 KBytes  2.33 Mbits/sec  0.032 ms  665/866 (77%)  
[  6]  20.00-21.00  sec   629 KBytes  5.16 Mbits/sec  5.045 ms  16/461 (3.5%)  
[  6]  21.00-22.00  sec   308 KBytes  2.53 Mbits/sec  1.969 ms  238/456 (52%)  
[  6]  22.00-23.00  sec   349 KBytes  2.86 Mbits/sec  0.911 ms  152/399 (38%)  
[  6]  23.00-24.00  sec   372 KBytes  3.05 Mbits/sec  2.794 ms  118/381 (31%)  
[  6]  24.00-25.00  sec   303 KBytes  2.48 Mbits/sec  0.774 ms  97/311 (31%)  
[  6]  25.00-26.00  sec   571 KBytes  4.68 Mbits/sec  0.518 ms  60/464 (13%)  
[  6]  26.00-27.00  sec   489 KBytes  4.01 Mbits/sec  0.496 ms  0/346 (0%)  
[  6]  27.00-28.00  sec   652 KBytes  5.35 Mbits/sec  0.491 ms  0/461 (0%)  
[  6]  28.00-29.00  sec   860 KBytes  7.04 Mbits/sec  3.165 ms  0/608 (0%)  
[  6]  29.00-30.00  sec   935 KBytes  7.66 Mbits/sec  0.484 ms  0/661 (0%)  
- - - - - - - - - - - - - - - - - - - - - - - - -
[ ID] Interval           Transfer     Bitrate         Jitter    Lost/Total Datagrams
[  6]   0.00-30.00  sec  16.7 MBytes  4.67 Mbits/sec  0.484 ms  9674/21760 (44%)  receiver
