-----------------------------------------------------------
Server listening on 12011 (test #1)
-----------------------------------------------------------
Accepted connection from 10.0.0.12, port 59076
[  6] local 10.0.0.11 port 12011 connected to 10.0.0.12 port 37771
[ ID] Interval           Transfer     Bitrate         Jitter    Lost/Total Datagrams
[  6]   0.00-1.00   sec   109 KBytes   892 Kbits/sec  0.205 ms  44/121 (36%)  
[  6]   1.00-2.00   sec   274 KBytes  2.25 Mbits/sec  0.063 ms  106/300 (35%)  
[  6]   2.00-3.00   sec   267 KBytes  2.19 Mbits/sec  0.144 ms  109/298 (37%)  
[  6]   3.00-4.00   sec   255 KBytes  2.09 Mbits/sec  0.102 ms  120/300 (40%)  
[  6]   4.00-5.00   sec   236 KBytes  1.93 Mbits/sec  0.022 ms  132/299 (44%)  
[  6]   5.00-6.00   sec   161 KBytes  1.32 Mbits/sec  0.818 ms  182/296 (61%)  
[  6]   6.00-7.00   sec  96.2 KBytes   787 Kbits/sec  2.839 ms  234/302 (77%)  
[  6]   7.00-8.00   sec  89.1 KBytes   730 Kbits/sec  3.038 ms  233/296 (79%)  
[  6]   8.00-9.00   sec  89.1 KBytes   729 Kbits/sec  2.711 ms  240/303 (79%)  
[  6]   9.00-10.00  sec   120 KBytes   986 Kbits/sec  0.973 ms  204/289 (71%)  
[  6]  10.00-11.00  sec   139 KBytes  1.13 Mbits/sec  1.804 ms  205/303 (68%)  
[  6]  11.00-12.00  sec   107 KBytes   880 Kbits/sec  5.121 ms  223/299 (75%)  
[  6]  12.00-13.00  sec  55.1 KBytes   452 Kbits/sec  10.489 ms  257/296 (87%)  
[  6]  13.00-14.00  sec  83.4 KBytes   683 Kbits/sec  3.519 ms  250/309 (81%)  
[  6]  14.00-15.00  sec   168 KBytes  1.38 Mbits/sec  3.125 ms  175/294 (60%)  
[  6]  15.00-16.00  sec  70.7 KBytes   579 Kbits/sec  3.508 ms  240/290 (83%)  
[  6]  16.00-17.00  sec   116 KBytes   950 Kbits/sec  1.344 ms  220/302 (73%)  
[  6]  17.00-18.00  sec   468 KBytes  3.83 Mbits/sec  3.000 ms  0/331 (0%)  
[  6]  18.00-19.00  sec   430 KBytes  3.52 Mbits/sec  2.600 ms  0/304 (0%)  
[  6]  19.00-20.00  sec   420 KBytes  3.44 Mbits/sec  3.384 ms  0/297 (0%)  
[  6]  20.00-21.00  sec   421 KBytes  3.45 Mbits/sec  3.641 ms  0/298 (0%)  
[  6]  21.00-22.00  sec   424 KBytes  3.48 Mbits/sec  3.064 ms  0/300 (0%)  
[  6]  22.00-23.00  sec   440 KBytes  3.60 Mbits/sec  2.285 ms  0/311 (0%)  
[  6]  23.00-24.00  sec   424 KBytes  3.48 Mbits/sec  1.905 ms  0/300 (0%)  
[  6]  24.00-25.00  sec   424 KBytes  3.47 Mbits/sec  1.013 ms  0/300 (0%)  
[  6]  25.00-26.00  sec   423 KBytes  3.46 Mbits/sec  1.440 ms  0/299 (0%)  
[  6]  26.00-27.00  sec   423 KBytes  3.46 Mbits/sec  0.250 ms  0/299 (0%)  
[  6]  27.00-28.00  sec   423 KBytes  3.46 Mbits/sec  1.350 ms  0/299 (0%)  
[  6]  28.00-29.00  sec   423 KBytes  3.46 Mbits/sec  1.418 ms  0/299 (0%)  
[  6]  29.00-30.00  sec   387 KBytes  3.17 Mbits/sec  0.828 ms  0/274 (0%)  
[  6]  30.00-30.48  sec   238 KBytes  4.09 Mbits/sec  0.232 ms  0/168 (0%)  
- - - - - - - - - - - - - - - - - - - - - - - - -
[ ID] Interval           Transfer     Bitrate         Jitter    Lost/Total Datagrams
[SUM]  0.0-30.5 sec  39 datagrams received out-of-order
[  6]   0.00-30.48  sec  8.01 MBytes  2.21 Mbits/sec  0.232 ms  3174/8976 (35%)  receiver
