-----------------------------------------------------------
Server listening on 12016 (test #1)
-----------------------------------------------------------
Accepted connection from 10.0.0.12, port 54762
[  6] local 10.0.0.16 port 12016 connected to 10.0.0.12 port 42377
[ ID] Interval           Transfer     Bitrate         Jitter    Lost/Total Datagrams
[  6]   0.00-1.00   sec   878 KBytes  7.19 Mbits/sec  1.794 ms  0/621 (0%)  
[  6]   1.00-2.00   sec   946 KBytes  7.75 Mbits/sec  1.360 ms  0/669 (0%)  
[  6]   2.00-3.00   sec   769 KBytes  6.30 Mbits/sec  0.101 ms  111/655 (17%)  
[  6]   3.00-4.00   sec   619 KBytes  5.07 Mbits/sec  0.114 ms  237/675 (35%)  
[  6]   4.00-5.00   sec   625 KBytes  5.12 Mbits/sec  0.116 ms  231/673 (34%)  
[  6]   5.00-6.00   sec   622 KBytes  5.10 Mbits/sec  0.113 ms  235/675 (35%)  
[  6]   6.00-7.00   sec   516 KBytes  4.23 Mbits/sec  0.025 ms  312/677 (46%)  
[  6]   7.00-8.00   sec   379 KBytes  3.10 Mbits/sec  0.030 ms  405/673 (60%)  
[  6]   8.00-9.00   sec   226 KBytes  1.85 Mbits/sec  0.025 ms  517/677 (76%)  
[  6]   9.00-10.00  sec   230 KBytes  1.89 Mbits/sec  0.033 ms  512/675 (76%)  
[  6]  10.00-11.00  sec   228 KBytes  1.87 Mbits/sec  0.026 ms  509/670 (76%)  
[  6]  11.00-12.00  sec   288 KBytes  2.36 Mbits/sec  0.051 ms  475/679 (70%)  
[  6]  12.00-13.00  sec   335 KBytes  2.75 Mbits/sec  0.045 ms  438/675 (65%)  
[  6]  13.00-14.00  sec   216 KBytes  1.77 Mbits/sec  0.042 ms  486/639 (76%)  
[  6]  14.00-15.00  sec   123 KBytes  1.01 Mbits/sec  0.028 ms  619/706 (88%)  
[  6]  15.00-16.00  sec   209 KBytes  1.71 Mbits/sec  0.052 ms  529/677 (78%)  
[  6]  16.00-17.00  sec   301 KBytes  2.47 Mbits/sec  0.039 ms  462/675 (68%)  
[  6]  17.00-18.00  sec   219 KBytes  1.80 Mbits/sec  0.035 ms  520/675 (77%)  
[  6]  18.00-19.00  sec   380 KBytes  3.12 Mbits/sec  1.196 ms  428/697 (61%)  
[  6]  19.00-20.00  sec   810 KBytes  6.64 Mbits/sec  2.103 ms  47/620 (7.6%)  
[  6]  20.00-21.00  sec   868 KBytes  7.11 Mbits/sec  1.016 ms  73/687 (11%)  
[  6]  21.00-22.00  sec   909 KBytes  7.45 Mbits/sec  1.469 ms  36/679 (5.3%)  
[  6]  22.00-23.00  sec   867 KBytes  7.10 Mbits/sec  1.287 ms  60/673 (8.9%)  
[  6]  23.00-24.00  sec   899 KBytes  7.37 Mbits/sec  1.847 ms  30/666 (4.5%)  
[  6]  24.00-25.00  sec  1017 KBytes  8.33 Mbits/sec  1.478 ms  11/730 (1.5%)  
[  6]  25.00-26.00  sec  1.01 MBytes  8.47 Mbits/sec  0.177 ms  0/731 (0%)  
[  6]  26.00-27.00  sec   954 KBytes  7.82 Mbits/sec  0.058 ms  0/675 (0%)  
[  6]  27.00-28.00  sec   954 KBytes  7.82 Mbits/sec  0.208 ms  0/675 (0%)  
[  6]  28.00-29.00  sec   954 KBytes  7.82 Mbits/sec  0.737 ms  0/675 (0%)  
[  6]  29.00-30.00  sec   947 KBytes  7.76 Mbits/sec  0.197 ms  0/670 (0%)  
- - - - - - - - - - - - - - - - - - - - - - - - -
[ ID] Interval           Transfer     Bitrate         Jitter    Lost/Total Datagrams
[SUM]  0.0-30.0 sec  1 datagrams received out-of-order
[  6]   0.00-30.00  sec  17.9 MBytes  5.00 Mbits/sec  0.197 ms  7283/20244 (36%)  receiver
