-----------------------------------------------------------
Server listening on 12014 (test #1)
-----------------------------------------------------------
Accepted connection from 10.0.0.12, port 39794
[  6] local 10.0.0.14 port 12014 connected to 10.0.0.12 port 47770
[ ID] Interval           Transfer     Bitrate         Jitter    Lost/Total Datagrams
[  6]   0.00-1.00   sec  46.7 KBytes   382 Kbits/sec  5.315 ms  0/33 (0%)  
[  6]   1.00-2.00   sec  48.1 KBytes   394 Kbits/sec  7.296 ms  0/34 (0%)  
[  6]   2.00-3.00   sec  46.7 KBytes   383 Kbits/sec  4.861 ms  0/33 (0%)  
[  6]   3.00-4.00   sec  31.1 KBytes   255 Kbits/sec  2.525 ms  12/34 (35%)  
[  6]   4.00-5.00   sec  26.9 KBytes   220 Kbits/sec  0.976 ms  15/34 (44%)  
[  6]   5.00-6.00   sec  28.3 KBytes   232 Kbits/sec  0.322 ms  14/34 (41%)  
[  6]   6.00-7.00   sec  35.4 KBytes   290 Kbits/sec  0.169 ms  10/35 (29%)  
[  6]   7.00-8.00   sec  17.0 KBytes   139 Kbits/sec  0.111 ms  21/33 (64%)  
[  6]   8.00-9.00   sec  14.1 KBytes   116 Kbits/sec  0.099 ms  23/33 (70%)  
[  6]   9.00-10.00  sec  5.66 KBytes  46.4 Kbits/sec  0.085 ms  29/33 (88%)  
[  6]  10.00-11.00  sec  7.07 KBytes  57.9 Kbits/sec  0.077 ms  29/34 (85%)  
[  6]  11.00-12.00  sec  15.6 KBytes   127 Kbits/sec  0.056 ms  27/38 (71%)  
[  6]  12.00-13.00  sec  14.1 KBytes   116 Kbits/sec  0.059 ms  25/35 (71%)  
[  6]  13.00-14.00  sec  17.0 KBytes   139 Kbits/sec  0.042 ms  20/32 (62%)  
[  6]  14.00-15.00  sec  5.66 KBytes  46.4 Kbits/sec  0.038 ms  20/24 (83%)  
[  6]  15.00-16.00  sec  7.07 KBytes  57.9 Kbits/sec  0.033 ms  36/41 (88%)  
[  6]  16.00-17.00  sec  8.48 KBytes  69.6 Kbits/sec  0.042 ms  34/40 (85%)  
[  6]  17.00-18.00  sec  12.7 KBytes   104 Kbits/sec  0.051 ms  11/20 (55%)  
[  6]  18.00-19.00  sec  7.07 KBytes  57.9 Kbits/sec  0.051 ms  34/39 (87%)  
[  6]  19.00-20.00  sec  18.4 KBytes   151 Kbits/sec  8.327 ms  25/38 (66%)  
[  6]  20.00-21.00  sec  29.7 KBytes   243 Kbits/sec  14.809 ms  0/21 (0%)  
[  6]  21.00-22.00  sec  39.6 KBytes   325 Kbits/sec  15.598 ms  7/35 (20%)  
[  6]  22.00-23.00  sec  39.6 KBytes   324 Kbits/sec  20.559 ms  8/36 (22%)  
[  6]  23.00-24.00  sec  42.4 KBytes   347 Kbits/sec  21.140 ms  5/35 (14%)  
[  6]  24.00-25.00  sec  28.3 KBytes   232 Kbits/sec  25.366 ms  1/21 (4.8%)  
[  6]  25.00-26.00  sec  26.9 KBytes   220 Kbits/sec  29.441 ms  1/20 (5%)  
[  6]  26.00-27.00  sec  29.7 KBytes   243 Kbits/sec  29.479 ms  1/22 (4.5%)  
[  6]  27.00-28.00  sec  36.8 KBytes   301 Kbits/sec  31.241 ms  0/26 (0%)  
[  6]  28.00-29.00  sec  33.9 KBytes   278 Kbits/sec  32.121 ms  0/24 (0%)  
[  6]  29.00-30.00  sec  62.2 KBytes   509 Kbits/sec  22.679 ms  0/44 (0%)  
[  6]  30.00-31.00  sec  66.5 KBytes   545 Kbits/sec  24.051 ms  0/47 (0%)  
[  6]  31.00-31.82  sec  24.0 KBytes   240 Kbits/sec  40.984 ms  0/17 (0%)  
- - - - - - - - - - - - - - - - - - - - - - - - -
[ ID] Interval           Transfer     Bitrate         Jitter    Lost/Total Datagrams
[  6]   0.00-31.82  sec   872 KBytes   225 Kbits/sec  40.984 ms  408/1025 (40%)  receiver
