-----------------------------------------------------------
Server listening on 12017 (test #1)
-----------------------------------------------------------
Accepted connection from 10.0.0.12, port 55614
[  6] local 10.0.0.17 port 12017 connected to 10.0.0.12 port 36569
[ ID] Interval           Transfer     Bitrate         Jitter    Lost/Total Datagrams
[  6]   0.00-1.00   sec  2.09 MBytes  17.5 Mbits/sec  0.229 ms  0/1514 (0%)  
[  6]   1.00-2.00   sec  1.96 MBytes  16.4 Mbits/sec  0.124 ms  0/1417 (0%)  
[  6]   2.00-3.00   sec  2.36 MBytes  19.8 Mbits/sec  0.044 ms  8979/10685 (84%)  
[  6]   3.00-4.00   sec  2.21 MBytes  18.6 Mbits/sec  0.044 ms  3120/4722 (66%)  
[  6]   4.00-5.00   sec  2.18 MBytes  18.3 Mbits/sec  0.040 ms  3157/4734 (67%)  
[  6]   5.00-6.00   sec  2.19 MBytes  18.4 Mbits/sec  0.052 ms  3138/4726 (66%)  
[  6]   6.00-7.00   sec  1.92 MBytes  16.1 Mbits/sec  0.045 ms  3336/4727 (71%)  
[  6]   7.00-8.00   sec  1.84 MBytes  15.5 Mbits/sec  0.040 ms  3387/4722 (72%)  
[  6]   8.00-9.00   sec  1.72 MBytes  14.4 Mbits/sec  0.055 ms  3483/4725 (74%)  
[  6]   9.00-10.00  sec  1.70 MBytes  14.2 Mbits/sec  0.037 ms  3500/4730 (74%)  
[  6]  10.00-11.00  sec  1.95 MBytes  16.4 Mbits/sec  0.024 ms  3308/4723 (70%)  
[  6]  11.00-12.00  sec  1.99 MBytes  16.7 Mbits/sec  0.042 ms  3286/4727 (70%)  
[  6]  12.00-13.00  sec  1.78 MBytes  15.0 Mbits/sec  5.685 ms  3424/4714 (73%)  
[  6]  13.00-14.00  sec  1014 KBytes  8.30 Mbits/sec  0.032 ms  4018/4735 (85%)  
[  6]  14.00-15.00  sec   953 KBytes  7.81 Mbits/sec  0.029 ms  4040/4714 (86%)  
[  6]  15.00-16.00  sec  1.72 MBytes  14.5 Mbits/sec  0.033 ms  3494/4742 (74%)  
[  6]  16.00-17.00  sec  1.65 MBytes  13.8 Mbits/sec  0.042 ms  3529/4722 (75%)  
[  6]  17.00-18.00  sec  1.77 MBytes  14.9 Mbits/sec  0.014 ms  3439/4724 (73%)  
[  6]  18.00-19.00  sec  1.98 MBytes  16.6 Mbits/sec  0.120 ms  1195/2626 (46%)  
[  6]  19.00-20.00  sec   287 KBytes  2.35 Mbits/sec  1.117 ms  146/349 (42%)  
[  6]  20.00-21.00  sec   262 KBytes  2.14 Mbits/sec  1.409 ms  286/471 (61%)  
[  6]  21.00-22.00  sec   420 KBytes  3.44 Mbits/sec  0.938 ms  28/325 (8.6%)  
[  6]  22.00-23.00  sec   409 KBytes  3.35 Mbits/sec  0.617 ms  85/374 (23%)  
[  6]  23.00-24.00  sec   542 KBytes  4.44 Mbits/sec  0.500 ms  78/461 (17%)  
[  6]  24.00-25.00  sec   450 KBytes  3.68 Mbits/sec  0.509 ms  29/347 (8.4%)  
[  6]  25.00-26.00  sec   660 KBytes  5.41 Mbits/sec  17.699 ms  0/467 (0%)  
[  6]  26.00-27.00  sec   805 KBytes  6.60 Mbits/sec  0.491 ms  0/569 (0%)  
[  6]  27.00-28.00  sec   979 KBytes  8.01 Mbits/sec  0.489 ms  0/692 (0%)  
[  6]  28.00-29.00  sec  1.03 MBytes  8.66 Mbits/sec  0.822 ms  0/748 (0%)  
[  6]  29.00-30.00  sec  1.35 MBytes  11.4 Mbits/sec  0.492 ms  0/980 (0%)  
- - - - - - - - - - - - - - - - - - - - - - - - -
[ ID] Interval           Transfer     Bitrate         Jitter    Lost/Total Datagrams
[  6]   0.00-30.00  sec  42.0 MBytes  11.7 Mbits/sec  0.492 ms  62485/92912 (67%)  receiver
