-----------------------------------------------------------
Server listening on 12015 (test #1)
-----------------------------------------------------------
Accepted connection from 10.0.0.12, port 50496
[  6] local 10.0.0.15 port 12015 connected to 10.0.0.12 port 40142
[ ID] Interval           Transfer     Bitrate         Jitter    Lost/Total Datagrams
[  6]   0.00-1.00   sec  18.4 KBytes   150 Kbits/sec  3.875 ms  0/13 (0%)  
[  6]   1.00-2.00   sec  21.2 KBytes   174 Kbits/sec  6.330 ms  0/15 (0%)  
[  6]   2.00-3.00   sec  17.0 KBytes   139 Kbits/sec  6.244 ms  0/12 (0%)  
[  6]   3.00-4.00   sec  14.1 KBytes   116 Kbits/sec  3.580 ms  5/15 (33%)  
[  6]   4.00-5.00   sec  11.3 KBytes  92.8 Kbits/sec  2.170 ms  6/14 (43%)  
[  6]   5.00-6.00   sec  11.3 KBytes  92.6 Kbits/sec  1.325 ms  7/15 (47%)  
[  6]   6.00-7.00   sec  9.90 KBytes  81.2 Kbits/sec  0.860 ms  6/13 (46%)  
[  6]   7.00-8.00   sec  18.4 KBytes   150 Kbits/sec  4.050 ms  3/16 (19%)  
[  6]   8.00-9.00   sec  21.2 KBytes   174 Kbits/sec  1.616 ms  0/15 (0%)  
[  6]   9.00-10.00  sec  19.8 KBytes   162 Kbits/sec  0.777 ms  0/14 (0%)  
[  6]  10.00-11.00  sec  19.8 KBytes   162 Kbits/sec  0.516 ms  0/14 (0%)  
[  6]  11.00-12.00  sec  19.8 KBytes   162 Kbits/sec  0.382 ms  0/14 (0%)  
[  6]  12.00-13.00  sec  19.8 KBytes   162 Kbits/sec  0.286 ms  0/14 (0%)  
[  6]  13.00-14.00  sec  19.8 KBytes   162 Kbits/sec  0.229 ms  0/14 (0%)  
[  6]  14.00-15.00  sec  19.8 KBytes   162 Kbits/sec  0.771 ms  0/14 (0%)  
[  6]  15.00-16.00  sec  19.8 KBytes   162 Kbits/sec  0.602 ms  0/14 (0%)  
[  6]  16.00-17.00  sec  21.2 KBytes   174 Kbits/sec  0.307 ms  0/15 (0%)  
[  6]  17.00-18.00  sec  19.8 KBytes   162 Kbits/sec  0.317 ms  0/14 (0%)  
[  6]  18.00-19.00  sec  19.8 KBytes   162 Kbits/sec  0.211 ms  0/14 (0%)  
[  6]  19.00-20.00  sec  9.90 KBytes  81.0 Kbits/sec  22.267 ms  0/7 (0%)  
[  6]  20.00-21.00  sec  15.6 KBytes   127 Kbits/sec  24.520 ms  1/12 (8.3%)  
[  6]  21.00-22.00  sec  19.8 KBytes   162 Kbits/sec  18.764 ms  0/14 (0%)  
[  6]  22.00-23.00  sec  17.0 KBytes   139 Kbits/sec  26.303 ms  2/14 (14%)  
[  6]  23.00-24.00  sec  15.6 KBytes   127 Kbits/sec  25.370 ms  4/15 (27%)  
[  6]  24.00-25.00  sec  19.8 KBytes   162 Kbits/sec  29.164 ms  0/14 (0%)  
[  6]  25.00-26.00  sec  26.9 KBytes   220 Kbits/sec  28.176 ms  0/19 (0%)  
[  6]  26.00-27.00  sec  21.2 KBytes   174 Kbits/sec  21.718 ms  0/15 (0%)  
[  6]  27.00-28.00  sec  19.8 KBytes   162 Kbits/sec  24.179 ms  0/14 (0%)  
[  6]  28.00-29.00  sec  19.8 KBytes   162 Kbits/sec  18.027 ms  0/14 (0%)  
[  6]  29.00-30.00  sec  21.2 KBytes   174 Kbits/sec  15.755 ms  0/15 (0%)  
[  6]  30.00-30.23  sec  2.83 KBytes   101 Kbits/sec  15.145 ms  0/2 (0%)  
- - - - - - - - - - - - - - - - - - - - - - - - -
[ ID] Interval           Transfer     Bitrate         Jitter    Lost/Total Datagrams
[  6]   0.00-30.23  sec   551 KBytes   149 Kbits/sec  15.145 ms  34/424 (8%)  receiver
