-----------------------------------------------------------
Server listening on 12002 (test #1)
-----------------------------------------------------------
Accepted connection from 10.0.0.12, port 35602
[  6] local 10.0.0.2 port 12002 connected to 10.0.0.12 port 50978
[ ID] Interval           Transfer     Bitrate         Jitter    Lost/Total Datagrams
[  6]   0.00-1.00   sec  6.75 MBytes  56.6 Mbits/sec  0.114 ms  0/4886 (0%)  
[  6]   1.00-2.00   sec  5.05 MBytes  42.3 Mbits/sec  0.181 ms  0/3655 (0%)  
[  6]   2.00-3.00   sec  4.71 MBytes  39.5 Mbits/sec  0.209 ms  0/3408 (0%)  
[  6]   3.00-4.00   sec  4.32 MBytes  36.3 Mbits/sec  0.116 ms  0/3131 (0%)  
[  6]   4.00-5.00   sec  3.89 MBytes  32.7 Mbits/sec  0.151 ms  0/2819 (0%)  
[  6]   5.00-6.00   sec  2.84 MBytes  23.8 Mbits/sec  0.121 ms  0/2057 (0%)  
[  6]   6.00-7.00   sec  2.13 MBytes  17.9 Mbits/sec  0.118 ms  0/1546 (0%)  
[  6]   7.00-8.00   sec  1.92 MBytes  16.1 Mbits/sec  0.073 ms  17770/19160 (93%)  
[  6]   8.00-9.00   sec  2.20 MBytes  18.5 Mbits/sec  0.073 ms  3578/5174 (69%)  
[  6]   9.00-10.00  sec  2.20 MBytes  18.5 Mbits/sec  0.070 ms  3615/5211 (69%)  
[  6]  10.00-11.00  sec  2.20 MBytes  18.5 Mbits/sec  0.062 ms  3605/5201 (69%)  
[  6]  11.00-12.00  sec  2.19 MBytes  18.4 Mbits/sec  0.055 ms  4018/5604 (72%)  
[  6]  12.00-13.00  sec  1.88 MBytes  15.8 Mbits/sec  0.053 ms  3844/5208 (74%)  
[  6]  13.00-14.00  sec  1.95 MBytes  16.3 Mbits/sec  0.014 ms  3790/5200 (73%)  
[  6]  14.00-15.00  sec  2.01 MBytes  16.9 Mbits/sec  0.031 ms  3744/5201 (72%)  
[  6]  15.00-16.00  sec  2.09 MBytes  17.5 Mbits/sec  0.036 ms  3699/5212 (71%)  
[  6]  16.00-17.00  sec  2.08 MBytes  17.4 Mbits/sec  0.037 ms  3701/5205 (71%)  
[  6]  17.00-18.00  sec  1.90 MBytes  15.9 Mbits/sec  2.679 ms  3835/5209 (74%)  
[  6]  18.00-19.00  sec  1.48 MBytes  12.4 Mbits/sec  0.021 ms  4099/5172 (79%)  
[  6]  19.00-20.00  sec  1.10 MBytes  9.26 Mbits/sec  0.026 ms  4440/5240 (85%)  
[  6]  20.00-21.00  sec  1.43 MBytes  12.0 Mbits/sec  0.032 ms  3875/4910 (79%)  
[  6]  21.00-22.00  sec  1.97 MBytes  16.5 Mbits/sec  0.031 ms  4077/5501 (74%)  
[  6]  22.00-23.00  sec  2.15 MBytes  18.0 Mbits/sec  0.028 ms  3649/5203 (70%)  
[  6]  23.00-24.00  sec  2.13 MBytes  17.9 Mbits/sec  0.122 ms  2985/4528 (66%)  
[  6]  24.00-25.00  sec  2.07 MBytes  17.4 Mbits/sec  0.160 ms  135/1637 (8.2%)  
[  6]  25.00-26.00  sec  1.46 MBytes  12.3 Mbits/sec  0.135 ms  235/1295 (18%)  
[  6]  26.00-27.00  sec  1.42 MBytes  11.9 Mbits/sec  0.136 ms  143/1173 (12%)  
[  6]  27.00-28.00  sec  1.82 MBytes  15.3 Mbits/sec  0.158 ms  196/1515 (13%)  
[  6]  28.00-29.00  sec  1.63 MBytes  13.6 Mbits/sec  1.424 ms  151/1330 (11%)  
[  6]  29.00-30.00  sec  1.91 MBytes  16.1 Mbits/sec  0.135 ms  94/1479 (6.4%)  
- - - - - - - - - - - - - - - - - - - - - - - - -
[ ID] Interval           Transfer     Bitrate         Jitter    Lost/Total Datagrams
[SUM]  0.0-30.0 sec  1 datagrams received out-of-order
[  6]   0.00-30.00  sec  72.9 MBytes  20.4 Mbits/sec  0.135 ms  79278/132070 (60%)  receiver
