-----------------------------------------------------------
Server listening on 12022 (test #1)
-----------------------------------------------------------
Accepted connection from 10.0.0.12, port 35046
[  6] local 10.0.0.22 port 12022 connected to 10.0.0.12 port 58963
[ ID] Interval           Transfer     Bitrate         Jitter    Lost/Total Datagrams
[  6]   0.00-1.00   sec   624 KBytes  5.11 Mbits/sec  0.005 ms  0/441 (0%)  
[  6]   1.00-2.00   sec   624 KBytes  5.11 Mbits/sec  0.006 ms  0/441 (0%)  
[  6]   2.00-3.00   sec   622 KBytes  5.10 Mbits/sec  0.009 ms  0/440 (0%)  
[  6]   3.00-4.00   sec   624 KBytes  5.11 Mbits/sec  0.003 ms  0/441 (0%)  
[  6]   4.00-5.00   sec   622 KBytes  5.10 Mbits/sec  0.003 ms  0/440 (0%)  
[  6]   5.00-6.00   sec   624 KBytes  5.11 Mbits/sec  0.015 ms  0/441 (0%)  
[  6]   6.00-7.00   sec   622 KBytes  5.10 Mbits/sec  0.010 ms  0/440 (0%)  
[  6]   7.00-8.00   sec   624 KBytes  5.11 Mbits/sec  0.005 ms  0/441 (0%)  
[  6]   8.00-9.00   sec   622 KBytes  5.10 Mbits/sec  0.005 ms  0/440 (0%)  
[  6]   9.00-10.00  sec   624 KBytes  5.11 Mbits/sec  0.009 ms  0/441 (0%)  
[  6]  10.00-11.00  sec   622 KBytes  5.10 Mbits/sec  0.004 ms  0/440 (0%)  
[  6]  11.00-12.00  sec   624 KBytes  5.11 Mbits/sec  0.024 ms  0/441 (0%)  
[  6]  12.00-13.00  sec   622 KBytes  5.10 Mbits/sec  0.010 ms  0/440 (0%)  
[  6]  13.00-14.00  sec   624 KBytes  5.11 Mbits/sec  0.004 ms  0/441 (0%)  
[  6]  14.00-15.00  sec   622 KBytes  5.10 Mbits/sec  0.005 ms  0/440 (0%)  
[  6]  15.00-16.00  sec   624 KBytes  5.11 Mbits/sec  0.003 ms  0/441 (0%)  
[  6]  16.00-17.00  sec   622 KBytes  5.10 Mbits/sec  0.002 ms  0/440 (0%)  
[  6]  17.00-18.00  sec   624 KBytes  5.10 Mbits/sec  0.005 ms  0/441 (0%)  
[  6]  18.00-19.00  sec   622 KBytes  5.10 Mbits/sec  0.006 ms  0/440 (0%)  
[  6]  19.00-20.00  sec   624 KBytes  5.11 Mbits/sec  0.002 ms  0/441 (0%)  
[  6]  20.00-21.00  sec   622 KBytes  5.10 Mbits/sec  0.014 ms  0/440 (0%)  
[  6]  21.00-22.00  sec   624 KBytes  5.11 Mbits/sec  0.005 ms  0/441 (0%)  
[  6]  22.00-23.00  sec   622 KBytes  5.10 Mbits/sec  0.004 ms  0/440 (0%)  
[  6]  23.00-24.00  sec   624 KBytes  5.11 Mbits/sec  0.005 ms  0/441 (0%)  
[  6]  24.00-25.00  sec   622 KBytes  5.10 Mbits/sec  0.004 ms  0/440 (0%)  
[  6]  25.00-26.00  sec   622 KBytes  5.10 Mbits/sec  0.001 ms  0/440 (0%)  
[  6]  26.00-27.00  sec   624 KBytes  5.11 Mbits/sec  0.009 ms  0/441 (0%)  
[  6]  27.00-28.00  sec   624 KBytes  5.11 Mbits/sec  0.004 ms  0/441 (0%)  
[  6]  28.00-29.00  sec   622 KBytes  5.09 Mbits/sec  0.003 ms  0/440 (0%)  
[  6]  29.00-30.00  sec   624 KBytes  5.11 Mbits/sec  0.002 ms  0/441 (0%)  
- - - - - - - - - - - - - - - - - - - - - - - - -
[ ID] Interval           Transfer     Bitrate         Jitter    Lost/Total Datagrams
[  6]   0.00-30.00  sec  18.3 MBytes  5.10 Mbits/sec  0.002 ms  0/13216 (0%)  receiver
