-----------------------------------------------------------
Server listening on 12020 (test #1)
-----------------------------------------------------------
Accepted connection from 10.0.0.12, port 54870
[  6] local 10.0.0.20 port 12020 connected to 10.0.0.12 port 45415
[ ID] Interval           Transfer     Bitrate         Jitter    Lost/Total Datagrams
[  6]   0.00-1.00   sec   710 KBytes  5.81 Mbits/sec  0.589 ms  47/549 (8.6%)  
[  6]   1.00-2.00   sec   563 KBytes  4.61 Mbits/sec  0.065 ms  266/664 (40%)  
[  6]   2.00-3.00   sec   574 KBytes  4.70 Mbits/sec  0.058 ms  237/643 (37%)  
[  6]   3.00-4.00   sec   563 KBytes  4.61 Mbits/sec  0.034 ms  248/646 (38%)  
[  6]   4.00-5.00   sec   543 KBytes  4.45 Mbits/sec  0.049 ms  260/644 (40%)  
[  6]   5.00-6.00   sec   809 KBytes  6.62 Mbits/sec  0.027 ms  149/722 (21%)  
[  6]   6.00-7.00   sec   912 KBytes  7.47 Mbits/sec  0.090 ms  0/645 (0%)  
[  6]   7.00-8.00   sec   911 KBytes  7.47 Mbits/sec  0.051 ms  0/644 (0%)  
[  6]   8.00-9.00   sec   912 KBytes  7.47 Mbits/sec  0.054 ms  0/645 (0%)  
[  6]   9.00-10.00  sec   911 KBytes  7.46 Mbits/sec  0.113 ms  0/644 (0%)  
[  6]  10.00-11.00  sec   911 KBytes  7.46 Mbits/sec  0.134 ms  0/645 (0%)  
[  6]  11.00-12.00  sec   909 KBytes  7.46 Mbits/sec  0.298 ms  0/643 (0%)  
[  6]  12.00-13.00  sec   912 KBytes  7.47 Mbits/sec  0.217 ms  0/645 (0%)  
[  6]  13.00-14.00  sec   912 KBytes  7.48 Mbits/sec  0.112 ms  0/645 (0%)  
[  6]  14.00-15.00  sec   912 KBytes  7.47 Mbits/sec  0.045 ms  0/645 (0%)  
[  6]  15.00-16.00  sec   912 KBytes  7.47 Mbits/sec  0.096 ms  0/645 (0%)  
[  6]  16.00-17.00  sec   911 KBytes  7.46 Mbits/sec  0.005 ms  0/644 (0%)  
[  6]  17.00-18.00  sec   400 KBytes  3.28 Mbits/sec  5.880 ms  0/283 (0%)  
[  6]  18.00-19.00  sec   373 KBytes  3.06 Mbits/sec  0.890 ms  175/439 (40%)  
[  6]  19.00-20.00  sec   322 KBytes  2.64 Mbits/sec  0.555 ms  122/350 (35%)  
[  6]  20.00-21.00  sec   256 KBytes  2.10 Mbits/sec  12.825 ms  278/459 (61%)  
[  6]  21.00-22.00  sec   345 KBytes  2.83 Mbits/sec  0.755 ms  222/466 (48%)  
[  6]  22.00-23.00  sec   332 KBytes  2.72 Mbits/sec  0.880 ms  111/346 (32%)  
[  6]  23.00-24.00  sec   641 KBytes  5.25 Mbits/sec  0.496 ms  11/464 (2.4%)  
[  6]  24.00-25.00  sec   700 KBytes  5.73 Mbits/sec  3.494 ms  0/495 (0%)  
[  6]  25.00-26.00  sec   892 KBytes  7.31 Mbits/sec  0.543 ms  0/631 (0%)  
[  6]  26.00-27.00  sec   854 KBytes  7.00 Mbits/sec  0.486 ms  0/604 (0%)  
[  6]  27.00-28.00  sec  1.25 MBytes  10.5 Mbits/sec  0.504 ms  0/903 (0%)  
[  6]  28.00-29.00  sec  1.57 MBytes  13.2 Mbits/sec  0.501 ms  0/1137 (0%)  
[  6]  29.00-30.00  sec  2.41 MBytes  20.2 Mbits/sec  0.352 ms  0/1742 (0%)  
- - - - - - - - - - - - - - - - - - - - - - - - -
[ ID] Interval           Transfer     Bitrate         Jitter    Lost/Total Datagrams
[SUM]  0.0-30.0 sec  136 datagrams received out-of-order
[  6]   0.00-30.00  sec  23.7 MBytes  6.62 Mbits/sec  0.352 ms  2126/19277 (11%)  receiver
