-----------------------------------------------------------
Server listening on 12003 (test #1)
-----------------------------------------------------------
Accepted connection from 10.0.0.12, port 45558
[  6] local 10.0.0.3 port 12003 connected to 10.0.0.12 port 44505
[ ID] Interval           Transfer     Bitrate         Jitter    Lost/Total Datagrams
[  6]   0.00-1.00   sec   592 KBytes  4.85 Mbits/sec  3.155 ms  0/419 (0%)  
[  6]   1.00-2.00   sec   621 KBytes  5.09 Mbits/sec  2.994 ms  0/439 (0%)  
[  6]   2.00-3.00   sec   619 KBytes  5.07 Mbits/sec  2.806 ms  0/438 (0%)  
[  6]   3.00-4.00   sec   608 KBytes  4.98 Mbits/sec  2.402 ms  0/430 (0%)  
[  6]   4.00-5.00   sec   615 KBytes  5.04 Mbits/sec  2.076 ms  0/435 (0%)  
[  6]   5.00-6.00   sec   604 KBytes  4.95 Mbits/sec  2.392 ms  0/427 (0%)  
[  6]   6.00-7.00   sec   607 KBytes  4.97 Mbits/sec  1.606 ms  0/429 (0%)  
[  6]   7.00-8.00   sec   419 KBytes  3.43 Mbits/sec  0.099 ms  134/430 (31%)  
[  6]   8.00-9.00   sec   390 KBytes  3.19 Mbits/sec  0.122 ms  160/436 (37%)  
[  6]   9.00-10.00  sec   386 KBytes  3.16 Mbits/sec  0.120 ms  165/438 (38%)  
[  6]  10.00-11.00  sec   386 KBytes  3.16 Mbits/sec  0.081 ms  165/438 (38%)  
[  6]  11.00-12.00  sec   266 KBytes  2.18 Mbits/sec  0.444 ms  246/434 (57%)  
[  6]  12.00-13.00  sec   219 KBytes  1.80 Mbits/sec  2.284 ms  285/440 (65%)  
[  6]  13.00-14.00  sec   136 KBytes  1.11 Mbits/sec  1.877 ms  334/430 (78%)  
[  6]  14.00-15.00  sec   143 KBytes  1.17 Mbits/sec  3.781 ms  344/445 (77%)  
[  6]  15.00-16.00  sec   147 KBytes  1.20 Mbits/sec  2.046 ms  331/435 (76%)  
[  6]  16.00-17.00  sec   206 KBytes  1.69 Mbits/sec  1.404 ms  292/438 (67%)  
[  6]  17.00-18.00  sec   212 KBytes  1.74 Mbits/sec  0.736 ms  282/432 (65%)  
[  6]  18.00-19.00  sec  60.8 KBytes   498 Kbits/sec  8.333 ms  396/439 (90%)  
[  6]  19.00-20.00  sec  76.4 KBytes   626 Kbits/sec  8.629 ms  385/439 (88%)  
[  6]  20.00-21.00  sec   204 KBytes  1.67 Mbits/sec  1.189 ms  293/437 (67%)  
[  6]  21.00-22.00  sec   161 KBytes  1.32 Mbits/sec  3.333 ms  326/440 (74%)  
[  6]  22.00-23.00  sec   137 KBytes  1.12 Mbits/sec  2.276 ms  341/438 (78%)  
[  6]  23.00-24.00  sec   481 KBytes  3.94 Mbits/sec  1.657 ms  136/476 (29%)  
[  6]  24.00-25.00  sec   601 KBytes  4.92 Mbits/sec  2.087 ms  0/425 (0%)  
[  6]  25.00-26.00  sec   642 KBytes  5.26 Mbits/sec  1.965 ms  0/454 (0%)  
[  6]  26.00-27.00  sec   604 KBytes  4.95 Mbits/sec  2.524 ms  0/427 (0%)  
[  6]  27.00-28.00  sec   626 KBytes  5.13 Mbits/sec  1.684 ms  0/443 (0%)  
[  6]  28.00-29.00  sec   612 KBytes  5.02 Mbits/sec  2.533 ms  0/433 (0%)  
[  6]  29.00-30.00  sec   634 KBytes  5.19 Mbits/sec  2.140 ms  0/448 (0%)  
- - - - - - - - - - - - - - - - - - - - - - - - -
[ ID] Interval           Transfer     Bitrate         Jitter    Lost/Total Datagrams
[SUM]  0.0-30.0 sec  15 datagrams received out-of-order
[  6]   0.00-30.00  sec  11.7 MBytes  3.28 Mbits/sec  2.140 ms  4615/13112 (35%)  receiver
