-----------------------------------------------------------
Server listening on 12004 (test #1)
-----------------------------------------------------------
Accepted connection from 10.0.0.12, port 59318
[  6] local 10.0.0.4 port 12004 connected to 10.0.0.12 port 45591
[ ID] Interval           Transfer     Bitrate         Jitter    Lost/Total Datagrams
[  6]   0.00-1.00   sec  5.16 MBytes  43.2 Mbits/sec  0.123 ms  0/3736 (0%)  
[  6]   1.00-2.00   sec  4.70 MBytes  39.4 Mbits/sec  0.120 ms  0/3401 (0%)  
[  6]   2.00-3.00   sec  4.61 MBytes  38.6 Mbits/sec  0.118 ms  0/3335 (0%)  
[  6]   3.00-4.00   sec  3.76 MBytes  31.5 Mbits/sec  3.967 ms  0/2723 (0%)  
[  6]   4.00-5.00   sec  3.23 MBytes  27.1 Mbits/sec  0.125 ms  0/2336 (0%)  
[  6]   5.00-6.00   sec  2.15 MBytes  18.0 Mbits/sec  0.123 ms  0/1558 (0%)  
[  6]   6.00-7.00   sec  1.93 MBytes  16.2 Mbits/sec  0.039 ms  30045/31439 (96%)  
[  6]   7.00-8.00   sec  2.20 MBytes  18.5 Mbits/sec  0.034 ms  5523/7119 (78%)  
[  6]   8.00-9.00   sec  2.20 MBytes  18.5 Mbits/sec  0.043 ms  5528/7124 (78%)  
[  6]   9.00-10.00  sec  2.20 MBytes  18.5 Mbits/sec  0.034 ms  5521/7117 (78%)  
[  6]  10.00-11.00  sec  2.20 MBytes  18.5 Mbits/sec  0.032 ms  5774/7370 (78%)  
[  6]  11.00-12.00  sec  2.04 MBytes  17.1 Mbits/sec  0.048 ms  5850/7328 (80%)  
[  6]  12.00-13.00  sec  1.86 MBytes  15.6 Mbits/sec  0.028 ms  5775/7120 (81%)  
[  6]  13.00-14.00  sec  1.82 MBytes  15.3 Mbits/sec  0.011 ms  5798/7116 (81%)  
[  6]  14.00-15.00  sec  1.84 MBytes  15.4 Mbits/sec  0.014 ms  5397/6728 (80%)  
[  6]  15.00-16.00  sec  1.89 MBytes  15.8 Mbits/sec  0.026 ms  5640/7008 (80%)  
[  6]  16.00-17.00  sec  2.11 MBytes  17.7 Mbits/sec  0.048 ms  6096/7626 (80%)  
[  6]  17.00-18.00  sec  1.86 MBytes  15.6 Mbits/sec  0.038 ms  5770/7118 (81%)  
[  6]  18.00-19.00  sec  1.79 MBytes  15.0 Mbits/sec  0.040 ms  5827/7120 (82%)  
[  6]  19.00-20.00  sec  1.67 MBytes  14.0 Mbits/sec  0.036 ms  5415/6625 (82%)  
[  6]  20.00-21.00  sec  2.12 MBytes  17.8 Mbits/sec  0.014 ms  6072/7608 (80%)  
[  6]  21.00-22.00  sec  1.86 MBytes  15.6 Mbits/sec  0.031 ms  5567/6915 (81%)  
[  6]  22.00-23.00  sec  2.01 MBytes  16.9 Mbits/sec  0.039 ms  5780/7236 (80%)  
[  6]  23.00-24.00  sec  2.41 MBytes  20.3 Mbits/sec  0.161 ms  114/1861 (6.1%)  
[  6]  24.00-25.00  sec  1.63 MBytes  13.6 Mbits/sec  0.151 ms  226/1403 (16%)  
[  6]  25.00-26.00  sec  1.62 MBytes  13.6 Mbits/sec  0.149 ms  224/1399 (16%)  
[  6]  26.00-27.00  sec  1.73 MBytes  14.5 Mbits/sec  0.175 ms  168/1421 (12%)  
[  6]  27.00-28.00  sec  1.88 MBytes  15.7 Mbits/sec  0.131 ms  158/1517 (10%)  
[  6]  28.00-29.00  sec  1.63 MBytes  13.7 Mbits/sec  0.137 ms  103/1282 (8%)  
[  6]  29.00-30.00  sec  4.39 MBytes  36.8 Mbits/sec  0.120 ms  0/3179 (0%)  
- - - - - - - - - - - - - - - - - - - - - - - - -
[ ID] Interval           Transfer     Bitrate         Jitter    Lost/Total Datagrams
[SUM]  0.0-30.0 sec  47 datagrams received out-of-order
[  6]   0.00-30.00  sec  72.5 MBytes  20.3 Mbits/sec  0.120 ms  122371/174868 (70%)  receiver
