-----------------------------------------------------------
Server listening on 12005 (test #1)
-----------------------------------------------------------
Accepted connection from 10.0.0.12, port 38628
[  6] local 10.0.0.5 port 12005 connected to 10.0.0.12 port 47142
[ ID] Interval           Transfer     Bitrate         Jitter    Lost/Total Datagrams
[  6]   0.00-1.00   sec   221 KBytes  1.81 Mbits/sec  6.219 ms  0/156 (0%)  
[  6]   1.00-2.00   sec   228 KBytes  1.86 Mbits/sec  6.202 ms  0/161 (0%)  
[  6]   2.00-3.00   sec   226 KBytes  1.85 Mbits/sec  5.657 ms  0/160 (0%)  
[  6]   3.00-4.00   sec   225 KBytes  1.84 Mbits/sec  5.227 ms  0/159 (0%)  
[  6]   4.00-5.00   sec   222 KBytes  1.82 Mbits/sec  5.496 ms  0/157 (0%)  
[  6]   5.00-6.00   sec   225 KBytes  1.84 Mbits/sec  4.725 ms  0/159 (0%)  
[  6]   6.00-7.00   sec   156 KBytes  1.27 Mbits/sec  0.199 ms  45/155 (29%)  
[  6]   7.00-8.00   sec   139 KBytes  1.14 Mbits/sec  0.162 ms  66/164 (40%)  
[  6]   8.00-9.00   sec   129 KBytes  1.05 Mbits/sec  0.195 ms  70/161 (43%)  
[  6]   9.00-10.00  sec   139 KBytes  1.14 Mbits/sec  0.112 ms  62/160 (39%)  
[  6]  10.00-11.00  sec   109 KBytes   892 Kbits/sec  0.040 ms  82/159 (52%)  
[  6]  11.00-12.00  sec  77.8 KBytes   637 Kbits/sec  0.040 ms  109/164 (66%)  
[  6]  12.00-13.00  sec  52.3 KBytes   429 Kbits/sec  0.027 ms  125/162 (77%)  
[  6]  13.00-14.00  sec  45.2 KBytes   370 Kbits/sec  0.020 ms  127/159 (80%)  
[  6]  14.00-15.00  sec  49.5 KBytes   406 Kbits/sec  0.032 ms  128/163 (79%)  
[  6]  15.00-16.00  sec  77.8 KBytes   637 Kbits/sec  0.039 ms  107/162 (66%)  
[  6]  16.00-17.00  sec  76.4 KBytes   626 Kbits/sec  0.026 ms  107/161 (66%)  
[  6]  17.00-18.00  sec  28.3 KBytes   232 Kbits/sec  0.024 ms  128/148 (86%)  
[  6]  18.00-19.00  sec  32.5 KBytes   266 Kbits/sec  0.022 ms  144/167 (86%)  
[  6]  19.00-20.00  sec  63.6 KBytes   522 Kbits/sec  0.078 ms  123/168 (73%)  
[  6]  20.00-21.00  sec  74.9 KBytes   614 Kbits/sec  0.035 ms  109/162 (67%)  
[  6]  21.00-22.00  sec  55.1 KBytes   452 Kbits/sec  0.033 ms  121/160 (76%)  
[  6]  22.00-23.00  sec   146 KBytes  1.19 Mbits/sec  6.511 ms  61/164 (37%)  
[  6]  23.00-24.00  sec   175 KBytes  1.44 Mbits/sec  6.065 ms  25/149 (17%)  
[  6]  24.00-25.00  sec   225 KBytes  1.84 Mbits/sec  4.289 ms  11/170 (6.5%)  
[  6]  25.00-26.00  sec   192 KBytes  1.57 Mbits/sec  5.234 ms  22/158 (14%)  
[  6]  26.00-27.00  sec   205 KBytes  1.68 Mbits/sec  5.005 ms  13/158 (8.2%)  
[  6]  27.00-28.00  sec   229 KBytes  1.88 Mbits/sec  4.535 ms  4/166 (2.4%)  
[  6]  28.00-29.00  sec   253 KBytes  2.07 Mbits/sec  5.294 ms  1/180 (0.56%)  
[  6]  29.00-30.00  sec   229 KBytes  1.88 Mbits/sec  1.151 ms  0/162 (0%)  
[  6]  30.00-30.00  sec  1.41 KBytes  37.7 Mbits/sec  1.914 ms  0/1 (0%)  
- - - - - - - - - - - - - - - - - - - - - - - - -
[ ID] Interval           Transfer     Bitrate         Jitter    Lost/Total Datagrams
[SUM]  0.0-30.0 sec  2 datagrams received out-of-order
[  6]   0.00-30.00  sec  4.20 MBytes  1.18 Mbits/sec  1.914 ms  1790/4835 (37%)  receiver
