-----------------------------------------------------------
Server listening on 12007 (test #1)
-----------------------------------------------------------
Accepted connection from 10.0.0.12, port 57358
[  6] local 10.0.0.7 port 12007 connected to 10.0.0.12 port 41453
[ ID] Interval           Transfer     Bitrate         Jitter    Lost/Total Datagrams
[  6]   0.00-1.00   sec   625 KBytes  5.11 Mbits/sec  2.667 ms  0/442 (0%)  
[  6]   1.00-2.00   sec   639 KBytes  5.24 Mbits/sec  2.326 ms  0/452 (0%)  
[  6]   2.00-3.00   sec   649 KBytes  5.32 Mbits/sec  2.319 ms  0/459 (0%)  
[  6]   3.00-4.00   sec   638 KBytes  5.22 Mbits/sec  1.686 ms  0/451 (0%)  
[  6]   4.00-5.00   sec   631 KBytes  5.17 Mbits/sec  1.624 ms  0/446 (0%)  
[  6]   5.00-6.00   sec   494 KBytes  4.04 Mbits/sec  0.135 ms  97/446 (22%)  
[  6]   6.00-7.00   sec   395 KBytes  3.23 Mbits/sec  0.071 ms  179/458 (39%)  
[  6]   7.00-8.00   sec   392 KBytes  3.21 Mbits/sec  0.177 ms  179/456 (39%)  
[  6]   8.00-9.00   sec   417 KBytes  3.42 Mbits/sec  0.149 ms  167/462 (36%)  
[  6]   9.00-10.00  sec   321 KBytes  2.63 Mbits/sec  0.034 ms  231/458 (50%)  
[  6]  10.00-11.00  sec   256 KBytes  2.10 Mbits/sec  0.049 ms  281/462 (61%)  
[  6]  11.00-12.00  sec   143 KBytes  1.17 Mbits/sec  0.023 ms  353/454 (78%)  
[  6]  12.00-13.00  sec   133 KBytes  1.09 Mbits/sec  0.032 ms  364/458 (79%)  
[  6]  13.00-14.00  sec   164 KBytes  1.34 Mbits/sec  0.018 ms  342/458 (75%)  
[  6]  14.00-15.00  sec   185 KBytes  1.52 Mbits/sec  0.033 ms  332/463 (72%)  
[  6]  15.00-16.00  sec   239 KBytes  1.96 Mbits/sec  0.028 ms  290/459 (63%)  
[  6]  16.00-17.00  sec   122 KBytes   996 Kbits/sec  0.041 ms  363/449 (81%)  
[  6]  17.00-18.00  sec  55.1 KBytes   452 Kbits/sec  0.032 ms  423/462 (92%)  
[  6]  18.00-19.00  sec   163 KBytes  1.33 Mbits/sec  0.039 ms  349/464 (75%)  
[  6]  19.00-20.00  sec   216 KBytes  1.77 Mbits/sec  0.031 ms  308/461 (67%)  
[  6]  20.00-21.00  sec   132 KBytes  1.08 Mbits/sec  0.033 ms  365/458 (80%)  
[  6]  21.00-22.00  sec   223 KBytes  1.83 Mbits/sec  7.491 ms  235/393 (60%)  
[  6]  22.00-23.00  sec   383 KBytes  3.14 Mbits/sec  0.897 ms  26/297 (8.8%)  
[  6]  23.00-24.00  sec   444 KBytes  3.64 Mbits/sec  1.072 ms  106/420 (25%)  
[  6]  24.00-25.00  sec   267 KBytes  2.19 Mbits/sec  0.757 ms  38/227 (17%)  
[  6]  25.00-26.00  sec   479 KBytes  3.93 Mbits/sec  0.731 ms  124/463 (27%)  
[  6]  26.00-27.00  sec   414 KBytes  3.39 Mbits/sec  0.796 ms  54/347 (16%)  
[  6]  27.00-28.00  sec   421 KBytes  3.45 Mbits/sec  0.752 ms  48/346 (14%)  
[  6]  28.00-29.00  sec   488 KBytes  4.00 Mbits/sec  0.737 ms  0/345 (0%)  
[  6]  29.00-30.00  sec   325 KBytes  2.66 Mbits/sec  2.645 ms  0/230 (0%)  
- - - - - - - - - - - - - - - - - - - - - - - - -
[ ID] Interval           Transfer     Bitrate         Jitter    Lost/Total Datagrams
[  6]   0.00-30.00  sec  10.2 MBytes  2.85 Mbits/sec  2.645 ms  5254/12646 (42%)  receiver
