-----------------------------------------------------------
Server listening on 12009 (test #1)
-----------------------------------------------------------
Accepted connection from 10.0.0.12, port 59860
[  6] local 10.0.0.9 port 12009 connected to 10.0.0.12 port 54204
[ ID] Interval           Transfer     Bitrate         Jitter    Lost/Total Datagrams
[  6]   0.00-1.00   sec   311 KBytes  2.55 Mbits/sec  4.357 ms  0/220 (0%)  
[  6]   1.00-2.00   sec   332 KBytes  2.72 Mbits/sec  4.282 ms  0/235 (0%)  
[  6]   2.00-3.00   sec   325 KBytes  2.66 Mbits/sec  3.520 ms  0/230 (0%)  
[  6]   3.00-4.00   sec   324 KBytes  2.65 Mbits/sec  3.409 ms  0/229 (0%)  
[  6]   4.00-5.00   sec   259 KBytes  2.12 Mbits/sec  0.304 ms  45/228 (20%)  
[  6]   5.00-6.00   sec   198 KBytes  1.62 Mbits/sec  0.220 ms  93/233 (40%)  
[  6]   6.00-7.00   sec   208 KBytes  1.70 Mbits/sec  0.143 ms  89/236 (38%)  
[  6]   7.00-8.00   sec   209 KBytes  1.71 Mbits/sec  0.195 ms  87/235 (37%)  
[  6]   8.00-9.00   sec   168 KBytes  1.38 Mbits/sec  0.068 ms  113/232 (49%)  
[  6]   9.00-10.00  sec   331 KBytes  2.71 Mbits/sec  0.067 ms  30/264 (11%)  
[  6]  10.00-11.00  sec   332 KBytes  2.72 Mbits/sec  0.109 ms  0/235 (0%)  
[  6]  11.00-12.00  sec   332 KBytes  2.72 Mbits/sec  0.116 ms  0/235 (0%)  
[  6]  12.00-13.00  sec   331 KBytes  2.71 Mbits/sec  0.207 ms  0/234 (0%)  
[  6]  13.00-14.00  sec   332 KBytes  2.72 Mbits/sec  0.151 ms  0/235 (0%)  
[  6]  14.00-15.00  sec   331 KBytes  2.71 Mbits/sec  0.081 ms  0/234 (0%)  
[  6]  15.00-16.00  sec   332 KBytes  2.72 Mbits/sec  0.623 ms  0/235 (0%)  
[  6]  16.00-17.00  sec   331 KBytes  2.71 Mbits/sec  0.249 ms  0/234 (0%)  
[  6]  17.00-18.00  sec   332 KBytes  2.72 Mbits/sec  0.091 ms  0/235 (0%)  
[  6]  18.00-19.00  sec   332 KBytes  2.72 Mbits/sec  0.102 ms  0/235 (0%)  
[  6]  19.00-20.00  sec   331 KBytes  2.71 Mbits/sec  0.098 ms  0/234 (0%)  
[  6]  20.00-21.00  sec   332 KBytes  2.72 Mbits/sec  0.005 ms  0/235 (0%)  
[  6]  21.00-22.00  sec   245 KBytes  2.00 Mbits/sec  3.876 ms  21/194 (11%)  
[  6]  22.00-23.00  sec   287 KBytes  2.35 Mbits/sec  4.571 ms  32/235 (14%)  
[  6]  23.00-24.00  sec   324 KBytes  2.65 Mbits/sec  3.184 ms  12/241 (5%)  
[  6]  24.00-25.00  sec   308 KBytes  2.52 Mbits/sec  3.543 ms  17/235 (7.2%)  
[  6]  25.00-26.00  sec   311 KBytes  2.55 Mbits/sec  3.799 ms  11/231 (4.8%)  
[  6]  26.00-27.00  sec   352 KBytes  2.88 Mbits/sec  4.225 ms  4/253 (1.6%)  
[  6]  27.00-28.00  sec   358 KBytes  2.93 Mbits/sec  1.646 ms  0/253 (0%)  
[  6]  28.00-29.00  sec   331 KBytes  2.71 Mbits/sec  0.995 ms  0/234 (0%)  
[  6]  29.00-30.00  sec   332 KBytes  2.72 Mbits/sec  1.500 ms  0/235 (0%)  
[  6]  30.00-30.02  sec  4.24 KBytes  2.18 Mbits/sec  1.236 ms  0/3 (0%)  
- - - - - - - - - - - - - - - - - - - - - - - - -
[ ID] Interval           Transfer     Bitrate         Jitter    Lost/Total Datagrams
[SUM]  0.0-30.0 sec  6 datagrams received out-of-order
[  6]   0.00-30.02  sec  8.95 MBytes  2.50 Mbits/sec  1.236 ms  554/7037 (7.9%)  receiver
