-----------------------------------------------------------
Server listening on 13016 (test #1)
-----------------------------------------------------------
Accepted connection from 10.0.0.13, port 39566
[  6] local 10.0.0.16 port 13016 connected to 10.0.0.13 port 43229
[ ID] Interval           Transfer     Bitrate         Jitter    Lost/Total Datagrams
[  6]   0.00-1.00   sec   495 KBytes  4.05 Mbits/sec  1.394 ms  0/350 (0%)  
[  6]   1.00-2.00   sec   789 KBytes  6.47 Mbits/sec  0.494 ms  0/558 (0%)  
[  6]   2.00-3.00   sec   653 KBytes  5.35 Mbits/sec  0.495 ms  0/462 (0%)  
[  6]   3.00-4.00   sec   652 KBytes  5.34 Mbits/sec  0.494 ms  0/461 (0%)  
[  6]   4.00-5.00   sec   653 KBytes  5.35 Mbits/sec  0.494 ms  0/462 (0%)  
[  6]   5.00-6.00   sec   979 KBytes  8.02 Mbits/sec  0.140 ms  0/692 (0%)  
[  6]   6.00-7.00   sec  2.03 MBytes  17.1 Mbits/sec  0.307 ms  0/1473 (0%)  
[  6]   7.00-8.00   sec  1.62 MBytes  13.6 Mbits/sec  2.003 ms  0/1172 (0%)  
[  6]   8.00-9.00   sec  1.02 MBytes  8.58 Mbits/sec  1.982 ms  0/741 (0%)  
[  6]   9.00-10.00  sec  1.02 MBytes  8.53 Mbits/sec  1.988 ms  0/736 (0%)  
[  6]  10.00-11.00  sec  1.02 MBytes  8.53 Mbits/sec  1.941 ms  0/736 (0%)  
[  6]  11.00-12.00  sec  1.01 MBytes  8.51 Mbits/sec  1.526 ms  0/735 (0%)  
[  6]  12.00-13.00  sec  1.02 MBytes  8.57 Mbits/sec  1.521 ms  0/740 (0%)  
[  6]  13.00-14.00  sec  1.01 MBytes  8.46 Mbits/sec  1.699 ms  0/730 (0%)  
[  6]  14.00-15.00  sec  1.01 MBytes  8.50 Mbits/sec  2.049 ms  0/734 (0%)  
[  6]  15.00-16.00  sec  1.02 MBytes  8.53 Mbits/sec  1.575 ms  0/736 (0%)  
[  6]  16.00-17.00  sec  1.01 MBytes  8.44 Mbits/sec  2.203 ms  0/729 (0%)  
[  6]  17.00-18.00  sec  1.01 MBytes  8.50 Mbits/sec  2.113 ms  0/734 (0%)  
[  6]  18.00-19.00  sec   157 KBytes  1.29 Mbits/sec  1.709 ms  0/111 (0%)  
[  6]  19.00-20.00  sec  0.00 Bytes  0.00 bits/sec  1.709 ms  0/0 (0%)  
[  6]  20.00-21.00  sec  0.00 Bytes  0.00 bits/sec  1.709 ms  0/0 (0%)  
[  6]  21.00-22.00  sec  0.00 Bytes  0.00 bits/sec  1.709 ms  0/0 (0%)  
[  6]  22.00-23.00  sec  0.00 Bytes  0.00 bits/sec  1.709 ms  0/0 (0%)  
[  6]  23.00-24.00  sec  2.83 KBytes  23.2 Kbits/sec  303.756 ms  0/2 (0%)  
[  6]  24.00-25.00  sec  4.24 KBytes  34.8 Kbits/sec  304.946 ms  0/3 (0%)  
[  6]  25.00-26.00  sec  18.4 KBytes   151 Kbits/sec  172.696 ms  78/91 (86%)  
[  6]  26.00-27.00  sec  8.48 KBytes  69.5 Kbits/sec  123.469 ms  778/784 (99%)  
[  6]  27.00-28.00  sec  8.48 KBytes  69.5 Kbits/sec  88.339 ms  671/677 (99%)  
[  6]  28.00-29.00  sec  9.90 KBytes  81.1 Kbits/sec  59.461 ms  781/788 (99%)  
[  6]  29.00-30.00  sec  8.48 KBytes  69.5 Kbits/sec  40.898 ms  671/677 (99%)  
[  6]  30.00-30.26  sec  12.7 KBytes   406 Kbits/sec  349.256 ms  5925/5934 (1e+02%)  
- - - - - - - - - - - - - - - - - - - - - - - - -
[ ID] Interval           Transfer     Bitrate         Jitter    Lost/Total Datagrams
[SUM]  0.0-30.3 sec  15 datagrams received out-of-order
[  6]   0.00-30.26  sec  18.2 MBytes  5.03 Mbits/sec  349.256 ms  8904/22048 (40%)  receiver
