-----------------------------------------------------------
Server listening on 13011 (test #1)
-----------------------------------------------------------
Accepted connection from 10.0.0.13, port 50976
[  6] local 10.0.0.11 port 13011 connected to 10.0.0.13 port 36938
[ ID] Interval           Transfer     Bitrate         Jitter    Lost/Total Datagrams
[  6]   0.00-1.00   sec   355 KBytes  2.90 Mbits/sec  0.568 ms  0/251 (0%)  
[  6]   1.00-2.00   sec   781 KBytes  6.39 Mbits/sec  2.282 ms  0/552 (0%)  
[  6]   2.00-3.00   sec   751 KBytes  6.15 Mbits/sec  3.995 ms  0/531 (0%)  
[  6]   3.00-4.00   sec   762 KBytes  6.24 Mbits/sec  1.415 ms  0/539 (0%)  
[  6]   4.00-5.00   sec   766 KBytes  6.28 Mbits/sec  1.430 ms  0/542 (0%)  
[  6]   5.00-6.00   sec   919 KBytes  7.54 Mbits/sec  1.902 ms  0/650 (0%)  
[  6]   6.00-7.00   sec   765 KBytes  6.26 Mbits/sec  2.095 ms  0/541 (0%)  
[  6]   7.00-8.00   sec   765 KBytes  6.27 Mbits/sec  2.194 ms  0/541 (0%)  
[  6]   8.00-9.00   sec   766 KBytes  6.28 Mbits/sec  1.990 ms  0/542 (0%)  
[  6]   9.00-10.00  sec   764 KBytes  6.26 Mbits/sec  1.868 ms  0/540 (0%)  
[  6]  10.00-11.00  sec   755 KBytes  6.19 Mbits/sec  1.912 ms  0/534 (0%)  
[  6]  11.00-12.00  sec   765 KBytes  6.26 Mbits/sec  1.949 ms  0/541 (0%)  
[  6]  12.00-13.00  sec   761 KBytes  6.23 Mbits/sec  1.764 ms  0/538 (0%)  
[  6]  13.00-14.00  sec   762 KBytes  6.24 Mbits/sec  1.868 ms  0/539 (0%)  
[  6]  14.00-15.00  sec   747 KBytes  6.12 Mbits/sec  1.787 ms  0/528 (0%)  
[  6]  15.00-16.00  sec   769 KBytes  6.30 Mbits/sec  2.298 ms  0/544 (0%)  
[  6]  16.00-17.00  sec   765 KBytes  6.27 Mbits/sec  2.188 ms  0/541 (0%)  
[  6]  17.00-18.00  sec   611 KBytes  5.00 Mbits/sec  2.132 ms  0/432 (0%)  
[  6]  18.00-19.00  sec  0.00 Bytes  0.00 bits/sec  2.132 ms  0/0 (0%)  
[  6]  19.00-20.00  sec  0.00 Bytes  0.00 bits/sec  2.132 ms  0/0 (0%)  
[  6]  20.00-21.00  sec  0.00 Bytes  0.00 bits/sec  2.132 ms  0/0 (0%)  
[  6]  21.00-22.00  sec  0.00 Bytes  0.00 bits/sec  2.132 ms  0/0 (0%)  
[  6]  22.00-23.00  sec  1.41 KBytes  11.6 Kbits/sec  323.769 ms  0/1 (0%)  
[  6]  23.00-24.00  sec  2.83 KBytes  23.2 Kbits/sec  342.189 ms  0/2 (0%)  
[  6]  24.00-25.00  sec  5.66 KBytes  46.3 Kbits/sec  318.626 ms  0/4 (0%)  
[  6]  25.00-26.00  sec  9.90 KBytes  81.1 Kbits/sec  217.635 ms  273/280 (98%)  
[  6]  26.00-27.00  sec  4.24 KBytes  34.8 Kbits/sec  182.065 ms  524/527 (99%)  
[  6]  27.00-28.00  sec  8.48 KBytes  69.6 Kbits/sec  127.057 ms  523/529 (99%)  
[  6]  28.00-29.00  sec  8.48 KBytes  69.5 Kbits/sec  88.611 ms  538/544 (99%)  
[  6]  29.00-30.00  sec  70.7 KBytes   579 Kbits/sec  26.767 ms  4665/4715 (99%)  
[  6]  30.00-30.22  sec   174 KBytes  6.37 Mbits/sec  49.864 ms  -2/121 (-1.7%)  
- - - - - - - - - - - - - - - - - - - - - - - - -
[ ID] Interval           Transfer     Bitrate         Jitter    Lost/Total Datagrams
[SUM]  0.0-30.2 sec  139 datagrams received out-of-order
[  6]   0.00-30.22  sec  13.3 MBytes  3.69 Mbits/sec  49.864 ms  6521/16149 (40%)  receiver
