-----------------------------------------------------------
Server listening on 13019 (test #1)
-----------------------------------------------------------
Accepted connection from 10.0.0.13, port 40368
[  6] local 10.0.0.19 port 13019 connected to 10.0.0.13 port 60316
[ ID] Interval           Transfer     Bitrate         Jitter    Lost/Total Datagrams
[  6]   0.00-1.00   sec  1.25 MBytes  10.5 Mbits/sec  1.036 ms  0/903 (0%)  
[  6]   1.00-2.00   sec   898 KBytes  7.36 Mbits/sec  0.488 ms  0/635 (0%)  
[  6]   2.00-3.00   sec  1.24 MBytes  10.4 Mbits/sec  0.517 ms  0/895 (0%)  
[  6]   3.00-4.00   sec  1.32 MBytes  11.1 Mbits/sec  0.477 ms  0/953 (0%)  
[  6]   4.00-5.00   sec  1.27 MBytes  10.7 Mbits/sec  0.484 ms  0/923 (0%)  
[  6]   5.00-6.00   sec  1.49 MBytes  12.5 Mbits/sec  0.863 ms  0/1079 (0%)  
[  6]   6.00-7.00   sec  2.64 MBytes  22.2 Mbits/sec  0.478 ms  0/1914 (0%)  
[  6]   7.00-8.00   sec  2.74 MBytes  22.9 Mbits/sec  1.469 ms  0/1981 (0%)  
[  6]   8.00-9.00   sec  2.73 MBytes  22.9 Mbits/sec  0.747 ms  0/1979 (0%)  
[  6]   9.00-10.00  sec  2.65 MBytes  22.3 Mbits/sec  0.474 ms  0/1921 (0%)  
[  6]  10.00-11.00  sec  2.65 MBytes  22.3 Mbits/sec  0.545 ms  0/1922 (0%)  
[  6]  11.00-12.00  sec  2.74 MBytes  22.9 Mbits/sec  0.478 ms  0/1981 (0%)  
[  6]  12.00-13.00  sec  2.74 MBytes  22.9 Mbits/sec  2.753 ms  0/1982 (0%)  
[  6]  13.00-14.00  sec  2.73 MBytes  22.9 Mbits/sec  1.522 ms  0/1979 (0%)  
[  6]  14.00-15.00  sec  2.74 MBytes  22.9 Mbits/sec  0.846 ms  0/1981 (0%)  
[  6]  15.00-16.00  sec  2.73 MBytes  22.9 Mbits/sec  0.596 ms  0/1980 (0%)  
[  6]  16.00-17.00  sec  2.74 MBytes  22.9 Mbits/sec  0.522 ms  0/1981 (0%)  
[  6]  17.00-18.00  sec  1.82 MBytes  15.3 Mbits/sec  0.478 ms  0/1321 (0%)  
[  6]  18.00-19.00  sec  0.00 Bytes  0.00 bits/sec  0.478 ms  0/0 (0%)  
[  6]  19.00-20.00  sec  0.00 Bytes  0.00 bits/sec  0.478 ms  0/0 (0%)  
[  6]  20.00-21.00  sec  19.8 KBytes   162 Kbits/sec  92.382 ms  0/14 (0%)  
[  6]  21.00-22.00  sec   143 KBytes  1.17 Mbits/sec  7.813 ms  0/101 (0%)  
[  6]  22.00-23.00  sec  0.00 Bytes  0.00 bits/sec  7.813 ms  0/0 (0%)  
[  6]  23.00-24.00  sec  0.00 Bytes  0.00 bits/sec  7.813 ms  0/0 (0%)  
[  6]  24.00-25.00  sec  0.00 Bytes  0.00 bits/sec  7.813 ms  0/0 (0%)  
[  6]  25.00-26.00  sec  0.00 Bytes  0.00 bits/sec  7.813 ms  0/0 (0%)  
[  6]  26.00-27.00  sec  0.00 Bytes  0.00 bits/sec  7.813 ms  0/0 (0%)  
[  6]  27.00-28.00  sec  0.00 Bytes  0.00 bits/sec  7.813 ms  0/0 (0%)  
[  6]  28.00-29.00  sec  11.3 KBytes  92.7 Kbits/sec  145.566 ms  9389/9397 (1e+02%)  
[  6]  29.00-30.00  sec   349 KBytes  2.86 Mbits/sec  0.002 ms  15225/15472 (98%)  
- - - - - - - - - - - - - - - - - - - - - - - - -
[ ID] Interval           Transfer     Bitrate         Jitter    Lost/Total Datagrams
[SUM]  0.0-30.0 sec  1 datagrams received out-of-order
[  6]   0.00-30.00  sec  39.6 MBytes  11.1 Mbits/sec  0.002 ms  24614/53294 (46%)  receiver
