-----------------------------------------------------------
Server listening on 13012 (test #1)
-----------------------------------------------------------
Accepted connection from 10.0.0.13, port 55520
[  6] local 10.0.0.12 port 13012 connected to 10.0.0.13 port 44044
[ ID] Interval           Transfer     Bitrate         Jitter    Lost/Total Datagrams
[  6]   0.00-1.00   sec   485 KBytes  3.97 Mbits/sec  0.491 ms  0/343 (0%)  
[  6]   1.00-2.00   sec   650 KBytes  5.33 Mbits/sec  0.495 ms  0/460 (0%)  
[  6]   2.00-3.00   sec   655 KBytes  5.36 Mbits/sec  0.489 ms  0/463 (0%)  
[  6]   3.00-4.00   sec   635 KBytes  5.20 Mbits/sec  0.520 ms  0/449 (0%)  
[  6]   4.00-5.00   sec   629 KBytes  5.15 Mbits/sec  0.583 ms  0/445 (0%)  
[  6]   5.00-6.00   sec  1.04 MBytes  8.75 Mbits/sec  1.541 ms  0/755 (0%)  
[  6]   6.00-7.00   sec  1.46 MBytes  12.2 Mbits/sec  0.802 ms  0/1055 (0%)  
[  6]   7.00-8.00   sec  1.47 MBytes  12.3 Mbits/sec  0.541 ms  0/1061 (0%)  
[  6]   8.00-9.00   sec  1.35 MBytes  11.4 Mbits/sec  3.717 ms  0/980 (0%)  
[  6]   9.00-10.00  sec  1.41 MBytes  11.8 Mbits/sec  0.482 ms  0/1018 (0%)  
[  6]  10.00-11.00  sec  1.27 MBytes  10.7 Mbits/sec  0.487 ms  0/922 (0%)  
[  6]  11.00-12.00  sec  1.43 MBytes  12.0 Mbits/sec  0.486 ms  0/1034 (0%)  
[  6]  12.00-13.00  sec  1.28 MBytes  10.7 Mbits/sec  0.481 ms  0/925 (0%)  
[  6]  13.00-14.00  sec  1.39 MBytes  11.6 Mbits/sec  0.568 ms  0/1003 (0%)  
[  6]  14.00-15.00  sec  1.33 MBytes  11.2 Mbits/sec  0.488 ms  0/963 (0%)  
[  6]  15.00-16.00  sec  1.33 MBytes  11.2 Mbits/sec  1.630 ms  0/963 (0%)  
[  6]  16.00-17.00  sec  1.38 MBytes  11.6 Mbits/sec  0.497 ms  0/1002 (0%)  
[  6]  17.00-18.00  sec  1.11 MBytes  9.32 Mbits/sec  0.484 ms  0/805 (0%)  
[  6]  18.00-19.00  sec  0.00 Bytes  0.00 bits/sec  0.484 ms  0/0 (0%)  
[  6]  19.00-20.00  sec  0.00 Bytes  0.00 bits/sec  0.484 ms  0/0 (0%)  
[  6]  20.00-21.00  sec  0.00 Bytes  0.00 bits/sec  0.484 ms  0/0 (0%)  
[  6]  21.00-22.00  sec  0.00 Bytes  0.00 bits/sec  0.484 ms  0/0 (0%)  
[  6]  22.00-23.00  sec  0.00 Bytes  0.00 bits/sec  0.484 ms  0/0 (0%)  
[  6]  23.00-24.00  sec  0.00 Bytes  0.00 bits/sec  0.484 ms  0/0 (0%)  
[  6]  24.00-25.00  sec  0.00 Bytes  0.00 bits/sec  0.484 ms  0/0 (0%)  
[  6]  25.00-26.00  sec  24.0 KBytes   197 Kbits/sec  163.938 ms  36281/36298 (1e+02%)  
[  6]  26.00-27.00  sec  29.7 KBytes   243 Kbits/sec  44.081 ms  2746/2767 (99%)  
[  6]  27.00-28.00  sec  32.5 KBytes   267 Kbits/sec  11.894 ms  2517/2540 (99%)  
[  6]  28.00-29.00  sec  22.6 KBytes   185 Kbits/sec  5.836 ms  2624/2640 (99%)  
[  6]  29.00-30.00  sec   430 KBytes  3.52 Mbits/sec  109.930 ms  24133/24437 (99%)  
[  6]  30.00-30.28  sec  1.11 MBytes  33.0 Mbits/sec  9.068 ms  -10/796 (-1.3%)  
- - - - - - - - - - - - - - - - - - - - - - - - -
[ ID] Interval           Transfer     Bitrate         Jitter    Lost/Total Datagrams
[SUM]  0.0-30.3 sec  60 datagrams received out-of-order
[  6]   0.00-30.28  sec  21.9 MBytes  6.06 Mbits/sec  9.068 ms  68291/84124 (81%)  receiver
