-----------------------------------------------------------
Server listening on 13015 (test #1)
-----------------------------------------------------------
Accepted connection from 10.0.0.13, port 37644
[  6] local 10.0.0.15 port 13015 connected to 10.0.0.13 port 54398
[ ID] Interval           Transfer     Bitrate         Jitter    Lost/Total Datagrams
[  6]   0.00-1.00   sec   260 KBytes  2.13 Mbits/sec  0.018 ms  0/184 (0%)  
[  6]   1.00-2.00   sec   255 KBytes  2.09 Mbits/sec  0.905 ms  0/180 (0%)  
[  6]   2.00-3.00   sec   178 KBytes  1.46 Mbits/sec  2.399 ms  0/126 (0%)  
[  6]   3.00-4.00   sec   280 KBytes  2.29 Mbits/sec  5.302 ms  0/198 (0%)  
[  6]   4.00-5.00   sec   262 KBytes  2.14 Mbits/sec  5.487 ms  0/185 (0%)  
[  6]   5.00-6.00   sec   256 KBytes  2.10 Mbits/sec  6.092 ms  0/181 (0%)  
[  6]   6.00-7.00   sec   256 KBytes  2.10 Mbits/sec  6.615 ms  0/181 (0%)  
[  6]   7.00-8.00   sec   310 KBytes  2.54 Mbits/sec  5.513 ms  0/219 (0%)  
[  6]   8.00-9.00   sec   259 KBytes  2.12 Mbits/sec  6.129 ms  0/183 (0%)  
[  6]   9.00-10.00  sec   269 KBytes  2.20 Mbits/sec  5.232 ms  0/190 (0%)  
[  6]  10.00-11.00  sec   255 KBytes  2.09 Mbits/sec  6.653 ms  0/180 (0%)  
[  6]  11.00-12.00  sec   259 KBytes  2.12 Mbits/sec  5.196 ms  0/183 (0%)  
[  6]  12.00-13.00  sec   266 KBytes  2.18 Mbits/sec  5.515 ms  0/188 (0%)  
[  6]  13.00-14.00  sec   257 KBytes  2.11 Mbits/sec  5.291 ms  0/182 (0%)  
[  6]  14.00-15.00  sec   260 KBytes  2.13 Mbits/sec  5.298 ms  0/184 (0%)  
[  6]  15.00-16.00  sec   260 KBytes  2.13 Mbits/sec  5.315 ms  0/184 (0%)  
[  6]  16.00-17.00  sec   260 KBytes  2.13 Mbits/sec  5.252 ms  0/184 (0%)  
[  6]  17.00-18.00  sec   260 KBytes  2.13 Mbits/sec  5.279 ms  0/184 (0%)  
[  6]  18.00-19.00  sec   260 KBytes  2.13 Mbits/sec  5.179 ms  0/184 (0%)  
[  6]  19.00-20.00  sec   154 KBytes  1.26 Mbits/sec  5.345 ms  0/109 (0%)  
[  6]  20.00-21.00  sec  0.00 Bytes  0.00 bits/sec  5.345 ms  0/0 (0%)  
[  6]  21.00-22.00  sec  0.00 Bytes  0.00 bits/sec  5.345 ms  0/0 (0%)  
[  6]  22.00-23.00  sec  0.00 Bytes  0.00 bits/sec  5.345 ms  0/0 (0%)  
[  6]  23.00-24.00  sec  22.6 KBytes   185 Kbits/sec  95.027 ms  0/16 (0%)  
[  6]  24.00-25.00  sec  25.5 KBytes   208 Kbits/sec  66.584 ms  0/18 (0%)  
[  6]  25.00-26.00  sec  0.00 Bytes  0.00 bits/sec  66.584 ms  0/0 (0%)  
[  6]  26.00-27.00  sec  2.83 KBytes  23.2 Kbits/sec  177.772 ms  0/2 (0%)  
[  6]  27.00-28.00  sec  5.66 KBytes  46.3 Kbits/sec  153.872 ms  38/42 (90%)  
[  6]  28.00-29.00  sec  0.00 Bytes  0.00 bits/sec  153.872 ms  0/0 (0%)  
[  6]  29.00-30.00  sec  1.41 KBytes  11.6 Kbits/sec  148.817 ms  305/306 (1e+02%)  
- - - - - - - - - - - - - - - - - - - - - - - - -
[ ID] Interval           Transfer     Bitrate         Jitter    Lost/Total Datagrams
[  6]   0.00-30.00  sec  5.01 MBytes  1.40 Mbits/sec  148.817 ms  343/3973 (8.6%)  receiver
