-----------------------------------------------------------
Server listening on 13001 (test #1)
-----------------------------------------------------------
Accepted connection from 10.0.0.13, port 45930
[  6] local 10.0.0.1 port 13001 connected to 10.0.0.13 port 37559
[ ID] Interval           Transfer     Bitrate         Jitter    Lost/Total Datagrams
[  6]   0.00-1.00   sec   317 KBytes  2.59 Mbits/sec  0.226 ms  0/224 (0%)  
[  6]   1.00-2.00   sec   318 KBytes  2.61 Mbits/sec  0.021 ms  0/225 (0%)  
[  6]   2.00-3.00   sec   315 KBytes  2.59 Mbits/sec  0.925 ms  0/223 (0%)  
[  6]   3.00-4.00   sec   317 KBytes  2.59 Mbits/sec  0.098 ms  0/224 (0%)  
[  6]   4.00-5.00   sec   317 KBytes  2.59 Mbits/sec  1.738 ms  0/224 (0%)  
[  6]   5.00-6.00   sec   308 KBytes  2.53 Mbits/sec  1.214 ms  0/218 (0%)  
[  6]   6.00-7.00   sec   266 KBytes  2.18 Mbits/sec  2.474 ms  0/188 (0%)  
[  6]   7.00-8.00   sec   298 KBytes  2.44 Mbits/sec  2.397 ms  0/211 (0%)  
[  6]   8.00-9.00   sec   352 KBytes  2.88 Mbits/sec  3.174 ms  0/249 (0%)  
[  6]   9.00-10.00  sec   317 KBytes  2.59 Mbits/sec  2.790 ms  0/224 (0%)  
[  6]  10.00-11.00  sec   308 KBytes  2.53 Mbits/sec  3.005 ms  0/218 (0%)  
[  6]  11.00-12.00  sec   240 KBytes  1.97 Mbits/sec  4.920 ms  0/170 (0%)  
[  6]  12.00-13.00  sec  29.7 KBytes   243 Kbits/sec  26.269 ms  0/21 (0%)  
[  6]  13.00-14.00  sec  31.1 KBytes   255 Kbits/sec  18.851 ms  0/22 (0%)  
[  6]  14.00-15.00  sec  45.2 KBytes   371 Kbits/sec  23.789 ms  0/32 (0%)  
[  6]  15.00-16.00  sec  63.6 KBytes   521 Kbits/sec  17.060 ms  0/45 (0%)  
[  6]  16.00-17.00  sec   126 KBytes  1.03 Mbits/sec  3.426 ms  0/89 (0%)  
[  6]  17.00-18.00  sec  26.9 KBytes   220 Kbits/sec  3.287 ms  0/19 (0%)  
[  6]  18.00-19.00  sec  19.8 KBytes   162 Kbits/sec  146.709 ms  0/14 (0%)  
[  6]  19.00-20.00  sec   143 KBytes  1.17 Mbits/sec  7.892 ms  0/101 (0%)  
[  6]  20.00-21.00  sec  0.00 Bytes  0.00 bits/sec  7.892 ms  0/0 (0%)  
[  6]  21.00-22.00  sec  79.2 KBytes   649 Kbits/sec  16.661 ms  0/56 (0%)  
[  6]  22.00-23.00  sec  83.4 KBytes   683 Kbits/sec  7.884 ms  0/59 (0%)  
[  6]  23.00-24.00  sec  0.00 Bytes  0.00 bits/sec  7.884 ms  0/0 (0%)  
[  6]  24.00-25.00  sec   139 KBytes  1.14 Mbits/sec  8.242 ms  0/98 (0%)  
[  6]  25.00-26.00  sec  24.0 KBytes   197 Kbits/sec  7.872 ms  0/17 (0%)  
[  6]  26.00-27.00  sec  0.00 Bytes  0.00 bits/sec  7.872 ms  0/0 (0%)  
[  6]  27.00-28.00  sec  0.00 Bytes  0.00 bits/sec  7.872 ms  0/0 (0%)  
[  6]  28.00-29.00  sec  0.00 Bytes  0.00 bits/sec  7.872 ms  0/0 (0%)  
[  6]  29.00-30.00  sec  0.00 Bytes  0.00 bits/sec  7.872 ms  0/0 (0%)  
- - - - - - - - - - - - - - - - - - - - - - - - -
[ ID] Interval           Transfer     Bitrate         Jitter    Lost/Total Datagrams
[  6]   0.00-30.00  sec  4.38 MBytes  1.22 Mbits/sec  7.872 ms  0/3171 (0%)  receiver
