-----------------------------------------------------------
Server listening on 13017 (test #1)
-----------------------------------------------------------
Accepted connection from 10.0.0.13, port 39058
[  6] local 10.0.0.17 port 13017 connected to 10.0.0.13 port 35210
[ ID] Interval           Transfer     Bitrate         Jitter    Lost/Total Datagrams
[  6]   0.00-1.00   sec  6.88 MBytes  57.7 Mbits/sec  0.001 ms  0/4979 (0%)  
[  6]   1.00-2.00   sec  6.40 MBytes  53.6 Mbits/sec  0.119 ms  0/4633 (0%)  
[  6]   2.00-3.00   sec  4.97 MBytes  41.7 Mbits/sec  0.124 ms  0/3596 (0%)  
[  6]   3.00-4.00   sec  4.40 MBytes  36.9 Mbits/sec  0.118 ms  0/3187 (0%)  
[  6]   4.00-5.00   sec  4.40 MBytes  36.9 Mbits/sec  0.121 ms  0/3185 (0%)  
[  6]   5.00-6.00   sec  4.33 MBytes  36.3 Mbits/sec  0.136 ms  0/3135 (0%)  
[  6]   6.00-7.00   sec  3.89 MBytes  32.7 Mbits/sec  0.123 ms  0/2819 (0%)  
[  6]   7.00-8.00   sec  1.95 MBytes  16.3 Mbits/sec  0.124 ms  0/1411 (0%)  
[  6]   8.00-9.00   sec  2.26 MBytes  19.0 Mbits/sec  0.123 ms  0/1640 (0%)  
[  6]   9.00-10.00  sec  2.59 MBytes  21.7 Mbits/sec  0.117 ms  0/1875 (0%)  
[  6]  10.00-11.00  sec  2.61 MBytes  21.9 Mbits/sec  0.120 ms  0/1891 (0%)  
[  6]  11.00-12.00  sec  2.60 MBytes  21.8 Mbits/sec  0.123 ms  0/1880 (0%)  
[  6]  12.00-13.00  sec  2.72 MBytes  22.8 Mbits/sec  0.125 ms  0/1969 (0%)  
[  6]  13.00-14.00  sec  2.62 MBytes  21.9 Mbits/sec  0.118 ms  0/1895 (0%)  
[  6]  14.00-15.00  sec  2.61 MBytes  21.9 Mbits/sec  0.122 ms  0/1892 (0%)  
[  6]  15.00-16.00  sec  2.62 MBytes  22.0 Mbits/sec  0.122 ms  0/1900 (0%)  
[  6]  16.00-17.00  sec  2.62 MBytes  22.0 Mbits/sec  0.119 ms  0/1896 (0%)  
[  6]  17.00-18.00  sec  2.62 MBytes  22.0 Mbits/sec  0.119 ms  0/1898 (0%)  
[  6]  18.00-19.00  sec  2.57 MBytes  21.6 Mbits/sec  0.120 ms  0/1864 (0%)  
[  6]  19.00-20.00  sec  0.00 Bytes  0.00 bits/sec  0.120 ms  0/0 (0%)  
[  6]  20.00-21.00  sec  0.00 Bytes  0.00 bits/sec  0.120 ms  0/0 (0%)  
[  6]  21.00-22.00  sec  0.00 Bytes  0.00 bits/sec  0.120 ms  0/0 (0%)  
[  6]  22.00-23.00  sec  0.00 Bytes  0.00 bits/sec  0.120 ms  0/0 (0%)  
[  6]  23.00-24.00  sec  0.00 Bytes  0.00 bits/sec  0.120 ms  0/0 (0%)  
[  6]  24.00-25.00  sec  0.00 Bytes  0.00 bits/sec  0.120 ms  0/0 (0%)  
[  6]  25.00-26.00  sec  0.00 Bytes  0.00 bits/sec  0.120 ms  0/0 (0%)  
[  6]  26.00-27.00  sec  45.2 KBytes   371 Kbits/sec  63.291 ms  49304/49336 (1e+02%)  
[  6]  27.00-28.00  sec  86.3 KBytes   707 Kbits/sec  2.106 ms  4737/4798 (99%)  
[  6]  28.00-29.00  sec  66.5 KBytes   544 Kbits/sec  1.052 ms  4614/4661 (99%)  
[  6]  29.00-30.00  sec  60.8 KBytes   498 Kbits/sec  0.941 ms  4605/4648 (99%)  
- - - - - - - - - - - - - - - - - - - - - - - - -
[ ID] Interval           Transfer     Bitrate         Jitter    Lost/Total Datagrams
[SUM]  0.0-30.0 sec  3 datagrams received out-of-order
[  6]   0.00-30.00  sec  65.9 MBytes  18.4 Mbits/sec  0.941 ms  63260/110988 (57%)  receiver
