-----------------------------------------------------------
Server listening on 13021 (test #1)
-----------------------------------------------------------
Accepted connection from 10.0.0.13, port 49206
[  6] local 10.0.0.21 port 13021 connected to 10.0.0.13 port 60868
[ ID] Interval           Transfer     Bitrate         Jitter    Lost/Total Datagrams
[  6]   0.00-1.00   sec  1.34 MBytes  11.2 Mbits/sec  1.755 ms  0/969 (0%)  
[  6]   1.00-2.00   sec  1.06 MBytes  8.88 Mbits/sec  0.613 ms  0/767 (0%)  
[  6]   2.00-3.00   sec  1.11 MBytes  9.35 Mbits/sec  0.536 ms  0/807 (0%)  
[  6]   3.00-4.00   sec  1.07 MBytes  8.96 Mbits/sec  0.599 ms  0/773 (0%)  
[  6]   4.00-5.00   sec  1024 KBytes  8.39 Mbits/sec  0.486 ms  0/724 (0%)  
[  6]   5.00-6.00   sec  1.83 MBytes  15.4 Mbits/sec  0.599 ms  0/1326 (0%)  
[  6]   6.00-7.00   sec  2.47 MBytes  20.7 Mbits/sec  0.479 ms  0/1786 (0%)  
[  6]   7.00-8.00   sec  2.44 MBytes  20.5 Mbits/sec  0.921 ms  0/1770 (0%)  
[  6]   8.00-9.00   sec  2.47 MBytes  20.7 Mbits/sec  0.483 ms  0/1788 (0%)  
[  6]   9.00-10.00  sec  2.44 MBytes  20.5 Mbits/sec  3.366 ms  0/1768 (0%)  
[  6]  10.00-11.00  sec  2.47 MBytes  20.7 Mbits/sec  0.525 ms  0/1789 (0%)  
[  6]  11.00-12.00  sec  2.44 MBytes  20.5 Mbits/sec  0.469 ms  0/1770 (0%)  
[  6]  12.00-13.00  sec  2.46 MBytes  20.7 Mbits/sec  0.718 ms  0/1785 (0%)  
[  6]  13.00-14.00  sec  2.47 MBytes  20.7 Mbits/sec  0.486 ms  0/1787 (0%)  
[  6]  14.00-15.00  sec  2.44 MBytes  20.5 Mbits/sec  2.095 ms  0/1767 (0%)  
[  6]  15.00-16.00  sec  2.46 MBytes  20.6 Mbits/sec  0.574 ms  0/1778 (0%)  
[  6]  16.00-17.00  sec  2.46 MBytes  20.7 Mbits/sec  0.479 ms  0/1785 (0%)  
[  6]  17.00-18.00  sec   976 KBytes  7.99 Mbits/sec  0.477 ms  0/690 (0%)  
[  6]  18.00-19.00  sec  0.00 Bytes  0.00 bits/sec  0.477 ms  0/0 (0%)  
[  6]  19.00-20.00  sec  0.00 Bytes  0.00 bits/sec  0.477 ms  0/0 (0%)  
[  6]  20.00-21.00  sec  0.00 Bytes  0.00 bits/sec  0.477 ms  0/0 (0%)  
[  6]  21.00-22.00  sec  0.00 Bytes  0.00 bits/sec  0.477 ms  0/0 (0%)  
[  6]  22.00-23.00  sec  0.00 Bytes  0.00 bits/sec  0.477 ms  0/0 (0%)  
[  6]  23.00-24.00  sec  0.00 Bytes  0.00 bits/sec  0.477 ms  0/0 (0%)  
[  6]  24.00-25.00  sec  4.24 KBytes  34.8 Kbits/sec  405.720 ms  8170/8173 (1e+02%)  
[  6]  25.00-26.00  sec  18.4 KBytes   150 Kbits/sec  179.113 ms  1828/1841 (99%)  
[  6]  26.00-27.00  sec  19.8 KBytes   162 Kbits/sec  76.463 ms  1877/1891 (99%)  
[  6]  27.00-28.00  sec  18.4 KBytes   151 Kbits/sec  36.450 ms  1783/1796 (99%)  
[  6]  28.00-29.00  sec  19.8 KBytes   162 Kbits/sec  15.324 ms  1713/1727 (99%)  
[  6]  29.00-30.00  sec   454 KBytes  3.72 Mbits/sec  344.762 ms  16083/16404 (98%)  
[  6]  30.00-30.00  sec  1.41 KBytes  30.9 Mbits/sec  780.633 ms  0/1 (0%)  
- - - - - - - - - - - - - - - - - - - - - - - - -
[ ID] Interval           Transfer     Bitrate         Jitter    Lost/Total Datagrams
[SUM]  0.0-30.0 sec  13 datagrams received out-of-order
[  6]   0.00-30.00  sec  35.9 MBytes  10.0 Mbits/sec  780.633 ms  31454/57462 (55%)  receiver
