-----------------------------------------------------------
Server listening on 13022 (test #1)
-----------------------------------------------------------
Accepted connection from 10.0.0.13, port 40884
[  6] local 10.0.0.22 port 13022 connected to 10.0.0.13 port 51568
[ ID] Interval           Transfer     Bitrate         Jitter    Lost/Total Datagrams
[  6]   0.00-1.00   sec  2.57 MBytes  21.5 Mbits/sec  0.054 ms  0/1859 (0%)  
[  6]   1.00-2.00   sec  2.71 MBytes  22.7 Mbits/sec  0.102 ms  0/1960 (0%)  
[  6]   2.00-3.00   sec  2.71 MBytes  22.7 Mbits/sec  0.387 ms  0/1961 (0%)  
[  6]   3.00-4.00   sec  2.72 MBytes  22.8 Mbits/sec  0.033 ms  0/1971 (0%)  
[  6]   4.00-5.00   sec  2.21 MBytes  18.5 Mbits/sec  2.237 ms  0/1600 (0%)  
[  6]   5.00-6.00   sec  1.46 MBytes  12.2 Mbits/sec  1.024 ms  0/1056 (0%)  
[  6]   6.00-7.00   sec  1.46 MBytes  12.3 Mbits/sec  0.588 ms  0/1060 (0%)  
[  6]   7.00-8.00   sec  1.36 MBytes  11.4 Mbits/sec  3.717 ms  0/987 (0%)  
[  6]   8.00-9.00   sec  1.41 MBytes  11.8 Mbits/sec  0.499 ms  0/1019 (0%)  
[  6]   9.00-10.00  sec  1.28 MBytes  10.7 Mbits/sec  0.485 ms  0/924 (0%)  
[  6]  10.00-11.00  sec  1.43 MBytes  12.0 Mbits/sec  0.484 ms  0/1035 (0%)  
[  6]  11.00-12.00  sec  1.27 MBytes  10.7 Mbits/sec  0.481 ms  0/923 (0%)  
[  6]  12.00-13.00  sec  1.39 MBytes  11.7 Mbits/sec  0.553 ms  0/1008 (0%)  
[  6]  13.00-14.00  sec  1.34 MBytes  11.2 Mbits/sec  0.487 ms  0/967 (0%)  
[  6]  14.00-15.00  sec  1.33 MBytes  11.1 Mbits/sec  1.647 ms  0/961 (0%)  
[  6]  15.00-16.00  sec  1.39 MBytes  11.6 Mbits/sec  0.489 ms  0/1003 (0%)  
[  6]  16.00-17.00  sec  1.27 MBytes  10.7 Mbits/sec  0.487 ms  0/920 (0%)  
[  6]  17.00-18.00  sec  0.00 Bytes  0.00 bits/sec  0.487 ms  0/0 (0%)  
[  6]  18.00-19.00  sec  0.00 Bytes  0.00 bits/sec  0.487 ms  0/0 (0%)  
[  6]  19.00-20.00  sec  0.00 Bytes  0.00 bits/sec  0.487 ms  0/0 (0%)  
[  6]  20.00-21.00  sec  0.00 Bytes  0.00 bits/sec  0.487 ms  0/0 (0%)  
[  6]  21.00-22.00  sec  0.00 Bytes  0.00 bits/sec  0.487 ms  0/0 (0%)  
[  6]  22.00-23.00  sec  0.00 Bytes  0.00 bits/sec  0.487 ms  0/0 (0%)  
[  6]  23.00-24.00  sec  0.00 Bytes  0.00 bits/sec  0.487 ms  0/0 (0%)  
[  6]  24.00-25.00  sec  18.4 KBytes   151 Kbits/sec  212.413 ms  13052/13065 (1e+02%)  
[  6]  25.00-26.00  sec  17.0 KBytes   139 Kbits/sec  100.537 ms  1774/1786 (99%)  
[  6]  26.00-27.00  sec  24.0 KBytes   197 Kbits/sec  35.882 ms  1897/1914 (99%)  
[  6]  27.00-28.00  sec  19.8 KBytes   162 Kbits/sec  16.915 ms  1819/1833 (99%)  
[  6]  28.00-29.00  sec   137 KBytes  1.12 Mbits/sec  2.685 ms  17016/17113 (99%)  
[  6]  29.00-30.00  sec  2.74 MBytes  23.0 Mbits/sec  401.541 ms  -20/1965 (-1%)  
- - - - - - - - - - - - - - - - - - - - - - - - -
[ ID] Interval           Transfer     Bitrate         Jitter    Lost/Total Datagrams
[SUM]  0.0-30.0 sec  20 datagrams received out-of-order
[  6]   0.00-30.00  sec  32.2 MBytes  9.02 Mbits/sec  401.541 ms  35538/58890 (60%)  receiver
