-----------------------------------------------------------
Server listening on 13006 (test #1)
-----------------------------------------------------------
Accepted connection from 10.0.0.13, port 50462
[  6] local 10.0.0.6 port 13006 connected to 10.0.0.13 port 34149
[ ID] Interval           Transfer     Bitrate         Jitter    Lost/Total Datagrams
[  6]   0.00-1.00   sec  2.83 KBytes  23.1 Kbits/sec  0.182 ms  0/2 (0%)  
[  6]   1.00-2.00   sec  2.83 KBytes  23.2 Kbits/sec  0.351 ms  0/2 (0%)  
[  6]   2.00-3.00   sec  1.41 KBytes  11.6 Kbits/sec  0.813 ms  0/1 (0%)  
[  6]   3.00-4.00   sec  2.83 KBytes  23.2 Kbits/sec  1.321 ms  0/2 (0%)  
[  6]   4.00-5.00   sec  1.41 KBytes  11.6 Kbits/sec  2.907 ms  0/1 (0%)  
[  6]   5.00-6.00   sec  1.41 KBytes  11.6 Kbits/sec  11.686 ms  0/1 (0%)  
[  6]   6.00-7.00   sec  2.83 KBytes  23.1 Kbits/sec  13.425 ms  0/2 (0%)  
[  6]   7.00-8.00   sec  2.83 KBytes  23.2 Kbits/sec  18.514 ms  0/2 (0%)  
[  6]   8.00-9.00   sec  1.41 KBytes  11.6 Kbits/sec  18.468 ms  0/1 (0%)  
[  6]   9.00-10.00  sec  2.83 KBytes  23.1 Kbits/sec  19.338 ms  0/2 (0%)  
[  6]  10.00-11.00  sec  0.00 Bytes  0.00 bits/sec  19.338 ms  0/0 (0%)  
[  6]  11.00-12.00  sec  1.41 KBytes  11.6 Kbits/sec  72.379 ms  0/1 (0%)  
[  6]  12.00-13.00  sec  1.41 KBytes  11.6 Kbits/sec  95.389 ms  0/1 (0%)  
[  6]  13.00-14.00  sec  2.83 KBytes  23.2 Kbits/sec  138.165 ms  0/2 (0%)  
[  6]  14.00-15.00  sec  1.41 KBytes  11.6 Kbits/sec  144.596 ms  0/1 (0%)  
[  6]  15.00-16.00  sec  2.83 KBytes  23.2 Kbits/sec  181.426 ms  0/2 (0%)  
[  6]  16.00-17.00  sec  1.41 KBytes  11.6 Kbits/sec  185.209 ms  0/1 (0%)  
[  6]  17.00-18.00  sec  4.24 KBytes  34.8 Kbits/sec  220.145 ms  0/3 (0%)  
[  6]  18.00-19.00  sec  1.41 KBytes  11.6 Kbits/sec  221.395 ms  0/1 (0%)  
[  6]  19.00-20.00  sec  1.41 KBytes  11.6 Kbits/sec  223.090 ms  0/1 (0%)  
[  6]  20.00-21.00  sec  2.83 KBytes  23.2 Kbits/sec  250.356 ms  0/2 (0%)  
[  6]  21.00-22.00  sec  1.41 KBytes  11.6 Kbits/sec  249.722 ms  0/1 (0%)  
[  6]  22.00-23.00  sec  2.83 KBytes  23.2 Kbits/sec  273.818 ms  0/2 (0%)  
[  6]  23.00-24.00  sec  1.41 KBytes  11.6 Kbits/sec  271.718 ms  0/1 (0%)  
[  6]  24.00-25.00  sec  0.00 Bytes  0.00 bits/sec  271.718 ms  0/0 (0%)  
[  6]  25.00-26.00  sec  0.00 Bytes  0.00 bits/sec  271.718 ms  0/0 (0%)  
[  6]  26.00-27.00  sec  0.00 Bytes  0.00 bits/sec  271.718 ms  0/0 (0%)  
[  6]  27.00-28.00  sec  0.00 Bytes  0.00 bits/sec  271.718 ms  0/0 (0%)  
[  6]  28.00-29.00  sec  0.00 Bytes  0.00 bits/sec  271.718 ms  0/0 (0%)  
[  6]  29.00-30.00  sec  0.00 Bytes  0.00 bits/sec  271.718 ms  0/0 (0%)  
- - - - - - - - - - - - - - - - - - - - - - - - -
[ ID] Interval           Transfer     Bitrate         Jitter    Lost/Total Datagrams
[  6]   0.00-30.00  sec  49.5 KBytes  13.5 Kbits/sec  271.718 ms  0/35 (0%)  receiver
