-----------------------------------------------------------
Server listening on 13009 (test #1)
-----------------------------------------------------------
Accepted connection from 10.0.0.13, port 45314
[  6] local 10.0.0.9 port 13009 connected to 10.0.0.13 port 52904
[ ID] Interval           Transfer     Bitrate         Jitter    Lost/Total Datagrams
[  6]   0.00-1.00   sec  1.23 MBytes  10.3 Mbits/sec  0.008 ms  0/890 (0%)  
[  6]   1.00-2.00   sec  2.31 MBytes  19.4 Mbits/sec  0.004 ms  0/1676 (0%)  
[  6]   2.00-3.00   sec  1.60 MBytes  13.4 Mbits/sec  0.401 ms  0/1160 (0%)  
[  6]   3.00-4.00   sec   496 KBytes  4.07 Mbits/sec  0.498 ms  0/351 (0%)  
[  6]   4.00-5.00   sec   650 KBytes  5.33 Mbits/sec  0.494 ms  0/460 (0%)  
[  6]   5.00-6.00   sec   655 KBytes  5.36 Mbits/sec  0.494 ms  0/463 (0%)  
[  6]   6.00-7.00   sec   653 KBytes  5.36 Mbits/sec  0.481 ms  0/462 (0%)  
[  6]   7.00-8.00   sec   977 KBytes  8.00 Mbits/sec  0.124 ms  0/691 (0%)  
[  6]   8.00-9.00   sec  1.95 MBytes  16.4 Mbits/sec  0.129 ms  0/1413 (0%)  
[  6]   9.00-10.00  sec  2.27 MBytes  19.0 Mbits/sec  0.122 ms  0/1643 (0%)  
[  6]  10.00-11.00  sec  2.58 MBytes  21.6 Mbits/sec  0.123 ms  0/1868 (0%)  
[  6]  11.00-12.00  sec  2.62 MBytes  22.0 Mbits/sec  0.124 ms  0/1898 (0%)  
[  6]  12.00-13.00  sec  2.60 MBytes  21.8 Mbits/sec  0.123 ms  0/1882 (0%)  
[  6]  13.00-14.00  sec  2.70 MBytes  22.6 Mbits/sec  0.133 ms  0/1952 (0%)  
[  6]  14.00-15.00  sec  2.62 MBytes  22.0 Mbits/sec  0.117 ms  0/1899 (0%)  
[  6]  15.00-16.00  sec  2.61 MBytes  21.9 Mbits/sec  0.122 ms  0/1891 (0%)  
[  6]  16.00-17.00  sec  2.59 MBytes  21.7 Mbits/sec  0.139 ms  0/1876 (0%)  
[  6]  17.00-18.00  sec  2.63 MBytes  22.1 Mbits/sec  0.123 ms  0/1908 (0%)  
[  6]  18.00-19.00  sec  2.63 MBytes  22.1 Mbits/sec  0.118 ms  0/1904 (0%)  
[  6]  19.00-20.00  sec  2.53 MBytes  21.3 Mbits/sec  0.490 ms  0/1835 (0%)  
[  6]  20.00-21.00  sec  29.7 KBytes   243 Kbits/sec  0.479 ms  0/21 (0%)  
[  6]  21.00-22.00  sec  0.00 Bytes  0.00 bits/sec  0.479 ms  0/0 (0%)  
[  6]  22.00-23.00  sec  0.00 Bytes  0.00 bits/sec  0.479 ms  0/0 (0%)  
[  6]  23.00-24.00  sec  0.00 Bytes  0.00 bits/sec  0.479 ms  0/0 (0%)  
[  6]  24.00-25.00  sec  0.00 Bytes  0.00 bits/sec  0.479 ms  0/0 (0%)  
[  6]  25.00-26.00  sec  0.00 Bytes  0.00 bits/sec  0.479 ms  0/0 (0%)  
[  6]  26.00-27.00  sec   154 KBytes  1.26 Mbits/sec  8.046 ms  0/109 (0%)  
[  6]  27.00-28.00  sec  8.48 KBytes  69.5 Kbits/sec  7.931 ms  0/6 (0%)  
[  6]  28.00-29.00  sec  0.00 Bytes  0.00 bits/sec  7.931 ms  0/0 (0%)  
[  6]  29.00-30.00  sec  0.00 Bytes  0.00 bits/sec  7.931 ms  0/0 (0%)  
[  6]  30.00-30.47  sec  0.00 Bytes  0.00 bits/sec  7.931 ms  0/0 (0%)  
- - - - - - - - - - - - - - - - - - - - - - - - -
[ ID] Interval           Transfer     Bitrate         Jitter    Lost/Total Datagrams
[  6]   0.00-30.47  sec  39.0 MBytes  10.7 Mbits/sec  7.931 ms  0/28258 (0%)  receiver
