-----------------------------------------------------------
Server listening on 15013 (test #1)
-----------------------------------------------------------
Accepted connection from 10.0.0.15, port 55046
[  6] local 10.0.0.13 port 15013 connected to 10.0.0.15 port 56103
[ ID] Interval           Transfer     Bitrate         Jitter    Lost/Total Datagrams
[  6]   0.00-1.00   sec  19.8 KBytes   162 Kbits/sec  0.009 ms  0/14 (0%)  
[  6]   1.00-2.00   sec  19.8 KBytes   162 Kbits/sec  0.009 ms  0/14 (0%)  
[  6]   2.00-3.00   sec  19.8 KBytes   162 Kbits/sec  0.006 ms  0/14 (0%)  
[  6]   3.00-4.00   sec  19.8 KBytes   162 Kbits/sec  0.018 ms  0/14 (0%)  
[  6]   4.00-5.00   sec  19.8 KBytes   162 Kbits/sec  0.022 ms  0/14 (0%)  
[  6]   5.00-6.00   sec  21.2 KBytes   174 Kbits/sec  0.037 ms  0/15 (0%)  
[  6]   6.00-7.00   sec  19.8 KBytes   162 Kbits/sec  0.021 ms  0/14 (0%)  
[  6]   7.00-8.00   sec  19.8 KBytes   162 Kbits/sec  0.015 ms  0/14 (0%)  
[  6]   8.00-9.00   sec  19.8 KBytes   162 Kbits/sec  0.049 ms  0/14 (0%)  
[  6]   9.00-10.00  sec  19.8 KBytes   162 Kbits/sec  0.035 ms  0/14 (0%)  
[  6]  10.00-11.00  sec  19.8 KBytes   162 Kbits/sec  0.025 ms  0/14 (0%)  
[  6]  11.00-12.00  sec  19.8 KBytes   162 Kbits/sec  0.021 ms  0/14 (0%)  
[  6]  12.00-13.00  sec  21.2 KBytes   174 Kbits/sec  0.011 ms  0/15 (0%)  
[  6]  13.00-14.00  sec  19.8 KBytes   162 Kbits/sec  0.011 ms  0/14 (0%)  
[  6]  14.00-15.00  sec  19.8 KBytes   162 Kbits/sec  0.007 ms  0/14 (0%)  
[  6]  15.00-16.00  sec  19.8 KBytes   162 Kbits/sec  0.005 ms  0/14 (0%)  
[  6]  16.00-17.00  sec  19.8 KBytes   162 Kbits/sec  0.008 ms  0/14 (0%)  
[  6]  17.00-18.00  sec  19.8 KBytes   162 Kbits/sec  0.009 ms  0/14 (0%)  
[  6]  18.00-19.00  sec  19.8 KBytes   162 Kbits/sec  0.008 ms  0/14 (0%)  
[  6]  19.00-20.00  sec  21.2 KBytes   174 Kbits/sec  0.012 ms  0/15 (0%)  
[  6]  20.00-21.00  sec  19.8 KBytes   162 Kbits/sec  0.037 ms  0/14 (0%)  
[  6]  21.00-22.00  sec  19.8 KBytes   162 Kbits/sec  0.028 ms  0/14 (0%)  
[  6]  22.00-23.00  sec  19.8 KBytes   162 Kbits/sec  0.020 ms  0/14 (0%)  
[  6]  23.00-24.00  sec  19.8 KBytes   162 Kbits/sec  0.016 ms  0/14 (0%)  
[  6]  24.00-25.00  sec  19.8 KBytes   162 Kbits/sec  0.013 ms  0/14 (0%)  
[  6]  25.00-26.00  sec  19.8 KBytes   162 Kbits/sec  0.009 ms  0/14 (0%)  
[  6]  26.00-27.00  sec  21.2 KBytes   174 Kbits/sec  0.017 ms  0/15 (0%)  
[  6]  27.00-28.00  sec  19.8 KBytes   162 Kbits/sec  0.017 ms  0/14 (0%)  
[  6]  28.00-29.00  sec  19.8 KBytes   162 Kbits/sec  0.021 ms  0/14 (0%)  
[  6]  29.00-30.00  sec  19.8 KBytes   162 Kbits/sec  0.035 ms  0/14 (0%)  
[  6]  30.00-30.06  sec  1.41 KBytes   190 Kbits/sec  0.036 ms  0/1 (0%)  
- - - - - - - - - - - - - - - - - - - - - - - - -
[ ID] Interval           Transfer     Bitrate         Jitter    Lost/Total Datagrams
[  6]   0.00-30.06  sec   601 KBytes   164 Kbits/sec  0.036 ms  0/425 (0%)  receiver
