-----------------------------------------------------------
Server listening on 15004 (test #1)
-----------------------------------------------------------
Accepted connection from 10.0.0.15, port 59846
[  6] local 10.0.0.4 port 15004 connected to 10.0.0.15 port 48864
[ ID] Interval           Transfer     Bitrate         Jitter    Lost/Total Datagrams
[  6]   0.00-1.00   sec   273 KBytes  2.23 Mbits/sec  5.814 ms  0/193 (0%)  
[  6]   1.00-2.00   sec   344 KBytes  2.82 Mbits/sec  5.213 ms  0/243 (0%)  
[  6]   2.00-3.00   sec   335 KBytes  2.74 Mbits/sec  5.444 ms  0/237 (0%)  
[  6]   3.00-4.00   sec   342 KBytes  2.80 Mbits/sec  5.144 ms  0/242 (0%)  
[  6]   4.00-5.00   sec   342 KBytes  2.80 Mbits/sec  5.184 ms  0/242 (0%)  
[  6]   5.00-6.00   sec   337 KBytes  2.76 Mbits/sec  5.386 ms  0/238 (0%)  
[  6]   6.00-7.00   sec   339 KBytes  2.78 Mbits/sec  5.233 ms  0/240 (0%)  
[  6]   7.00-8.00   sec   338 KBytes  2.77 Mbits/sec  5.758 ms  0/239 (0%)  
[  6]   8.00-9.00   sec   344 KBytes  2.81 Mbits/sec  5.213 ms  0/243 (0%)  
[  6]   9.00-10.00  sec   337 KBytes  2.76 Mbits/sec  5.496 ms  0/238 (0%)  
[  6]  10.00-11.00  sec   338 KBytes  2.77 Mbits/sec  5.384 ms  0/239 (0%)  
[  6]  11.00-12.00  sec   351 KBytes  2.87 Mbits/sec  7.794 ms  0/248 (0%)  
[  6]  12.00-13.00  sec   339 KBytes  2.78 Mbits/sec  0.020 ms  0/240 (0%)  
[  6]  13.00-14.00  sec   338 KBytes  2.77 Mbits/sec  0.009 ms  0/239 (0%)  
[  6]  14.00-15.00  sec   339 KBytes  2.78 Mbits/sec  0.014 ms  0/240 (0%)  
[  6]  15.00-16.00  sec   339 KBytes  2.78 Mbits/sec  0.002 ms  0/240 (0%)  
[  6]  16.00-17.00  sec   339 KBytes  2.78 Mbits/sec  0.001 ms  0/240 (0%)  
[  6]  17.00-18.00  sec   339 KBytes  2.78 Mbits/sec  0.002 ms  0/240 (0%)  
[  6]  18.00-19.00  sec   339 KBytes  2.78 Mbits/sec  0.002 ms  0/240 (0%)  
[  6]  19.00-20.00  sec   339 KBytes  2.78 Mbits/sec  0.005 ms  0/240 (0%)  
[  6]  20.00-21.00  sec   339 KBytes  2.78 Mbits/sec  0.005 ms  0/240 (0%)  
[  6]  21.00-22.00  sec   339 KBytes  2.78 Mbits/sec  0.004 ms  0/240 (0%)  
[  6]  22.00-23.00  sec   339 KBytes  2.78 Mbits/sec  0.001 ms  0/240 (0%)  
[  6]  23.00-24.00  sec   339 KBytes  2.78 Mbits/sec  0.003 ms  0/240 (0%)  
[  6]  24.00-25.00  sec   339 KBytes  2.78 Mbits/sec  0.006 ms  0/240 (0%)  
[  6]  25.00-26.00  sec   339 KBytes  2.78 Mbits/sec  0.005 ms  0/240 (0%)  
[  6]  26.00-27.00  sec   339 KBytes  2.78 Mbits/sec  0.008 ms  0/240 (0%)  
[  6]  27.00-28.00  sec   339 KBytes  2.78 Mbits/sec  0.437 ms  0/240 (0%)  
[  6]  28.00-29.00  sec   339 KBytes  2.78 Mbits/sec  0.327 ms  0/240 (0%)  
[  6]  29.00-30.00  sec   339 KBytes  2.78 Mbits/sec  0.112 ms  0/240 (0%)  
[  6]  30.00-30.16  sec  55.1 KBytes  2.79 Mbits/sec  0.155 ms  0/39 (0%)  
- - - - - - - - - - - - - - - - - - - - - - - - -
[ ID] Interval           Transfer     Bitrate         Jitter    Lost/Total Datagrams
[SUM]  0.0-30.2 sec  7 datagrams received out-of-order
[  6]   0.00-30.16  sec  9.94 MBytes  2.77 Mbits/sec  0.155 ms  0/7200 (0%)  receiver
