-----------------------------------------------------------
Server listening on 16011 (test #1)
-----------------------------------------------------------
Accepted connection from 10.0.0.16, port 49868
[  6] local 10.0.0.11 port 16011 connected to 10.0.0.16 port 47041
[ ID] Interval           Transfer     Bitrate         Jitter    Lost/Total Datagrams
[  6]   0.00-1.00   sec  12.7 KBytes   104 Kbits/sec  0.007 ms  0/9 (0%)  
[  6]   1.00-2.00   sec  11.3 KBytes  92.7 Kbits/sec  0.005 ms  0/8 (0%)  
[  6]   2.00-3.00   sec  11.3 KBytes  92.7 Kbits/sec  0.011 ms  0/8 (0%)  
[  6]   3.00-4.00   sec  11.3 KBytes  92.7 Kbits/sec  0.013 ms  0/8 (0%)  
[  6]   4.00-5.00   sec  11.3 KBytes  92.6 Kbits/sec  0.012 ms  0/8 (0%)  
[  6]   5.00-6.00   sec  12.7 KBytes   104 Kbits/sec  11.725 ms  0/9 (0%)  
[  6]   6.00-7.00   sec  11.3 KBytes  92.7 Kbits/sec  15.072 ms  0/8 (0%)  
[  6]   7.00-8.00   sec  11.3 KBytes  92.8 Kbits/sec  16.809 ms  0/8 (0%)  
[  6]   8.00-9.00   sec  11.3 KBytes  92.6 Kbits/sec  16.372 ms  0/8 (0%)  
[  6]   9.00-10.00  sec  12.7 KBytes   104 Kbits/sec  13.261 ms  0/9 (0%)  
[  6]  10.00-11.00  sec  11.3 KBytes  92.7 Kbits/sec  13.919 ms  0/8 (0%)  
[  6]  11.00-12.00  sec  11.3 KBytes  92.7 Kbits/sec  17.449 ms  0/8 (0%)  
[  6]  12.00-13.00  sec  11.3 KBytes  92.7 Kbits/sec  19.772 ms  0/8 (0%)  
[  6]  13.00-14.00  sec  11.3 KBytes  92.7 Kbits/sec  20.556 ms  0/8 (0%)  
[  6]  14.00-15.00  sec  11.3 KBytes  92.6 Kbits/sec  21.002 ms  0/8 (0%)  
[  6]  15.00-16.00  sec  12.7 KBytes   104 Kbits/sec  21.780 ms  0/9 (0%)  
[  6]  16.00-17.00  sec  11.3 KBytes  92.6 Kbits/sec  23.151 ms  0/8 (0%)  
[  6]  17.00-18.00  sec  11.3 KBytes  92.7 Kbits/sec  22.352 ms  0/8 (0%)  
[  6]  18.00-19.00  sec  11.3 KBytes  92.6 Kbits/sec  21.712 ms  0/8 (0%)  
[  6]  19.00-20.00  sec  12.7 KBytes   104 Kbits/sec  19.450 ms  0/9 (0%)  
[  6]  20.00-21.00  sec  11.3 KBytes  92.6 Kbits/sec  19.642 ms  0/8 (0%)  
[  6]  21.00-22.00  sec  11.3 KBytes  92.8 Kbits/sec  20.388 ms  0/8 (0%)  
[  6]  22.00-23.00  sec  11.3 KBytes  92.6 Kbits/sec  20.967 ms  0/8 (0%)  
[  6]  23.00-24.00  sec  9.90 KBytes  81.1 Kbits/sec  36.959 ms  0/7 (0%)  
[  6]  24.00-25.00  sec  9.90 KBytes  81.0 Kbits/sec  39.010 ms  0/7 (0%)  
[  6]  25.00-26.00  sec  11.3 KBytes  92.7 Kbits/sec  32.574 ms  0/8 (0%)  
[  6]  26.00-27.00  sec  11.3 KBytes  92.6 Kbits/sec  27.682 ms  0/8 (0%)  
[  6]  27.00-28.00  sec  12.7 KBytes   104 Kbits/sec  21.859 ms  0/9 (0%)  
[  6]  28.00-29.00  sec  12.7 KBytes   104 Kbits/sec  22.458 ms  0/9 (0%)  
[  6]  29.00-30.00  sec  11.3 KBytes  92.7 Kbits/sec  21.777 ms  0/8 (0%)  
[  6]  30.00-30.17  sec  1.41 KBytes  69.6 Kbits/sec  21.235 ms  0/1 (0%)  
- - - - - - - - - - - - - - - - - - - - - - - - -
[ ID] Interval           Transfer     Bitrate         Jitter    Lost/Total Datagrams
[  6]   0.00-30.17  sec   348 KBytes  94.5 Kbits/sec  21.235 ms  0/246 (0%)  receiver
