-----------------------------------------------------------
Server listening on 16012 (test #1)
-----------------------------------------------------------
Accepted connection from 10.0.0.16, port 48448
[  6] local 10.0.0.12 port 16012 connected to 10.0.0.16 port 46833
[ ID] Interval           Transfer     Bitrate         Jitter    Lost/Total Datagrams
[  6]   0.00-1.00   sec   252 KBytes  2.06 Mbits/sec  0.007 ms  0/178 (0%)  
[  6]   1.00-2.00   sec   252 KBytes  2.06 Mbits/sec  0.001 ms  0/178 (0%)  
[  6]   2.00-3.00   sec   252 KBytes  2.06 Mbits/sec  0.007 ms  0/178 (0%)  
[  6]   3.00-4.00   sec   250 KBytes  2.05 Mbits/sec  0.003 ms  0/177 (0%)  
[  6]   4.00-5.00   sec   252 KBytes  2.06 Mbits/sec  0.001 ms  0/178 (0%)  
[  6]   5.00-6.00   sec   250 KBytes  2.05 Mbits/sec  0.005 ms  0/177 (0%)  
[  6]   6.00-7.00   sec   252 KBytes  2.06 Mbits/sec  0.009 ms  0/178 (0%)  
[  6]   7.00-8.00   sec   252 KBytes  2.06 Mbits/sec  0.005 ms  0/178 (0%)  
[  6]   8.00-9.00   sec   250 KBytes  2.05 Mbits/sec  0.005 ms  0/177 (0%)  
[  6]   9.00-10.00  sec   252 KBytes  2.06 Mbits/sec  0.007 ms  0/178 (0%)  
[  6]  10.00-11.00  sec   252 KBytes  2.06 Mbits/sec  0.007 ms  0/178 (0%)  
[  6]  11.00-12.00  sec   250 KBytes  2.05 Mbits/sec  0.022 ms  0/177 (0%)  
[  6]  12.00-13.00  sec   252 KBytes  2.06 Mbits/sec  0.022 ms  0/178 (0%)  
[  6]  13.00-14.00  sec   252 KBytes  2.06 Mbits/sec  0.025 ms  0/178 (0%)  
[  6]  14.00-15.00  sec   250 KBytes  2.05 Mbits/sec  0.006 ms  0/177 (0%)  
[  6]  15.00-16.00  sec   252 KBytes  2.06 Mbits/sec  0.004 ms  0/178 (0%)  
[  6]  16.00-17.00  sec   250 KBytes  2.05 Mbits/sec  0.008 ms  0/177 (0%)  
[  6]  17.00-18.00  sec   252 KBytes  2.06 Mbits/sec  0.010 ms  0/178 (0%)  
[  6]  18.00-19.00  sec   252 KBytes  2.06 Mbits/sec  0.013 ms  0/178 (0%)  
[  6]  19.00-20.00  sec   250 KBytes  2.05 Mbits/sec  0.009 ms  0/177 (0%)  
[  6]  20.00-21.00  sec   252 KBytes  2.06 Mbits/sec  0.005 ms  0/178 (0%)  
[  6]  21.00-22.00  sec   252 KBytes  2.06 Mbits/sec  0.015 ms  0/178 (0%)  
[  6]  22.00-23.00  sec   250 KBytes  2.05 Mbits/sec  0.003 ms  0/177 (0%)  
[  6]  23.00-24.00  sec   228 KBytes  1.86 Mbits/sec  3.312 ms  0/161 (0%)  
[  6]  24.00-25.00  sec   260 KBytes  2.13 Mbits/sec  3.775 ms  0/184 (0%)  
[  6]  25.00-26.00  sec   246 KBytes  2.02 Mbits/sec  3.410 ms  0/174 (0%)  
[  6]  26.00-27.00  sec   256 KBytes  2.10 Mbits/sec  4.058 ms  0/181 (0%)  
[  6]  27.00-28.00  sec   249 KBytes  2.04 Mbits/sec  3.909 ms  0/176 (0%)  
[  6]  28.00-29.00  sec   253 KBytes  2.08 Mbits/sec  3.825 ms  0/179 (0%)  
[  6]  29.00-30.00  sec   252 KBytes  2.06 Mbits/sec  4.256 ms  0/178 (0%)  
- - - - - - - - - - - - - - - - - - - - - - - - -
[ ID] Interval           Transfer     Bitrate         Jitter    Lost/Total Datagrams
[  6]   0.00-30.00  sec  7.35 MBytes  2.05 Mbits/sec  4.256 ms  0/5319 (0%)  receiver
