-----------------------------------------------------------
Server listening on 16019 (test #1)
-----------------------------------------------------------
Accepted connection from 10.0.0.16, port 59464
[  6] local 10.0.0.19 port 16019 connected to 10.0.0.16 port 50802
[ ID] Interval           Transfer     Bitrate         Jitter    Lost/Total Datagrams
[  6]   0.00-1.00   sec   416 KBytes  3.40 Mbits/sec  0.002 ms  0/294 (0%)  
[  6]   1.00-2.00   sec   414 KBytes  3.39 Mbits/sec  0.004 ms  0/293 (0%)  
[  6]   2.00-3.00   sec   413 KBytes  3.38 Mbits/sec  0.004 ms  0/292 (0%)  
[  6]   3.00-4.00   sec   414 KBytes  3.39 Mbits/sec  0.001 ms  0/293 (0%)  
[  6]   4.00-5.00   sec   414 KBytes  3.39 Mbits/sec  0.017 ms  0/293 (0%)  
[  6]   5.00-6.00   sec   414 KBytes  3.40 Mbits/sec  0.009 ms  0/293 (0%)  
[  6]   6.00-7.00   sec   414 KBytes  3.39 Mbits/sec  0.007 ms  0/293 (0%)  
[  6]   7.00-8.00   sec   414 KBytes  3.39 Mbits/sec  0.006 ms  0/293 (0%)  
[  6]   8.00-9.00   sec   397 KBytes  3.26 Mbits/sec  4.331 ms  0/281 (0%)  
[  6]   9.00-10.00  sec   417 KBytes  3.42 Mbits/sec  4.217 ms  0/295 (0%)  
[  6]  10.00-11.00  sec   417 KBytes  3.42 Mbits/sec  3.415 ms  0/295 (0%)  
[  6]  11.00-12.00  sec   416 KBytes  3.41 Mbits/sec  3.381 ms  0/294 (0%)  
[  6]  12.00-13.00  sec   410 KBytes  3.36 Mbits/sec  3.794 ms  0/290 (0%)  
[  6]  13.00-14.00  sec   416 KBytes  3.41 Mbits/sec  3.195 ms  0/294 (0%)  
[  6]  14.00-15.00  sec   414 KBytes  3.39 Mbits/sec  3.198 ms  0/293 (0%)  
[  6]  15.00-16.00  sec   411 KBytes  3.37 Mbits/sec  3.245 ms  0/291 (0%)  
[  6]  16.00-17.00  sec   419 KBytes  3.43 Mbits/sec  3.258 ms  0/296 (0%)  
[  6]  17.00-18.00  sec   413 KBytes  3.38 Mbits/sec  3.478 ms  0/292 (0%)  
[  6]  18.00-19.00  sec   410 KBytes  3.36 Mbits/sec  3.241 ms  0/290 (0%)  
[  6]  19.00-20.00  sec   420 KBytes  3.44 Mbits/sec  3.235 ms  0/297 (0%)  
[  6]  20.00-21.00  sec   404 KBytes  3.31 Mbits/sec  3.137 ms  0/286 (0%)  
[  6]  21.00-22.00  sec   402 KBytes  3.29 Mbits/sec  2.406 ms  0/284 (0%)  
[  6]  22.00-23.00  sec   416 KBytes  3.40 Mbits/sec  2.886 ms  0/294 (0%)  
[  6]  23.00-24.00  sec   417 KBytes  3.42 Mbits/sec  1.873 ms  0/295 (0%)  
[  6]  24.00-25.00  sec   419 KBytes  3.43 Mbits/sec  2.391 ms  0/296 (0%)  
[  6]  25.00-26.00  sec   413 KBytes  3.38 Mbits/sec  1.959 ms  0/292 (0%)  
[  6]  26.00-27.00  sec   416 KBytes  3.41 Mbits/sec  2.538 ms  0/294 (0%)  
[  6]  27.00-28.00  sec   419 KBytes  3.43 Mbits/sec  2.179 ms  0/296 (0%)  
[  6]  28.00-29.00  sec   410 KBytes  3.36 Mbits/sec  3.043 ms  0/290 (0%)  
[  6]  29.00-30.00  sec   431 KBytes  3.53 Mbits/sec  1.508 ms  0/305 (0%)  
- - - - - - - - - - - - - - - - - - - - - - - - -
[ ID] Interval           Transfer     Bitrate         Jitter    Lost/Total Datagrams
[  6]   0.00-30.00  sec  12.1 MBytes  3.39 Mbits/sec  1.508 ms  0/8784 (0%)  receiver
