-----------------------------------------------------------
Server listening on 16014 (test #1)
-----------------------------------------------------------
Accepted connection from 10.0.0.16, port 39958
[  6] local 10.0.0.14 port 16014 connected to 10.0.0.16 port 36741
[ ID] Interval           Transfer     Bitrate         Jitter    Lost/Total Datagrams
[  6]   0.00-1.00   sec  18.4 KBytes   150 Kbits/sec  0.004 ms  0/13 (0%)  
[  6]   1.00-2.00   sec  18.4 KBytes   151 Kbits/sec  0.006 ms  0/13 (0%)  
[  6]   2.00-3.00   sec  18.4 KBytes   151 Kbits/sec  0.004 ms  0/13 (0%)  
[  6]   3.00-4.00   sec  18.4 KBytes   151 Kbits/sec  0.003 ms  0/13 (0%)  
[  6]   4.00-5.00   sec  18.4 KBytes   151 Kbits/sec  0.004 ms  0/13 (0%)  
[  6]   5.00-6.00   sec  2.83 KBytes  23.2 Kbits/sec  33.404 ms  0/2 (0%)  
[  6]   6.00-7.00   sec  5.66 KBytes  46.3 Kbits/sec  88.802 ms  0/4 (0%)  
[  6]   7.00-8.00   sec  21.2 KBytes   174 Kbits/sec  110.801 ms  0/15 (0%)  
[  6]   8.00-9.00   sec  21.2 KBytes   174 Kbits/sec  115.069 ms  0/15 (0%)  
[  6]   9.00-10.00  sec  8.48 KBytes  69.5 Kbits/sec  142.302 ms  0/6 (0%)  
[  6]  10.00-11.00  sec  24.0 KBytes   197 Kbits/sec  104.320 ms  0/17 (0%)  
[  6]  11.00-12.00  sec  22.6 KBytes   185 Kbits/sec  85.392 ms  0/16 (0%)  
[  6]  12.00-13.00  sec  18.4 KBytes   151 Kbits/sec  98.048 ms  0/13 (0%)  
[  6]  13.00-14.00  sec  18.4 KBytes   150 Kbits/sec  102.979 ms  0/13 (0%)  
[  6]  14.00-15.00  sec  17.0 KBytes   139 Kbits/sec  107.798 ms  0/12 (0%)  
[  6]  15.00-16.00  sec  18.4 KBytes   151 Kbits/sec  107.286 ms  0/13 (0%)  
[  6]  16.00-17.00  sec  18.4 KBytes   151 Kbits/sec  106.716 ms  0/13 (0%)  
[  6]  17.00-18.00  sec  18.4 KBytes   151 Kbits/sec  116.976 ms  0/13 (0%)  
[  6]  18.00-19.00  sec  17.0 KBytes   139 Kbits/sec  105.174 ms  0/12 (0%)  
[  6]  19.00-20.00  sec  18.4 KBytes   151 Kbits/sec  106.508 ms  0/13 (0%)  
[  6]  20.00-21.00  sec  18.4 KBytes   151 Kbits/sec  107.085 ms  0/13 (0%)  
[  6]  21.00-22.00  sec  19.8 KBytes   162 Kbits/sec  155.585 ms  14/28 (50%)  
[  6]  22.00-23.00  sec  31.1 KBytes   255 Kbits/sec  262.885 ms  -13/9 (-1.4e+02%)  
[  6]  23.00-24.00  sec  9.90 KBytes  81.0 Kbits/sec  293.526 ms  -1/6 (-17%)  
[  6]  24.00-25.00  sec  9.90 KBytes  81.1 Kbits/sec  244.172 ms  0/7 (0%)  
[  6]  25.00-26.00  sec  17.0 KBytes   139 Kbits/sec  173.137 ms  0/12 (0%)  
[  6]  26.00-27.00  sec  18.4 KBytes   151 Kbits/sec  135.986 ms  0/13 (0%)  
[  6]  27.00-28.00  sec  18.4 KBytes   151 Kbits/sec  119.932 ms  0/13 (0%)  
[  6]  28.00-29.00  sec  18.4 KBytes   151 Kbits/sec  112.972 ms  0/13 (0%)  
[  6]  29.00-30.00  sec  17.0 KBytes   139 Kbits/sec  112.652 ms  0/12 (0%)  
- - - - - - - - - - - - - - - - - - - - - - - - -
[ ID] Interval           Transfer     Bitrate         Jitter    Lost/Total Datagrams
[SUM]  0.0-30.0 sec  14 datagrams received out-of-order
[  6]   0.00-30.00  sec   520 KBytes   142 Kbits/sec  112.652 ms  0/368 (0%)  receiver
