-----------------------------------------------------------
Server listening on 16013 (test #1)
-----------------------------------------------------------
Accepted connection from 10.0.0.16, port 43766
[  6] local 10.0.0.13 port 16013 connected to 10.0.0.16 port 34227
[ ID] Interval           Transfer     Bitrate         Jitter    Lost/Total Datagrams
[  6]   0.00-1.00   sec  28.3 KBytes   232 Kbits/sec  0.008 ms  0/20 (0%)  
[  6]   1.00-2.00   sec  28.3 KBytes   232 Kbits/sec  0.005 ms  0/20 (0%)  
[  6]   2.00-3.00   sec  28.3 KBytes   232 Kbits/sec  0.004 ms  0/20 (0%)  
[  6]   3.00-4.00   sec  28.3 KBytes   232 Kbits/sec  0.005 ms  0/20 (0%)  
[  6]   4.00-5.00   sec  26.9 KBytes   220 Kbits/sec  0.008 ms  0/19 (0%)  
[  6]   5.00-6.00   sec  28.3 KBytes   232 Kbits/sec  0.009 ms  0/20 (0%)  
[  6]   6.00-7.00   sec  28.3 KBytes   231 Kbits/sec  0.018 ms  0/20 (0%)  
[  6]   7.00-8.00   sec  26.9 KBytes   220 Kbits/sec  0.020 ms  0/19 (0%)  
[  6]   8.00-9.00   sec  28.3 KBytes   231 Kbits/sec  0.027 ms  0/20 (0%)  
[  6]   9.00-10.00  sec  28.3 KBytes   232 Kbits/sec  0.016 ms  0/20 (0%)  
[  6]  10.00-11.00  sec  26.9 KBytes   220 Kbits/sec  3.318 ms  0/19 (0%)  
[  6]  11.00-12.00  sec  28.3 KBytes   232 Kbits/sec  1.901 ms  0/20 (0%)  
[  6]  12.00-13.00  sec  28.3 KBytes   232 Kbits/sec  3.558 ms  0/20 (0%)  
[  6]  13.00-14.00  sec  26.9 KBytes   220 Kbits/sec  4.898 ms  0/19 (0%)  
[  6]  14.00-15.00  sec  28.3 KBytes   232 Kbits/sec  5.013 ms  0/20 (0%)  
[  6]  15.00-16.00  sec  28.3 KBytes   232 Kbits/sec  4.219 ms  0/20 (0%)  
[  6]  16.00-17.00  sec  28.3 KBytes   232 Kbits/sec  4.768 ms  0/20 (0%)  
[  6]  17.00-18.00  sec  26.9 KBytes   220 Kbits/sec  4.857 ms  0/19 (0%)  
[  6]  18.00-19.00  sec  28.3 KBytes   232 Kbits/sec  4.906 ms  0/20 (0%)  
[  6]  19.00-20.00  sec  28.3 KBytes   232 Kbits/sec  5.836 ms  0/20 (0%)  
[  6]  20.00-21.00  sec  26.9 KBytes   220 Kbits/sec  5.091 ms  0/19 (0%)  
[  6]  21.00-22.00  sec  28.3 KBytes   232 Kbits/sec  5.215 ms  0/20 (0%)  
[  6]  22.00-23.00  sec  26.9 KBytes   220 Kbits/sec  14.067 ms  0/19 (0%)  
[  6]  23.00-24.00  sec  28.3 KBytes   232 Kbits/sec  20.855 ms  0/20 (0%)  
[  6]  24.00-25.00  sec  28.3 KBytes   232 Kbits/sec  15.967 ms  0/20 (0%)  
[  6]  25.00-26.00  sec  26.9 KBytes   220 Kbits/sec  19.673 ms  0/19 (0%)  
[  6]  26.00-27.00  sec  29.7 KBytes   243 Kbits/sec  10.565 ms  0/21 (0%)  
[  6]  27.00-28.00  sec  26.9 KBytes   220 Kbits/sec  8.874 ms  0/19 (0%)  
[  6]  28.00-29.00  sec  28.3 KBytes   232 Kbits/sec  8.186 ms  0/20 (0%)  
[  6]  29.00-30.00  sec  28.3 KBytes   232 Kbits/sec  7.962 ms  0/20 (0%)  
- - - - - - - - - - - - - - - - - - - - - - - - -
[ ID] Interval           Transfer     Bitrate         Jitter    Lost/Total Datagrams
[  6]   0.00-30.00  sec   837 KBytes   229 Kbits/sec  7.962 ms  0/592 (0%)  receiver
