-----------------------------------------------------------
Server listening on 16021 (test #1)
-----------------------------------------------------------
Accepted connection from 10.0.0.16, port 46378
[  6] local 10.0.0.21 port 16021 connected to 10.0.0.16 port 33334
[ ID] Interval           Transfer     Bitrate         Jitter    Lost/Total Datagrams
[  6]   0.00-1.00   sec  82.0 KBytes   672 Kbits/sec  0.002 ms  0/58 (0%)  
[  6]   1.00-2.00   sec  80.6 KBytes   660 Kbits/sec  0.003 ms  0/57 (0%)  
[  6]   2.00-3.00   sec  80.6 KBytes   660 Kbits/sec  0.007 ms  0/57 (0%)  
[  6]   3.00-4.00   sec  80.6 KBytes   660 Kbits/sec  0.008 ms  0/57 (0%)  
[  6]   4.00-5.00   sec  80.6 KBytes   661 Kbits/sec  0.008 ms  0/57 (0%)  
[  6]   5.00-6.00   sec  80.6 KBytes   660 Kbits/sec  0.009 ms  0/57 (0%)  
[  6]   6.00-7.00   sec  80.6 KBytes   660 Kbits/sec  0.005 ms  0/57 (0%)  
[  6]   7.00-8.00   sec  80.6 KBytes   660 Kbits/sec  0.003 ms  0/57 (0%)  
[  6]   8.00-9.00   sec  80.6 KBytes   661 Kbits/sec  0.022 ms  0/57 (0%)  
[  6]   9.00-10.00  sec  80.6 KBytes   660 Kbits/sec  0.024 ms  0/57 (0%)  
[  6]  10.00-11.00  sec  80.6 KBytes   660 Kbits/sec  0.032 ms  0/57 (0%)  
[  6]  11.00-12.00  sec  80.6 KBytes   661 Kbits/sec  0.035 ms  0/57 (0%)  
[  6]  12.00-13.00  sec  80.6 KBytes   660 Kbits/sec  0.031 ms  0/57 (0%)  
[  6]  13.00-14.00  sec  82.0 KBytes   672 Kbits/sec  0.035 ms  0/58 (0%)  
[  6]  14.00-15.00  sec  80.6 KBytes   660 Kbits/sec  0.020 ms  0/57 (0%)  
[  6]  15.00-16.00  sec  80.6 KBytes   661 Kbits/sec  0.027 ms  0/57 (0%)  
[  6]  16.00-17.00  sec  80.6 KBytes   660 Kbits/sec  0.036 ms  0/57 (0%)  
[  6]  17.00-18.00  sec  80.6 KBytes   660 Kbits/sec  0.014 ms  0/57 (0%)  
[  6]  18.00-19.00  sec  80.6 KBytes   661 Kbits/sec  0.019 ms  0/57 (0%)  
[  6]  19.00-20.00  sec  80.6 KBytes   661 Kbits/sec  0.008 ms  0/57 (0%)  
[  6]  20.00-21.00  sec  80.6 KBytes   660 Kbits/sec  0.017 ms  0/57 (0%)  
[  6]  21.00-22.00  sec  56.6 KBytes   463 Kbits/sec  17.395 ms  0/40 (0%)  
[  6]  22.00-23.00  sec  76.4 KBytes   626 Kbits/sec  16.795 ms  0/54 (0%)  
[  6]  23.00-24.00  sec  86.3 KBytes   706 Kbits/sec  16.994 ms  0/61 (0%)  
[  6]  24.00-25.00  sec  83.4 KBytes   683 Kbits/sec  15.032 ms  0/59 (0%)  
[  6]  25.00-26.00  sec  84.8 KBytes   695 Kbits/sec  15.653 ms  0/60 (0%)  
[  6]  26.00-27.00  sec  79.2 KBytes   649 Kbits/sec  15.443 ms  0/56 (0%)  
[  6]  27.00-28.00  sec  79.2 KBytes   649 Kbits/sec  15.388 ms  0/56 (0%)  
[  6]  28.00-29.00  sec  86.3 KBytes   706 Kbits/sec  18.154 ms  0/61 (0%)  
[  6]  29.00-30.00  sec  86.3 KBytes   707 Kbits/sec  17.857 ms  0/61 (0%)  
- - - - - - - - - - - - - - - - - - - - - - - - -
[ ID] Interval           Transfer     Bitrate         Jitter    Lost/Total Datagrams
[  6]   0.00-30.00  sec  2.36 MBytes   659 Kbits/sec  17.857 ms  0/1707 (0%)  receiver
