-----------------------------------------------------------
Server listening on 16004 (test #1)
-----------------------------------------------------------
Accepted connection from 10.0.0.16, port 44870
[  6] local 10.0.0.4 port 16004 connected to 10.0.0.16 port 42010
[ ID] Interval           Transfer     Bitrate         Jitter    Lost/Total Datagrams
[  6]   0.00-1.00   sec   636 KBytes  5.21 Mbits/sec  0.002 ms  0/450 (0%)  
[  6]   1.00-2.00   sec   636 KBytes  5.21 Mbits/sec  0.002 ms  0/450 (0%)  
[  6]   2.00-3.00   sec   635 KBytes  5.20 Mbits/sec  0.001 ms  0/449 (0%)  
[  6]   3.00-4.00   sec   635 KBytes  5.20 Mbits/sec  0.009 ms  0/449 (0%)  
[  6]   4.00-5.00   sec   635 KBytes  5.21 Mbits/sec  0.154 ms  0/449 (0%)  
[  6]   5.00-6.00   sec   636 KBytes  5.21 Mbits/sec  0.100 ms  0/450 (0%)  
[  6]   6.00-7.00   sec   636 KBytes  5.21 Mbits/sec  0.048 ms  0/450 (0%)  
[  6]   7.00-8.00   sec   635 KBytes  5.20 Mbits/sec  0.050 ms  0/449 (0%)  
[  6]   8.00-9.00   sec   635 KBytes  5.20 Mbits/sec  0.055 ms  0/449 (0%)  
[  6]   9.00-10.00  sec   636 KBytes  5.21 Mbits/sec  0.033 ms  0/450 (0%)  
[  6]  10.00-11.00  sec   635 KBytes  5.20 Mbits/sec  0.031 ms  0/449 (0%)  
[  6]  11.00-12.00  sec   636 KBytes  5.21 Mbits/sec  0.017 ms  0/450 (0%)  
[  6]  12.00-13.00  sec   635 KBytes  5.20 Mbits/sec  0.003 ms  0/449 (0%)  
[  6]  13.00-14.00  sec   635 KBytes  5.20 Mbits/sec  0.072 ms  0/449 (0%)  
[  6]  14.00-15.00  sec   636 KBytes  5.21 Mbits/sec  0.204 ms  0/450 (0%)  
[  6]  15.00-16.00  sec   635 KBytes  5.20 Mbits/sec  0.197 ms  0/449 (0%)  
[  6]  16.00-17.00  sec   635 KBytes  5.20 Mbits/sec  0.144 ms  0/449 (0%)  
[  6]  17.00-18.00  sec   636 KBytes  5.21 Mbits/sec  0.147 ms  0/450 (0%)  
[  6]  18.00-19.00  sec   635 KBytes  5.20 Mbits/sec  0.127 ms  0/449 (0%)  
[  6]  19.00-20.00  sec   635 KBytes  5.20 Mbits/sec  0.130 ms  0/449 (0%)  
[  6]  20.00-21.00  sec   636 KBytes  5.21 Mbits/sec  0.167 ms  0/450 (0%)  
[  6]  21.00-22.00  sec   635 KBytes  5.20 Mbits/sec  0.103 ms  0/449 (0%)  
[  6]  22.00-23.00  sec   636 KBytes  5.21 Mbits/sec  0.262 ms  0/450 (0%)  
[  6]  23.00-24.00  sec   635 KBytes  5.20 Mbits/sec  0.206 ms  0/449 (0%)  
[  6]  24.00-25.00  sec   636 KBytes  5.21 Mbits/sec  0.197 ms  0/450 (0%)  
[  6]  25.00-26.00  sec   635 KBytes  5.20 Mbits/sec  0.003 ms  0/449 (0%)  
[  6]  26.00-27.00  sec   635 KBytes  5.20 Mbits/sec  0.002 ms  0/449 (0%)  
[  6]  27.00-28.00  sec   636 KBytes  5.21 Mbits/sec  0.004 ms  0/450 (0%)  
[  6]  28.00-29.00  sec   635 KBytes  5.20 Mbits/sec  0.001 ms  0/449 (0%)  
[  6]  29.00-30.00  sec   635 KBytes  5.20 Mbits/sec  0.001 ms  0/449 (0%)  
- - - - - - - - - - - - - - - - - - - - - - - - -
[ ID] Interval           Transfer     Bitrate         Jitter    Lost/Total Datagrams
[  6]   0.00-30.00  sec  18.6 MBytes  5.21 Mbits/sec  0.001 ms  0/13482 (0%)  receiver
