-----------------------------------------------------------
Server listening on 16005 (test #1)
-----------------------------------------------------------
Accepted connection from 10.0.0.16, port 41864
[  6] local 10.0.0.5 port 16005 connected to 10.0.0.16 port 51684
[ ID] Interval           Transfer     Bitrate         Jitter    Lost/Total Datagrams
[  6]   0.00-1.00   sec  80.6 KBytes   660 Kbits/sec  0.007 ms  0/57 (0%)  
[  6]   1.00-2.00   sec  80.6 KBytes   660 Kbits/sec  0.005 ms  0/57 (0%)  
[  6]   2.00-3.00   sec  80.6 KBytes   660 Kbits/sec  0.008 ms  0/57 (0%)  
[  6]   3.00-4.00   sec  80.6 KBytes   661 Kbits/sec  0.002 ms  0/57 (0%)  
[  6]   4.00-5.00   sec  74.9 KBytes   614 Kbits/sec  15.363 ms  0/53 (0%)  
[  6]   5.00-6.00   sec  83.4 KBytes   683 Kbits/sec  16.368 ms  0/59 (0%)  
[  6]   6.00-7.00   sec  82.0 KBytes   672 Kbits/sec  14.676 ms  0/58 (0%)  
[  6]   7.00-8.00   sec  82.0 KBytes   672 Kbits/sec  14.045 ms  0/58 (0%)  
[  6]   8.00-9.00   sec  80.6 KBytes   660 Kbits/sec  13.490 ms  0/57 (0%)  
[  6]   9.00-10.00  sec  80.6 KBytes   661 Kbits/sec  13.284 ms  0/57 (0%)  
[  6]  10.00-11.00  sec  80.6 KBytes   660 Kbits/sec  11.660 ms  0/57 (0%)  
[  6]  11.00-12.00  sec  77.8 KBytes   637 Kbits/sec  10.484 ms  0/55 (0%)  
[  6]  12.00-13.00  sec  83.4 KBytes   684 Kbits/sec  11.937 ms  0/59 (0%)  
[  6]  13.00-14.00  sec  79.2 KBytes   648 Kbits/sec  14.285 ms  0/56 (0%)  
[  6]  14.00-15.00  sec  82.0 KBytes   672 Kbits/sec  15.267 ms  0/58 (0%)  
[  6]  15.00-16.00  sec  77.8 KBytes   637 Kbits/sec  15.802 ms  0/55 (0%)  
[  6]  16.00-17.00  sec  82.0 KBytes   672 Kbits/sec  14.445 ms  0/58 (0%)  
[  6]  17.00-18.00  sec  82.0 KBytes   672 Kbits/sec  14.656 ms  0/58 (0%)  
[  6]  18.00-19.00  sec  77.8 KBytes   638 Kbits/sec  15.728 ms  0/55 (0%)  
[  6]  19.00-20.00  sec  82.0 KBytes   672 Kbits/sec  14.468 ms  0/58 (0%)  
[  6]  20.00-21.00  sec  82.0 KBytes   672 Kbits/sec  15.895 ms  0/58 (0%)  
[  6]  21.00-22.00  sec  76.4 KBytes   625 Kbits/sec  14.635 ms  0/54 (0%)  
[  6]  22.00-23.00  sec  82.0 KBytes   672 Kbits/sec  14.655 ms  0/58 (0%)  
[  6]  23.00-24.00  sec  82.0 KBytes   672 Kbits/sec  14.790 ms  0/58 (0%)  
[  6]  24.00-25.00  sec  79.2 KBytes   649 Kbits/sec  16.538 ms  0/56 (0%)  
[  6]  25.00-26.00  sec  82.0 KBytes   672 Kbits/sec  2.102 ms  0/58 (0%)  
[  6]  26.00-27.00  sec  80.6 KBytes   660 Kbits/sec  1.353 ms  0/57 (0%)  
[  6]  27.00-28.00  sec  80.6 KBytes   660 Kbits/sec  1.964 ms  0/57 (0%)  
[  6]  28.00-29.00  sec  80.6 KBytes   660 Kbits/sec  0.740 ms  0/57 (0%)  
[  6]  29.00-30.00  sec  80.6 KBytes   661 Kbits/sec  0.748 ms  0/57 (0%)  
- - - - - - - - - - - - - - - - - - - - - - - - -
[ ID] Interval           Transfer     Bitrate         Jitter    Lost/Total Datagrams
[  6]   0.00-30.00  sec  2.36 MBytes   660 Kbits/sec  0.748 ms  0/1709 (0%)  receiver
