-----------------------------------------------------------
Server listening on 16008 (test #1)
-----------------------------------------------------------
Accepted connection from 10.0.0.16, port 37058
[  6] local 10.0.0.8 port 16008 connected to 10.0.0.16 port 50309
[ ID] Interval           Transfer     Bitrate         Jitter    Lost/Total Datagrams
[  6]   0.00-1.00   sec  80.6 KBytes   660 Kbits/sec  0.008 ms  0/57 (0%)  
[  6]   1.00-2.00   sec  79.2 KBytes   649 Kbits/sec  0.004 ms  0/56 (0%)  
[  6]   2.00-3.00   sec  79.2 KBytes   648 Kbits/sec  0.003 ms  0/56 (0%)  
[  6]   3.00-4.00   sec  79.2 KBytes   649 Kbits/sec  0.002 ms  0/56 (0%)  
[  6]   4.00-5.00   sec  76.4 KBytes   625 Kbits/sec  8.549 ms  0/54 (0%)  
[  6]   5.00-6.00   sec  80.6 KBytes   660 Kbits/sec  15.423 ms  0/57 (0%)  
[  6]   6.00-7.00   sec  82.0 KBytes   672 Kbits/sec  13.155 ms  0/58 (0%)  
[  6]   7.00-8.00   sec  79.2 KBytes   649 Kbits/sec  13.692 ms  0/56 (0%)  
[  6]   8.00-9.00   sec  77.8 KBytes   637 Kbits/sec  11.949 ms  0/55 (0%)  
[  6]   9.00-10.00  sec  80.6 KBytes   660 Kbits/sec  12.724 ms  0/57 (0%)  
[  6]  10.00-11.00  sec  76.4 KBytes   626 Kbits/sec  10.862 ms  0/54 (0%)  
[  6]  11.00-12.00  sec  80.6 KBytes   660 Kbits/sec  10.171 ms  0/57 (0%)  
[  6]  12.00-13.00  sec  80.6 KBytes   660 Kbits/sec  14.114 ms  0/57 (0%)  
[  6]  13.00-14.00  sec  80.6 KBytes   660 Kbits/sec  14.657 ms  0/57 (0%)  
[  6]  14.00-15.00  sec  76.4 KBytes   626 Kbits/sec  14.941 ms  0/54 (0%)  
[  6]  15.00-16.00  sec  80.6 KBytes   660 Kbits/sec  14.861 ms  0/57 (0%)  
[  6]  16.00-17.00  sec  80.6 KBytes   660 Kbits/sec  16.022 ms  0/57 (0%)  
[  6]  17.00-18.00  sec  77.8 KBytes   637 Kbits/sec  15.181 ms  0/55 (0%)  
[  6]  18.00-19.00  sec  80.6 KBytes   660 Kbits/sec  14.945 ms  0/57 (0%)  
[  6]  19.00-20.00  sec  79.2 KBytes   649 Kbits/sec  15.131 ms  0/56 (0%)  
[  6]  20.00-21.00  sec  77.8 KBytes   638 Kbits/sec  14.218 ms  0/55 (0%)  
[  6]  21.00-22.00  sec  80.6 KBytes   660 Kbits/sec  14.542 ms  0/57 (0%)  
[  6]  22.00-23.00  sec  80.6 KBytes   661 Kbits/sec  14.774 ms  0/57 (0%)  
[  6]  23.00-24.00  sec  77.8 KBytes   637 Kbits/sec  15.807 ms  0/55 (0%)  
[  6]  24.00-25.00  sec  80.6 KBytes   660 Kbits/sec  3.583 ms  0/57 (0%)  
[  6]  25.00-26.00  sec  79.2 KBytes   649 Kbits/sec  1.115 ms  0/56 (0%)  
[  6]  26.00-27.00  sec  79.2 KBytes   648 Kbits/sec  0.923 ms  0/56 (0%)  
[  6]  27.00-28.00  sec  80.6 KBytes   660 Kbits/sec  0.916 ms  0/57 (0%)  
[  6]  28.00-29.00  sec  79.2 KBytes   649 Kbits/sec  0.700 ms  0/56 (0%)  
[  6]  29.00-30.00  sec  79.2 KBytes   649 Kbits/sec  0.306 ms  0/56 (0%)  
- - - - - - - - - - - - - - - - - - - - - - - - -
[ ID] Interval           Transfer     Bitrate         Jitter    Lost/Total Datagrams
[  6]   0.00-30.00  sec  2.33 MBytes   651 Kbits/sec  0.306 ms  0/1685 (0%)  receiver
