-----------------------------------------------------------
Server listening on 16009 (test #1)
-----------------------------------------------------------
Accepted connection from 10.0.0.16, port 48374
[  6] local 10.0.0.9 port 16009 connected to 10.0.0.16 port 48323
[ ID] Interval           Transfer     Bitrate         Jitter    Lost/Total Datagrams
[  6]   0.00-1.00   sec  41.0 KBytes   336 Kbits/sec  0.010 ms  0/29 (0%)  
[  6]   1.00-2.00   sec  39.6 KBytes   324 Kbits/sec  0.020 ms  0/28 (0%)  
[  6]   2.00-3.00   sec  39.6 KBytes   324 Kbits/sec  0.017 ms  0/28 (0%)  
[  6]   3.00-4.00   sec  39.6 KBytes   324 Kbits/sec  0.015 ms  0/28 (0%)  
[  6]   4.00-5.00   sec  39.6 KBytes   324 Kbits/sec  0.032 ms  0/28 (0%)  
[  6]   5.00-6.00   sec  41.0 KBytes   336 Kbits/sec  0.023 ms  0/29 (0%)  
[  6]   6.00-7.00   sec  39.6 KBytes   324 Kbits/sec  0.008 ms  0/28 (0%)  
[  6]   7.00-8.00   sec  39.6 KBytes   324 Kbits/sec  0.017 ms  0/28 (0%)  
[  6]   8.00-9.00   sec  39.6 KBytes   324 Kbits/sec  0.031 ms  0/28 (0%)  
[  6]   9.00-10.00  sec  39.6 KBytes   325 Kbits/sec  0.031 ms  0/28 (0%)  
[  6]  10.00-11.00  sec  41.0 KBytes   336 Kbits/sec  0.007 ms  0/29 (0%)  
[  6]  11.00-12.00  sec  39.6 KBytes   324 Kbits/sec  0.009 ms  0/28 (0%)  
[  6]  12.00-13.00  sec  39.6 KBytes   324 Kbits/sec  0.025 ms  0/28 (0%)  
[  6]  13.00-14.00  sec  39.6 KBytes   324 Kbits/sec  0.038 ms  0/28 (0%)  
[  6]  14.00-15.00  sec  39.6 KBytes   324 Kbits/sec  0.052 ms  0/28 (0%)  
[  6]  15.00-16.00  sec  39.6 KBytes   324 Kbits/sec  0.024 ms  0/28 (0%)  
[  6]  16.00-17.00  sec  41.0 KBytes   336 Kbits/sec  0.015 ms  0/29 (0%)  
[  6]  17.00-18.00  sec  39.6 KBytes   324 Kbits/sec  0.018 ms  0/28 (0%)  
[  6]  18.00-19.00  sec  39.6 KBytes   324 Kbits/sec  0.034 ms  0/28 (0%)  
[  6]  19.00-20.00  sec  39.6 KBytes   324 Kbits/sec  0.029 ms  0/28 (0%)  
[  6]  20.00-21.00  sec  39.6 KBytes   324 Kbits/sec  0.010 ms  0/28 (0%)  
[  6]  21.00-22.00  sec  41.0 KBytes   336 Kbits/sec  0.018 ms  0/29 (0%)  
[  6]  22.00-23.00  sec  39.6 KBytes   324 Kbits/sec  0.033 ms  0/28 (0%)  
[  6]  23.00-24.00  sec  39.6 KBytes   324 Kbits/sec  0.459 ms  0/28 (0%)  
[  6]  24.00-25.00  sec  39.6 KBytes   325 Kbits/sec  0.960 ms  0/28 (0%)  
[  6]  25.00-26.00  sec  39.6 KBytes   324 Kbits/sec  0.226 ms  0/28 (0%)  
[  6]  26.00-27.00  sec  39.6 KBytes   324 Kbits/sec  0.813 ms  0/28 (0%)  
[  6]  27.00-28.00  sec  41.0 KBytes   336 Kbits/sec  0.149 ms  0/29 (0%)  
[  6]  28.00-29.00  sec  39.6 KBytes   324 Kbits/sec  0.034 ms  0/28 (0%)  
[  6]  29.00-30.00  sec  39.6 KBytes   325 Kbits/sec  0.015 ms  0/28 (0%)  
- - - - - - - - - - - - - - - - - - - - - - - - -
[ ID] Interval           Transfer     Bitrate         Jitter    Lost/Total Datagrams
[  6]   0.00-30.00  sec  1.17 MBytes   327 Kbits/sec  0.015 ms  0/846 (0%)  receiver
