-----------------------------------------------------------
Server listening on 17014 (test #1)
-----------------------------------------------------------
Accepted connection from 10.0.0.17, port 48612
[  6] local 10.0.0.14 port 17014 connected to 10.0.0.17 port 36380
[ ID] Interval           Transfer     Bitrate         Jitter    Lost/Total Datagrams
[  6]   0.00-1.00   sec   165 KBytes  1.35 Mbits/sec  6.679 ms  0/117 (0%)  
[  6]   1.00-2.00   sec   181 KBytes  1.48 Mbits/sec  6.815 ms  0/128 (0%)  
[  6]   2.00-3.00   sec   167 KBytes  1.37 Mbits/sec  7.732 ms  0/118 (0%)  
[  6]   3.00-4.00   sec   165 KBytes  1.36 Mbits/sec  7.735 ms  0/117 (0%)  
[  6]   4.00-5.00   sec   164 KBytes  1.34 Mbits/sec  6.245 ms  2444/2560 (95%)  
[  6]   5.00-6.00   sec   160 KBytes  1.31 Mbits/sec  6.510 ms  1092/1205 (91%)  
[  6]   6.00-7.00   sec   161 KBytes  1.32 Mbits/sec  20.794 ms  181/295 (61%)  
[  6]   7.00-8.00   sec   165 KBytes  1.36 Mbits/sec  19.662 ms  0/117 (0%)  
[  6]   8.00-9.00   sec   164 KBytes  1.34 Mbits/sec  18.459 ms  0/116 (0%)  
[  6]   9.00-10.00  sec   167 KBytes  1.37 Mbits/sec  16.637 ms  0/118 (0%)  
[  6]  10.00-11.00  sec   164 KBytes  1.34 Mbits/sec  16.107 ms  0/116 (0%)  
[  6]  11.00-12.00  sec   163 KBytes  1.33 Mbits/sec  16.290 ms  0/115 (0%)  
[  6]  12.00-13.00  sec   164 KBytes  1.34 Mbits/sec  15.751 ms  0/116 (0%)  
[  6]  13.00-14.00  sec   163 KBytes  1.33 Mbits/sec  15.693 ms  0/115 (0%)  
[  6]  14.00-15.00  sec   163 KBytes  1.33 Mbits/sec  15.805 ms  0/115 (0%)  
[  6]  15.00-16.00  sec   163 KBytes  1.33 Mbits/sec  15.810 ms  0/115 (0%)  
[  6]  16.00-17.00  sec   163 KBytes  1.33 Mbits/sec  15.805 ms  0/115 (0%)  
[  6]  17.00-18.00  sec   201 KBytes  1.64 Mbits/sec  950.838 ms  80/222 (36%)  
[  6]  18.00-19.00  sec   288 KBytes  2.36 Mbits/sec  72.322 ms  -80/124 (-65%)  
[  6]  19.00-20.00  sec   174 KBytes  1.42 Mbits/sec  10.207 ms  0/123 (0%)  
[  6]  20.00-21.00  sec   168 KBytes  1.38 Mbits/sec  11.135 ms  0/119 (0%)  
[  6]  21.00-22.00  sec   165 KBytes  1.36 Mbits/sec  10.859 ms  0/117 (0%)  
[  6]  22.00-23.00  sec   165 KBytes  1.36 Mbits/sec  10.498 ms  0/117 (0%)  
[  6]  23.00-24.00  sec   165 KBytes  1.36 Mbits/sec  10.157 ms  0/117 (0%)  
[  6]  24.00-25.00  sec   167 KBytes  1.37 Mbits/sec  9.712 ms  0/118 (0%)  
[  6]  25.00-26.00  sec   165 KBytes  1.36 Mbits/sec  9.466 ms  0/117 (0%)  
[  6]  26.00-27.00  sec   175 KBytes  1.44 Mbits/sec  8.641 ms  0/124 (0%)  
[  6]  27.00-28.00  sec   184 KBytes  1.51 Mbits/sec  8.013 ms  0/130 (0%)  
[  6]  28.00-29.00  sec   184 KBytes  1.51 Mbits/sec  7.807 ms  0/130 (0%)  
[  6]  29.00-30.00  sec   184 KBytes  1.51 Mbits/sec  7.734 ms  0/130 (0%)  
- - - - - - - - - - - - - - - - - - - - - - - - -
[ ID] Interval           Transfer     Bitrate         Jitter    Lost/Total Datagrams
[SUM]  0.0-30.0 sec  105 datagrams received out-of-order
[  6]   0.00-30.00  sec  5.07 MBytes  1.42 Mbits/sec  7.734 ms  3717/7386 (50%)  receiver
