-----------------------------------------------------------
Server listening on 17012 (test #1)
-----------------------------------------------------------
Accepted connection from 10.0.0.17, port 42932
[  6] local 10.0.0.12 port 17012 connected to 10.0.0.17 port 55116
[ ID] Interval           Transfer     Bitrate         Jitter    Lost/Total Datagrams
[  6]   0.00-1.00   sec   583 KBytes  4.77 Mbits/sec  2.597 ms  0/412 (0%)  
[  6]   1.00-2.00   sec   650 KBytes  5.33 Mbits/sec  2.614 ms  0/460 (0%)  
[  6]   2.00-3.00   sec   571 KBytes  4.68 Mbits/sec  2.522 ms  61/465 (13%)  
[  6]   3.00-4.00   sec   621 KBytes  5.09 Mbits/sec  2.315 ms  5/444 (1.1%)  
[  6]   4.00-5.00   sec   266 KBytes  2.18 Mbits/sec  1.796 ms  271/459 (59%)  
[  6]   5.00-6.00   sec   298 KBytes  2.44 Mbits/sec  1.844 ms  262/473 (55%)  
[  6]   6.00-7.00   sec   665 KBytes  5.44 Mbits/sec  2.457 ms  0/470 (0%)  
[  6]   7.00-8.00   sec   646 KBytes  5.29 Mbits/sec  2.687 ms  0/457 (0%)  
[  6]   8.00-9.00   sec   648 KBytes  5.31 Mbits/sec  2.376 ms  0/458 (0%)  
[  6]   9.00-10.00  sec   652 KBytes  5.34 Mbits/sec  2.284 ms  0/461 (0%)  
[  6]  10.00-11.00  sec   653 KBytes  5.35 Mbits/sec  2.666 ms  0/462 (0%)  
[  6]  11.00-12.00  sec   648 KBytes  5.31 Mbits/sec  2.195 ms  0/458 (0%)  
[  6]  12.00-13.00  sec   655 KBytes  5.37 Mbits/sec  2.529 ms  0/463 (0%)  
[  6]  13.00-14.00  sec   645 KBytes  5.28 Mbits/sec  2.487 ms  0/456 (0%)  
[  6]  14.00-15.00  sec   648 KBytes  5.31 Mbits/sec  2.500 ms  0/458 (0%)  
[  6]  15.00-16.00  sec   659 KBytes  5.40 Mbits/sec  2.518 ms  0/466 (0%)  
[  6]  16.00-17.00  sec   643 KBytes  5.27 Mbits/sec  2.490 ms  0/455 (0%)  
[  6]  17.00-18.00  sec   676 KBytes  5.53 Mbits/sec  3.083 ms  0/478 (0%)  
[  6]  18.00-19.00  sec   634 KBytes  5.19 Mbits/sec  1.844 ms  0/448 (0%)  
[  6]  19.00-20.00  sec   662 KBytes  5.42 Mbits/sec  0.927 ms  0/468 (0%)  
[  6]  20.00-21.00  sec   642 KBytes  5.26 Mbits/sec  1.406 ms  0/454 (0%)  
[  6]  21.00-22.00  sec   656 KBytes  5.37 Mbits/sec  1.573 ms  0/464 (0%)  
[  6]  22.00-23.00  sec   648 KBytes  5.31 Mbits/sec  1.750 ms  0/458 (0%)  
[  6]  23.00-24.00  sec   656 KBytes  5.38 Mbits/sec  1.495 ms  0/464 (0%)  
[  6]  24.00-25.00  sec   655 KBytes  5.36 Mbits/sec  1.422 ms  0/463 (0%)  
[  6]  25.00-26.00  sec   648 KBytes  5.30 Mbits/sec  2.651 ms  0/458 (0%)  
[  6]  26.00-27.00  sec   682 KBytes  5.58 Mbits/sec  0.631 ms  0/482 (0%)  
[  6]  27.00-28.00  sec   652 KBytes  5.34 Mbits/sec  1.034 ms  0/461 (0%)  
[  6]  28.00-29.00  sec   649 KBytes  5.32 Mbits/sec  0.361 ms  0/459 (0%)  
[  6]  29.00-30.00  sec   648 KBytes  5.30 Mbits/sec  0.001 ms  0/458 (0%)  
- - - - - - - - - - - - - - - - - - - - - - - - -
[ ID] Interval           Transfer     Bitrate         Jitter    Lost/Total Datagrams
[  6]   0.00-30.00  sec  18.2 MBytes  5.09 Mbits/sec  0.001 ms  599/13792 (4.3%)  receiver
