-----------------------------------------------------------
Server listening on 17019 (test #1)
-----------------------------------------------------------
Accepted connection from 10.0.0.17, port 60980
[  6] local 10.0.0.19 port 17019 connected to 10.0.0.17 port 46513
[ ID] Interval           Transfer     Bitrate         Jitter    Lost/Total Datagrams
[  6]   0.00-1.00   sec  29.7 KBytes   243 Kbits/sec  0.008 ms  0/21 (0%)  
[  6]   1.00-2.00   sec  29.7 KBytes   243 Kbits/sec  0.008 ms  0/21 (0%)  
[  6]   2.00-3.00   sec  29.7 KBytes   243 Kbits/sec  0.007 ms  0/21 (0%)  
[  6]   3.00-4.00   sec  28.3 KBytes   232 Kbits/sec  2.381 ms  0/20 (0%)  
[  6]   4.00-5.00   sec  29.7 KBytes   243 Kbits/sec  2.767 ms  0/21 (0%)  
[  6]   5.00-6.00   sec  29.7 KBytes   243 Kbits/sec  3.660 ms  0/21 (0%)  
[  6]   6.00-7.00   sec  29.7 KBytes   243 Kbits/sec  3.623 ms  0/21 (0%)  
[  6]   7.00-8.00   sec  29.7 KBytes   243 Kbits/sec  3.293 ms  0/21 (0%)  
[  6]   8.00-9.00   sec  29.7 KBytes   243 Kbits/sec  3.405 ms  0/21 (0%)  
[  6]   9.00-10.00  sec  29.7 KBytes   243 Kbits/sec  2.911 ms  0/21 (0%)  
[  6]  10.00-11.00  sec  28.3 KBytes   232 Kbits/sec  3.321 ms  0/20 (0%)  
[  6]  11.00-12.00  sec  29.7 KBytes   243 Kbits/sec  2.830 ms  0/21 (0%)  
[  6]  12.00-13.00  sec  29.7 KBytes   243 Kbits/sec  4.316 ms  0/21 (0%)  
[  6]  13.00-14.00  sec  29.7 KBytes   243 Kbits/sec  4.451 ms  0/21 (0%)  
[  6]  14.00-15.00  sec  29.7 KBytes   243 Kbits/sec  3.189 ms  0/21 (0%)  
[  6]  15.00-16.00  sec  28.3 KBytes   232 Kbits/sec  5.385 ms  0/20 (0%)  
[  6]  16.00-17.00  sec  29.7 KBytes   243 Kbits/sec  8.749 ms  0/21 (0%)  
[  6]  17.00-18.00  sec  28.3 KBytes   232 Kbits/sec  8.314 ms  0/20 (0%)  
[  6]  18.00-19.00  sec  31.1 KBytes   255 Kbits/sec  8.678 ms  0/22 (0%)  
[  6]  19.00-20.00  sec  28.3 KBytes   232 Kbits/sec  7.803 ms  0/20 (0%)  
[  6]  20.00-21.00  sec  29.7 KBytes   243 Kbits/sec  8.804 ms  0/21 (0%)  
[  6]  21.00-22.00  sec  29.7 KBytes   243 Kbits/sec  11.752 ms  0/21 (0%)  
[  6]  22.00-23.00  sec  29.7 KBytes   243 Kbits/sec  8.602 ms  0/21 (0%)  
[  6]  23.00-24.00  sec  29.7 KBytes   243 Kbits/sec  8.186 ms  0/21 (0%)  
[  6]  24.00-25.00  sec  31.1 KBytes   255 Kbits/sec  10.442 ms  0/22 (0%)  
[  6]  25.00-26.00  sec  29.7 KBytes   243 Kbits/sec  5.192 ms  0/21 (0%)  
[  6]  26.00-27.00  sec  29.7 KBytes   243 Kbits/sec  3.894 ms  0/21 (0%)  
[  6]  27.00-28.00  sec  28.3 KBytes   232 Kbits/sec  2.071 ms  0/20 (0%)  
[  6]  28.00-29.00  sec  29.7 KBytes   243 Kbits/sec  0.609 ms  0/21 (0%)  
[  6]  29.00-30.00  sec  29.7 KBytes   243 Kbits/sec  0.241 ms  0/21 (0%)  
- - - - - - - - - - - - - - - - - - - - - - - - -
[ ID] Interval           Transfer     Bitrate         Jitter    Lost/Total Datagrams
[  6]   0.00-30.00  sec   885 KBytes   242 Kbits/sec  0.241 ms  0/626 (0%)  receiver
