-----------------------------------------------------------
Server listening on 17015 (test #1)
-----------------------------------------------------------
Accepted connection from 10.0.0.17, port 35968
[  6] local 10.0.0.15 port 17015 connected to 10.0.0.17 port 47348
[ ID] Interval           Transfer     Bitrate         Jitter    Lost/Total Datagrams
[  6]   0.00-1.00   sec  4.24 KBytes  34.7 Kbits/sec  0.560 ms  0/3 (0%)  
[  6]   1.00-2.00   sec  4.24 KBytes  34.8 Kbits/sec  2.490 ms  0/3 (0%)  
[  6]   2.00-3.00   sec  2.83 KBytes  23.2 Kbits/sec  3.053 ms  0/2 (0%)  
[  6]   3.00-4.00   sec  1.41 KBytes  11.6 Kbits/sec  4.263 ms  1/2 (50%)  
[  6]   4.00-5.00   sec  2.83 KBytes  23.2 Kbits/sec  10.450 ms  4/6 (67%)  
[  6]   5.00-6.00   sec  4.24 KBytes  34.8 Kbits/sec  8.613 ms  0/3 (0%)  
[  6]   6.00-7.00   sec  4.24 KBytes  34.8 Kbits/sec  7.106 ms  0/3 (0%)  
[  6]   7.00-8.00   sec  4.24 KBytes  34.7 Kbits/sec  5.864 ms  0/3 (0%)  
[  6]   8.00-9.00   sec  4.24 KBytes  34.8 Kbits/sec  4.835 ms  0/3 (0%)  
[  6]   9.00-10.00  sec  4.24 KBytes  34.7 Kbits/sec  3.987 ms  0/3 (0%)  
[  6]  10.00-11.00  sec  4.24 KBytes  34.8 Kbits/sec  3.291 ms  0/3 (0%)  
[  6]  11.00-12.00  sec  4.24 KBytes  34.8 Kbits/sec  2.718 ms  0/3 (0%)  
[  6]  12.00-13.00  sec  4.24 KBytes  34.7 Kbits/sec  2.245 ms  0/3 (0%)  
[  6]  13.00-14.00  sec  4.24 KBytes  34.8 Kbits/sec  1.852 ms  0/3 (0%)  
[  6]  14.00-15.00  sec  4.24 KBytes  34.8 Kbits/sec  1.534 ms  0/3 (0%)  
[  6]  15.00-16.00  sec  4.24 KBytes  34.7 Kbits/sec  1.273 ms  0/3 (0%)  
[  6]  16.00-17.00  sec  4.24 KBytes  34.8 Kbits/sec  1.054 ms  0/3 (0%)  
[  6]  17.00-18.00  sec  4.24 KBytes  34.8 Kbits/sec  14.556 ms  0/3 (0%)  
[  6]  18.00-19.00  sec  4.24 KBytes  34.8 Kbits/sec  12.587 ms  0/3 (0%)  
[  6]  19.00-20.00  sec  4.24 KBytes  34.7 Kbits/sec  13.107 ms  0/3 (0%)  
[  6]  20.00-21.00  sec  4.24 KBytes  34.8 Kbits/sec  11.521 ms  0/3 (0%)  
[  6]  21.00-22.00  sec  4.24 KBytes  34.7 Kbits/sec  10.061 ms  0/3 (0%)  
[  6]  22.00-23.00  sec  4.24 KBytes  34.8 Kbits/sec  8.978 ms  0/3 (0%)  
[  6]  23.00-24.00  sec  4.24 KBytes  34.8 Kbits/sec  7.872 ms  0/3 (0%)  
[  6]  24.00-25.00  sec  4.24 KBytes  34.8 Kbits/sec  9.785 ms  0/3 (0%)  
[  6]  25.00-26.00  sec  4.24 KBytes  34.7 Kbits/sec  8.740 ms  0/3 (0%)  
[  6]  26.00-27.00  sec  4.24 KBytes  34.8 Kbits/sec  12.194 ms  0/3 (0%)  
[  6]  27.00-28.00  sec  5.66 KBytes  46.3 Kbits/sec  18.758 ms  0/4 (0%)  
[  6]  28.00-29.00  sec  4.24 KBytes  34.8 Kbits/sec  17.925 ms  0/3 (0%)  
[  6]  29.00-30.00  sec  4.24 KBytes  34.7 Kbits/sec  14.770 ms  0/3 (0%)  
- - - - - - - - - - - - - - - - - - - - - - - - -
[ ID] Interval           Transfer     Bitrate         Jitter    Lost/Total Datagrams
[  6]   0.00-30.00  sec   123 KBytes  33.6 Kbits/sec  14.770 ms  5/92 (5.4%)  receiver
