-----------------------------------------------------------
Server listening on 17001 (test #1)
-----------------------------------------------------------
Accepted connection from 10.0.0.17, port 42170
[  6] local 10.0.0.1 port 17001 connected to 10.0.0.17 port 52648
[ ID] Interval           Transfer     Bitrate         Jitter    Lost/Total Datagrams
[  6]   0.00-1.00   sec   436 KBytes  3.57 Mbits/sec  0.001 ms  0/308 (0%)  
[  6]   1.00-2.00   sec   436 KBytes  3.57 Mbits/sec  0.001 ms  0/308 (0%)  
[  6]   2.00-3.00   sec   436 KBytes  3.57 Mbits/sec  0.002 ms  0/308 (0%)  
[  6]   3.00-4.00   sec   436 KBytes  3.57 Mbits/sec  0.005 ms  0/308 (0%)  
[  6]   4.00-5.00   sec   434 KBytes  3.56 Mbits/sec  0.002 ms  0/307 (0%)  
[  6]   5.00-6.00   sec   436 KBytes  3.57 Mbits/sec  0.007 ms  0/308 (0%)  
[  6]   6.00-7.00   sec   436 KBytes  3.57 Mbits/sec  0.017 ms  0/308 (0%)  
[  6]   7.00-8.00   sec   436 KBytes  3.57 Mbits/sec  0.004 ms  0/308 (0%)  
[  6]   8.00-9.00   sec   436 KBytes  3.57 Mbits/sec  0.001 ms  0/308 (0%)  
[  6]   9.00-10.00  sec   368 KBytes  3.01 Mbits/sec  7.012 ms  5/265 (1.9%)  
[  6]  10.00-11.00  sec   383 KBytes  3.14 Mbits/sec  3.478 ms  51/322 (16%)  
[  6]  11.00-12.00  sec   438 KBytes  3.59 Mbits/sec  3.643 ms  0/310 (0%)  
[  6]  12.00-13.00  sec   437 KBytes  3.58 Mbits/sec  3.589 ms  0/309 (0%)  
[  6]  13.00-14.00  sec   436 KBytes  3.57 Mbits/sec  3.603 ms  0/308 (0%)  
[  6]  14.00-15.00  sec   431 KBytes  3.53 Mbits/sec  3.599 ms  0/305 (0%)  
[  6]  15.00-16.00  sec   433 KBytes  3.54 Mbits/sec  3.878 ms  0/306 (0%)  
[  6]  16.00-17.00  sec   436 KBytes  3.57 Mbits/sec  3.732 ms  0/308 (0%)  
[  6]  17.00-18.00  sec   433 KBytes  3.54 Mbits/sec  3.667 ms  0/306 (0%)  
[  6]  18.00-19.00  sec   436 KBytes  3.57 Mbits/sec  4.346 ms  0/308 (0%)  
[  6]  19.00-20.00  sec   434 KBytes  3.55 Mbits/sec  4.072 ms  0/307 (0%)  
[  6]  20.00-21.00  sec   436 KBytes  3.57 Mbits/sec  3.637 ms  0/308 (0%)  
[  6]  21.00-22.00  sec   438 KBytes  3.59 Mbits/sec  4.122 ms  0/310 (0%)  
[  6]  22.00-23.00  sec   373 KBytes  3.06 Mbits/sec  2.506 ms  0/264 (0%)  
[  6]  23.00-24.00  sec   409 KBytes  3.35 Mbits/sec  1.635 ms  0/289 (0%)  
[  6]  24.00-25.00  sec   419 KBytes  3.43 Mbits/sec  2.297 ms  0/296 (0%)  
[  6]  25.00-26.00  sec   445 KBytes  3.65 Mbits/sec  1.694 ms  0/315 (0%)  
[  6]  26.00-27.00  sec   468 KBytes  3.83 Mbits/sec  2.486 ms  0/331 (0%)  
[  6]  27.00-28.00  sec   438 KBytes  3.59 Mbits/sec  3.999 ms  0/310 (0%)  
[  6]  28.00-29.00  sec   448 KBytes  3.67 Mbits/sec  2.396 ms  0/317 (0%)  
[  6]  29.00-30.00  sec   428 KBytes  3.51 Mbits/sec  2.352 ms  0/303 (0%)  
- - - - - - - - - - - - - - - - - - - - - - - - -
[ ID] Interval           Transfer     Bitrate         Jitter    Lost/Total Datagrams
[SUM]  0.0-30.0 sec  23 datagrams received out-of-order
[  6]   0.00-30.00  sec  12.6 MBytes  3.52 Mbits/sec  2.352 ms  56/9168 (0.61%)  receiver
