-----------------------------------------------------------
Server listening on 17013 (test #1)
-----------------------------------------------------------
Accepted connection from 10.0.0.17, port 55072
[  6] local 10.0.0.13 port 17013 connected to 10.0.0.17 port 51810
[ ID] Interval           Transfer     Bitrate         Jitter    Lost/Total Datagrams
[  6]   0.00-1.00   sec  1.91 MBytes  16.0 Mbits/sec  0.482 ms  0/1383 (0%)  
[  6]   1.00-2.00   sec  1.75 MBytes  14.7 Mbits/sec  0.480 ms  0/1267 (0%)  
[  6]   2.00-3.00   sec  1.75 MBytes  14.7 Mbits/sec  0.480 ms  0/1268 (0%)  
[  6]   3.00-4.00   sec  1.75 MBytes  14.7 Mbits/sec  0.481 ms  0/1270 (0%)  
[  6]   4.00-5.00   sec  1.68 MBytes  14.1 Mbits/sec  0.613 ms  0/1215 (0%)  
[  6]   5.00-6.00   sec  2.46 MBytes  20.7 Mbits/sec  0.118 ms  0/1782 (0%)  
[  6]   6.00-7.00   sec  4.99 MBytes  41.8 Mbits/sec  0.166 ms  0/3611 (0%)  
[  6]   7.00-8.00   sec  4.37 MBytes  36.7 Mbits/sec  0.888 ms  0/3166 (0%)  
[  6]   8.00-9.00   sec  2.60 MBytes  21.8 Mbits/sec  0.393 ms  0/1882 (0%)  
[  6]   9.00-10.00  sec  2.61 MBytes  21.9 Mbits/sec  0.404 ms  0/1890 (0%)  
[  6]  10.00-11.00  sec  2.56 MBytes  21.5 Mbits/sec  0.546 ms  0/1856 (0%)  
[  6]  11.00-12.00  sec  2.59 MBytes  21.8 Mbits/sec  0.967 ms  0/1879 (0%)  
[  6]  12.00-13.00  sec  2.62 MBytes  22.0 Mbits/sec  0.425 ms  0/1900 (0%)  
[  6]  13.00-14.00  sec  2.57 MBytes  21.6 Mbits/sec  0.393 ms  0/1864 (0%)  
[  6]  14.00-15.00  sec  2.60 MBytes  21.8 Mbits/sec  0.402 ms  0/1885 (0%)  
[  6]  15.00-16.00  sec  2.60 MBytes  21.8 Mbits/sec  0.400 ms  0/1886 (0%)  
[  6]  16.00-17.00  sec  2.57 MBytes  21.6 Mbits/sec  0.514 ms  0/1861 (0%)  
[  6]  17.00-18.00  sec  2.56 MBytes  21.5 Mbits/sec  0.646 ms  0/1856 (0%)  
[  6]  18.00-19.00  sec  2.54 MBytes  21.3 Mbits/sec  0.194 ms  0/1838 (0%)  
[  6]  19.00-20.00  sec  2.59 MBytes  21.7 Mbits/sec  0.278 ms  0/1875 (0%)  
[  6]  20.00-21.00  sec  2.60 MBytes  21.8 Mbits/sec  0.470 ms  0/1881 (0%)  
[  6]  21.00-22.00  sec  2.59 MBytes  21.8 Mbits/sec  0.367 ms  0/1879 (0%)  
[  6]  22.00-23.00  sec  2.59 MBytes  21.7 Mbits/sec  0.938 ms  0/1876 (0%)  
[  6]  23.00-24.00  sec  2.61 MBytes  21.9 Mbits/sec  0.262 ms  0/1891 (0%)  
[  6]  24.00-25.00  sec  2.61 MBytes  21.9 Mbits/sec  0.243 ms  0/1888 (0%)  
[  6]  25.00-26.00  sec  2.57 MBytes  21.6 Mbits/sec  1.160 ms  0/1864 (0%)  
[  6]  26.00-27.00  sec  2.74 MBytes  23.0 Mbits/sec  0.376 ms  0/1983 (0%)  
[  6]  27.00-28.00  sec  2.60 MBytes  21.8 Mbits/sec  0.010 ms  0/1882 (0%)  
[  6]  28.00-29.00  sec  2.57 MBytes  21.6 Mbits/sec  0.001 ms  0/1862 (0%)  
[  6]  29.00-30.00  sec  2.61 MBytes  21.9 Mbits/sec  0.001 ms  0/1892 (0%)  
[  6]  30.00-30.00  sec  1.41 KBytes  15.7 Mbits/sec  0.001 ms  0/1 (0%)  
- - - - - - - - - - - - - - - - - - - - - - - - -
[ ID] Interval           Transfer     Bitrate         Jitter    Lost/Total Datagrams
[SUM]  0.0-30.0 sec  70 datagrams received out-of-order
[  6]   0.00-30.00  sec  77.8 MBytes  21.8 Mbits/sec  0.001 ms  0/56333 (0%)  receiver
