-----------------------------------------------------------
Server listening on 17011 (test #1)
-----------------------------------------------------------
Accepted connection from 10.0.0.17, port 33802
[  6] local 10.0.0.11 port 17011 connected to 10.0.0.17 port 42266
[ ID] Interval           Transfer     Bitrate         Jitter    Lost/Total Datagrams
[  6]   0.00-1.00   sec  1.85 MBytes  15.5 Mbits/sec  0.537 ms  0/1339 (0%)  
[  6]   1.00-2.00   sec  1.77 MBytes  14.9 Mbits/sec  0.493 ms  0/1285 (0%)  
[  6]   2.00-3.00   sec  1.75 MBytes  14.7 Mbits/sec  0.496 ms  15377/16642 (92%)  
[  6]   3.00-4.00   sec  1.67 MBytes  14.0 Mbits/sec  1.474 ms  0/1207 (0%)  
[  6]   4.00-5.00   sec  1.66 MBytes  13.9 Mbits/sec  0.250 ms  14087/15286 (92%)  
[  6]   5.00-6.00   sec  1.63 MBytes  13.7 Mbits/sec  0.294 ms  6106/7286 (84%)  
[  6]   6.00-7.00   sec  1.85 MBytes  15.5 Mbits/sec  0.499 ms  2733/4075 (67%)  
[  6]   7.00-8.00   sec  2.05 MBytes  17.2 Mbits/sec  0.487 ms  0/1484 (0%)  
[  6]   8.00-9.00   sec  2.01 MBytes  16.9 Mbits/sec  0.808 ms  0/1457 (0%)  
[  6]   9.00-10.00  sec  2.01 MBytes  16.9 Mbits/sec  6.525 ms  0/1458 (0%)  
[  6]  10.00-11.00  sec  2.06 MBytes  17.2 Mbits/sec  0.504 ms  0/1489 (0%)  
[  6]  11.00-12.00  sec  2.00 MBytes  16.8 Mbits/sec  0.877 ms  0/1451 (0%)  
[  6]  12.00-13.00  sec  2.02 MBytes  16.9 Mbits/sec  0.475 ms  0/1464 (0%)  
[  6]  13.00-14.00  sec  2.04 MBytes  17.1 Mbits/sec  0.499 ms  0/1477 (0%)  
[  6]  14.00-15.00  sec  2.01 MBytes  16.9 Mbits/sec  1.002 ms  0/1457 (0%)  
[  6]  15.00-16.00  sec  2.03 MBytes  17.0 Mbits/sec  3.629 ms  0/1467 (0%)  
[  6]  16.00-17.00  sec  2.06 MBytes  17.2 Mbits/sec  0.476 ms  0/1489 (0%)  
[  6]  17.00-18.00  sec  2.02 MBytes  16.9 Mbits/sec  0.547 ms  0/1461 (0%)  
[  6]  18.00-19.00  sec   875 KBytes  7.16 Mbits/sec  0.604 ms  0/619 (0%)  
[  6]  19.00-20.00  sec   653 KBytes  5.35 Mbits/sec  0.499 ms  0/462 (0%)  
[  6]  20.00-21.00  sec   559 KBytes  4.58 Mbits/sec  2.004 ms  0/395 (0%)  
[  6]  21.00-22.00  sec   587 KBytes  4.80 Mbits/sec  0.493 ms  0/415 (0%)  
[  6]  22.00-23.00  sec   699 KBytes  5.73 Mbits/sec  3.294 ms  0/494 (0%)  
[  6]  23.00-24.00  sec   909 KBytes  7.45 Mbits/sec  0.507 ms  0/643 (0%)  
[  6]  24.00-25.00  sec   839 KBytes  6.87 Mbits/sec  0.490 ms  0/593 (0%)  
[  6]  25.00-26.00  sec   813 KBytes  6.66 Mbits/sec  0.490 ms  0/575 (0%)  
[  6]  26.00-27.00  sec   976 KBytes  8.00 Mbits/sec  0.486 ms  0/690 (0%)  
[  6]  27.00-28.00  sec  1.76 MBytes  14.8 Mbits/sec  4.309 ms  0/1277 (0%)  
[  6]  28.00-29.00  sec  2.00 MBytes  16.8 Mbits/sec  0.524 ms  0/1451 (0%)  
[  6]  29.00-30.00  sec  1.97 MBytes  16.5 Mbits/sec  6.461 ms  0/1426 (0%)  
[  6]  30.00-30.08  sec   173 KBytes  17.1 Mbits/sec  4.389 ms  0/122 (0%)  
- - - - - - - - - - - - - - - - - - - - - - - - -
[ ID] Interval           Transfer     Bitrate         Jitter    Lost/Total Datagrams
[  6]   0.00-30.08  sec  47.1 MBytes  13.1 Mbits/sec  4.389 ms  38303/72436 (53%)  receiver
