-----------------------------------------------------------
Server listening on 17002 (test #1)
-----------------------------------------------------------
Accepted connection from 10.0.0.17, port 44394
[  6] local 10.0.0.2 port 17002 connected to 10.0.0.17 port 57215
[ ID] Interval           Transfer     Bitrate         Jitter    Lost/Total Datagrams
[  6]   0.00-1.00   sec  1.12 MBytes  9.40 Mbits/sec  0.001 ms  0/812 (0%)  
[  6]   1.00-2.00   sec  1.12 MBytes  9.41 Mbits/sec  0.001 ms  0/812 (0%)  
[  6]   2.00-3.00   sec  1.12 MBytes  9.39 Mbits/sec  0.004 ms  0/810 (0%)  
[  6]   3.00-4.00   sec  1.12 MBytes  9.40 Mbits/sec  0.001 ms  0/812 (0%)  
[  6]   4.00-5.00   sec   996 KBytes  8.16 Mbits/sec  2.650 ms  0/704 (0%)  
[  6]   5.00-6.00   sec  1.11 MBytes  9.31 Mbits/sec  0.789 ms  0/803 (0%)  
[  6]   6.00-7.00   sec  1.11 MBytes  9.34 Mbits/sec  4.079 ms  0/807 (0%)  
[  6]   7.00-8.00   sec  1.15 MBytes  9.64 Mbits/sec  0.748 ms  0/832 (0%)  
[  6]   8.00-9.00   sec  1.15 MBytes  9.65 Mbits/sec  0.756 ms  0/833 (0%)  
[  6]   9.00-10.00  sec  1.22 MBytes  10.2 Mbits/sec  0.720 ms  0/884 (0%)  
[  6]  10.00-11.00  sec  1.08 MBytes  9.05 Mbits/sec  1.660 ms  0/781 (0%)  
[  6]  11.00-12.00  sec  1.14 MBytes  9.57 Mbits/sec  1.148 ms  0/826 (0%)  
[  6]  12.00-13.00  sec  1.12 MBytes  9.39 Mbits/sec  1.262 ms  0/810 (0%)  
[  6]  13.00-14.00  sec  1.11 MBytes  9.30 Mbits/sec  1.823 ms  0/803 (0%)  
[  6]  14.00-15.00  sec  1.13 MBytes  9.47 Mbits/sec  1.127 ms  0/818 (0%)  
[  6]  15.00-16.00  sec  1.12 MBytes  9.39 Mbits/sec  1.163 ms  0/811 (0%)  
[  6]  16.00-17.00  sec  1.11 MBytes  9.33 Mbits/sec  1.152 ms  0/805 (0%)  
[  6]  17.00-18.00  sec  1.13 MBytes  9.49 Mbits/sec  1.168 ms  0/819 (0%)  
[  6]  18.00-19.00  sec  1.11 MBytes  9.33 Mbits/sec  1.672 ms  0/805 (0%)  
[  6]  19.00-20.00  sec  1.12 MBytes  9.36 Mbits/sec  1.124 ms  0/809 (0%)  
[  6]  20.00-21.00  sec  1.13 MBytes  9.51 Mbits/sec  1.147 ms  0/821 (0%)  
[  6]  21.00-22.00  sec  1.11 MBytes  9.33 Mbits/sec  0.932 ms  0/805 (0%)  
[  6]  22.00-23.00  sec  1.09 MBytes  9.14 Mbits/sec  0.518 ms  0/789 (0%)  
[  6]  23.00-24.00  sec  1.11 MBytes  9.34 Mbits/sec  0.657 ms  0/806 (0%)  
[  6]  24.00-25.00  sec  1.13 MBytes  9.45 Mbits/sec  0.596 ms  0/816 (0%)  
[  6]  25.00-26.00  sec  1.13 MBytes  9.50 Mbits/sec  0.574 ms  0/820 (0%)  
[  6]  26.00-27.00  sec  1.11 MBytes  9.29 Mbits/sec  0.737 ms  0/801 (0%)  
[  6]  27.00-28.00  sec  1.11 MBytes  9.34 Mbits/sec  1.264 ms  0/807 (0%)  
[  6]  28.00-29.00  sec  1.12 MBytes  9.39 Mbits/sec  1.797 ms  0/810 (0%)  
[  6]  29.00-30.00  sec  1.15 MBytes  9.64 Mbits/sec  0.970 ms  0/833 (0%)  
- - - - - - - - - - - - - - - - - - - - - - - - -
[ ID] Interval           Transfer     Bitrate         Jitter    Lost/Total Datagrams
[  6]   0.00-30.00  sec  33.6 MBytes  9.38 Mbits/sec  0.970 ms  0/24304 (0%)  receiver
