-----------------------------------------------------------
Server listening on 17021 (test #1)
-----------------------------------------------------------
Accepted connection from 10.0.0.17, port 43610
[  6] local 10.0.0.21 port 17021 connected to 10.0.0.17 port 46684
[ ID] Interval           Transfer     Bitrate         Jitter    Lost/Total Datagrams
[  6]   0.00-1.00   sec   680 KBytes  5.57 Mbits/sec  0.011 ms  0/481 (0%)  
[  6]   1.00-2.00   sec   679 KBytes  5.56 Mbits/sec  0.002 ms  0/480 (0%)  
[  6]   2.00-3.00   sec   679 KBytes  5.56 Mbits/sec  0.003 ms  0/480 (0%)  
[  6]   3.00-4.00   sec   679 KBytes  5.56 Mbits/sec  0.004 ms  0/480 (0%)  
[  6]   4.00-5.00   sec   679 KBytes  5.56 Mbits/sec  0.004 ms  0/480 (0%)  
[  6]   5.00-6.00   sec   680 KBytes  5.57 Mbits/sec  0.007 ms  0/481 (0%)  
[  6]   6.00-7.00   sec   679 KBytes  5.56 Mbits/sec  0.007 ms  0/480 (0%)  
[  6]   7.00-8.00   sec   679 KBytes  5.56 Mbits/sec  0.017 ms  0/480 (0%)  
[  6]   8.00-9.00   sec   679 KBytes  5.56 Mbits/sec  0.015 ms  0/480 (0%)  
[  6]   9.00-10.00  sec   679 KBytes  5.56 Mbits/sec  0.005 ms  0/480 (0%)  
[  6]  10.00-11.00  sec   679 KBytes  5.56 Mbits/sec  0.007 ms  0/480 (0%)  
[  6]  11.00-12.00  sec   679 KBytes  5.56 Mbits/sec  0.004 ms  0/480 (0%)  
[  6]  12.00-13.00  sec   680 KBytes  5.57 Mbits/sec  0.005 ms  0/481 (0%)  
[  6]  13.00-14.00  sec   679 KBytes  5.56 Mbits/sec  0.006 ms  0/480 (0%)  
[  6]  14.00-15.00  sec   679 KBytes  5.56 Mbits/sec  0.005 ms  0/480 (0%)  
[  6]  15.00-16.00  sec   472 KBytes  3.87 Mbits/sec  3.335 ms  0/334 (0%)  
[  6]  16.00-17.00  sec   687 KBytes  5.63 Mbits/sec  1.203 ms  0/486 (0%)  
[  6]  17.00-18.00  sec   645 KBytes  5.28 Mbits/sec  1.032 ms  0/456 (0%)  
[  6]  18.00-19.00  sec   701 KBytes  5.75 Mbits/sec  1.711 ms  0/496 (0%)  
[  6]  19.00-20.00  sec   727 KBytes  5.95 Mbits/sec  1.399 ms  0/514 (0%)  
[  6]  20.00-21.00  sec   690 KBytes  5.65 Mbits/sec  2.088 ms  0/488 (0%)  
[  6]  21.00-22.00  sec   694 KBytes  5.69 Mbits/sec  1.343 ms  0/491 (0%)  
[  6]  22.00-23.00  sec   665 KBytes  5.44 Mbits/sec  1.401 ms  0/470 (0%)  
[  6]  23.00-24.00  sec   742 KBytes  6.09 Mbits/sec  1.626 ms  0/525 (0%)  
[  6]  24.00-25.00  sec   708 KBytes  5.80 Mbits/sec  1.868 ms  0/501 (0%)  
[  6]  25.00-26.00  sec   659 KBytes  5.40 Mbits/sec  1.709 ms  0/466 (0%)  
[  6]  26.00-27.00  sec   755 KBytes  6.19 Mbits/sec  0.015 ms  0/534 (0%)  
[  6]  27.00-28.00  sec   680 KBytes  5.57 Mbits/sec  0.082 ms  0/481 (0%)  
[  6]  28.00-29.00  sec   679 KBytes  5.56 Mbits/sec  0.017 ms  0/480 (0%)  
[  6]  29.00-30.00  sec   679 KBytes  5.56 Mbits/sec  0.003 ms  0/480 (0%)  
- - - - - - - - - - - - - - - - - - - - - - - - -
[ ID] Interval           Transfer     Bitrate         Jitter    Lost/Total Datagrams
[  6]   0.00-30.00  sec  19.9 MBytes  5.56 Mbits/sec  0.003 ms  0/14405 (0%)  receiver
