-----------------------------------------------------------
Server listening on 17023 (test #1)
-----------------------------------------------------------
Accepted connection from 10.0.0.17, port 50940
[  6] local 10.0.0.23 port 17023 connected to 10.0.0.17 port 47183
[ ID] Interval           Transfer     Bitrate         Jitter    Lost/Total Datagrams
[  6]   0.00-1.00   sec  12.7 KBytes   104 Kbits/sec  7.015 ms  0/9 (0%)  
[  6]   1.00-2.00   sec  14.1 KBytes   116 Kbits/sec  15.917 ms  0/10 (0%)  
[  6]   2.00-3.00   sec  14.1 KBytes   116 Kbits/sec  9.116 ms  0/10 (0%)  
[  6]   3.00-4.00   sec  12.7 KBytes   104 Kbits/sec  5.110 ms  0/9 (0%)  
[  6]   4.00-5.00   sec  14.1 KBytes   116 Kbits/sec  2.686 ms  0/10 (0%)  
[  6]   5.00-6.00   sec  12.7 KBytes   104 Kbits/sec  1.515 ms  0/9 (0%)  
[  6]   6.00-7.00   sec  14.1 KBytes   116 Kbits/sec  0.810 ms  0/10 (0%)  
[  6]   7.00-8.00   sec  12.7 KBytes   104 Kbits/sec  0.457 ms  0/9 (0%)  
[  6]   8.00-9.00   sec  14.1 KBytes   116 Kbits/sec  0.247 ms  0/10 (0%)  
[  6]   9.00-10.00  sec  12.7 KBytes   104 Kbits/sec  0.141 ms  0/9 (0%)  
[  6]  10.00-11.00  sec  12.7 KBytes   104 Kbits/sec  0.081 ms  0/9 (0%)  
[  6]  11.00-12.00  sec  14.1 KBytes   116 Kbits/sec  0.046 ms  0/10 (0%)  
[  6]  12.00-13.00  sec  12.7 KBytes   104 Kbits/sec  0.029 ms  0/9 (0%)  
[  6]  13.00-14.00  sec  14.1 KBytes   116 Kbits/sec  0.020 ms  0/10 (0%)  
[  6]  14.00-15.00  sec  12.7 KBytes   104 Kbits/sec  0.016 ms  0/9 (0%)  
[  6]  15.00-16.00  sec  14.1 KBytes   116 Kbits/sec  0.024 ms  0/10 (0%)  
[  6]  16.00-17.00  sec  12.7 KBytes   104 Kbits/sec  0.027 ms  0/9 (0%)  
[  6]  17.00-18.00  sec  14.1 KBytes   116 Kbits/sec  0.019 ms  0/10 (0%)  
[  6]  18.00-19.00  sec  12.7 KBytes   104 Kbits/sec  0.016 ms  0/9 (0%)  
[  6]  19.00-20.00  sec  14.1 KBytes   116 Kbits/sec  0.020 ms  0/10 (0%)  
[  6]  20.00-21.00  sec  12.7 KBytes   104 Kbits/sec  0.014 ms  0/9 (0%)  
[  6]  21.00-22.00  sec  12.7 KBytes   104 Kbits/sec  0.012 ms  0/9 (0%)  
[  6]  22.00-23.00  sec  14.1 KBytes   116 Kbits/sec  0.012 ms  0/10 (0%)  
[  6]  23.00-24.00  sec  12.7 KBytes   104 Kbits/sec  0.042 ms  0/9 (0%)  
[  6]  24.00-25.00  sec  14.1 KBytes   116 Kbits/sec  0.054 ms  0/10 (0%)  
[  6]  25.00-26.00  sec  12.7 KBytes   104 Kbits/sec  0.037 ms  0/9 (0%)  
[  6]  26.00-27.00  sec  14.1 KBytes   116 Kbits/sec  0.066 ms  0/10 (0%)  
[  6]  27.00-28.00  sec  12.7 KBytes   104 Kbits/sec  0.118 ms  0/9 (0%)  
[  6]  28.00-29.00  sec  14.1 KBytes   116 Kbits/sec  0.128 ms  0/10 (0%)  
[  6]  29.00-30.00  sec  12.7 KBytes   104 Kbits/sec  0.085 ms  0/9 (0%)  
- - - - - - - - - - - - - - - - - - - - - - - - -
[ ID] Interval           Transfer     Bitrate         Jitter    Lost/Total Datagrams
[  6]   0.00-30.00  sec   402 KBytes   110 Kbits/sec  0.085 ms  0/284 (0%)  receiver
