-----------------------------------------------------------
Server listening on 17022 (test #1)
-----------------------------------------------------------
Accepted connection from 10.0.0.17, port 51120
[  6] local 10.0.0.22 port 17022 connected to 10.0.0.17 port 34943
[ ID] Interval           Transfer     Bitrate         Jitter    Lost/Total Datagrams
[  6]   0.00-1.00   sec   723 KBytes  5.92 Mbits/sec  0.896 ms  478/989 (48%)  
[  6]   1.00-2.00   sec   655 KBytes  5.36 Mbits/sec  0.063 ms  657/1120 (59%)  
[  6]   2.00-3.00   sec  1.52 MBytes  12.8 Mbits/sec  0.004 ms  161/1263 (13%)  
[  6]   3.00-4.00   sec  1.55 MBytes  13.0 Mbits/sec  0.003 ms  0/1123 (0%)  
[  6]   4.00-5.00   sec  1.55 MBytes  13.0 Mbits/sec  0.005 ms  0/1124 (0%)  
[  6]   5.00-6.00   sec  1.55 MBytes  13.0 Mbits/sec  0.006 ms  0/1124 (0%)  
[  6]   6.00-7.00   sec  1.55 MBytes  13.0 Mbits/sec  0.005 ms  0/1124 (0%)  
[  6]   7.00-8.00   sec  1.55 MBytes  13.0 Mbits/sec  0.004 ms  0/1123 (0%)  
[  6]   8.00-9.00   sec  1.55 MBytes  13.0 Mbits/sec  0.005 ms  0/1124 (0%)  
[  6]   9.00-10.00  sec  1.55 MBytes  13.0 Mbits/sec  0.003 ms  0/1124 (0%)  
[  6]  10.00-11.00  sec  1.55 MBytes  13.0 Mbits/sec  0.004 ms  0/1123 (0%)  
[  6]  11.00-12.00  sec  1.55 MBytes  13.0 Mbits/sec  0.001 ms  0/1124 (0%)  
[  6]  12.00-13.00  sec  1.55 MBytes  13.0 Mbits/sec  0.004 ms  0/1123 (0%)  
[  6]  13.00-14.00  sec  1.55 MBytes  13.0 Mbits/sec  0.003 ms  0/1124 (0%)  
[  6]  14.00-15.00  sec  1.55 MBytes  13.0 Mbits/sec  0.053 ms  0/1123 (0%)  
[  6]  15.00-16.00  sec  1.54 MBytes  12.9 Mbits/sec  0.034 ms  0/1116 (0%)  
[  6]  16.00-17.00  sec  1.55 MBytes  13.0 Mbits/sec  0.034 ms  0/1123 (0%)  
[  6]  17.00-18.00  sec  1.54 MBytes  13.0 Mbits/sec  0.032 ms  0/1118 (0%)  
[  6]  18.00-19.00  sec  1.55 MBytes  13.0 Mbits/sec  0.778 ms  0/1125 (0%)  
[  6]  19.00-20.00  sec  1.56 MBytes  13.1 Mbits/sec  0.576 ms  0/1130 (0%)  
[  6]  20.00-21.00  sec  1.56 MBytes  13.1 Mbits/sec  0.481 ms  0/1127 (0%)  
[  6]  21.00-22.00  sec  1.55 MBytes  13.1 Mbits/sec  0.273 ms  0/1126 (0%)  
[  6]  22.00-23.00  sec  1.55 MBytes  13.0 Mbits/sec  0.191 ms  0/1124 (0%)  
[  6]  23.00-24.00  sec  1.55 MBytes  13.0 Mbits/sec  0.060 ms  0/1124 (0%)  
[  6]  24.00-25.00  sec  1.55 MBytes  13.0 Mbits/sec  0.009 ms  0/1123 (0%)  
[  6]  25.00-26.00  sec  1.55 MBytes  13.0 Mbits/sec  0.002 ms  0/1124 (0%)  
[  6]  26.00-27.00  sec  1.55 MBytes  13.0 Mbits/sec  0.002 ms  0/1123 (0%)  
[  6]  27.00-28.00  sec  1.55 MBytes  13.0 Mbits/sec  0.013 ms  0/1125 (0%)  
[  6]  28.00-29.00  sec  1.55 MBytes  13.0 Mbits/sec  0.003 ms  0/1123 (0%)  
[  6]  29.00-30.00  sec  1.55 MBytes  13.0 Mbits/sec  0.002 ms  0/1123 (0%)  
[  6]  30.00-30.00  sec  1.41 KBytes  28.9 Mbits/sec  0.002 ms  0/1 (0%)  
- - - - - - - - - - - - - - - - - - - - - - - - -
[ ID] Interval           Transfer     Bitrate         Jitter    Lost/Total Datagrams
[SUM]  0.0-30.0 sec  113 datagrams received out-of-order
[  6]   0.00-30.00  sec  44.8 MBytes  12.5 Mbits/sec  0.002 ms  1296/33710 (3.8%)  receiver
