-----------------------------------------------------------
Server listening on 17004 (test #1)
-----------------------------------------------------------
Accepted connection from 10.0.0.17, port 34548
[  6] local 10.0.0.4 port 17004 connected to 10.0.0.17 port 32950
[ ID] Interval           Transfer     Bitrate         Jitter    Lost/Total Datagrams
[  6]   0.00-1.00   sec  8.31 MBytes  69.6 Mbits/sec  1.415 ms  0/6016 (0%)  
[  6]   1.00-2.00   sec  6.37 MBytes  53.4 Mbits/sec  0.030 ms  0/4614 (0%)  
[  6]   2.00-3.00   sec  2.73 MBytes  22.9 Mbits/sec  0.130 ms  0/1980 (0%)  
[  6]   3.00-4.00   sec  1.87 MBytes  15.7 Mbits/sec  0.196 ms  0/1353 (0%)  
[  6]   4.00-5.00   sec  1.78 MBytes  14.9 Mbits/sec  0.185 ms  0/1286 (0%)  
[  6]   5.00-6.00   sec  1.97 MBytes  16.5 Mbits/sec  0.129 ms  41302/42730 (97%)  
[  6]   6.00-7.00   sec  1.64 MBytes  13.7 Mbits/sec  0.125 ms  0/1184 (0%)  
[  6]   7.00-8.00   sec  2.38 MBytes  19.9 Mbits/sec  0.044 ms  27594/29315 (94%)  
[  6]   8.00-9.00   sec  2.73 MBytes  22.9 Mbits/sec  0.518 ms  9650/11624 (83%)  
[  6]   9.00-10.00  sec  5.48 MBytes  46.0 Mbits/sec  0.143 ms  0/3971 (0%)  
[  6]  10.00-11.00  sec  4.99 MBytes  41.9 Mbits/sec  0.466 ms  0/3613 (0%)  
[  6]  11.00-12.00  sec  7.32 MBytes  61.4 Mbits/sec  0.115 ms  0/5301 (0%)  
[  6]  12.00-13.00  sec  7.33 MBytes  61.5 Mbits/sec  0.119 ms  0/5311 (0%)  
[  6]  13.00-14.00  sec  7.34 MBytes  61.6 Mbits/sec  0.177 ms  0/5316 (0%)  
[  6]  14.00-15.00  sec  7.34 MBytes  61.5 Mbits/sec  0.162 ms  0/5313 (0%)  
[  6]  15.00-16.00  sec  7.37 MBytes  61.8 Mbits/sec  0.118 ms  0/5337 (0%)  
[  6]  16.00-17.00  sec  7.29 MBytes  61.2 Mbits/sec  0.778 ms  0/5280 (0%)  
[  6]  17.00-18.00  sec  7.39 MBytes  62.0 Mbits/sec  0.123 ms  0/5350 (0%)  
[  6]  18.00-19.00  sec  7.34 MBytes  61.5 Mbits/sec  0.131 ms  0/5313 (0%)  
[  6]  19.00-20.00  sec  7.30 MBytes  61.3 Mbits/sec  0.583 ms  0/5287 (0%)  
[  6]  20.00-21.00  sec  6.95 MBytes  58.3 Mbits/sec  0.134 ms  0/5035 (0%)  
[  6]  21.00-22.00  sec  3.59 MBytes  30.1 Mbits/sec  0.171 ms  0/2602 (0%)  
[  6]  22.00-23.00  sec  2.62 MBytes  22.0 Mbits/sec  0.123 ms  0/1895 (0%)  
[  6]  23.00-24.00  sec  2.81 MBytes  23.6 Mbits/sec  0.117 ms  0/2038 (0%)  
[  6]  24.00-25.00  sec  2.81 MBytes  23.6 Mbits/sec  0.122 ms  0/2038 (0%)  
[  6]  25.00-26.00  sec  3.11 MBytes  26.1 Mbits/sec  0.119 ms  0/2251 (0%)  
[  6]  26.00-27.00  sec  3.10 MBytes  26.0 Mbits/sec  0.121 ms  0/2248 (0%)  
[  6]  27.00-28.00  sec  3.16 MBytes  26.5 Mbits/sec  0.181 ms  0/2290 (0%)  
[  6]  28.00-29.00  sec  3.42 MBytes  28.7 Mbits/sec  0.156 ms  0/2476 (0%)  
[  6]  29.00-30.00  sec  4.66 MBytes  39.2 Mbits/sec  0.148 ms  0/3378 (0%)  
[  6]  30.00-30.00  sec  12.7 KBytes  77.8 Mbits/sec  0.153 ms  0/9 (0%)  
- - - - - - - - - - - - - - - - - - - - - - - - -
[ ID] Interval           Transfer     Bitrate         Jitter    Lost/Total Datagrams
[SUM]  0.0-30.0 sec  119 datagrams received out-of-order
[  6]   0.00-30.00  sec   143 MBytes  39.9 Mbits/sec  0.153 ms  78546/181754 (43%)  receiver
