-----------------------------------------------------------
Server listening on 17005 (test #1)
-----------------------------------------------------------
Accepted connection from 10.0.0.17, port 54994
[  6] local 10.0.0.5 port 17005 connected to 10.0.0.17 port 43815
[ ID] Interval           Transfer     Bitrate         Jitter    Lost/Total Datagrams
[  6]   0.00-1.00   sec  2.74 MBytes  23.0 Mbits/sec  1.006 ms  0/1985 (0%)  
[  6]   1.00-2.00   sec  2.75 MBytes  23.0 Mbits/sec  0.564 ms  0/1990 (0%)  
[  6]   2.00-3.00   sec  2.06 MBytes  17.3 Mbits/sec  0.617 ms  0/1494 (0%)  
[  6]   3.00-4.00   sec  1.77 MBytes  14.9 Mbits/sec  0.514 ms  0/1284 (0%)  
[  6]   4.00-5.00   sec  1.70 MBytes  14.2 Mbits/sec  0.361 ms  16587/17818 (93%)  
[  6]   5.00-6.00   sec  1.71 MBytes  14.4 Mbits/sec  0.504 ms  0/1241 (0%)  
[  6]   6.00-7.00   sec  1.61 MBytes  13.5 Mbits/sec  0.360 ms  21165/22329 (95%)  
[  6]   7.00-8.00   sec  1.55 MBytes  13.0 Mbits/sec  0.378 ms  54838/55963 (98%)  
[  6]   8.00-9.00   sec  1.79 MBytes  15.0 Mbits/sec  0.478 ms  7177/8470 (85%)  
[  6]   9.00-10.00  sec  2.05 MBytes  17.2 Mbits/sec  0.501 ms  0/1484 (0%)  
[  6]  10.00-11.00  sec  2.01 MBytes  16.8 Mbits/sec  0.915 ms  0/1454 (0%)  
[  6]  11.00-12.00  sec  2.01 MBytes  16.9 Mbits/sec  0.478 ms  0/1457 (0%)  
[  6]  12.00-13.00  sec  2.06 MBytes  17.3 Mbits/sec  0.481 ms  0/1493 (0%)  
[  6]  13.00-14.00  sec  2.00 MBytes  16.8 Mbits/sec  0.853 ms  0/1447 (0%)  
[  6]  14.00-15.00  sec  2.02 MBytes  16.9 Mbits/sec  0.475 ms  0/1463 (0%)  
[  6]  15.00-16.00  sec  2.04 MBytes  17.1 Mbits/sec  0.495 ms  0/1480 (0%)  
[  6]  16.00-17.00  sec  2.01 MBytes  16.8 Mbits/sec  1.189 ms  0/1452 (0%)  
[  6]  17.00-18.00  sec  2.03 MBytes  17.0 Mbits/sec  4.835 ms  0/1467 (0%)  
[  6]  18.00-19.00  sec  2.06 MBytes  17.3 Mbits/sec  0.474 ms  0/1492 (0%)  
[  6]  19.00-20.00  sec  2.02 MBytes  16.9 Mbits/sec  0.570 ms  0/1461 (0%)  
[  6]  20.00-21.00  sec  2.29 MBytes  19.2 Mbits/sec  0.533 ms  0/1661 (0%)  
[  6]  21.00-22.00  sec   979 KBytes  8.02 Mbits/sec  0.498 ms  0/692 (0%)  
[  6]  22.00-23.00  sec   819 KBytes  6.71 Mbits/sec  0.503 ms  0/579 (0%)  
[  6]  23.00-24.00  sec   817 KBytes  6.70 Mbits/sec  0.487 ms  0/578 (0%)  
[  6]  24.00-25.00  sec   817 KBytes  6.70 Mbits/sec  0.499 ms  0/578 (0%)  
[  6]  25.00-26.00  sec   816 KBytes  6.68 Mbits/sec  0.502 ms  0/577 (0%)  
[  6]  26.00-27.00  sec   820 KBytes  6.72 Mbits/sec  0.485 ms  0/580 (0%)  
[  6]  27.00-28.00  sec   813 KBytes  6.66 Mbits/sec  0.490 ms  0/575 (0%)  
[  6]  28.00-29.00  sec   813 KBytes  6.66 Mbits/sec  0.490 ms  0/575 (0%)  
[  6]  29.00-30.00  sec   814 KBytes  6.67 Mbits/sec  0.490 ms  0/576 (0%)  
- - - - - - - - - - - - - - - - - - - - - - - - -
[ ID] Interval           Transfer     Bitrate         Jitter    Lost/Total Datagrams
[SUM]  0.0-30.0 sec  3 datagrams received out-of-order
[  6]   0.00-30.00  sec  49.6 MBytes  13.9 Mbits/sec  0.490 ms  99767/135695 (74%)  receiver
