-----------------------------------------------------------
Server listening on 17007 (test #1)
-----------------------------------------------------------
Accepted connection from 10.0.0.17, port 60350
[  6] local 10.0.0.7 port 17007 connected to 10.0.0.17 port 45133
[ ID] Interval           Transfer     Bitrate         Jitter    Lost/Total Datagrams
[  6]   0.00-1.00   sec   226 KBytes  1.85 Mbits/sec  0.005 ms  0/160 (0%)  
[  6]   1.00-2.00   sec   226 KBytes  1.85 Mbits/sec  0.002 ms  0/160 (0%)  
[  6]   2.00-3.00   sec   226 KBytes  1.85 Mbits/sec  0.007 ms  0/160 (0%)  
[  6]   3.00-4.00   sec   226 KBytes  1.85 Mbits/sec  0.015 ms  0/160 (0%)  
[  6]   4.00-5.00   sec   226 KBytes  1.85 Mbits/sec  0.022 ms  0/160 (0%)  
[  6]   5.00-6.00   sec   225 KBytes  1.84 Mbits/sec  0.006 ms  0/159 (0%)  
[  6]   6.00-7.00   sec   226 KBytes  1.85 Mbits/sec  0.001 ms  0/160 (0%)  
[  6]   7.00-8.00   sec   226 KBytes  1.85 Mbits/sec  0.003 ms  0/160 (0%)  
[  6]   8.00-9.00   sec   226 KBytes  1.85 Mbits/sec  0.015 ms  0/160 (0%)  
[  6]   9.00-10.00  sec   226 KBytes  1.85 Mbits/sec  0.004 ms  0/160 (0%)  
[  6]  10.00-11.00  sec   226 KBytes  1.85 Mbits/sec  0.006 ms  0/160 (0%)  
[  6]  11.00-12.00  sec   226 KBytes  1.85 Mbits/sec  0.003 ms  0/160 (0%)  
[  6]  12.00-13.00  sec   225 KBytes  1.84 Mbits/sec  0.003 ms  0/159 (0%)  
[  6]  13.00-14.00  sec   226 KBytes  1.85 Mbits/sec  0.004 ms  0/160 (0%)  
[  6]  14.00-15.00  sec   226 KBytes  1.86 Mbits/sec  0.009 ms  0/160 (0%)  
[  6]  15.00-16.00  sec   226 KBytes  1.85 Mbits/sec  0.015 ms  0/160 (0%)  
[  6]  16.00-17.00  sec   226 KBytes  1.85 Mbits/sec  0.001 ms  0/160 (0%)  
[  6]  17.00-18.00  sec   225 KBytes  1.84 Mbits/sec  0.003 ms  0/159 (0%)  
[  6]  18.00-19.00  sec   226 KBytes  1.85 Mbits/sec  0.006 ms  0/160 (0%)  
[  6]  19.00-20.00  sec   218 KBytes  1.78 Mbits/sec  4.528 ms  0/154 (0%)  
[  6]  20.00-21.00  sec   219 KBytes  1.80 Mbits/sec  3.990 ms  0/155 (0%)  
[  6]  21.00-22.00  sec   225 KBytes  1.84 Mbits/sec  3.469 ms  0/159 (0%)  
[  6]  22.00-23.00  sec   229 KBytes  1.88 Mbits/sec  3.225 ms  0/162 (0%)  
[  6]  23.00-24.00  sec   226 KBytes  1.85 Mbits/sec  4.190 ms  0/160 (0%)  
[  6]  24.00-25.00  sec   228 KBytes  1.87 Mbits/sec  3.758 ms  0/161 (0%)  
[  6]  25.00-26.00  sec   223 KBytes  1.83 Mbits/sec  4.611 ms  0/158 (0%)  
[  6]  26.00-27.00  sec   229 KBytes  1.88 Mbits/sec  4.218 ms  0/162 (0%)  
[  6]  27.00-28.00  sec   226 KBytes  1.85 Mbits/sec  4.897 ms  0/160 (0%)  
[  6]  28.00-29.00  sec   235 KBytes  1.92 Mbits/sec  2.194 ms  0/166 (0%)  
[  6]  29.00-30.00  sec   228 KBytes  1.86 Mbits/sec  2.037 ms  0/161 (0%)  
- - - - - - - - - - - - - - - - - - - - - - - - -
[ ID] Interval           Transfer     Bitrate         Jitter    Lost/Total Datagrams
[  6]   0.00-30.00  sec  6.62 MBytes  1.85 Mbits/sec  2.037 ms  0/4795 (0%)  receiver
