-----------------------------------------------------------
Server listening on 17009 (test #1)
-----------------------------------------------------------
Accepted connection from 10.0.0.17, port 35514
[  6] local 10.0.0.9 port 17009 connected to 10.0.0.17 port 40452
[ ID] Interval           Transfer     Bitrate         Jitter    Lost/Total Datagrams
[  6]   0.00-1.00   sec  2.24 MBytes  18.7 Mbits/sec  0.123 ms  0/1620 (0%)  
[  6]   1.00-2.00   sec  1.92 MBytes  16.1 Mbits/sec  0.126 ms  0/1389 (0%)  
[  6]   2.00-3.00   sec  1.77 MBytes  14.9 Mbits/sec  0.125 ms  0/1284 (0%)  
[  6]   3.00-4.00   sec  1.93 MBytes  16.2 Mbits/sec  0.127 ms  15305/16701 (92%)  
[  6]   4.00-5.00   sec  1.77 MBytes  14.8 Mbits/sec  0.006 ms  2739/4020 (68%)  
[  6]   5.00-6.00   sec  2.31 MBytes  19.4 Mbits/sec  0.054 ms  33936/35608 (95%)  
[  6]   6.00-7.00   sec  2.13 MBytes  17.9 Mbits/sec  0.124 ms  7126/8670 (82%)  
[  6]   7.00-8.00   sec  2.13 MBytes  17.9 Mbits/sec  0.118 ms  0/1542 (0%)  
[  6]   8.00-9.00   sec  1.97 MBytes  16.5 Mbits/sec  0.118 ms  0/1427 (0%)  
[  6]   9.00-10.00  sec  2.12 MBytes  17.8 Mbits/sec  0.122 ms  0/1538 (0%)  
[  6]  10.00-11.00  sec  2.15 MBytes  18.0 Mbits/sec  0.113 ms  0/1556 (0%)  
[  6]  11.00-12.00  sec  1.98 MBytes  16.6 Mbits/sec  0.119 ms  0/1437 (0%)  
[  6]  12.00-13.00  sec  2.15 MBytes  18.0 Mbits/sec  0.119 ms  0/1556 (0%)  
[  6]  13.00-14.00  sec  2.16 MBytes  18.1 Mbits/sec  0.119 ms  0/1561 (0%)  
[  6]  14.00-15.00  sec  1.99 MBytes  16.7 Mbits/sec  0.118 ms  0/1442 (0%)  
[  6]  15.00-16.00  sec  2.09 MBytes  17.5 Mbits/sec  0.124 ms  0/1514 (0%)  
[  6]  16.00-17.00  sec  2.09 MBytes  17.5 Mbits/sec  0.121 ms  0/1511 (0%)  
[  6]  17.00-18.00  sec  2.08 MBytes  17.5 Mbits/sec  0.225 ms  0/1508 (0%)  
[  6]  18.00-19.00  sec  2.35 MBytes  19.7 Mbits/sec  0.127 ms  0/1702 (0%)  
[  6]  19.00-20.00  sec  3.05 MBytes  25.6 Mbits/sec  0.481 ms  0/2210 (0%)  
[  6]  20.00-21.00  sec   817 KBytes  6.70 Mbits/sec  0.489 ms  0/578 (0%)  
[  6]  21.00-22.00  sec   820 KBytes  6.72 Mbits/sec  0.484 ms  0/580 (0%)  
[  6]  22.00-23.00  sec   816 KBytes  6.68 Mbits/sec  0.491 ms  0/577 (0%)  
[  6]  23.00-24.00  sec   814 KBytes  6.67 Mbits/sec  0.492 ms  0/576 (0%)  
[  6]  24.00-25.00  sec   817 KBytes  6.70 Mbits/sec  0.486 ms  0/578 (0%)  
[  6]  25.00-26.00  sec   814 KBytes  6.67 Mbits/sec  0.490 ms  0/576 (0%)  
[  6]  26.00-27.00  sec   813 KBytes  6.66 Mbits/sec  0.488 ms  0/575 (0%)  
[  6]  27.00-28.00  sec   813 KBytes  6.66 Mbits/sec  0.489 ms  0/575 (0%)  
[  6]  28.00-29.00  sec   813 KBytes  6.66 Mbits/sec  0.489 ms  0/575 (0%)  
[  6]  29.00-30.00  sec  1.07 MBytes  8.99 Mbits/sec  0.543 ms  0/776 (0%)  
- - - - - - - - - - - - - - - - - - - - - - - - -
[ ID] Interval           Transfer     Bitrate         Jitter    Lost/Total Datagrams
[  6]   0.00-30.00  sec  50.6 MBytes  14.2 Mbits/sec  0.543 ms  59106/95762 (62%)  receiver
