-----------------------------------------------------------
Server listening on 18013 (test #1)
-----------------------------------------------------------
Accepted connection from 10.0.0.18, port 45966
[  6] local 10.0.0.13 port 18013 connected to 10.0.0.18 port 51523
[ ID] Interval           Transfer     Bitrate         Jitter    Lost/Total Datagrams
[  6]   0.00-1.00   sec  12.7 KBytes   104 Kbits/sec  10.478 ms  0/9 (0%)  
[  6]   1.00-2.00   sec  12.7 KBytes   104 Kbits/sec  16.884 ms  0/9 (0%)  
[  6]   2.00-3.00   sec  12.7 KBytes   104 Kbits/sec  25.300 ms  0/9 (0%)  
[  6]   3.00-4.00   sec  12.7 KBytes   104 Kbits/sec  25.213 ms  0/9 (0%)  
[  6]   4.00-5.00   sec  14.1 KBytes   116 Kbits/sec  25.920 ms  0/10 (0%)  
[  6]   5.00-6.00   sec  12.7 KBytes   104 Kbits/sec  25.716 ms  0/9 (0%)  
[  6]   6.00-7.00   sec  14.1 KBytes   116 Kbits/sec  25.878 ms  0/10 (0%)  
[  6]   7.00-8.00   sec  12.7 KBytes   104 Kbits/sec  25.740 ms  0/9 (0%)  
[  6]   8.00-9.00   sec  12.7 KBytes   104 Kbits/sec  26.168 ms  0/9 (0%)  
[  6]   9.00-10.00  sec  14.1 KBytes   116 Kbits/sec  25.496 ms  0/10 (0%)  
[  6]  10.00-11.00  sec  12.7 KBytes   104 Kbits/sec  25.905 ms  0/9 (0%)  
[  6]  11.00-12.00  sec  14.1 KBytes   116 Kbits/sec  24.694 ms  0/10 (0%)  
[  6]  12.00-13.00  sec  12.7 KBytes   104 Kbits/sec  25.134 ms  0/9 (0%)  
[  6]  13.00-14.00  sec  12.7 KBytes   104 Kbits/sec  53.502 ms  0/9 (0%)  
[  6]  14.00-15.00  sec  14.1 KBytes   116 Kbits/sec  41.238 ms  0/10 (0%)  
[  6]  15.00-16.00  sec  14.1 KBytes   116 Kbits/sec  34.839 ms  0/10 (0%)  
[  6]  16.00-17.00  sec  12.7 KBytes   104 Kbits/sec  31.655 ms  0/9 (0%)  
[  6]  17.00-18.00  sec  12.7 KBytes   104 Kbits/sec  29.745 ms  0/9 (0%)  
[  6]  18.00-19.00  sec  14.1 KBytes   116 Kbits/sec  28.478 ms  0/10 (0%)  
[  6]  19.00-20.00  sec  12.7 KBytes   104 Kbits/sec  28.171 ms  0/9 (0%)  
[  6]  20.00-21.00  sec  14.1 KBytes   116 Kbits/sec  27.645 ms  0/10 (0%)  
[  6]  21.00-22.00  sec  12.7 KBytes   104 Kbits/sec  27.454 ms  0/9 (0%)  
[  6]  22.00-23.00  sec  12.7 KBytes   104 Kbits/sec  27.433 ms  0/9 (0%)  
[  6]  23.00-24.00  sec  14.1 KBytes   116 Kbits/sec  27.467 ms  0/10 (0%)  
[  6]  24.00-25.00  sec  14.1 KBytes   116 Kbits/sec  27.518 ms  0/10 (0%)  
[  6]  25.00-26.00  sec  12.7 KBytes   104 Kbits/sec  27.388 ms  0/9 (0%)  
[  6]  26.00-27.00  sec  14.1 KBytes   116 Kbits/sec  27.097 ms  0/10 (0%)  
[  6]  27.00-28.00  sec  14.1 KBytes   116 Kbits/sec  23.895 ms  0/10 (0%)  
[  6]  28.00-29.00  sec  12.7 KBytes   104 Kbits/sec  19.156 ms  0/9 (0%)  
[  6]  29.00-30.00  sec  14.1 KBytes   116 Kbits/sec  19.074 ms  0/10 (0%)  
- - - - - - - - - - - - - - - - - - - - - - - - -
[ ID] Interval           Transfer     Bitrate         Jitter    Lost/Total Datagrams
[SUM]  0.0-30.0 sec  2 datagrams received out-of-order
[  6]   0.00-30.00  sec   400 KBytes   109 Kbits/sec  19.074 ms  0/283 (0%)  receiver
