-----------------------------------------------------------
Server listening on 18014 (test #1)
-----------------------------------------------------------
Accepted connection from 10.0.0.18, port 38264
[  6] local 10.0.0.14 port 18014 connected to 10.0.0.18 port 59729
[ ID] Interval           Transfer     Bitrate         Jitter    Lost/Total Datagrams
[  6]   0.00-1.00   sec  1.41 KBytes  11.6 Kbits/sec  0.000 ms  0/1 (0%)  
[  6]   1.00-2.00   sec  2.83 KBytes  23.2 Kbits/sec  53.601 ms  0/2 (0%)  
[  6]   2.00-3.00   sec  2.83 KBytes  23.2 Kbits/sec  100.216 ms  0/2 (0%)  
[  6]   3.00-4.00   sec  2.83 KBytes  23.2 Kbits/sec  141.164 ms  0/2 (0%)  
[  6]   4.00-5.00   sec  2.83 KBytes  23.2 Kbits/sec  177.178 ms  0/2 (0%)  
[  6]   5.00-6.00   sec  2.83 KBytes  23.2 Kbits/sec  208.833 ms  0/2 (0%)  
[  6]   6.00-7.00   sec  2.83 KBytes  23.2 Kbits/sec  236.650 ms  0/2 (0%)  
[  6]   7.00-8.00   sec  1.41 KBytes  11.6 Kbits/sec  248.856 ms  0/1 (0%)  
[  6]   8.00-9.00   sec  5.66 KBytes  46.4 Kbits/sec  294.660 ms  0/4 (0%)  
[  6]   9.00-10.00  sec  2.83 KBytes  23.2 Kbits/sec  263.882 ms  0/2 (0%)  
[  6]  10.00-11.00  sec  2.83 KBytes  23.1 Kbits/sec  235.307 ms  0/2 (0%)  
[  6]  11.00-12.00  sec  2.83 KBytes  23.2 Kbits/sec  208.509 ms  0/2 (0%)  
[  6]  12.00-13.00  sec  2.83 KBytes  23.2 Kbits/sec  186.617 ms  0/2 (0%)  
[  6]  13.00-14.00  sec  2.83 KBytes  23.2 Kbits/sec  165.658 ms  0/2 (0%)  
[  6]  14.00-15.00  sec  2.83 KBytes  23.2 Kbits/sec  148.902 ms  0/2 (0%)  
[  6]  15.00-16.00  sec  2.83 KBytes  23.2 Kbits/sec  132.732 ms  0/2 (0%)  
[  6]  16.00-17.00  sec  2.83 KBytes  23.2 Kbits/sec  119.985 ms  0/2 (0%)  
[  6]  17.00-18.00  sec  2.83 KBytes  23.1 Kbits/sec  108.766 ms  0/2 (0%)  
[  6]  18.00-19.00  sec  2.83 KBytes  23.2 Kbits/sec  97.404 ms  0/2 (0%)  
[  6]  19.00-20.00  sec  1.41 KBytes  11.6 Kbits/sec  92.204 ms  0/1 (0%)  
[  6]  20.00-21.00  sec  4.24 KBytes  34.7 Kbits/sec  84.105 ms  0/3 (0%)  
[  6]  21.00-22.00  sec  2.83 KBytes  23.2 Kbits/sec  76.667 ms  0/2 (0%)  
[  6]  22.00-23.00  sec  2.83 KBytes  23.2 Kbits/sec  70.646 ms  0/2 (0%)  
[  6]  23.00-24.00  sec  2.83 KBytes  23.2 Kbits/sec  63.622 ms  0/2 (0%)  
[  6]  24.00-25.00  sec  2.83 KBytes  23.2 Kbits/sec  62.193 ms  0/2 (0%)  
[  6]  25.00-26.00  sec  2.83 KBytes  23.2 Kbits/sec  55.393 ms  0/2 (0%)  
[  6]  26.00-27.00  sec  2.83 KBytes  23.2 Kbits/sec  54.783 ms  0/2 (0%)  
[  6]  27.00-28.00  sec  2.83 KBytes  23.1 Kbits/sec  48.154 ms  0/2 (0%)  
[  6]  28.00-29.00  sec  2.83 KBytes  23.2 Kbits/sec  42.339 ms  0/2 (0%)  
[  6]  29.00-30.00  sec  2.83 KBytes  23.2 Kbits/sec  37.224 ms  0/2 (0%)  
- - - - - - - - - - - - - - - - - - - - - - - - -
[ ID] Interval           Transfer     Bitrate         Jitter    Lost/Total Datagrams
[  6]   0.00-30.00  sec  84.8 KBytes  23.2 Kbits/sec  37.224 ms  0/60 (0%)  receiver
