-----------------------------------------------------------
Server listening on 18001 (test #1)
-----------------------------------------------------------
Accepted connection from 10.0.0.18, port 44732
[  6] local 10.0.0.1 port 18001 connected to 10.0.0.18 port 48367
[ ID] Interval           Transfer     Bitrate         Jitter    Lost/Total Datagrams
[  6]   0.00-1.00   sec  89.1 KBytes   729 Kbits/sec  14.926 ms  0/63 (0%)  
[  6]   1.00-2.00   sec   117 KBytes   961 Kbits/sec  15.940 ms  0/83 (0%)  
[  6]   2.00-3.00   sec   113 KBytes   926 Kbits/sec  15.702 ms  0/80 (0%)  
[  6]   3.00-4.00   sec   113 KBytes   927 Kbits/sec  15.897 ms  0/80 (0%)  
[  6]   4.00-5.00   sec   132 KBytes  1.08 Mbits/sec  21.047 ms  0/93 (0%)  
[  6]   5.00-6.00   sec   116 KBytes   950 Kbits/sec  0.119 ms  0/82 (0%)  
[  6]   6.00-7.00   sec   117 KBytes   962 Kbits/sec  0.009 ms  0/83 (0%)  
[  6]   7.00-8.00   sec   116 KBytes   950 Kbits/sec  0.012 ms  0/82 (0%)  
[  6]   8.00-9.00   sec   116 KBytes   951 Kbits/sec  0.015 ms  0/82 (0%)  
[  6]   9.00-10.00  sec   116 KBytes   950 Kbits/sec  0.009 ms  0/82 (0%)  
[  6]  10.00-11.00  sec   116 KBytes   950 Kbits/sec  0.009 ms  0/82 (0%)  
[  6]  11.00-12.00  sec   116 KBytes   949 Kbits/sec  0.005 ms  0/82 (0%)  
[  6]  12.00-13.00  sec   116 KBytes   950 Kbits/sec  0.007 ms  0/82 (0%)  
[  6]  13.00-14.00  sec   116 KBytes   950 Kbits/sec  0.001 ms  0/82 (0%)  
[  6]  14.00-15.00  sec   116 KBytes   950 Kbits/sec  0.002 ms  0/82 (0%)  
[  6]  15.00-16.00  sec   116 KBytes   950 Kbits/sec  0.018 ms  0/82 (0%)  
[  6]  16.00-17.00  sec   116 KBytes   950 Kbits/sec  0.003 ms  0/82 (0%)  
[  6]  17.00-18.00  sec  87.7 KBytes   718 Kbits/sec  16.200 ms  0/62 (0%)  
[  6]  18.00-19.00  sec   120 KBytes   985 Kbits/sec  14.962 ms  0/85 (0%)  
[  6]  19.00-20.00  sec   113 KBytes   927 Kbits/sec  15.194 ms  0/80 (0%)  
[  6]  20.00-21.00  sec   115 KBytes   938 Kbits/sec  14.870 ms  0/81 (0%)  
[  6]  21.00-22.00  sec   119 KBytes   973 Kbits/sec  15.691 ms  0/84 (0%)  
[  6]  22.00-23.00  sec   116 KBytes   950 Kbits/sec  14.440 ms  0/82 (0%)  
[  6]  23.00-24.00  sec   113 KBytes   927 Kbits/sec  14.775 ms  0/80 (0%)  
[  6]  24.00-25.00  sec   122 KBytes   996 Kbits/sec  14.841 ms  0/86 (0%)  
[  6]  25.00-26.00  sec   113 KBytes   927 Kbits/sec  14.840 ms  0/80 (0%)  
[  6]  26.00-27.00  sec   113 KBytes   926 Kbits/sec  14.824 ms  0/80 (0%)  
[  6]  27.00-28.00  sec   120 KBytes   985 Kbits/sec  15.164 ms  0/85 (0%)  
[  6]  28.00-29.00  sec   115 KBytes   938 Kbits/sec  14.785 ms  0/81 (0%)  
[  6]  29.00-30.00  sec   113 KBytes   927 Kbits/sec  17.012 ms  0/80 (0%)  
[  6]  30.00-30.14  sec  17.0 KBytes   987 Kbits/sec  16.850 ms  0/12 (0%)  
- - - - - - - - - - - - - - - - - - - - - - - - -
[ ID] Interval           Transfer     Bitrate         Jitter    Lost/Total Datagrams
[SUM]  0.0-30.1 sec  11 datagrams received out-of-order
[  6]   0.00-30.14  sec  3.37 MBytes   938 Kbits/sec  16.850 ms  0/2442 (0%)  receiver
