-----------------------------------------------------------
Server listening on 18019 (test #1)
-----------------------------------------------------------
Accepted connection from 10.0.0.18, port 38384
[  6] local 10.0.0.19 port 18019 connected to 10.0.0.18 port 47503
[ ID] Interval           Transfer     Bitrate         Jitter    Lost/Total Datagrams
[  6]   0.00-1.00   sec  11.3 KBytes  92.6 Kbits/sec  9.840 ms  0/8 (0%)  
[  6]   1.00-2.00   sec  14.1 KBytes   116 Kbits/sec  18.400 ms  0/10 (0%)  
[  6]   2.00-3.00   sec  14.1 KBytes   116 Kbits/sec  22.597 ms  0/10 (0%)  
[  6]   3.00-4.00   sec  14.1 KBytes   116 Kbits/sec  24.998 ms  0/10 (0%)  
[  6]   4.00-5.00   sec  14.1 KBytes   116 Kbits/sec  26.052 ms  0/10 (0%)  
[  6]   5.00-6.00   sec  14.1 KBytes   116 Kbits/sec  26.833 ms  0/10 (0%)  
[  6]   6.00-7.00   sec  14.1 KBytes   116 Kbits/sec  27.345 ms  0/10 (0%)  
[  6]   7.00-8.00   sec  14.1 KBytes   116 Kbits/sec  27.217 ms  0/10 (0%)  
[  6]   8.00-9.00   sec  14.1 KBytes   116 Kbits/sec  27.269 ms  0/10 (0%)  
[  6]   9.00-10.00  sec  12.7 KBytes   104 Kbits/sec  27.180 ms  0/9 (0%)  
[  6]  10.00-11.00  sec  18.4 KBytes   150 Kbits/sec  74.027 ms  0/13 (0%)  
[  6]  11.00-12.00  sec  9.90 KBytes  81.1 Kbits/sec  60.574 ms  0/7 (0%)  
[  6]  12.00-13.00  sec  14.1 KBytes   116 Kbits/sec  43.940 ms  0/10 (0%)  
[  6]  13.00-14.00  sec  14.1 KBytes   116 Kbits/sec  35.807 ms  0/10 (0%)  
[  6]  14.00-15.00  sec  14.1 KBytes   116 Kbits/sec  31.727 ms  0/10 (0%)  
[  6]  15.00-16.00  sec  14.1 KBytes   116 Kbits/sec  29.268 ms  0/10 (0%)  
[  6]  16.00-17.00  sec  14.1 KBytes   116 Kbits/sec  28.465 ms  0/10 (0%)  
[  6]  17.00-18.00  sec  14.1 KBytes   116 Kbits/sec  27.699 ms  0/10 (0%)  
[  6]  18.00-19.00  sec  14.1 KBytes   116 Kbits/sec  27.634 ms  0/10 (0%)  
[  6]  19.00-20.00  sec  14.1 KBytes   116 Kbits/sec  27.515 ms  0/10 (0%)  
[  6]  20.00-21.00  sec  12.7 KBytes   104 Kbits/sec  27.210 ms  0/9 (0%)  
[  6]  21.00-22.00  sec  15.6 KBytes   128 Kbits/sec  27.059 ms  0/11 (0%)  
[  6]  22.00-23.00  sec  12.7 KBytes   104 Kbits/sec  27.125 ms  0/9 (0%)  
[  6]  23.00-24.00  sec  14.1 KBytes   116 Kbits/sec  27.291 ms  0/10 (0%)  
[  6]  24.00-25.00  sec  15.6 KBytes   127 Kbits/sec  27.119 ms  0/11 (0%)  
[  6]  25.00-26.00  sec  14.1 KBytes   116 Kbits/sec  25.746 ms  0/10 (0%)  
[  6]  26.00-27.00  sec  14.1 KBytes   116 Kbits/sec  22.925 ms  0/10 (0%)  
[  6]  27.00-28.00  sec  15.6 KBytes   127 Kbits/sec  23.239 ms  0/11 (0%)  
[  6]  28.00-29.00  sec  12.7 KBytes   104 Kbits/sec  21.526 ms  0/9 (0%)  
[  6]  29.00-30.00  sec  15.6 KBytes   127 Kbits/sec  24.620 ms  0/11 (0%)  
- - - - - - - - - - - - - - - - - - - - - - - - -
[ ID] Interval           Transfer     Bitrate         Jitter    Lost/Total Datagrams
[SUM]  0.0-30.0 sec  2 datagrams received out-of-order
[  6]   0.00-30.00  sec   421 KBytes   115 Kbits/sec  24.620 ms  0/298 (0%)  receiver
