-----------------------------------------------------------
Server listening on 18016 (test #1)
-----------------------------------------------------------
Accepted connection from 10.0.0.18, port 37432
[  6] local 10.0.0.16 port 18016 connected to 10.0.0.18 port 57594
[ ID] Interval           Transfer     Bitrate         Jitter    Lost/Total Datagrams
[  6]   0.00-1.00   sec  2.83 KBytes  23.1 Kbits/sec  2.473 ms  0/2 (0%)  
[  6]   1.00-2.00   sec  1.41 KBytes  11.6 Kbits/sec  4.797 ms  0/1 (0%)  
[  6]   2.00-3.00   sec  2.83 KBytes  23.2 Kbits/sec  8.037 ms  0/2 (0%)  
[  6]   3.00-4.00   sec  1.41 KBytes  11.6 Kbits/sec  7.785 ms  0/1 (0%)  
[  6]   4.00-5.00   sec  2.83 KBytes  23.2 Kbits/sec  7.026 ms  0/2 (0%)  
[  6]   5.00-6.00   sec  1.41 KBytes  11.6 Kbits/sec  6.679 ms  0/1 (0%)  
[  6]   6.00-7.00   sec  2.83 KBytes  23.2 Kbits/sec  6.033 ms  0/2 (0%)  
[  6]   7.00-8.00   sec  1.41 KBytes  11.6 Kbits/sec  5.781 ms  0/1 (0%)  
[  6]   8.00-9.00   sec  2.83 KBytes  23.2 Kbits/sec  5.565 ms  0/2 (0%)  
[  6]   9.00-10.00  sec  1.41 KBytes  11.6 Kbits/sec  5.582 ms  0/1 (0%)  
[  6]  10.00-11.00  sec  2.83 KBytes  23.2 Kbits/sec  5.202 ms  0/2 (0%)  
[  6]  11.00-12.00  sec  1.41 KBytes  11.6 Kbits/sec  4.946 ms  0/1 (0%)  
[  6]  12.00-13.00  sec  2.83 KBytes  23.2 Kbits/sec  20.998 ms  0/2 (0%)  
[  6]  13.00-14.00  sec  1.41 KBytes  11.6 Kbits/sec  19.816 ms  0/1 (0%)  
[  6]  14.00-15.00  sec  2.83 KBytes  23.1 Kbits/sec  18.358 ms  0/2 (0%)  
[  6]  15.00-16.00  sec  1.41 KBytes  11.6 Kbits/sec  20.437 ms  0/1 (0%)  
[  6]  16.00-17.00  sec  2.83 KBytes  23.2 Kbits/sec  25.263 ms  0/2 (0%)  
[  6]  17.00-18.00  sec  1.41 KBytes  11.6 Kbits/sec  27.911 ms  0/1 (0%)  
[  6]  18.00-19.00  sec  2.83 KBytes  23.2 Kbits/sec  27.669 ms  0/2 (0%)  
[  6]  19.00-20.00  sec  1.41 KBytes  11.6 Kbits/sec  26.460 ms  0/1 (0%)  
[  6]  20.00-21.00  sec  2.83 KBytes  23.2 Kbits/sec  23.990 ms  0/2 (0%)  
[  6]  21.00-22.00  sec  1.41 KBytes  11.6 Kbits/sec  23.398 ms  0/1 (0%)  
[  6]  22.00-23.00  sec  2.83 KBytes  23.2 Kbits/sec  29.750 ms  0/2 (0%)  
[  6]  23.00-24.00  sec  2.83 KBytes  23.2 Kbits/sec  35.261 ms  0/2 (0%)  
[  6]  24.00-25.00  sec  1.41 KBytes  11.6 Kbits/sec  34.764 ms  0/1 (0%)  
[  6]  25.00-26.00  sec  2.83 KBytes  23.2 Kbits/sec  35.364 ms  0/2 (0%)  
[  6]  26.00-27.00  sec  1.41 KBytes  11.6 Kbits/sec  33.322 ms  0/1 (0%)  
[  6]  27.00-28.00  sec  2.83 KBytes  23.2 Kbits/sec  32.489 ms  0/2 (0%)  
[  6]  28.00-29.00  sec  2.83 KBytes  23.2 Kbits/sec  34.948 ms  0/2 (0%)  
[  6]  29.00-30.00  sec  1.41 KBytes  11.6 Kbits/sec  34.366 ms  0/1 (0%)  
- - - - - - - - - - - - - - - - - - - - - - - - -
[ ID] Interval           Transfer     Bitrate         Jitter    Lost/Total Datagrams
[  6]   0.00-30.00  sec  65.0 KBytes  17.8 Kbits/sec  34.366 ms  0/46 (0%)  receiver
