-----------------------------------------------------------
Server listening on 18012 (test #1)
-----------------------------------------------------------
Accepted connection from 10.0.0.18, port 42732
[  6] local 10.0.0.12 port 18012 connected to 10.0.0.18 port 46738
[ ID] Interval           Transfer     Bitrate         Jitter    Lost/Total Datagrams
[  6]   0.00-1.00   sec  1.18 MBytes  9.85 Mbits/sec  1.134 ms  0/851 (0%)  
[  6]   1.00-2.00   sec  1.21 MBytes  10.1 Mbits/sec  0.492 ms  0/873 (0%)  
[  6]   2.00-3.00   sec  1.13 MBytes  9.45 Mbits/sec  0.478 ms  0/816 (0%)  
[  6]   3.00-4.00   sec   824 KBytes  6.75 Mbits/sec  0.485 ms  0/583 (0%)  
[  6]   4.00-5.00   sec   813 KBytes  6.66 Mbits/sec  0.489 ms  0/575 (0%)  
[  6]   5.00-6.00   sec   824 KBytes  6.75 Mbits/sec  18.459 ms  0/583 (0%)  
[  6]   6.00-7.00   sec   878 KBytes  7.20 Mbits/sec  1.746 ms  0/621 (0%)  
[  6]   7.00-8.00   sec   874 KBytes  7.16 Mbits/sec  0.569 ms  0/618 (0%)  
[  6]   8.00-9.00   sec   863 KBytes  7.07 Mbits/sec  0.487 ms  0/610 (0%)  
[  6]   9.00-10.00  sec   819 KBytes  6.71 Mbits/sec  0.490 ms  0/579 (0%)  
[  6]  10.00-11.00  sec   813 KBytes  6.66 Mbits/sec  0.490 ms  0/575 (0%)  
[  6]  11.00-12.00  sec   814 KBytes  6.67 Mbits/sec  0.487 ms  0/576 (0%)  
[  6]  12.00-13.00  sec   819 KBytes  6.71 Mbits/sec  0.484 ms  0/579 (0%)  
[  6]  13.00-14.00  sec  1.26 MBytes  10.6 Mbits/sec  0.478 ms  0/916 (0%)  
[  6]  14.00-15.00  sec   959 KBytes  7.85 Mbits/sec  0.535 ms  0/678 (0%)  
[  6]  15.00-16.00  sec   686 KBytes  5.62 Mbits/sec  0.486 ms  0/485 (0%)  
[  6]  16.00-17.00  sec   819 KBytes  6.71 Mbits/sec  0.489 ms  0/579 (0%)  
[  6]  17.00-18.00  sec   819 KBytes  6.71 Mbits/sec  0.486 ms  0/579 (0%)  
[  6]  18.00-19.00  sec   817 KBytes  6.70 Mbits/sec  0.490 ms  0/578 (0%)  
[  6]  19.00-20.00  sec   694 KBytes  5.69 Mbits/sec  4.339 ms  0/491 (0%)  
[  6]  20.00-21.00  sec   772 KBytes  6.32 Mbits/sec  0.491 ms  0/546 (0%)  
[  6]  21.00-22.00  sec   813 KBytes  6.66 Mbits/sec  0.490 ms  0/575 (0%)  
[  6]  22.00-23.00  sec   816 KBytes  6.68 Mbits/sec  0.490 ms  0/577 (0%)  
[  6]  23.00-24.00  sec   792 KBytes  6.49 Mbits/sec  0.531 ms  0/560 (0%)  
[  6]  24.00-25.00  sec   686 KBytes  5.62 Mbits/sec  19.838 ms  0/485 (0%)  
[  6]  25.00-26.00  sec   809 KBytes  6.63 Mbits/sec  0.491 ms  0/572 (0%)  
[  6]  26.00-27.00  sec   949 KBytes  7.77 Mbits/sec  0.508 ms  0/671 (0%)  
[  6]  27.00-28.00  sec  1.22 MBytes  10.2 Mbits/sec  0.880 ms  0/880 (0%)  
[  6]  28.00-29.00  sec  1.36 MBytes  11.4 Mbits/sec  0.478 ms  0/987 (0%)  
[  6]  29.00-30.00  sec  1.41 MBytes  11.8 Mbits/sec  0.498 ms  0/1022 (0%)  
- - - - - - - - - - - - - - - - - - - - - - - - -
[ ID] Interval           Transfer     Bitrate         Jitter    Lost/Total Datagrams
[SUM]  0.0-30.0 sec  113 datagrams received out-of-order
[  6]   0.00-30.00  sec  27.1 MBytes  7.58 Mbits/sec  0.498 ms  0/19620 (0%)  receiver
