-----------------------------------------------------------
Server listening on 18011 (test #1)
-----------------------------------------------------------
Accepted connection from 10.0.0.18, port 57818
[  6] local 10.0.0.11 port 18011 connected to 10.0.0.18 port 43733
[ ID] Interval           Transfer     Bitrate         Jitter    Lost/Total Datagrams
[  6]   0.00-1.00   sec  12.7 KBytes   104 Kbits/sec  12.592 ms  0/9 (0%)  
[  6]   1.00-2.00   sec  14.1 KBytes   116 Kbits/sec  20.434 ms  0/10 (0%)  
[  6]   2.00-3.00   sec  17.0 KBytes   139 Kbits/sec  25.769 ms  0/12 (0%)  
[  6]   3.00-4.00   sec  14.1 KBytes   116 Kbits/sec  13.522 ms  0/10 (0%)  
[  6]   4.00-5.00   sec  14.1 KBytes   116 Kbits/sec  7.097 ms  0/10 (0%)  
[  6]   5.00-6.00   sec  15.6 KBytes   127 Kbits/sec  3.510 ms  0/11 (0%)  
[  6]   6.00-7.00   sec  14.1 KBytes   116 Kbits/sec  1.866 ms  0/10 (0%)  
[  6]   7.00-8.00   sec  14.1 KBytes   116 Kbits/sec  0.998 ms  0/10 (0%)  
[  6]   8.00-9.00   sec  14.1 KBytes   116 Kbits/sec  0.534 ms  0/10 (0%)  
[  6]   9.00-10.00  sec  14.1 KBytes   116 Kbits/sec  0.300 ms  0/10 (0%)  
[  6]  10.00-11.00  sec  15.6 KBytes   127 Kbits/sec  0.149 ms  0/11 (0%)  
[  6]  11.00-12.00  sec  14.1 KBytes   116 Kbits/sec  0.082 ms  0/10 (0%)  
[  6]  12.00-13.00  sec  14.1 KBytes   116 Kbits/sec  0.047 ms  0/10 (0%)  
[  6]  13.00-14.00  sec  14.1 KBytes   116 Kbits/sec  0.027 ms  0/10 (0%)  
[  6]  14.00-15.00  sec  11.3 KBytes  92.6 Kbits/sec  16.244 ms  0/8 (0%)  
[  6]  15.00-16.00  sec  14.1 KBytes   116 Kbits/sec  21.252 ms  0/10 (0%)  
[  6]  16.00-17.00  sec  14.1 KBytes   116 Kbits/sec  23.573 ms  0/10 (0%)  
[  6]  17.00-18.00  sec  14.1 KBytes   116 Kbits/sec  25.034 ms  0/10 (0%)  
[  6]  18.00-19.00  sec  15.6 KBytes   127 Kbits/sec  25.890 ms  0/11 (0%)  
[  6]  19.00-20.00  sec  14.1 KBytes   116 Kbits/sec  26.326 ms  0/10 (0%)  
[  6]  20.00-21.00  sec  14.1 KBytes   116 Kbits/sec  26.360 ms  0/10 (0%)  
[  6]  21.00-22.00  sec  14.1 KBytes   116 Kbits/sec  26.374 ms  0/10 (0%)  
[  6]  22.00-23.00  sec  14.1 KBytes   116 Kbits/sec  26.538 ms  0/10 (0%)  
[  6]  23.00-24.00  sec  14.1 KBytes   116 Kbits/sec  26.490 ms  0/10 (0%)  
[  6]  24.00-25.00  sec  15.6 KBytes   127 Kbits/sec  26.911 ms  0/11 (0%)  
[  6]  25.00-26.00  sec  14.1 KBytes   116 Kbits/sec  26.791 ms  0/10 (0%)  
[  6]  26.00-27.00  sec  14.1 KBytes   116 Kbits/sec  26.782 ms  0/10 (0%)  
[  6]  27.00-28.00  sec  15.6 KBytes   127 Kbits/sec  26.859 ms  0/11 (0%)  
[  6]  28.00-29.00  sec  14.1 KBytes   116 Kbits/sec  25.965 ms  0/10 (0%)  
[  6]  29.00-30.00  sec  14.1 KBytes   116 Kbits/sec  24.726 ms  0/10 (0%)  
- - - - - - - - - - - - - - - - - - - - - - - - -
[ ID] Interval           Transfer     Bitrate         Jitter    Lost/Total Datagrams
[SUM]  0.0-30.0 sec  1 datagrams received out-of-order
[  6]   0.00-30.00  sec   430 KBytes   117 Kbits/sec  24.726 ms  0/304 (0%)  receiver
