-----------------------------------------------------------
Server listening on 18021 (test #1)
-----------------------------------------------------------
Accepted connection from 10.0.0.18, port 35026
[  6] local 10.0.0.21 port 18021 connected to 10.0.0.18 port 39179
[ ID] Interval           Transfer     Bitrate         Jitter    Lost/Total Datagrams
[  6]   0.00-1.00   sec  28.3 KBytes   231 Kbits/sec  0.008 ms  0/20 (0%)  
[  6]   1.00-2.00   sec  26.9 KBytes   220 Kbits/sec  0.018 ms  0/19 (0%)  
[  6]   2.00-3.00   sec  28.3 KBytes   232 Kbits/sec  0.036 ms  0/20 (0%)  
[  6]   3.00-4.00   sec  26.9 KBytes   220 Kbits/sec  0.018 ms  0/19 (0%)  
[  6]   4.00-5.00   sec  26.9 KBytes   220 Kbits/sec  0.014 ms  0/19 (0%)  
[  6]   5.00-6.00   sec  28.3 KBytes   231 Kbits/sec  0.007 ms  0/20 (0%)  
[  6]   6.00-7.00   sec  26.9 KBytes   220 Kbits/sec  0.005 ms  0/19 (0%)  
[  6]   7.00-8.00   sec  28.3 KBytes   232 Kbits/sec  0.004 ms  0/20 (0%)  
[  6]   8.00-9.00   sec  26.9 KBytes   220 Kbits/sec  0.008 ms  0/19 (0%)  
[  6]   9.00-10.00  sec  26.9 KBytes   220 Kbits/sec  0.006 ms  0/19 (0%)  
[  6]  10.00-11.00  sec  26.9 KBytes   220 Kbits/sec  3.244 ms  0/19 (0%)  
[  6]  11.00-12.00  sec  22.6 KBytes   185 Kbits/sec  17.344 ms  0/16 (0%)  
[  6]  12.00-13.00  sec  26.9 KBytes   220 Kbits/sec  20.431 ms  0/19 (0%)  
[  6]  13.00-14.00  sec  26.9 KBytes   220 Kbits/sec  20.812 ms  0/19 (0%)  
[  6]  14.00-15.00  sec  28.3 KBytes   232 Kbits/sec  21.170 ms  0/20 (0%)  
[  6]  15.00-16.00  sec  26.9 KBytes   220 Kbits/sec  21.187 ms  0/19 (0%)  
[  6]  16.00-17.00  sec  26.9 KBytes   220 Kbits/sec  21.351 ms  0/19 (0%)  
[  6]  17.00-18.00  sec  28.3 KBytes   232 Kbits/sec  20.970 ms  0/20 (0%)  
[  6]  18.00-19.00  sec  26.9 KBytes   220 Kbits/sec  21.333 ms  0/19 (0%)  
[  6]  19.00-20.00  sec  26.9 KBytes   220 Kbits/sec  21.184 ms  0/19 (0%)  
[  6]  20.00-21.00  sec  28.3 KBytes   232 Kbits/sec  21.041 ms  0/20 (0%)  
[  6]  21.00-22.00  sec  26.9 KBytes   220 Kbits/sec  21.092 ms  0/19 (0%)  
[  6]  22.00-23.00  sec  28.3 KBytes   232 Kbits/sec  20.822 ms  0/20 (0%)  
[  6]  23.00-24.00  sec  29.7 KBytes   243 Kbits/sec  22.901 ms  0/21 (0%)  
[  6]  24.00-25.00  sec  26.9 KBytes   220 Kbits/sec  19.317 ms  0/19 (0%)  
[  6]  25.00-26.00  sec  26.9 KBytes   220 Kbits/sec  13.031 ms  0/19 (0%)  
[  6]  26.00-27.00  sec  28.3 KBytes   232 Kbits/sec  13.113 ms  0/20 (0%)  
[  6]  27.00-28.00  sec  29.7 KBytes   243 Kbits/sec  12.507 ms  0/21 (0%)  
[  6]  28.00-29.00  sec  26.9 KBytes   220 Kbits/sec  8.903 ms  0/19 (0%)  
[  6]  29.00-30.00  sec  29.7 KBytes   243 Kbits/sec  9.905 ms  0/21 (0%)  
- - - - - - - - - - - - - - - - - - - - - - - - -
[ ID] Interval           Transfer     Bitrate         Jitter    Lost/Total Datagrams
[  6]   0.00-30.00  sec   823 KBytes   225 Kbits/sec  9.905 ms  0/582 (0%)  receiver
