-----------------------------------------------------------
Server listening on 18020 (test #1)
-----------------------------------------------------------
Accepted connection from 10.0.0.18, port 39328
[  6] local 10.0.0.20 port 18020 connected to 10.0.0.18 port 42529
[ ID] Interval           Transfer     Bitrate         Jitter    Lost/Total Datagrams
[  6]   0.00-1.00   sec  2.83 KBytes  23.2 Kbits/sec  1.383 ms  0/2 (0%)  
[  6]   1.00-2.00   sec  2.83 KBytes  23.1 Kbits/sec  1.925 ms  0/2 (0%)  
[  6]   2.00-3.00   sec  4.24 KBytes  34.8 Kbits/sec  5.258 ms  0/3 (0%)  
[  6]   3.00-4.00   sec  2.83 KBytes  23.2 Kbits/sec  5.687 ms  0/2 (0%)  
[  6]   4.00-5.00   sec  2.83 KBytes  23.2 Kbits/sec  5.895 ms  0/2 (0%)  
[  6]   5.00-6.00   sec  2.83 KBytes  23.2 Kbits/sec  8.693 ms  0/2 (0%)  
[  6]   6.00-7.00   sec  4.24 KBytes  34.8 Kbits/sec  8.360 ms  0/3 (0%)  
[  6]   7.00-8.00   sec  2.83 KBytes  23.2 Kbits/sec  8.037 ms  0/2 (0%)  
[  6]   8.00-9.00   sec  2.83 KBytes  23.2 Kbits/sec  7.833 ms  0/2 (0%)  
[  6]   9.00-10.00  sec  2.83 KBytes  23.2 Kbits/sec  10.453 ms  0/2 (0%)  
[  6]  10.00-11.00  sec  2.83 KBytes  23.1 Kbits/sec  22.430 ms  0/2 (0%)  
[  6]  11.00-12.00  sec  4.24 KBytes  34.8 Kbits/sec  34.419 ms  0/3 (0%)  
[  6]  12.00-13.00  sec  2.83 KBytes  23.2 Kbits/sec  33.037 ms  0/2 (0%)  
[  6]  13.00-14.00  sec  2.83 KBytes  23.2 Kbits/sec  32.060 ms  0/2 (0%)  
[  6]  14.00-15.00  sec  2.83 KBytes  23.2 Kbits/sec  31.199 ms  0/2 (0%)  
[  6]  15.00-16.00  sec  4.24 KBytes  34.7 Kbits/sec  31.283 ms  0/3 (0%)  
[  6]  16.00-17.00  sec  2.83 KBytes  23.2 Kbits/sec  30.409 ms  0/2 (0%)  
[  6]  17.00-18.00  sec  2.83 KBytes  23.2 Kbits/sec  30.433 ms  0/2 (0%)  
[  6]  18.00-19.00  sec  2.83 KBytes  23.2 Kbits/sec  29.551 ms  0/2 (0%)  
[  6]  19.00-20.00  sec  4.24 KBytes  34.8 Kbits/sec  28.664 ms  0/3 (0%)  
[  6]  20.00-21.00  sec  2.83 KBytes  23.2 Kbits/sec  28.654 ms  0/2 (0%)  
[  6]  21.00-22.00  sec  2.83 KBytes  23.2 Kbits/sec  28.378 ms  0/2 (0%)  
[  6]  22.00-23.00  sec  2.83 KBytes  23.2 Kbits/sec  28.168 ms  0/2 (0%)  
[  6]  23.00-24.00  sec  4.24 KBytes  34.8 Kbits/sec  30.580 ms  0/3 (0%)  
[  6]  24.00-25.00  sec  2.83 KBytes  23.2 Kbits/sec  28.381 ms  0/2 (0%)  
[  6]  25.00-26.00  sec  2.83 KBytes  23.2 Kbits/sec  28.229 ms  0/2 (0%)  
[  6]  26.00-27.00  sec  2.83 KBytes  23.2 Kbits/sec  28.426 ms  0/2 (0%)  
[  6]  27.00-28.00  sec  4.24 KBytes  34.8 Kbits/sec  26.729 ms  0/3 (0%)  
[  6]  28.00-29.00  sec  2.83 KBytes  23.2 Kbits/sec  24.409 ms  0/2 (0%)  
[  6]  29.00-30.00  sec  2.83 KBytes  23.2 Kbits/sec  27.150 ms  0/2 (0%)  
- - - - - - - - - - - - - - - - - - - - - - - - -
[ ID] Interval           Transfer     Bitrate         Jitter    Lost/Total Datagrams
[  6]   0.00-30.03  sec  94.7 KBytes  25.8 Kbits/sec  27.150 ms  0/67 (0%)  receiver
