-----------------------------------------------------------
Server listening on 18002 (test #1)
-----------------------------------------------------------
Accepted connection from 10.0.0.18, port 35056
[  6] local 10.0.0.2 port 18002 connected to 10.0.0.18 port 51839
[ ID] Interval           Transfer     Bitrate         Jitter    Lost/Total Datagrams
[  6]   0.00-1.00   sec  2.80 MBytes  23.5 Mbits/sec  0.659 ms  0/2031 (0%)  
[  6]   1.00-2.00   sec  2.49 MBytes  20.9 Mbits/sec  3.990 ms  0/1804 (0%)  
[  6]   2.00-3.00   sec  2.45 MBytes  20.5 Mbits/sec  0.742 ms  0/1772 (0%)  
[  6]   3.00-4.00   sec  1.85 MBytes  15.5 Mbits/sec  0.486 ms  0/1339 (0%)  
[  6]   4.00-5.00   sec  1.27 MBytes  10.7 Mbits/sec  0.483 ms  0/920 (0%)  
[  6]   5.00-6.00   sec  1.22 MBytes  10.2 Mbits/sec  0.606 ms  0/881 (0%)  
[  6]   6.00-7.00   sec   880 KBytes  7.20 Mbits/sec  0.486 ms  0/622 (0%)  
[  6]   7.00-8.00   sec   814 KBytes  6.67 Mbits/sec  0.493 ms  0/576 (0%)  
[  6]   8.00-9.00   sec   816 KBytes  6.68 Mbits/sec  0.480 ms  0/577 (0%)  
[  6]   9.00-10.00  sec   819 KBytes  6.71 Mbits/sec  0.488 ms  0/579 (0%)  
[  6]  10.00-11.00  sec   820 KBytes  6.71 Mbits/sec  0.485 ms  0/580 (0%)  
[  6]  11.00-12.00  sec   834 KBytes  6.84 Mbits/sec  11.901 ms  0/590 (0%)  
[  6]  12.00-13.00  sec   875 KBytes  7.16 Mbits/sec  1.398 ms  0/619 (0%)  
[  6]  13.00-14.00  sec   880 KBytes  7.21 Mbits/sec  0.523 ms  0/622 (0%)  
[  6]  14.00-15.00  sec   840 KBytes  6.87 Mbits/sec  0.490 ms  0/594 (0%)  
[  6]  15.00-16.00  sec   819 KBytes  6.71 Mbits/sec  0.485 ms  0/579 (0%)  
[  6]  16.00-17.00  sec   817 KBytes  6.70 Mbits/sec  0.488 ms  0/578 (0%)  
[  6]  17.00-18.00  sec   976 KBytes  7.99 Mbits/sec  0.487 ms  0/690 (0%)  
[  6]  18.00-19.00  sec   786 KBytes  6.45 Mbits/sec  0.524 ms  0/556 (0%)  
[  6]  19.00-20.00  sec   689 KBytes  5.64 Mbits/sec  0.481 ms  0/487 (0%)  
[  6]  20.00-21.00  sec   816 KBytes  6.68 Mbits/sec  0.488 ms  0/577 (0%)  
[  6]  21.00-22.00  sec   814 KBytes  6.67 Mbits/sec  0.489 ms  0/576 (0%)  
[  6]  22.00-23.00  sec   820 KBytes  6.72 Mbits/sec  0.484 ms  0/580 (0%)  
[  6]  23.00-24.00  sec   703 KBytes  5.76 Mbits/sec  2.927 ms  0/497 (0%)  
[  6]  24.00-25.00  sec   762 KBytes  6.25 Mbits/sec  0.491 ms  0/539 (0%)  
[  6]  25.00-26.00  sec   814 KBytes  6.67 Mbits/sec  0.490 ms  0/576 (0%)  
[  6]  26.00-27.00  sec   814 KBytes  6.67 Mbits/sec  0.490 ms  0/576 (0%)  
[  6]  27.00-28.00  sec   795 KBytes  6.51 Mbits/sec  0.515 ms  0/562 (0%)  
[  6]  28.00-29.00  sec   680 KBytes  5.57 Mbits/sec  19.830 ms  0/481 (0%)  
[  6]  29.00-30.00  sec   807 KBytes  6.62 Mbits/sec  0.490 ms  0/571 (0%)  
- - - - - - - - - - - - - - - - - - - - - - - - -
[ ID] Interval           Transfer     Bitrate         Jitter    Lost/Total Datagrams
[  6]   0.00-30.00  sec  31.1 MBytes  8.70 Mbits/sec  0.490 ms  0/22531 (0%)  receiver
