-----------------------------------------------------------
Server listening on 18003 (test #1)
-----------------------------------------------------------
Accepted connection from 10.0.0.18, port 45794
[  6] local 10.0.0.3 port 18003 connected to 10.0.0.18 port 43123
[ ID] Interval           Transfer     Bitrate         Jitter    Lost/Total Datagrams
[  6]   0.00-1.00   sec  2.83 KBytes  23.1 Kbits/sec  1.948 ms  0/2 (0%)  
[  6]   1.00-2.00   sec  1.41 KBytes  11.6 Kbits/sec  3.102 ms  0/1 (0%)  
[  6]   2.00-3.00   sec  1.41 KBytes  11.6 Kbits/sec  3.531 ms  0/1 (0%)  
[  6]   3.00-4.00   sec  1.41 KBytes  11.6 Kbits/sec  9.657 ms  0/1 (0%)  
[  6]   4.00-5.00   sec  2.83 KBytes  23.2 Kbits/sec  18.912 ms  0/2 (0%)  
[  6]   5.00-6.00   sec  1.41 KBytes  11.6 Kbits/sec  17.730 ms  0/1 (0%)  
[  6]   6.00-7.00   sec  1.41 KBytes  11.6 Kbits/sec  16.624 ms  0/1 (0%)  
[  6]   7.00-8.00   sec  1.41 KBytes  11.6 Kbits/sec  15.587 ms  0/1 (0%)  
[  6]   8.00-9.00   sec  2.83 KBytes  23.2 Kbits/sec  13.700 ms  0/2 (0%)  
[  6]   9.00-10.00  sec  1.41 KBytes  11.6 Kbits/sec  12.844 ms  0/1 (0%)  
[  6]  10.00-11.00  sec  1.41 KBytes  11.6 Kbits/sec  12.042 ms  0/1 (0%)  
[  6]  11.00-12.00  sec  1.41 KBytes  11.6 Kbits/sec  11.290 ms  0/1 (0%)  
[  6]  12.00-13.00  sec  2.83 KBytes  23.2 Kbits/sec  9.924 ms  0/2 (0%)  
[  6]  13.00-14.00  sec  1.41 KBytes  11.6 Kbits/sec  9.304 ms  0/1 (0%)  
[  6]  14.00-15.00  sec  1.41 KBytes  11.6 Kbits/sec  8.724 ms  0/1 (0%)  
[  6]  15.00-16.00  sec  1.41 KBytes  11.6 Kbits/sec  8.179 ms  0/1 (0%)  
[  6]  16.00-17.00  sec  1.41 KBytes  11.6 Kbits/sec  7.669 ms  0/1 (0%)  
[  6]  17.00-18.00  sec  2.83 KBytes  23.2 Kbits/sec  21.217 ms  0/2 (0%)  
[  6]  18.00-19.00  sec  1.41 KBytes  11.6 Kbits/sec  21.624 ms  0/1 (0%)  
[  6]  19.00-20.00  sec  1.41 KBytes  11.6 Kbits/sec  22.118 ms  0/1 (0%)  
[  6]  20.00-21.00  sec  1.41 KBytes  11.6 Kbits/sec  22.431 ms  0/1 (0%)  
[  6]  21.00-22.00  sec  2.83 KBytes  23.2 Kbits/sec  23.060 ms  0/2 (0%)  
[  6]  22.00-23.00  sec  1.41 KBytes  11.6 Kbits/sec  23.434 ms  0/1 (0%)  
[  6]  23.00-24.00  sec  1.41 KBytes  11.6 Kbits/sec  23.906 ms  0/1 (0%)  
[  6]  24.00-25.00  sec  1.41 KBytes  11.6 Kbits/sec  23.873 ms  0/1 (0%)  
[  6]  25.00-26.00  sec  2.83 KBytes  23.2 Kbits/sec  22.429 ms  0/2 (0%)  
[  6]  26.00-27.00  sec  1.41 KBytes  11.6 Kbits/sec  22.815 ms  0/1 (0%)  
[  6]  27.00-28.00  sec  1.41 KBytes  11.6 Kbits/sec  23.208 ms  0/1 (0%)  
[  6]  28.00-29.00  sec  1.41 KBytes  11.6 Kbits/sec  23.400 ms  0/1 (0%)  
[  6]  29.00-30.00  sec  2.83 KBytes  23.2 Kbits/sec  25.029 ms  0/2 (0%)  
- - - - - - - - - - - - - - - - - - - - - - - - -
[ ID] Interval           Transfer     Bitrate         Jitter    Lost/Total Datagrams
[  6]   0.00-30.00  sec  53.7 KBytes  14.7 Kbits/sec  25.029 ms  0/38 (0%)  receiver
