-----------------------------------------------------------
Server listening on 18007 (test #1)
-----------------------------------------------------------
Accepted connection from 10.0.0.18, port 59506
[  6] local 10.0.0.7 port 18007 connected to 10.0.0.18 port 55490
[ ID] Interval           Transfer     Bitrate         Jitter    Lost/Total Datagrams
[  6]   0.00-1.00   sec  14.1 KBytes   116 Kbits/sec  10.671 ms  0/10 (0%)  
[  6]   1.00-2.00   sec  15.6 KBytes   127 Kbits/sec  18.705 ms  0/11 (0%)  
[  6]   2.00-3.00   sec  15.6 KBytes   128 Kbits/sec  22.163 ms  0/11 (0%)  
[  6]   3.00-4.00   sec  14.1 KBytes   116 Kbits/sec  27.826 ms  0/10 (0%)  
[  6]   4.00-5.00   sec  17.0 KBytes   139 Kbits/sec  25.894 ms  0/12 (0%)  
[  6]   5.00-6.00   sec  17.0 KBytes   139 Kbits/sec  24.984 ms  0/12 (0%)  
[  6]   6.00-7.00   sec  17.0 KBytes   139 Kbits/sec  24.041 ms  0/12 (0%)  
[  6]   7.00-8.00   sec  15.6 KBytes   128 Kbits/sec  24.456 ms  0/11 (0%)  
[  6]   8.00-9.00   sec  15.6 KBytes   127 Kbits/sec  24.803 ms  0/11 (0%)  
[  6]   9.00-10.00  sec  15.6 KBytes   127 Kbits/sec  23.942 ms  0/11 (0%)  
[  6]  10.00-11.00  sec  17.0 KBytes   139 Kbits/sec  24.275 ms  0/12 (0%)  
[  6]  11.00-12.00  sec  17.0 KBytes   139 Kbits/sec  24.041 ms  0/12 (0%)  
[  6]  12.00-13.00  sec  15.6 KBytes   128 Kbits/sec  24.244 ms  0/11 (0%)  
[  6]  13.00-14.00  sec  17.0 KBytes   139 Kbits/sec  24.480 ms  0/12 (0%)  
[  6]  14.00-15.00  sec  18.4 KBytes   151 Kbits/sec  76.405 ms  0/13 (0%)  
[  6]  15.00-16.00  sec  12.7 KBytes   104 Kbits/sec  58.600 ms  0/9 (0%)  
[  6]  16.00-17.00  sec  17.0 KBytes   139 Kbits/sec  38.751 ms  0/12 (0%)  
[  6]  17.00-18.00  sec  15.6 KBytes   128 Kbits/sec  28.333 ms  0/11 (0%)  
[  6]  18.00-19.00  sec  17.0 KBytes   139 Kbits/sec  23.116 ms  0/12 (0%)  
[  6]  19.00-20.00  sec  17.0 KBytes   139 Kbits/sec  21.486 ms  0/12 (0%)  
[  6]  20.00-21.00  sec  15.6 KBytes   127 Kbits/sec  21.350 ms  0/11 (0%)  
[  6]  21.00-22.00  sec  15.6 KBytes   127 Kbits/sec  21.656 ms  0/11 (0%)  
[  6]  22.00-23.00  sec  17.0 KBytes   139 Kbits/sec  21.526 ms  0/12 (0%)  
[  6]  23.00-24.00  sec  15.6 KBytes   127 Kbits/sec  19.860 ms  0/11 (0%)  
[  6]  24.00-25.00  sec  17.0 KBytes   139 Kbits/sec  19.852 ms  0/12 (0%)  
[  6]  25.00-26.00  sec  17.0 KBytes   139 Kbits/sec  19.898 ms  0/12 (0%)  
[  6]  26.00-27.00  sec  15.6 KBytes   127 Kbits/sec  20.276 ms  0/11 (0%)  
[  6]  27.00-28.00  sec  17.0 KBytes   139 Kbits/sec  23.694 ms  0/12 (0%)  
[  6]  28.00-29.00  sec  17.0 KBytes   139 Kbits/sec  23.988 ms  0/12 (0%)  
[  6]  29.00-30.00  sec  17.0 KBytes   139 Kbits/sec  24.171 ms  0/12 (0%)  
[  6]  30.00-30.10  sec  1.41 KBytes   112 Kbits/sec  24.464 ms  0/1 (0%)  
- - - - - - - - - - - - - - - - - - - - - - - - -
[ ID] Interval           Transfer     Bitrate         Jitter    Lost/Total Datagrams
[SUM]  0.0-30.1 sec  2 datagrams received out-of-order
[  6]   0.00-30.10  sec   486 KBytes   132 Kbits/sec  24.464 ms  0/344 (0%)  receiver
