-----------------------------------------------------------
Server listening on 18008 (test #1)
-----------------------------------------------------------
Accepted connection from 10.0.0.18, port 41272
[  6] local 10.0.0.8 port 18008 connected to 10.0.0.18 port 54099
[ ID] Interval           Transfer     Bitrate         Jitter    Lost/Total Datagrams
[  6]   0.00-1.00   sec  2.83 KBytes  23.2 Kbits/sec  4.540 ms  0/2 (0%)  
[  6]   1.00-2.00   sec  1.41 KBytes  11.6 Kbits/sec  5.467 ms  0/1 (0%)  
[  6]   2.00-3.00   sec  1.41 KBytes  11.6 Kbits/sec  7.216 ms  0/1 (0%)  
[  6]   3.00-4.00   sec  2.83 KBytes  23.2 Kbits/sec  12.498 ms  0/2 (0%)  
[  6]   4.00-5.00   sec  1.41 KBytes  11.6 Kbits/sec  11.906 ms  0/1 (0%)  
[  6]   5.00-6.00   sec  1.41 KBytes  11.6 Kbits/sec  13.792 ms  0/1 (0%)  
[  6]   6.00-7.00   sec  2.83 KBytes  23.2 Kbits/sec  13.939 ms  0/2 (0%)  
[  6]   7.00-8.00   sec  1.41 KBytes  11.6 Kbits/sec  13.685 ms  0/1 (0%)  
[  6]   8.00-9.00   sec  2.83 KBytes  23.2 Kbits/sec  12.322 ms  0/2 (0%)  
[  6]   9.00-10.00  sec  1.41 KBytes  11.6 Kbits/sec  13.201 ms  0/1 (0%)  
[  6]  10.00-11.00  sec  1.41 KBytes  11.6 Kbits/sec  12.922 ms  0/1 (0%)  
[  6]  11.00-12.00  sec  2.83 KBytes  23.2 Kbits/sec  14.367 ms  0/2 (0%)  
[  6]  12.00-13.00  sec  1.41 KBytes  11.6 Kbits/sec  14.987 ms  0/1 (0%)  
[  6]  13.00-14.00  sec  1.41 KBytes  11.6 Kbits/sec  16.922 ms  0/1 (0%)  
[  6]  14.00-15.00  sec  2.83 KBytes  23.2 Kbits/sec  17.666 ms  0/2 (0%)  
[  6]  15.00-16.00  sec  1.41 KBytes  11.6 Kbits/sec  24.129 ms  0/1 (0%)  
[  6]  16.00-17.00  sec  1.41 KBytes  11.6 Kbits/sec  26.217 ms  0/1 (0%)  
[  6]  17.00-18.00  sec  2.83 KBytes  23.1 Kbits/sec  23.498 ms  0/2 (0%)  
[  6]  18.00-19.00  sec  1.41 KBytes  11.6 Kbits/sec  22.332 ms  0/1 (0%)  
[  6]  19.00-20.00  sec  1.41 KBytes  11.6 Kbits/sec  21.168 ms  0/1 (0%)  
[  6]  20.00-21.00  sec  2.83 KBytes  23.2 Kbits/sec  19.422 ms  0/2 (0%)  
[  6]  21.00-22.00  sec  1.41 KBytes  11.6 Kbits/sec  18.596 ms  0/1 (0%)  
[  6]  22.00-23.00  sec  1.41 KBytes  11.6 Kbits/sec  17.478 ms  0/1 (0%)  
[  6]  23.00-24.00  sec  2.83 KBytes  23.2 Kbits/sec  16.018 ms  0/2 (0%)  
[  6]  24.00-25.00  sec  1.41 KBytes  11.6 Kbits/sec  17.087 ms  0/1 (0%)  
[  6]  25.00-26.00  sec  2.83 KBytes  23.2 Kbits/sec  28.138 ms  0/2 (0%)  
[  6]  26.00-27.00  sec  1.41 KBytes  11.6 Kbits/sec  29.801 ms  0/1 (0%)  
[  6]  27.00-28.00  sec  2.83 KBytes  23.2 Kbits/sec  29.531 ms  0/2 (0%)  
[  6]  28.00-29.00  sec  1.41 KBytes  11.6 Kbits/sec  31.098 ms  0/1 (0%)  
[  6]  29.00-30.00  sec  1.41 KBytes  11.6 Kbits/sec  29.266 ms  0/1 (0%)  
- - - - - - - - - - - - - - - - - - - - - - - - -
[ ID] Interval           Transfer     Bitrate         Jitter    Lost/Total Datagrams
[  6]   0.00-30.00  sec  58.0 KBytes  15.8 Kbits/sec  29.266 ms  0/41 (0%)  receiver
