-----------------------------------------------------------
Server listening on 19011 (test #1)
-----------------------------------------------------------
Accepted connection from 10.0.0.19, port 43130
[  6] local 10.0.0.11 port 19011 connected to 10.0.0.19 port 52153
[ ID] Interval           Transfer     Bitrate         Jitter    Lost/Total Datagrams
[  6]   0.00-1.00   sec   106 KBytes   868 Kbits/sec  8.707 ms  0/75 (0%)  
[  6]   1.00-2.00   sec   143 KBytes  1.17 Mbits/sec  12.749 ms  0/101 (0%)  
[  6]   2.00-3.00   sec   147 KBytes  1.20 Mbits/sec  10.520 ms  0/104 (0%)  
[  6]   3.00-4.00   sec   140 KBytes  1.15 Mbits/sec  19.205 ms  0/99 (0%)  
[  6]   4.00-5.00   sec   132 KBytes  1.08 Mbits/sec  6.800 ms  0/93 (0%)  
[  6]   5.00-6.00   sec   147 KBytes  1.21 Mbits/sec  9.593 ms  0/104 (0%)  
[  6]   6.00-7.00   sec   147 KBytes  1.20 Mbits/sec  10.109 ms  0/104 (0%)  
[  6]   7.00-8.00   sec   148 KBytes  1.22 Mbits/sec  11.609 ms  0/105 (0%)  
[  6]   8.00-9.00   sec   150 KBytes  1.23 Mbits/sec  10.330 ms  0/106 (0%)  
[  6]   9.00-10.00  sec   143 KBytes  1.17 Mbits/sec  10.341 ms  0/101 (0%)  
[  6]  10.00-11.00  sec   143 KBytes  1.17 Mbits/sec  10.415 ms  0/101 (0%)  
[  6]  11.00-12.00  sec   144 KBytes  1.18 Mbits/sec  10.269 ms  0/102 (0%)  
[  6]  12.00-13.00  sec   143 KBytes  1.17 Mbits/sec  9.807 ms  0/101 (0%)  
[  6]  13.00-14.00  sec   146 KBytes  1.19 Mbits/sec  11.674 ms  0/103 (0%)  
[  6]  14.00-15.00  sec   148 KBytes  1.22 Mbits/sec  11.298 ms  0/105 (0%)  
[  6]  15.00-16.00  sec   148 KBytes  1.22 Mbits/sec  34.439 ms  0/105 (0%)  
[  6]  16.00-17.00  sec  5.66 KBytes  46.3 Kbits/sec  74.448 ms  0/4 (0%)  
[  6]  17.00-18.00  sec  5.66 KBytes  46.3 Kbits/sec  67.455 ms  0/4 (0%)  
[  6]  18.00-19.00  sec  11.3 KBytes  92.7 Kbits/sec  92.975 ms  0/8 (0%)  
[  6]  19.00-20.00  sec  9.90 KBytes  81.0 Kbits/sec  113.498 ms  0/7 (0%)  
[  6]  20.00-21.00  sec  2.83 KBytes  23.2 Kbits/sec  157.902 ms  0/2 (0%)  
[  6]  21.00-22.00  sec  8.48 KBytes  69.5 Kbits/sec  160.930 ms  0/6 (0%)  
[  6]  22.00-23.00  sec  25.5 KBytes   209 Kbits/sec  81.812 ms  0/18 (0%)  
[  6]  23.00-24.00  sec  42.4 KBytes   347 Kbits/sec  28.164 ms  0/30 (0%)  
[  6]  24.00-25.00  sec  58.0 KBytes   475 Kbits/sec  5.122 ms  45/86 (52%)  
[  6]  25.00-26.00  sec  12.7 KBytes   104 Kbits/sec  3.024 ms  96/105 (91%)  
[  6]  26.00-27.00  sec  11.3 KBytes  92.7 Kbits/sec  1.933 ms  93/101 (92%)  
[  6]  27.00-28.00  sec  8.48 KBytes  69.4 Kbits/sec  1.480 ms  95/101 (94%)  
[  6]  28.00-29.00  sec   151 KBytes  1.24 Mbits/sec  114.412 ms  789/896 (88%)  
[  6]  29.00-30.00  sec   150 KBytes  1.23 Mbits/sec  877.611 ms  -4/102 (-3.9%)  
- - - - - - - - - - - - - - - - - - - - - - - - -
[ ID] Interval           Transfer     Bitrate         Jitter    Lost/Total Datagrams
[SUM]  0.0-30.0 sec  68 datagrams received out-of-order
[  6]   0.00-30.00  sec  2.71 MBytes   759 Kbits/sec  877.611 ms  1114/3079 (36%)  receiver
