-----------------------------------------------------------
Server listening on 19013 (test #1)
-----------------------------------------------------------
Accepted connection from 10.0.0.19, port 47350
[  6] local 10.0.0.13 port 19013 connected to 10.0.0.19 port 39783
[ ID] Interval           Transfer     Bitrate         Jitter    Lost/Total Datagrams
[  6]   0.00-1.00   sec  32.5 KBytes   266 Kbits/sec  21.243 ms  0/23 (0%)  
[  6]   1.00-2.00   sec  33.9 KBytes   278 Kbits/sec  27.037 ms  0/24 (0%)  
[  6]   2.00-3.00   sec  49.5 KBytes   405 Kbits/sec  11.518 ms  0/35 (0%)  
[  6]   3.00-4.00   sec  36.8 KBytes   301 Kbits/sec  2.173 ms  0/26 (0%)  
[  6]   4.00-5.00   sec  38.2 KBytes   313 Kbits/sec  0.394 ms  0/27 (0%)  
[  6]   5.00-6.00   sec  38.2 KBytes   313 Kbits/sec  0.099 ms  0/27 (0%)  
[  6]   6.00-7.00   sec  38.2 KBytes   313 Kbits/sec  0.021 ms  0/27 (0%)  
[  6]   7.00-8.00   sec  38.2 KBytes   313 Kbits/sec  0.010 ms  0/27 (0%)  
[  6]   8.00-9.00   sec  38.2 KBytes   313 Kbits/sec  0.017 ms  0/27 (0%)  
[  6]   9.00-10.00  sec  38.2 KBytes   313 Kbits/sec  0.016 ms  0/27 (0%)  
[  6]  10.00-11.00  sec  38.2 KBytes   313 Kbits/sec  0.022 ms  0/27 (0%)  
[  6]  11.00-12.00  sec  38.2 KBytes   313 Kbits/sec  0.027 ms  0/27 (0%)  
[  6]  12.00-13.00  sec  38.2 KBytes   313 Kbits/sec  0.060 ms  0/27 (0%)  
[  6]  13.00-14.00  sec  38.2 KBytes   313 Kbits/sec  0.039 ms  0/27 (0%)  
[  6]  14.00-15.00  sec  22.6 KBytes   185 Kbits/sec  6.303 ms  0/16 (0%)  
[  6]  15.00-16.00  sec  2.83 KBytes  23.2 Kbits/sec  77.997 ms  0/2 (0%)  
[  6]  16.00-17.00  sec  0.00 Bytes  0.00 bits/sec  77.997 ms  0/0 (0%)  
[  6]  17.00-18.00  sec  4.24 KBytes  34.8 Kbits/sec  142.825 ms  0/3 (0%)  
[  6]  18.00-19.00  sec  1.41 KBytes  11.6 Kbits/sec  198.873 ms  0/1 (0%)  
[  6]  19.00-20.00  sec  1.41 KBytes  11.6 Kbits/sec  252.385 ms  0/1 (0%)  
[  6]  20.00-21.00  sec  2.83 KBytes  23.2 Kbits/sec  295.170 ms  0/2 (0%)  
[  6]  21.00-22.00  sec  7.07 KBytes  57.9 Kbits/sec  260.939 ms  0/5 (0%)  
[  6]  22.00-23.00  sec  11.3 KBytes  92.7 Kbits/sec  187.534 ms  0/8 (0%)  
[  6]  23.00-24.00  sec  15.6 KBytes   127 Kbits/sec  97.078 ms  9/20 (45%)  
[  6]  24.00-25.00  sec  2.83 KBytes  23.2 Kbits/sec  85.453 ms  26/28 (93%)  
[  6]  25.00-26.00  sec  2.83 KBytes  23.2 Kbits/sec  75.159 ms  26/28 (93%)  
[  6]  26.00-27.00  sec  9.90 KBytes  81.1 Kbits/sec  470.348 ms  230/237 (97%)  
[  6]  27.00-28.00  sec  42.4 KBytes   347 Kbits/sec  1528.828 ms  -3/27 (-11%)  
[  6]  28.00-29.00  sec  38.2 KBytes   313 Kbits/sec  267.662 ms  0/27 (0%)  
[  6]  29.00-30.00  sec  36.8 KBytes   301 Kbits/sec  68.598 ms  0/26 (0%)  
[  6]  30.00-30.06  sec  1.41 KBytes   198 Kbits/sec  65.568 ms  0/1 (0%)  
- - - - - - - - - - - - - - - - - - - - - - - - -
[ ID] Interval           Transfer     Bitrate         Jitter    Lost/Total Datagrams
[SUM]  0.0-30.1 sec  3 datagrams received out-of-order
[  6]   0.00-30.06  sec   738 KBytes   201 Kbits/sec  65.568 ms  288/810 (36%)  receiver
