-----------------------------------------------------------
Server listening on 19001 (test #1)
-----------------------------------------------------------
Accepted connection from 10.0.0.19, port 59294
[  6] local 10.0.0.1 port 19001 connected to 10.0.0.19 port 59232
[ ID] Interval           Transfer     Bitrate         Jitter    Lost/Total Datagrams
[  6]   0.00-1.00   sec  31.1 KBytes   255 Kbits/sec  13.857 ms  0/22 (0%)  
[  6]   1.00-2.00   sec  36.8 KBytes   301 Kbits/sec  20.125 ms  0/26 (0%)  
[  6]   2.00-3.00   sec  33.9 KBytes   278 Kbits/sec  18.501 ms  0/24 (0%)  
[  6]   3.00-4.00   sec  33.9 KBytes   278 Kbits/sec  24.311 ms  0/24 (0%)  
[  6]   4.00-5.00   sec  35.4 KBytes   290 Kbits/sec  29.403 ms  0/25 (0%)  
[  6]   5.00-6.00   sec  39.6 KBytes   324 Kbits/sec  67.282 ms  4/32 (12%)  
[  6]   6.00-7.00   sec  28.3 KBytes   232 Kbits/sec  63.418 ms  -4/16 (-25%)  
[  6]   7.00-8.00   sec  33.9 KBytes   278 Kbits/sec  33.053 ms  0/24 (0%)  
[  6]   8.00-9.00   sec  38.2 KBytes   313 Kbits/sec  27.122 ms  0/27 (0%)  
[  6]   9.00-10.00  sec  36.8 KBytes   301 Kbits/sec  27.352 ms  0/26 (0%)  
[  6]  10.00-11.00  sec  35.4 KBytes   290 Kbits/sec  27.349 ms  0/25 (0%)  
[  6]  11.00-12.00  sec  35.4 KBytes   290 Kbits/sec  26.991 ms  0/25 (0%)  
[  6]  12.00-13.00  sec  35.4 KBytes   290 Kbits/sec  27.231 ms  0/25 (0%)  
[  6]  13.00-14.00  sec  36.8 KBytes   301 Kbits/sec  27.642 ms  0/26 (0%)  
[  6]  14.00-15.00  sec  36.8 KBytes   301 Kbits/sec  27.667 ms  0/26 (0%)  
[  6]  15.00-16.00  sec  35.4 KBytes   290 Kbits/sec  27.527 ms  0/25 (0%)  
[  6]  16.00-17.00  sec  36.8 KBytes   301 Kbits/sec  27.497 ms  0/26 (0%)  
[  6]  17.00-18.00  sec  35.4 KBytes   290 Kbits/sec  27.440 ms  0/25 (0%)  
[  6]  18.00-19.00  sec  25.5 KBytes   209 Kbits/sec  74.866 ms  0/18 (0%)  
[  6]  19.00-20.00  sec  4.24 KBytes  34.8 Kbits/sec  125.350 ms  0/3 (0%)  
[  6]  20.00-21.00  sec  0.00 Bytes  0.00 bits/sec  125.350 ms  0/0 (0%)  
[  6]  21.00-22.00  sec  2.83 KBytes  23.2 Kbits/sec  183.755 ms  0/2 (0%)  
[  6]  22.00-23.00  sec  1.41 KBytes  11.6 Kbits/sec  238.545 ms  0/1 (0%)  
[  6]  23.00-24.00  sec  1.41 KBytes  11.6 Kbits/sec  290.862 ms  0/1 (0%)  
[  6]  24.00-25.00  sec  2.83 KBytes  23.2 Kbits/sec  329.223 ms  0/2 (0%)  
[  6]  25.00-26.00  sec  7.07 KBytes  57.9 Kbits/sec  288.777 ms  0/5 (0%)  
[  6]  26.00-27.00  sec  14.1 KBytes   116 Kbits/sec  180.988 ms  0/10 (0%)  
[  6]  27.00-28.00  sec  7.07 KBytes  57.9 Kbits/sec  131.763 ms  6/11 (55%)  
[  6]  28.00-29.00  sec  1.41 KBytes  11.6 Kbits/sec  123.827 ms  27/28 (96%)  
[  6]  29.00-30.00  sec  1.41 KBytes  11.6 Kbits/sec  116.093 ms  32/33 (97%)  
- - - - - - - - - - - - - - - - - - - - - - - - -
[ ID] Interval           Transfer     Bitrate         Jitter    Lost/Total Datagrams
[SUM]  0.0-30.0 sec  14 datagrams received out-of-order
[  6]   0.00-30.00  sec   704 KBytes   192 Kbits/sec  116.093 ms  65/563 (12%)  receiver
