-----------------------------------------------------------
Server listening on 19017 (test #1)
-----------------------------------------------------------
Accepted connection from 10.0.0.19, port 53620
[  6] local 10.0.0.17 port 19017 connected to 10.0.0.19 port 51568
[ ID] Interval           Transfer     Bitrate         Jitter    Lost/Total Datagrams
[  6]   0.00-1.00   sec  7.07 KBytes  57.9 Kbits/sec  4.801 ms  0/5 (0%)  
[  6]   1.00-2.00   sec  7.07 KBytes  57.9 Kbits/sec  26.636 ms  0/5 (0%)  
[  6]   2.00-3.00   sec  8.48 KBytes  69.5 Kbits/sec  26.569 ms  0/6 (0%)  
[  6]   3.00-4.00   sec  8.48 KBytes  69.5 Kbits/sec  26.662 ms  0/6 (0%)  
[  6]   4.00-5.00   sec  8.48 KBytes  69.5 Kbits/sec  30.908 ms  0/6 (0%)  
[  6]   5.00-6.00   sec  8.48 KBytes  69.5 Kbits/sec  25.843 ms  0/6 (0%)  
[  6]   6.00-7.00   sec  8.48 KBytes  69.5 Kbits/sec  18.478 ms  0/6 (0%)  
[  6]   7.00-8.00   sec  8.48 KBytes  69.5 Kbits/sec  13.276 ms  0/6 (0%)  
[  6]   8.00-9.00   sec  8.48 KBytes  69.5 Kbits/sec  12.855 ms  0/6 (0%)  
[  6]   9.00-10.00  sec  8.48 KBytes  69.5 Kbits/sec  9.484 ms  0/6 (0%)  
[  6]  10.00-11.00  sec  8.48 KBytes  69.5 Kbits/sec  7.209 ms  0/6 (0%)  
[  6]  11.00-12.00  sec  8.48 KBytes  69.5 Kbits/sec  5.639 ms  0/6 (0%)  
[  6]  12.00-13.00  sec  8.48 KBytes  69.5 Kbits/sec  7.369 ms  0/6 (0%)  
[  6]  13.00-14.00  sec  7.07 KBytes  57.9 Kbits/sec  6.207 ms  0/5 (0%)  
[  6]  14.00-15.00  sec  0.00 Bytes  0.00 bits/sec  6.207 ms  0/0 (0%)  
[  6]  15.00-16.00  sec  0.00 Bytes  0.00 bits/sec  6.207 ms  0/0 (0%)  
[  6]  16.00-17.00  sec  1.41 KBytes  11.6 Kbits/sec  139.043 ms  0/1 (0%)  
[  6]  17.00-18.00  sec  0.00 Bytes  0.00 bits/sec  139.043 ms  0/0 (0%)  
[  6]  18.00-19.00  sec  0.00 Bytes  0.00 bits/sec  139.043 ms  0/0 (0%)  
[  6]  19.00-20.00  sec  1.41 KBytes  11.6 Kbits/sec  346.171 ms  0/1 (0%)  
[  6]  20.00-21.00  sec  1.41 KBytes  11.6 Kbits/sec  371.705 ms  0/1 (0%)  
[  6]  21.00-22.00  sec  2.83 KBytes  23.2 Kbits/sec  378.704 ms  0/2 (0%)  
[  6]  22.00-23.00  sec  1.41 KBytes  11.6 Kbits/sec  362.356 ms  1/2 (50%)  
[  6]  23.00-24.00  sec  1.41 KBytes  11.6 Kbits/sec  339.743 ms  8/9 (89%)  
[  6]  24.00-25.00  sec  0.00 Bytes  0.00 bits/sec  339.743 ms  0/0 (0%)  
[  6]  25.00-26.00  sec  1.41 KBytes  11.6 Kbits/sec  799.134 ms  57/58 (98%)  
[  6]  26.00-27.00  sec  8.48 KBytes  69.5 Kbits/sec  542.567 ms  0/6 (0%)  
[  6]  27.00-28.00  sec  8.48 KBytes  69.5 Kbits/sec  368.376 ms  0/6 (0%)  
[  6]  28.00-29.00  sec  8.48 KBytes  69.5 Kbits/sec  252.603 ms  0/6 (0%)  
[  6]  29.00-30.00  sec  9.90 KBytes  81.1 Kbits/sec  976.874 ms  -1/6 (-17%)  
- - - - - - - - - - - - - - - - - - - - - - - - -
[ ID] Interval           Transfer     Bitrate         Jitter    Lost/Total Datagrams
[SUM]  0.0-30.0 sec  2 datagrams received out-of-order
[  6]   0.00-30.00  sec   161 KBytes  44.0 Kbits/sec  976.874 ms  65/179 (36%)  receiver
