-----------------------------------------------------------
Server listening on 19018 (test #1)
-----------------------------------------------------------
Accepted connection from 10.0.0.19, port 59360
[  6] local 10.0.0.18 port 19018 connected to 10.0.0.19 port 44712
[ ID] Interval           Transfer     Bitrate         Jitter    Lost/Total Datagrams
[  6]   0.00-1.00   sec  1.41 KBytes  11.6 Kbits/sec  0.000 ms  0/1 (0%)  
[  6]   1.00-2.00   sec  0.00 Bytes  0.00 bits/sec  0.000 ms  0/0 (0%)  
[  6]   2.00-3.00   sec  0.00 Bytes  0.00 bits/sec  0.000 ms  0/0 (0%)  
[  6]   3.00-4.00   sec  1.41 KBytes  11.6 Kbits/sec  1.789 ms  0/1 (0%)  
[  6]   4.00-5.00   sec  0.00 Bytes  0.00 bits/sec  1.789 ms  0/0 (0%)  
[  6]   5.00-6.00   sec  0.00 Bytes  0.00 bits/sec  1.789 ms  0/0 (0%)  
[  6]   6.00-7.00   sec  1.41 KBytes  11.6 Kbits/sec  1.801 ms  0/1 (0%)  
[  6]   7.00-8.00   sec  0.00 Bytes  0.00 bits/sec  1.801 ms  0/0 (0%)  
[  6]   8.00-9.00   sec  0.00 Bytes  0.00 bits/sec  1.801 ms  0/0 (0%)  
[  6]   9.00-10.00  sec  1.41 KBytes  11.6 Kbits/sec  1.936 ms  0/1 (0%)  
[  6]  10.00-11.00  sec  0.00 Bytes  0.00 bits/sec  1.936 ms  0/0 (0%)  
[  6]  11.00-12.00  sec  0.00 Bytes  0.00 bits/sec  1.936 ms  0/0 (0%)  
[  6]  12.00-13.00  sec  0.00 Bytes  0.00 bits/sec  1.936 ms  0/0 (0%)  
[  6]  13.00-14.00  sec  0.00 Bytes  0.00 bits/sec  1.936 ms  0/0 (0%)  
[  6]  14.00-15.00  sec  0.00 Bytes  0.00 bits/sec  1.936 ms  0/0 (0%)  
[  6]  15.00-16.00  sec  0.00 Bytes  0.00 bits/sec  1.936 ms  0/0 (0%)  
[  6]  16.00-17.00  sec  0.00 Bytes  0.00 bits/sec  1.936 ms  0/0 (0%)  
[  6]  17.00-18.00  sec  0.00 Bytes  0.00 bits/sec  1.936 ms  0/0 (0%)  
[  6]  18.00-19.00  sec  0.00 Bytes  0.00 bits/sec  1.936 ms  0/0 (0%)  
[  6]  19.00-20.00  sec  1.41 KBytes  11.6 Kbits/sec  395.097 ms  0/1 (0%)  
[  6]  20.00-21.00  sec  0.00 Bytes  0.00 bits/sec  395.097 ms  0/0 (0%)  
[  6]  21.00-22.00  sec  0.00 Bytes  0.00 bits/sec  395.097 ms  0/0 (0%)  
[  6]  22.00-23.00  sec  0.00 Bytes  0.00 bits/sec  395.097 ms  0/0 (0%)  
[  6]  23.00-24.00  sec  0.00 Bytes  0.00 bits/sec  395.097 ms  0/0 (0%)  
[  6]  24.00-25.00  sec  1.41 KBytes  11.6 Kbits/sec  786.076 ms  3/4 (75%)  
[  6]  25.00-26.00  sec  0.00 Bytes  0.00 bits/sec  786.076 ms  0/0 (0%)  
[  6]  26.00-27.00  sec  0.00 Bytes  0.00 bits/sec  786.076 ms  0/0 (0%)  
[  6]  27.00-28.00  sec  1.41 KBytes  11.6 Kbits/sec  738.128 ms  0/1 (0%)  
[  6]  28.00-29.00  sec  0.00 Bytes  0.00 bits/sec  738.128 ms  0/0 (0%)  
[  6]  29.00-30.00  sec  0.00 Bytes  0.00 bits/sec  738.128 ms  0/0 (0%)  
[  6]  30.00-30.24  sec  0.00 Bytes  0.00 bits/sec  738.128 ms  0/0 (0%)  
- - - - - - - - - - - - - - - - - - - - - - - - -
[ ID] Interval           Transfer     Bitrate         Jitter    Lost/Total Datagrams
[  6]   0.00-30.24  sec  9.90 KBytes  2.68 Kbits/sec  738.128 ms  3/10 (30%)  receiver
