-----------------------------------------------------------
Server listening on 19020 (test #1)
-----------------------------------------------------------
Accepted connection from 10.0.0.19, port 33746
[  6] local 10.0.0.20 port 19020 connected to 10.0.0.19 port 35965
[ ID] Interval           Transfer     Bitrate         Jitter    Lost/Total Datagrams
[  6]   0.00-1.00   sec  4.24 KBytes  34.7 Kbits/sec  19.407 ms  0/3 (0%)  
[  6]   1.00-2.00   sec  5.66 KBytes  46.3 Kbits/sec  19.309 ms  0/4 (0%)  
[  6]   2.00-3.00   sec  5.66 KBytes  46.3 Kbits/sec  17.375 ms  0/4 (0%)  
[  6]   3.00-4.00   sec  5.66 KBytes  46.3 Kbits/sec  16.580 ms  0/4 (0%)  
[  6]   4.00-5.00   sec  5.66 KBytes  46.3 Kbits/sec  13.195 ms  0/4 (0%)  
[  6]   5.00-6.00   sec  5.66 KBytes  46.3 Kbits/sec  10.438 ms  0/4 (0%)  
[  6]   6.00-7.00   sec  5.66 KBytes  46.3 Kbits/sec  8.192 ms  0/4 (0%)  
[  6]   7.00-8.00   sec  5.66 KBytes  46.3 Kbits/sec  6.501 ms  0/4 (0%)  
[  6]   8.00-9.00   sec  5.66 KBytes  46.3 Kbits/sec  5.103 ms  0/4 (0%)  
[  6]   9.00-10.00  sec  7.07 KBytes  57.9 Kbits/sec  3.891 ms  0/5 (0%)  
[  6]  10.00-11.00  sec  5.66 KBytes  46.3 Kbits/sec  3.137 ms  0/4 (0%)  
[  6]  11.00-12.00  sec  5.66 KBytes  46.3 Kbits/sec  2.665 ms  0/4 (0%)  
[  6]  12.00-13.00  sec  4.24 KBytes  34.8 Kbits/sec  12.083 ms  0/3 (0%)  
[  6]  13.00-14.00  sec  0.00 Bytes  0.00 bits/sec  12.083 ms  0/0 (0%)  
[  6]  14.00-15.00  sec  0.00 Bytes  0.00 bits/sec  12.083 ms  0/0 (0%)  
[  6]  15.00-16.00  sec  0.00 Bytes  0.00 bits/sec  12.083 ms  0/0 (0%)  
[  6]  16.00-17.00  sec  0.00 Bytes  0.00 bits/sec  12.083 ms  0/0 (0%)  
[  6]  17.00-18.00  sec  1.41 KBytes  11.6 Kbits/sec  303.929 ms  0/1 (0%)  
[  6]  18.00-19.00  sec  0.00 Bytes  0.00 bits/sec  303.929 ms  0/0 (0%)  
[  6]  19.00-20.00  sec  1.41 KBytes  11.6 Kbits/sec  411.733 ms  0/1 (0%)  
[  6]  20.00-21.00  sec  1.41 KBytes  11.6 Kbits/sec  424.340 ms  0/1 (0%)  
[  6]  21.00-22.00  sec  1.41 KBytes  11.6 Kbits/sec  409.632 ms  1/2 (50%)  
[  6]  22.00-23.00  sec  0.00 Bytes  0.00 bits/sec  409.632 ms  0/0 (0%)  
[  6]  23.00-24.00  sec  1.41 KBytes  11.6 Kbits/sec  384.083 ms  8/9 (89%)  
[  6]  24.00-25.00  sec  1.41 KBytes  11.6 Kbits/sec  840.706 ms  35/36 (97%)  
[  6]  25.00-26.00  sec  5.66 KBytes  46.3 Kbits/sec  649.430 ms  0/4 (0%)  
[  6]  26.00-27.00  sec  7.07 KBytes  57.9 Kbits/sec  470.319 ms  0/5 (0%)  
[  6]  27.00-28.00  sec  4.24 KBytes  34.8 Kbits/sec  392.021 ms  0/3 (0%)  
[  6]  28.00-29.00  sec  7.07 KBytes  57.9 Kbits/sec  292.333 ms  0/5 (0%)  
[  6]  29.00-30.00  sec  5.66 KBytes  46.3 Kbits/sec  225.823 ms  0/4 (0%)  
- - - - - - - - - - - - - - - - - - - - - - - - -
[ ID] Interval           Transfer     Bitrate         Jitter    Lost/Total Datagrams
[  6]   0.00-30.00  sec   110 KBytes  30.1 Kbits/sec  225.823 ms  44/122 (36%)  receiver
