-----------------------------------------------------------
Server listening on 19002 (test #1)
-----------------------------------------------------------
Accepted connection from 10.0.0.19, port 58328
[  6] local 10.0.0.2 port 19002 connected to 10.0.0.19 port 36541
[ ID] Interval           Transfer     Bitrate         Jitter    Lost/Total Datagrams
[  6]   0.00-1.00   sec   126 KBytes  1.03 Mbits/sec  1.135 ms  0/89 (0%)  
[  6]   1.00-2.00   sec   124 KBytes  1.02 Mbits/sec  1.233 ms  0/88 (0%)  
[  6]   2.00-3.00   sec   119 KBytes   973 Kbits/sec  2.939 ms  0/84 (0%)  
[  6]   3.00-4.00   sec   106 KBytes   869 Kbits/sec  14.131 ms  0/75 (0%)  
[  6]   4.00-5.00   sec   132 KBytes  1.08 Mbits/sec  14.341 ms  0/93 (0%)  
[  6]   5.00-6.00   sec   110 KBytes   904 Kbits/sec  11.811 ms  0/78 (0%)  
[  6]   6.00-7.00   sec   116 KBytes   950 Kbits/sec  18.668 ms  0/82 (0%)  
[  6]   7.00-8.00   sec   117 KBytes   961 Kbits/sec  7.838 ms  0/83 (0%)  
[  6]   8.00-9.00   sec   126 KBytes  1.03 Mbits/sec  10.244 ms  0/89 (0%)  
[  6]   9.00-10.00  sec   129 KBytes  1.05 Mbits/sec  12.392 ms  0/91 (0%)  
[  6]  10.00-11.00  sec   126 KBytes  1.03 Mbits/sec  12.013 ms  0/89 (0%)  
[  6]  11.00-12.00  sec   123 KBytes  1.01 Mbits/sec  12.077 ms  0/87 (0%)  
[  6]  12.00-13.00  sec   123 KBytes  1.01 Mbits/sec  11.736 ms  0/87 (0%)  
[  6]  13.00-14.00  sec   123 KBytes  1.01 Mbits/sec  12.143 ms  0/87 (0%)  
[  6]  14.00-15.00  sec   124 KBytes  1.02 Mbits/sec  14.277 ms  0/88 (0%)  
[  6]  15.00-16.00  sec   129 KBytes  1.05 Mbits/sec  12.908 ms  0/91 (0%)  
[  6]  16.00-17.00  sec   127 KBytes  1.04 Mbits/sec  11.817 ms  0/90 (0%)  
[  6]  17.00-18.00  sec   123 KBytes  1.01 Mbits/sec  12.126 ms  0/87 (0%)  
[  6]  18.00-19.00  sec   113 KBytes   927 Kbits/sec  40.822 ms  0/80 (0%)  
[  6]  19.00-20.00  sec  7.07 KBytes  57.9 Kbits/sec  79.016 ms  0/5 (0%)  
[  6]  20.00-21.00  sec  2.83 KBytes  23.2 Kbits/sec  75.555 ms  0/2 (0%)  
[  6]  21.00-22.00  sec  9.90 KBytes  81.1 Kbits/sec  104.650 ms  0/7 (0%)  
[  6]  22.00-23.00  sec  8.48 KBytes  69.5 Kbits/sec  128.017 ms  0/6 (0%)  
[  6]  23.00-24.00  sec  1.41 KBytes  11.6 Kbits/sec  177.943 ms  0/1 (0%)  
[  6]  24.00-25.00  sec  9.90 KBytes  81.1 Kbits/sec  170.130 ms  0/7 (0%)  
[  6]  25.00-26.00  sec  22.6 KBytes   185 Kbits/sec  94.795 ms  0/16 (0%)  
[  6]  26.00-27.00  sec  39.6 KBytes   324 Kbits/sec  32.837 ms  0/28 (0%)  
[  6]  27.00-28.00  sec  42.4 KBytes   347 Kbits/sec  6.883 ms  46/76 (61%)  
[  6]  28.00-29.00  sec  11.3 KBytes  92.7 Kbits/sec  4.285 ms  70/78 (90%)  
[  6]  29.00-30.00  sec  8.48 KBytes  69.5 Kbits/sec  3.007 ms  93/99 (94%)  
- - - - - - - - - - - - - - - - - - - - - - - - -
[ ID] Interval           Transfer     Bitrate         Jitter    Lost/Total Datagrams
[SUM]  0.0-30.0 sec  51 datagrams received out-of-order
[  6]   0.00-30.00  sec  2.42 MBytes   677 Kbits/sec  3.007 ms  209/1963 (11%)  receiver
