-----------------------------------------------------------
Server listening on 19021 (test #1)
-----------------------------------------------------------
Accepted connection from 10.0.0.19, port 50016
[  6] local 10.0.0.21 port 19021 connected to 10.0.0.19 port 50560
[ ID] Interval           Transfer     Bitrate         Jitter    Lost/Total Datagrams
[  6]   0.00-1.00   sec  53.7 KBytes   440 Kbits/sec  12.015 ms  0/38 (0%)  
[  6]   1.00-2.00   sec  82.0 KBytes   672 Kbits/sec  10.943 ms  0/58 (0%)  
[  6]   2.00-3.00   sec  94.7 KBytes   776 Kbits/sec  15.685 ms  0/67 (0%)  
[  6]   3.00-4.00   sec  86.3 KBytes   707 Kbits/sec  16.865 ms  0/61 (0%)  
[  6]   4.00-5.00   sec  84.8 KBytes   695 Kbits/sec  16.645 ms  0/60 (0%)  
[  6]   5.00-6.00   sec  86.3 KBytes   707 Kbits/sec  16.009 ms  0/61 (0%)  
[  6]   6.00-7.00   sec  87.7 KBytes   718 Kbits/sec  18.004 ms  0/62 (0%)  
[  6]   7.00-8.00   sec  89.1 KBytes   730 Kbits/sec  16.653 ms  0/63 (0%)  
[  6]   8.00-9.00   sec  86.3 KBytes   707 Kbits/sec  16.801 ms  0/61 (0%)  
[  6]   9.00-10.00  sec  86.3 KBytes   707 Kbits/sec  16.574 ms  0/61 (0%)  
[  6]  10.00-11.00  sec  84.8 KBytes   695 Kbits/sec  16.763 ms  0/60 (0%)  
[  6]  11.00-12.00  sec  87.7 KBytes   719 Kbits/sec  28.994 ms  13/75 (17%)  
[  6]  12.00-13.00  sec  19.8 KBytes   162 Kbits/sec  39.370 ms  -13/1 (-1.3e+03%)  
[  6]  13.00-14.00  sec  7.07 KBytes  57.9 Kbits/sec  82.876 ms  0/5 (0%)  
[  6]  14.00-15.00  sec  7.07 KBytes  57.9 Kbits/sec  123.070 ms  0/5 (0%)  
[  6]  15.00-16.00  sec  5.66 KBytes  46.4 Kbits/sec  157.747 ms  0/4 (0%)  
[  6]  16.00-17.00  sec  1.41 KBytes  11.6 Kbits/sec  208.389 ms  0/1 (0%)  
[  6]  17.00-18.00  sec  1.41 KBytes  11.6 Kbits/sec  255.387 ms  0/1 (0%)  
[  6]  18.00-19.00  sec  15.6 KBytes   127 Kbits/sec  163.020 ms  0/11 (0%)  
[  6]  19.00-20.00  sec  21.2 KBytes   174 Kbits/sec  90.650 ms  0/15 (0%)  
[  6]  20.00-21.00  sec  29.7 KBytes   243 Kbits/sec  31.165 ms  22/43 (51%)  
[  6]  21.00-22.00  sec  12.7 KBytes   104 Kbits/sec  18.072 ms  53/62 (85%)  
[  6]  22.00-23.00  sec  4.24 KBytes  34.8 Kbits/sec  14.939 ms  45/48 (94%)  
[  6]  23.00-24.00  sec  5.66 KBytes  46.3 Kbits/sec  11.584 ms  45/49 (92%)  
[  6]  24.00-25.00  sec  72.1 KBytes   591 Kbits/sec  65.637 ms  509/560 (91%)  
[  6]  25.00-26.00  sec  90.5 KBytes   742 Kbits/sec  892.107 ms  -3/61 (-4.9%)  
[  6]  26.00-27.00  sec  83.4 KBytes   683 Kbits/sec  664.277 ms  -1/58 (-1.7%)  
[  6]  27.00-28.00  sec  91.9 KBytes   753 Kbits/sec  446.220 ms  -2/63 (-3.2%)  
[  6]  28.00-29.00  sec  90.5 KBytes   741 Kbits/sec  133.331 ms  -1/63 (-1.6%)  
[  6]  29.00-30.00  sec  91.9 KBytes   753 Kbits/sec  776.561 ms  -4/61 (-6.6%)  
- - - - - - - - - - - - - - - - - - - - - - - - -
[ ID] Interval           Transfer     Bitrate         Jitter    Lost/Total Datagrams
[SUM]  0.0-30.0 sec  25 datagrams received out-of-order
[  6]   0.00-30.00  sec  1.62 MBytes   454 Kbits/sec  776.561 ms  663/1838 (36%)  receiver
