-----------------------------------------------------------
Server listening on 19022 (test #1)
-----------------------------------------------------------
Accepted connection from 10.0.0.19, port 43022
[  6] local 10.0.0.22 port 19022 connected to 10.0.0.19 port 58677
[ ID] Interval           Transfer     Bitrate         Jitter    Lost/Total Datagrams
[  6]   0.00-1.00   sec  2.83 KBytes  23.2 Kbits/sec  2.899 ms  0/2 (0%)  
[  6]   1.00-2.00   sec  1.41 KBytes  11.6 Kbits/sec  5.586 ms  0/1 (0%)  
[  6]   2.00-3.00   sec  2.83 KBytes  23.2 Kbits/sec  7.932 ms  0/2 (0%)  
[  6]   3.00-4.00   sec  2.83 KBytes  23.2 Kbits/sec  10.386 ms  0/2 (0%)  
[  6]   4.00-5.00   sec  2.83 KBytes  23.2 Kbits/sec  11.123 ms  0/2 (0%)  
[  6]   5.00-6.00   sec  2.83 KBytes  23.2 Kbits/sec  13.125 ms  0/2 (0%)  
[  6]   6.00-7.00   sec  2.83 KBytes  23.2 Kbits/sec  14.775 ms  0/2 (0%)  
[  6]   7.00-8.00   sec  1.41 KBytes  11.6 Kbits/sec  14.929 ms  0/1 (0%)  
[  6]   8.00-9.00   sec  2.83 KBytes  23.2 Kbits/sec  16.564 ms  0/2 (0%)  
[  6]   9.00-10.00  sec  2.83 KBytes  23.2 Kbits/sec  16.796 ms  0/2 (0%)  
[  6]  10.00-11.00  sec  2.83 KBytes  23.1 Kbits/sec  18.015 ms  0/2 (0%)  
[  6]  11.00-12.00  sec  2.83 KBytes  23.2 Kbits/sec  19.271 ms  0/2 (0%)  
[  6]  12.00-13.00  sec  0.00 Bytes  0.00 bits/sec  19.271 ms  0/0 (0%)  
[  6]  13.00-14.00  sec  0.00 Bytes  0.00 bits/sec  19.271 ms  0/0 (0%)  
[  6]  14.00-15.00  sec  0.00 Bytes  0.00 bits/sec  19.271 ms  0/0 (0%)  
[  6]  15.00-16.00  sec  1.41 KBytes  11.6 Kbits/sec  237.615 ms  0/1 (0%)  
[  6]  16.00-17.00  sec  0.00 Bytes  0.00 bits/sec  237.615 ms  0/0 (0%)  
[  6]  17.00-18.00  sec  0.00 Bytes  0.00 bits/sec  237.615 ms  0/0 (0%)  
[  6]  18.00-19.00  sec  0.00 Bytes  0.00 bits/sec  237.615 ms  0/0 (0%)  
[  6]  19.00-20.00  sec  0.00 Bytes  0.00 bits/sec  237.615 ms  0/0 (0%)  
[  6]  20.00-21.00  sec  2.83 KBytes  23.1 Kbits/sec  440.850 ms  0/2 (0%)  
[  6]  21.00-22.00  sec  0.00 Bytes  0.00 bits/sec  440.850 ms  0/0 (0%)  
[  6]  22.00-23.00  sec  0.00 Bytes  0.00 bits/sec  440.850 ms  0/0 (0%)  
[  6]  23.00-24.00  sec  0.00 Bytes  0.00 bits/sec  440.850 ms  0/0 (0%)  
[  6]  24.00-25.00  sec  1.41 KBytes  11.6 Kbits/sec  900.689 ms  20/21 (95%)  
[  6]  25.00-26.00  sec  2.83 KBytes  23.2 Kbits/sec  791.625 ms  0/2 (0%)  
[  6]  26.00-27.00  sec  2.83 KBytes  23.2 Kbits/sec  698.017 ms  0/2 (0%)  
[  6]  27.00-28.00  sec  1.41 KBytes  11.6 Kbits/sec  655.840 ms  0/1 (0%)  
[  6]  28.00-29.00  sec  2.83 KBytes  23.2 Kbits/sec  579.987 ms  0/2 (0%)  
[  6]  29.00-30.00  sec  2.83 KBytes  23.2 Kbits/sec  509.759 ms  0/2 (0%)  
[  6]  30.00-31.00  sec  0.00 Bytes  0.00 bits/sec  509.759 ms  0/0 (0%)  
[  6]  31.00-31.19  sec  0.00 Bytes  0.00 bits/sec  509.759 ms  0/0 (0%)  
- - - - - - - - - - - - - - - - - - - - - - - - -
[ ID] Interval           Transfer     Bitrate         Jitter    Lost/Total Datagrams
[  6]   0.00-31.19  sec  49.5 KBytes  13.0 Kbits/sec  509.759 ms  20/55 (36%)  receiver
