-----------------------------------------------------------
Server listening on 19004 (test #1)
-----------------------------------------------------------
Accepted connection from 10.0.0.19, port 48502
[  6] local 10.0.0.4 port 19004 connected to 10.0.0.19 port 33110
[ ID] Interval           Transfer     Bitrate         Jitter    Lost/Total Datagrams
[  6]   0.00-1.00   sec  2.17 MBytes  18.2 Mbits/sec  0.127 ms  0/1574 (0%)  
[  6]   1.00-2.00   sec  2.17 MBytes  18.2 Mbits/sec  0.150 ms  0/1570 (0%)  
[  6]   2.00-3.00   sec  1.76 MBytes  14.8 Mbits/sec  0.462 ms  0/1278 (0%)  
[  6]   3.00-4.00   sec   990 KBytes  8.11 Mbits/sec  0.486 ms  0/700 (0%)  
[  6]   4.00-5.00   sec   981 KBytes  8.04 Mbits/sec  0.481 ms  0/694 (0%)  
[  6]   5.00-6.00   sec  1.11 MBytes  9.35 Mbits/sec  0.479 ms  0/807 (0%)  
[  6]   6.00-7.00   sec   532 KBytes  4.36 Mbits/sec  5.988 ms  0/376 (0%)  
[  6]   7.00-8.00   sec   445 KBytes  3.65 Mbits/sec  0.500 ms  0/315 (0%)  
[  6]   8.00-9.00   sec   491 KBytes  4.02 Mbits/sec  0.499 ms  0/347 (0%)  
[  6]   9.00-10.00  sec   491 KBytes  4.02 Mbits/sec  0.496 ms  0/347 (0%)  
[  6]  10.00-11.00  sec   488 KBytes  4.00 Mbits/sec  0.501 ms  0/345 (0%)  
[  6]  11.00-12.00  sec   488 KBytes  4.00 Mbits/sec  0.500 ms  0/345 (0%)  
[  6]  12.00-13.00  sec   489 KBytes  4.01 Mbits/sec  0.498 ms  0/346 (0%)  
[  6]  13.00-14.00  sec   489 KBytes  4.01 Mbits/sec  0.501 ms  0/346 (0%)  
[  6]  14.00-15.00  sec   491 KBytes  4.02 Mbits/sec  0.500 ms  0/347 (0%)  
[  6]  15.00-16.00  sec   491 KBytes  4.02 Mbits/sec  0.499 ms  0/347 (0%)  
[  6]  16.00-17.00  sec   489 KBytes  4.01 Mbits/sec  0.495 ms  0/346 (0%)  
[  6]  17.00-18.00  sec   492 KBytes  4.03 Mbits/sec  0.494 ms  0/348 (0%)  
[  6]  18.00-19.00  sec   325 KBytes  2.67 Mbits/sec  0.501 ms  0/230 (0%)  
[  6]  19.00-20.00  sec  0.00 Bytes  0.00 bits/sec  0.501 ms  0/0 (0%)  
[  6]  20.00-21.00  sec  0.00 Bytes  0.00 bits/sec  0.501 ms  0/0 (0%)  
[  6]  21.00-22.00  sec  0.00 Bytes  0.00 bits/sec  0.501 ms  0/0 (0%)  
[  6]  22.00-23.00  sec  0.00 Bytes  0.00 bits/sec  0.501 ms  0/0 (0%)  
[  6]  23.00-24.00  sec   129 KBytes  1.05 Mbits/sec  8.634 ms  0/91 (0%)  
[  6]  24.00-25.00  sec  33.9 KBytes   278 Kbits/sec  7.890 ms  0/24 (0%)  
[  6]  25.00-26.00  sec  0.00 Bytes  0.00 bits/sec  7.890 ms  0/0 (0%)  
[  6]  26.00-27.00  sec  0.00 Bytes  0.00 bits/sec  7.890 ms  0/0 (0%)  
[  6]  27.00-28.00  sec  0.00 Bytes  0.00 bits/sec  7.890 ms  0/0 (0%)  
[  6]  28.00-29.00  sec  0.00 Bytes  0.00 bits/sec  7.890 ms  0/0 (0%)  
[  6]  29.00-30.00  sec  0.00 Bytes  0.00 bits/sec  7.890 ms  0/0 (0%)  
- - - - - - - - - - - - - - - - - - - - - - - - -
[ ID] Interval           Transfer     Bitrate         Jitter    Lost/Total Datagrams
[SUM]  0.0-30.0 sec  113 datagrams received out-of-order
[  6]   0.00-30.00  sec  15.4 MBytes  4.29 Mbits/sec  7.890 ms  0/11123 (0%)  receiver
