-----------------------------------------------------------
Server listening on 19005 (test #1)
-----------------------------------------------------------
Accepted connection from 10.0.0.19, port 44730
[  6] local 10.0.0.5 port 19005 connected to 10.0.0.19 port 51644
[ ID] Interval           Transfer     Bitrate         Jitter    Lost/Total Datagrams
[  6]   0.00-1.00   sec  5.66 KBytes  46.3 Kbits/sec  1.269 ms  0/4 (0%)  
[  6]   1.00-2.00   sec  5.66 KBytes  46.3 Kbits/sec  15.280 ms  0/4 (0%)  
[  6]   2.00-3.00   sec  8.48 KBytes  69.5 Kbits/sec  30.850 ms  0/6 (0%)  
[  6]   3.00-4.00   sec  8.48 KBytes  69.5 Kbits/sec  42.573 ms  0/6 (0%)  
[  6]   4.00-5.00   sec  7.07 KBytes  57.9 Kbits/sec  42.955 ms  0/5 (0%)  
[  6]   5.00-6.00   sec  7.07 KBytes  57.9 Kbits/sec  41.532 ms  0/5 (0%)  
[  6]   6.00-7.00   sec  7.07 KBytes  57.9 Kbits/sec  38.547 ms  0/5 (0%)  
[  6]   7.00-8.00   sec  8.48 KBytes  69.5 Kbits/sec  32.968 ms  0/6 (0%)  
[  6]   8.00-9.00   sec  7.07 KBytes  57.9 Kbits/sec  30.788 ms  0/5 (0%)  
[  6]   9.00-10.00  sec  7.07 KBytes  57.9 Kbits/sec  29.218 ms  0/5 (0%)  
[  6]  10.00-11.00  sec  7.07 KBytes  57.9 Kbits/sec  27.154 ms  0/5 (0%)  
[  6]  11.00-12.00  sec  7.07 KBytes  57.9 Kbits/sec  26.709 ms  0/5 (0%)  
[  6]  12.00-13.00  sec  8.48 KBytes  69.6 Kbits/sec  26.217 ms  0/6 (0%)  
[  6]  13.00-14.00  sec  7.07 KBytes  57.9 Kbits/sec  24.956 ms  0/5 (0%)  
[  6]  14.00-15.00  sec  7.07 KBytes  58.0 Kbits/sec  24.942 ms  0/5 (0%)  
[  6]  15.00-16.00  sec  7.07 KBytes  57.9 Kbits/sec  23.943 ms  0/5 (0%)  
[  6]  16.00-17.00  sec  8.48 KBytes  69.6 Kbits/sec  23.958 ms  0/6 (0%)  
[  6]  17.00-18.00  sec  0.00 Bytes  0.00 bits/sec  23.958 ms  0/0 (0%)  
[  6]  18.00-19.00  sec  1.41 KBytes  11.6 Kbits/sec  91.490 ms  0/1 (0%)  
[  6]  19.00-20.00  sec  0.00 Bytes  0.00 bits/sec  91.490 ms  0/0 (0%)  
[  6]  20.00-21.00  sec  0.00 Bytes  0.00 bits/sec  91.490 ms  0/0 (0%)  
[  6]  21.00-22.00  sec  0.00 Bytes  0.00 bits/sec  91.490 ms  0/0 (0%)  
[  6]  22.00-23.00  sec  1.41 KBytes  11.6 Kbits/sec  360.789 ms  0/1 (0%)  
[  6]  23.00-24.00  sec  1.41 KBytes  11.6 Kbits/sec  394.106 ms  0/1 (0%)  
[  6]  24.00-25.00  sec  1.41 KBytes  11.6 Kbits/sec  408.519 ms  0/1 (0%)  
[  6]  25.00-26.00  sec  4.24 KBytes  34.8 Kbits/sec  354.463 ms  1/4 (25%)  
[  6]  26.00-27.00  sec  0.00 Bytes  0.00 bits/sec  354.463 ms  0/0 (0%)  
[  6]  27.00-28.00  sec  1.41 KBytes  11.6 Kbits/sec  332.592 ms  10/11 (91%)  
[  6]  28.00-29.00  sec  1.41 KBytes  11.6 Kbits/sec  311.831 ms  3/4 (75%)  
[  6]  29.00-30.00  sec  7.07 KBytes  58.0 Kbits/sec  597.094 ms  42/47 (89%)  
- - - - - - - - - - - - - - - - - - - - - - - - -
[ ID] Interval           Transfer     Bitrate         Jitter    Lost/Total Datagrams
[  6]   0.00-30.05  sec   144 KBytes  39.3 Kbits/sec  597.094 ms  56/158 (35%)  receiver
