-----------------------------------------------------------
Server listening on 19006 (test #1)
-----------------------------------------------------------
Accepted connection from 10.0.0.19, port 55116
[  6] local 10.0.0.6 port 19006 connected to 10.0.0.19 port 41756
[ ID] Interval           Transfer     Bitrate         Jitter    Lost/Total Datagrams
[  6]   0.00-1.00   sec  5.66 KBytes  46.3 Kbits/sec  0.001 ms  0/4 (0%)  
[  6]   1.00-2.00   sec  5.66 KBytes  46.3 Kbits/sec  0.002 ms  0/4 (0%)  
[  6]   2.00-3.00   sec  5.66 KBytes  46.3 Kbits/sec  0.006 ms  0/4 (0%)  
[  6]   3.00-4.00   sec  5.66 KBytes  46.3 Kbits/sec  0.016 ms  0/4 (0%)  
[  6]   4.00-5.00   sec  5.66 KBytes  46.3 Kbits/sec  0.017 ms  0/4 (0%)  
[  6]   5.00-6.00   sec  4.24 KBytes  34.8 Kbits/sec  0.021 ms  0/3 (0%)  
[  6]   6.00-7.00   sec  5.66 KBytes  46.3 Kbits/sec  0.023 ms  0/4 (0%)  
[  6]   7.00-8.00   sec  5.66 KBytes  46.3 Kbits/sec  0.020 ms  0/4 (0%)  
[  6]   8.00-9.00   sec  5.66 KBytes  46.3 Kbits/sec  0.021 ms  0/4 (0%)  
[  6]   9.00-10.00  sec  5.66 KBytes  46.3 Kbits/sec  0.023 ms  0/4 (0%)  
[  6]  10.00-11.00  sec  5.66 KBytes  46.3 Kbits/sec  0.023 ms  0/4 (0%)  
[  6]  11.00-12.00  sec  4.24 KBytes  34.8 Kbits/sec  0.028 ms  0/3 (0%)  
[  6]  12.00-13.00  sec  5.66 KBytes  46.3 Kbits/sec  0.029 ms  0/4 (0%)  
[  6]  13.00-14.00  sec  5.66 KBytes  46.3 Kbits/sec  0.025 ms  0/4 (0%)  
[  6]  14.00-15.00  sec  5.66 KBytes  46.3 Kbits/sec  0.021 ms  0/4 (0%)  
[  6]  15.00-16.00  sec  5.66 KBytes  46.3 Kbits/sec  0.020 ms  0/4 (0%)  
[  6]  16.00-17.00  sec  4.24 KBytes  34.8 Kbits/sec  0.019 ms  0/3 (0%)  
[  6]  17.00-18.00  sec  2.83 KBytes  23.2 Kbits/sec  0.020 ms  0/2 (0%)  
[  6]  18.00-19.00  sec  0.00 Bytes  0.00 bits/sec  0.020 ms  0/0 (0%)  
[  6]  19.00-20.00  sec  0.00 Bytes  0.00 bits/sec  0.020 ms  0/0 (0%)  
[  6]  20.00-21.00  sec  1.41 KBytes  11.6 Kbits/sec  168.968 ms  0/1 (0%)  
[  6]  21.00-22.00  sec  0.00 Bytes  0.00 bits/sec  168.968 ms  0/0 (0%)  
[  6]  22.00-23.00  sec  0.00 Bytes  0.00 bits/sec  168.968 ms  0/0 (0%)  
[  6]  23.00-24.00  sec  0.00 Bytes  0.00 bits/sec  168.968 ms  0/0 (0%)  
[  6]  24.00-25.00  sec  1.41 KBytes  11.6 Kbits/sec  398.708 ms  0/1 (0%)  
[  6]  25.00-26.00  sec  1.41 KBytes  11.6 Kbits/sec  428.562 ms  0/1 (0%)  
[  6]  26.00-27.00  sec  0.00 Bytes  0.00 bits/sec  428.562 ms  0/0 (0%)  
[  6]  27.00-28.00  sec  0.00 Bytes  0.00 bits/sec  428.562 ms  0/0 (0%)  
[  6]  28.00-29.00  sec  0.00 Bytes  0.00 bits/sec  428.562 ms  0/0 (0%)  
[  6]  29.00-30.00  sec  0.00 Bytes  0.00 bits/sec  428.562 ms  0/0 (0%)  
[  6]  30.00-31.00  sec  0.00 Bytes  0.00 bits/sec  428.562 ms  0/0 (0%)  
[  6]  31.00-32.00  sec  0.00 Bytes  0.00 bits/sec  428.562 ms  0/0 (0%)  
[  6]  32.00-33.00  sec  0.00 Bytes  0.00 bits/sec  428.562 ms  0/0 (0%)  
[  6]  33.00-34.00  sec  1.41 KBytes  11.6 Kbits/sec  418.396 ms  28/29 (97%)  
[  6]  34.00-35.00  sec  0.00 Bytes  0.00 bits/sec  418.396 ms  0/0 (0%)  
[  6]  35.00-36.00  sec  0.00 Bytes  0.00 bits/sec  418.396 ms  0/0 (0%)  
[  6]  36.00-37.00  sec  0.00 Bytes  0.00 bits/sec  418.396 ms  0/0 (0%)  
[  6]  37.00-37.41  sec  1.41 KBytes  28.2 Kbits/sec  400.785 ms  15/16 (94%)  
- - - - - - - - - - - - - - - - - - - - - - - - -
[ ID] Interval           Transfer     Bitrate         Jitter    Lost/Total Datagrams
[  6]   0.00-37.41  sec   102 KBytes  22.3 Kbits/sec  400.785 ms  43/115 (37%)  receiver
