-----------------------------------------------------------
Server listening on 19009 (test #1)
-----------------------------------------------------------
Accepted connection from 10.0.0.19, port 54206
[  6] local 10.0.0.9 port 19009 connected to 10.0.0.19 port 50944
[ ID] Interval           Transfer     Bitrate         Jitter    Lost/Total Datagrams
[  6]   0.00-1.00   sec   358 KBytes  2.93 Mbits/sec  3.538 ms  0/253 (0%)  
[  6]   1.00-2.00   sec   650 KBytes  5.32 Mbits/sec  0.567 ms  0/460 (0%)  
[  6]   2.00-3.00   sec   735 KBytes  6.02 Mbits/sec  1.275 ms  0/520 (0%)  
[  6]   3.00-4.00   sec   732 KBytes  6.00 Mbits/sec  0.495 ms  0/518 (0%)  
[  6]   4.00-5.00   sec   464 KBytes  3.80 Mbits/sec  0.558 ms  0/328 (0%)  
[  6]   5.00-6.00   sec   351 KBytes  2.87 Mbits/sec  0.499 ms  0/248 (0%)  
[  6]   6.00-7.00   sec   491 KBytes  4.02 Mbits/sec  0.501 ms  0/347 (0%)  
[  6]   7.00-8.00   sec   491 KBytes  4.02 Mbits/sec  0.501 ms  0/347 (0%)  
[  6]   8.00-9.00   sec   488 KBytes  4.00 Mbits/sec  0.500 ms  0/345 (0%)  
[  6]   9.00-10.00  sec   492 KBytes  4.03 Mbits/sec  0.495 ms  0/348 (0%)  
[  6]  10.00-11.00  sec   492 KBytes  4.03 Mbits/sec  0.494 ms  0/348 (0%)  
[  6]  11.00-12.00  sec   513 KBytes  4.20 Mbits/sec  14.368 ms  0/363 (0%)  
[  6]  12.00-13.00  sec   526 KBytes  4.31 Mbits/sec  3.069 ms  0/372 (0%)  
[  6]  13.00-14.00  sec   525 KBytes  4.30 Mbits/sec  1.059 ms  0/371 (0%)  
[  6]  14.00-15.00  sec   523 KBytes  4.29 Mbits/sec  0.627 ms  0/370 (0%)  
[  6]  15.00-16.00  sec   363 KBytes  2.98 Mbits/sec  0.501 ms  0/257 (0%)  
[  6]  16.00-17.00  sec  0.00 Bytes  0.00 bits/sec  0.501 ms  0/0 (0%)  
[  6]  17.00-18.00  sec   163 KBytes  1.33 Mbits/sec  7.755 ms  0/115 (0%)  
[  6]  18.00-19.00  sec  0.00 Bytes  0.00 bits/sec  7.755 ms  0/0 (0%)  
[  6]  19.00-20.00  sec  0.00 Bytes  0.00 bits/sec  7.755 ms  0/0 (0%)  
[  6]  20.00-21.00  sec  0.00 Bytes  0.00 bits/sec  7.755 ms  0/0 (0%)  
[  6]  21.00-22.00  sec  0.00 Bytes  0.00 bits/sec  7.755 ms  0/0 (0%)  
[  6]  22.00-23.00  sec  0.00 Bytes  0.00 bits/sec  7.755 ms  0/0 (0%)  
[  6]  23.00-24.00  sec  0.00 Bytes  0.00 bits/sec  7.755 ms  0/0 (0%)  
[  6]  24.00-25.00  sec  29.7 KBytes   243 Kbits/sec  146.906 ms  6198/6219 (1e+02%)  
[  6]  25.00-26.00  sec   146 KBytes  1.19 Mbits/sec  0.853 ms  598/701 (85%)  
[  6]  26.00-27.00  sec   100 KBytes   823 Kbits/sec  0.557 ms  635/706 (90%)  
[  6]  27.00-28.00  sec   189 KBytes  1.55 Mbits/sec  0.770 ms  5956/6090 (98%)  
[  6]  28.00-29.00  sec   991 KBytes  8.12 Mbits/sec  0.003 ms  0/701 (0%)  
[  6]  29.00-30.00  sec   991 KBytes  8.12 Mbits/sec  0.001 ms  0/701 (0%)  
- - - - - - - - - - - - - - - - - - - - - - - - -
[ ID] Interval           Transfer     Bitrate         Jitter    Lost/Total Datagrams
[  6]   0.00-30.00  sec  10.6 MBytes  2.95 Mbits/sec  0.001 ms  13387/21028 (64%)  receiver
