-----------------------------------------------------------
Server listening on 1011 (test #1)
-----------------------------------------------------------
Accepted connection from 10.0.0.1, port 48290
[  6] local 10.0.0.11 port 1011 connected to 10.0.0.1 port 39382
[ ID] Interval           Transfer     Bitrate         Jitter    Lost/Total Datagrams
[  6]   0.00-1.00   sec  32.5 KBytes   266 Kbits/sec  0.019 ms  0/23 (0%)  
[  6]   1.00-2.00   sec  32.5 KBytes   266 Kbits/sec  0.013 ms  0/23 (0%)  
[  6]   2.00-3.00   sec  31.1 KBytes   255 Kbits/sec  0.017 ms  0/22 (0%)  
[  6]   3.00-4.00   sec  32.5 KBytes   266 Kbits/sec  0.018 ms  0/23 (0%)  
[  6]   4.00-5.00   sec  31.1 KBytes   255 Kbits/sec  0.014 ms  0/22 (0%)  
[  6]   5.00-6.00   sec  32.5 KBytes   266 Kbits/sec  0.013 ms  0/23 (0%)  
[  6]   6.00-7.00   sec  31.1 KBytes   255 Kbits/sec  0.010 ms  0/22 (0%)  
[  6]   7.00-8.00   sec  32.5 KBytes   266 Kbits/sec  0.028 ms  0/23 (0%)  
[  6]   8.00-9.00   sec  31.1 KBytes   255 Kbits/sec  0.036 ms  0/22 (0%)  
[  6]   9.00-10.00  sec  32.5 KBytes   266 Kbits/sec  0.028 ms  0/23 (0%)  
[  6]  10.00-11.00  sec  31.1 KBytes   255 Kbits/sec  0.025 ms  0/22 (0%)  
[  6]  11.00-12.00  sec  28.3 KBytes   231 Kbits/sec  5.541 ms  0/20 (0%)  
[  6]  12.00-13.00  sec  32.5 KBytes   266 Kbits/sec  6.274 ms  0/23 (0%)  
[  6]  13.00-14.00  sec  31.1 KBytes   255 Kbits/sec  6.523 ms  0/22 (0%)  
[  6]  14.00-15.00  sec  32.5 KBytes   266 Kbits/sec  6.650 ms  0/23 (0%)  
[  6]  15.00-16.00  sec  31.1 KBytes   255 Kbits/sec  6.598 ms  0/22 (0%)  
[  6]  16.00-17.00  sec  32.5 KBytes   267 Kbits/sec  6.523 ms  0/23 (0%)  
[  6]  17.00-18.00  sec  31.1 KBytes   255 Kbits/sec  6.125 ms  0/22 (0%)  
[  6]  18.00-19.00  sec  32.5 KBytes   266 Kbits/sec  6.501 ms  0/23 (0%)  
[  6]  19.00-20.00  sec  31.1 KBytes   255 Kbits/sec  6.009 ms  0/22 (0%)  
[  6]  20.00-21.00  sec  32.5 KBytes   267 Kbits/sec  6.470 ms  0/23 (0%)  
[  6]  21.00-22.00  sec  31.1 KBytes   255 Kbits/sec  6.682 ms  0/22 (0%)  
[  6]  22.00-23.00  sec  32.5 KBytes   266 Kbits/sec  6.603 ms  0/23 (0%)  
[  6]  23.00-24.00  sec  31.1 KBytes   255 Kbits/sec  12.783 ms  0/22 (0%)  
[  6]  24.00-25.00  sec  31.1 KBytes   255 Kbits/sec  16.223 ms  0/22 (0%)  
[  6]  25.00-26.00  sec  32.5 KBytes   266 Kbits/sec  18.301 ms  0/23 (0%)  
[  6]  26.00-27.00  sec  32.5 KBytes   266 Kbits/sec  19.471 ms  0/23 (0%)  
[  6]  27.00-28.00  sec  29.7 KBytes   243 Kbits/sec  18.714 ms  0/21 (0%)  
[  6]  28.00-29.00  sec  32.5 KBytes   266 Kbits/sec  20.322 ms  0/23 (0%)  
[  6]  29.00-30.00  sec  33.9 KBytes   278 Kbits/sec  20.178 ms  0/24 (0%)  
[  6]  30.00-30.08  sec  2.83 KBytes   296 Kbits/sec  19.084 ms  0/2 (0%)  
- - - - - - - - - - - - - - - - - - - - - - - - -
[ ID] Interval           Transfer     Bitrate         Jitter    Lost/Total Datagrams
[  6]   0.00-30.08  sec   956 KBytes   260 Kbits/sec  19.084 ms  0/676 (0%)  receiver
