-----------------------------------------------------------
Server listening on 1012 (test #1)
-----------------------------------------------------------
Accepted connection from 10.0.0.1, port 59468
[  6] local 10.0.0.12 port 1012 connected to 10.0.0.1 port 44179
[ ID] Interval           Transfer     Bitrate         Jitter    Lost/Total Datagrams
[  6]   0.00-1.00   sec  2.19 MBytes  18.3 Mbits/sec  0.130 ms  0/1583 (0%)  
[  6]   1.00-2.00   sec  2.18 MBytes  18.3 Mbits/sec  0.003 ms  0/1580 (0%)  
[  6]   2.00-3.00   sec  2.19 MBytes  18.3 Mbits/sec  0.023 ms  0/1583 (0%)  
[  6]   3.00-4.00   sec  2.18 MBytes  18.3 Mbits/sec  0.012 ms  0/1581 (0%)  
[  6]   4.00-5.00   sec  2.18 MBytes  18.3 Mbits/sec  0.029 ms  0/1582 (0%)  
[  6]   5.00-6.00   sec  2.18 MBytes  18.3 Mbits/sec  0.024 ms  0/1581 (0%)  
[  6]   6.00-7.00   sec  2.18 MBytes  18.3 Mbits/sec  0.002 ms  0/1581 (0%)  
[  6]   7.00-8.00   sec  2.14 MBytes  17.9 Mbits/sec  0.560 ms  0/1548 (0%)  
[  6]   8.00-9.00   sec  2.17 MBytes  18.2 Mbits/sec  0.665 ms  0/1572 (0%)  
[  6]   9.00-10.00  sec  2.19 MBytes  18.4 Mbits/sec  0.727 ms  0/1587 (0%)  
[  6]  10.00-11.00  sec  2.04 MBytes  17.1 Mbits/sec  0.547 ms  0/1478 (0%)  
[  6]  11.00-12.00  sec  2.17 MBytes  18.2 Mbits/sec  0.311 ms  1/1570 (0.064%)  
[  6]  12.00-13.00  sec  2.16 MBytes  18.2 Mbits/sec  0.308 ms  0/1567 (0%)  
[  6]  13.00-14.00  sec  2.18 MBytes  18.3 Mbits/sec  0.950 ms  0/1577 (0%)  
[  6]  14.00-15.00  sec  2.20 MBytes  18.4 Mbits/sec  0.443 ms  0/1591 (0%)  
[  6]  15.00-16.00  sec  2.19 MBytes  18.4 Mbits/sec  0.304 ms  0/1588 (0%)  
[  6]  16.00-17.00  sec  2.17 MBytes  18.2 Mbits/sec  0.566 ms  0/1573 (0%)  
[  6]  17.00-18.00  sec  2.19 MBytes  18.4 Mbits/sec  0.318 ms  0/1588 (0%)  
[  6]  18.00-19.00  sec  2.17 MBytes  18.2 Mbits/sec  0.759 ms  0/1568 (0%)  
[  6]  19.00-20.00  sec  2.20 MBytes  18.4 Mbits/sec  0.436 ms  0/1591 (0%)  
[  6]  20.00-21.00  sec  2.20 MBytes  18.4 Mbits/sec  0.320 ms  0/1591 (0%)  
[  6]  21.00-22.00  sec  2.15 MBytes  18.1 Mbits/sec  1.020 ms  0/1560 (0%)  
[  6]  22.00-23.00  sec  2.36 MBytes  19.8 Mbits/sec  16.519 ms  0/1708 (0%)  
[  6]  23.00-24.00  sec  1.63 MBytes  13.7 Mbits/sec  1.001 ms  75/1257 (6%)  
[  6]  24.00-25.00  sec  1.34 MBytes  11.2 Mbits/sec  0.160 ms  159/1130 (14%)  
[  6]  25.00-26.00  sec  1.26 MBytes  10.6 Mbits/sec  0.169 ms  18/933 (1.9%)  
[  6]  26.00-27.00  sec  1.12 MBytes  9.39 Mbits/sec  0.145 ms  0/811 (0%)  
[  6]  27.00-28.00  sec  1.18 MBytes  9.94 Mbits/sec  0.899 ms  0/857 (0%)  
[  6]  28.00-29.00  sec  1.55 MBytes  13.0 Mbits/sec  0.155 ms  0/1123 (0%)  
[  6]  29.00-30.00  sec  2.75 MBytes  23.1 Mbits/sec  0.136 ms  0/1990 (0%)  
- - - - - - - - - - - - - - - - - - - - - - - - -
[ ID] Interval           Transfer     Bitrate         Jitter    Lost/Total Datagrams
[SUM]  0.0-30.0 sec  164 datagrams received out-of-order
[  6]   0.00-30.00  sec  61.0 MBytes  17.1 Mbits/sec  0.136 ms  253/44429 (0.57%)  receiver
