-----------------------------------------------------------
Server listening on 1013 (test #1)
-----------------------------------------------------------
Accepted connection from 10.0.0.1, port 33048
[  6] local 10.0.0.13 port 1013 connected to 10.0.0.1 port 39740
[ ID] Interval           Transfer     Bitrate         Jitter    Lost/Total Datagrams
[  6]   0.00-1.00   sec  14.1 KBytes   116 Kbits/sec  0.900 ms  0/10 (0%)  
[  6]   1.00-2.00   sec  12.7 KBytes   104 Kbits/sec  1.145 ms  0/9 (0%)  
[  6]   2.00-3.00   sec  12.7 KBytes   104 Kbits/sec  1.295 ms  0/9 (0%)  
[  6]   3.00-4.00   sec  12.7 KBytes   104 Kbits/sec  1.293 ms  0/9 (0%)  
[  6]   4.00-5.00   sec  11.3 KBytes  92.6 Kbits/sec  1.255 ms  0/8 (0%)  
[  6]   5.00-6.00   sec  14.1 KBytes   116 Kbits/sec  1.335 ms  0/10 (0%)  
[  6]   6.00-7.00   sec  12.7 KBytes   104 Kbits/sec  0.981 ms  0/9 (0%)  
[  6]   7.00-8.00   sec  12.7 KBytes   104 Kbits/sec  0.682 ms  0/9 (0%)  
[  6]   8.00-9.00   sec  12.7 KBytes   104 Kbits/sec  0.394 ms  0/9 (0%)  
[  6]   9.00-10.00  sec  12.7 KBytes   104 Kbits/sec  0.825 ms  0/9 (0%)  
[  6]  10.00-11.00  sec  9.90 KBytes  81.1 Kbits/sec  5.990 ms  0/7 (0%)  
[  6]  11.00-12.00  sec  14.1 KBytes   116 Kbits/sec  6.399 ms  0/10 (0%)  
[  6]  12.00-13.00  sec  12.7 KBytes   104 Kbits/sec  6.535 ms  0/9 (0%)  
[  6]  13.00-14.00  sec  12.7 KBytes   104 Kbits/sec  6.796 ms  0/9 (0%)  
[  6]  14.00-15.00  sec  12.7 KBytes   104 Kbits/sec  6.557 ms  0/9 (0%)  
[  6]  15.00-16.00  sec  12.7 KBytes   104 Kbits/sec  6.745 ms  0/9 (0%)  
[  6]  16.00-17.00  sec  12.7 KBytes   104 Kbits/sec  6.803 ms  0/9 (0%)  
[  6]  17.00-18.00  sec  12.7 KBytes   104 Kbits/sec  6.712 ms  0/9 (0%)  
[  6]  18.00-19.00  sec  12.7 KBytes   104 Kbits/sec  6.673 ms  0/9 (0%)  
[  6]  19.00-20.00  sec  12.7 KBytes   104 Kbits/sec  6.765 ms  0/9 (0%)  
[  6]  20.00-21.00  sec  12.7 KBytes   104 Kbits/sec  6.804 ms  0/9 (0%)  
[  6]  21.00-22.00  sec  12.7 KBytes   104 Kbits/sec  6.783 ms  0/9 (0%)  
[  6]  22.00-23.00  sec  7.07 KBytes  57.9 Kbits/sec  6.793 ms  0/5 (0%)  
[  6]  23.00-24.00  sec  0.00 Bytes  0.00 bits/sec  6.793 ms  0/0 (0%)  
[  6]  24.00-25.00  sec  0.00 Bytes  0.00 bits/sec  6.793 ms  0/0 (0%)  
[  6]  25.00-26.00  sec  0.00 Bytes  0.00 bits/sec  6.793 ms  0/0 (0%)  
[  6]  26.00-27.00  sec  0.00 Bytes  0.00 bits/sec  6.793 ms  0/0 (0%)  
[  6]  27.00-28.00  sec  1.41 KBytes  11.6 Kbits/sec  334.263 ms  0/1 (0%)  
[  6]  28.00-29.00  sec  0.00 Bytes  0.00 bits/sec  334.263 ms  0/0 (0%)  
[  6]  29.00-30.00  sec  0.00 Bytes  0.00 bits/sec  334.263 ms  0/0 (0%)  
- - - - - - - - - - - - - - - - - - - - - - - - -
[ ID] Interval           Transfer     Bitrate         Jitter    Lost/Total Datagrams
[  6]   0.00-30.00  sec   288 KBytes  78.8 Kbits/sec  334.263 ms  0/204 (0%)  receiver
