-----------------------------------------------------------
Server listening on 1014 (test #1)
-----------------------------------------------------------
Accepted connection from 10.0.0.1, port 39428
[  6] local 10.0.0.14 port 1014 connected to 10.0.0.1 port 50662
[ ID] Interval           Transfer     Bitrate         Jitter    Lost/Total Datagrams
[  6]   0.00-1.00   sec  65.0 KBytes   533 Kbits/sec  0.012 ms  0/46 (0%)  
[  6]   1.00-2.00   sec  65.0 KBytes   533 Kbits/sec  0.009 ms  0/46 (0%)  
[  6]   2.00-3.00   sec  65.0 KBytes   532 Kbits/sec  0.013 ms  0/46 (0%)  
[  6]   3.00-4.00   sec  65.0 KBytes   533 Kbits/sec  0.040 ms  0/46 (0%)  
[  6]   4.00-5.00   sec  65.0 KBytes   533 Kbits/sec  0.032 ms  0/46 (0%)  
[  6]   5.00-6.00   sec  65.0 KBytes   533 Kbits/sec  0.015 ms  0/46 (0%)  
[  6]   6.00-7.00   sec  65.0 KBytes   532 Kbits/sec  0.016 ms  0/46 (0%)  
[  6]   7.00-8.00   sec  65.0 KBytes   533 Kbits/sec  0.007 ms  0/46 (0%)  
[  6]   8.00-9.00   sec  65.0 KBytes   533 Kbits/sec  0.006 ms  0/46 (0%)  
[  6]   9.00-10.00  sec  62.2 KBytes   510 Kbits/sec  3.082 ms  0/44 (0%)  
[  6]  10.00-11.00  sec  36.8 KBytes   301 Kbits/sec  16.032 ms  0/26 (0%)  
[  6]  11.00-12.00  sec  31.1 KBytes   255 Kbits/sec  25.609 ms  0/22 (0%)  
[  6]  12.00-13.00  sec  42.4 KBytes   347 Kbits/sec  23.963 ms  0/30 (0%)  
[  6]  13.00-14.00  sec  60.8 KBytes   498 Kbits/sec  18.217 ms  0/43 (0%)  
[  6]  14.00-15.00  sec  21.2 KBytes   174 Kbits/sec  51.181 ms  0/15 (0%)  
[  6]  15.00-16.00  sec  73.5 KBytes   603 Kbits/sec  44.843 ms  0/52 (0%)  
[  6]  16.00-17.00  sec  86.3 KBytes   707 Kbits/sec  15.112 ms  0/61 (0%)  
[  6]  17.00-18.00  sec  66.5 KBytes   544 Kbits/sec  16.854 ms  0/47 (0%)  
[  6]  18.00-19.00  sec  21.2 KBytes   174 Kbits/sec  15.059 ms  0/15 (0%)  
[  6]  19.00-20.00  sec  89.1 KBytes   729 Kbits/sec  15.028 ms  0/63 (0%)  
[  6]  20.00-21.00  sec  82.0 KBytes   672 Kbits/sec  22.374 ms  0/58 (0%)  
[  6]  21.00-22.00  sec  4.24 KBytes  34.8 Kbits/sec  73.562 ms  0/3 (0%)  
[  6]  22.00-23.00  sec  2.83 KBytes  23.2 Kbits/sec  98.279 ms  0/2 (0%)  
[  6]  23.00-24.00  sec  93.3 KBytes   765 Kbits/sec  16.100 ms  0/66 (0%)  
[  6]  24.00-25.00  sec  46.7 KBytes   382 Kbits/sec  14.304 ms  0/33 (0%)  
[  6]  25.00-26.00  sec  25.5 KBytes   209 Kbits/sec  57.105 ms  3/21 (14%)  
[  6]  26.00-27.00  sec  5.66 KBytes  46.3 Kbits/sec  87.745 ms  -2/2 (-1e+02%)  
[  6]  27.00-28.00  sec  2.83 KBytes  23.2 Kbits/sec  132.299 ms  -1/1 (-1e+02%)  
[  6]  28.00-29.00  sec  2.83 KBytes  23.2 Kbits/sec  178.441 ms  0/2 (0%)  
[  6]  29.00-30.00  sec  0.00 Bytes  0.00 bits/sec  178.441 ms  0/0 (0%)  
[  6]  30.00-31.00  sec  4.24 KBytes  34.7 Kbits/sec  214.209 ms  32/35 (91%)  
[  6]  31.00-32.00  sec  2.83 KBytes  23.2 Kbits/sec  190.535 ms  32/34 (94%)  
[  6]  32.00-33.00  sec  2.83 KBytes  23.2 Kbits/sec  168.746 ms  69/71 (97%)  
[  6]  33.00-34.00  sec  0.00 Bytes  0.00 bits/sec  168.746 ms  0/0 (0%)  
[  6]  34.00-35.00  sec  1.41 KBytes  11.6 Kbits/sec  160.218 ms  76/77 (99%)  
[  6]  35.00-36.00  sec  4.24 KBytes  34.8 Kbits/sec  135.260 ms  52/55 (95%)  
[  6]  36.00-37.00  sec  0.00 Bytes  0.00 bits/sec  135.260 ms  0/0 (0%)  
[  6]  37.00-38.00  sec  1.41 KBytes  11.6 Kbits/sec  128.699 ms  81/82 (99%)  
[  6]  38.00-39.00  sec  0.00 Bytes  0.00 bits/sec  128.699 ms  0/0 (0%)  
[  6]  39.00-40.00  sec  0.00 Bytes  0.00 bits/sec  128.699 ms  0/0 (0%)  
[  6]  40.00-41.00  sec  0.00 Bytes  0.00 bits/sec  128.699 ms  0/0 (0%)  
[  6]  41.00-42.00  sec  0.00 Bytes  0.00 bits/sec  128.699 ms  0/0 (0%)  
[  6]  42.00-43.00  sec  0.00 Bytes  0.00 bits/sec  128.699 ms  0/0 (0%)  
[  6]  43.00-44.00  sec  0.00 Bytes  0.00 bits/sec  128.699 ms  0/0 (0%)  
[  6]  44.00-45.00  sec  0.00 Bytes  0.00 bits/sec  128.699 ms  0/0 (0%)  
[  6]  45.00-46.00  sec  0.00 Bytes  0.00 bits/sec  128.699 ms  0/0 (0%)  
[  6]  46.00-47.00  sec  0.00 Bytes  0.00 bits/sec  128.699 ms  0/0 (0%)  
[  6]  47.00-48.00  sec  0.00 Bytes  0.00 bits/sec  128.699 ms  0/0 (0%)  
[  6]  48.00-49.00  sec  0.00 Bytes  0.00 bits/sec  128.699 ms  0/0 (0%)  
[  6]  49.00-50.00  sec  0.00 Bytes  0.00 bits/sec  128.699 ms  0/0 (0%)  
[  6]  50.00-51.00  sec  0.00 Bytes  0.00 bits/sec  128.699 ms  0/0 (0%)  
[  6]  51.00-52.00  sec  0.00 Bytes  0.00 bits/sec  128.699 ms  0/0 (0%)  
[  6]  52.00-53.00  sec  0.00 Bytes  0.00 bits/sec  128.699 ms  0/0 (0%)  
[  6]  53.00-54.00  sec  0.00 Bytes  0.00 bits/sec  128.699 ms  0/0 (0%)  
[  6]  54.00-55.00  sec  0.00 Bytes  0.00 bits/sec  128.699 ms  0/0 (0%)  
[  6]  55.00-56.00  sec  0.00 Bytes  0.00 bits/sec  128.699 ms  0/0 (0%)  
[  6]  56.00-56.73  sec  0.00 Bytes  0.00 bits/sec  128.699 ms  0/0 (0%)  
- - - - - - - - - - - - - - - - - - - - - - - - -
[ ID] Interval           Transfer     Bitrate         Jitter    Lost/Total Datagrams
[SUM]  0.0-56.7 sec  4 datagrams received out-of-order
[  6]   0.00-56.73  sec  1.43 MBytes   211 Kbits/sec  128.699 ms  342/1374 (25%)  receiver
