-----------------------------------------------------------
Server listening on 1015 (test #1)
-----------------------------------------------------------
Accepted connection from 10.0.0.1, port 40762
[  6] local 10.0.0.15 port 1015 connected to 10.0.0.1 port 52491
[ ID] Interval           Transfer     Bitrate         Jitter    Lost/Total Datagrams
[  6]   0.00-1.00   sec  11.3 KBytes  92.6 Kbits/sec  0.009 ms  0/8 (0%)  
[  6]   1.00-2.00   sec  9.90 KBytes  81.0 Kbits/sec  0.016 ms  0/7 (0%)  
[  6]   2.00-3.00   sec  11.3 KBytes  92.7 Kbits/sec  0.035 ms  0/8 (0%)  
[  6]   3.00-4.00   sec  9.90 KBytes  81.2 Kbits/sec  0.040 ms  0/7 (0%)  
[  6]   4.00-5.00   sec  9.90 KBytes  81.1 Kbits/sec  0.319 ms  0/7 (0%)  
[  6]   5.00-6.00   sec  11.3 KBytes  92.6 Kbits/sec  0.606 ms  0/8 (0%)  
[  6]   6.00-7.00   sec  9.90 KBytes  81.1 Kbits/sec  0.668 ms  0/7 (0%)  
[  6]   7.00-8.00   sec  11.3 KBytes  92.7 Kbits/sec  1.539 ms  0/8 (0%)  
[  6]   8.00-9.00   sec  9.90 KBytes  81.0 Kbits/sec  1.001 ms  0/7 (0%)  
[  6]   9.00-10.00  sec  9.90 KBytes  81.1 Kbits/sec  6.962 ms  0/7 (0%)  
[  6]  10.00-11.00  sec  9.90 KBytes  81.1 Kbits/sec  5.575 ms  0/7 (0%)  
[  6]  11.00-12.00  sec  9.90 KBytes  81.2 Kbits/sec  5.512 ms  0/7 (0%)  
[  6]  12.00-13.00  sec  11.3 KBytes  92.6 Kbits/sec  5.402 ms  0/8 (0%)  
[  6]  13.00-14.00  sec  9.90 KBytes  81.1 Kbits/sec  5.002 ms  0/7 (0%)  
[  6]  14.00-15.00  sec  11.3 KBytes  92.6 Kbits/sec  5.109 ms  0/8 (0%)  
[  6]  15.00-16.00  sec  9.90 KBytes  81.1 Kbits/sec  5.258 ms  0/7 (0%)  
[  6]  16.00-17.00  sec  9.90 KBytes  81.0 Kbits/sec  5.258 ms  0/7 (0%)  
[  6]  17.00-18.00  sec  11.3 KBytes  92.7 Kbits/sec  5.225 ms  0/8 (0%)  
[  6]  18.00-19.00  sec  9.90 KBytes  81.1 Kbits/sec  4.846 ms  0/7 (0%)  
[  6]  19.00-20.00  sec  11.3 KBytes  92.8 Kbits/sec  4.962 ms  0/8 (0%)  
[  6]  20.00-21.00  sec  9.90 KBytes  81.0 Kbits/sec  5.073 ms  0/7 (0%)  
[  6]  21.00-22.00  sec  9.90 KBytes  81.1 Kbits/sec  13.708 ms  0/7 (0%)  
[  6]  22.00-23.00  sec  8.48 KBytes  69.5 Kbits/sec  18.730 ms  1/7 (14%)  
[  6]  23.00-24.00  sec  8.48 KBytes  69.5 Kbits/sec  17.405 ms  1/7 (14%)  
[  6]  24.00-25.00  sec  11.3 KBytes  92.7 Kbits/sec  14.909 ms  0/8 (0%)  
[  6]  25.00-26.00  sec  9.90 KBytes  81.1 Kbits/sec  13.703 ms  0/7 (0%)  
[  6]  26.00-27.00  sec  11.3 KBytes  92.7 Kbits/sec  11.681 ms  0/8 (0%)  
[  6]  27.00-28.00  sec  9.90 KBytes  81.1 Kbits/sec  9.375 ms  0/7 (0%)  
[  6]  28.00-29.00  sec  11.3 KBytes  92.8 Kbits/sec  11.152 ms  0/8 (0%)  
[  6]  29.00-30.00  sec  11.3 KBytes  92.6 Kbits/sec  9.719 ms  0/8 (0%)  
- - - - - - - - - - - - - - - - - - - - - - - - -
[ ID] Interval           Transfer     Bitrate         Jitter    Lost/Total Datagrams
[  6]   0.00-30.00  sec   311 KBytes  84.9 Kbits/sec  9.719 ms  2/222 (0.9%)  receiver
