-----------------------------------------------------------
Server listening on 1016 (test #1)
-----------------------------------------------------------
Accepted connection from 10.0.0.1, port 43756
[  6] local 10.0.0.16 port 1016 connected to 10.0.0.1 port 57425
[ ID] Interval           Transfer     Bitrate         Jitter    Lost/Total Datagrams
[  6]   0.00-1.00   sec  1.23 MBytes  10.3 Mbits/sec  1.514 ms  0/890 (0%)  
[  6]   1.00-2.00   sec  1.25 MBytes  10.5 Mbits/sec  1.333 ms  0/904 (0%)  
[  6]   2.00-3.00   sec  1.24 MBytes  10.4 Mbits/sec  1.480 ms  0/900 (0%)  
[  6]   3.00-4.00   sec  1.25 MBytes  10.5 Mbits/sec  1.788 ms  0/906 (0%)  
[  6]   4.00-5.00   sec  1.24 MBytes  10.4 Mbits/sec  1.727 ms  0/896 (0%)  
[  6]   5.00-6.00   sec  1.27 MBytes  10.6 Mbits/sec  1.476 ms  0/919 (0%)  
[  6]   6.00-7.00   sec  1.24 MBytes  10.4 Mbits/sec  1.892 ms  0/899 (0%)  
[  6]   7.00-8.00   sec  1.26 MBytes  10.6 Mbits/sec  1.603 ms  0/915 (0%)  
[  6]   8.00-9.00   sec  1.24 MBytes  10.4 Mbits/sec  1.195 ms  0/901 (0%)  
[  6]   9.00-10.00  sec  1.17 MBytes  9.79 Mbits/sec  0.632 ms  0/845 (0%)  
[  6]  10.00-11.00  sec  1.25 MBytes  10.5 Mbits/sec  0.631 ms  0/904 (0%)  
[  6]  11.00-12.00  sec  1.24 MBytes  10.4 Mbits/sec  0.660 ms  0/901 (0%)  
[  6]  12.00-13.00  sec  1.26 MBytes  10.6 Mbits/sec  0.882 ms  0/912 (0%)  
[  6]  13.00-14.00  sec  1.26 MBytes  10.6 Mbits/sec  0.636 ms  0/913 (0%)  
[  6]  14.00-15.00  sec  1.24 MBytes  10.4 Mbits/sec  0.653 ms  0/895 (0%)  
[  6]  15.00-16.00  sec  1.27 MBytes  10.6 Mbits/sec  0.624 ms  0/917 (0%)  
[  6]  16.00-17.00  sec  1.24 MBytes  10.4 Mbits/sec  0.629 ms  0/898 (0%)  
[  6]  17.00-18.00  sec  1.26 MBytes  10.5 Mbits/sec  0.933 ms  0/910 (0%)  
[  6]  18.00-19.00  sec  1.26 MBytes  10.6 Mbits/sec  0.681 ms  0/911 (0%)  
[  6]  19.00-20.00  sec  1.24 MBytes  10.4 Mbits/sec  0.641 ms  0/898 (0%)  
[  6]  20.00-21.00  sec  1.26 MBytes  10.5 Mbits/sec  0.920 ms  0/910 (0%)  
[  6]  21.00-22.00  sec  1.19 MBytes  10.0 Mbits/sec  1.586 ms  2/865 (0.23%)  
[  6]  22.00-23.00  sec  1.17 MBytes  9.78 Mbits/sec  1.142 ms  43/887 (4.8%)  
[  6]  23.00-24.00  sec  1.26 MBytes  10.5 Mbits/sec  1.269 ms  19/928 (2%)  
[  6]  24.00-25.00  sec  1.23 MBytes  10.3 Mbits/sec  0.936 ms  0/892 (0%)  
[  6]  25.00-26.00  sec  1.28 MBytes  10.7 Mbits/sec  1.192 ms  0/926 (0%)  
[  6]  26.00-27.00  sec  1.30 MBytes  10.9 Mbits/sec  1.121 ms  0/940 (0%)  
[  6]  27.00-28.00  sec  1.32 MBytes  11.1 Mbits/sec  1.054 ms  0/959 (0%)  
[  6]  28.00-29.00  sec  1.31 MBytes  11.0 Mbits/sec  0.205 ms  0/948 (0%)  
[  6]  29.00-30.00  sec  1.25 MBytes  10.5 Mbits/sec  0.144 ms  0/904 (0%)  
[  6]  30.00-30.00  sec  1.41 KBytes  54.4 Mbits/sec  0.158 ms  0/1 (0%)  
- - - - - - - - - - - - - - - - - - - - - - - - -
[ ID] Interval           Transfer     Bitrate         Jitter    Lost/Total Datagrams
[SUM]  0.0-30.0 sec  92 datagrams received out-of-order
[  6]   0.00-30.00  sec  37.5 MBytes  10.5 Mbits/sec  0.158 ms  64/27194 (0.24%)  receiver
