-----------------------------------------------------------
Server listening on 1017 (test #1)
-----------------------------------------------------------
Accepted connection from 10.0.0.1, port 49968
[  6] local 10.0.0.17 port 1017 connected to 10.0.0.1 port 34010
[ ID] Interval           Transfer     Bitrate         Jitter    Lost/Total Datagrams
[  6]   0.00-1.00   sec   513 KBytes  4.20 Mbits/sec  0.035 ms  0/363 (0%)  
[  6]   1.00-2.00   sec   512 KBytes  4.19 Mbits/sec  0.030 ms  0/362 (0%)  
[  6]   2.00-3.00   sec   512 KBytes  4.20 Mbits/sec  0.016 ms  0/362 (0%)  
[  6]   3.00-4.00   sec   512 KBytes  4.19 Mbits/sec  0.025 ms  0/362 (0%)  
[  6]   4.00-5.00   sec   512 KBytes  4.20 Mbits/sec  0.011 ms  0/362 (0%)  
[  6]   5.00-6.00   sec   512 KBytes  4.19 Mbits/sec  0.016 ms  0/362 (0%)  
[  6]   6.00-7.00   sec   512 KBytes  4.20 Mbits/sec  0.318 ms  0/362 (0%)  
[  6]   7.00-8.00   sec   512 KBytes  4.19 Mbits/sec  0.059 ms  0/362 (0%)  
[  6]   8.00-9.00   sec   464 KBytes  3.80 Mbits/sec  2.509 ms  0/328 (0%)  
[  6]   9.00-10.00  sec   506 KBytes  4.15 Mbits/sec  2.453 ms  0/358 (0%)  
[  6]  10.00-11.00  sec   516 KBytes  4.23 Mbits/sec  2.034 ms  0/365 (0%)  
[  6]  11.00-12.00  sec   513 KBytes  4.21 Mbits/sec  1.927 ms  0/363 (0%)  
[  6]  12.00-13.00  sec   509 KBytes  4.17 Mbits/sec  1.815 ms  0/360 (0%)  
[  6]  13.00-14.00  sec   509 KBytes  4.17 Mbits/sec  2.448 ms  0/360 (0%)  
[  6]  14.00-15.00  sec   516 KBytes  4.23 Mbits/sec  2.017 ms  0/365 (0%)  
[  6]  15.00-16.00  sec   509 KBytes  4.17 Mbits/sec  2.403 ms  0/360 (0%)  
[  6]  16.00-17.00  sec   518 KBytes  4.24 Mbits/sec  1.736 ms  0/366 (0%)  
[  6]  17.00-18.00  sec   508 KBytes  4.16 Mbits/sec  1.746 ms  0/359 (0%)  
[  6]  18.00-19.00  sec   510 KBytes  4.18 Mbits/sec  2.578 ms  0/361 (0%)  
[  6]  19.00-20.00  sec   519 KBytes  4.25 Mbits/sec  1.905 ms  0/367 (0%)  
[  6]  20.00-21.00  sec   537 KBytes  4.40 Mbits/sec  45.947 ms  0/380 (0%)  
[  6]  21.00-22.00  sec   448 KBytes  3.67 Mbits/sec  2.964 ms  8/325 (2.5%)  
[  6]  22.00-23.00  sec   482 KBytes  3.95 Mbits/sec  3.027 ms  11/352 (3.1%)  
[  6]  23.00-24.00  sec   525 KBytes  4.30 Mbits/sec  3.028 ms  1/372 (0.27%)  
[  6]  24.00-25.00  sec   506 KBytes  4.15 Mbits/sec  3.192 ms  0/358 (0%)  
[  6]  25.00-26.00  sec   530 KBytes  4.34 Mbits/sec  3.329 ms  0/375 (0%)  
[  6]  26.00-27.00  sec   518 KBytes  4.24 Mbits/sec  3.059 ms  0/366 (0%)  
[  6]  27.00-28.00  sec   546 KBytes  4.48 Mbits/sec  2.796 ms  0/386 (0%)  
[  6]  28.00-29.00  sec   536 KBytes  4.39 Mbits/sec  0.991 ms  0/379 (0%)  
[  6]  29.00-30.00  sec   512 KBytes  4.19 Mbits/sec  0.012 ms  0/362 (0%)  
- - - - - - - - - - - - - - - - - - - - - - - - -
[ ID] Interval           Transfer     Bitrate         Jitter    Lost/Total Datagrams
[SUM]  0.0-30.0 sec  38 datagrams received out-of-order
[  6]   0.00-30.00  sec  15.0 MBytes  4.19 Mbits/sec  0.012 ms  20/10864 (0.18%)  receiver
