-----------------------------------------------------------
Server listening on 1018 (test #1)
-----------------------------------------------------------
Accepted connection from 10.0.0.1, port 46352
[  6] local 10.0.0.18 port 1018 connected to 10.0.0.1 port 58522
[ ID] Interval           Transfer     Bitrate         Jitter    Lost/Total Datagrams
[  6]   0.00-1.00   sec  1.62 MBytes  13.6 Mbits/sec  0.025 ms  0/1172 (0%)  
[  6]   1.00-2.00   sec  1.62 MBytes  13.6 Mbits/sec  0.004 ms  0/1171 (0%)  
[  6]   2.00-3.00   sec  1.62 MBytes  13.6 Mbits/sec  0.256 ms  0/1170 (0%)  
[  6]   3.00-4.00   sec  1.62 MBytes  13.6 Mbits/sec  0.016 ms  0/1170 (0%)  
[  6]   4.00-5.00   sec  1.62 MBytes  13.6 Mbits/sec  0.015 ms  0/1172 (0%)  
[  6]   5.00-6.00   sec  1.62 MBytes  13.6 Mbits/sec  0.033 ms  0/1170 (0%)  
[  6]   6.00-7.00   sec  1.62 MBytes  13.6 Mbits/sec  0.008 ms  0/1171 (0%)  
[  6]   7.00-8.00   sec  1.62 MBytes  13.6 Mbits/sec  0.012 ms  0/1171 (0%)  
[  6]   8.00-9.00   sec  1.62 MBytes  13.6 Mbits/sec  0.004 ms  0/1170 (0%)  
[  6]   9.00-10.00  sec  1.62 MBytes  13.6 Mbits/sec  0.001 ms  0/1171 (0%)  
[  6]  10.00-11.00  sec  1.61 MBytes  13.5 Mbits/sec  0.450 ms  0/1169 (0%)  
[  6]  11.00-12.00  sec  1.62 MBytes  13.6 Mbits/sec  0.007 ms  0/1173 (0%)  
[  6]  12.00-13.00  sec  1.62 MBytes  13.6 Mbits/sec  0.004 ms  0/1170 (0%)  
[  6]  13.00-14.00  sec  1.42 MBytes  11.9 Mbits/sec  0.378 ms  0/1026 (0%)  
[  6]  14.00-15.00  sec  1.61 MBytes  13.5 Mbits/sec  0.607 ms  0/1163 (0%)  
[  6]  15.00-16.00  sec  1.61 MBytes  13.5 Mbits/sec  0.607 ms  0/1169 (0%)  
[  6]  16.00-17.00  sec  1.61 MBytes  13.5 Mbits/sec  0.716 ms  0/1169 (0%)  
[  6]  17.00-18.00  sec  1.62 MBytes  13.5 Mbits/sec  0.720 ms  0/1170 (0%)  
[  6]  18.00-19.00  sec  1.61 MBytes  13.5 Mbits/sec  0.871 ms  0/1169 (0%)  
[  6]  19.00-20.00  sec  1.61 MBytes  13.5 Mbits/sec  0.992 ms  0/1169 (0%)  
[  6]  20.00-21.00  sec   988 KBytes  8.10 Mbits/sec  0.380 ms  0/699 (0%)  
[  6]  21.00-22.00  sec  0.00 Bytes  0.00 bits/sec  0.380 ms  0/0 (0%)  
[  6]  22.00-23.00  sec  0.00 Bytes  0.00 bits/sec  0.380 ms  0/0 (0%)  
[  6]  23.00-24.00  sec  0.00 Bytes  0.00 bits/sec  0.380 ms  0/0 (0%)  
[  6]  24.00-25.00  sec  56.6 KBytes   463 Kbits/sec  38.156 ms  0/40 (0%)  
[  6]  25.00-26.00  sec  60.8 KBytes   498 Kbits/sec  23.011 ms  0/43 (0%)  
[  6]  26.00-27.00  sec  48.1 KBytes   394 Kbits/sec  24.747 ms  0/34 (0%)  
[  6]  27.00-28.00  sec  15.6 KBytes   127 Kbits/sec  24.606 ms  0/11 (0%)  
[  6]  28.00-29.00  sec  19.8 KBytes   162 Kbits/sec  48.294 ms  157/171 (92%)  
[  6]  29.00-30.00  sec  0.00 Bytes  0.00 bits/sec  48.294 ms  0/0 (0%)  
- - - - - - - - - - - - - - - - - - - - - - - - -
[ ID] Interval           Transfer     Bitrate         Jitter    Lost/Total Datagrams
[  6]   0.00-30.00  sec  33.3 MBytes  9.30 Mbits/sec  48.294 ms  157/24253 (0.65%)  receiver
