-----------------------------------------------------------
Server listening on 1019 (test #1)
-----------------------------------------------------------
Accepted connection from 10.0.0.1, port 43958
[  6] local 10.0.0.19 port 1019 connected to 10.0.0.1 port 40684
[ ID] Interval           Transfer     Bitrate         Jitter    Lost/Total Datagrams
[  6]   0.00-1.00   sec  4.24 KBytes  34.7 Kbits/sec  0.002 ms  0/3 (0%)  
[  6]   1.00-2.00   sec  4.24 KBytes  34.8 Kbits/sec  0.017 ms  0/3 (0%)  
[  6]   2.00-3.00   sec  2.83 KBytes  23.2 Kbits/sec  0.020 ms  0/2 (0%)  
[  6]   3.00-4.00   sec  4.24 KBytes  34.7 Kbits/sec  0.027 ms  0/3 (0%)  
[  6]   4.00-5.00   sec  4.24 KBytes  34.8 Kbits/sec  0.029 ms  0/3 (0%)  
[  6]   5.00-6.00   sec  2.83 KBytes  23.2 Kbits/sec  0.027 ms  0/2 (0%)  
[  6]   6.00-7.00   sec  4.24 KBytes  34.7 Kbits/sec  0.967 ms  0/3 (0%)  
[  6]   7.00-8.00   sec  2.83 KBytes  23.2 Kbits/sec  0.852 ms  0/2 (0%)  
[  6]   8.00-9.00   sec  4.24 KBytes  34.7 Kbits/sec  0.702 ms  0/3 (0%)  
[  6]   9.00-10.00  sec  4.24 KBytes  34.8 Kbits/sec  0.580 ms  0/3 (0%)  
[  6]  10.00-11.00  sec  2.83 KBytes  23.1 Kbits/sec  0.513 ms  0/2 (0%)  
[  6]  11.00-12.00  sec  4.24 KBytes  34.7 Kbits/sec  0.427 ms  0/3 (0%)  
[  6]  12.00-13.00  sec  2.83 KBytes  23.2 Kbits/sec  0.378 ms  0/2 (0%)  
[  6]  13.00-14.00  sec  4.24 KBytes  34.7 Kbits/sec  0.314 ms  0/3 (0%)  
[  6]  14.00-15.00  sec  4.24 KBytes  34.7 Kbits/sec  2.621 ms  0/3 (0%)  
[  6]  15.00-16.00  sec  2.83 KBytes  23.2 Kbits/sec  2.306 ms  0/2 (0%)  
[  6]  16.00-17.00  sec  4.24 KBytes  34.8 Kbits/sec  1.902 ms  0/3 (0%)  
[  6]  17.00-18.00  sec  4.24 KBytes  34.7 Kbits/sec  1.569 ms  0/3 (0%)  
[  6]  18.00-19.00  sec  2.83 KBytes  23.2 Kbits/sec  1.380 ms  0/2 (0%)  
[  6]  19.00-20.00  sec  4.24 KBytes  34.8 Kbits/sec  1.141 ms  0/3 (0%)  
[  6]  20.00-21.00  sec  0.00 Bytes  0.00 bits/sec  1.141 ms  0/0 (0%)  
[  6]  21.00-22.00  sec  0.00 Bytes  0.00 bits/sec  1.141 ms  0/0 (0%)  
[  6]  22.00-23.00  sec  0.00 Bytes  0.00 bits/sec  1.141 ms  0/0 (0%)  
[  6]  23.00-24.00  sec  0.00 Bytes  0.00 bits/sec  1.141 ms  0/0 (0%)  
[  6]  24.00-25.00  sec  0.00 Bytes  0.00 bits/sec  1.141 ms  0/0 (0%)  
[  6]  25.00-26.00  sec  0.00 Bytes  0.00 bits/sec  1.141 ms  0/0 (0%)  
[  6]  26.00-27.00  sec  0.00 Bytes  0.00 bits/sec  1.141 ms  0/0 (0%)  
[  6]  27.00-28.00  sec  0.00 Bytes  0.00 bits/sec  1.141 ms  0/0 (0%)  
[  6]  28.00-29.00  sec  0.00 Bytes  0.00 bits/sec  1.141 ms  0/0 (0%)  
[  6]  29.00-30.00  sec  0.00 Bytes  0.00 bits/sec  1.141 ms  0/0 (0%)  
- - - - - - - - - - - - - - - - - - - - - - - - -
[ ID] Interval           Transfer     Bitrate         Jitter    Lost/Total Datagrams
[  6]   0.00-30.00  sec  74.9 KBytes  20.5 Kbits/sec  1.141 ms  0/53 (0%)  receiver
