-----------------------------------------------------------
Server listening on 1002 (test #1)
-----------------------------------------------------------
Accepted connection from 10.0.0.1, port 51774
[  6] local 10.0.0.2 port 1002 connected to 10.0.0.1 port 33309
[ ID] Interval           Transfer     Bitrate         Jitter    Lost/Total Datagrams
[  6]   0.00-1.00   sec  1.61 MBytes  13.5 Mbits/sec  0.012 ms  0/1167 (0%)  
[  6]   1.00-2.00   sec  1.61 MBytes  13.5 Mbits/sec  0.001 ms  0/1165 (0%)  
[  6]   2.00-3.00   sec  1.61 MBytes  13.5 Mbits/sec  0.003 ms  0/1163 (0%)  
[  6]   3.00-4.00   sec  1.61 MBytes  13.5 Mbits/sec  0.006 ms  0/1166 (0%)  
[  6]   4.00-5.00   sec  1.61 MBytes  13.5 Mbits/sec  0.011 ms  0/1165 (0%)  
[  6]   5.00-6.00   sec  1.61 MBytes  13.5 Mbits/sec  0.004 ms  0/1166 (0%)  
[  6]   6.00-7.00   sec  1.61 MBytes  13.5 Mbits/sec  0.008 ms  0/1165 (0%)  
[  6]   7.00-8.00   sec  1.61 MBytes  13.5 Mbits/sec  0.021 ms  0/1165 (0%)  
[  6]   8.00-9.00   sec  1.60 MBytes  13.4 Mbits/sec  0.376 ms  0/1158 (0%)  
[  6]   9.00-10.00  sec  1.62 MBytes  13.6 Mbits/sec  0.032 ms  0/1172 (0%)  
[  6]  10.00-11.00  sec  1.61 MBytes  13.5 Mbits/sec  0.046 ms  0/1165 (0%)  
[  6]  11.00-12.00  sec  1.61 MBytes  13.5 Mbits/sec  0.003 ms  0/1165 (0%)  
[  6]  12.00-13.00  sec  1.61 MBytes  13.5 Mbits/sec  0.015 ms  0/1165 (0%)  
[  6]  13.00-14.00  sec  1.61 MBytes  13.5 Mbits/sec  0.004 ms  0/1164 (0%)  
[  6]  14.00-15.00  sec  1.42 MBytes  11.9 Mbits/sec  1.077 ms  0/1030 (0%)  
[  6]  15.00-16.00  sec  1.64 MBytes  13.7 Mbits/sec  0.467 ms  2/1187 (0.17%)  
[  6]  16.00-17.00  sec  1.60 MBytes  13.4 Mbits/sec  0.691 ms  0/1159 (0%)  
[  6]  17.00-18.00  sec  1.60 MBytes  13.4 Mbits/sec  1.011 ms  0/1160 (0%)  
[  6]  18.00-19.00  sec  1.62 MBytes  13.6 Mbits/sec  0.584 ms  0/1173 (0%)  
[  6]  19.00-20.00  sec  1.61 MBytes  13.5 Mbits/sec  0.465 ms  0/1168 (0%)  
[  6]  20.00-21.00  sec  1.61 MBytes  13.5 Mbits/sec  0.562 ms  0/1164 (0%)  
[  6]  21.00-22.00  sec  1.61 MBytes  13.5 Mbits/sec  0.471 ms  0/1164 (0%)  
[  6]  22.00-23.00  sec  1.59 MBytes  13.4 Mbits/sec  1.138 ms  0/1155 (0%)  
[  6]  23.00-24.00  sec  1.62 MBytes  13.6 Mbits/sec  0.658 ms  0/1171 (0%)  
[  6]  24.00-25.00  sec  1.61 MBytes  13.5 Mbits/sec  0.471 ms  0/1169 (0%)  
[  6]  25.00-26.00  sec  1.59 MBytes  13.4 Mbits/sec  1.258 ms  0/1153 (0%)  
[  6]  26.00-27.00  sec   974 KBytes  7.99 Mbits/sec  0.739 ms  0/689 (0%)  
[  6]  27.00-28.00  sec  0.00 Bytes  0.00 bits/sec  0.739 ms  0/0 (0%)  
[  6]  28.00-29.00  sec  0.00 Bytes  0.00 bits/sec  0.739 ms  0/0 (0%)  
[  6]  29.00-30.00  sec  0.00 Bytes  0.00 bits/sec  0.739 ms  0/0 (0%)  
- - - - - - - - - - - - - - - - - - - - - - - - -
[ ID] Interval           Transfer     Bitrate         Jitter    Lost/Total Datagrams
[  6]   0.00-30.00  sec  42.6 MBytes  11.9 Mbits/sec  0.739 ms  2/30853 (0.0065%)  receiver
