-----------------------------------------------------------
Server listening on 1020 (test #1)
-----------------------------------------------------------
Accepted connection from 10.0.0.1, port 36146
[  6] local 10.0.0.20 port 1020 connected to 10.0.0.1 port 49855
[ ID] Interval           Transfer     Bitrate         Jitter    Lost/Total Datagrams
[  6]   0.00-1.00   sec  2.83 KBytes  23.1 Kbits/sec  0.000 ms  0/2 (0%)  
[  6]   1.00-2.00   sec  1.41 KBytes  11.6 Kbits/sec  0.005 ms  0/1 (0%)  
[  6]   2.00-3.00   sec  1.41 KBytes  11.6 Kbits/sec  0.005 ms  0/1 (0%)  
[  6]   3.00-4.00   sec  1.41 KBytes  11.6 Kbits/sec  0.009 ms  0/1 (0%)  
[  6]   4.00-5.00   sec  1.41 KBytes  11.6 Kbits/sec  0.015 ms  0/1 (0%)  
[  6]   5.00-6.00   sec  2.83 KBytes  23.2 Kbits/sec  0.019 ms  0/2 (0%)  
[  6]   6.00-7.00   sec  1.41 KBytes  11.6 Kbits/sec  0.018 ms  0/1 (0%)  
[  6]   7.00-8.00   sec  1.41 KBytes  11.6 Kbits/sec  5.470 ms  0/1 (0%)  
[  6]   8.00-9.00   sec  1.41 KBytes  11.6 Kbits/sec  6.072 ms  0/1 (0%)  
[  6]   9.00-10.00  sec  1.41 KBytes  11.6 Kbits/sec  5.995 ms  0/1 (0%)  
[  6]  10.00-11.00  sec  1.41 KBytes  11.6 Kbits/sec  6.102 ms  0/1 (0%)  
[  6]  11.00-12.00  sec  1.41 KBytes  11.6 Kbits/sec  6.002 ms  0/1 (0%)  
[  6]  12.00-13.00  sec  2.83 KBytes  23.2 Kbits/sec  6.110 ms  0/2 (0%)  
[  6]  13.00-14.00  sec  1.41 KBytes  11.6 Kbits/sec  5.838 ms  0/1 (0%)  
[  6]  14.00-15.00  sec  1.41 KBytes  11.6 Kbits/sec  5.617 ms  0/1 (0%)  
[  6]  15.00-16.00  sec  1.41 KBytes  11.6 Kbits/sec  5.562 ms  0/1 (0%)  
[  6]  16.00-17.00  sec  1.41 KBytes  11.6 Kbits/sec  5.755 ms  0/1 (0%)  
[  6]  17.00-18.00  sec  1.41 KBytes  11.6 Kbits/sec  5.655 ms  0/1 (0%)  
[  6]  18.00-19.00  sec  2.83 KBytes  23.2 Kbits/sec  5.336 ms  0/2 (0%)  
[  6]  19.00-20.00  sec  1.41 KBytes  11.6 Kbits/sec  5.613 ms  0/1 (0%)  
[  6]  20.00-21.00  sec  1.41 KBytes  11.6 Kbits/sec  6.327 ms  0/1 (0%)  
[  6]  21.00-22.00  sec  1.41 KBytes  11.6 Kbits/sec  9.462 ms  0/1 (0%)  
[  6]  22.00-23.00  sec  1.41 KBytes  11.6 Kbits/sec  9.441 ms  0/1 (0%)  
[  6]  23.00-24.00  sec  1.41 KBytes  11.6 Kbits/sec  10.439 ms  0/1 (0%)  
[  6]  24.00-25.00  sec  2.83 KBytes  23.2 Kbits/sec  10.694 ms  0/2 (0%)  
[  6]  25.00-26.00  sec  1.41 KBytes  11.6 Kbits/sec  10.751 ms  0/1 (0%)  
[  6]  26.00-27.00  sec  1.41 KBytes  11.6 Kbits/sec  13.324 ms  0/1 (0%)  
[  6]  27.00-28.00  sec  1.41 KBytes  11.6 Kbits/sec  15.471 ms  0/1 (0%)  
[  6]  28.00-29.00  sec  2.83 KBytes  23.2 Kbits/sec  13.711 ms  0/2 (0%)  
[  6]  29.00-30.00  sec  1.41 KBytes  11.6 Kbits/sec  12.854 ms  0/1 (0%)  
- - - - - - - - - - - - - - - - - - - - - - - - -
[ ID] Interval           Transfer     Bitrate         Jitter    Lost/Total Datagrams
[  6]   0.00-30.00  sec  50.9 KBytes  13.9 Kbits/sec  12.854 ms  0/36 (0%)  receiver
