-----------------------------------------------------------
Server listening on 1022 (test #1)
-----------------------------------------------------------
Accepted connection from 10.0.0.1, port 42248
[  6] local 10.0.0.22 port 1022 connected to 10.0.0.1 port 36787
[ ID] Interval           Transfer     Bitrate         Jitter    Lost/Total Datagrams
[  6]   0.00-1.00   sec  33.9 KBytes   278 Kbits/sec  0.670 ms  0/24 (0%)  
[  6]   1.00-2.00   sec  32.5 KBytes   266 Kbits/sec  0.348 ms  0/23 (0%)  
[  6]   2.00-3.00   sec  32.5 KBytes   267 Kbits/sec  0.492 ms  0/23 (0%)  
[  6]   3.00-4.00   sec  31.1 KBytes   255 Kbits/sec  2.265 ms  0/22 (0%)  
[  6]   4.00-5.00   sec  33.9 KBytes   278 Kbits/sec  3.491 ms  0/24 (0%)  
[  6]   5.00-6.00   sec  31.1 KBytes   255 Kbits/sec  4.170 ms  0/22 (0%)  
[  6]   6.00-7.00   sec  31.1 KBytes   255 Kbits/sec  8.350 ms  0/22 (0%)  
[  6]   7.00-8.00   sec  32.5 KBytes   266 Kbits/sec  6.409 ms  0/23 (0%)  
[  6]   8.00-9.00   sec  32.5 KBytes   266 Kbits/sec  6.286 ms  0/23 (0%)  
[  6]   9.00-10.00  sec  32.5 KBytes   266 Kbits/sec  6.047 ms  0/23 (0%)  
[  6]  10.00-11.00  sec  32.5 KBytes   267 Kbits/sec  6.269 ms  0/23 (0%)  
[  6]  11.00-12.00  sec  32.5 KBytes   266 Kbits/sec  6.261 ms  0/23 (0%)  
[  6]  12.00-13.00  sec  32.5 KBytes   266 Kbits/sec  6.464 ms  0/23 (0%)  
[  6]  13.00-14.00  sec  32.5 KBytes   266 Kbits/sec  6.298 ms  0/23 (0%)  
[  6]  14.00-15.00  sec  32.5 KBytes   266 Kbits/sec  6.297 ms  0/23 (0%)  
[  6]  15.00-16.00  sec  33.9 KBytes   278 Kbits/sec  6.349 ms  0/24 (0%)  
[  6]  16.00-17.00  sec  32.5 KBytes   266 Kbits/sec  6.336 ms  0/23 (0%)  
[  6]  17.00-18.00  sec  32.5 KBytes   267 Kbits/sec  6.102 ms  0/23 (0%)  
[  6]  18.00-19.00  sec  33.9 KBytes   278 Kbits/sec  19.713 ms  0/24 (0%)  
[  6]  19.00-20.00  sec  29.7 KBytes   243 Kbits/sec  16.928 ms  0/21 (0%)  
[  6]  20.00-21.00  sec  26.9 KBytes   220 Kbits/sec  11.240 ms  3/22 (14%)  
[  6]  21.00-22.00  sec  33.9 KBytes   278 Kbits/sec  11.075 ms  0/24 (0%)  
[  6]  22.00-23.00  sec  32.5 KBytes   266 Kbits/sec  10.304 ms  0/23 (0%)  
[  6]  23.00-24.00  sec  33.9 KBytes   278 Kbits/sec  9.455 ms  0/24 (0%)  
[  6]  24.00-25.00  sec  32.5 KBytes   267 Kbits/sec  11.698 ms  0/23 (0%)  
[  6]  25.00-26.00  sec  35.4 KBytes   289 Kbits/sec  7.809 ms  0/25 (0%)  
[  6]  26.00-27.00  sec  33.9 KBytes   278 Kbits/sec  6.367 ms  0/24 (0%)  
[  6]  27.00-28.00  sec  32.5 KBytes   266 Kbits/sec  1.876 ms  0/23 (0%)  
[  6]  28.00-29.00  sec  32.5 KBytes   266 Kbits/sec  0.990 ms  0/23 (0%)  
[  6]  29.00-30.00  sec  32.5 KBytes   266 Kbits/sec  0.495 ms  0/23 (0%)  
- - - - - - - - - - - - - - - - - - - - - - - - -
[ ID] Interval           Transfer     Bitrate         Jitter    Lost/Total Datagrams
[SUM]  0.0-30.0 sec  1 datagrams received out-of-order
[  6]   0.00-30.00  sec   976 KBytes   266 Kbits/sec  0.495 ms  3/693 (0.43%)  receiver
