-----------------------------------------------------------
Server listening on 1023 (test #1)
-----------------------------------------------------------
Accepted connection from 10.0.0.1, port 57680
[  6] local 10.0.0.23 port 1023 connected to 10.0.0.1 port 53704
[ ID] Interval           Transfer     Bitrate         Jitter    Lost/Total Datagrams
[  6]   0.00-1.00   sec  4.24 KBytes  34.7 Kbits/sec  0.005 ms  0/3 (0%)  
[  6]   1.00-2.00   sec  4.24 KBytes  34.7 Kbits/sec  0.022 ms  0/3 (0%)  
[  6]   2.00-3.00   sec  2.83 KBytes  23.2 Kbits/sec  0.019 ms  0/2 (0%)  
[  6]   3.00-4.00   sec  4.24 KBytes  34.7 Kbits/sec  0.028 ms  0/3 (0%)  
[  6]   4.00-5.00   sec  4.24 KBytes  34.8 Kbits/sec  0.026 ms  0/3 (0%)  
[  6]   5.00-6.00   sec  2.83 KBytes  23.2 Kbits/sec  0.026 ms  0/2 (0%)  
[  6]   6.00-7.00   sec  4.24 KBytes  34.7 Kbits/sec  6.684 ms  0/3 (0%)  
[  6]   7.00-8.00   sec  2.83 KBytes  23.2 Kbits/sec  6.854 ms  0/2 (0%)  
[  6]   8.00-9.00   sec  4.24 KBytes  34.7 Kbits/sec  6.182 ms  0/3 (0%)  
[  6]   9.00-10.00  sec  4.24 KBytes  34.8 Kbits/sec  6.090 ms  0/3 (0%)  
[  6]  10.00-11.00  sec  2.83 KBytes  23.2 Kbits/sec  5.764 ms  0/2 (0%)  
[  6]  11.00-12.00  sec  4.24 KBytes  34.8 Kbits/sec  5.719 ms  0/3 (0%)  
[  6]  12.00-13.00  sec  4.24 KBytes  34.8 Kbits/sec  4.783 ms  0/3 (0%)  
[  6]  13.00-14.00  sec  2.83 KBytes  23.2 Kbits/sec  4.675 ms  0/2 (0%)  
[  6]  14.00-15.00  sec  4.24 KBytes  34.7 Kbits/sec  4.800 ms  0/3 (0%)  
[  6]  15.00-16.00  sec  4.24 KBytes  34.8 Kbits/sec  4.369 ms  0/3 (0%)  
[  6]  16.00-17.00  sec  2.83 KBytes  23.1 Kbits/sec  4.568 ms  0/2 (0%)  
[  6]  17.00-18.00  sec  4.24 KBytes  34.8 Kbits/sec  4.131 ms  0/3 (0%)  
[  6]  18.00-19.00  sec  2.83 KBytes  23.2 Kbits/sec  9.706 ms  0/2 (0%)  
[  6]  19.00-20.00  sec  4.24 KBytes  34.7 Kbits/sec  18.592 ms  0/3 (0%)  
[  6]  20.00-21.00  sec  4.24 KBytes  34.8 Kbits/sec  17.411 ms  0/3 (0%)  
[  6]  21.00-22.00  sec  2.83 KBytes  23.2 Kbits/sec  16.391 ms  0/2 (0%)  
[  6]  22.00-23.00  sec  4.24 KBytes  34.8 Kbits/sec  14.743 ms  0/3 (0%)  
[  6]  23.00-24.00  sec  4.24 KBytes  34.8 Kbits/sec  15.165 ms  0/3 (0%)  
[  6]  24.00-25.00  sec  4.24 KBytes  34.8 Kbits/sec  17.407 ms  0/3 (0%)  
[  6]  25.00-26.00  sec  2.83 KBytes  23.2 Kbits/sec  17.208 ms  0/2 (0%)  
[  6]  26.00-27.00  sec  4.24 KBytes  34.7 Kbits/sec  15.986 ms  0/3 (0%)  
[  6]  27.00-28.00  sec  4.24 KBytes  34.8 Kbits/sec  13.178 ms  0/3 (0%)  
[  6]  28.00-29.00  sec  2.83 KBytes  23.2 Kbits/sec  11.583 ms  0/2 (0%)  
[  6]  29.00-30.00  sec  4.24 KBytes  34.8 Kbits/sec  9.544 ms  0/3 (0%)  
- - - - - - - - - - - - - - - - - - - - - - - - -
[ ID] Interval           Transfer     Bitrate         Jitter    Lost/Total Datagrams
[  6]   0.00-30.00  sec   113 KBytes  30.9 Kbits/sec  9.544 ms  0/80 (0%)  receiver
