-----------------------------------------------------------
Server listening on 1003 (test #1)
-----------------------------------------------------------
Accepted connection from 10.0.0.1, port 35984
[  6] local 10.0.0.3 port 1003 connected to 10.0.0.1 port 58334
[ ID] Interval           Transfer     Bitrate         Jitter    Lost/Total Datagrams
[  6]   0.00-1.00   sec   112 KBytes   914 Kbits/sec  0.015 ms  0/79 (0%)  
[  6]   1.00-2.00   sec   112 KBytes   915 Kbits/sec  0.006 ms  0/79 (0%)  
[  6]   2.00-3.00   sec   110 KBytes   904 Kbits/sec  0.009 ms  0/78 (0%)  
[  6]   3.00-4.00   sec   112 KBytes   914 Kbits/sec  0.006 ms  0/79 (0%)  
[  6]   4.00-5.00   sec   112 KBytes   916 Kbits/sec  0.013 ms  0/79 (0%)  
[  6]   5.00-6.00   sec   112 KBytes   914 Kbits/sec  0.018 ms  0/79 (0%)  
[  6]   6.00-7.00   sec   110 KBytes   904 Kbits/sec  0.009 ms  0/78 (0%)  
[  6]   7.00-8.00   sec   112 KBytes   915 Kbits/sec  0.017 ms  0/79 (0%)  
[  6]   8.00-9.00   sec   110 KBytes   904 Kbits/sec  0.011 ms  0/78 (0%)  
[  6]   9.00-10.00  sec   112 KBytes   915 Kbits/sec  0.007 ms  0/79 (0%)  
[  6]  10.00-11.00  sec   112 KBytes   916 Kbits/sec  0.020 ms  0/79 (0%)  
[  6]  11.00-12.00  sec   110 KBytes   904 Kbits/sec  0.006 ms  0/78 (0%)  
[  6]  12.00-13.00  sec   112 KBytes   915 Kbits/sec  0.010 ms  0/79 (0%)  
[  6]  13.00-14.00  sec   106 KBytes   869 Kbits/sec  3.926 ms  0/75 (0%)  
[  6]  14.00-15.00  sec   105 KBytes   858 Kbits/sec  6.538 ms  0/74 (0%)  
[  6]  15.00-16.00  sec   112 KBytes   915 Kbits/sec  6.011 ms  0/79 (0%)  
[  6]  16.00-17.00  sec   112 KBytes   915 Kbits/sec  6.470 ms  0/79 (0%)  
[  6]  17.00-18.00  sec   110 KBytes   904 Kbits/sec  6.590 ms  0/78 (0%)  
[  6]  18.00-19.00  sec   112 KBytes   915 Kbits/sec  6.364 ms  0/79 (0%)  
[  6]  19.00-20.00  sec   112 KBytes   915 Kbits/sec  6.578 ms  0/79 (0%)  
[  6]  20.00-21.00  sec   110 KBytes   904 Kbits/sec  6.689 ms  0/78 (0%)  
[  6]  21.00-22.00  sec   112 KBytes   915 Kbits/sec  6.456 ms  0/79 (0%)  
[  6]  22.00-23.00  sec   110 KBytes   904 Kbits/sec  6.648 ms  0/78 (0%)  
[  6]  23.00-24.00  sec   112 KBytes   916 Kbits/sec  6.332 ms  0/79 (0%)  
[  6]  24.00-25.00  sec   112 KBytes   915 Kbits/sec  6.650 ms  0/79 (0%)  
[  6]  25.00-26.00  sec   110 KBytes   904 Kbits/sec  6.631 ms  0/78 (0%)  
[  6]  26.00-27.00  sec   119 KBytes   973 Kbits/sec  8.361 ms  0/84 (0%)  
[  6]  27.00-28.00  sec   110 KBytes   903 Kbits/sec  8.654 ms  0/78 (0%)  
[  6]  28.00-29.00  sec   112 KBytes   915 Kbits/sec  8.018 ms  0/79 (0%)  
[  6]  29.00-30.00  sec   110 KBytes   904 Kbits/sec  8.714 ms  0/78 (0%)  
[  6]  30.00-30.05  sec  5.66 KBytes   957 Kbits/sec  8.082 ms  0/4 (0%)  
- - - - - - - - - - - - - - - - - - - - - - - - -
[ ID] Interval           Transfer     Bitrate         Jitter    Lost/Total Datagrams
[SUM]  0.0-30.0 sec  7 datagrams received out-of-order
[  6]   0.00-30.05  sec  3.26 MBytes   910 Kbits/sec  8.082 ms  0/2360 (0%)  receiver
