-----------------------------------------------------------
Server listening on 1004 (test #1)
-----------------------------------------------------------
Accepted connection from 10.0.0.1, port 38760
[  6] local 10.0.0.4 port 1004 connected to 10.0.0.1 port 42790
[ ID] Interval           Transfer     Bitrate         Jitter    Lost/Total Datagrams
[  6]   0.00-1.00   sec   744 KBytes  6.09 Mbits/sec  0.567 ms  0/526 (0%)  
[  6]   1.00-2.00   sec   741 KBytes  6.07 Mbits/sec  0.994 ms  0/524 (0%)  
[  6]   2.00-3.00   sec   742 KBytes  6.08 Mbits/sec  0.033 ms  0/525 (0%)  
[  6]   3.00-4.00   sec   741 KBytes  6.07 Mbits/sec  0.011 ms  0/524 (0%)  
[  6]   4.00-5.00   sec   742 KBytes  6.08 Mbits/sec  0.027 ms  0/525 (0%)  
[  6]   5.00-6.00   sec   741 KBytes  6.07 Mbits/sec  0.010 ms  0/524 (0%)  
[  6]   6.00-7.00   sec   741 KBytes  6.07 Mbits/sec  0.057 ms  0/525 (0%)  
[  6]   7.00-8.00   sec   725 KBytes  5.94 Mbits/sec  2.772 ms  0/513 (0%)  
[  6]   8.00-9.00   sec   738 KBytes  6.05 Mbits/sec  2.785 ms  0/522 (0%)  
[  6]   9.00-10.00  sec   741 KBytes  6.07 Mbits/sec  3.248 ms  0/524 (0%)  
[  6]  10.00-11.00  sec   748 KBytes  6.13 Mbits/sec  2.640 ms  0/529 (0%)  
[  6]  11.00-12.00  sec   745 KBytes  6.10 Mbits/sec  2.830 ms  0/527 (0%)  
[  6]  12.00-13.00  sec   741 KBytes  6.07 Mbits/sec  2.815 ms  0/524 (0%)  
[  6]  13.00-14.00  sec   673 KBytes  5.51 Mbits/sec  1.462 ms  0/476 (0%)  
[  6]  14.00-15.00  sec   749 KBytes  6.14 Mbits/sec  1.399 ms  0/530 (0%)  
[  6]  15.00-16.00  sec   742 KBytes  6.09 Mbits/sec  1.230 ms  0/525 (0%)  
[  6]  16.00-17.00  sec   737 KBytes  6.04 Mbits/sec  1.248 ms  0/521 (0%)  
[  6]  17.00-18.00  sec   741 KBytes  6.07 Mbits/sec  1.744 ms  0/524 (0%)  
[  6]  18.00-19.00  sec   745 KBytes  6.11 Mbits/sec  1.427 ms  0/527 (0%)  
[  6]  19.00-20.00  sec   738 KBytes  6.05 Mbits/sec  1.770 ms  0/522 (0%)  
[  6]  20.00-21.00  sec   748 KBytes  6.12 Mbits/sec  1.335 ms  0/529 (0%)  
[  6]  21.00-22.00  sec   738 KBytes  6.05 Mbits/sec  1.197 ms  0/522 (0%)  
[  6]  22.00-23.00  sec   738 KBytes  6.04 Mbits/sec  1.821 ms  0/522 (0%)  
[  6]  23.00-24.00  sec   748 KBytes  6.13 Mbits/sec  1.422 ms  0/529 (0%)  
[  6]  24.00-25.00  sec   738 KBytes  6.04 Mbits/sec  1.223 ms  0/522 (0%)  
[  6]  25.00-26.00  sec   741 KBytes  6.07 Mbits/sec  1.560 ms  0/524 (0%)  
[  6]  26.00-27.00  sec   675 KBytes  5.52 Mbits/sec  2.918 ms  14/491 (2.9%)  
[  6]  27.00-28.00  sec   717 KBytes  5.87 Mbits/sec  1.678 ms  15/522 (2.9%)  
[  6]  28.00-29.00  sec   749 KBytes  6.15 Mbits/sec  2.599 ms  0/530 (0%)  
[  6]  29.00-30.00  sec   754 KBytes  6.17 Mbits/sec  1.762 ms  0/533 (0%)  
- - - - - - - - - - - - - - - - - - - - - - - - -
[ ID] Interval           Transfer     Bitrate         Jitter    Lost/Total Datagrams
[SUM]  0.0-30.0 sec  49 datagrams received out-of-order
[  6]   0.00-30.00  sec  21.6 MBytes  6.04 Mbits/sec  1.762 ms  29/15661 (0.19%)  receiver
