-----------------------------------------------------------
Server listening on 1005 (test #1)
-----------------------------------------------------------
Accepted connection from 10.0.0.1, port 43760
[  6] local 10.0.0.5 port 1005 connected to 10.0.0.1 port 44342
[ ID] Interval           Transfer     Bitrate         Jitter    Lost/Total Datagrams
[  6]   0.00-1.00   sec  2.90 MBytes  24.3 Mbits/sec  0.485 ms  0/2100 (0%)  
[  6]   1.00-2.00   sec  2.10 MBytes  17.7 Mbits/sec  9.843 ms  0/1524 (0%)  
[  6]   2.00-3.00   sec  1.46 MBytes  12.2 Mbits/sec  4.309 ms  0/1056 (0%)  
[  6]   3.00-4.00   sec  1.46 MBytes  12.2 Mbits/sec  2.023 ms  0/1056 (0%)  
[  6]   4.00-5.00   sec  1.46 MBytes  12.2 Mbits/sec  1.016 ms  0/1057 (0%)  
[  6]   5.00-6.00   sec  1.45 MBytes  12.2 Mbits/sec  0.781 ms  0/1051 (0%)  
[  6]   6.00-7.00   sec  1.46 MBytes  12.3 Mbits/sec  0.563 ms  0/1059 (0%)  
[  6]   7.00-8.00   sec  1.45 MBytes  12.2 Mbits/sec  0.532 ms  0/1049 (0%)  
[  6]   8.00-9.00   sec  1.35 MBytes  11.3 Mbits/sec  4.003 ms  0/975 (0%)  
[  6]   9.00-10.00  sec  1.41 MBytes  11.8 Mbits/sec  0.478 ms  0/1018 (0%)  
[  6]  10.00-11.00  sec  1.28 MBytes  10.7 Mbits/sec  0.483 ms  0/924 (0%)  
[  6]  11.00-12.00  sec  1.39 MBytes  11.6 Mbits/sec  0.554 ms  0/1003 (0%)  
[  6]  12.00-13.00  sec  1.33 MBytes  11.1 Mbits/sec  0.483 ms  0/962 (0%)  
[  6]  13.00-14.00  sec  1.59 MBytes  13.4 Mbits/sec  0.480 ms  0/1154 (0%)  
[  6]  14.00-15.00  sec  1.68 MBytes  14.1 Mbits/sec  0.646 ms  0/1220 (0%)  
[  6]  15.00-16.00  sec  1.68 MBytes  14.1 Mbits/sec  0.479 ms  0/1214 (0%)  
[  6]  16.00-17.00  sec  1.64 MBytes  13.7 Mbits/sec  2.033 ms  0/1186 (0%)  
[  6]  17.00-18.00  sec  1.72 MBytes  14.4 Mbits/sec  0.479 ms  0/1244 (0%)  
[  6]  18.00-19.00  sec  1.61 MBytes  13.5 Mbits/sec  6.377 ms  0/1168 (0%)  
[  6]  19.00-20.00  sec  1.74 MBytes  14.6 Mbits/sec  0.477 ms  0/1260 (0%)  
[  6]  20.00-21.00  sec  1.61 MBytes  13.5 Mbits/sec  8.251 ms  0/1163 (0%)  
[  6]  21.00-22.00  sec  1.72 MBytes  14.4 Mbits/sec  0.500 ms  0/1244 (0%)  
[  6]  22.00-23.00  sec  1.64 MBytes  13.7 Mbits/sec  0.492 ms  0/1185 (0%)  
[  6]  23.00-24.00  sec  1.69 MBytes  14.2 Mbits/sec  0.590 ms  0/1226 (0%)  
[  6]  24.00-25.00  sec  1.66 MBytes  13.9 Mbits/sec  0.485 ms  0/1203 (0%)  
[  6]  25.00-26.00  sec  1.43 MBytes  12.0 Mbits/sec  0.486 ms  0/1037 (0%)  
[  6]  26.00-27.00  sec  1.21 MBytes  10.1 Mbits/sec  0.760 ms  116/989 (12%)  
[  6]  27.00-28.00  sec   983 KBytes  8.05 Mbits/sec  0.508 ms  48/743 (6.5%)  
[  6]  28.00-29.00  sec  1.12 MBytes  9.37 Mbits/sec  0.508 ms  0/809 (0%)  
[  6]  29.00-30.00  sec  1.11 MBytes  9.33 Mbits/sec  0.486 ms  0/805 (0%)  
- - - - - - - - - - - - - - - - - - - - - - - - -
[ ID] Interval           Transfer     Bitrate         Jitter    Lost/Total Datagrams
[SUM]  0.0-30.0 sec  113 datagrams received out-of-order
[  6]   0.00-30.00  sec  46.3 MBytes  12.9 Mbits/sec  0.486 ms  164/33684 (0.49%)  receiver
