-----------------------------------------------------------
Server listening on 1006 (test #1)
-----------------------------------------------------------
Accepted connection from 10.0.0.1, port 50544
[  6] local 10.0.0.6 port 1006 connected to 10.0.0.1 port 46145
[ ID] Interval           Transfer     Bitrate         Jitter    Lost/Total Datagrams
[  6]   0.00-1.00   sec   185 KBytes  1.52 Mbits/sec  6.567 ms  0/131 (0%)  
[  6]   1.00-2.00   sec   184 KBytes  1.51 Mbits/sec  6.568 ms  0/130 (0%)  
[  6]   2.00-3.00   sec   184 KBytes  1.51 Mbits/sec  44.592 ms  0/130 (0%)  
[  6]   3.00-4.00   sec   184 KBytes  1.51 Mbits/sec  21.699 ms  0/130 (0%)  
[  6]   4.00-5.00   sec   185 KBytes  1.52 Mbits/sec  12.676 ms  0/131 (0%)  
[  6]   5.00-6.00   sec   182 KBytes  1.50 Mbits/sec  9.710 ms  0/129 (0%)  
[  6]   6.00-7.00   sec   185 KBytes  1.52 Mbits/sec  8.408 ms  0/131 (0%)  
[  6]   7.00-8.00   sec   184 KBytes  1.51 Mbits/sec  7.961 ms  0/130 (0%)  
[  6]   8.00-9.00   sec   184 KBytes  1.51 Mbits/sec  7.789 ms  0/130 (0%)  
[  6]   9.00-10.00  sec   182 KBytes  1.49 Mbits/sec  7.731 ms  0/129 (0%)  
[  6]  10.00-11.00  sec   184 KBytes  1.51 Mbits/sec  34.470 ms  0/130 (0%)  
[  6]  11.00-12.00  sec   177 KBytes  1.45 Mbits/sec  22.678 ms  0/125 (0%)  
[  6]  12.00-13.00  sec   130 KBytes  1.06 Mbits/sec  7.975 ms  0/92 (0%)  
[  6]  13.00-14.00  sec  0.00 Bytes  0.00 bits/sec  7.975 ms  0/0 (0%)  
[  6]  14.00-15.00  sec   106 KBytes   869 Kbits/sec  9.076 ms  0/75 (0%)  
[  6]  15.00-16.00  sec   174 KBytes  1.42 Mbits/sec  8.580 ms  0/123 (0%)  
[  6]  16.00-17.00  sec  48.1 KBytes   393 Kbits/sec  7.785 ms  0/34 (0%)  
[  6]  17.00-18.00  sec   157 KBytes  1.29 Mbits/sec  7.783 ms  0/111 (0%)  
[  6]  18.00-19.00  sec  21.2 KBytes   174 Kbits/sec  98.007 ms  0/15 (0%)  
[  6]  19.00-20.00  sec   147 KBytes  1.21 Mbits/sec  7.804 ms  0/104 (0%)  
[  6]  20.00-21.00  sec  58.0 KBytes   475 Kbits/sec  20.718 ms  0/41 (0%)  
[  6]  21.00-22.00  sec   105 KBytes   857 Kbits/sec  7.799 ms  0/74 (0%)  
[  6]  22.00-23.00  sec   100 KBytes   823 Kbits/sec  9.560 ms  0/71 (0%)  
[  6]  23.00-24.00  sec  62.2 KBytes   509 Kbits/sec  7.795 ms  0/44 (0%)  
[  6]  24.00-25.00  sec   143 KBytes  1.17 Mbits/sec  7.955 ms  0/101 (0%)  
[  6]  25.00-26.00  sec  21.2 KBytes   174 Kbits/sec  63.062 ms  0/15 (0%)  
[  6]  26.00-27.00  sec   161 KBytes  1.32 Mbits/sec  7.795 ms  0/114 (0%)  
[  6]  27.00-28.00  sec  0.00 Bytes  0.00 bits/sec  7.795 ms  0/0 (0%)  
[  6]  28.00-29.00  sec  0.00 Bytes  0.00 bits/sec  7.795 ms  0/0 (0%)  
[  6]  29.00-30.00  sec  0.00 Bytes  0.00 bits/sec  7.795 ms  0/0 (0%)  
- - - - - - - - - - - - - - - - - - - - - - - - -
[ ID] Interval           Transfer     Bitrate         Jitter    Lost/Total Datagrams
[  6]   0.00-30.00  sec  3.55 MBytes   992 Kbits/sec  7.795 ms  0/2570 (0%)  receiver
