-----------------------------------------------------------
Server listening on 1007 (test #1)
-----------------------------------------------------------
Accepted connection from 10.0.0.1, port 56048
[  6] local 10.0.0.7 port 1007 connected to 10.0.0.1 port 52467
[ ID] Interval           Transfer     Bitrate         Jitter    Lost/Total Datagrams
[  6]   0.00-1.00   sec   689 KBytes  5.64 Mbits/sec  0.007 ms  0/487 (0%)  
[  6]   1.00-2.00   sec   687 KBytes  5.63 Mbits/sec  0.025 ms  0/486 (0%)  
[  6]   2.00-3.00   sec   686 KBytes  5.62 Mbits/sec  0.004 ms  0/485 (0%)  
[  6]   3.00-4.00   sec   686 KBytes  5.62 Mbits/sec  0.002 ms  0/486 (0%)  
[  6]   4.00-5.00   sec   687 KBytes  5.63 Mbits/sec  0.017 ms  0/486 (0%)  
[  6]   5.00-6.00   sec   687 KBytes  5.63 Mbits/sec  0.027 ms  0/486 (0%)  
[  6]   6.00-7.00   sec   679 KBytes  5.56 Mbits/sec  0.019 ms  0/480 (0%)  
[  6]   7.00-8.00   sec   696 KBytes  5.70 Mbits/sec  0.058 ms  0/492 (0%)  
[  6]   8.00-9.00   sec   687 KBytes  5.63 Mbits/sec  0.023 ms  0/486 (0%)  
[  6]   9.00-10.00  sec   687 KBytes  5.63 Mbits/sec  0.035 ms  0/486 (0%)  
[  6]  10.00-11.00  sec   686 KBytes  5.62 Mbits/sec  0.030 ms  0/485 (0%)  
[  6]  11.00-12.00  sec   689 KBytes  5.64 Mbits/sec  0.022 ms  0/487 (0%)  
[  6]  12.00-13.00  sec   686 KBytes  5.62 Mbits/sec  0.003 ms  0/485 (0%)  
[  6]  13.00-14.00  sec   687 KBytes  5.63 Mbits/sec  0.003 ms  0/486 (0%)  
[  6]  14.00-15.00  sec   687 KBytes  5.63 Mbits/sec  0.013 ms  0/486 (0%)  
[  6]  15.00-16.00  sec   687 KBytes  5.63 Mbits/sec  0.006 ms  0/486 (0%)  
[  6]  16.00-17.00  sec   687 KBytes  5.63 Mbits/sec  0.015 ms  0/486 (0%)  
[  6]  17.00-18.00  sec   687 KBytes  5.63 Mbits/sec  0.008 ms  0/486 (0%)  
[  6]  18.00-19.00  sec   687 KBytes  5.63 Mbits/sec  0.005 ms  0/486 (0%)  
[  6]  19.00-20.00  sec   686 KBytes  5.62 Mbits/sec  0.009 ms  0/485 (0%)  
[  6]  20.00-21.00  sec   689 KBytes  5.64 Mbits/sec  0.003 ms  0/487 (0%)  
[  6]  21.00-22.00  sec   686 KBytes  5.62 Mbits/sec  0.010 ms  0/485 (0%)  
[  6]  22.00-23.00  sec   687 KBytes  5.63 Mbits/sec  0.007 ms  0/486 (0%)  
[  6]  23.00-24.00  sec   687 KBytes  5.63 Mbits/sec  0.021 ms  0/486 (0%)  
[  6]  24.00-25.00  sec   329 KBytes  2.70 Mbits/sec  0.005 ms  0/233 (0%)  
[  6]  25.00-26.00  sec  0.00 Bytes  0.00 bits/sec  0.005 ms  0/0 (0%)  
[  6]  26.00-27.00  sec  0.00 Bytes  0.00 bits/sec  0.005 ms  0/0 (0%)  
[  6]  27.00-28.00  sec  7.07 KBytes  57.9 Kbits/sec  169.962 ms  0/5 (0%)  
[  6]  28.00-29.00  sec  28.3 KBytes   232 Kbits/sec  82.696 ms  0/20 (0%)  
[  6]  29.00-30.00  sec  24.0 KBytes   197 Kbits/sec  64.750 ms  0/17 (0%)  
- - - - - - - - - - - - - - - - - - - - - - - - -
[ ID] Interval           Transfer     Bitrate         Jitter    Lost/Total Datagrams
[  6]   0.00-30.00  sec  16.5 MBytes  4.61 Mbits/sec  64.750 ms  0/11937 (0%)  receiver
