-----------------------------------------------------------
Server listening on 1008 (test #1)
-----------------------------------------------------------
Accepted connection from 10.0.0.1, port 34592
[  6] local 10.0.0.8 port 1008 connected to 10.0.0.1 port 45890
[ ID] Interval           Transfer     Bitrate         Jitter    Lost/Total Datagrams
[  6]   0.00-1.00   sec  1.43 MBytes  12.0 Mbits/sec  0.481 ms  0/1036 (0%)  
[  6]   1.00-2.00   sec  1.44 MBytes  12.0 Mbits/sec  0.481 ms  0/1040 (0%)  
[  6]   2.00-3.00   sec  1.44 MBytes  12.1 Mbits/sec  0.482 ms  0/1043 (0%)  
[  6]   3.00-4.00   sec  1.44 MBytes  12.1 Mbits/sec  0.474 ms  0/1043 (0%)  
[  6]   4.00-5.00   sec  1.44 MBytes  12.0 Mbits/sec  0.482 ms  0/1040 (0%)  
[  6]   5.00-6.00   sec  1.44 MBytes  12.1 Mbits/sec  0.479 ms  0/1043 (0%)  
[  6]   6.00-7.00   sec  1.43 MBytes  12.0 Mbits/sec  0.478 ms  0/1039 (0%)  
[  6]   7.00-8.00   sec  1.42 MBytes  11.9 Mbits/sec  0.488 ms  0/1029 (0%)  
[  6]   8.00-9.00   sec  1.28 MBytes  10.8 Mbits/sec  0.478 ms  0/930 (0%)  
[  6]   9.00-10.00  sec  1.35 MBytes  11.3 Mbits/sec  0.914 ms  0/979 (0%)  
[  6]  10.00-11.00  sec  1.36 MBytes  11.4 Mbits/sec  0.479 ms  0/988 (0%)  
[  6]  11.00-12.00  sec  1.69 MBytes  14.2 Mbits/sec  0.570 ms  0/1223 (0%)  
[  6]  12.00-13.00  sec  1.57 MBytes  13.2 Mbits/sec  0.769 ms  370/1509 (25%)  
[  6]  13.00-14.00  sec  1.68 MBytes  14.1 Mbits/sec  0.483 ms  0/1218 (0%)  
[  6]  14.00-15.00  sec  1.63 MBytes  13.6 Mbits/sec  3.250 ms  0/1178 (0%)  
[  6]  15.00-16.00  sec  1.71 MBytes  14.4 Mbits/sec  0.505 ms  0/1240 (0%)  
[  6]  16.00-17.00  sec  1.62 MBytes  13.5 Mbits/sec  0.479 ms  0/1170 (0%)  
[  6]  17.00-18.00  sec  1.72 MBytes  14.4 Mbits/sec  0.495 ms  0/1247 (0%)  
[  6]  18.00-19.00  sec  1.62 MBytes  13.6 Mbits/sec  0.483 ms  0/1176 (0%)  
[  6]  19.00-20.00  sec  1.71 MBytes  14.4 Mbits/sec  0.522 ms  0/1240 (0%)  
[  6]  20.00-21.00  sec  1.65 MBytes  13.8 Mbits/sec  0.486 ms  0/1193 (0%)  
[  6]  21.00-22.00  sec  1.67 MBytes  14.0 Mbits/sec  0.760 ms  0/1212 (0%)  
[  6]  22.00-23.00  sec  1.68 MBytes  14.1 Mbits/sec  0.479 ms  0/1216 (0%)  
[  6]  23.00-24.00  sec  1.54 MBytes  12.9 Mbits/sec  0.608 ms  0/1115 (0%)  
[  6]  24.00-25.00  sec  1.11 MBytes  9.33 Mbits/sec  0.504 ms  44/849 (5.2%)  
[  6]  25.00-26.00  sec  1.05 MBytes  8.81 Mbits/sec  0.493 ms  47/808 (5.8%)  
[  6]  26.00-27.00  sec  1.16 MBytes  9.74 Mbits/sec  0.567 ms  49/890 (5.5%)  
[  6]  27.00-28.00  sec  1.14 MBytes  9.53 Mbits/sec  0.504 ms  0/822 (0%)  
[  6]  28.00-29.00  sec  1.14 MBytes  9.52 Mbits/sec  0.541 ms  0/822 (0%)  
[  6]  29.00-30.00  sec  1.50 MBytes  12.6 Mbits/sec  0.964 ms  0/1089 (0%)  
[  6]  30.00-30.00  sec  2.83 KBytes  19.7 Mbits/sec  0.904 ms  0/2 (0%)  
- - - - - - - - - - - - - - - - - - - - - - - - -
[ ID] Interval           Transfer     Bitrate         Jitter    Lost/Total Datagrams
[SUM]  0.0-30.0 sec  80 datagrams received out-of-order
[  6]   0.00-30.00  sec  44.1 MBytes  12.3 Mbits/sec  0.904 ms  510/32429 (1.6%)  receiver
