-----------------------------------------------------------
Server listening on 1009 (test #1)
-----------------------------------------------------------
Accepted connection from 10.0.0.1, port 42784
[  6] local 10.0.0.9 port 1009 connected to 10.0.0.1 port 34995
[ ID] Interval           Transfer     Bitrate         Jitter    Lost/Total Datagrams
[  6]   0.00-1.00   sec  8.73 MBytes  73.1 Mbits/sec  0.952 ms  0/6320 (0%)  
[  6]   1.00-2.00   sec  8.71 MBytes  73.0 Mbits/sec  0.182 ms  0/6305 (0%)  
[  6]   2.00-3.00   sec  8.12 MBytes  68.1 Mbits/sec  0.133 ms  0/5878 (0%)  
[  6]   3.00-4.00   sec  7.44 MBytes  62.4 Mbits/sec  0.400 ms  0/5387 (0%)  
[  6]   4.00-5.00   sec  7.47 MBytes  62.6 Mbits/sec  0.126 ms  0/5410 (0%)  
[  6]   5.00-6.00   sec  7.41 MBytes  62.2 Mbits/sec  0.119 ms  0/5368 (0%)  
[  6]   6.00-7.00   sec  7.41 MBytes  62.1 Mbits/sec  0.303 ms  0/5365 (0%)  
[  6]   7.00-8.00   sec  7.30 MBytes  61.3 Mbits/sec  0.120 ms  0/5286 (0%)  
[  6]   8.00-9.00   sec  7.18 MBytes  60.2 Mbits/sec  0.115 ms  0/5198 (0%)  
[  6]   9.00-10.00  sec  7.09 MBytes  59.5 Mbits/sec  0.118 ms  0/5135 (0%)  
[  6]  10.00-11.00  sec  6.85 MBytes  57.5 Mbits/sec  0.115 ms  0/4962 (0%)  
[  6]  11.00-12.00  sec  4.86 MBytes  40.8 Mbits/sec  0.129 ms  0/3522 (0%)  
[  6]  12.00-13.00  sec  1.63 MBytes  13.6 Mbits/sec  0.125 ms  0/1178 (0%)  
[  6]  13.00-14.00  sec  1.66 MBytes  13.9 Mbits/sec  0.123 ms  0/1204 (0%)  
[  6]  14.00-15.00  sec  1.81 MBytes  15.2 Mbits/sec  0.132 ms  0/1314 (0%)  
[  6]  15.00-16.00  sec  1.65 MBytes  13.8 Mbits/sec  0.121 ms  0/1194 (0%)  
[  6]  16.00-17.00  sec  1.81 MBytes  15.2 Mbits/sec  0.126 ms  0/1308 (0%)  
[  6]  17.00-18.00  sec  1.61 MBytes  13.5 Mbits/sec  0.133 ms  0/1164 (0%)  
[  6]  18.00-19.00  sec  1.80 MBytes  15.1 Mbits/sec  0.141 ms  0/1304 (0%)  
[  6]  19.00-20.00  sec  1.64 MBytes  13.8 Mbits/sec  0.120 ms  0/1189 (0%)  
[  6]  20.00-21.00  sec  1.68 MBytes  14.1 Mbits/sec  2.548 ms  0/1216 (0%)  
[  6]  21.00-22.00  sec  1.77 MBytes  14.8 Mbits/sec  0.125 ms  0/1281 (0%)  
[  6]  22.00-23.00  sec  1.63 MBytes  13.7 Mbits/sec  0.120 ms  0/1182 (0%)  
[  6]  23.00-24.00  sec  1.95 MBytes  16.3 Mbits/sec  0.186 ms  0/1410 (0%)  
[  6]  24.00-25.00  sec  1.48 MBytes  12.4 Mbits/sec  4.758 ms  104/1174 (8.9%)  
[  6]  25.00-26.00  sec  1.09 MBytes  9.17 Mbits/sec  0.275 ms  21/812 (2.6%)  
[  6]  26.00-27.00  sec  1.13 MBytes  9.49 Mbits/sec  0.136 ms  0/820 (0%)  
[  6]  27.00-28.00  sec  1.12 MBytes  9.42 Mbits/sec  0.137 ms  0/813 (0%)  
[  6]  28.00-29.00  sec  1.29 MBytes  10.8 Mbits/sec  0.156 ms  0/934 (0%)  
[  6]  29.00-30.00  sec  1.53 MBytes  12.9 Mbits/sec  0.508 ms  0/1111 (0%)  
[  6]  30.00-30.00  sec  1.41 KBytes  46.5 Mbits/sec  0.491 ms  0/1 (0%)  
- - - - - - - - - - - - - - - - - - - - - - - - -
[ ID] Interval           Transfer     Bitrate         Jitter    Lost/Total Datagrams
[  6]   0.00-30.00  sec   117 MBytes  32.7 Mbits/sec  0.491 ms  125/84745 (0.15%)  receiver
