-----------------------------------------------------------
Server listening on 20017 (test #1)
-----------------------------------------------------------
Accepted connection from 10.0.0.20, port 46298
[  6] local 10.0.0.17 port 20017 connected to 10.0.0.20 port 50634
[ ID] Interval           Transfer     Bitrate         Jitter    Lost/Total Datagrams
[  6]   0.00-1.00   sec   153 KBytes  1.25 Mbits/sec  0.005 ms  0/108 (0%)  
[  6]   1.00-2.00   sec   151 KBytes  1.24 Mbits/sec  0.009 ms  0/107 (0%)  
[  6]   2.00-3.00   sec   151 KBytes  1.24 Mbits/sec  0.009 ms  0/107 (0%)  
[  6]   3.00-4.00   sec   151 KBytes  1.24 Mbits/sec  0.021 ms  0/107 (0%)  
[  6]   4.00-5.00   sec   151 KBytes  1.24 Mbits/sec  0.016 ms  0/107 (0%)  
[  6]   5.00-6.00   sec   151 KBytes  1.24 Mbits/sec  0.893 ms  0/107 (0%)  
[  6]   6.00-7.00   sec   153 KBytes  1.25 Mbits/sec  0.673 ms  0/108 (0%)  
[  6]   7.00-8.00   sec   151 KBytes  1.24 Mbits/sec  0.301 ms  0/107 (0%)  
[  6]   8.00-9.00   sec   151 KBytes  1.24 Mbits/sec  0.134 ms  0/107 (0%)  
[  6]   9.00-10.00  sec   151 KBytes  1.24 Mbits/sec  0.056 ms  0/107 (0%)  
[  6]  10.00-11.00  sec   151 KBytes  1.24 Mbits/sec  0.043 ms  0/107 (0%)  
[  6]  11.00-12.00  sec   151 KBytes  1.24 Mbits/sec  0.017 ms  0/107 (0%)  
[  6]  12.00-13.00  sec   151 KBytes  1.24 Mbits/sec  0.023 ms  0/107 (0%)  
[  6]  13.00-14.00  sec   153 KBytes  1.25 Mbits/sec  0.014 ms  0/108 (0%)  
[  6]  14.00-15.00  sec   151 KBytes  1.24 Mbits/sec  0.004 ms  0/107 (0%)  
[  6]  15.00-16.00  sec  80.6 KBytes   660 Kbits/sec  4.145 ms  0/57 (0%)  
[  6]  16.00-17.00  sec   123 KBytes  1.01 Mbits/sec  0.450 ms  19/106 (18%)  
[  6]  17.00-18.00  sec   117 KBytes   962 Kbits/sec  0.404 ms  24/107 (22%)  
[  6]  18.00-19.00  sec   136 KBytes  1.11 Mbits/sec  0.520 ms  12/108 (11%)  
[  6]  19.00-20.00  sec   109 KBytes   892 Kbits/sec  0.424 ms  30/107 (28%)  
[  6]  20.00-21.00  sec   130 KBytes  1.07 Mbits/sec  1.046 ms  13/105 (12%)  
[  6]  21.00-22.00  sec   130 KBytes  1.07 Mbits/sec  1.199 ms  17/109 (16%)  
[  6]  22.00-23.00  sec   130 KBytes  1.07 Mbits/sec  0.476 ms  15/107 (14%)  
[  6]  23.00-24.00  sec   137 KBytes  1.12 Mbits/sec  1.044 ms  9/106 (8.5%)  
[  6]  24.00-25.00  sec   136 KBytes  1.11 Mbits/sec  1.610 ms  12/108 (11%)  
[  6]  25.00-26.00  sec   132 KBytes  1.08 Mbits/sec  0.591 ms  14/107 (13%)  
[  6]  26.00-27.00  sec   158 KBytes  1.30 Mbits/sec  4.361 ms  7/119 (5.9%)  
[  6]  27.00-28.00  sec   153 KBytes  1.25 Mbits/sec  11.314 ms  0/108 (0%)  
[  6]  28.00-29.00  sec  77.8 KBytes   638 Kbits/sec  0.743 ms  40/95 (42%)  
[  6]  29.00-30.00  sec  67.9 KBytes   556 Kbits/sec  0.190 ms  59/107 (55%)  
- - - - - - - - - - - - - - - - - - - - - - - - -
[ ID] Interval           Transfer     Bitrate         Jitter    Lost/Total Datagrams
[SUM]  0.0-30.0 sec  26 datagrams received out-of-order
[  6]   0.00-30.00  sec  4.00 MBytes  1.12 Mbits/sec  0.190 ms  271/3164 (8.6%)  receiver
