-----------------------------------------------------------
Server listening on 20019 (test #1)
-----------------------------------------------------------
Accepted connection from 10.0.0.20, port 47516
[  6] local 10.0.0.19 port 20019 connected to 10.0.0.20 port 49446
[ ID] Interval           Transfer     Bitrate         Jitter    Lost/Total Datagrams
[  6]   0.00-1.00   sec   113 KBytes   926 Kbits/sec  2.855 ms  0/80 (0%)  
[  6]   1.00-2.00   sec   184 KBytes  1.51 Mbits/sec  2.831 ms  0/130 (0%)  
[  6]   2.00-3.00   sec   184 KBytes  1.51 Mbits/sec  2.833 ms  0/130 (0%)  
[  6]   3.00-4.00   sec   184 KBytes  1.51 Mbits/sec  2.833 ms  0/130 (0%)  
[  6]   4.00-5.00   sec   184 KBytes  1.51 Mbits/sec  57.083 ms  0/130 (0%)  
[  6]   5.00-6.00   sec   182 KBytes  1.49 Mbits/sec  29.753 ms  0/129 (0%)  
[  6]   6.00-7.00   sec   184 KBytes  1.51 Mbits/sec  16.067 ms  0/130 (0%)  
[  6]   7.00-8.00   sec   182 KBytes  1.49 Mbits/sec  11.107 ms  0/129 (0%)  
[  6]   8.00-9.00   sec   181 KBytes  1.48 Mbits/sec  9.187 ms  0/128 (0%)  
[  6]   9.00-10.00  sec   180 KBytes  1.47 Mbits/sec  8.389 ms  0/127 (0%)  
[  6]  10.00-11.00  sec   181 KBytes  1.48 Mbits/sec  7.984 ms  0/128 (0%)  
[  6]  11.00-12.00  sec   180 KBytes  1.47 Mbits/sec  7.822 ms  0/127 (0%)  
[  6]  12.00-13.00  sec   181 KBytes  1.48 Mbits/sec  7.741 ms  0/128 (0%)  
[  6]  13.00-14.00  sec   583 KBytes  4.78 Mbits/sec  2.836 ms  0/412 (0%)  
[  6]  14.00-15.00  sec   257 KBytes  2.11 Mbits/sec  0.346 ms  702/884 (79%)  
[  6]  15.00-16.00  sec   245 KBytes  2.00 Mbits/sec  0.390 ms  32/205 (16%)  
[  6]  16.00-17.00  sec   229 KBytes  1.88 Mbits/sec  0.387 ms  45/207 (22%)  
[  6]  17.00-18.00  sec   236 KBytes  1.94 Mbits/sec  0.344 ms  38/205 (19%)  
[  6]  18.00-19.00  sec   262 KBytes  2.14 Mbits/sec  0.564 ms  22/207 (11%)  
[  6]  19.00-20.00  sec   242 KBytes  1.98 Mbits/sec  2.002 ms  34/205 (17%)  
[  6]  20.00-21.00  sec   252 KBytes  2.06 Mbits/sec  0.378 ms  27/205 (13%)  
[  6]  21.00-22.00  sec   259 KBytes  2.12 Mbits/sec  0.543 ms  24/207 (12%)  
[  6]  22.00-23.00  sec   238 KBytes  1.95 Mbits/sec  0.473 ms  38/206 (18%)  
[  6]  23.00-24.00  sec   262 KBytes  2.14 Mbits/sec  0.709 ms  20/205 (9.8%)  
[  6]  24.00-25.00  sec   355 KBytes  2.91 Mbits/sec  333.808 ms  53/304 (17%)  
[  6]  25.00-26.00  sec   253 KBytes  2.08 Mbits/sec  3.771 ms  -39/140 (-28%)  
[  6]  26.00-27.00  sec   158 KBytes  1.30 Mbits/sec  0.206 ms  60/172 (35%)  
[  6]  27.00-28.00  sec   124 KBytes  1.02 Mbits/sec  0.120 ms  119/207 (57%)  
[  6]  28.00-29.00  sec   164 KBytes  1.34 Mbits/sec  0.132 ms  89/205 (43%)  
[  6]  29.00-30.00  sec   153 KBytes  1.25 Mbits/sec  0.117 ms  97/205 (47%)  
[  6]  30.00-30.33  sec  48.1 KBytes  1.18 Mbits/sec  0.121 ms  35/69 (51%)  
- - - - - - - - - - - - - - - - - - - - - - - - -
[ ID] Interval           Transfer     Bitrate         Jitter    Lost/Total Datagrams
[SUM]  0.0-30.3 sec  187 datagrams received out-of-order
[  6]   0.00-30.33  sec  6.46 MBytes  1.79 Mbits/sec  0.121 ms  1396/6076 (23%)  receiver
