-----------------------------------------------------------
Server listening on 20014 (test #1)
-----------------------------------------------------------
Accepted connection from 10.0.0.20, port 57874
[  6] local 10.0.0.14 port 20014 connected to 10.0.0.20 port 49315
[ ID] Interval           Transfer     Bitrate         Jitter    Lost/Total Datagrams
[  6]   0.00-1.00   sec  1.41 KBytes  11.6 Kbits/sec  0.000 ms  0/1 (0%)  
[  6]   1.00-2.00   sec  0.00 Bytes  0.00 bits/sec  0.000 ms  0/0 (0%)  
[  6]   2.00-3.00   sec  0.00 Bytes  0.00 bits/sec  0.000 ms  0/0 (0%)  
[  6]   3.00-4.00   sec  0.00 Bytes  0.00 bits/sec  0.000 ms  0/0 (0%)  
[  6]   4.00-5.00   sec  0.00 Bytes  0.00 bits/sec  0.000 ms  0/0 (0%)  
[  6]   5.00-6.00   sec  0.00 Bytes  0.00 bits/sec  0.000 ms  0/0 (0%)  
[  6]   6.00-7.00   sec  0.00 Bytes  0.00 bits/sec  0.000 ms  0/0 (0%)  
[  6]   7.00-8.00   sec  0.00 Bytes  0.00 bits/sec  0.000 ms  0/0 (0%)  
[  6]   8.00-9.00   sec  0.00 Bytes  0.00 bits/sec  0.000 ms  0/0 (0%)  
[  6]   9.00-10.00  sec  0.00 Bytes  0.00 bits/sec  0.000 ms  0/0 (0%)  
[  6]  10.00-11.00  sec  0.00 Bytes  0.00 bits/sec  0.000 ms  0/0 (0%)  
[  6]  11.00-12.00  sec  0.00 Bytes  0.00 bits/sec  0.000 ms  0/0 (0%)  
[  6]  12.00-13.00  sec  0.00 Bytes  0.00 bits/sec  0.000 ms  0/0 (0%)  
[  6]  13.00-14.00  sec  0.00 Bytes  0.00 bits/sec  0.000 ms  0/0 (0%)  
[  6]  14.00-15.00  sec  0.00 Bytes  0.00 bits/sec  0.000 ms  0/0 (0%)  
[  6]  15.00-16.00  sec  0.00 Bytes  0.00 bits/sec  0.000 ms  0/0 (0%)  
[  6]  16.00-17.00  sec  0.00 Bytes  0.00 bits/sec  0.000 ms  0/0 (0%)  
[  6]  17.00-18.00  sec  0.00 Bytes  0.00 bits/sec  0.000 ms  0/0 (0%)  
[  6]  18.00-19.00  sec  1.41 KBytes  11.6 Kbits/sec  29.696 ms  0/1 (0%)  
[  6]  19.00-20.00  sec  0.00 Bytes  0.00 bits/sec  29.696 ms  0/0 (0%)  
[  6]  20.00-21.00  sec  0.00 Bytes  0.00 bits/sec  29.696 ms  0/0 (0%)  
[  6]  21.00-22.00  sec  0.00 Bytes  0.00 bits/sec  29.696 ms  0/0 (0%)  
[  6]  22.00-23.00  sec  0.00 Bytes  0.00 bits/sec  29.696 ms  0/0 (0%)  
[  6]  23.00-24.00  sec  0.00 Bytes  0.00 bits/sec  29.696 ms  0/0 (0%)  
[  6]  24.00-25.00  sec  0.00 Bytes  0.00 bits/sec  29.696 ms  0/0 (0%)  
[  6]  25.00-26.00  sec  0.00 Bytes  0.00 bits/sec  29.696 ms  0/0 (0%)  
[  6]  26.00-27.00  sec  0.00 Bytes  0.00 bits/sec  29.696 ms  0/0 (0%)  
[  6]  27.00-28.00  sec  0.00 Bytes  0.00 bits/sec  29.696 ms  0/0 (0%)  
[  6]  28.00-29.00  sec  0.00 Bytes  0.00 bits/sec  29.696 ms  0/0 (0%)  
[  6]  29.00-30.00  sec  0.00 Bytes  0.00 bits/sec  29.696 ms  0/0 (0%)  
[  6]  30.00-31.00  sec  0.00 Bytes  0.00 bits/sec  29.696 ms  0/0 (0%)  
[  6]  31.00-32.00  sec  0.00 Bytes  0.00 bits/sec  29.696 ms  0/0 (0%)  
[  6]  32.00-32.13  sec  0.00 Bytes  0.00 bits/sec  29.696 ms  0/0 (0%)  
- - - - - - - - - - - - - - - - - - - - - - - - -
[ ID] Interval           Transfer     Bitrate         Jitter    Lost/Total Datagrams
[  6]   0.00-32.13  sec  2.83 KBytes   721 bits/sec  29.696 ms  0/2 (0%)  receiver
