-----------------------------------------------------------
Server listening on 20012 (test #1)
-----------------------------------------------------------
Accepted connection from 10.0.0.20, port 41870
[  6] local 10.0.0.12 port 20012 connected to 10.0.0.20 port 47739
[ ID] Interval           Transfer     Bitrate         Jitter    Lost/Total Datagrams
[  6]   0.00-1.00   sec   724 KBytes  5.92 Mbits/sec  0.004 ms  0/512 (0%)  
[  6]   1.00-2.00   sec   724 KBytes  5.93 Mbits/sec  0.002 ms  0/512 (0%)  
[  6]   2.00-3.00   sec   723 KBytes  5.92 Mbits/sec  0.002 ms  0/511 (0%)  
[  6]   3.00-4.00   sec   724 KBytes  5.93 Mbits/sec  0.002 ms  0/512 (0%)  
[  6]   4.00-5.00   sec   723 KBytes  5.92 Mbits/sec  0.008 ms  0/511 (0%)  
[  6]   5.00-6.00   sec   724 KBytes  5.93 Mbits/sec  0.005 ms  0/512 (0%)  
[  6]   6.00-7.00   sec   723 KBytes  5.92 Mbits/sec  0.030 ms  0/511 (0%)  
[  6]   7.00-8.00   sec   680 KBytes  5.57 Mbits/sec  0.239 ms  0/481 (0%)  
[  6]   8.00-9.00   sec   670 KBytes  5.49 Mbits/sec  0.163 ms  0/474 (0%)  
[  6]   9.00-10.00  sec   747 KBytes  6.11 Mbits/sec  2.663 ms  0/528 (0%)  
[  6]  10.00-11.00  sec   735 KBytes  6.03 Mbits/sec  1.948 ms  0/520 (0%)  
[  6]  11.00-12.00  sec   717 KBytes  5.88 Mbits/sec  2.316 ms  0/507 (0%)  
[  6]  12.00-13.00  sec   718 KBytes  5.88 Mbits/sec  2.629 ms  0/508 (0%)  
[  6]  13.00-14.00  sec   720 KBytes  5.90 Mbits/sec  2.709 ms  0/509 (0%)  
[  6]  14.00-15.00  sec   720 KBytes  5.90 Mbits/sec  2.734 ms  0/509 (0%)  
[  6]  15.00-16.00  sec   728 KBytes  5.97 Mbits/sec  2.390 ms  0/515 (0%)  
[  6]  16.00-17.00  sec   515 KBytes  4.21 Mbits/sec  0.469 ms  0/364 (0%)  
[  6]  17.00-18.00  sec   570 KBytes  4.67 Mbits/sec  0.372 ms  64/467 (14%)  
[  6]  18.00-19.00  sec   632 KBytes  5.18 Mbits/sec  0.336 ms  65/512 (13%)  
[  6]  19.00-20.00  sec   580 KBytes  4.75 Mbits/sec  0.344 ms  102/512 (20%)  
[  6]  20.00-21.00  sec   618 KBytes  5.07 Mbits/sec  0.236 ms  73/510 (14%)  
[  6]  21.00-22.00  sec   584 KBytes  4.78 Mbits/sec  0.332 ms  102/515 (20%)  
[  6]  22.00-23.00  sec   443 KBytes  3.62 Mbits/sec  0.259 ms  117/430 (27%)  
[  6]  23.00-24.00  sec   611 KBytes  5.00 Mbits/sec  0.460 ms  160/592 (27%)  
[  6]  24.00-25.00  sec   496 KBytes  4.07 Mbits/sec  0.485 ms  160/511 (31%)  
[  6]  25.00-26.00  sec   505 KBytes  4.14 Mbits/sec  0.182 ms  99/456 (22%)  
[  6]  26.00-27.00  sec   561 KBytes  4.60 Mbits/sec  0.353 ms  172/569 (30%)  
[  6]  27.00-28.00  sec   585 KBytes  4.80 Mbits/sec  0.769 ms  116/530 (22%)  
[  6]  28.00-29.00  sec   822 KBytes  6.72 Mbits/sec  1.362 ms  0/581 (0%)  
[  6]  29.00-30.00  sec   407 KBytes  3.34 Mbits/sec  0.093 ms  132/420 (31%)  
[  6]  30.00-30.00  sec  1.41 KBytes  11.0 Mbits/sec  0.090 ms  0/1 (0%)  
- - - - - - - - - - - - - - - - - - - - - - - - -
[ ID] Interval           Transfer     Bitrate         Jitter    Lost/Total Datagrams
[SUM]  0.0-30.0 sec  120 datagrams received out-of-order
[  6]   0.00-30.00  sec  19.0 MBytes  5.31 Mbits/sec  0.090 ms  1362/15102 (9%)  receiver
