-----------------------------------------------------------
Server listening on 20001 (test #1)
-----------------------------------------------------------
Accepted connection from 10.0.0.20, port 51566
[  6] local 10.0.0.1 port 20001 connected to 10.0.0.20 port 53967
[ ID] Interval           Transfer     Bitrate         Jitter    Lost/Total Datagrams
[  6]   0.00-1.00   sec  4.24 KBytes  34.7 Kbits/sec  0.003 ms  0/3 (0%)  
[  6]   1.00-2.00   sec  4.24 KBytes  34.8 Kbits/sec  0.016 ms  0/3 (0%)  
[  6]   2.00-3.00   sec  4.24 KBytes  34.8 Kbits/sec  0.023 ms  0/3 (0%)  
[  6]   3.00-4.00   sec  4.24 KBytes  34.8 Kbits/sec  0.051 ms  0/3 (0%)  
[  6]   4.00-5.00   sec  4.24 KBytes  34.8 Kbits/sec  0.086 ms  0/3 (0%)  
[  6]   5.00-6.00   sec  4.24 KBytes  34.8 Kbits/sec  0.092 ms  0/3 (0%)  
[  6]   6.00-7.00   sec  4.24 KBytes  34.7 Kbits/sec  0.082 ms  0/3 (0%)  
[  6]   7.00-8.00   sec  4.24 KBytes  34.8 Kbits/sec  0.083 ms  0/3 (0%)  
[  6]   8.00-9.00   sec  2.83 KBytes  23.2 Kbits/sec  0.080 ms  0/2 (0%)  
[  6]   9.00-10.00  sec  4.24 KBytes  34.7 Kbits/sec  0.075 ms  0/3 (0%)  
[  6]  10.00-11.00  sec  4.24 KBytes  34.8 Kbits/sec  0.072 ms  0/3 (0%)  
[  6]  11.00-12.00  sec  4.24 KBytes  34.8 Kbits/sec  0.065 ms  0/3 (0%)  
[  6]  12.00-13.00  sec  4.24 KBytes  34.8 Kbits/sec  0.059 ms  0/3 (0%)  
[  6]  13.00-14.00  sec  4.24 KBytes  34.8 Kbits/sec  0.059 ms  0/3 (0%)  
[  6]  14.00-15.00  sec  4.24 KBytes  34.8 Kbits/sec  0.054 ms  0/3 (0%)  
[  6]  15.00-16.00  sec  4.24 KBytes  34.7 Kbits/sec  0.124 ms  0/3 (0%)  
[  6]  16.00-17.00  sec  4.24 KBytes  34.8 Kbits/sec  0.112 ms  0/3 (0%)  
[  6]  17.00-18.00  sec  2.83 KBytes  23.2 Kbits/sec  0.100 ms  0/2 (0%)  
[  6]  18.00-19.00  sec  4.24 KBytes  34.7 Kbits/sec  0.093 ms  0/3 (0%)  
[  6]  19.00-20.00  sec  4.24 KBytes  34.8 Kbits/sec  7.595 ms  0/3 (0%)  
[  6]  20.00-21.00  sec  1.41 KBytes  11.6 Kbits/sec  24.676 ms  0/1 (0%)  
[  6]  21.00-22.00  sec  4.24 KBytes  34.8 Kbits/sec  24.459 ms  1/4 (25%)  
[  6]  22.00-23.00  sec  2.83 KBytes  23.2 Kbits/sec  21.608 ms  1/3 (33%)  
[  6]  23.00-24.00  sec  1.41 KBytes  11.6 Kbits/sec  20.301 ms  1/2 (50%)  
[  6]  24.00-25.00  sec  1.41 KBytes  11.6 Kbits/sec  19.196 ms  1/2 (50%)  
[  6]  25.00-26.00  sec  2.83 KBytes  23.2 Kbits/sec  19.540 ms  2/4 (50%)  
[  6]  26.00-27.00  sec  2.83 KBytes  23.2 Kbits/sec  17.439 ms  1/3 (33%)  
[  6]  27.00-28.00  sec  4.24 KBytes  34.7 Kbits/sec  15.183 ms  0/3 (0%)  
[  6]  28.00-29.00  sec  4.24 KBytes  34.8 Kbits/sec  13.235 ms  0/3 (0%)  
[  6]  29.00-30.00  sec  4.24 KBytes  34.8 Kbits/sec  11.594 ms  0/3 (0%)  
- - - - - - - - - - - - - - - - - - - - - - - - -
[ ID] Interval           Transfer     Bitrate         Jitter    Lost/Total Datagrams
[  6]   0.00-30.00  sec   112 KBytes  30.5 Kbits/sec  11.594 ms  7/86 (8.1%)  receiver
