-----------------------------------------------------------
Server listening on 20011 (test #1)
-----------------------------------------------------------
Accepted connection from 10.0.0.20, port 59300
[  6] local 10.0.0.11 port 20011 connected to 10.0.0.20 port 38281
[ ID] Interval           Transfer     Bitrate         Jitter    Lost/Total Datagrams
[  6]   0.00-1.00   sec  45.2 KBytes   370 Kbits/sec  0.028 ms  0/32 (0%)  
[  6]   1.00-2.00   sec  45.2 KBytes   371 Kbits/sec  0.025 ms  0/32 (0%)  
[  6]   2.00-3.00   sec  45.2 KBytes   371 Kbits/sec  0.023 ms  0/32 (0%)  
[  6]   3.00-4.00   sec  45.2 KBytes   371 Kbits/sec  1.057 ms  0/32 (0%)  
[  6]   4.00-5.00   sec  45.2 KBytes   371 Kbits/sec  0.153 ms  0/32 (0%)  
[  6]   5.00-6.00   sec  45.2 KBytes   371 Kbits/sec  0.048 ms  0/32 (0%)  
[  6]   6.00-7.00   sec  45.2 KBytes   371 Kbits/sec  0.017 ms  0/32 (0%)  
[  6]   7.00-8.00   sec  45.2 KBytes   371 Kbits/sec  0.025 ms  0/32 (0%)  
[  6]   8.00-9.00   sec  45.2 KBytes   371 Kbits/sec  0.180 ms  0/32 (0%)  
[  6]   9.00-10.00  sec  45.2 KBytes   371 Kbits/sec  0.432 ms  0/32 (0%)  
[  6]  10.00-11.00  sec  45.2 KBytes   371 Kbits/sec  0.082 ms  0/32 (0%)  
[  6]  11.00-12.00  sec  45.2 KBytes   370 Kbits/sec  0.158 ms  0/32 (0%)  
[  6]  12.00-13.00  sec  45.2 KBytes   371 Kbits/sec  0.115 ms  0/32 (0%)  
[  6]  13.00-14.00  sec  45.2 KBytes   371 Kbits/sec  0.055 ms  0/32 (0%)  
[  6]  14.00-15.00  sec  45.2 KBytes   370 Kbits/sec  0.024 ms  0/32 (0%)  
[  6]  15.00-16.00  sec  45.2 KBytes   371 Kbits/sec  0.753 ms  0/32 (0%)  
[  6]  16.00-17.00  sec  32.5 KBytes   266 Kbits/sec  16.770 ms  0/23 (0%)  
[  6]  17.00-18.00  sec  29.7 KBytes   243 Kbits/sec  11.679 ms  3/24 (12%)  
[  6]  18.00-19.00  sec  35.4 KBytes   290 Kbits/sec  2.728 ms  8/33 (24%)  
[  6]  19.00-20.00  sec  39.6 KBytes   324 Kbits/sec  1.110 ms  4/32 (12%)  
[  6]  20.00-21.00  sec  29.7 KBytes   243 Kbits/sec  0.931 ms  11/32 (34%)  
[  6]  21.00-22.00  sec  38.2 KBytes   313 Kbits/sec  0.908 ms  5/32 (16%)  
[  6]  22.00-23.00  sec  39.6 KBytes   324 Kbits/sec  2.952 ms  4/32 (12%)  
[  6]  23.00-24.00  sec  36.8 KBytes   301 Kbits/sec  1.889 ms  5/31 (16%)  
[  6]  24.00-25.00  sec  36.8 KBytes   301 Kbits/sec  2.325 ms  6/32 (19%)  
[  6]  25.00-26.00  sec  41.0 KBytes   336 Kbits/sec  2.701 ms  4/33 (12%)  
[  6]  26.00-27.00  sec  41.0 KBytes   336 Kbits/sec  1.845 ms  3/32 (9.4%)  
[  6]  27.00-28.00  sec  38.2 KBytes   313 Kbits/sec  4.326 ms  6/33 (18%)  
[  6]  28.00-29.00  sec  60.8 KBytes   498 Kbits/sec  50.278 ms  0/43 (0%)  
[  6]  29.00-30.00  sec  25.5 KBytes   209 Kbits/sec  28.982 ms  1/19 (5.3%)  
- - - - - - - - - - - - - - - - - - - - - - - - -
[ ID] Interval           Transfer     Bitrate         Jitter    Lost/Total Datagrams
[SUM]  0.0-30.0 sec  7 datagrams received out-of-order
[  6]   0.00-30.00  sec  1.22 MBytes   341 Kbits/sec  28.982 ms  60/943 (6.4%)  receiver
