-----------------------------------------------------------
Server listening on 20013 (test #1)
-----------------------------------------------------------
Accepted connection from 10.0.0.20, port 50694
[  6] local 10.0.0.13 port 20013 connected to 10.0.0.20 port 49307
[ ID] Interval           Transfer     Bitrate         Jitter    Lost/Total Datagrams
[  6]   0.00-1.00   sec   205 KBytes  1.68 Mbits/sec  0.008 ms  0/145 (0%)  
[  6]   1.00-2.00   sec   304 KBytes  2.49 Mbits/sec  0.002 ms  0/215 (0%)  
[  6]   2.00-3.00   sec   304 KBytes  2.49 Mbits/sec  0.017 ms  0/215 (0%)  
[  6]   3.00-4.00   sec   304 KBytes  2.49 Mbits/sec  0.014 ms  0/215 (0%)  
[  6]   4.00-5.00   sec   304 KBytes  2.49 Mbits/sec  0.009 ms  0/215 (0%)  
[  6]   5.00-6.00   sec   305 KBytes  2.50 Mbits/sec  0.078 ms  0/216 (0%)  
[  6]   6.00-7.00   sec   304 KBytes  2.49 Mbits/sec  0.033 ms  0/215 (0%)  
[  6]   7.00-8.00   sec   304 KBytes  2.49 Mbits/sec  0.018 ms  0/215 (0%)  
[  6]   8.00-9.00   sec   304 KBytes  2.49 Mbits/sec  0.024 ms  0/215 (0%)  
[  6]   9.00-10.00  sec   304 KBytes  2.49 Mbits/sec  0.017 ms  0/215 (0%)  
[  6]  10.00-11.00  sec   304 KBytes  2.49 Mbits/sec  0.010 ms  0/215 (0%)  
[  6]  11.00-12.00  sec   304 KBytes  2.49 Mbits/sec  0.025 ms  0/215 (0%)  
[  6]  12.00-13.00  sec   305 KBytes  2.50 Mbits/sec  0.600 ms  0/216 (0%)  
[  6]  13.00-14.00  sec   304 KBytes  2.49 Mbits/sec  0.151 ms  0/215 (0%)  
[  6]  14.00-15.00  sec   242 KBytes  1.98 Mbits/sec  5.658 ms  0/171 (0%)  
[  6]  15.00-16.00  sec   202 KBytes  1.66 Mbits/sec  0.938 ms  14/157 (8.9%)  
[  6]  16.00-17.00  sec   267 KBytes  2.19 Mbits/sec  0.365 ms  24/213 (11%)  
[  6]  17.00-18.00  sec   246 KBytes  2.02 Mbits/sec  0.419 ms  43/217 (20%)  
[  6]  18.00-19.00  sec   249 KBytes  2.04 Mbits/sec  0.371 ms  39/215 (18%)  
[  6]  19.00-20.00  sec   262 KBytes  2.14 Mbits/sec  0.392 ms  31/216 (14%)  
[  6]  20.00-21.00  sec   262 KBytes  2.14 Mbits/sec  0.945 ms  33/218 (15%)  
[  6]  21.00-22.00  sec   260 KBytes  2.13 Mbits/sec  0.406 ms  27/211 (13%)  
[  6]  22.00-23.00  sec   267 KBytes  2.19 Mbits/sec  0.640 ms  27/216 (12%)  
[  6]  23.00-24.00  sec   252 KBytes  2.06 Mbits/sec  0.329 ms  37/215 (17%)  
[  6]  24.00-25.00  sec   276 KBytes  2.26 Mbits/sec  0.731 ms  20/215 (9.3%)  
[  6]  25.00-26.00  sec   253 KBytes  2.07 Mbits/sec  2.408 ms  37/216 (17%)  
[  6]  26.00-27.00  sec   403 KBytes  3.30 Mbits/sec  104.459 ms  27/312 (8.7%)  
[  6]  27.00-28.00  sec   201 KBytes  1.64 Mbits/sec  3.456 ms  -25/117 (-21%)  
[  6]  28.00-29.00  sec   167 KBytes  1.37 Mbits/sec  0.147 ms  96/214 (45%)  
[  6]  29.00-30.00  sec   156 KBytes  1.27 Mbits/sec  0.205 ms  104/214 (49%)  
[  6]  30.00-30.33  sec  45.2 KBytes  1.12 Mbits/sec  0.130 ms  42/74 (57%)  
- - - - - - - - - - - - - - - - - - - - - - - - -
[ ID] Interval           Transfer     Bitrate         Jitter    Lost/Total Datagrams
[SUM]  0.0-30.3 sec  60 datagrams received out-of-order
[  6]   0.00-30.33  sec  7.98 MBytes  2.21 Mbits/sec  0.130 ms  576/6353 (9.1%)  receiver
