-----------------------------------------------------------
Server listening on 20002 (test #1)
-----------------------------------------------------------
Accepted connection from 10.0.0.20, port 56670
[  6] local 10.0.0.2 port 20002 connected to 10.0.0.20 port 53618
[ ID] Interval           Transfer     Bitrate         Jitter    Lost/Total Datagrams
[  6]   0.00-1.00   sec   287 KBytes  2.35 Mbits/sec  0.011 ms  0/203 (0%)  
[  6]   1.00-2.00   sec   287 KBytes  2.35 Mbits/sec  0.010 ms  0/203 (0%)  
[  6]   2.00-3.00   sec   286 KBytes  2.34 Mbits/sec  0.013 ms  0/202 (0%)  
[  6]   3.00-4.00   sec   286 KBytes  2.34 Mbits/sec  0.019 ms  0/202 (0%)  
[  6]   4.00-5.00   sec   287 KBytes  2.35 Mbits/sec  0.009 ms  0/203 (0%)  
[  6]   5.00-6.00   sec   286 KBytes  2.34 Mbits/sec  0.013 ms  0/202 (0%)  
[  6]   6.00-7.00   sec   287 KBytes  2.35 Mbits/sec  0.004 ms  0/203 (0%)  
[  6]   7.00-8.00   sec   287 KBytes  2.35 Mbits/sec  0.017 ms  0/203 (0%)  
[  6]   8.00-9.00   sec   286 KBytes  2.34 Mbits/sec  0.015 ms  0/202 (0%)  
[  6]   9.00-10.00  sec   286 KBytes  2.34 Mbits/sec  0.011 ms  0/202 (0%)  
[  6]  10.00-11.00  sec   287 KBytes  2.35 Mbits/sec  0.015 ms  0/203 (0%)  
[  6]  11.00-12.00  sec   287 KBytes  2.35 Mbits/sec  0.021 ms  0/203 (0%)  
[  6]  12.00-13.00  sec   286 KBytes  2.34 Mbits/sec  0.024 ms  0/202 (0%)  
[  6]  13.00-14.00  sec   287 KBytes  2.35 Mbits/sec  0.794 ms  0/203 (0%)  
[  6]  14.00-15.00  sec   286 KBytes  2.34 Mbits/sec  0.269 ms  0/202 (0%)  
[  6]  15.00-16.00  sec   286 KBytes  2.34 Mbits/sec  0.102 ms  0/202 (0%)  
[  6]  16.00-17.00  sec   287 KBytes  2.35 Mbits/sec  0.032 ms  0/203 (0%)  
[  6]  17.00-18.00  sec   286 KBytes  2.34 Mbits/sec  0.031 ms  0/202 (0%)  
[  6]  18.00-19.00  sec   287 KBytes  2.35 Mbits/sec  0.034 ms  0/203 (0%)  
[  6]  19.00-20.00  sec   180 KBytes  1.47 Mbits/sec  5.364 ms  0/127 (0%)  
[  6]  20.00-21.00  sec   232 KBytes  1.90 Mbits/sec  0.482 ms  18/182 (9.9%)  
[  6]  21.00-22.00  sec   229 KBytes  1.88 Mbits/sec  0.546 ms  40/202 (20%)  
[  6]  22.00-23.00  sec   230 KBytes  1.89 Mbits/sec  0.335 ms  37/200 (18%)  
[  6]  23.00-24.00  sec   250 KBytes  2.05 Mbits/sec  0.328 ms  28/205 (14%)  
[  6]  24.00-25.00  sec   232 KBytes  1.90 Mbits/sec  0.794 ms  42/206 (20%)  
[  6]  25.00-26.00  sec   239 KBytes  1.96 Mbits/sec  0.605 ms  30/199 (15%)  
[  6]  26.00-27.00  sec   257 KBytes  2.11 Mbits/sec  0.634 ms  21/203 (10%)  
[  6]  27.00-28.00  sec   236 KBytes  1.93 Mbits/sec  0.344 ms  34/201 (17%)  
[  6]  28.00-29.00  sec   260 KBytes  2.13 Mbits/sec  0.485 ms  19/203 (9.4%)  
[  6]  29.00-30.00  sec   245 KBytes  2.00 Mbits/sec  1.252 ms  30/203 (15%)  
[  6]  30.00-30.00  sec  1.41 KBytes  10.6 Mbits/sec  1.184 ms  0/1 (0%)  
- - - - - - - - - - - - - - - - - - - - - - - - -
[ ID] Interval           Transfer     Bitrate         Jitter    Lost/Total Datagrams
[  6]   0.00-30.00  sec  7.85 MBytes  2.19 Mbits/sec  1.184 ms  299/5980 (5%)  receiver
