-----------------------------------------------------------
Server listening on 20004 (test #1)
-----------------------------------------------------------
Accepted connection from 10.0.0.20, port 38788
[  6] local 10.0.0.4 port 20004 connected to 10.0.0.20 port 51215
[ ID] Interval           Transfer     Bitrate         Jitter    Lost/Total Datagrams
[  6]   0.00-1.00   sec  1.36 MBytes  11.4 Mbits/sec  0.002 ms  0/982 (0%)  
[  6]   1.00-2.00   sec  1.35 MBytes  11.4 Mbits/sec  0.049 ms  0/980 (0%)  
[  6]   2.00-3.00   sec  1.35 MBytes  11.4 Mbits/sec  0.020 ms  0/980 (0%)  
[  6]   3.00-4.00   sec  1.35 MBytes  11.4 Mbits/sec  0.012 ms  0/981 (0%)  
[  6]   4.00-5.00   sec  1.35 MBytes  11.4 Mbits/sec  0.008 ms  0/980 (0%)  
[  6]   5.00-6.00   sec  1.35 MBytes  11.4 Mbits/sec  0.003 ms  0/981 (0%)  
[  6]   6.00-7.00   sec  1.35 MBytes  11.4 Mbits/sec  0.012 ms  0/980 (0%)  
[  6]   7.00-8.00   sec  1.35 MBytes  11.4 Mbits/sec  0.032 ms  0/981 (0%)  
[  6]   8.00-9.00   sec  1.35 MBytes  11.4 Mbits/sec  0.006 ms  0/980 (0%)  
[  6]   9.00-10.00  sec  1.35 MBytes  11.4 Mbits/sec  0.006 ms  0/981 (0%)  
[  6]  10.00-11.00  sec  1.35 MBytes  11.3 Mbits/sec  0.005 ms  0/979 (0%)  
[  6]  11.00-12.00  sec  1.36 MBytes  11.4 Mbits/sec  0.017 ms  0/982 (0%)  
[  6]  12.00-13.00  sec  1.35 MBytes  11.4 Mbits/sec  0.030 ms  0/980 (0%)  
[  6]  13.00-14.00  sec  1.35 MBytes  11.4 Mbits/sec  0.029 ms  0/981 (0%)  
[  6]  14.00-15.00  sec  1.35 MBytes  11.4 Mbits/sec  0.139 ms  0/980 (0%)  
[  6]  15.00-16.00  sec  1.35 MBytes  11.4 Mbits/sec  0.022 ms  0/980 (0%)  
[  6]  16.00-17.00  sec  1.35 MBytes  11.4 Mbits/sec  0.007 ms  0/981 (0%)  
[  6]  17.00-18.00  sec  1.35 MBytes  11.4 Mbits/sec  0.003 ms  0/980 (0%)  
[  6]  18.00-19.00  sec   998 KBytes  8.18 Mbits/sec  0.713 ms  0/706 (0%)  
[  6]  19.00-20.00  sec   578 KBytes  4.74 Mbits/sec  0.249 ms  190/599 (32%)  
[  6]  20.00-21.00  sec   578 KBytes  4.74 Mbits/sec  0.234 ms  761/1170 (65%)  
[  6]  21.00-22.00  sec   389 KBytes  3.19 Mbits/sec  0.247 ms  411/686 (60%)  
[  6]  22.00-23.00  sec   645 KBytes  5.28 Mbits/sec  0.327 ms  758/1214 (62%)  
[  6]  23.00-24.00  sec   460 KBytes  3.76 Mbits/sec  0.342 ms  716/1041 (69%)  
[  6]  24.00-25.00  sec   508 KBytes  4.16 Mbits/sec  0.321 ms  400/759 (53%)  
[  6]  25.00-26.00  sec   632 KBytes  5.18 Mbits/sec  0.227 ms  755/1202 (63%)  
[  6]  26.00-27.00  sec   385 KBytes  3.15 Mbits/sec  5.164 ms  709/981 (72%)  
[  6]  27.00-28.00  sec   595 KBytes  4.88 Mbits/sec  0.307 ms  420/841 (50%)  
[  6]  28.00-29.00  sec   513 KBytes  4.21 Mbits/sec  0.296 ms  756/1119 (68%)  
[  6]  29.00-30.00  sec   454 KBytes  3.72 Mbits/sec  0.329 ms  376/697 (54%)  
- - - - - - - - - - - - - - - - - - - - - - - - -
[ ID] Interval           Transfer     Bitrate         Jitter    Lost/Total Datagrams
[  6]   0.00-30.00  sec  30.9 MBytes  8.65 Mbits/sec  0.329 ms  6252/28664 (22%)  receiver
