-----------------------------------------------------------
Server listening on 20005 (test #1)
-----------------------------------------------------------
Accepted connection from 10.0.0.20, port 39158
[  6] local 10.0.0.5 port 20005 connected to 10.0.0.20 port 59087
[ ID] Interval           Transfer     Bitrate         Jitter    Lost/Total Datagrams
[  6]   0.00-1.00   sec   297 KBytes  2.43 Mbits/sec  0.023 ms  0/210 (0%)  
[  6]   1.00-2.00   sec   297 KBytes  2.43 Mbits/sec  0.017 ms  0/210 (0%)  
[  6]   2.00-3.00   sec   297 KBytes  2.43 Mbits/sec  0.065 ms  0/210 (0%)  
[  6]   3.00-4.00   sec   297 KBytes  2.43 Mbits/sec  0.018 ms  0/210 (0%)  
[  6]   4.00-5.00   sec   297 KBytes  2.43 Mbits/sec  0.019 ms  0/210 (0%)  
[  6]   5.00-6.00   sec   297 KBytes  2.43 Mbits/sec  0.020 ms  0/210 (0%)  
[  6]   6.00-7.00   sec   296 KBytes  2.42 Mbits/sec  0.007 ms  0/209 (0%)  
[  6]   7.00-8.00   sec   297 KBytes  2.43 Mbits/sec  0.005 ms  0/210 (0%)  
[  6]   8.00-9.00   sec   297 KBytes  2.43 Mbits/sec  0.016 ms  0/210 (0%)  
[  6]   9.00-10.00  sec   297 KBytes  2.43 Mbits/sec  0.033 ms  0/210 (0%)  
[  6]  10.00-11.00  sec   297 KBytes  2.43 Mbits/sec  0.863 ms  0/210 (0%)  
[  6]  11.00-12.00  sec   296 KBytes  2.42 Mbits/sec  0.194 ms  0/209 (0%)  
[  6]  12.00-13.00  sec   297 KBytes  2.43 Mbits/sec  0.053 ms  0/210 (0%)  
[  6]  13.00-14.00  sec   297 KBytes  2.43 Mbits/sec  0.035 ms  0/210 (0%)  
[  6]  14.00-15.00  sec   297 KBytes  2.43 Mbits/sec  0.011 ms  0/210 (0%)  
[  6]  15.00-16.00  sec   297 KBytes  2.43 Mbits/sec  0.012 ms  0/210 (0%)  
[  6]  16.00-17.00  sec   297 KBytes  2.43 Mbits/sec  0.015 ms  0/210 (0%)  
[  6]  17.00-18.00  sec   296 KBytes  2.42 Mbits/sec  0.004 ms  0/209 (0%)  
[  6]  18.00-19.00  sec   181 KBytes  1.48 Mbits/sec  0.956 ms  0/128 (0%)  
[  6]  19.00-20.00  sec   192 KBytes  1.58 Mbits/sec  0.160 ms  56/192 (29%)  
[  6]  20.00-21.00  sec   274 KBytes  2.25 Mbits/sec  0.425 ms  15/209 (7.2%)  
[  6]  21.00-22.00  sec   225 KBytes  1.84 Mbits/sec  0.373 ms  52/211 (25%)  
[  6]  22.00-23.00  sec   236 KBytes  1.94 Mbits/sec  0.194 ms  42/209 (20%)  
[  6]  23.00-24.00  sec   239 KBytes  1.96 Mbits/sec  0.712 ms  42/211 (20%)  
[  6]  24.00-25.00  sec   260 KBytes  2.13 Mbits/sec  0.756 ms  28/212 (13%)  
[  6]  25.00-26.00  sec   283 KBytes  2.32 Mbits/sec  0.413 ms  7/207 (3.4%)  
[  6]  26.00-27.00  sec   260 KBytes  2.13 Mbits/sec  0.754 ms  26/210 (12%)  
[  6]  27.00-28.00  sec   269 KBytes  2.20 Mbits/sec  0.302 ms  18/208 (8.7%)  
[  6]  28.00-29.00  sec   280 KBytes  2.29 Mbits/sec  0.497 ms  14/212 (6.6%)  
[  6]  29.00-30.00  sec   280 KBytes  2.29 Mbits/sec  2.845 ms  19/217 (8.8%)  
- - - - - - - - - - - - - - - - - - - - - - - - -
[ ID] Interval           Transfer     Bitrate         Jitter    Lost/Total Datagrams
[  6]   0.00-30.00  sec  8.13 MBytes  2.27 Mbits/sec  2.845 ms  319/6203 (5.1%)  receiver
