-----------------------------------------------------------
Server listening on 20007 (test #1)
-----------------------------------------------------------
Accepted connection from 10.0.0.20, port 47258
[  6] local 10.0.0.7 port 20007 connected to 10.0.0.20 port 43027
[ ID] Interval           Transfer     Bitrate         Jitter    Lost/Total Datagrams
[  6]   0.00-1.00   sec  38.2 KBytes   313 Kbits/sec  0.014 ms  0/27 (0%)  
[  6]   1.00-2.00   sec  36.8 KBytes   301 Kbits/sec  0.024 ms  0/26 (0%)  
[  6]   2.00-3.00   sec  38.2 KBytes   313 Kbits/sec  0.020 ms  0/27 (0%)  
[  6]   3.00-4.00   sec  36.8 KBytes   301 Kbits/sec  0.266 ms  0/26 (0%)  
[  6]   4.00-5.00   sec  38.2 KBytes   313 Kbits/sec  0.054 ms  0/27 (0%)  
[  6]   5.00-6.00   sec  36.8 KBytes   301 Kbits/sec  0.019 ms  0/26 (0%)  
[  6]   6.00-7.00   sec  38.2 KBytes   313 Kbits/sec  0.027 ms  0/27 (0%)  
[  6]   7.00-8.00   sec  36.8 KBytes   301 Kbits/sec  0.009 ms  0/26 (0%)  
[  6]   8.00-9.00   sec  38.2 KBytes   313 Kbits/sec  0.595 ms  0/27 (0%)  
[  6]   9.00-10.00  sec  36.8 KBytes   301 Kbits/sec  0.122 ms  0/26 (0%)  
[  6]  10.00-11.00  sec  36.8 KBytes   301 Kbits/sec  0.185 ms  0/26 (0%)  
[  6]  11.00-12.00  sec  38.2 KBytes   313 Kbits/sec  0.724 ms  0/27 (0%)  
[  6]  12.00-13.00  sec  36.8 KBytes   301 Kbits/sec  0.270 ms  0/26 (0%)  
[  6]  13.00-14.00  sec  38.2 KBytes   313 Kbits/sec  0.062 ms  0/27 (0%)  
[  6]  14.00-15.00  sec  36.8 KBytes   301 Kbits/sec  0.024 ms  0/26 (0%)  
[  6]  15.00-16.00  sec  38.2 KBytes   313 Kbits/sec  0.025 ms  0/27 (0%)  
[  6]  16.00-17.00  sec  36.8 KBytes   301 Kbits/sec  0.014 ms  0/26 (0%)  
[  6]  17.00-18.00  sec  29.7 KBytes   243 Kbits/sec  6.333 ms  0/21 (0%)  
[  6]  18.00-19.00  sec  25.5 KBytes   209 Kbits/sec  14.812 ms  1/19 (5.3%)  
[  6]  19.00-20.00  sec  35.4 KBytes   289 Kbits/sec  3.881 ms  2/27 (7.4%)  
[  6]  20.00-21.00  sec  25.5 KBytes   209 Kbits/sec  1.695 ms  8/26 (31%)  
[  6]  21.00-22.00  sec  28.3 KBytes   232 Kbits/sec  1.110 ms  7/27 (26%)  
[  6]  22.00-23.00  sec  29.7 KBytes   243 Kbits/sec  0.684 ms  5/26 (19%)  
[  6]  23.00-24.00  sec  32.5 KBytes   266 Kbits/sec  1.947 ms  4/27 (15%)  
[  6]  24.00-25.00  sec  31.1 KBytes   255 Kbits/sec  2.352 ms  2/24 (8.3%)  
[  6]  25.00-26.00  sec  36.8 KBytes   301 Kbits/sec  2.754 ms  3/29 (10%)  
[  6]  26.00-27.00  sec  26.9 KBytes   220 Kbits/sec  2.096 ms  3/22 (14%)  
[  6]  27.00-28.00  sec  35.4 KBytes   290 Kbits/sec  2.629 ms  6/31 (19%)  
[  6]  28.00-29.00  sec  28.3 KBytes   232 Kbits/sec  3.167 ms  6/26 (23%)  
[  6]  29.00-30.00  sec  52.3 KBytes   429 Kbits/sec  100.213 ms  2/39 (5.1%)  
- - - - - - - - - - - - - - - - - - - - - - - - -
[ ID] Interval           Transfer     Bitrate         Jitter    Lost/Total Datagrams
[SUM]  0.0-30.0 sec  7 datagrams received out-of-order
[  6]   0.00-30.00  sec  1.03 MBytes   288 Kbits/sec  100.213 ms  49/794 (6.2%)  receiver
