-----------------------------------------------------------
Server listening on 20008 (test #1)
-----------------------------------------------------------
Accepted connection from 10.0.0.20, port 52232
[  6] local 10.0.0.8 port 20008 connected to 10.0.0.20 port 51104
[ ID] Interval           Transfer     Bitrate         Jitter    Lost/Total Datagrams
[  6]   0.00-1.00   sec  25.5 KBytes   208 Kbits/sec  0.027 ms  0/18 (0%)  
[  6]   1.00-2.00   sec  24.0 KBytes   197 Kbits/sec  0.036 ms  0/17 (0%)  
[  6]   2.00-3.00   sec  24.0 KBytes   197 Kbits/sec  0.076 ms  0/17 (0%)  
[  6]   3.00-4.00   sec  24.0 KBytes   197 Kbits/sec  0.075 ms  0/17 (0%)  
[  6]   4.00-5.00   sec  24.0 KBytes   197 Kbits/sec  0.091 ms  0/17 (0%)  
[  6]   5.00-6.00   sec  24.0 KBytes   197 Kbits/sec  0.061 ms  0/17 (0%)  
[  6]   6.00-7.00   sec  24.0 KBytes   197 Kbits/sec  0.034 ms  0/17 (0%)  
[  6]   7.00-8.00   sec  24.0 KBytes   197 Kbits/sec  0.028 ms  0/17 (0%)  
[  6]   8.00-9.00   sec  25.5 KBytes   208 Kbits/sec  0.020 ms  0/18 (0%)  
[  6]   9.00-10.00  sec  24.0 KBytes   197 Kbits/sec  0.026 ms  0/17 (0%)  
[  6]  10.00-11.00  sec  24.0 KBytes   197 Kbits/sec  0.128 ms  0/17 (0%)  
[  6]  11.00-12.00  sec  24.0 KBytes   197 Kbits/sec  0.408 ms  0/17 (0%)  
[  6]  12.00-13.00  sec  24.0 KBytes   197 Kbits/sec  0.167 ms  0/17 (0%)  
[  6]  13.00-14.00  sec  24.0 KBytes   197 Kbits/sec  0.074 ms  0/17 (0%)  
[  6]  14.00-15.00  sec  24.0 KBytes   197 Kbits/sec  0.041 ms  0/17 (0%)  
[  6]  15.00-16.00  sec  24.0 KBytes   197 Kbits/sec  0.022 ms  0/17 (0%)  
[  6]  16.00-17.00  sec  24.0 KBytes   197 Kbits/sec  0.015 ms  0/17 (0%)  
[  6]  17.00-18.00  sec  15.6 KBytes   127 Kbits/sec  20.151 ms  0/11 (0%)  
[  6]  18.00-19.00  sec  21.2 KBytes   174 Kbits/sec  13.165 ms  0/15 (0%)  
[  6]  19.00-20.00  sec  19.8 KBytes   162 Kbits/sec  5.713 ms  4/18 (22%)  
[  6]  20.00-21.00  sec  21.2 KBytes   174 Kbits/sec  2.539 ms  2/17 (12%)  
[  6]  21.00-22.00  sec  19.8 KBytes   162 Kbits/sec  1.405 ms  3/17 (18%)  
[  6]  22.00-23.00  sec  18.4 KBytes   151 Kbits/sec  1.803 ms  4/17 (24%)  
[  6]  23.00-24.00  sec  19.8 KBytes   162 Kbits/sec  3.727 ms  3/17 (18%)  
[  6]  24.00-25.00  sec  19.8 KBytes   162 Kbits/sec  3.900 ms  3/17 (18%)  
[  6]  25.00-26.00  sec  18.4 KBytes   150 Kbits/sec  2.751 ms  4/17 (24%)  
[  6]  26.00-27.00  sec  19.8 KBytes   162 Kbits/sec  3.903 ms  3/17 (18%)  
[  6]  27.00-28.00  sec  19.8 KBytes   162 Kbits/sec  3.807 ms  3/17 (18%)  
[  6]  28.00-29.00  sec  19.8 KBytes   162 Kbits/sec  7.799 ms  4/18 (22%)  
[  6]  29.00-30.00  sec  31.1 KBytes   255 Kbits/sec  65.865 ms  0/22 (0%)  
[  6]  30.00-30.35  sec  4.24 KBytes   100 Kbits/sec  62.771 ms  0/3 (0%)  
- - - - - - - - - - - - - - - - - - - - - - - - -
[ ID] Interval           Transfer     Bitrate         Jitter    Lost/Total Datagrams
[SUM]  0.0-30.3 sec  3 datagrams received out-of-order
[  6]   0.00-30.35  sec   680 KBytes   184 Kbits/sec  62.771 ms  33/514 (6.4%)  receiver
