-----------------------------------------------------------
Server listening on 20009 (test #1)
-----------------------------------------------------------
Accepted connection from 10.0.0.20, port 50176
[  6] local 10.0.0.9 port 20009 connected to 10.0.0.20 port 45051
[ ID] Interval           Transfer     Bitrate         Jitter    Lost/Total Datagrams
[  6]   0.00-1.00   sec   699 KBytes  5.72 Mbits/sec  0.017 ms  0/494 (0%)  
[  6]   1.00-2.00   sec   697 KBytes  5.71 Mbits/sec  0.007 ms  0/493 (0%)  
[  6]   2.00-3.00   sec   697 KBytes  5.71 Mbits/sec  0.014 ms  0/493 (0%)  
[  6]   3.00-4.00   sec   696 KBytes  5.70 Mbits/sec  0.005 ms  0/492 (0%)  
[  6]   4.00-5.00   sec   697 KBytes  5.71 Mbits/sec  0.012 ms  0/493 (0%)  
[  6]   5.00-6.00   sec   697 KBytes  5.71 Mbits/sec  0.004 ms  0/493 (0%)  
[  6]   6.00-7.00   sec   697 KBytes  5.71 Mbits/sec  0.003 ms  0/493 (0%)  
[  6]   7.00-8.00   sec   694 KBytes  5.69 Mbits/sec  0.007 ms  0/491 (0%)  
[  6]   8.00-9.00   sec   699 KBytes  5.73 Mbits/sec  0.059 ms  0/494 (0%)  
[  6]   9.00-10.00  sec   697 KBytes  5.71 Mbits/sec  0.012 ms  0/493 (0%)  
[  6]  10.00-11.00  sec   697 KBytes  5.71 Mbits/sec  0.004 ms  0/493 (0%)  
[  6]  11.00-12.00  sec   697 KBytes  5.71 Mbits/sec  0.009 ms  0/493 (0%)  
[  6]  12.00-13.00  sec   697 KBytes  5.71 Mbits/sec  0.015 ms  0/493 (0%)  
[  6]  13.00-14.00  sec   696 KBytes  5.70 Mbits/sec  0.013 ms  0/492 (0%)  
[  6]  14.00-15.00  sec   699 KBytes  5.72 Mbits/sec  0.004 ms  0/494 (0%)  
[  6]  15.00-16.00  sec   697 KBytes  5.71 Mbits/sec  0.015 ms  0/493 (0%)  
[  6]  16.00-17.00  sec   696 KBytes  5.70 Mbits/sec  0.003 ms  0/492 (0%)  
[  6]  17.00-18.00  sec   383 KBytes  3.14 Mbits/sec  0.832 ms  0/271 (0%)  
[  6]  18.00-19.00  sec   566 KBytes  4.64 Mbits/sec  0.529 ms  81/481 (17%)  
[  6]  19.00-20.00  sec   580 KBytes  4.75 Mbits/sec  0.255 ms  82/492 (17%)  
[  6]  20.00-21.00  sec   605 KBytes  4.96 Mbits/sec  0.530 ms  66/494 (13%)  
[  6]  21.00-22.00  sec   549 KBytes  4.49 Mbits/sec  0.346 ms  105/493 (21%)  
[  6]  22.00-23.00  sec   634 KBytes  5.19 Mbits/sec  0.282 ms  43/491 (8.8%)  
[  6]  23.00-24.00  sec   618 KBytes  5.06 Mbits/sec  0.349 ms  58/495 (12%)  
[  6]  24.00-25.00  sec   595 KBytes  4.88 Mbits/sec  0.331 ms  72/493 (15%)  
[  6]  25.00-26.00  sec   642 KBytes  5.26 Mbits/sec  0.659 ms  37/491 (7.5%)  
[  6]  26.00-27.00  sec   605 KBytes  4.96 Mbits/sec  0.754 ms  66/494 (13%)  
[  6]  27.00-28.00  sec   609 KBytes  4.99 Mbits/sec  0.282 ms  54/485 (11%)  
[  6]  28.00-29.00  sec   544 KBytes  4.46 Mbits/sec  3.651 ms  13/398 (3.3%)  
[  6]  29.00-30.00  sec   754 KBytes  6.17 Mbits/sec  0.486 ms  0/533 (0%)  
[  6]  30.00-31.00  sec   165 KBytes  1.36 Mbits/sec  0.491 ms  0/117 (0%)  
[  6]  31.00-32.00  sec  0.00 Bytes  0.00 bits/sec  0.491 ms  0/0 (0%)  
[  6]  32.00-32.16  sec  0.00 Bytes  0.00 bits/sec  0.491 ms  0/0 (0%)  
- - - - - - - - - - - - - - - - - - - - - - - - -
[ ID] Interval           Transfer     Bitrate         Jitter    Lost/Total Datagrams
[SUM]  0.0-32.2 sec  1 datagrams received out-of-order
[  6]   0.00-32.16  sec  19.2 MBytes  5.02 Mbits/sec  0.491 ms  677/14607 (4.6%)  receiver
