-----------------------------------------------------------
Server listening on 21019 (test #1)
-----------------------------------------------------------
Accepted connection from 10.0.0.21, port 34894
[  6] local 10.0.0.19 port 21019 connected to 10.0.0.21 port 58942
[ ID] Interval           Transfer     Bitrate         Jitter    Lost/Total Datagrams
[  6]   0.00-1.00   sec  14.1 KBytes   116 Kbits/sec  0.009 ms  0/10 (0%)  
[  6]   1.00-2.00   sec  14.1 KBytes   116 Kbits/sec  0.011 ms  0/10 (0%)  
[  6]   2.00-3.00   sec  14.1 KBytes   116 Kbits/sec  0.012 ms  0/10 (0%)  
[  6]   3.00-4.00   sec  14.1 KBytes   116 Kbits/sec  0.023 ms  0/10 (0%)  
[  6]   4.00-5.00   sec  11.3 KBytes  92.7 Kbits/sec  14.367 ms  0/8 (0%)  
[  6]   5.00-6.00   sec  2.83 KBytes  23.2 Kbits/sec  43.188 ms  0/2 (0%)  
[  6]   6.00-7.00   sec  4.24 KBytes  34.8 Kbits/sec  80.006 ms  0/3 (0%)  
[  6]   7.00-8.00   sec  14.1 KBytes   116 Kbits/sec  77.898 ms  0/10 (0%)  
[  6]   8.00-9.00   sec  2.83 KBytes  23.2 Kbits/sec  74.196 ms  0/2 (0%)  
[  6]   9.00-10.00  sec  22.6 KBytes   185 Kbits/sec  74.985 ms  0/16 (0%)  
[  6]  10.00-11.00  sec  5.66 KBytes  46.3 Kbits/sec  110.252 ms  0/4 (0%)  
[  6]  11.00-12.00  sec  18.4 KBytes   151 Kbits/sec  73.085 ms  0/13 (0%)  
[  6]  12.00-13.00  sec  9.90 KBytes  81.1 Kbits/sec  96.392 ms  0/7 (0%)  
[  6]  13.00-14.00  sec  15.6 KBytes   127 Kbits/sec  70.421 ms  0/11 (0%)  
[  6]  14.00-15.00  sec  12.7 KBytes   104 Kbits/sec  88.982 ms  0/9 (0%)  
[  6]  15.00-16.00  sec  46.7 KBytes   382 Kbits/sec  82.719 ms  0/33 (0%)  
[  6]  16.00-17.00  sec  14.1 KBytes   116 Kbits/sec  43.423 ms  0/10 (0%)  
[  6]  17.00-18.00  sec  14.1 KBytes   116 Kbits/sec  22.786 ms  0/10 (0%)  
[  6]  18.00-19.00  sec  14.1 KBytes   116 Kbits/sec  11.961 ms  0/10 (0%)  
[  6]  19.00-20.00  sec  14.1 KBytes   116 Kbits/sec  6.293 ms  0/10 (0%)  
[  6]  20.00-21.00  sec  14.1 KBytes   116 Kbits/sec  3.316 ms  0/10 (0%)  
[  6]  21.00-22.00  sec  12.7 KBytes   104 Kbits/sec  1.860 ms  0/9 (0%)  
[  6]  22.00-23.00  sec  14.1 KBytes   116 Kbits/sec  0.978 ms  0/10 (0%)  
[  6]  23.00-24.00  sec  14.1 KBytes   116 Kbits/sec  0.536 ms  0/10 (0%)  
[  6]  24.00-25.00  sec  14.1 KBytes   116 Kbits/sec  0.300 ms  0/10 (0%)  
[  6]  25.00-26.00  sec  14.1 KBytes   116 Kbits/sec  0.168 ms  0/10 (0%)  
[  6]  26.00-27.00  sec  14.1 KBytes   116 Kbits/sec  0.096 ms  0/10 (0%)  
[  6]  27.00-28.00  sec  14.1 KBytes   116 Kbits/sec  0.059 ms  0/10 (0%)  
[  6]  28.00-29.00  sec  12.7 KBytes   104 Kbits/sec  0.041 ms  0/9 (0%)  
[  6]  29.00-30.00  sec  14.1 KBytes   116 Kbits/sec  0.027 ms  0/10 (0%)  
- - - - - - - - - - - - - - - - - - - - - - - - -
[ ID] Interval           Transfer     Bitrate         Jitter    Lost/Total Datagrams
[  6]   0.00-30.00  sec   419 KBytes   114 Kbits/sec  0.027 ms  0/296 (0%)  receiver
