-----------------------------------------------------------
Server listening on 21015 (test #1)
-----------------------------------------------------------
Accepted connection from 10.0.0.21, port 50724
[  6] local 10.0.0.15 port 21015 connected to 10.0.0.21 port 47515
[ ID] Interval           Transfer     Bitrate         Jitter    Lost/Total Datagrams
[  6]   0.00-1.00   sec  5.66 KBytes  46.3 Kbits/sec  0.005 ms  0/4 (0%)  
[  6]   1.00-2.00   sec  2.83 KBytes  23.2 Kbits/sec  0.014 ms  0/2 (0%)  
[  6]   2.00-3.00   sec  5.66 KBytes  46.3 Kbits/sec  1.747 ms  0/4 (0%)  
[  6]   3.00-4.00   sec  4.24 KBytes  34.8 Kbits/sec  2.829 ms  0/3 (0%)  
[  6]   4.00-5.00   sec  4.24 KBytes  34.7 Kbits/sec  3.296 ms  0/3 (0%)  
[  6]   5.00-6.00   sec  4.24 KBytes  34.8 Kbits/sec  3.381 ms  0/3 (0%)  
[  6]   6.00-7.00   sec  4.24 KBytes  34.7 Kbits/sec  3.239 ms  0/3 (0%)  
[  6]   7.00-8.00   sec  4.24 KBytes  34.8 Kbits/sec  2.897 ms  0/3 (0%)  
[  6]   8.00-9.00   sec  4.24 KBytes  34.7 Kbits/sec  6.038 ms  0/3 (0%)  
[  6]   9.00-10.00  sec  4.24 KBytes  34.8 Kbits/sec  4.976 ms  0/3 (0%)  
[  6]  10.00-11.00  sec  4.24 KBytes  34.7 Kbits/sec  4.100 ms  0/3 (0%)  
[  6]  11.00-12.00  sec  4.24 KBytes  34.7 Kbits/sec  3.379 ms  0/3 (0%)  
[  6]  12.00-13.00  sec  4.24 KBytes  34.8 Kbits/sec  2.789 ms  0/3 (0%)  
[  6]  13.00-14.00  sec  4.24 KBytes  34.8 Kbits/sec  2.302 ms  0/3 (0%)  
[  6]  14.00-15.00  sec  4.24 KBytes  34.8 Kbits/sec  1.897 ms  0/3 (0%)  
[  6]  15.00-16.00  sec  4.24 KBytes  34.8 Kbits/sec  1.565 ms  0/3 (0%)  
[  6]  16.00-17.00  sec  4.24 KBytes  34.7 Kbits/sec  1.302 ms  0/3 (0%)  
[  6]  17.00-18.00  sec  4.24 KBytes  34.8 Kbits/sec  1.074 ms  0/3 (0%)  
[  6]  18.00-19.00  sec  4.24 KBytes  34.8 Kbits/sec  0.885 ms  0/3 (0%)  
[  6]  19.00-20.00  sec  4.24 KBytes  34.7 Kbits/sec  0.752 ms  0/3 (0%)  
[  6]  20.00-21.00  sec  4.24 KBytes  34.7 Kbits/sec  0.639 ms  0/3 (0%)  
[  6]  21.00-22.00  sec  4.24 KBytes  34.7 Kbits/sec  0.533 ms  0/3 (0%)  
[  6]  22.00-23.00  sec  4.24 KBytes  34.8 Kbits/sec  0.444 ms  0/3 (0%)  
[  6]  23.00-24.00  sec  4.24 KBytes  34.8 Kbits/sec  0.369 ms  0/3 (0%)  
[  6]  24.00-25.00  sec  4.24 KBytes  34.8 Kbits/sec  0.305 ms  0/3 (0%)  
[  6]  25.00-26.00  sec  4.24 KBytes  34.7 Kbits/sec  0.256 ms  0/3 (0%)  
[  6]  26.00-27.00  sec  4.24 KBytes  34.8 Kbits/sec  0.215 ms  0/3 (0%)  
[  6]  27.00-28.00  sec  4.24 KBytes  34.8 Kbits/sec  0.178 ms  0/3 (0%)  
[  6]  28.00-29.00  sec  4.24 KBytes  34.8 Kbits/sec  0.154 ms  0/3 (0%)  
[  6]  29.00-30.00  sec  4.24 KBytes  34.8 Kbits/sec  0.134 ms  0/3 (0%)  
[  6]  30.00-30.48  sec  0.00 Bytes  0.00 bits/sec  0.134 ms  0/0 (0%)  
- - - - - - - - - - - - - - - - - - - - - - - - -
[ ID] Interval           Transfer     Bitrate         Jitter    Lost/Total Datagrams
[  6]   0.00-30.48  sec   129 KBytes  34.6 Kbits/sec  0.134 ms  0/91 (0%)  receiver
