-----------------------------------------------------------
Server listening on 21016 (test #1)
-----------------------------------------------------------
Accepted connection from 10.0.0.21, port 56124
[  6] local 10.0.0.16 port 21016 connected to 10.0.0.21 port 45264
[ ID] Interval           Transfer     Bitrate         Jitter    Lost/Total Datagrams
[  6]   0.00-1.00   sec  35.4 KBytes   289 Kbits/sec  2.856 ms  0/25 (0%)  
[  6]   1.00-2.00   sec  33.9 KBytes   278 Kbits/sec  4.652 ms  0/24 (0%)  
[  6]   2.00-3.00   sec  35.4 KBytes   290 Kbits/sec  3.925 ms  0/25 (0%)  
[  6]   3.00-4.00   sec  33.9 KBytes   278 Kbits/sec  4.536 ms  0/24 (0%)  
[  6]   4.00-5.00   sec  35.4 KBytes   290 Kbits/sec  5.007 ms  0/25 (0%)  
[  6]   5.00-6.00   sec  33.9 KBytes   278 Kbits/sec  3.242 ms  0/24 (0%)  
[  6]   6.00-7.00   sec  35.4 KBytes   290 Kbits/sec  4.716 ms  0/25 (0%)  
[  6]   7.00-8.00   sec  33.9 KBytes   278 Kbits/sec  3.206 ms  0/24 (0%)  
[  6]   8.00-9.00   sec  35.4 KBytes   290 Kbits/sec  2.060 ms  0/25 (0%)  
[  6]   9.00-10.00  sec  33.9 KBytes   278 Kbits/sec  0.460 ms  0/24 (0%)  
[  6]  10.00-11.00  sec  35.4 KBytes   290 Kbits/sec  0.121 ms  0/25 (0%)  
[  6]  11.00-12.00  sec  33.9 KBytes   278 Kbits/sec  0.044 ms  0/24 (0%)  
[  6]  12.00-13.00  sec  35.4 KBytes   290 Kbits/sec  0.025 ms  0/25 (0%)  
[  6]  13.00-14.00  sec  33.9 KBytes   278 Kbits/sec  0.026 ms  0/24 (0%)  
[  6]  14.00-15.00  sec  35.4 KBytes   290 Kbits/sec  0.032 ms  0/25 (0%)  
[  6]  15.00-16.00  sec  33.9 KBytes   278 Kbits/sec  0.043 ms  0/24 (0%)  
[  6]  16.00-17.00  sec  35.4 KBytes   289 Kbits/sec  0.031 ms  0/25 (0%)  
[  6]  17.00-18.00  sec  33.9 KBytes   278 Kbits/sec  0.032 ms  0/24 (0%)  
[  6]  18.00-19.00  sec  35.4 KBytes   290 Kbits/sec  0.046 ms  0/25 (0%)  
[  6]  19.00-20.00  sec  33.9 KBytes   278 Kbits/sec  0.028 ms  0/24 (0%)  
[  6]  20.00-21.00  sec  35.4 KBytes   290 Kbits/sec  0.044 ms  0/25 (0%)  
[  6]  21.00-22.00  sec  33.9 KBytes   278 Kbits/sec  0.445 ms  0/24 (0%)  
[  6]  22.00-23.00  sec  35.4 KBytes   289 Kbits/sec  0.113 ms  0/25 (0%)  
[  6]  23.00-24.00  sec  33.9 KBytes   278 Kbits/sec  0.319 ms  0/24 (0%)  
[  6]  24.00-25.00  sec  35.4 KBytes   289 Kbits/sec  0.844 ms  0/25 (0%)  
[  6]  25.00-26.00  sec  33.9 KBytes   278 Kbits/sec  0.196 ms  0/24 (0%)  
[  6]  26.00-27.00  sec  35.4 KBytes   290 Kbits/sec  0.045 ms  0/25 (0%)  
[  6]  27.00-28.00  sec  33.9 KBytes   278 Kbits/sec  0.032 ms  0/24 (0%)  
[  6]  28.00-29.00  sec  35.4 KBytes   290 Kbits/sec  0.034 ms  0/25 (0%)  
[  6]  29.00-30.00  sec  33.9 KBytes   278 Kbits/sec  0.022 ms  0/24 (0%)  
- - - - - - - - - - - - - - - - - - - - - - - - -
[ ID] Interval           Transfer     Bitrate         Jitter    Lost/Total Datagrams
[  6]   0.00-30.00  sec  1.01 MBytes   284 Kbits/sec  0.022 ms  0/735 (0%)  receiver
