-----------------------------------------------------------
Server listening on 21012 (test #1)
-----------------------------------------------------------
Accepted connection from 10.0.0.21, port 57152
[  6] local 10.0.0.12 port 21012 connected to 10.0.0.21 port 37833
[ ID] Interval           Transfer     Bitrate         Jitter    Lost/Total Datagrams
[  6]   0.00-1.00   sec  2.17 MBytes  18.2 Mbits/sec  0.204 ms  0/1573 (0%)  
[  6]   1.00-2.00   sec  2.14 MBytes  18.0 Mbits/sec  0.188 ms  0/1552 (0%)  
[  6]   2.00-3.00   sec  2.17 MBytes  18.2 Mbits/sec  0.530 ms  0/1574 (0%)  
[  6]   3.00-4.00   sec  2.18 MBytes  18.3 Mbits/sec  0.786 ms  0/1576 (0%)  
[  6]   4.00-5.00   sec  2.10 MBytes  17.7 Mbits/sec  0.597 ms  0/1523 (0%)  
[  6]   5.00-6.00   sec  2.09 MBytes  17.6 Mbits/sec  0.529 ms  0/1517 (0%)  
[  6]   6.00-7.00   sec  2.09 MBytes  17.6 Mbits/sec  0.515 ms  0/1516 (0%)  
[  6]   7.00-8.00   sec  2.09 MBytes  17.6 Mbits/sec  0.525 ms  0/1516 (0%)  
[  6]   8.00-9.00   sec  2.02 MBytes  17.0 Mbits/sec  0.554 ms  0/1466 (0%)  
[  6]   9.00-10.00  sec  4.05 MBytes  34.0 Mbits/sec  0.013 ms  0/2932 (0%)  
[  6]  10.00-11.00  sec  2.31 MBytes  19.4 Mbits/sec  0.005 ms  0/1674 (0%)  
[  6]  11.00-12.00  sec  2.31 MBytes  19.4 Mbits/sec  0.018 ms  0/1673 (0%)  
[  6]  12.00-13.00  sec  2.31 MBytes  19.4 Mbits/sec  0.011 ms  0/1676 (0%)  
[  6]  13.00-14.00  sec  2.31 MBytes  19.4 Mbits/sec  0.011 ms  0/1675 (0%)  
[  6]  14.00-15.00  sec  2.31 MBytes  19.4 Mbits/sec  0.005 ms  0/1674 (0%)  
[  6]  15.00-16.00  sec  2.31 MBytes  19.4 Mbits/sec  0.003 ms  0/1673 (0%)  
[  6]  16.00-17.00  sec  2.31 MBytes  19.4 Mbits/sec  0.006 ms  0/1675 (0%)  
[  6]  17.00-18.00  sec  2.31 MBytes  19.4 Mbits/sec  0.010 ms  0/1675 (0%)  
[  6]  18.00-19.00  sec  2.31 MBytes  19.4 Mbits/sec  0.007 ms  0/1673 (0%)  
[  6]  19.00-20.00  sec  2.31 MBytes  19.4 Mbits/sec  0.010 ms  0/1676 (0%)  
[  6]  20.00-21.00  sec  2.31 MBytes  19.4 Mbits/sec  0.008 ms  0/1673 (0%)  
[  6]  21.00-22.00  sec  2.31 MBytes  19.4 Mbits/sec  0.009 ms  0/1676 (0%)  
[  6]  22.00-23.00  sec  2.31 MBytes  19.4 Mbits/sec  0.022 ms  0/1674 (0%)  
[  6]  23.00-24.00  sec  2.31 MBytes  19.4 Mbits/sec  0.003 ms  0/1674 (0%)  
[  6]  24.00-25.00  sec  2.31 MBytes  19.4 Mbits/sec  0.010 ms  0/1675 (0%)  
[  6]  25.00-26.00  sec  2.31 MBytes  19.4 Mbits/sec  0.013 ms  0/1674 (0%)  
[  6]  26.00-27.00  sec  2.31 MBytes  19.4 Mbits/sec  0.018 ms  0/1674 (0%)  
[  6]  27.00-28.00  sec  2.31 MBytes  19.4 Mbits/sec  0.001 ms  0/1675 (0%)  
[  6]  28.00-29.00  sec  2.31 MBytes  19.4 Mbits/sec  0.001 ms  0/1674 (0%)  
[  6]  29.00-30.00  sec  2.31 MBytes  19.4 Mbits/sec  0.005 ms  0/1675 (0%)  
- - - - - - - - - - - - - - - - - - - - - - - - -
[ ID] Interval           Transfer     Bitrate         Jitter    Lost/Total Datagrams
[SUM]  0.0-30.0 sec  114 datagrams received out-of-order
[  6]   0.00-30.00  sec  69.4 MBytes  19.4 Mbits/sec  0.005 ms  0/50233 (0%)  receiver
