-----------------------------------------------------------
Server listening on 21018 (test #1)
-----------------------------------------------------------
Accepted connection from 10.0.0.21, port 32838
[  6] local 10.0.0.18 port 21018 connected to 10.0.0.21 port 35873
[ ID] Interval           Transfer     Bitrate         Jitter    Lost/Total Datagrams
[  6]   0.00-1.00   sec   501 KBytes  4.10 Mbits/sec  0.013 ms  0/354 (0%)  
[  6]   1.00-2.00   sec   501 KBytes  4.10 Mbits/sec  0.009 ms  0/354 (0%)  
[  6]   2.00-3.00   sec   501 KBytes  4.10 Mbits/sec  0.001 ms  0/354 (0%)  
[  6]   3.00-4.00   sec   499 KBytes  4.09 Mbits/sec  0.003 ms  0/353 (0%)  
[  6]   4.00-5.00   sec   501 KBytes  4.10 Mbits/sec  0.002 ms  0/354 (0%)  
[  6]   5.00-6.00   sec   499 KBytes  4.09 Mbits/sec  0.003 ms  0/353 (0%)  
[  6]   6.00-7.00   sec   501 KBytes  4.10 Mbits/sec  0.009 ms  0/354 (0%)  
[  6]   7.00-8.00   sec   501 KBytes  4.10 Mbits/sec  0.012 ms  0/354 (0%)  
[  6]   8.00-9.00   sec   501 KBytes  4.10 Mbits/sec  0.030 ms  0/354 (0%)  
[  6]   9.00-10.00  sec   499 KBytes  4.09 Mbits/sec  0.023 ms  0/353 (0%)  
[  6]  10.00-11.00  sec   501 KBytes  4.10 Mbits/sec  0.016 ms  0/354 (0%)  
[  6]  11.00-12.00  sec   501 KBytes  4.10 Mbits/sec  0.021 ms  0/354 (0%)  
[  6]  12.00-13.00  sec   499 KBytes  4.09 Mbits/sec  0.025 ms  0/353 (0%)  
[  6]  13.00-14.00  sec   501 KBytes  4.10 Mbits/sec  0.023 ms  0/354 (0%)  
[  6]  14.00-15.00  sec   499 KBytes  4.09 Mbits/sec  0.029 ms  0/353 (0%)  
[  6]  15.00-16.00  sec   501 KBytes  4.10 Mbits/sec  0.034 ms  0/354 (0%)  
[  6]  16.00-17.00  sec   501 KBytes  4.10 Mbits/sec  0.025 ms  0/354 (0%)  
[  6]  17.00-18.00  sec   501 KBytes  4.10 Mbits/sec  0.033 ms  0/354 (0%)  
[  6]  18.00-19.00  sec   499 KBytes  4.09 Mbits/sec  0.009 ms  0/353 (0%)  
[  6]  19.00-20.00  sec   501 KBytes  4.10 Mbits/sec  0.035 ms  0/354 (0%)  
[  6]  20.00-21.00  sec   501 KBytes  4.10 Mbits/sec  0.044 ms  0/354 (0%)  
[  6]  21.00-22.00  sec   499 KBytes  4.09 Mbits/sec  0.026 ms  0/353 (0%)  
[  6]  22.00-23.00  sec   501 KBytes  4.10 Mbits/sec  0.019 ms  0/354 (0%)  
[  6]  23.00-24.00  sec   495 KBytes  4.06 Mbits/sec  0.878 ms  0/350 (0%)  
[  6]  24.00-25.00  sec   505 KBytes  4.13 Mbits/sec  0.020 ms  0/357 (0%)  
[  6]  25.00-26.00  sec   501 KBytes  4.10 Mbits/sec  0.035 ms  0/354 (0%)  
[  6]  26.00-27.00  sec   501 KBytes  4.10 Mbits/sec  0.015 ms  0/354 (0%)  
[  6]  27.00-28.00  sec   499 KBytes  4.09 Mbits/sec  0.009 ms  0/353 (0%)  
[  6]  28.00-29.00  sec   501 KBytes  4.10 Mbits/sec  0.019 ms  0/354 (0%)  
[  6]  29.00-30.00  sec   499 KBytes  4.09 Mbits/sec  0.012 ms  0/353 (0%)  
[  6]  30.00-30.00  sec  1.41 KBytes  8.63 Mbits/sec  0.011 ms  0/1 (0%)  
- - - - - - - - - - - - - - - - - - - - - - - - -
[ ID] Interval           Transfer     Bitrate         Jitter    Lost/Total Datagrams
[  6]   0.00-30.00  sec  14.7 MBytes  4.10 Mbits/sec  0.011 ms  0/10611 (0%)  receiver
