-----------------------------------------------------------
Server listening on 21017 (test #1)
-----------------------------------------------------------
Accepted connection from 10.0.0.21, port 42296
[  6] local 10.0.0.17 port 21017 connected to 10.0.0.21 port 34417
[ ID] Interval           Transfer     Bitrate         Jitter    Lost/Total Datagrams
[  6]   0.00-1.00   sec   320 KBytes  2.62 Mbits/sec  1.078 ms  0/226 (0%)  
[  6]   1.00-2.00   sec   318 KBytes  2.61 Mbits/sec  1.585 ms  0/225 (0%)  
[  6]   2.00-3.00   sec   320 KBytes  2.62 Mbits/sec  1.367 ms  0/226 (0%)  
[  6]   3.00-4.00   sec   320 KBytes  2.62 Mbits/sec  1.086 ms  0/226 (0%)  
[  6]   4.00-5.00   sec   318 KBytes  2.61 Mbits/sec  1.024 ms  0/225 (0%)  
[  6]   5.00-6.00   sec   318 KBytes  2.61 Mbits/sec  1.028 ms  0/225 (0%)  
[  6]   6.00-7.00   sec   320 KBytes  2.62 Mbits/sec  1.133 ms  0/226 (0%)  
[  6]   7.00-8.00   sec   318 KBytes  2.61 Mbits/sec  0.009 ms  0/225 (0%)  
[  6]   8.00-9.00   sec   320 KBytes  2.62 Mbits/sec  0.011 ms  0/226 (0%)  
[  6]   9.00-10.00  sec   318 KBytes  2.61 Mbits/sec  0.005 ms  0/225 (0%)  
[  6]  10.00-11.00  sec   320 KBytes  2.62 Mbits/sec  0.008 ms  0/226 (0%)  
[  6]  11.00-12.00  sec   318 KBytes  2.61 Mbits/sec  0.008 ms  0/225 (0%)  
[  6]  12.00-13.00  sec   320 KBytes  2.62 Mbits/sec  0.006 ms  0/226 (0%)  
[  6]  13.00-14.00  sec   318 KBytes  2.61 Mbits/sec  0.008 ms  0/225 (0%)  
[  6]  14.00-15.00  sec   318 KBytes  2.61 Mbits/sec  0.013 ms  0/225 (0%)  
[  6]  15.00-16.00  sec   320 KBytes  2.62 Mbits/sec  0.008 ms  0/226 (0%)  
[  6]  16.00-17.00  sec   318 KBytes  2.60 Mbits/sec  0.007 ms  0/225 (0%)  
[  6]  17.00-18.00  sec   320 KBytes  2.62 Mbits/sec  0.031 ms  0/226 (0%)  
[  6]  18.00-19.00  sec   318 KBytes  2.61 Mbits/sec  0.002 ms  0/225 (0%)  
[  6]  19.00-20.00  sec   320 KBytes  2.62 Mbits/sec  0.022 ms  0/226 (0%)  
[  6]  20.00-21.00  sec   318 KBytes  2.60 Mbits/sec  0.020 ms  0/225 (0%)  
[  6]  21.00-22.00  sec   320 KBytes  2.62 Mbits/sec  0.013 ms  0/226 (0%)  
[  6]  22.00-23.00  sec   318 KBytes  2.61 Mbits/sec  0.028 ms  0/225 (0%)  
[  6]  23.00-24.00  sec   320 KBytes  2.62 Mbits/sec  0.043 ms  0/226 (0%)  
[  6]  24.00-25.00  sec   318 KBytes  2.61 Mbits/sec  0.020 ms  0/225 (0%)  
[  6]  25.00-26.00  sec   320 KBytes  2.62 Mbits/sec  0.012 ms  0/226 (0%)  
[  6]  26.00-27.00  sec   318 KBytes  2.61 Mbits/sec  0.013 ms  0/225 (0%)  
[  6]  27.00-28.00  sec   318 KBytes  2.61 Mbits/sec  0.013 ms  0/225 (0%)  
[  6]  28.00-29.00  sec   320 KBytes  2.62 Mbits/sec  0.012 ms  0/226 (0%)  
[  6]  29.00-30.00  sec   318 KBytes  2.61 Mbits/sec  0.014 ms  0/225 (0%)  
- - - - - - - - - - - - - - - - - - - - - - - - -
[ ID] Interval           Transfer     Bitrate         Jitter    Lost/Total Datagrams
[  6]   0.00-30.00  sec  9.34 MBytes  2.61 Mbits/sec  0.014 ms  0/6764 (0%)  receiver
