-----------------------------------------------------------
Server listening on 21020 (test #1)
-----------------------------------------------------------
Accepted connection from 10.0.0.21, port 50780
[  6] local 10.0.0.20 port 21020 connected to 10.0.0.21 port 35173
[ ID] Interval           Transfer     Bitrate         Jitter    Lost/Total Datagrams
[  6]   0.00-1.00   sec  19.8 KBytes   162 Kbits/sec  0.012 ms  0/14 (0%)  
[  6]   1.00-2.00   sec  18.4 KBytes   151 Kbits/sec  0.020 ms  0/13 (0%)  
[  6]   2.00-3.00   sec  18.4 KBytes   151 Kbits/sec  0.025 ms  0/13 (0%)  
[  6]   3.00-4.00   sec  18.4 KBytes   151 Kbits/sec  0.038 ms  0/13 (0%)  
[  6]   4.00-5.00   sec  18.4 KBytes   151 Kbits/sec  0.026 ms  0/13 (0%)  
[  6]   5.00-6.00   sec  19.8 KBytes   162 Kbits/sec  1.306 ms  0/14 (0%)  
[  6]   6.00-7.00   sec  18.4 KBytes   151 Kbits/sec  2.973 ms  0/13 (0%)  
[  6]   7.00-8.00   sec  18.4 KBytes   151 Kbits/sec  1.294 ms  0/13 (0%)  
[  6]   8.00-9.00   sec  18.4 KBytes   151 Kbits/sec  0.562 ms  0/13 (0%)  
[  6]   9.00-10.00  sec  18.4 KBytes   151 Kbits/sec  0.256 ms  0/13 (0%)  
[  6]  10.00-11.00  sec  18.4 KBytes   151 Kbits/sec  0.119 ms  0/13 (0%)  
[  6]  11.00-12.00  sec  19.8 KBytes   162 Kbits/sec  0.062 ms  0/14 (0%)  
[  6]  12.00-13.00  sec  18.4 KBytes   151 Kbits/sec  0.032 ms  0/13 (0%)  
[  6]  13.00-14.00  sec  18.4 KBytes   151 Kbits/sec  0.030 ms  0/13 (0%)  
[  6]  14.00-15.00  sec  18.4 KBytes   151 Kbits/sec  0.027 ms  0/13 (0%)  
[  6]  15.00-16.00  sec  18.4 KBytes   150 Kbits/sec  0.023 ms  0/13 (0%)  
[  6]  16.00-17.00  sec  18.4 KBytes   151 Kbits/sec  0.034 ms  0/13 (0%)  
[  6]  17.00-18.00  sec  19.8 KBytes   162 Kbits/sec  0.034 ms  0/14 (0%)  
[  6]  18.00-19.00  sec  18.4 KBytes   151 Kbits/sec  0.189 ms  0/13 (0%)  
[  6]  19.00-20.00  sec  18.4 KBytes   151 Kbits/sec  0.118 ms  0/13 (0%)  
[  6]  20.00-21.00  sec  18.4 KBytes   151 Kbits/sec  0.069 ms  0/13 (0%)  
[  6]  21.00-22.00  sec  18.4 KBytes   151 Kbits/sec  0.042 ms  0/13 (0%)  
[  6]  22.00-23.00  sec  19.8 KBytes   162 Kbits/sec  0.021 ms  0/14 (0%)  
[  6]  23.00-24.00  sec  18.4 KBytes   151 Kbits/sec  0.051 ms  0/13 (0%)  
[  6]  24.00-25.00  sec  18.4 KBytes   151 Kbits/sec  0.034 ms  0/13 (0%)  
[  6]  25.00-26.00  sec  18.4 KBytes   151 Kbits/sec  0.023 ms  0/13 (0%)  
[  6]  26.00-27.00  sec  18.4 KBytes   151 Kbits/sec  0.036 ms  0/13 (0%)  
[  6]  27.00-28.00  sec  18.4 KBytes   151 Kbits/sec  0.045 ms  0/13 (0%)  
[  6]  28.00-29.00  sec  19.8 KBytes   162 Kbits/sec  0.042 ms  0/14 (0%)  
[  6]  29.00-30.00  sec  18.4 KBytes   151 Kbits/sec  0.053 ms  0/13 (0%)  
- - - - - - - - - - - - - - - - - - - - - - - - -
[ ID] Interval           Transfer     Bitrate         Jitter    Lost/Total Datagrams
[  6]   0.00-30.00  sec   560 KBytes   153 Kbits/sec  0.053 ms  0/396 (0%)  receiver
