-----------------------------------------------------------
Server listening on 21022 (test #1)
-----------------------------------------------------------
Accepted connection from 10.0.0.21, port 39810
[  6] local 10.0.0.22 port 21022 connected to 10.0.0.21 port 58660
[ ID] Interval           Transfer     Bitrate         Jitter    Lost/Total Datagrams
[  6]   0.00-1.00   sec  94.7 KBytes   775 Kbits/sec  15.893 ms  0/67 (0%)  
[  6]   1.00-2.00   sec   102 KBytes   834 Kbits/sec  15.409 ms  0/72 (0%)  
[  6]   2.00-3.00   sec   102 KBytes   834 Kbits/sec  15.479 ms  0/72 (0%)  
[  6]   3.00-4.00   sec   102 KBytes   834 Kbits/sec  16.034 ms  0/72 (0%)  
[  6]   4.00-5.00   sec   103 KBytes   846 Kbits/sec  15.512 ms  0/73 (0%)  
[  6]   5.00-6.00   sec   112 KBytes   915 Kbits/sec  31.201 ms  0/79 (0%)  
[  6]   6.00-7.00   sec   102 KBytes   834 Kbits/sec  0.323 ms  0/72 (0%)  
[  6]   7.00-8.00   sec   103 KBytes   846 Kbits/sec  0.017 ms  0/73 (0%)  
[  6]   8.00-9.00   sec   102 KBytes   834 Kbits/sec  0.018 ms  0/72 (0%)  
[  6]   9.00-10.00  sec   103 KBytes   846 Kbits/sec  0.018 ms  0/73 (0%)  
[  6]  10.00-11.00  sec   102 KBytes   834 Kbits/sec  0.031 ms  0/72 (0%)  
[  6]  11.00-12.00  sec   103 KBytes   846 Kbits/sec  0.020 ms  0/73 (0%)  
[  6]  12.00-13.00  sec   102 KBytes   834 Kbits/sec  0.033 ms  0/72 (0%)  
[  6]  13.00-14.00  sec   102 KBytes   834 Kbits/sec  0.032 ms  0/72 (0%)  
[  6]  14.00-15.00  sec   103 KBytes   846 Kbits/sec  0.013 ms  0/73 (0%)  
[  6]  15.00-16.00  sec   102 KBytes   834 Kbits/sec  0.033 ms  0/72 (0%)  
[  6]  16.00-17.00  sec   103 KBytes   846 Kbits/sec  0.019 ms  0/73 (0%)  
[  6]  17.00-18.00  sec   102 KBytes   834 Kbits/sec  1.350 ms  0/72 (0%)  
[  6]  18.00-19.00  sec   102 KBytes   834 Kbits/sec  0.063 ms  0/72 (0%)  
[  6]  19.00-20.00  sec   103 KBytes   845 Kbits/sec  0.071 ms  0/73 (0%)  
[  6]  20.00-21.00  sec   102 KBytes   834 Kbits/sec  0.292 ms  0/72 (0%)  
[  6]  21.00-22.00  sec   103 KBytes   846 Kbits/sec  0.032 ms  0/73 (0%)  
[  6]  22.00-23.00  sec   102 KBytes   834 Kbits/sec  0.112 ms  0/72 (0%)  
[  6]  23.00-24.00  sec   103 KBytes   845 Kbits/sec  0.024 ms  0/73 (0%)  
[  6]  24.00-25.00  sec   102 KBytes   834 Kbits/sec  0.051 ms  0/72 (0%)  
[  6]  25.00-26.00  sec   102 KBytes   834 Kbits/sec  0.018 ms  0/72 (0%)  
[  6]  26.00-27.00  sec   103 KBytes   846 Kbits/sec  0.027 ms  0/73 (0%)  
[  6]  27.00-28.00  sec   102 KBytes   834 Kbits/sec  0.019 ms  0/72 (0%)  
[  6]  28.00-29.00  sec   103 KBytes   846 Kbits/sec  0.021 ms  0/73 (0%)  
[  6]  29.00-30.00  sec   102 KBytes   834 Kbits/sec  0.010 ms  0/72 (0%)  
- - - - - - - - - - - - - - - - - - - - - - - - -
[ ID] Interval           Transfer     Bitrate         Jitter    Lost/Total Datagrams
[SUM]  0.0-30.0 sec  14 datagrams received out-of-order
[  6]   0.00-30.00  sec  3.00 MBytes   839 Kbits/sec  0.010 ms  0/2173 (0%)  receiver
