-----------------------------------------------------------
Server listening on 21002 (test #1)
-----------------------------------------------------------
Accepted connection from 10.0.0.21, port 55340
[  6] local 10.0.0.2 port 21002 connected to 10.0.0.21 port 53679
[ ID] Interval           Transfer     Bitrate         Jitter    Lost/Total Datagrams
[  6]   0.00-1.00   sec   994 KBytes  8.14 Mbits/sec  0.008 ms  0/703 (0%)  
[  6]   1.00-2.00   sec   993 KBytes  8.14 Mbits/sec  0.014 ms  0/702 (0%)  
[  6]   2.00-3.00   sec   994 KBytes  8.14 Mbits/sec  0.014 ms  0/703 (0%)  
[  6]   3.00-4.00   sec   993 KBytes  8.14 Mbits/sec  0.020 ms  0/702 (0%)  
[  6]   4.00-5.00   sec   993 KBytes  8.13 Mbits/sec  0.018 ms  0/702 (0%)  
[  6]   5.00-6.00   sec   981 KBytes  8.04 Mbits/sec  0.146 ms  0/694 (0%)  
[  6]   6.00-7.00   sec  1005 KBytes  8.24 Mbits/sec  0.164 ms  0/711 (0%)  
[  6]   7.00-8.00   sec   991 KBytes  8.13 Mbits/sec  0.795 ms  0/701 (0%)  
[  6]   8.00-9.00   sec   994 KBytes  8.14 Mbits/sec  0.595 ms  0/703 (0%)  
[  6]   9.00-10.00  sec   994 KBytes  8.14 Mbits/sec  0.429 ms  0/703 (0%)  
[  6]  10.00-11.00  sec   993 KBytes  8.14 Mbits/sec  0.311 ms  0/702 (0%)  
[  6]  11.00-12.00  sec   993 KBytes  8.13 Mbits/sec  0.237 ms  0/702 (0%)  
[  6]  12.00-13.00  sec   993 KBytes  8.13 Mbits/sec  0.002 ms  0/702 (0%)  
[  6]  13.00-14.00  sec   993 KBytes  8.14 Mbits/sec  0.005 ms  0/702 (0%)  
[  6]  14.00-15.00  sec   993 KBytes  8.13 Mbits/sec  0.009 ms  0/702 (0%)  
[  6]  15.00-16.00  sec   994 KBytes  8.14 Mbits/sec  0.015 ms  0/703 (0%)  
[  6]  16.00-17.00  sec   993 KBytes  8.13 Mbits/sec  0.033 ms  0/702 (0%)  
[  6]  17.00-18.00  sec   993 KBytes  8.14 Mbits/sec  0.030 ms  0/702 (0%)  
[  6]  18.00-19.00  sec   993 KBytes  8.13 Mbits/sec  0.057 ms  0/702 (0%)  
[  6]  19.00-20.00  sec   994 KBytes  8.14 Mbits/sec  0.031 ms  0/703 (0%)  
[  6]  20.00-21.00  sec   993 KBytes  8.13 Mbits/sec  0.044 ms  0/702 (0%)  
[  6]  21.00-22.00  sec   994 KBytes  8.14 Mbits/sec  0.038 ms  0/703 (0%)  
[  6]  22.00-23.00  sec   993 KBytes  8.13 Mbits/sec  0.026 ms  0/702 (0%)  
[  6]  23.00-24.00  sec   993 KBytes  8.14 Mbits/sec  0.016 ms  0/702 (0%)  
[  6]  24.00-25.00  sec   993 KBytes  8.13 Mbits/sec  0.013 ms  0/702 (0%)  
[  6]  25.00-26.00  sec   994 KBytes  8.14 Mbits/sec  0.030 ms  0/703 (0%)  
[  6]  26.00-27.00  sec   991 KBytes  8.13 Mbits/sec  0.017 ms  0/701 (0%)  
[  6]  27.00-28.00  sec   994 KBytes  8.14 Mbits/sec  0.015 ms  0/703 (0%)  
[  6]  28.00-29.00  sec   993 KBytes  8.13 Mbits/sec  0.010 ms  0/702 (0%)  
[  6]  29.00-30.00  sec   990 KBytes  8.11 Mbits/sec  0.164 ms  0/700 (0%)  
- - - - - - - - - - - - - - - - - - - - - - - - -
[ ID] Interval           Transfer     Bitrate         Jitter    Lost/Total Datagrams
[  6]   0.00-30.00  sec  29.1 MBytes  8.13 Mbits/sec  0.164 ms  0/21066 (0%)  receiver
