-----------------------------------------------------------
Server listening on 21004 (test #1)
-----------------------------------------------------------
Accepted connection from 10.0.0.21, port 40570
[  6] local 10.0.0.4 port 21004 connected to 10.0.0.21 port 50254
[ ID] Interval           Transfer     Bitrate         Jitter    Lost/Total Datagrams
[  6]   0.00-1.00   sec  3.17 MBytes  26.6 Mbits/sec  0.002 ms  0/2293 (0%)  
[  6]   1.00-2.00   sec  3.16 MBytes  26.5 Mbits/sec  0.001 ms  0/2291 (0%)  
[  6]   2.00-3.00   sec  3.16 MBytes  26.5 Mbits/sec  0.031 ms  0/2290 (0%)  
[  6]   3.00-4.00   sec  3.16 MBytes  26.5 Mbits/sec  0.010 ms  0/2291 (0%)  
[  6]   4.00-5.00   sec  3.17 MBytes  26.5 Mbits/sec  0.011 ms  0/2293 (0%)  
[  6]   5.00-6.00   sec  3.13 MBytes  26.2 Mbits/sec  0.754 ms  0/2264 (0%)  
[  6]   6.00-7.00   sec  3.20 MBytes  26.9 Mbits/sec  0.012 ms  0/2318 (0%)  
[  6]   7.00-8.00   sec  3.17 MBytes  26.5 Mbits/sec  0.004 ms  0/2293 (0%)  
[  6]   8.00-9.00   sec  3.16 MBytes  26.5 Mbits/sec  0.012 ms  0/2291 (0%)  
[  6]   9.00-10.00  sec  3.15 MBytes  26.4 Mbits/sec  0.002 ms  0/2281 (0%)  
[  6]  10.00-11.00  sec  3.14 MBytes  26.4 Mbits/sec  0.002 ms  0/2277 (0%)  
[  6]  11.00-12.00  sec  3.20 MBytes  26.8 Mbits/sec  0.002 ms  0/2316 (0%)  
[  6]  12.00-13.00  sec  3.16 MBytes  26.5 Mbits/sec  0.008 ms  0/2289 (0%)  
[  6]  13.00-14.00  sec  3.17 MBytes  26.5 Mbits/sec  0.013 ms  0/2292 (0%)  
[  6]  14.00-15.00  sec  3.17 MBytes  26.5 Mbits/sec  0.035 ms  0/2293 (0%)  
[  6]  15.00-16.00  sec  3.16 MBytes  26.5 Mbits/sec  0.014 ms  0/2290 (0%)  
[  6]  16.00-17.00  sec  3.17 MBytes  26.6 Mbits/sec  0.015 ms  0/2293 (0%)  
[  6]  17.00-18.00  sec  3.16 MBytes  26.5 Mbits/sec  0.026 ms  0/2291 (0%)  
[  6]  18.00-19.00  sec  3.16 MBytes  26.5 Mbits/sec  0.008 ms  0/2289 (0%)  
[  6]  19.00-20.00  sec  3.17 MBytes  26.5 Mbits/sec  0.020 ms  0/2292 (0%)  
[  6]  20.00-21.00  sec  3.17 MBytes  26.5 Mbits/sec  0.011 ms  0/2293 (0%)  
[  6]  21.00-22.00  sec  3.16 MBytes  26.5 Mbits/sec  0.012 ms  0/2290 (0%)  
[  6]  22.00-23.00  sec  3.17 MBytes  26.5 Mbits/sec  0.011 ms  0/2292 (0%)  
[  6]  23.00-24.00  sec  3.16 MBytes  26.5 Mbits/sec  0.021 ms  0/2291 (0%)  
[  6]  24.00-25.00  sec  3.17 MBytes  26.6 Mbits/sec  0.022 ms  0/2292 (0%)  
[  6]  25.00-26.00  sec  3.16 MBytes  26.5 Mbits/sec  0.003 ms  0/2291 (0%)  
[  6]  26.00-27.00  sec  3.16 MBytes  26.5 Mbits/sec  0.002 ms  0/2289 (0%)  
[  6]  27.00-28.00  sec  3.16 MBytes  26.5 Mbits/sec  0.012 ms  0/2292 (0%)  
[  6]  28.00-29.00  sec  3.17 MBytes  26.5 Mbits/sec  0.003 ms  0/2293 (0%)  
[  6]  29.00-30.00  sec  3.16 MBytes  26.5 Mbits/sec  0.007 ms  0/2291 (0%)  
- - - - - - - - - - - - - - - - - - - - - - - - -
[ ID] Interval           Transfer     Bitrate         Jitter    Lost/Total Datagrams
[SUM]  0.0-30.0 sec  1 datagrams received out-of-order
[  6]   0.00-30.00  sec  94.9 MBytes  26.5 Mbits/sec  0.007 ms  0/68741 (0%)  receiver
