-----------------------------------------------------------
Server listening on 21005 (test #1)
-----------------------------------------------------------
Accepted connection from 10.0.0.21, port 56030
[  6] local 10.0.0.5 port 21005 connected to 10.0.0.21 port 54196
[ ID] Interval           Transfer     Bitrate         Jitter    Lost/Total Datagrams
[  6]   0.00-1.00   sec  87.7 KBytes   718 Kbits/sec  0.007 ms  0/62 (0%)  
[  6]   1.00-2.00   sec  86.3 KBytes   706 Kbits/sec  0.028 ms  0/61 (0%)  
[  6]   2.00-3.00   sec  87.7 KBytes   719 Kbits/sec  0.040 ms  0/62 (0%)  
[  6]   3.00-4.00   sec  86.3 KBytes   706 Kbits/sec  0.031 ms  0/61 (0%)  
[  6]   4.00-5.00   sec  86.3 KBytes   707 Kbits/sec  3.746 ms  0/61 (0%)  
[  6]   5.00-6.00   sec  87.7 KBytes   718 Kbits/sec  4.510 ms  0/62 (0%)  
[  6]   6.00-7.00   sec  86.3 KBytes   707 Kbits/sec  3.468 ms  0/61 (0%)  
[  6]   7.00-8.00   sec  87.7 KBytes   718 Kbits/sec  3.758 ms  0/62 (0%)  
[  6]   8.00-9.00   sec  86.3 KBytes   707 Kbits/sec  3.739 ms  0/61 (0%)  
[  6]   9.00-10.00  sec  87.7 KBytes   718 Kbits/sec  3.715 ms  0/62 (0%)  
[  6]  10.00-11.00  sec  86.3 KBytes   707 Kbits/sec  3.906 ms  0/61 (0%)  
[  6]  11.00-12.00  sec  84.8 KBytes   695 Kbits/sec  3.443 ms  0/60 (0%)  
[  6]  12.00-13.00  sec  89.1 KBytes   730 Kbits/sec  0.387 ms  0/63 (0%)  
[  6]  13.00-14.00  sec  87.7 KBytes   718 Kbits/sec  0.028 ms  0/62 (0%)  
[  6]  14.00-15.00  sec  86.3 KBytes   707 Kbits/sec  0.015 ms  0/61 (0%)  
[  6]  15.00-16.00  sec  86.3 KBytes   707 Kbits/sec  0.021 ms  0/61 (0%)  
[  6]  16.00-17.00  sec  87.7 KBytes   718 Kbits/sec  0.016 ms  0/62 (0%)  
[  6]  17.00-18.00  sec  86.3 KBytes   707 Kbits/sec  0.021 ms  0/61 (0%)  
[  6]  18.00-19.00  sec  87.7 KBytes   718 Kbits/sec  0.026 ms  0/62 (0%)  
[  6]  19.00-20.00  sec  86.3 KBytes   706 Kbits/sec  0.047 ms  0/61 (0%)  
[  6]  20.00-21.00  sec  87.7 KBytes   718 Kbits/sec  0.019 ms  0/62 (0%)  
[  6]  21.00-22.00  sec  86.3 KBytes   707 Kbits/sec  0.031 ms  0/61 (0%)  
[  6]  22.00-23.00  sec  86.3 KBytes   707 Kbits/sec  0.029 ms  0/61 (0%)  
[  6]  23.00-24.00  sec  87.7 KBytes   718 Kbits/sec  0.049 ms  0/62 (0%)  
[  6]  24.00-25.00  sec  86.3 KBytes   707 Kbits/sec  0.034 ms  0/61 (0%)  
[  6]  25.00-26.00  sec  87.7 KBytes   719 Kbits/sec  0.204 ms  0/62 (0%)  
[  6]  26.00-27.00  sec  86.3 KBytes   706 Kbits/sec  0.024 ms  0/61 (0%)  
[  6]  27.00-28.00  sec  86.3 KBytes   707 Kbits/sec  0.054 ms  0/61 (0%)  
[  6]  28.00-29.00  sec  87.7 KBytes   717 Kbits/sec  0.725 ms  0/62 (0%)  
[  6]  29.00-30.00  sec  86.3 KBytes   707 Kbits/sec  0.078 ms  0/61 (0%)  
- - - - - - - - - - - - - - - - - - - - - - - - -
[ ID] Interval           Transfer     Bitrate         Jitter    Lost/Total Datagrams
[  6]   0.00-30.00  sec  2.55 MBytes   712 Kbits/sec  0.078 ms  0/1843 (0%)  receiver
