-----------------------------------------------------------
Server listening on 21006 (test #1)
-----------------------------------------------------------
Accepted connection from 10.0.0.21, port 44398
[  6] local 10.0.0.6 port 21006 connected to 10.0.0.21 port 39481
[ ID] Interval           Transfer     Bitrate         Jitter    Lost/Total Datagrams
[  6]   0.00-1.00   sec  1.41 KBytes  11.6 Kbits/sec  0.000 ms  0/1 (0%)  
[  6]   1.00-2.00   sec  2.83 KBytes  23.2 Kbits/sec  53.179 ms  0/2 (0%)  
[  6]   2.00-3.00   sec  4.24 KBytes  34.8 Kbits/sec  115.070 ms  0/3 (0%)  
[  6]   3.00-4.00   sec  2.83 KBytes  23.2 Kbits/sec  154.318 ms  0/2 (0%)  
[  6]   4.00-5.00   sec  4.24 KBytes  34.8 Kbits/sec  198.407 ms  0/3 (0%)  
[  6]   5.00-6.00   sec  2.83 KBytes  23.2 Kbits/sec  227.541 ms  0/2 (0%)  
[  6]   6.00-7.00   sec  4.24 KBytes  34.8 Kbits/sec  258.545 ms  0/3 (0%)  
[  6]   7.00-8.00   sec  9.90 KBytes  81.1 Kbits/sec  269.794 ms  0/7 (0%)  
[  6]   8.00-9.00   sec  4.24 KBytes  34.7 Kbits/sec  222.303 ms  0/3 (0%)  
[  6]   9.00-10.00  sec  4.24 KBytes  34.8 Kbits/sec  183.173 ms  0/3 (0%)  
[  6]  10.00-11.00  sec  4.24 KBytes  34.7 Kbits/sec  150.930 ms  0/3 (0%)  
[  6]  11.00-12.00  sec  4.24 KBytes  34.8 Kbits/sec  124.363 ms  0/3 (0%)  
[  6]  12.00-13.00  sec  4.24 KBytes  34.7 Kbits/sec  102.472 ms  0/3 (0%)  
[  6]  13.00-14.00  sec  2.83 KBytes  23.2 Kbits/sec  90.064 ms  0/2 (0%)  
[  6]  14.00-15.00  sec  4.24 KBytes  34.8 Kbits/sec  74.213 ms  0/3 (0%)  
[  6]  15.00-16.00  sec  4.24 KBytes  34.8 Kbits/sec  61.153 ms  0/3 (0%)  
[  6]  16.00-17.00  sec  4.24 KBytes  34.8 Kbits/sec  50.393 ms  0/3 (0%)  
[  6]  17.00-18.00  sec  4.24 KBytes  34.8 Kbits/sec  41.526 ms  0/3 (0%)  
[  6]  18.00-19.00  sec  1.41 KBytes  11.6 Kbits/sec  38.931 ms  0/1 (0%)  
[  6]  19.00-20.00  sec  1.41 KBytes  11.6 Kbits/sec  69.538 ms  0/1 (0%)  
[  6]  20.00-21.00  sec  1.41 KBytes  11.6 Kbits/sec  119.217 ms  0/1 (0%)  
[  6]  21.00-22.00  sec  4.24 KBytes  34.7 Kbits/sec  153.557 ms  0/3 (0%)  
[  6]  22.00-23.00  sec  2.83 KBytes  23.2 Kbits/sec  187.888 ms  0/2 (0%)  
[  6]  23.00-24.00  sec  4.24 KBytes  34.8 Kbits/sec  183.003 ms  0/3 (0%)  
[  6]  24.00-25.00  sec  4.24 KBytes  34.8 Kbits/sec  209.407 ms  0/3 (0%)  
[  6]  25.00-26.00  sec  2.83 KBytes  23.2 Kbits/sec  203.615 ms  0/2 (0%)  
[  6]  26.00-27.00  sec  5.66 KBytes  46.3 Kbits/sec  222.598 ms  0/4 (0%)  
[  6]  27.00-28.00  sec  1.41 KBytes  11.6 Kbits/sec  219.019 ms  0/1 (0%)  
[  6]  28.00-29.00  sec  5.66 KBytes  46.3 Kbits/sec  234.390 ms  0/4 (0%)  
[  6]  29.00-30.00  sec  12.7 KBytes   104 Kbits/sec  241.120 ms  0/9 (0%)  
- - - - - - - - - - - - - - - - - - - - - - - - -
[ ID] Interval           Transfer     Bitrate         Jitter    Lost/Total Datagrams
[  6]   0.00-30.00  sec   122 KBytes  33.2 Kbits/sec  241.120 ms  0/86 (0%)  receiver
