-----------------------------------------------------------
Server listening on 21008 (test #1)
-----------------------------------------------------------
Accepted connection from 10.0.0.21, port 60666
[  6] local 10.0.0.8 port 21008 connected to 10.0.0.21 port 50002
[ ID] Interval           Transfer     Bitrate         Jitter    Lost/Total Datagrams
[  6]   0.00-1.00   sec  58.0 KBytes   474 Kbits/sec  0.006 ms  0/41 (0%)  
[  6]   1.00-2.00   sec  56.6 KBytes   463 Kbits/sec  0.037 ms  0/40 (0%)  
[  6]   2.00-3.00   sec  56.6 KBytes   464 Kbits/sec  0.022 ms  0/40 (0%)  
[  6]   3.00-4.00   sec  56.6 KBytes   463 Kbits/sec  2.073 ms  0/40 (0%)  
[  6]   4.00-5.00   sec  56.6 KBytes   463 Kbits/sec  4.187 ms  0/40 (0%)  
[  6]   5.00-6.00   sec  56.6 KBytes   463 Kbits/sec  4.128 ms  0/40 (0%)  
[  6]   6.00-7.00   sec  56.6 KBytes   464 Kbits/sec  6.198 ms  0/40 (0%)  
[  6]   7.00-8.00   sec  56.6 KBytes   463 Kbits/sec  4.339 ms  0/40 (0%)  
[  6]   8.00-9.00   sec  56.6 KBytes   463 Kbits/sec  3.589 ms  0/40 (0%)  
[  6]   9.00-10.00  sec  56.6 KBytes   463 Kbits/sec  4.589 ms  0/40 (0%)  
[  6]  10.00-11.00  sec  55.1 KBytes   452 Kbits/sec  1.819 ms  0/39 (0%)  
[  6]  11.00-12.00  sec  58.0 KBytes   475 Kbits/sec  0.334 ms  0/41 (0%)  
[  6]  12.00-13.00  sec  56.6 KBytes   464 Kbits/sec  0.038 ms  0/40 (0%)  
[  6]  13.00-14.00  sec  56.6 KBytes   463 Kbits/sec  0.032 ms  0/40 (0%)  
[  6]  14.00-15.00  sec  56.6 KBytes   464 Kbits/sec  0.031 ms  0/40 (0%)  
[  6]  15.00-16.00  sec  56.6 KBytes   463 Kbits/sec  0.021 ms  0/40 (0%)  
[  6]  16.00-17.00  sec  56.6 KBytes   463 Kbits/sec  0.029 ms  0/40 (0%)  
[  6]  17.00-18.00  sec  56.6 KBytes   464 Kbits/sec  0.031 ms  0/40 (0%)  
[  6]  18.00-19.00  sec  56.6 KBytes   463 Kbits/sec  0.048 ms  0/40 (0%)  
[  6]  19.00-20.00  sec  56.6 KBytes   464 Kbits/sec  0.021 ms  0/40 (0%)  
[  6]  20.00-21.00  sec  56.6 KBytes   463 Kbits/sec  0.035 ms  0/40 (0%)  
[  6]  21.00-22.00  sec  56.6 KBytes   463 Kbits/sec  0.032 ms  0/40 (0%)  
[  6]  22.00-23.00  sec  56.6 KBytes   464 Kbits/sec  0.033 ms  0/40 (0%)  
[  6]  23.00-24.00  sec  56.6 KBytes   463 Kbits/sec  0.027 ms  0/40 (0%)  
[  6]  24.00-25.00  sec  56.6 KBytes   464 Kbits/sec  0.283 ms  0/40 (0%)  
[  6]  25.00-26.00  sec  56.6 KBytes   463 Kbits/sec  1.008 ms  0/40 (0%)  
[  6]  26.00-27.00  sec  56.6 KBytes   463 Kbits/sec  0.093 ms  0/40 (0%)  
[  6]  27.00-28.00  sec  56.6 KBytes   464 Kbits/sec  0.309 ms  0/40 (0%)  
[  6]  28.00-29.00  sec  56.6 KBytes   463 Kbits/sec  0.054 ms  0/40 (0%)  
[  6]  29.00-30.00  sec  56.6 KBytes   463 Kbits/sec  0.151 ms  0/40 (0%)  
- - - - - - - - - - - - - - - - - - - - - - - - -
[ ID] Interval           Transfer     Bitrate         Jitter    Lost/Total Datagrams
[  6]   0.00-30.00  sec  1.66 MBytes   464 Kbits/sec  0.151 ms  0/1201 (0%)  receiver
