-----------------------------------------------------------
Server listening on 21009 (test #1)
-----------------------------------------------------------
Accepted connection from 10.0.0.21, port 47014
[  6] local 10.0.0.9 port 21009 connected to 10.0.0.21 port 34114
[ ID] Interval           Transfer     Bitrate         Jitter    Lost/Total Datagrams
[  6]   0.00-1.00   sec  59.4 KBytes   486 Kbits/sec  0.019 ms  0/42 (0%)  
[  6]   1.00-2.00   sec  59.4 KBytes   486 Kbits/sec  0.039 ms  0/42 (0%)  
[  6]   2.00-3.00   sec  59.4 KBytes   487 Kbits/sec  1.157 ms  0/42 (0%)  
[  6]   3.00-4.00   sec  59.4 KBytes   486 Kbits/sec  3.947 ms  0/42 (0%)  
[  6]   4.00-5.00   sec  59.4 KBytes   487 Kbits/sec  4.233 ms  0/42 (0%)  
[  6]   5.00-6.00   sec  58.0 KBytes   475 Kbits/sec  4.808 ms  0/41 (0%)  
[  6]   6.00-7.00   sec  59.4 KBytes   486 Kbits/sec  4.274 ms  0/42 (0%)  
[  6]   7.00-8.00   sec  59.4 KBytes   486 Kbits/sec  5.013 ms  0/42 (0%)  
[  6]   8.00-9.00   sec  59.4 KBytes   487 Kbits/sec  4.800 ms  0/42 (0%)  
[  6]   9.00-10.00  sec  59.4 KBytes   487 Kbits/sec  2.999 ms  0/42 (0%)  
[  6]  10.00-11.00  sec  59.4 KBytes   486 Kbits/sec  1.693 ms  0/42 (0%)  
[  6]  11.00-12.00  sec  59.4 KBytes   487 Kbits/sec  0.124 ms  0/42 (0%)  
[  6]  12.00-13.00  sec  58.0 KBytes   475 Kbits/sec  0.014 ms  0/41 (0%)  
[  6]  13.00-14.00  sec  59.4 KBytes   486 Kbits/sec  0.006 ms  0/42 (0%)  
[  6]  14.00-15.00  sec  59.4 KBytes   487 Kbits/sec  0.033 ms  0/42 (0%)  
[  6]  15.00-16.00  sec  59.4 KBytes   487 Kbits/sec  0.026 ms  0/42 (0%)  
[  6]  16.00-17.00  sec  59.4 KBytes   486 Kbits/sec  0.020 ms  0/42 (0%)  
[  6]  17.00-18.00  sec  59.4 KBytes   487 Kbits/sec  0.032 ms  0/42 (0%)  
[  6]  18.00-19.00  sec  59.4 KBytes   486 Kbits/sec  0.021 ms  0/42 (0%)  
[  6]  19.00-20.00  sec  58.0 KBytes   475 Kbits/sec  0.012 ms  0/41 (0%)  
[  6]  20.00-21.00  sec  59.4 KBytes   487 Kbits/sec  0.032 ms  0/42 (0%)  
[  6]  21.00-22.00  sec  59.4 KBytes   486 Kbits/sec  0.016 ms  0/42 (0%)  
[  6]  22.00-23.00  sec  59.4 KBytes   487 Kbits/sec  0.044 ms  0/42 (0%)  
[  6]  23.00-24.00  sec  59.4 KBytes   487 Kbits/sec  0.554 ms  0/42 (0%)  
[  6]  24.00-25.00  sec  59.4 KBytes   487 Kbits/sec  0.089 ms  0/42 (0%)  
[  6]  25.00-26.00  sec  59.4 KBytes   487 Kbits/sec  0.410 ms  0/42 (0%)  
[  6]  26.00-27.00  sec  58.0 KBytes   475 Kbits/sec  0.057 ms  0/41 (0%)  
[  6]  27.00-28.00  sec  59.4 KBytes   487 Kbits/sec  0.156 ms  0/42 (0%)  
[  6]  28.00-29.00  sec  59.4 KBytes   487 Kbits/sec  0.031 ms  0/42 (0%)  
[  6]  29.00-30.00  sec  59.4 KBytes   486 Kbits/sec  0.126 ms  0/42 (0%)  
- - - - - - - - - - - - - - - - - - - - - - - - -
[ ID] Interval           Transfer     Bitrate         Jitter    Lost/Total Datagrams
[  6]   0.00-30.00  sec  1.73 MBytes   485 Kbits/sec  0.126 ms  0/1256 (0%)  receiver
