-----------------------------------------------------------
Server listening on 22011 (test #1)
-----------------------------------------------------------
Accepted connection from 10.0.0.22, port 42008
[  6] local 10.0.0.11 port 22011 connected to 10.0.0.22 port 38841
[ ID] Interval           Transfer     Bitrate         Jitter    Lost/Total Datagrams
[  6]   0.00-1.00   sec   389 KBytes  3.18 Mbits/sec  0.028 ms  0/275 (0%)  
[  6]   1.00-2.00   sec   387 KBytes  3.18 Mbits/sec  0.053 ms  0/274 (0%)  
[  6]   2.00-3.00   sec   387 KBytes  3.17 Mbits/sec  0.045 ms  0/274 (0%)  
[  6]   3.00-4.00   sec   389 KBytes  3.19 Mbits/sec  0.038 ms  0/275 (0%)  
[  6]   4.00-5.00   sec   324 KBytes  2.65 Mbits/sec  8.347 ms  0/229 (0%)  
[  6]   5.00-6.00   sec   151 KBytes  1.24 Mbits/sec  1.332 ms  19/126 (15%)  
[  6]   6.00-7.00   sec   211 KBytes  1.72 Mbits/sec  0.492 ms  54/203 (27%)  
[  6]   7.00-8.00   sec   229 KBytes  1.88 Mbits/sec  3.697 ms  37/199 (19%)  
[  6]   8.00-9.00   sec   286 KBytes  2.34 Mbits/sec  57.799 ms  32/234 (14%)  
[  6]   9.00-10.00  sec   462 KBytes  3.79 Mbits/sec  0.572 ms  17/344 (4.9%)  
[  6]  10.00-11.00  sec   325 KBytes  2.66 Mbits/sec  0.559 ms  0/230 (0%)  
[  6]  11.00-12.00  sec   328 KBytes  2.69 Mbits/sec  0.526 ms  0/232 (0%)  
[  6]  12.00-13.00  sec   325 KBytes  2.66 Mbits/sec  0.515 ms  0/230 (0%)  
[  6]  13.00-14.00  sec   308 KBytes  2.53 Mbits/sec  0.574 ms  0/218 (0%)  
[  6]  14.00-15.00  sec   259 KBytes  2.12 Mbits/sec  2.537 ms  0/183 (0%)  
[  6]  15.00-16.00  sec   259 KBytes  2.12 Mbits/sec  42.906 ms  0/183 (0%)  
[  6]  16.00-17.00  sec   317 KBytes  2.59 Mbits/sec  0.510 ms  0/224 (0%)  
[  6]  17.00-18.00  sec   820 KBytes  6.72 Mbits/sec  0.497 ms  0/580 (0%)  
[  6]  18.00-19.00  sec   843 KBytes  6.91 Mbits/sec  6.913 ms  0/596 (0%)  
[  6]  19.00-20.00  sec   522 KBytes  4.28 Mbits/sec  2.595 ms  0/369 (0%)  
[  6]  20.00-21.00  sec   399 KBytes  3.26 Mbits/sec  0.037 ms  0/282 (0%)  
[  6]  21.00-22.00  sec   387 KBytes  3.17 Mbits/sec  0.023 ms  0/274 (0%)  
[  6]  22.00-23.00  sec   389 KBytes  3.19 Mbits/sec  0.059 ms  0/275 (0%)  
[  6]  23.00-24.00  sec   387 KBytes  3.17 Mbits/sec  0.024 ms  0/274 (0%)  
[  6]  24.00-25.00  sec   387 KBytes  3.17 Mbits/sec  0.055 ms  0/274 (0%)  
[  6]  25.00-26.00  sec   389 KBytes  3.19 Mbits/sec  0.034 ms  0/275 (0%)  
[  6]  26.00-27.00  sec   387 KBytes  3.17 Mbits/sec  0.007 ms  0/274 (0%)  
[  6]  27.00-28.00  sec   387 KBytes  3.18 Mbits/sec  0.059 ms  0/274 (0%)  
[  6]  28.00-29.00  sec   387 KBytes  3.17 Mbits/sec  0.013 ms  0/274 (0%)  
[  6]  29.00-30.00  sec   389 KBytes  3.19 Mbits/sec  0.011 ms  0/275 (0%)  
- - - - - - - - - - - - - - - - - - - - - - - - -
[ ID] Interval           Transfer     Bitrate         Jitter    Lost/Total Datagrams
[SUM]  0.0-30.0 sec  1 datagrams received out-of-order
[  6]   0.00-30.00  sec  11.1 MBytes  3.12 Mbits/sec  0.011 ms  159/8229 (1.9%)  receiver
