-----------------------------------------------------------
Server listening on 22018 (test #1)
-----------------------------------------------------------
Accepted connection from 10.0.0.22, port 56094
[  6] local 10.0.0.18 port 22018 connected to 10.0.0.22 port 53849
[ ID] Interval           Transfer     Bitrate         Jitter    Lost/Total Datagrams
[  6]   0.00-1.00   sec   158 KBytes  1.30 Mbits/sec  0.040 ms  0/112 (0%)  
[  6]   1.00-2.00   sec   157 KBytes  1.29 Mbits/sec  0.038 ms  0/111 (0%)  
[  6]   2.00-3.00   sec  84.8 KBytes   695 Kbits/sec  17.329 ms  0/60 (0%)  
[  6]   3.00-4.00   sec  70.7 KBytes   579 Kbits/sec  4.948 ms  16/66 (24%)  
[  6]   4.00-5.00   sec   119 KBytes   973 Kbits/sec  3.202 ms  23/107 (21%)  
[  6]   5.00-6.00   sec   148 KBytes  1.22 Mbits/sec  8.325 ms  9/114 (7.9%)  
[  6]   6.00-7.00   sec   161 KBytes  1.32 Mbits/sec  13.511 ms  9/123 (7.3%)  
[  6]   7.00-8.00   sec   130 KBytes  1.07 Mbits/sec  11.943 ms  3/95 (3.2%)  
[  6]   8.00-9.00   sec   215 KBytes  1.76 Mbits/sec  9.876 ms  0/152 (0%)  
[  6]   9.00-10.00  sec   156 KBytes  1.27 Mbits/sec  10.638 ms  0/110 (0%)  
[  6]  10.00-11.00  sec   160 KBytes  1.31 Mbits/sec  10.882 ms  0/113 (0%)  
[  6]  11.00-12.00  sec   160 KBytes  1.31 Mbits/sec  10.792 ms  0/113 (0%)  
[  6]  12.00-13.00  sec   151 KBytes  1.24 Mbits/sec  12.184 ms  0/107 (0%)  
[  6]  13.00-14.00  sec   158 KBytes  1.30 Mbits/sec  10.857 ms  0/112 (0%)  
[  6]  14.00-15.00  sec   225 KBytes  1.84 Mbits/sec  95.669 ms  5/164 (3%)  
[  6]  15.00-16.00  sec   171 KBytes  1.40 Mbits/sec  7.321 ms  -5/116 (-4.3%)  
[  6]  16.00-17.00  sec   156 KBytes  1.27 Mbits/sec  7.132 ms  0/110 (0%)  
[  6]  17.00-18.00  sec   163 KBytes  1.33 Mbits/sec  4.026 ms  0/115 (0%)  
[  6]  18.00-19.00  sec   157 KBytes  1.29 Mbits/sec  0.033 ms  0/111 (0%)  
[  6]  19.00-20.00  sec   157 KBytes  1.29 Mbits/sec  0.009 ms  0/111 (0%)  
[  6]  20.00-21.00  sec   157 KBytes  1.29 Mbits/sec  0.030 ms  0/111 (0%)  
[  6]  21.00-22.00  sec   157 KBytes  1.29 Mbits/sec  0.027 ms  0/111 (0%)  
[  6]  22.00-23.00  sec   157 KBytes  1.28 Mbits/sec  0.023 ms  0/111 (0%)  
[  6]  23.00-24.00  sec   157 KBytes  1.29 Mbits/sec  0.013 ms  0/111 (0%)  
[  6]  24.00-25.00  sec   158 KBytes  1.30 Mbits/sec  0.019 ms  0/112 (0%)  
[  6]  25.00-26.00  sec   157 KBytes  1.29 Mbits/sec  0.008 ms  0/111 (0%)  
[  6]  26.00-27.00  sec   157 KBytes  1.29 Mbits/sec  0.007 ms  0/111 (0%)  
[  6]  27.00-28.00  sec   157 KBytes  1.29 Mbits/sec  0.018 ms  0/111 (0%)  
[  6]  28.00-29.00  sec   157 KBytes  1.29 Mbits/sec  0.032 ms  0/111 (0%)  
[  6]  29.00-30.00  sec   157 KBytes  1.29 Mbits/sec  0.003 ms  0/111 (0%)  
- - - - - - - - - - - - - - - - - - - - - - - - -
[ ID] Interval           Transfer     Bitrate         Jitter    Lost/Total Datagrams
[SUM]  0.0-30.0 sec  56 datagrams received out-of-order
[  6]   0.00-30.00  sec  4.52 MBytes  1.26 Mbits/sec  0.003 ms  60/3333 (1.8%)  receiver
