-----------------------------------------------------------
Server listening on 22019 (test #1)
-----------------------------------------------------------
Accepted connection from 10.0.0.22, port 59136
[  6] local 10.0.0.19 port 22019 connected to 10.0.0.22 port 53797
[ ID] Interval           Transfer     Bitrate         Jitter    Lost/Total Datagrams
[  6]   0.00-1.00   sec  11.3 KBytes  92.6 Kbits/sec  0.036 ms  0/8 (0%)  
[  6]   1.00-2.00   sec  8.48 KBytes  69.5 Kbits/sec  0.263 ms  0/6 (0%)  
[  6]   2.00-3.00   sec  4.24 KBytes  34.8 Kbits/sec  38.750 ms  0/3 (0%)  
[  6]   3.00-4.00   sec  7.07 KBytes  58.0 Kbits/sec  41.853 ms  0/5 (0%)  
[  6]   4.00-5.00   sec  9.90 KBytes  81.0 Kbits/sec  33.914 ms  1/8 (12%)  
[  6]   5.00-6.00   sec  7.07 KBytes  57.9 Kbits/sec  43.492 ms  1/6 (17%)  
[  6]   6.00-7.00   sec  11.3 KBytes  92.7 Kbits/sec  44.991 ms  0/8 (0%)  
[  6]   7.00-8.00   sec  11.3 KBytes  92.7 Kbits/sec  45.191 ms  0/8 (0%)  
[  6]   8.00-9.00   sec  11.3 KBytes  92.7 Kbits/sec  34.638 ms  0/8 (0%)  
[  6]   9.00-10.00  sec  9.90 KBytes  81.0 Kbits/sec  25.023 ms  0/7 (0%)  
[  6]  10.00-11.00  sec  9.90 KBytes  81.2 Kbits/sec  16.876 ms  0/7 (0%)  
[  6]  11.00-12.00  sec  9.90 KBytes  81.0 Kbits/sec  14.854 ms  0/7 (0%)  
[  6]  12.00-13.00  sec  9.90 KBytes  81.1 Kbits/sec  10.482 ms  0/7 (0%)  
[  6]  13.00-14.00  sec  14.1 KBytes   116 Kbits/sec  156.908 ms  1/11 (9.1%)  
[  6]  14.00-15.00  sec  9.90 KBytes  81.1 Kbits/sec  151.877 ms  -1/6 (-17%)  
[  6]  15.00-16.00  sec  11.3 KBytes  92.7 Kbits/sec  93.777 ms  0/8 (0%)  
[  6]  16.00-17.00  sec  9.90 KBytes  81.1 Kbits/sec  60.803 ms  0/7 (0%)  
[  6]  17.00-18.00  sec  9.90 KBytes  81.1 Kbits/sec  40.238 ms  0/7 (0%)  
[  6]  18.00-19.00  sec  9.90 KBytes  81.1 Kbits/sec  25.637 ms  0/7 (0%)  
[  6]  19.00-20.00  sec  9.90 KBytes  81.1 Kbits/sec  16.324 ms  0/7 (0%)  
[  6]  20.00-21.00  sec  9.90 KBytes  81.1 Kbits/sec  10.409 ms  0/7 (0%)  
[  6]  21.00-22.00  sec  9.90 KBytes  81.1 Kbits/sec  6.641 ms  0/7 (0%)  
[  6]  22.00-23.00  sec  9.90 KBytes  81.1 Kbits/sec  4.233 ms  0/7 (0%)  
[  6]  23.00-24.00  sec  9.90 KBytes  81.1 Kbits/sec  2.706 ms  0/7 (0%)  
[  6]  24.00-25.00  sec  9.90 KBytes  81.1 Kbits/sec  1.730 ms  0/7 (0%)  
[  6]  25.00-26.00  sec  9.90 KBytes  81.1 Kbits/sec  1.108 ms  0/7 (0%)  
[  6]  26.00-27.00  sec  9.90 KBytes  81.1 Kbits/sec  0.717 ms  0/7 (0%)  
[  6]  27.00-28.00  sec  9.90 KBytes  81.1 Kbits/sec  0.471 ms  0/7 (0%)  
[  6]  28.00-29.00  sec  9.90 KBytes  81.1 Kbits/sec  0.318 ms  0/7 (0%)  
[  6]  29.00-30.00  sec  9.90 KBytes  81.1 Kbits/sec  0.206 ms  0/7 (0%)  
- - - - - - - - - - - - - - - - - - - - - - - - -
[ ID] Interval           Transfer     Bitrate         Jitter    Lost/Total Datagrams
[SUM]  0.0-30.0 sec  3 datagrams received out-of-order
[  6]   0.00-30.00  sec   296 KBytes  80.7 Kbits/sec  0.206 ms  2/211 (0.95%)  receiver
