-----------------------------------------------------------
Server listening on 22014 (test #1)
-----------------------------------------------------------
Accepted connection from 10.0.0.22, port 51576
[  6] local 10.0.0.14 port 22014 connected to 10.0.0.22 port 46043
[ ID] Interval           Transfer     Bitrate         Jitter    Lost/Total Datagrams
[  6]   0.00-1.00   sec  2.83 KBytes  23.1 Kbits/sec  0.001 ms  0/2 (0%)  
[  6]   1.00-2.00   sec  1.41 KBytes  11.6 Kbits/sec  0.003 ms  0/1 (0%)  
[  6]   2.00-3.00   sec  2.83 KBytes  23.2 Kbits/sec  0.006 ms  0/2 (0%)  
[  6]   3.00-4.00   sec  0.00 Bytes  0.00 bits/sec  0.006 ms  0/0 (0%)  
[  6]   4.00-5.00   sec  0.00 Bytes  0.00 bits/sec  0.006 ms  0/0 (0%)  
[  6]   5.00-6.00   sec  1.41 KBytes  11.6 Kbits/sec  140.750 ms  0/1 (0%)  
[  6]   6.00-7.00   sec  0.00 Bytes  0.00 bits/sec  140.750 ms  0/0 (0%)  
[  6]   7.00-8.00   sec  0.00 Bytes  0.00 bits/sec  140.750 ms  0/0 (0%)  
[  6]   8.00-9.00   sec  1.41 KBytes  11.6 Kbits/sec  177.012 ms  1/2 (50%)  
[  6]   9.00-10.00  sec  1.41 KBytes  11.6 Kbits/sec  178.793 ms  1/2 (50%)  
[  6]  10.00-11.00  sec  1.41 KBytes  11.6 Kbits/sec  196.782 ms  0/1 (0%)  
[  6]  11.00-12.00  sec  2.83 KBytes  23.2 Kbits/sec  237.434 ms  0/2 (0%)  
[  6]  12.00-13.00  sec  1.41 KBytes  11.6 Kbits/sec  247.406 ms  0/1 (0%)  
[  6]  13.00-14.00  sec  2.83 KBytes  23.2 Kbits/sec  271.913 ms  0/2 (0%)  
[  6]  14.00-15.00  sec  5.66 KBytes  46.4 Kbits/sec  335.259 ms  0/4 (0%)  
[  6]  15.00-16.00  sec  2.83 KBytes  23.2 Kbits/sec  327.077 ms  0/2 (0%)  
[  6]  16.00-17.00  sec  1.41 KBytes  11.6 Kbits/sec  318.356 ms  0/1 (0%)  
[  6]  17.00-18.00  sec  1.41 KBytes  11.6 Kbits/sec  298.803 ms  0/1 (0%)  
[  6]  18.00-19.00  sec  2.83 KBytes  23.2 Kbits/sec  274.006 ms  0/2 (0%)  
[  6]  19.00-20.00  sec  1.41 KBytes  11.6 Kbits/sec  258.370 ms  0/1 (0%)  
[  6]  20.00-21.00  sec  2.83 KBytes  23.2 Kbits/sec  227.097 ms  0/2 (0%)  
[  6]  21.00-22.00  sec  1.41 KBytes  11.6 Kbits/sec  212.904 ms  0/1 (0%)  
[  6]  22.00-23.00  sec  1.41 KBytes  11.6 Kbits/sec  199.607 ms  0/1 (0%)  
[  6]  23.00-24.00  sec  2.83 KBytes  23.2 Kbits/sec  175.450 ms  0/2 (0%)  
[  6]  24.00-25.00  sec  1.41 KBytes  11.6 Kbits/sec  164.489 ms  0/1 (0%)  
[  6]  25.00-26.00  sec  1.41 KBytes  11.6 Kbits/sec  154.214 ms  0/1 (0%)  
[  6]  26.00-27.00  sec  2.83 KBytes  23.2 Kbits/sec  135.551 ms  0/2 (0%)  
[  6]  27.00-28.00  sec  1.41 KBytes  11.6 Kbits/sec  127.097 ms  0/1 (0%)  
[  6]  28.00-29.00  sec  2.83 KBytes  23.2 Kbits/sec  111.728 ms  0/2 (0%)  
[  6]  29.00-30.00  sec  1.41 KBytes  11.6 Kbits/sec  104.745 ms  0/1 (0%)  
- - - - - - - - - - - - - - - - - - - - - - - - -
[ ID] Interval           Transfer     Bitrate         Jitter    Lost/Total Datagrams
[  6]   0.00-30.00  sec  55.1 KBytes  15.1 Kbits/sec  104.745 ms  2/41 (4.9%)  receiver
