-----------------------------------------------------------
Server listening on 22012 (test #1)
-----------------------------------------------------------
Accepted connection from 10.0.0.22, port 37728
[  6] local 10.0.0.12 port 22012 connected to 10.0.0.22 port 44340
[ ID] Interval           Transfer     Bitrate         Jitter    Lost/Total Datagrams
[  6]   0.00-1.00   sec   494 KBytes  4.04 Mbits/sec  0.047 ms  0/349 (0%)  
[  6]   1.00-2.00   sec   494 KBytes  4.04 Mbits/sec  0.021 ms  0/349 (0%)  
[  6]   2.00-3.00   sec   492 KBytes  4.03 Mbits/sec  0.026 ms  0/348 (0%)  
[  6]   3.00-4.00   sec   494 KBytes  4.04 Mbits/sec  0.024 ms  0/349 (0%)  
[  6]   4.00-5.00   sec   273 KBytes  2.24 Mbits/sec  7.126 ms  0/193 (0%)  
[  6]   5.00-6.00   sec   229 KBytes  1.88 Mbits/sec  0.935 ms  45/207 (22%)  
[  6]   6.00-7.00   sec   267 KBytes  2.19 Mbits/sec  0.455 ms  56/245 (23%)  
[  6]   7.00-8.00   sec   269 KBytes  2.20 Mbits/sec  0.619 ms  41/231 (18%)  
[  6]   8.00-9.00   sec   311 KBytes  2.55 Mbits/sec  1.659 ms  181/401 (45%)  
[  6]   9.00-10.00  sec   311 KBytes  2.55 Mbits/sec  0.558 ms  10/230 (4.3%)  
[  6]  10.00-11.00  sec   332 KBytes  2.72 Mbits/sec  0.518 ms  272/507 (54%)  
[  6]  11.00-12.00  sec   325 KBytes  2.66 Mbits/sec  0.516 ms  0/230 (0%)  
[  6]  12.00-13.00  sec   328 KBytes  2.69 Mbits/sec  0.503 ms  0/232 (0%)  
[  6]  13.00-14.00  sec   327 KBytes  2.68 Mbits/sec  0.509 ms  0/231 (0%)  
[  6]  14.00-15.00  sec   286 KBytes  2.34 Mbits/sec  0.716 ms  0/202 (0%)  
[  6]  15.00-16.00  sec   269 KBytes  2.20 Mbits/sec  3.890 ms  0/190 (0%)  
[  6]  16.00-17.00  sec   590 KBytes  4.83 Mbits/sec  5.661 ms  0/417 (0%)  
[  6]  17.00-18.00  sec  1.85 MBytes  15.6 Mbits/sec  4.006 ms  0/1343 (0%)  
[  6]  18.00-19.00  sec   509 KBytes  4.17 Mbits/sec  3.351 ms  0/360 (0%)  
[  6]  19.00-20.00  sec   505 KBytes  4.14 Mbits/sec  0.997 ms  0/357 (0%)  
[  6]  20.00-21.00  sec   492 KBytes  4.03 Mbits/sec  0.010 ms  0/348 (0%)  
[  6]  21.00-22.00  sec   494 KBytes  4.04 Mbits/sec  0.007 ms  0/349 (0%)  
[  6]  22.00-23.00  sec   492 KBytes  4.03 Mbits/sec  0.015 ms  0/348 (0%)  
[  6]  23.00-24.00  sec   494 KBytes  4.04 Mbits/sec  0.013 ms  0/349 (0%)  
[  6]  24.00-25.00  sec   492 KBytes  4.03 Mbits/sec  0.017 ms  0/348 (0%)  
[  6]  25.00-26.00  sec   494 KBytes  4.04 Mbits/sec  0.026 ms  0/349 (0%)  
[  6]  26.00-27.00  sec   492 KBytes  4.03 Mbits/sec  0.045 ms  0/348 (0%)  
[  6]  27.00-28.00  sec   494 KBytes  4.04 Mbits/sec  0.012 ms  0/349 (0%)  
[  6]  28.00-29.00  sec   492 KBytes  4.03 Mbits/sec  0.011 ms  0/348 (0%)  
[  6]  29.00-30.00  sec   494 KBytes  4.04 Mbits/sec  0.013 ms  0/349 (0%)  
- - - - - - - - - - - - - - - - - - - - - - - - -
[ ID] Interval           Transfer     Bitrate         Jitter    Lost/Total Datagrams
[SUM]  0.0-30.0 sec  15 datagrams received out-of-order
[  6]   0.00-30.00  sec  13.6 MBytes  3.80 Mbits/sec  0.013 ms  605/10456 (5.8%)  receiver
