-----------------------------------------------------------
Server listening on 22017 (test #1)
-----------------------------------------------------------
Accepted connection from 10.0.0.22, port 41344
[  6] local 10.0.0.17 port 22017 connected to 10.0.0.22 port 54178
[ ID] Interval           Transfer     Bitrate         Jitter    Lost/Total Datagrams
[  6]   0.00-1.00   sec   276 KBytes  2.26 Mbits/sec  0.037 ms  0/195 (0%)  
[  6]   1.00-2.00   sec   274 KBytes  2.25 Mbits/sec  0.045 ms  0/194 (0%)  
[  6]   2.00-3.00   sec   233 KBytes  1.91 Mbits/sec  8.047 ms  0/165 (0%)  
[  6]   3.00-4.00   sec   116 KBytes   950 Kbits/sec  1.712 ms  4/86 (4.7%)  
[  6]   4.00-5.00   sec   160 KBytes  1.31 Mbits/sec  0.772 ms  34/147 (23%)  
[  6]   5.00-6.00   sec   264 KBytes  2.17 Mbits/sec  6.488 ms  32/219 (15%)  
[  6]   6.00-7.00   sec   221 KBytes  1.81 Mbits/sec  4.175 ms  20/176 (11%)  
[  6]   7.00-8.00   sec   270 KBytes  2.21 Mbits/sec  7.890 ms  12/203 (5.9%)  
[  6]   8.00-9.00   sec   325 KBytes  2.66 Mbits/sec  5.883 ms  8/238 (3.4%)  
[  6]   9.00-10.00  sec   307 KBytes  2.51 Mbits/sec  6.193 ms  0/217 (0%)  
[  6]  10.00-11.00  sec   263 KBytes  2.15 Mbits/sec  6.065 ms  0/186 (0%)  
[  6]  11.00-12.00  sec   280 KBytes  2.29 Mbits/sec  5.918 ms  0/198 (0%)  
[  6]  12.00-13.00  sec   280 KBytes  2.29 Mbits/sec  6.012 ms  0/198 (0%)  
[  6]  13.00-14.00  sec   269 KBytes  2.20 Mbits/sec  7.509 ms  0/190 (0%)  
[  6]  14.00-15.00  sec   272 KBytes  2.22 Mbits/sec  6.016 ms  0/192 (0%)  
[  6]  15.00-16.00  sec   359 KBytes  2.94 Mbits/sec  7.866 ms  0/254 (0%)  
[  6]  16.00-17.00  sec   279 KBytes  2.28 Mbits/sec  9.480 ms  0/197 (0%)  
[  6]  17.00-18.00  sec   328 KBytes  2.69 Mbits/sec  3.553 ms  0/232 (0%)  
[  6]  18.00-19.00  sec   283 KBytes  2.32 Mbits/sec  0.062 ms  0/200 (0%)  
[  6]  19.00-20.00  sec   274 KBytes  2.25 Mbits/sec  0.024 ms  0/194 (0%)  
[  6]  20.00-21.00  sec   274 KBytes  2.25 Mbits/sec  0.017 ms  0/194 (0%)  
[  6]  21.00-22.00  sec   274 KBytes  2.25 Mbits/sec  0.035 ms  0/194 (0%)  
[  6]  22.00-23.00  sec   274 KBytes  2.25 Mbits/sec  0.051 ms  0/194 (0%)  
[  6]  23.00-24.00  sec   274 KBytes  2.25 Mbits/sec  0.021 ms  0/194 (0%)  
[  6]  24.00-25.00  sec   274 KBytes  2.25 Mbits/sec  0.037 ms  0/194 (0%)  
[  6]  25.00-26.00  sec   274 KBytes  2.25 Mbits/sec  0.012 ms  0/194 (0%)  
[  6]  26.00-27.00  sec   274 KBytes  2.25 Mbits/sec  0.099 ms  0/194 (0%)  
[  6]  27.00-28.00  sec   274 KBytes  2.25 Mbits/sec  0.009 ms  0/194 (0%)  
[  6]  28.00-29.00  sec   274 KBytes  2.25 Mbits/sec  0.021 ms  0/194 (0%)  
[  6]  29.00-30.00  sec   274 KBytes  2.25 Mbits/sec  0.005 ms  0/194 (0%)  
- - - - - - - - - - - - - - - - - - - - - - - - -
[ ID] Interval           Transfer     Bitrate         Jitter    Lost/Total Datagrams
[SUM]  0.0-30.0 sec  84 datagrams received out-of-order
[  6]   0.00-30.00  sec  7.89 MBytes  2.21 Mbits/sec  0.005 ms  110/5821 (1.9%)  receiver
