-----------------------------------------------------------
Server listening on 22002 (test #1)
-----------------------------------------------------------
Accepted connection from 10.0.0.22, port 52630
[  6] local 10.0.0.2 port 22002 connected to 10.0.0.22 port 41800
[ ID] Interval           Transfer     Bitrate         Jitter    Lost/Total Datagrams
[  6]   0.00-1.00   sec   469 KBytes  3.84 Mbits/sec  0.009 ms  0/332 (0%)  
[  6]   1.00-2.00   sec   468 KBytes  3.83 Mbits/sec  0.033 ms  0/331 (0%)  
[  6]   2.00-3.00   sec   468 KBytes  3.84 Mbits/sec  0.032 ms  0/331 (0%)  
[  6]   3.00-4.00   sec   468 KBytes  3.83 Mbits/sec  0.034 ms  0/331 (0%)  
[  6]   4.00-5.00   sec   469 KBytes  3.85 Mbits/sec  0.065 ms  0/332 (0%)  
[  6]   5.00-6.00   sec   468 KBytes  3.84 Mbits/sec  0.022 ms  0/331 (0%)  
[  6]   6.00-7.00   sec   468 KBytes  3.83 Mbits/sec  0.048 ms  0/331 (0%)  
[  6]   7.00-8.00   sec   468 KBytes  3.83 Mbits/sec  0.006 ms  0/331 (0%)  
[  6]   8.00-9.00   sec   147 KBytes  1.20 Mbits/sec  2.405 ms  4/108 (3.7%)  
[  6]   9.00-10.00  sec   264 KBytes  2.17 Mbits/sec  0.903 ms  62/249 (25%)  
[  6]  10.00-11.00  sec   334 KBytes  2.73 Mbits/sec  0.529 ms  38/274 (14%)  
[  6]  11.00-12.00  sec   280 KBytes  2.29 Mbits/sec  3.314 ms  181/379 (48%)  
[  6]  12.00-13.00  sec   233 KBytes  1.91 Mbits/sec  5.324 ms  12/177 (6.8%)  
[  6]  13.00-14.00  sec   267 KBytes  2.19 Mbits/sec  0.521 ms  6/195 (3.1%)  
[  6]  14.00-15.00  sec   325 KBytes  2.66 Mbits/sec  0.519 ms  0/230 (0%)  
[  6]  15.00-16.00  sec   325 KBytes  2.66 Mbits/sec  0.515 ms  0/230 (0%)  
[  6]  16.00-17.00  sec   325 KBytes  2.66 Mbits/sec  0.517 ms  0/230 (0%)  
[  6]  17.00-18.00  sec   327 KBytes  2.68 Mbits/sec  0.510 ms  0/231 (0%)  
[  6]  18.00-19.00  sec   325 KBytes  2.66 Mbits/sec  0.514 ms  0/230 (0%)  
[  6]  19.00-20.00  sec   328 KBytes  2.69 Mbits/sec  0.505 ms  0/232 (0%)  
[  6]  20.00-21.00  sec  1.94 MBytes  16.3 Mbits/sec  0.123 ms  0/1406 (0%)  
[  6]  21.00-22.00  sec   643 KBytes  5.27 Mbits/sec  3.896 ms  0/455 (0%)  
[  6]  22.00-23.00  sec   471 KBytes  3.86 Mbits/sec  3.282 ms  0/333 (0%)  
[  6]  23.00-24.00  sec   481 KBytes  3.94 Mbits/sec  0.013 ms  0/340 (0%)  
[  6]  24.00-25.00  sec   469 KBytes  3.85 Mbits/sec  0.012 ms  0/332 (0%)  
[  6]  25.00-26.00  sec   468 KBytes  3.83 Mbits/sec  0.009 ms  0/331 (0%)  
[  6]  26.00-27.00  sec   468 KBytes  3.83 Mbits/sec  0.011 ms  0/331 (0%)  
[  6]  27.00-28.00  sec   468 KBytes  3.84 Mbits/sec  0.032 ms  0/331 (0%)  
[  6]  28.00-29.00  sec   468 KBytes  3.83 Mbits/sec  0.020 ms  0/331 (0%)  
[  6]  29.00-30.00  sec   469 KBytes  3.85 Mbits/sec  0.020 ms  0/332 (0%)  
- - - - - - - - - - - - - - - - - - - - - - - - -
[ ID] Interval           Transfer     Bitrate         Jitter    Lost/Total Datagrams
[SUM]  0.0-30.0 sec  59 datagrams received out-of-order
[  6]   0.00-30.00  sec  13.3 MBytes  3.72 Mbits/sec  0.020 ms  303/9937 (3%)  receiver
