-----------------------------------------------------------
Server listening on 22023 (test #1)
-----------------------------------------------------------
Accepted connection from 10.0.0.22, port 49924
[  6] local 10.0.0.23 port 22023 connected to 10.0.0.22 port 59795
[ ID] Interval           Transfer     Bitrate         Jitter    Lost/Total Datagrams
[  6]   0.00-1.00   sec  1.41 KBytes  11.6 Kbits/sec  0.000 ms  0/1 (0%)  
[  6]   1.00-2.00   sec  1.41 KBytes  11.6 Kbits/sec  0.006 ms  0/1 (0%)  
[  6]   2.00-3.00   sec  0.00 Bytes  0.00 bits/sec  0.006 ms  0/0 (0%)  
[  6]   3.00-4.00   sec  1.41 KBytes  11.6 Kbits/sec  53.414 ms  1/2 (50%)  
[  6]   4.00-5.00   sec  0.00 Bytes  0.00 bits/sec  53.414 ms  0/0 (0%)  
[  6]   5.00-6.00   sec  2.83 KBytes  23.2 Kbits/sec  60.997 ms  0/2 (0%)  
[  6]   6.00-7.00   sec  0.00 Bytes  0.00 bits/sec  60.997 ms  0/0 (0%)  
[  6]   7.00-8.00   sec  2.83 KBytes  23.2 Kbits/sec  85.143 ms  0/2 (0%)  
[  6]   8.00-9.00   sec  1.41 KBytes  11.6 Kbits/sec  83.516 ms  0/1 (0%)  
[  6]   9.00-10.00  sec  1.41 KBytes  11.6 Kbits/sec  78.620 ms  0/1 (0%)  
[  6]  10.00-11.00  sec  1.41 KBytes  11.6 Kbits/sec  73.774 ms  0/1 (0%)  
[  6]  11.00-12.00  sec  1.41 KBytes  11.6 Kbits/sec  69.183 ms  0/1 (0%)  
[  6]  12.00-13.00  sec  1.41 KBytes  11.6 Kbits/sec  64.958 ms  0/1 (0%)  
[  6]  13.00-14.00  sec  1.41 KBytes  11.6 Kbits/sec  92.106 ms  0/1 (0%)  
[  6]  14.00-15.00  sec  1.41 KBytes  11.6 Kbits/sec  98.146 ms  0/1 (0%)  
[  6]  15.00-16.00  sec  1.41 KBytes  11.6 Kbits/sec  95.909 ms  0/1 (0%)  
[  6]  16.00-17.00  sec  1.41 KBytes  11.6 Kbits/sec  96.635 ms  0/1 (0%)  
[  6]  17.00-18.00  sec  1.41 KBytes  11.6 Kbits/sec  92.431 ms  0/1 (0%)  
[  6]  18.00-19.00  sec  1.41 KBytes  11.6 Kbits/sec  86.663 ms  0/1 (0%)  
[  6]  19.00-20.00  sec  1.41 KBytes  11.6 Kbits/sec  81.263 ms  0/1 (0%)  
[  6]  20.00-21.00  sec  1.41 KBytes  11.6 Kbits/sec  76.197 ms  0/1 (0%)  
[  6]  21.00-22.00  sec  1.41 KBytes  11.6 Kbits/sec  71.438 ms  0/1 (0%)  
[  6]  22.00-23.00  sec  1.41 KBytes  11.6 Kbits/sec  66.977 ms  0/1 (0%)  
[  6]  23.00-24.00  sec  1.41 KBytes  11.6 Kbits/sec  62.793 ms  0/1 (0%)  
[  6]  24.00-25.00  sec  1.41 KBytes  11.6 Kbits/sec  58.869 ms  0/1 (0%)  
[  6]  25.00-26.00  sec  1.41 KBytes  11.6 Kbits/sec  55.192 ms  0/1 (0%)  
[  6]  26.00-27.00  sec  1.41 KBytes  11.6 Kbits/sec  51.748 ms  0/1 (0%)  
[  6]  27.00-28.00  sec  1.41 KBytes  11.6 Kbits/sec  48.518 ms  0/1 (0%)  
[  6]  28.00-29.00  sec  1.41 KBytes  11.6 Kbits/sec  45.495 ms  0/1 (0%)  
[  6]  29.00-30.00  sec  1.41 KBytes  11.6 Kbits/sec  42.658 ms  0/1 (0%)  
- - - - - - - - - - - - - - - - - - - - - - - - -
[ ID] Interval           Transfer     Bitrate         Jitter    Lost/Total Datagrams
[  6]   0.00-30.00  sec  41.0 KBytes  11.2 Kbits/sec  42.658 ms  1/30 (3.3%)  receiver
