-----------------------------------------------------------
Server listening on 22003 (test #1)
-----------------------------------------------------------
Accepted connection from 10.0.0.22, port 43076
[  6] local 10.0.0.3 port 22003 connected to 10.0.0.22 port 55523
[ ID] Interval           Transfer     Bitrate         Jitter    Lost/Total Datagrams
[  6]   0.00-1.00   sec  32.5 KBytes   266 Kbits/sec  0.010 ms  0/23 (0%)  
[  6]   1.00-2.00   sec  31.1 KBytes   255 Kbits/sec  0.012 ms  0/22 (0%)  
[  6]   2.00-3.00   sec  31.1 KBytes   255 Kbits/sec  0.036 ms  0/22 (0%)  
[  6]   3.00-4.00   sec  31.1 KBytes   255 Kbits/sec  0.045 ms  0/22 (0%)  
[  6]   4.00-5.00   sec  32.5 KBytes   266 Kbits/sec  0.052 ms  0/23 (0%)  
[  6]   5.00-6.00   sec  31.1 KBytes   255 Kbits/sec  0.037 ms  0/22 (0%)  
[  6]   6.00-7.00   sec  31.1 KBytes   255 Kbits/sec  0.075 ms  0/22 (0%)  
[  6]   7.00-8.00   sec  22.6 KBytes   185 Kbits/sec  16.717 ms  0/16 (0%)  
[  6]   8.00-9.00   sec  12.7 KBytes   104 Kbits/sec  30.615 ms  1/10 (10%)  
[  6]   9.00-10.00  sec  17.0 KBytes   139 Kbits/sec  21.472 ms  7/19 (37%)  
[  6]  10.00-11.00  sec  24.0 KBytes   197 Kbits/sec  24.051 ms  6/23 (26%)  
[  6]  11.00-12.00  sec  38.2 KBytes   313 Kbits/sec  26.375 ms  1/28 (3.6%)  
[  6]  12.00-13.00  sec  24.0 KBytes   197 Kbits/sec  29.411 ms  0/17 (0%)  
[  6]  13.00-14.00  sec  38.2 KBytes   312 Kbits/sec  28.968 ms  1/28 (3.6%)  
[  6]  14.00-15.00  sec  33.9 KBytes   278 Kbits/sec  26.861 ms  0/24 (0%)  
[  6]  15.00-16.00  sec  32.5 KBytes   266 Kbits/sec  26.250 ms  0/23 (0%)  
[  6]  16.00-17.00  sec  31.1 KBytes   255 Kbits/sec  25.927 ms  0/22 (0%)  
[  6]  17.00-18.00  sec  31.1 KBytes   255 Kbits/sec  25.805 ms  0/22 (0%)  
[  6]  18.00-19.00  sec  31.1 KBytes   255 Kbits/sec  26.252 ms  0/22 (0%)  
[  6]  19.00-20.00  sec  46.7 KBytes   382 Kbits/sec  252.750 ms  0/33 (0%)  
[  6]  20.00-21.00  sec  31.1 KBytes   255 Kbits/sec  67.333 ms  0/22 (0%)  
[  6]  21.00-22.00  sec  32.5 KBytes   267 Kbits/sec  20.865 ms  0/23 (0%)  
[  6]  22.00-23.00  sec  31.1 KBytes   255 Kbits/sec  8.490 ms  0/22 (0%)  
[  6]  23.00-24.00  sec  32.5 KBytes   267 Kbits/sec  2.695 ms  0/23 (0%)  
[  6]  24.00-25.00  sec  31.1 KBytes   255 Kbits/sec  0.667 ms  0/22 (0%)  
[  6]  25.00-26.00  sec  32.5 KBytes   266 Kbits/sec  0.186 ms  0/23 (0%)  
[  6]  26.00-27.00  sec  31.1 KBytes   255 Kbits/sec  0.089 ms  0/22 (0%)  
[  6]  27.00-28.00  sec  31.1 KBytes   255 Kbits/sec  0.072 ms  0/22 (0%)  
[  6]  28.00-29.00  sec  31.1 KBytes   255 Kbits/sec  0.027 ms  0/22 (0%)  
[  6]  29.00-30.00  sec  31.1 KBytes   255 Kbits/sec  0.016 ms  0/22 (0%)  
- - - - - - - - - - - - - - - - - - - - - - - - -
[ ID] Interval           Transfer     Bitrate         Jitter    Lost/Total Datagrams
[SUM]  0.0-30.0 sec  11 datagrams received out-of-order
[  6]   0.00-30.00  sec   919 KBytes   251 Kbits/sec  0.016 ms  16/666 (2.4%)  receiver
