-----------------------------------------------------------
Server listening on 22004 (test #1)
-----------------------------------------------------------
Accepted connection from 10.0.0.22, port 59486
[  6] local 10.0.0.4 port 22004 connected to 10.0.0.22 port 52914
[ ID] Interval           Transfer     Bitrate         Jitter    Lost/Total Datagrams
[  6]   0.00-1.00   sec  2.24 MBytes  18.8 Mbits/sec  0.008 ms  0/1623 (0%)  
[  6]   1.00-2.00   sec  2.24 MBytes  18.8 Mbits/sec  0.017 ms  0/1623 (0%)  
[  6]   2.00-3.00   sec  2.24 MBytes  18.8 Mbits/sec  0.023 ms  0/1624 (0%)  
[  6]   3.00-4.00   sec  2.24 MBytes  18.8 Mbits/sec  0.047 ms  0/1622 (0%)  
[  6]   4.00-5.00   sec  2.24 MBytes  18.8 Mbits/sec  0.021 ms  0/1623 (0%)  
[  6]   5.00-6.00   sec  2.24 MBytes  18.8 Mbits/sec  0.033 ms  0/1621 (0%)  
[  6]   6.00-7.00   sec  2.24 MBytes  18.8 Mbits/sec  0.021 ms  0/1624 (0%)  
[  6]   7.00-8.00   sec   870 KBytes  7.13 Mbits/sec  1.334 ms  0/615 (0%)  
[  6]   8.00-9.00   sec   238 KBytes  1.95 Mbits/sec  0.682 ms  64/232 (28%)  
[  6]   9.00-10.00  sec   187 KBytes  1.53 Mbits/sec  0.247 ms  1484/1616 (92%)  
[  6]  10.00-11.00  sec   296 KBytes  2.42 Mbits/sec  0.282 ms  1831/2040 (90%)  
[  6]  11.00-12.00  sec   321 KBytes  2.63 Mbits/sec  0.582 ms  693/920 (75%)  
[  6]  12.00-13.00  sec   322 KBytes  2.64 Mbits/sec  0.256 ms  2446/2674 (91%)  
[  6]  13.00-14.00  sec   165 KBytes  1.36 Mbits/sec  0.525 ms  0/117 (0%)  
[  6]  14.00-15.00  sec   325 KBytes  2.67 Mbits/sec  0.516 ms  0/230 (0%)  
[  6]  15.00-16.00  sec   325 KBytes  2.66 Mbits/sec  0.515 ms  0/230 (0%)  
[  6]  16.00-17.00  sec   331 KBytes  2.71 Mbits/sec  0.504 ms  0/234 (0%)  
[  6]  17.00-18.00  sec   329 KBytes  2.70 Mbits/sec  0.510 ms  0/233 (0%)  
[  6]  18.00-19.00  sec   328 KBytes  2.69 Mbits/sec  0.502 ms  0/232 (0%)  
[  6]  19.00-20.00  sec  5.23 MBytes  43.8 Mbits/sec  0.113 ms  0/3784 (0%)  
[  6]  20.00-21.00  sec  3.46 MBytes  29.0 Mbits/sec  0.434 ms  0/2502 (0%)  
[  6]  21.00-22.00  sec  7.64 MBytes  64.1 Mbits/sec  0.117 ms  0/5536 (0%)  
[  6]  22.00-23.00  sec  6.58 MBytes  55.3 Mbits/sec  0.006 ms  0/4765 (0%)  
[  6]  23.00-24.00  sec  2.24 MBytes  18.8 Mbits/sec  0.008 ms  0/1624 (0%)  
[  6]  24.00-25.00  sec  2.24 MBytes  18.8 Mbits/sec  0.010 ms  0/1623 (0%)  
[  6]  25.00-26.00  sec  2.24 MBytes  18.8 Mbits/sec  0.008 ms  0/1623 (0%)  
[  6]  26.00-27.00  sec  2.24 MBytes  18.8 Mbits/sec  0.013 ms  0/1622 (0%)  
[  6]  27.00-28.00  sec  2.24 MBytes  18.8 Mbits/sec  0.004 ms  0/1623 (0%)  
[  6]  28.00-29.00  sec  2.24 MBytes  18.8 Mbits/sec  0.004 ms  0/1623 (0%)  
[  6]  29.00-30.00  sec  2.24 MBytes  18.8 Mbits/sec  0.003 ms  0/1621 (0%)  
[  6]  30.00-30.00  sec  1.41 KBytes  8.10 Mbits/sec  0.002 ms  0/1 (0%)  
- - - - - - - - - - - - - - - - - - - - - - - - -
[ ID] Interval           Transfer     Bitrate         Jitter    Lost/Total Datagrams
[SUM]  0.0-30.0 sec  114 datagrams received out-of-order
[  6]   0.00-30.00  sec  58.2 MBytes  16.3 Mbits/sec  0.002 ms  6518/48680 (13%)  receiver
