-----------------------------------------------------------
Server listening on 22005 (test #1)
-----------------------------------------------------------
Accepted connection from 10.0.0.22, port 59352
[  6] local 10.0.0.5 port 22005 connected to 10.0.0.22 port 58431
[ ID] Interval           Transfer     Bitrate         Jitter    Lost/Total Datagrams
[  6]   0.00-1.00   sec   522 KBytes  4.27 Mbits/sec  0.010 ms  0/369 (0%)  
[  6]   1.00-2.00   sec   522 KBytes  4.27 Mbits/sec  0.016 ms  0/369 (0%)  
[  6]   2.00-3.00   sec   522 KBytes  4.27 Mbits/sec  0.023 ms  0/369 (0%)  
[  6]   3.00-4.00   sec   522 KBytes  4.28 Mbits/sec  0.012 ms  0/369 (0%)  
[  6]   4.00-5.00   sec   522 KBytes  4.27 Mbits/sec  0.063 ms  0/369 (0%)  
[  6]   5.00-6.00   sec   522 KBytes  4.27 Mbits/sec  0.044 ms  0/369 (0%)  
[  6]   6.00-7.00   sec   445 KBytes  3.65 Mbits/sec  2.896 ms  0/315 (0%)  
[  6]   7.00-8.00   sec   197 KBytes  1.61 Mbits/sec  0.983 ms  24/163 (15%)  
[  6]   8.00-9.00   sec   257 KBytes  2.11 Mbits/sec  0.688 ms  55/237 (23%)  
[  6]   9.00-10.00  sec   218 KBytes  1.78 Mbits/sec  1.240 ms  133/287 (46%)  
[  6]  10.00-11.00  sec   311 KBytes  2.55 Mbits/sec  1.403 ms  157/377 (42%)  
[  6]  11.00-12.00  sec   313 KBytes  2.56 Mbits/sec  0.538 ms  9/230 (3.9%)  
[  6]  12.00-13.00  sec   320 KBytes  2.62 Mbits/sec  0.514 ms  4/230 (1.7%)  
[  6]  13.00-14.00  sec   327 KBytes  2.68 Mbits/sec  0.520 ms  0/231 (0%)  
[  6]  14.00-15.00  sec   325 KBytes  2.66 Mbits/sec  0.515 ms  0/230 (0%)  
[  6]  15.00-16.00  sec   325 KBytes  2.66 Mbits/sec  0.515 ms  0/230 (0%)  
[  6]  16.00-17.00  sec   331 KBytes  2.71 Mbits/sec  0.503 ms  0/234 (0%)  
[  6]  17.00-18.00  sec   331 KBytes  2.71 Mbits/sec  0.501 ms  0/234 (0%)  
[  6]  18.00-19.00  sec   324 KBytes  2.65 Mbits/sec  0.515 ms  1/230 (0.43%)  
[  6]  19.00-20.00  sec  1.65 MBytes  13.8 Mbits/sec  1.217 ms  0/1192 (0%)  
[  6]  20.00-21.00  sec  1.52 MBytes  12.7 Mbits/sec  3.813 ms  0/1098 (0%)  
[  6]  21.00-22.00  sec   526 KBytes  4.30 Mbits/sec  2.899 ms  0/372 (0%)  
[  6]  22.00-23.00  sec   539 KBytes  4.41 Mbits/sec  0.028 ms  0/381 (0%)  
[  6]  23.00-24.00  sec   520 KBytes  4.26 Mbits/sec  0.017 ms  0/368 (0%)  
[  6]  24.00-25.00  sec   522 KBytes  4.27 Mbits/sec  0.014 ms  0/369 (0%)  
[  6]  25.00-26.00  sec   522 KBytes  4.27 Mbits/sec  0.009 ms  0/369 (0%)  
[  6]  26.00-27.00  sec   522 KBytes  4.27 Mbits/sec  0.020 ms  0/369 (0%)  
[  6]  27.00-28.00  sec   522 KBytes  4.27 Mbits/sec  0.015 ms  0/369 (0%)  
[  6]  28.00-29.00  sec   522 KBytes  4.28 Mbits/sec  0.012 ms  0/369 (0%)  
[  6]  29.00-30.00  sec   522 KBytes  4.27 Mbits/sec  0.017 ms  0/369 (0%)  
- - - - - - - - - - - - - - - - - - - - - - - - -
[ ID] Interval           Transfer     Bitrate         Jitter    Lost/Total Datagrams
[SUM]  0.0-30.0 sec  4 datagrams received out-of-order
[  6]   0.00-30.00  sec  14.8 MBytes  4.13 Mbits/sec  0.017 ms  383/11067 (3.5%)  receiver
