-----------------------------------------------------------
Server listening on 22007 (test #1)
-----------------------------------------------------------
Accepted connection from 10.0.0.22, port 56338
[  6] local 10.0.0.7 port 22007 connected to 10.0.0.22 port 53143
[ ID] Interval           Transfer     Bitrate         Jitter    Lost/Total Datagrams
[  6]   0.00-1.00   sec  76.4 KBytes   625 Kbits/sec  0.013 ms  0/54 (0%)  
[  6]   1.00-2.00   sec  76.4 KBytes   626 Kbits/sec  0.036 ms  0/54 (0%)  
[  6]   2.00-3.00   sec  76.4 KBytes   626 Kbits/sec  0.021 ms  0/54 (0%)  
[  6]   3.00-4.00   sec  76.4 KBytes   625 Kbits/sec  0.023 ms  0/54 (0%)  
[  6]   4.00-5.00   sec  76.4 KBytes   626 Kbits/sec  0.031 ms  0/54 (0%)  
[  6]   5.00-6.00   sec  73.5 KBytes   602 Kbits/sec  2.304 ms  0/52 (0%)  
[  6]   6.00-7.00   sec  26.9 KBytes   220 Kbits/sec  22.774 ms  0/19 (0%)  
[  6]   7.00-8.00   sec  46.7 KBytes   382 Kbits/sec  8.025 ms  8/41 (20%)  
[  6]   8.00-9.00   sec  69.3 KBytes   568 Kbits/sec  12.334 ms  10/59 (17%)  
[  6]   9.00-10.00  sec  59.4 KBytes   487 Kbits/sec  16.804 ms  5/47 (11%)  
[  6]  10.00-11.00  sec  80.6 KBytes   660 Kbits/sec  21.916 ms  4/61 (6.6%)  
[  6]  11.00-12.00  sec  87.7 KBytes   718 Kbits/sec  15.358 ms  1/63 (1.6%)  
[  6]  12.00-13.00  sec  82.0 KBytes   672 Kbits/sec  19.377 ms  1/59 (1.7%)  
[  6]  13.00-14.00  sec  79.2 KBytes   649 Kbits/sec  20.486 ms  0/56 (0%)  
[  6]  14.00-15.00  sec  72.1 KBytes   591 Kbits/sec  20.597 ms  0/51 (0%)  
[  6]  15.00-16.00  sec  77.8 KBytes   637 Kbits/sec  20.447 ms  0/55 (0%)  
[  6]  16.00-17.00  sec  77.8 KBytes   638 Kbits/sec  20.463 ms  0/55 (0%)  
[  6]  17.00-18.00  sec  86.3 KBytes   706 Kbits/sec  178.462 ms  21/82 (26%)  
[  6]  18.00-19.00  sec  99.0 KBytes   811 Kbits/sec  40.568 ms  -21/49 (-43%)  
[  6]  19.00-20.00  sec  80.6 KBytes   660 Kbits/sec  7.798 ms  0/57 (0%)  
[  6]  20.00-21.00  sec  76.4 KBytes   625 Kbits/sec  2.706 ms  0/54 (0%)  
[  6]  21.00-22.00  sec  79.2 KBytes   649 Kbits/sec  0.760 ms  0/56 (0%)  
[  6]  22.00-23.00  sec  74.9 KBytes   614 Kbits/sec  0.046 ms  0/53 (0%)  
[  6]  23.00-24.00  sec  76.4 KBytes   625 Kbits/sec  0.017 ms  0/54 (0%)  
[  6]  24.00-25.00  sec  76.4 KBytes   626 Kbits/sec  0.062 ms  0/54 (0%)  
[  6]  25.00-26.00  sec  76.4 KBytes   626 Kbits/sec  0.036 ms  0/54 (0%)  
[  6]  26.00-27.00  sec  76.4 KBytes   625 Kbits/sec  0.019 ms  0/54 (0%)  
[  6]  27.00-28.00  sec  76.4 KBytes   626 Kbits/sec  0.024 ms  0/54 (0%)  
[  6]  28.00-29.00  sec  76.4 KBytes   626 Kbits/sec  0.017 ms  0/54 (0%)  
[  6]  29.00-30.00  sec  74.9 KBytes   614 Kbits/sec  0.009 ms  0/53 (0%)  
- - - - - - - - - - - - - - - - - - - - - - - - -
[ ID] Interval           Transfer     Bitrate         Jitter    Lost/Total Datagrams
[SUM]  0.0-30.0 sec  29 datagrams received out-of-order
[  6]   0.00-30.00  sec  2.19 MBytes   613 Kbits/sec  0.009 ms  29/1616 (1.8%)  receiver
