-----------------------------------------------------------
Server listening on 22008 (test #1)
-----------------------------------------------------------
Accepted connection from 10.0.0.22, port 37874
[  6] local 10.0.0.8 port 22008 connected to 10.0.0.22 port 59317
[ ID] Interval           Transfer     Bitrate         Jitter    Lost/Total Datagrams
[  6]   0.00-1.00   sec  43.8 KBytes   359 Kbits/sec  0.037 ms  0/31 (0%)  
[  6]   1.00-2.00   sec  43.8 KBytes   359 Kbits/sec  0.066 ms  0/31 (0%)  
[  6]   2.00-3.00   sec  43.8 KBytes   359 Kbits/sec  0.047 ms  0/31 (0%)  
[  6]   3.00-4.00   sec  43.8 KBytes   359 Kbits/sec  0.049 ms  0/31 (0%)  
[  6]   4.00-5.00   sec  43.8 KBytes   359 Kbits/sec  0.093 ms  0/31 (0%)  
[  6]   5.00-6.00   sec  31.1 KBytes   255 Kbits/sec  16.098 ms  0/22 (0%)  
[  6]   6.00-7.00   sec  17.0 KBytes   139 Kbits/sec  26.739 ms  4/16 (25%)  
[  6]   7.00-8.00   sec  32.5 KBytes   266 Kbits/sec  10.860 ms  3/26 (12%)  
[  6]   8.00-9.00   sec  41.0 KBytes   336 Kbits/sec  23.101 ms  3/32 (9.4%)  
[  6]   9.00-10.00  sec  50.9 KBytes   417 Kbits/sec  24.047 ms  3/39 (7.7%)  
[  6]  10.00-11.00  sec  35.4 KBytes   290 Kbits/sec  26.115 ms  0/25 (0%)  
[  6]  11.00-12.00  sec  52.3 KBytes   429 Kbits/sec  25.590 ms  0/37 (0%)  
[  6]  12.00-13.00  sec  49.5 KBytes   405 Kbits/sec  26.656 ms  0/35 (0%)  
[  6]  13.00-14.00  sec  42.4 KBytes   348 Kbits/sec  26.880 ms  0/30 (0%)  
[  6]  14.00-15.00  sec  43.8 KBytes   359 Kbits/sec  27.068 ms  0/31 (0%)  
[  6]  15.00-16.00  sec  45.2 KBytes   370 Kbits/sec  27.109 ms  0/32 (0%)  
[  6]  16.00-17.00  sec  42.4 KBytes   348 Kbits/sec  27.221 ms  0/30 (0%)  
[  6]  17.00-18.00  sec  58.0 KBytes   475 Kbits/sec  251.672 ms  5/46 (11%)  
[  6]  18.00-19.00  sec  49.5 KBytes   405 Kbits/sec  72.907 ms  -5/30 (-17%)  
[  6]  19.00-20.00  sec  46.7 KBytes   382 Kbits/sec  16.153 ms  0/33 (0%)  
[  6]  20.00-21.00  sec  43.8 KBytes   359 Kbits/sec  7.465 ms  0/31 (0%)  
[  6]  21.00-22.00  sec  45.2 KBytes   371 Kbits/sec  1.550 ms  0/32 (0%)  
[  6]  22.00-23.00  sec  43.8 KBytes   359 Kbits/sec  0.248 ms  0/31 (0%)  
[  6]  23.00-24.00  sec  43.8 KBytes   359 Kbits/sec  0.074 ms  0/31 (0%)  
[  6]  24.00-25.00  sec  43.8 KBytes   359 Kbits/sec  0.058 ms  0/31 (0%)  
[  6]  25.00-26.00  sec  43.8 KBytes   359 Kbits/sec  0.084 ms  0/31 (0%)  
[  6]  26.00-27.00  sec  43.8 KBytes   359 Kbits/sec  0.036 ms  0/31 (0%)  
[  6]  27.00-28.00  sec  43.8 KBytes   359 Kbits/sec  0.026 ms  0/31 (0%)  
[  6]  28.00-29.00  sec  43.8 KBytes   359 Kbits/sec  0.025 ms  0/31 (0%)  
[  6]  29.00-30.00  sec  43.8 KBytes   359 Kbits/sec  0.017 ms  0/31 (0%)  
- - - - - - - - - - - - - - - - - - - - - - - - -
[ ID] Interval           Transfer     Bitrate         Jitter    Lost/Total Datagrams
[SUM]  0.0-30.0 sec  16 datagrams received out-of-order
[  6]   0.00-30.00  sec  1.27 MBytes   354 Kbits/sec  0.017 ms  13/930 (1.4%)  receiver
