-----------------------------------------------------------
Server listening on 22009 (test #1)
-----------------------------------------------------------
Accepted connection from 10.0.0.22, port 33254
[  6] local 10.0.0.9 port 22009 connected to 10.0.0.22 port 59158
[ ID] Interval           Transfer     Bitrate         Jitter    Lost/Total Datagrams
[  6]   0.00-1.00   sec   404 KBytes  3.31 Mbits/sec  0.021 ms  0/286 (0%)  
[  6]   1.00-2.00   sec   404 KBytes  3.31 Mbits/sec  0.031 ms  0/286 (0%)  
[  6]   2.00-3.00   sec   404 KBytes  3.31 Mbits/sec  0.035 ms  0/286 (0%)  
[  6]   3.00-4.00   sec   403 KBytes  3.30 Mbits/sec  0.036 ms  0/285 (0%)  
[  6]   4.00-5.00   sec   404 KBytes  3.31 Mbits/sec  0.026 ms  0/286 (0%)  
[  6]   5.00-6.00   sec   168 KBytes  1.38 Mbits/sec  6.211 ms  0/119 (0%)  
[  6]   6.00-7.00   sec   215 KBytes  1.76 Mbits/sec  1.283 ms  47/199 (24%)  
[  6]   7.00-8.00   sec   314 KBytes  2.57 Mbits/sec  1.775 ms  71/293 (24%)  
[  6]   8.00-9.00   sec   304 KBytes  2.49 Mbits/sec  1.532 ms  28/243 (12%)  
[  6]   9.00-10.00  sec   314 KBytes  2.57 Mbits/sec  3.805 ms  100/322 (31%)  
[  6]  10.00-11.00  sec   317 KBytes  2.59 Mbits/sec  0.508 ms  6/230 (2.6%)  
[  6]  11.00-12.00  sec   267 KBytes  2.19 Mbits/sec  1.106 ms  0/189 (0%)  
[  6]  12.00-13.00  sec   259 KBytes  2.12 Mbits/sec  12.168 ms  0/183 (0%)  
[  6]  13.00-14.00  sec   287 KBytes  2.35 Mbits/sec  0.515 ms  0/203 (0%)  
[  6]  14.00-15.00  sec   327 KBytes  2.68 Mbits/sec  0.509 ms  0/231 (0%)  
[  6]  15.00-16.00  sec   328 KBytes  2.69 Mbits/sec  0.516 ms  0/232 (0%)  
[  6]  16.00-17.00  sec   325 KBytes  2.66 Mbits/sec  0.516 ms  0/230 (0%)  
[  6]  17.00-18.00  sec   488 KBytes  4.00 Mbits/sec  0.537 ms  0/345 (0%)  
[  6]  18.00-19.00  sec   897 KBytes  7.34 Mbits/sec  1.096 ms  0/634 (0%)  
[  6]  19.00-20.00  sec   880 KBytes  7.21 Mbits/sec  2.926 ms  0/622 (0%)  
[  6]  20.00-21.00  sec   416 KBytes  3.41 Mbits/sec  0.048 ms  0/294 (0%)  
[  6]  21.00-22.00  sec   404 KBytes  3.31 Mbits/sec  0.040 ms  0/286 (0%)  
[  6]  22.00-23.00  sec   404 KBytes  3.31 Mbits/sec  0.025 ms  0/286 (0%)  
[  6]  23.00-24.00  sec   404 KBytes  3.31 Mbits/sec  0.083 ms  0/286 (0%)  
[  6]  24.00-25.00  sec   403 KBytes  3.30 Mbits/sec  0.012 ms  0/285 (0%)  
[  6]  25.00-26.00  sec   404 KBytes  3.31 Mbits/sec  0.061 ms  0/286 (0%)  
[  6]  26.00-27.00  sec   403 KBytes  3.30 Mbits/sec  0.030 ms  0/285 (0%)  
[  6]  27.00-28.00  sec   404 KBytes  3.32 Mbits/sec  0.044 ms  0/286 (0%)  
[  6]  28.00-29.00  sec   403 KBytes  3.30 Mbits/sec  0.016 ms  0/285 (0%)  
[  6]  29.00-30.00  sec   404 KBytes  3.31 Mbits/sec  0.016 ms  0/286 (0%)  
- - - - - - - - - - - - - - - - - - - - - - - - -
[ ID] Interval           Transfer     Bitrate         Jitter    Lost/Total Datagrams
[  6]   0.00-30.00  sec  11.5 MBytes  3.21 Mbits/sec  0.016 ms  252/8569 (2.9%)  receiver
