-----------------------------------------------------------
Server listening on 23019 (test #1)
-----------------------------------------------------------
Accepted connection from 10.0.0.23, port 36224
[  6] local 10.0.0.19 port 23019 connected to 10.0.0.23 port 56097
[ ID] Interval           Transfer     Bitrate         Jitter    Lost/Total Datagrams
[  6]   0.00-1.00   sec  2.83 KBytes  23.1 Kbits/sec  0.002 ms  0/2 (0%)  
[  6]   1.00-2.00   sec  1.41 KBytes  11.6 Kbits/sec  0.002 ms  0/1 (0%)  
[  6]   2.00-3.00   sec  1.41 KBytes  11.6 Kbits/sec  0.002 ms  0/1 (0%)  
[  6]   3.00-4.00   sec  1.41 KBytes  11.6 Kbits/sec  0.006 ms  0/1 (0%)  
[  6]   4.00-5.00   sec  1.41 KBytes  11.6 Kbits/sec  0.009 ms  0/1 (0%)  
[  6]   5.00-6.00   sec  2.83 KBytes  23.2 Kbits/sec  0.017 ms  0/2 (0%)  
[  6]   6.00-7.00   sec  1.41 KBytes  11.6 Kbits/sec  0.021 ms  0/1 (0%)  
[  6]   7.00-8.00   sec  1.41 KBytes  11.6 Kbits/sec  0.020 ms  0/1 (0%)  
[  6]   8.00-9.00   sec  1.41 KBytes  11.6 Kbits/sec  0.023 ms  0/1 (0%)  
[  6]   9.00-10.00  sec  1.41 KBytes  11.6 Kbits/sec  0.028 ms  0/1 (0%)  
[  6]  10.00-11.00  sec  2.83 KBytes  23.2 Kbits/sec  0.573 ms  0/2 (0%)  
[  6]  11.00-12.00  sec  1.41 KBytes  11.6 Kbits/sec  1.338 ms  0/1 (0%)  
[  6]  12.00-13.00  sec  1.41 KBytes  11.6 Kbits/sec  2.592 ms  0/1 (0%)  
[  6]  13.00-14.00  sec  1.41 KBytes  11.6 Kbits/sec  5.109 ms  0/1 (0%)  
[  6]  14.00-15.00  sec  1.41 KBytes  11.6 Kbits/sec  4.794 ms  0/1 (0%)  
[  6]  15.00-16.00  sec  2.83 KBytes  23.2 Kbits/sec  4.224 ms  0/2 (0%)  
[  6]  16.00-17.00  sec  1.41 KBytes  11.6 Kbits/sec  3.968 ms  0/1 (0%)  
[  6]  17.00-18.00  sec  1.41 KBytes  11.6 Kbits/sec  3.721 ms  0/1 (0%)  
[  6]  18.00-19.00  sec  1.41 KBytes  11.6 Kbits/sec  3.497 ms  0/1 (0%)  
[  6]  19.00-20.00  sec  1.41 KBytes  11.6 Kbits/sec  3.291 ms  0/1 (0%)  
[  6]  20.00-21.00  sec  2.83 KBytes  23.2 Kbits/sec  2.909 ms  0/2 (0%)  
[  6]  21.00-22.00  sec  1.41 KBytes  11.6 Kbits/sec  2.735 ms  0/1 (0%)  
[  6]  22.00-23.00  sec  1.41 KBytes  11.6 Kbits/sec  2.567 ms  0/1 (0%)  
[  6]  23.00-24.00  sec  1.41 KBytes  11.6 Kbits/sec  2.407 ms  0/1 (0%)  
[  6]  24.00-25.00  sec  1.41 KBytes  11.6 Kbits/sec  2.261 ms  0/1 (0%)  
[  6]  25.00-26.00  sec  2.83 KBytes  23.2 Kbits/sec  2.006 ms  0/2 (0%)  
[  6]  26.00-27.00  sec  1.41 KBytes  11.6 Kbits/sec  1.885 ms  0/1 (0%)  
[  6]  27.00-28.00  sec  1.41 KBytes  11.6 Kbits/sec  1.767 ms  0/1 (0%)  
[  6]  28.00-29.00  sec  1.41 KBytes  11.6 Kbits/sec  1.660 ms  0/1 (0%)  
[  6]  29.00-30.00  sec  1.41 KBytes  11.6 Kbits/sec  1.557 ms  0/1 (0%)  
- - - - - - - - - - - - - - - - - - - - - - - - -
[ ID] Interval           Transfer     Bitrate         Jitter    Lost/Total Datagrams
[  6]   0.00-30.00  sec  50.9 KBytes  13.9 Kbits/sec  1.557 ms  0/36 (0%)  receiver
