-----------------------------------------------------------
Server listening on 23017 (test #1)
-----------------------------------------------------------
Accepted connection from 10.0.0.23, port 55158
[  6] local 10.0.0.17 port 23017 connected to 10.0.0.23 port 40168
[ ID] Interval           Transfer     Bitrate         Jitter    Lost/Total Datagrams
[  6]   0.00-1.00   sec  15.6 KBytes   127 Kbits/sec  0.003 ms  0/11 (0%)  
[  6]   1.00-2.00   sec  15.6 KBytes   128 Kbits/sec  0.018 ms  0/11 (0%)  
[  6]   2.00-3.00   sec  15.6 KBytes   127 Kbits/sec  0.016 ms  0/11 (0%)  
[  6]   3.00-4.00   sec  14.1 KBytes   116 Kbits/sec  0.018 ms  0/10 (0%)  
[  6]   4.00-5.00   sec  15.6 KBytes   127 Kbits/sec  0.038 ms  0/11 (0%)  
[  6]   5.00-6.00   sec  15.6 KBytes   127 Kbits/sec  0.032 ms  0/11 (0%)  
[  6]   6.00-7.00   sec  14.1 KBytes   116 Kbits/sec  0.027 ms  0/10 (0%)  
[  6]   7.00-8.00   sec  15.6 KBytes   127 Kbits/sec  0.041 ms  0/11 (0%)  
[  6]   8.00-9.00   sec  15.6 KBytes   127 Kbits/sec  0.042 ms  0/11 (0%)  
[  6]   9.00-10.00  sec  14.1 KBytes   116 Kbits/sec  0.035 ms  0/10 (0%)  
[  6]  10.00-11.00  sec  15.6 KBytes   127 Kbits/sec  0.091 ms  0/11 (0%)  
[  6]  11.00-12.00  sec  15.6 KBytes   128 Kbits/sec  1.247 ms  0/11 (0%)  
[  6]  12.00-13.00  sec  14.1 KBytes   116 Kbits/sec  1.772 ms  0/10 (0%)  
[  6]  13.00-14.00  sec  15.6 KBytes   127 Kbits/sec  3.424 ms  0/11 (0%)  
[  6]  14.00-15.00  sec  15.6 KBytes   127 Kbits/sec  1.732 ms  0/11 (0%)  
[  6]  15.00-16.00  sec  15.6 KBytes   127 Kbits/sec  0.861 ms  0/11 (0%)  
[  6]  16.00-17.00  sec  14.1 KBytes   116 Kbits/sec  0.503 ms  0/10 (0%)  
[  6]  17.00-18.00  sec  15.6 KBytes   127 Kbits/sec  0.266 ms  0/11 (0%)  
[  6]  18.00-19.00  sec  15.6 KBytes   127 Kbits/sec  0.173 ms  0/11 (0%)  
[  6]  19.00-20.00  sec  14.1 KBytes   116 Kbits/sec  0.118 ms  0/10 (0%)  
[  6]  20.00-21.00  sec  15.6 KBytes   127 Kbits/sec  0.097 ms  0/11 (0%)  
[  6]  21.00-22.00  sec  15.6 KBytes   127 Kbits/sec  0.087 ms  0/11 (0%)  
[  6]  22.00-23.00  sec  14.1 KBytes   116 Kbits/sec  0.130 ms  0/10 (0%)  
[  6]  23.00-24.00  sec  15.6 KBytes   127 Kbits/sec  0.077 ms  0/11 (0%)  
[  6]  24.00-25.00  sec  15.6 KBytes   127 Kbits/sec  0.061 ms  0/11 (0%)  
[  6]  25.00-26.00  sec  15.6 KBytes   127 Kbits/sec  0.050 ms  0/11 (0%)  
[  6]  26.00-27.00  sec  14.1 KBytes   116 Kbits/sec  0.032 ms  0/10 (0%)  
[  6]  27.00-28.00  sec  15.6 KBytes   127 Kbits/sec  0.043 ms  0/11 (0%)  
[  6]  28.00-29.00  sec  15.6 KBytes   127 Kbits/sec  0.040 ms  0/11 (0%)  
[  6]  29.00-30.00  sec  14.1 KBytes   116 Kbits/sec  0.058 ms  0/10 (0%)  
- - - - - - - - - - - - - - - - - - - - - - - - -
[ ID] Interval           Transfer     Bitrate         Jitter    Lost/Total Datagrams
[  6]   0.00-30.00  sec   454 KBytes   124 Kbits/sec  0.058 ms  0/321 (0%)  receiver
