-----------------------------------------------------------
Server listening on 23013 (test #1)
-----------------------------------------------------------
Accepted connection from 10.0.0.23, port 44688
[  6] local 10.0.0.13 port 23013 connected to 10.0.0.23 port 56016
[ ID] Interval           Transfer     Bitrate         Jitter    Lost/Total Datagrams
[  6]   0.00-1.00   sec  2.83 KBytes  23.1 Kbits/sec  0.006 ms  0/2 (0%)  
[  6]   1.00-2.00   sec  2.83 KBytes  23.2 Kbits/sec  0.010 ms  0/2 (0%)  
[  6]   2.00-3.00   sec  2.83 KBytes  23.2 Kbits/sec  0.014 ms  0/2 (0%)  
[  6]   3.00-4.00   sec  1.41 KBytes  11.6 Kbits/sec  0.017 ms  0/1 (0%)  
[  6]   4.00-5.00   sec  2.83 KBytes  23.2 Kbits/sec  0.023 ms  0/2 (0%)  
[  6]   5.00-6.00   sec  2.83 KBytes  23.2 Kbits/sec  0.029 ms  0/2 (0%)  
[  6]   6.00-7.00   sec  1.41 KBytes  11.6 Kbits/sec  0.029 ms  0/1 (0%)  
[  6]   7.00-8.00   sec  2.83 KBytes  23.2 Kbits/sec  0.026 ms  0/2 (0%)  
[  6]   8.00-9.00   sec  2.83 KBytes  23.2 Kbits/sec  0.026 ms  0/2 (0%)  
[  6]   9.00-10.00  sec  1.41 KBytes  11.6 Kbits/sec  0.029 ms  0/1 (0%)  
[  6]  10.00-11.00  sec  2.83 KBytes  23.2 Kbits/sec  0.030 ms  0/2 (0%)  
[  6]  11.00-12.00  sec  2.83 KBytes  23.2 Kbits/sec  0.223 ms  0/2 (0%)  
[  6]  12.00-13.00  sec  1.41 KBytes  11.6 Kbits/sec  0.640 ms  0/1 (0%)  
[  6]  13.00-14.00  sec  2.83 KBytes  23.2 Kbits/sec  2.416 ms  0/2 (0%)  
[  6]  14.00-15.00  sec  2.83 KBytes  23.2 Kbits/sec  4.499 ms  0/2 (0%)  
[  6]  15.00-16.00  sec  1.41 KBytes  11.6 Kbits/sec  4.219 ms  0/1 (0%)  
[  6]  16.00-17.00  sec  2.83 KBytes  23.2 Kbits/sec  3.709 ms  0/2 (0%)  
[  6]  17.00-18.00  sec  2.83 KBytes  23.2 Kbits/sec  3.274 ms  0/2 (0%)  
[  6]  18.00-19.00  sec  2.83 KBytes  23.2 Kbits/sec  2.890 ms  0/2 (0%)  
[  6]  19.00-20.00  sec  1.41 KBytes  11.6 Kbits/sec  2.711 ms  0/1 (0%)  
[  6]  20.00-21.00  sec  2.83 KBytes  23.2 Kbits/sec  2.388 ms  0/2 (0%)  
[  6]  21.00-22.00  sec  2.83 KBytes  23.2 Kbits/sec  2.110 ms  0/2 (0%)  
[  6]  22.00-23.00  sec  1.41 KBytes  11.6 Kbits/sec  1.979 ms  0/1 (0%)  
[  6]  23.00-24.00  sec  2.83 KBytes  23.2 Kbits/sec  1.741 ms  0/2 (0%)  
[  6]  24.00-25.00  sec  2.83 KBytes  23.2 Kbits/sec  1.538 ms  0/2 (0%)  
[  6]  25.00-26.00  sec  1.41 KBytes  11.6 Kbits/sec  1.450 ms  0/1 (0%)  
[  6]  26.00-27.00  sec  2.83 KBytes  23.2 Kbits/sec  1.280 ms  0/2 (0%)  
[  6]  27.00-28.00  sec  2.83 KBytes  23.1 Kbits/sec  1.127 ms  0/2 (0%)  
[  6]  28.00-29.00  sec  1.41 KBytes  11.6 Kbits/sec  1.056 ms  0/1 (0%)  
[  6]  29.00-30.00  sec  2.83 KBytes  23.2 Kbits/sec  0.941 ms  0/2 (0%)  
- - - - - - - - - - - - - - - - - - - - - - - - -
[ ID] Interval           Transfer     Bitrate         Jitter    Lost/Total Datagrams
[  6]   0.00-30.00  sec  72.1 KBytes  19.7 Kbits/sec  0.941 ms  0/51 (0%)  receiver
