-----------------------------------------------------------
Server listening on 23011 (test #1)
-----------------------------------------------------------
Accepted connection from 10.0.0.23, port 45226
[  6] local 10.0.0.11 port 23011 connected to 10.0.0.23 port 49973
[ ID] Interval           Transfer     Bitrate         Jitter    Lost/Total Datagrams
[  6]   0.00-1.00   sec  5.66 KBytes  46.3 Kbits/sec  0.004 ms  0/4 (0%)  
[  6]   1.00-2.00   sec  5.66 KBytes  46.4 Kbits/sec  0.005 ms  0/4 (0%)  
[  6]   2.00-3.00   sec  4.24 KBytes  34.8 Kbits/sec  0.008 ms  0/3 (0%)  
[  6]   3.00-4.00   sec  5.66 KBytes  46.3 Kbits/sec  0.013 ms  0/4 (0%)  
[  6]   4.00-5.00   sec  5.66 KBytes  46.3 Kbits/sec  0.019 ms  0/4 (0%)  
[  6]   5.00-6.00   sec  4.24 KBytes  34.8 Kbits/sec  0.030 ms  0/3 (0%)  
[  6]   6.00-7.00   sec  5.66 KBytes  46.4 Kbits/sec  0.033 ms  0/4 (0%)  
[  6]   7.00-8.00   sec  4.24 KBytes  34.7 Kbits/sec  0.034 ms  0/3 (0%)  
[  6]   8.00-9.00   sec  5.66 KBytes  46.3 Kbits/sec  0.179 ms  0/4 (0%)  
[  6]   9.00-10.00  sec  5.66 KBytes  46.4 Kbits/sec  0.149 ms  0/4 (0%)  
[  6]  10.00-11.00  sec  4.24 KBytes  34.7 Kbits/sec  0.129 ms  0/3 (0%)  
[  6]  11.00-12.00  sec  5.66 KBytes  46.3 Kbits/sec  0.110 ms  0/4 (0%)  
[  6]  12.00-13.00  sec  4.24 KBytes  34.7 Kbits/sec  0.496 ms  0/3 (0%)  
[  6]  13.00-14.00  sec  5.66 KBytes  46.3 Kbits/sec  1.650 ms  0/4 (0%)  
[  6]  14.00-15.00  sec  5.66 KBytes  46.3 Kbits/sec  4.111 ms  0/4 (0%)  
[  6]  15.00-16.00  sec  4.24 KBytes  34.8 Kbits/sec  4.395 ms  0/3 (0%)  
[  6]  16.00-17.00  sec  5.66 KBytes  46.3 Kbits/sec  3.436 ms  0/4 (0%)  
[  6]  17.00-18.00  sec  4.24 KBytes  34.8 Kbits/sec  2.834 ms  0/3 (0%)  
[  6]  18.00-19.00  sec  5.66 KBytes  46.3 Kbits/sec  2.197 ms  0/4 (0%)  
[  6]  19.00-20.00  sec  5.66 KBytes  46.4 Kbits/sec  1.716 ms  0/4 (0%)  
[  6]  20.00-21.00  sec  4.24 KBytes  34.7 Kbits/sec  1.422 ms  0/3 (0%)  
[  6]  21.00-22.00  sec  5.66 KBytes  46.3 Kbits/sec  1.114 ms  0/4 (0%)  
[  6]  22.00-23.00  sec  4.24 KBytes  34.8 Kbits/sec  0.924 ms  0/3 (0%)  
[  6]  23.00-24.00  sec  5.66 KBytes  46.4 Kbits/sec  0.722 ms  0/4 (0%)  
[  6]  24.00-25.00  sec  5.66 KBytes  46.3 Kbits/sec  0.579 ms  0/4 (0%)  
[  6]  25.00-26.00  sec  4.24 KBytes  34.8 Kbits/sec  0.489 ms  0/3 (0%)  
[  6]  26.00-27.00  sec  5.66 KBytes  46.3 Kbits/sec  0.401 ms  0/4 (0%)  
[  6]  27.00-28.00  sec  4.24 KBytes  34.8 Kbits/sec  0.339 ms  0/3 (0%)  
[  6]  28.00-29.00  sec  5.66 KBytes  46.3 Kbits/sec  0.265 ms  0/4 (0%)  
[  6]  29.00-30.00  sec  5.66 KBytes  46.3 Kbits/sec  0.215 ms  0/4 (0%)  
- - - - - - - - - - - - - - - - - - - - - - - - -
[ ID] Interval           Transfer     Bitrate         Jitter    Lost/Total Datagrams
[  6]   0.00-30.00  sec   154 KBytes  42.1 Kbits/sec  0.215 ms  0/109 (0%)  receiver
