-----------------------------------------------------------
Server listening on 23022 (test #1)
-----------------------------------------------------------
Accepted connection from 10.0.0.23, port 46042
[  6] local 10.0.0.22 port 23022 connected to 10.0.0.23 port 44596
[ ID] Interval           Transfer     Bitrate         Jitter    Lost/Total Datagrams
[  6]   0.00-1.00   sec  4.24 KBytes  34.7 Kbits/sec  0.006 ms  0/3 (0%)  
[  6]   1.00-2.00   sec  8.48 KBytes  69.5 Kbits/sec  0.017 ms  0/6 (0%)  
[  6]   2.00-3.00   sec  8.48 KBytes  69.5 Kbits/sec  0.027 ms  0/6 (0%)  
[  6]   3.00-4.00   sec  8.48 KBytes  69.5 Kbits/sec  0.044 ms  0/6 (0%)  
[  6]   4.00-5.00   sec  7.07 KBytes  57.9 Kbits/sec  0.044 ms  0/5 (0%)  
[  6]   5.00-6.00   sec  8.48 KBytes  69.5 Kbits/sec  0.038 ms  0/6 (0%)  
[  6]   6.00-7.00   sec  8.48 KBytes  69.5 Kbits/sec  0.041 ms  0/6 (0%)  
[  6]   7.00-8.00   sec  8.48 KBytes  69.5 Kbits/sec  0.038 ms  0/6 (0%)  
[  6]   8.00-9.00   sec  7.07 KBytes  57.9 Kbits/sec  0.044 ms  0/5 (0%)  
[  6]   9.00-10.00  sec  8.48 KBytes  69.5 Kbits/sec  0.040 ms  0/6 (0%)  
[  6]  10.00-11.00  sec  8.48 KBytes  69.5 Kbits/sec  0.032 ms  0/6 (0%)  
[  6]  11.00-12.00  sec  8.48 KBytes  69.5 Kbits/sec  0.033 ms  0/6 (0%)  
[  6]  12.00-13.00  sec  7.07 KBytes  57.9 Kbits/sec  0.029 ms  0/5 (0%)  
[  6]  13.00-14.00  sec  8.48 KBytes  69.5 Kbits/sec  0.025 ms  0/6 (0%)  
[  6]  14.00-15.00  sec  8.48 KBytes  69.5 Kbits/sec  0.025 ms  0/6 (0%)  
[  6]  15.00-16.00  sec  8.48 KBytes  69.5 Kbits/sec  0.026 ms  0/6 (0%)  
[  6]  16.00-17.00  sec  8.48 KBytes  69.5 Kbits/sec  0.030 ms  0/6 (0%)  
[  6]  17.00-18.00  sec  7.07 KBytes  57.9 Kbits/sec  0.030 ms  0/5 (0%)  
[  6]  18.00-19.00  sec  8.48 KBytes  69.5 Kbits/sec  0.036 ms  0/6 (0%)  
[  6]  19.00-20.00  sec  8.48 KBytes  69.5 Kbits/sec  0.033 ms  0/6 (0%)  
[  6]  20.00-21.00  sec  8.48 KBytes  69.5 Kbits/sec  0.031 ms  0/6 (0%)  
[  6]  21.00-22.00  sec  7.07 KBytes  57.9 Kbits/sec  0.033 ms  0/5 (0%)  
[  6]  22.00-23.00  sec  8.48 KBytes  69.5 Kbits/sec  0.031 ms  0/6 (0%)  
[  6]  23.00-24.00  sec  8.48 KBytes  69.5 Kbits/sec  0.034 ms  0/6 (0%)  
[  6]  24.00-25.00  sec  8.48 KBytes  69.5 Kbits/sec  0.047 ms  0/6 (0%)  
[  6]  25.00-26.00  sec  7.07 KBytes  57.9 Kbits/sec  0.049 ms  0/5 (0%)  
[  6]  26.00-27.00  sec  8.48 KBytes  69.5 Kbits/sec  0.059 ms  0/6 (0%)  
[  6]  27.00-28.00  sec  8.48 KBytes  69.5 Kbits/sec  0.061 ms  0/6 (0%)  
[  6]  28.00-29.00  sec  8.48 KBytes  69.5 Kbits/sec  0.055 ms  0/6 (0%)  
[  6]  29.00-30.00  sec  7.07 KBytes  57.9 Kbits/sec  0.056 ms  0/5 (0%)  
[  6]  30.00-30.51  sec  4.24 KBytes  68.0 Kbits/sec  0.048 ms  0/3 (0%)  
- - - - - - - - - - - - - - - - - - - - - - - - -
[ ID] Interval           Transfer     Bitrate         Jitter    Lost/Total Datagrams
[  6]   0.00-30.51  sec   245 KBytes  65.7 Kbits/sec  0.048 ms  0/173 (0%)  receiver
