-----------------------------------------------------------
Server listening on 23020 (test #1)
-----------------------------------------------------------
Accepted connection from 10.0.0.23, port 48822
[  6] local 10.0.0.20 port 23020 connected to 10.0.0.23 port 48660
[ ID] Interval           Transfer     Bitrate         Jitter    Lost/Total Datagrams
[  6]   0.00-1.00   sec  2.83 KBytes  23.1 Kbits/sec  0.002 ms  0/2 (0%)  
[  6]   1.00-2.00   sec  5.66 KBytes  46.3 Kbits/sec  0.008 ms  0/4 (0%)  
[  6]   2.00-3.00   sec  4.24 KBytes  34.8 Kbits/sec  0.021 ms  0/3 (0%)  
[  6]   3.00-4.00   sec  5.66 KBytes  46.3 Kbits/sec  0.041 ms  0/4 (0%)  
[  6]   4.00-5.00   sec  4.24 KBytes  34.8 Kbits/sec  0.048 ms  0/3 (0%)  
[  6]   5.00-6.00   sec  5.66 KBytes  46.3 Kbits/sec  0.044 ms  0/4 (0%)  
[  6]   6.00-7.00   sec  4.24 KBytes  34.8 Kbits/sec  0.297 ms  0/3 (0%)  
[  6]   7.00-8.00   sec  4.24 KBytes  34.8 Kbits/sec  1.052 ms  0/3 (0%)  
[  6]   8.00-9.00   sec  5.66 KBytes  46.3 Kbits/sec  2.486 ms  0/4 (0%)  
[  6]   9.00-10.00  sec  4.24 KBytes  34.8 Kbits/sec  4.675 ms  0/3 (0%)  
[  6]  10.00-11.00  sec  5.66 KBytes  46.3 Kbits/sec  3.650 ms  0/4 (0%)  
[  6]  11.00-12.00  sec  4.24 KBytes  34.8 Kbits/sec  3.016 ms  0/3 (0%)  
[  6]  12.00-13.00  sec  5.66 KBytes  46.4 Kbits/sec  2.347 ms  0/4 (0%)  
[  6]  13.00-14.00  sec  4.24 KBytes  34.7 Kbits/sec  1.940 ms  0/3 (0%)  
[  6]  14.00-15.00  sec  5.66 KBytes  46.4 Kbits/sec  1.552 ms  0/4 (0%)  
[  6]  15.00-16.00  sec  4.24 KBytes  34.7 Kbits/sec  1.322 ms  0/3 (0%)  
[  6]  16.00-17.00  sec  5.66 KBytes  46.3 Kbits/sec  1.034 ms  0/4 (0%)  
[  6]  17.00-18.00  sec  4.24 KBytes  34.8 Kbits/sec  0.864 ms  0/3 (0%)  
[  6]  18.00-19.00  sec  4.24 KBytes  34.8 Kbits/sec  0.716 ms  0/3 (0%)  
[  6]  19.00-20.00  sec  5.66 KBytes  46.3 Kbits/sec  0.567 ms  0/4 (0%)  
[  6]  20.00-21.00  sec  4.24 KBytes  34.8 Kbits/sec  0.475 ms  0/3 (0%)  
[  6]  21.00-22.00  sec  5.66 KBytes  46.3 Kbits/sec  0.374 ms  0/4 (0%)  
[  6]  22.00-23.00  sec  4.24 KBytes  34.8 Kbits/sec  0.310 ms  0/3 (0%)  
[  6]  23.00-24.00  sec  5.66 KBytes  46.3 Kbits/sec  0.257 ms  0/4 (0%)  
[  6]  24.00-25.00  sec  4.24 KBytes  34.8 Kbits/sec  0.230 ms  0/3 (0%)  
[  6]  25.00-26.00  sec  5.66 KBytes  46.3 Kbits/sec  0.193 ms  0/4 (0%)  
[  6]  26.00-27.00  sec  4.24 KBytes  34.8 Kbits/sec  0.165 ms  0/3 (0%)  
[  6]  27.00-28.00  sec  5.66 KBytes  46.3 Kbits/sec  0.145 ms  0/4 (0%)  
[  6]  28.00-29.00  sec  4.24 KBytes  34.8 Kbits/sec  0.133 ms  0/3 (0%)  
[  6]  29.00-30.00  sec  4.24 KBytes  34.8 Kbits/sec  0.138 ms  0/3 (0%)  
[  6]  30.00-30.48  sec  2.83 KBytes  48.6 Kbits/sec  0.130 ms  0/2 (0%)  
- - - - - - - - - - - - - - - - - - - - - - - - -
[ ID] Interval           Transfer     Bitrate         Jitter    Lost/Total Datagrams
[  6]   0.00-30.48  sec   147 KBytes  39.5 Kbits/sec  0.130 ms  0/104 (0%)  receiver
