-----------------------------------------------------------
Server listening on 23004 (test #1)
-----------------------------------------------------------
Accepted connection from 10.0.0.23, port 48878
[  6] local 10.0.0.4 port 23004 connected to 10.0.0.23 port 38489
[ ID] Interval           Transfer     Bitrate         Jitter    Lost/Total Datagrams
[  6]   0.00-1.00   sec  5.66 KBytes  46.3 Kbits/sec  0.006 ms  0/4 (0%)  
[  6]   1.00-2.00   sec  5.66 KBytes  46.3 Kbits/sec  0.005 ms  0/4 (0%)  
[  6]   2.00-3.00   sec  5.66 KBytes  46.3 Kbits/sec  0.016 ms  0/4 (0%)  
[  6]   3.00-4.00   sec  5.66 KBytes  46.3 Kbits/sec  0.014 ms  0/4 (0%)  
[  6]   4.00-5.00   sec  5.66 KBytes  46.4 Kbits/sec  0.014 ms  0/4 (0%)  
[  6]   5.00-6.00   sec  4.24 KBytes  34.7 Kbits/sec  0.015 ms  0/3 (0%)  
[  6]   6.00-7.00   sec  5.66 KBytes  46.3 Kbits/sec  0.015 ms  0/4 (0%)  
[  6]   7.00-8.00   sec  5.66 KBytes  46.3 Kbits/sec  0.020 ms  0/4 (0%)  
[  6]   8.00-9.00   sec  5.66 KBytes  46.3 Kbits/sec  0.030 ms  0/4 (0%)  
[  6]   9.00-10.00  sec  5.66 KBytes  46.3 Kbits/sec  0.025 ms  0/4 (0%)  
[  6]  10.00-11.00  sec  5.66 KBytes  46.3 Kbits/sec  0.029 ms  0/4 (0%)  
[  6]  11.00-12.00  sec  4.24 KBytes  34.8 Kbits/sec  0.030 ms  0/3 (0%)  
[  6]  12.00-13.00  sec  5.66 KBytes  46.3 Kbits/sec  0.034 ms  0/4 (0%)  
[  6]  13.00-14.00  sec  5.66 KBytes  46.4 Kbits/sec  0.043 ms  0/4 (0%)  
[  6]  14.00-15.00  sec  5.66 KBytes  46.3 Kbits/sec  1.391 ms  0/4 (0%)  
[  6]  15.00-16.00  sec  5.66 KBytes  46.3 Kbits/sec  1.081 ms  0/4 (0%)  
[  6]  16.00-17.00  sec  4.24 KBytes  34.7 Kbits/sec  0.892 ms  0/3 (0%)  
[  6]  17.00-18.00  sec  5.66 KBytes  46.3 Kbits/sec  0.698 ms  0/4 (0%)  
[  6]  18.00-19.00  sec  5.66 KBytes  46.3 Kbits/sec  0.548 ms  0/4 (0%)  
[  6]  19.00-20.00  sec  5.66 KBytes  46.3 Kbits/sec  0.429 ms  0/4 (0%)  
[  6]  20.00-21.00  sec  5.66 KBytes  46.3 Kbits/sec  0.342 ms  0/4 (0%)  
[  6]  21.00-22.00  sec  5.66 KBytes  46.3 Kbits/sec  0.271 ms  0/4 (0%)  
[  6]  22.00-23.00  sec  4.24 KBytes  34.8 Kbits/sec  0.232 ms  0/3 (0%)  
[  6]  23.00-24.00  sec  5.66 KBytes  46.3 Kbits/sec  0.185 ms  0/4 (0%)  
[  6]  24.00-25.00  sec  5.66 KBytes  46.3 Kbits/sec  0.151 ms  0/4 (0%)  
[  6]  25.00-26.00  sec  5.66 KBytes  46.4 Kbits/sec  0.122 ms  0/4 (0%)  
[  6]  26.00-27.00  sec  5.66 KBytes  46.3 Kbits/sec  0.102 ms  0/4 (0%)  
[  6]  27.00-28.00  sec  4.24 KBytes  34.8 Kbits/sec  0.088 ms  0/3 (0%)  
[  6]  28.00-29.00  sec  5.66 KBytes  46.3 Kbits/sec  0.078 ms  0/4 (0%)  
[  6]  29.00-30.00  sec  5.66 KBytes  46.3 Kbits/sec  0.073 ms  0/4 (0%)  
- - - - - - - - - - - - - - - - - - - - - - - - -
[ ID] Interval           Transfer     Bitrate         Jitter    Lost/Total Datagrams
[  6]   0.00-30.00  sec   163 KBytes  44.4 Kbits/sec  0.073 ms  0/115 (0%)  receiver
