-----------------------------------------------------------
Server listening on 23008 (test #1)
-----------------------------------------------------------
Accepted connection from 10.0.0.23, port 40678
[  6] local 10.0.0.8 port 23008 connected to 10.0.0.23 port 42728
[ ID] Interval           Transfer     Bitrate         Jitter    Lost/Total Datagrams
[  6]   0.00-1.00   sec  5.66 KBytes  46.3 Kbits/sec  0.005 ms  0/4 (0%)  
[  6]   1.00-2.00   sec  5.66 KBytes  46.3 Kbits/sec  0.007 ms  0/4 (0%)  
[  6]   2.00-3.00   sec  5.66 KBytes  46.3 Kbits/sec  0.011 ms  0/4 (0%)  
[  6]   3.00-4.00   sec  5.66 KBytes  46.3 Kbits/sec  0.012 ms  0/4 (0%)  
[  6]   4.00-5.00   sec  5.66 KBytes  46.4 Kbits/sec  0.017 ms  0/4 (0%)  
[  6]   5.00-6.00   sec  5.66 KBytes  46.3 Kbits/sec  0.014 ms  0/4 (0%)  
[  6]   6.00-7.00   sec  5.66 KBytes  46.3 Kbits/sec  0.012 ms  0/4 (0%)  
[  6]   7.00-8.00   sec  5.66 KBytes  46.4 Kbits/sec  0.019 ms  0/4 (0%)  
[  6]   8.00-9.00   sec  5.66 KBytes  46.3 Kbits/sec  0.021 ms  0/4 (0%)  
[  6]   9.00-10.00  sec  5.66 KBytes  46.4 Kbits/sec  0.026 ms  0/4 (0%)  
[  6]  10.00-11.00  sec  5.66 KBytes  46.3 Kbits/sec  0.036 ms  0/4 (0%)  
[  6]  11.00-12.00  sec  5.66 KBytes  46.3 Kbits/sec  0.035 ms  0/4 (0%)  
[  6]  12.00-13.00  sec  5.66 KBytes  46.3 Kbits/sec  0.034 ms  0/4 (0%)  
[  6]  13.00-14.00  sec  5.66 KBytes  46.3 Kbits/sec  0.758 ms  0/4 (0%)  
[  6]  14.00-15.00  sec  5.66 KBytes  46.3 Kbits/sec  3.119 ms  0/4 (0%)  
[  6]  15.00-16.00  sec  5.66 KBytes  46.3 Kbits/sec  4.055 ms  0/4 (0%)  
[  6]  16.00-17.00  sec  5.66 KBytes  46.3 Kbits/sec  3.139 ms  0/4 (0%)  
[  6]  17.00-18.00  sec  5.66 KBytes  46.3 Kbits/sec  2.435 ms  0/4 (0%)  
[  6]  18.00-19.00  sec  5.66 KBytes  46.3 Kbits/sec  1.886 ms  0/4 (0%)  
[  6]  19.00-20.00  sec  5.66 KBytes  46.3 Kbits/sec  1.469 ms  0/4 (0%)  
[  6]  20.00-21.00  sec  5.66 KBytes  46.3 Kbits/sec  1.145 ms  0/4 (0%)  
[  6]  21.00-22.00  sec  5.66 KBytes  46.4 Kbits/sec  0.903 ms  0/4 (0%)  
[  6]  22.00-23.00  sec  5.66 KBytes  46.3 Kbits/sec  0.709 ms  0/4 (0%)  
[  6]  23.00-24.00  sec  5.66 KBytes  46.4 Kbits/sec  0.558 ms  0/4 (0%)  
[  6]  24.00-25.00  sec  5.66 KBytes  46.3 Kbits/sec  0.439 ms  0/4 (0%)  
[  6]  25.00-26.00  sec  5.66 KBytes  46.3 Kbits/sec  0.358 ms  0/4 (0%)  
[  6]  26.00-27.00  sec  5.66 KBytes  46.3 Kbits/sec  0.283 ms  0/4 (0%)  
[  6]  27.00-28.00  sec  5.66 KBytes  46.3 Kbits/sec  0.231 ms  0/4 (0%)  
[  6]  28.00-29.00  sec  5.66 KBytes  46.3 Kbits/sec  0.182 ms  0/4 (0%)  
[  6]  29.00-30.00  sec  5.66 KBytes  46.3 Kbits/sec  0.152 ms  0/4 (0%)  
- - - - - - - - - - - - - - - - - - - - - - - - -
[ ID] Interval           Transfer     Bitrate         Jitter    Lost/Total Datagrams
[  6]   0.00-30.00  sec   170 KBytes  46.3 Kbits/sec  0.152 ms  0/120 (0%)  receiver
