-----------------------------------------------------------
Server listening on 23009 (test #1)
-----------------------------------------------------------
Accepted connection from 10.0.0.23, port 37156
[  6] local 10.0.0.9 port 23009 connected to 10.0.0.23 port 51241
[ ID] Interval           Transfer     Bitrate         Jitter    Lost/Total Datagrams
[  6]   0.00-1.00   sec  46.7 KBytes   382 Kbits/sec  0.004 ms  0/33 (0%)  
[  6]   1.00-2.00   sec  45.2 KBytes   371 Kbits/sec  0.030 ms  0/32 (0%)  
[  6]   2.00-3.00   sec  46.7 KBytes   382 Kbits/sec  0.019 ms  0/33 (0%)  
[  6]   3.00-4.00   sec  45.2 KBytes   371 Kbits/sec  0.013 ms  0/32 (0%)  
[  6]   4.00-5.00   sec  45.2 KBytes   370 Kbits/sec  0.011 ms  0/32 (0%)  
[  6]   5.00-6.00   sec  46.7 KBytes   382 Kbits/sec  0.016 ms  0/33 (0%)  
[  6]   6.00-7.00   sec  45.2 KBytes   371 Kbits/sec  0.031 ms  0/32 (0%)  
[  6]   7.00-8.00   sec  45.2 KBytes   371 Kbits/sec  0.015 ms  0/32 (0%)  
[  6]   8.00-9.00   sec  45.2 KBytes   371 Kbits/sec  0.026 ms  0/32 (0%)  
[  6]   9.00-10.00  sec  46.7 KBytes   382 Kbits/sec  0.028 ms  0/33 (0%)  
[  6]  10.00-11.00  sec  45.2 KBytes   371 Kbits/sec  0.031 ms  0/32 (0%)  
[  6]  11.00-12.00  sec  45.2 KBytes   371 Kbits/sec  0.023 ms  0/32 (0%)  
[  6]  12.00-13.00  sec  31.1 KBytes   255 Kbits/sec  0.025 ms  0/22 (0%)  
[  6]  13.00-14.00  sec  60.8 KBytes   498 Kbits/sec  9.193 ms  0/43 (0%)  
[  6]  14.00-15.00  sec  43.8 KBytes   359 Kbits/sec  1.941 ms  0/31 (0%)  
[  6]  15.00-16.00  sec  48.1 KBytes   394 Kbits/sec  1.408 ms  0/34 (0%)  
[  6]  16.00-17.00  sec  45.2 KBytes   371 Kbits/sec  0.367 ms  0/32 (0%)  
[  6]  17.00-18.00  sec  45.2 KBytes   371 Kbits/sec  0.126 ms  0/32 (0%)  
[  6]  18.00-19.00  sec  46.7 KBytes   382 Kbits/sec  0.059 ms  0/33 (0%)  
[  6]  19.00-20.00  sec  45.2 KBytes   371 Kbits/sec  0.035 ms  0/32 (0%)  
[  6]  20.00-21.00  sec  45.2 KBytes   371 Kbits/sec  0.126 ms  0/32 (0%)  
[  6]  21.00-22.00  sec  46.7 KBytes   382 Kbits/sec  0.047 ms  0/33 (0%)  
[  6]  22.00-23.00  sec  45.2 KBytes   371 Kbits/sec  0.029 ms  0/32 (0%)  
[  6]  23.00-24.00  sec  45.2 KBytes   371 Kbits/sec  0.041 ms  0/32 (0%)  
[  6]  24.00-25.00  sec  46.7 KBytes   382 Kbits/sec  0.068 ms  0/33 (0%)  
[  6]  25.00-26.00  sec  45.2 KBytes   371 Kbits/sec  0.022 ms  0/32 (0%)  
[  6]  26.00-27.00  sec  45.2 KBytes   371 Kbits/sec  0.039 ms  0/32 (0%)  
[  6]  27.00-28.00  sec  46.7 KBytes   382 Kbits/sec  0.033 ms  0/33 (0%)  
[  6]  28.00-29.00  sec  45.2 KBytes   371 Kbits/sec  0.013 ms  0/32 (0%)  
[  6]  29.00-30.00  sec  45.2 KBytes   371 Kbits/sec  0.037 ms  0/32 (0%)  
- - - - - - - - - - - - - - - - - - - - - - - - -
[ ID] Interval           Transfer     Bitrate         Jitter    Lost/Total Datagrams
[  6]   0.00-30.00  sec  1.34 MBytes   375 Kbits/sec  0.037 ms  0/970 (0%)  receiver
