-----------------------------------------------------------
Server listening on 2001 (test #1)
-----------------------------------------------------------
Accepted connection from 10.0.0.2, port 42698
[  6] local 10.0.0.1 port 2001 connected to 10.0.0.2 port 53362
[ ID] Interval           Transfer     Bitrate         Jitter    Lost/Total Datagrams
[  6]   0.00-1.00   sec   567 KBytes  4.64 Mbits/sec  0.010 ms  0/401 (0%)  
[  6]   1.00-2.00   sec   566 KBytes  4.63 Mbits/sec  0.010 ms  0/400 (0%)  
[  6]   2.00-3.00   sec   566 KBytes  4.64 Mbits/sec  0.004 ms  0/400 (0%)  
[  6]   3.00-4.00   sec   567 KBytes  4.64 Mbits/sec  0.005 ms  0/401 (0%)  
[  6]   4.00-5.00   sec   566 KBytes  4.63 Mbits/sec  0.005 ms  0/400 (0%)  
[  6]   5.00-6.00   sec   566 KBytes  4.63 Mbits/sec  0.010 ms  0/400 (0%)  
[  6]   6.00-7.00   sec   563 KBytes  4.61 Mbits/sec  0.004 ms  0/398 (0%)  
[  6]   7.00-8.00   sec   539 KBytes  4.41 Mbits/sec  1.992 ms  0/381 (0%)  
[  6]   8.00-9.00   sec   556 KBytes  4.55 Mbits/sec  1.973 ms  0/393 (0%)  
[  6]   9.00-10.00  sec   567 KBytes  4.65 Mbits/sec  2.403 ms  0/401 (0%)  
[  6]  10.00-11.00  sec   576 KBytes  4.72 Mbits/sec  2.199 ms  0/407 (0%)  
[  6]  11.00-12.00  sec   564 KBytes  4.62 Mbits/sec  2.083 ms  0/399 (0%)  
[  6]  12.00-13.00  sec   567 KBytes  4.65 Mbits/sec  2.319 ms  0/401 (0%)  
[  6]  13.00-14.00  sec   563 KBytes  4.61 Mbits/sec  2.202 ms  0/398 (0%)  
[  6]  14.00-15.00  sec   563 KBytes  4.61 Mbits/sec  2.127 ms  0/398 (0%)  
[  6]  15.00-16.00  sec   570 KBytes  4.67 Mbits/sec  1.970 ms  0/403 (0%)  
[  6]  16.00-17.00  sec   568 KBytes  4.66 Mbits/sec  2.157 ms  0/402 (0%)  
[  6]  17.00-18.00  sec   564 KBytes  4.63 Mbits/sec  2.373 ms  0/399 (0%)  
[  6]  18.00-19.00  sec   568 KBytes  4.65 Mbits/sec  2.162 ms  0/402 (0%)  
[  6]  19.00-20.00  sec   272 KBytes  2.22 Mbits/sec  5.199 ms  0/192 (0%)  
[  6]  20.00-21.00  sec   158 KBytes  1.30 Mbits/sec  5.433 ms  0/112 (0%)  
[  6]  21.00-22.00  sec  45.2 KBytes   371 Kbits/sec  12.697 ms  0/32 (0%)  
[  6]  22.00-23.00  sec  80.6 KBytes   660 Kbits/sec  22.557 ms  0/57 (0%)  
[  6]  23.00-24.00  sec  38.2 KBytes   313 Kbits/sec  25.482 ms  0/27 (0%)  
[  6]  24.00-25.00  sec  0.00 Bytes  0.00 bits/sec  25.482 ms  0/0 (0%)  
[  6]  25.00-26.00  sec  0.00 Bytes  0.00 bits/sec  25.482 ms  0/0 (0%)  
[  6]  26.00-27.00  sec  0.00 Bytes  0.00 bits/sec  25.482 ms  0/0 (0%)  
[  6]  27.00-28.00  sec   163 KBytes  1.33 Mbits/sec  7.907 ms  0/115 (0%)  
[  6]  28.00-29.00  sec  0.00 Bytes  0.00 bits/sec  7.907 ms  0/0 (0%)  
[  6]  29.00-30.00  sec  0.00 Bytes  0.00 bits/sec  7.907 ms  0/0 (0%)  
- - - - - - - - - - - - - - - - - - - - - - - - -
[ ID] Interval           Transfer     Bitrate         Jitter    Lost/Total Datagrams
[SUM]  0.0-30.0 sec  20 datagrams received out-of-order
[  6]   0.00-30.00  sec  11.2 MBytes  3.13 Mbits/sec  7.907 ms  0/8119 (0%)  receiver
