-----------------------------------------------------------
Server listening on 2011 (test #1)
-----------------------------------------------------------
Accepted connection from 10.0.0.2, port 50210
[  6] local 10.0.0.11 port 2011 connected to 10.0.0.2 port 41922
[ ID] Interval           Transfer     Bitrate         Jitter    Lost/Total Datagrams
[  6]   0.00-1.00   sec  1.04 MBytes  8.75 Mbits/sec  0.083 ms  0/756 (0%)  
[  6]   1.00-2.00   sec  1.09 MBytes  9.15 Mbits/sec  1.225 ms  0/790 (0%)  
[  6]   2.00-3.00   sec  1.09 MBytes  9.13 Mbits/sec  1.350 ms  0/789 (0%)  
[  6]   3.00-4.00   sec  1.09 MBytes  9.10 Mbits/sec  1.272 ms  0/786 (0%)  
[  6]   4.00-5.00   sec  1.02 MBytes  8.60 Mbits/sec  1.888 ms  0/742 (0%)  
[  6]   5.00-6.00   sec  1.10 MBytes  9.22 Mbits/sec  1.235 ms  0/796 (0%)  
[  6]   6.00-7.00   sec  1.08 MBytes  9.08 Mbits/sec  1.060 ms  0/784 (0%)  
[  6]   7.00-8.00   sec  1.08 MBytes  9.06 Mbits/sec  0.997 ms  0/782 (0%)  
[  6]   8.00-9.00   sec  1.08 MBytes  9.04 Mbits/sec  1.684 ms  0/780 (0%)  
[  6]   9.00-10.00  sec  1.08 MBytes  9.09 Mbits/sec  1.013 ms  0/785 (0%)  
[  6]  10.00-11.00  sec  1.07 MBytes  8.98 Mbits/sec  1.448 ms  0/775 (0%)  
[  6]  11.00-12.00  sec  1.10 MBytes  9.27 Mbits/sec  1.102 ms  0/800 (0%)  
[  6]  12.00-13.00  sec  1.08 MBytes  9.05 Mbits/sec  0.985 ms  0/781 (0%)  
[  6]  13.00-14.00  sec  1.08 MBytes  9.04 Mbits/sec  1.703 ms  0/780 (0%)  
[  6]  14.00-15.00  sec  1.09 MBytes  9.14 Mbits/sec  1.005 ms  0/789 (0%)  
[  6]  15.00-16.00  sec  1.09 MBytes  9.18 Mbits/sec  1.188 ms  0/792 (0%)  
[  6]  16.00-17.00  sec   790 KBytes  6.48 Mbits/sec  0.016 ms  0/559 (0%)  
[  6]  17.00-18.00  sec  0.00 Bytes  0.00 bits/sec  0.016 ms  0/0 (0%)  
[  6]  18.00-19.00  sec  0.00 Bytes  0.00 bits/sec  0.016 ms  0/0 (0%)  
[  6]  19.00-20.00  sec  82.0 KBytes   672 Kbits/sec  17.381 ms  0/58 (0%)  
[  6]  20.00-21.00  sec   113 KBytes   927 Kbits/sec  9.872 ms  0/80 (0%)  
[  6]  21.00-22.00  sec   129 KBytes  1.05 Mbits/sec  10.647 ms  0/91 (0%)  
[  6]  22.00-23.00  sec  0.00 Bytes  0.00 bits/sec  10.647 ms  0/0 (0%)  
[  6]  23.00-24.00  sec  0.00 Bytes  0.00 bits/sec  10.647 ms  0/0 (0%)  
[  6]  24.00-25.00  sec  1.41 KBytes  11.6 Kbits/sec  196.228 ms  0/1 (0%)  
[  6]  25.00-26.00  sec   163 KBytes  1.33 Mbits/sec  9.412 ms  0/115 (0%)  
[  6]  26.00-27.00  sec  0.00 Bytes  0.00 bits/sec  9.412 ms  0/0 (0%)  
[  6]  27.00-28.00  sec  0.00 Bytes  0.00 bits/sec  9.412 ms  0/0 (0%)  
[  6]  28.00-29.00  sec  56.6 KBytes   463 Kbits/sec  44.677 ms  0/40 (0%)  
[  6]  29.00-30.00  sec   106 KBytes   869 Kbits/sec  6.757 ms  0/75 (0%)  
- - - - - - - - - - - - - - - - - - - - - - - - -
[ ID] Interval           Transfer     Bitrate         Jitter    Lost/Total Datagrams
[  6]   0.00-30.08  sec  18.7 MBytes  5.21 Mbits/sec  6.757 ms  0/13526 (0%)  receiver
