-----------------------------------------------------------
Server listening on 2012 (test #1)
-----------------------------------------------------------
Accepted connection from 10.0.0.2, port 55480
[  6] local 10.0.0.12 port 2012 connected to 10.0.0.2 port 44177
[ ID] Interval           Transfer     Bitrate         Jitter    Lost/Total Datagrams
[  6]   0.00-1.00   sec  8.40 MBytes  70.4 Mbits/sec  0.120 ms  0/6081 (0%)  
[  6]   1.00-2.00   sec  8.25 MBytes  69.2 Mbits/sec  1.013 ms  0/5975 (0%)  
[  6]   2.00-3.00   sec  8.31 MBytes  69.8 Mbits/sec  0.125 ms  0/6020 (0%)  
[  6]   3.00-4.00   sec  8.12 MBytes  68.1 Mbits/sec  0.117 ms  0/5878 (0%)  
[  6]   4.00-5.00   sec  2.94 MBytes  24.6 Mbits/sec  0.121 ms  0/2127 (0%)  
[  6]   5.00-6.00   sec  2.98 MBytes  25.0 Mbits/sec  0.122 ms  0/2160 (0%)  
[  6]   6.00-7.00   sec  3.14 MBytes  26.3 Mbits/sec  0.111 ms  0/2273 (0%)  
[  6]   7.00-8.00   sec  2.96 MBytes  24.8 Mbits/sec  0.121 ms  0/2141 (0%)  
[  6]   8.00-9.00   sec  2.95 MBytes  24.7 Mbits/sec  5.410 ms  0/2137 (0%)  
[  6]   9.00-10.00  sec  3.19 MBytes  26.8 Mbits/sec  0.121 ms  0/2312 (0%)  
[  6]  10.00-11.00  sec  3.01 MBytes  25.2 Mbits/sec  0.120 ms  0/2177 (0%)  
[  6]  11.00-12.00  sec  2.96 MBytes  24.8 Mbits/sec  0.120 ms  0/2145 (0%)  
[  6]  12.00-13.00  sec  3.13 MBytes  26.3 Mbits/sec  0.117 ms  0/2267 (0%)  
[  6]  13.00-14.00  sec  3.08 MBytes  25.9 Mbits/sec  0.120 ms  0/2233 (0%)  
[  6]  14.00-15.00  sec  2.98 MBytes  25.0 Mbits/sec  1.516 ms  0/2156 (0%)  
[  6]  15.00-16.00  sec  3.53 MBytes  29.6 Mbits/sec  0.120 ms  0/2558 (0%)  
[  6]  16.00-17.00  sec  3.25 MBytes  27.3 Mbits/sec  0.141 ms  0/2354 (0%)  
[  6]  17.00-18.00  sec  2.73 MBytes  22.9 Mbits/sec  0.182 ms  0/1980 (0%)  
[  6]  18.00-19.00  sec  2.67 MBytes  22.4 Mbits/sec  0.133 ms  0/1934 (0%)  
[  6]  19.00-20.00  sec  2.72 MBytes  22.8 Mbits/sec  0.170 ms  0/1971 (0%)  
[  6]  20.00-21.00  sec  2.68 MBytes  22.5 Mbits/sec  0.529 ms  0/1940 (0%)  
[  6]  21.00-22.00  sec  2.70 MBytes  22.6 Mbits/sec  0.165 ms  0/1952 (0%)  
[  6]  22.00-23.00  sec  2.62 MBytes  22.0 Mbits/sec  0.152 ms  0/1899 (0%)  
[  6]  23.00-24.00  sec  2.68 MBytes  22.5 Mbits/sec  0.410 ms  0/1941 (0%)  
[  6]  24.00-25.00  sec  2.70 MBytes  22.7 Mbits/sec  0.142 ms  0/1955 (0%)  
[  6]  25.00-26.00  sec  2.72 MBytes  22.8 Mbits/sec  0.134 ms  0/1970 (0%)  
[  6]  26.00-27.00  sec  2.57 MBytes  21.5 Mbits/sec  0.135 ms  0/1858 (0%)  
[  6]  27.00-28.00  sec  3.95 MBytes  33.1 Mbits/sec  0.147 ms  0/2859 (0%)  
[  6]  28.00-29.00  sec  3.10 MBytes  26.0 Mbits/sec  2.344 ms  0/2246 (0%)  
[  6]  29.00-30.00  sec  2.63 MBytes  22.1 Mbits/sec  0.506 ms  0/1904 (0%)  
[  6]  30.00-30.00  sec  1.41 KBytes  23.3 Mbits/sec  0.505 ms  0/1 (0%)  
- - - - - - - - - - - - - - - - - - - - - - - - -
[ ID] Interval           Transfer     Bitrate         Jitter    Lost/Total Datagrams
[SUM]  0.0-30.0 sec  227 datagrams received out-of-order
[  6]   0.00-30.00  sec   110 MBytes  30.7 Mbits/sec  0.505 ms  0/79404 (0%)  receiver
