-----------------------------------------------------------
Server listening on 2013 (test #1)
-----------------------------------------------------------
Accepted connection from 10.0.0.2, port 55922
[  6] local 10.0.0.13 port 2013 connected to 10.0.0.2 port 48921
[ ID] Interval           Transfer     Bitrate         Jitter    Lost/Total Datagrams
[  6]   0.00-1.00   sec   363 KBytes  2.97 Mbits/sec  0.004 ms  0/257 (0%)  
[  6]   1.00-2.00   sec   363 KBytes  2.98 Mbits/sec  0.278 ms  0/257 (0%)  
[  6]   2.00-3.00   sec   362 KBytes  2.96 Mbits/sec  0.047 ms  0/256 (0%)  
[  6]   3.00-4.00   sec   342 KBytes  2.80 Mbits/sec  3.319 ms  0/242 (0%)  
[  6]   4.00-5.00   sec   359 KBytes  2.94 Mbits/sec  2.967 ms  0/254 (0%)  
[  6]   5.00-6.00   sec   363 KBytes  2.98 Mbits/sec  3.712 ms  0/257 (0%)  
[  6]   6.00-7.00   sec   365 KBytes  2.99 Mbits/sec  3.540 ms  0/258 (0%)  
[  6]   7.00-8.00   sec   365 KBytes  2.99 Mbits/sec  3.574 ms  0/258 (0%)  
[  6]   8.00-9.00   sec   361 KBytes  2.95 Mbits/sec  3.982 ms  0/255 (0%)  
[  6]   9.00-10.00  sec   361 KBytes  2.96 Mbits/sec  3.898 ms  0/255 (0%)  
[  6]  10.00-11.00  sec   365 KBytes  2.99 Mbits/sec  3.615 ms  0/258 (0%)  
[  6]  11.00-12.00  sec   362 KBytes  2.96 Mbits/sec  3.650 ms  0/256 (0%)  
[  6]  12.00-13.00  sec   366 KBytes  3.00 Mbits/sec  3.638 ms  0/259 (0%)  
[  6]  13.00-14.00  sec   358 KBytes  2.93 Mbits/sec  3.458 ms  0/253 (0%)  
[  6]  14.00-15.00  sec   366 KBytes  3.00 Mbits/sec  3.800 ms  0/259 (0%)  
[  6]  15.00-16.00  sec   358 KBytes  2.93 Mbits/sec  4.020 ms  0/253 (0%)  
[  6]  16.00-17.00  sec   362 KBytes  2.97 Mbits/sec  4.345 ms  0/256 (0%)  
[  6]  17.00-18.00  sec   365 KBytes  2.99 Mbits/sec  4.437 ms  0/258 (0%)  
[  6]  18.00-19.00  sec   363 KBytes  2.98 Mbits/sec  4.198 ms  0/257 (0%)  
[  6]  19.00-20.00  sec   361 KBytes  2.95 Mbits/sec  4.246 ms  0/255 (0%)  
[  6]  20.00-21.00  sec   363 KBytes  2.97 Mbits/sec  4.086 ms  0/257 (0%)  
[  6]  21.00-22.00  sec   366 KBytes  3.00 Mbits/sec  4.297 ms  0/259 (0%)  
[  6]  22.00-23.00  sec   362 KBytes  2.97 Mbits/sec  4.249 ms  0/256 (0%)  
[  6]  23.00-24.00  sec   362 KBytes  2.96 Mbits/sec  4.265 ms  0/256 (0%)  
[  6]  24.00-25.00  sec   363 KBytes  2.98 Mbits/sec  4.283 ms  0/257 (0%)  
[  6]  25.00-26.00  sec   362 KBytes  2.97 Mbits/sec  4.104 ms  0/256 (0%)  
[  6]  26.00-27.00  sec   370 KBytes  3.04 Mbits/sec  4.208 ms  0/262 (0%)  
[  6]  27.00-28.00  sec   378 KBytes  3.09 Mbits/sec  0.784 ms  0/267 (0%)  
[  6]  28.00-29.00  sec   363 KBytes  2.98 Mbits/sec  0.001 ms  0/257 (0%)  
[  6]  29.00-30.00  sec   362 KBytes  2.96 Mbits/sec  0.013 ms  0/256 (0%)  
- - - - - - - - - - - - - - - - - - - - - - - - -
[ ID] Interval           Transfer     Bitrate         Jitter    Lost/Total Datagrams
[SUM]  0.0-30.0 sec  5 datagrams received out-of-order
[  6]   0.00-30.00  sec  10.6 MBytes  2.97 Mbits/sec  0.013 ms  0/7696 (0%)  receiver
