-----------------------------------------------------------
Server listening on 2015 (test #1)
-----------------------------------------------------------
Accepted connection from 10.0.0.2, port 55860
[  6] local 10.0.0.15 port 2015 connected to 10.0.0.2 port 33295
[ ID] Interval           Transfer     Bitrate         Jitter    Lost/Total Datagrams
[  6]   0.00-1.00   sec  8.48 KBytes  69.5 Kbits/sec  0.008 ms  0/6 (0%)  
[  6]   1.00-2.00   sec  7.07 KBytes  57.9 Kbits/sec  0.011 ms  0/5 (0%)  
[  6]   2.00-3.00   sec  7.07 KBytes  58.0 Kbits/sec  4.613 ms  0/5 (0%)  
[  6]   3.00-4.00   sec  7.07 KBytes  57.9 Kbits/sec  5.600 ms  0/5 (0%)  
[  6]   4.00-5.00   sec  7.07 KBytes  57.9 Kbits/sec  5.665 ms  0/5 (0%)  
[  6]   5.00-6.00   sec  7.07 KBytes  57.9 Kbits/sec  6.860 ms  0/5 (0%)  
[  6]   6.00-7.00   sec  7.07 KBytes  57.9 Kbits/sec  8.976 ms  0/5 (0%)  
[  6]   7.00-8.00   sec  8.48 KBytes  69.5 Kbits/sec  9.296 ms  0/6 (0%)  
[  6]   8.00-9.00   sec  7.07 KBytes  57.9 Kbits/sec  8.405 ms  0/5 (0%)  
[  6]   9.00-10.00  sec  7.07 KBytes  58.0 Kbits/sec  7.349 ms  0/5 (0%)  
[  6]  10.00-11.00  sec  7.07 KBytes  57.9 Kbits/sec  8.791 ms  0/5 (0%)  
[  6]  11.00-12.00  sec  7.07 KBytes  57.9 Kbits/sec  8.225 ms  0/5 (0%)  
[  6]  12.00-13.00  sec  7.07 KBytes  58.0 Kbits/sec  8.048 ms  0/5 (0%)  
[  6]  13.00-14.00  sec  8.48 KBytes  69.4 Kbits/sec  7.535 ms  0/6 (0%)  
[  6]  14.00-15.00  sec  7.07 KBytes  57.9 Kbits/sec  8.097 ms  0/5 (0%)  
[  6]  15.00-16.00  sec  7.07 KBytes  57.9 Kbits/sec  10.248 ms  0/5 (0%)  
[  6]  16.00-17.00  sec  7.07 KBytes  57.9 Kbits/sec  9.971 ms  0/5 (0%)  
[  6]  17.00-18.00  sec  7.07 KBytes  57.9 Kbits/sec  9.530 ms  0/5 (0%)  
[  6]  18.00-19.00  sec  8.48 KBytes  69.5 Kbits/sec  7.383 ms  0/6 (0%)  
[  6]  19.00-20.00  sec  7.07 KBytes  57.9 Kbits/sec  6.090 ms  0/5 (0%)  
[  6]  20.00-21.00  sec  7.07 KBytes  57.9 Kbits/sec  4.669 ms  0/5 (0%)  
[  6]  21.00-22.00  sec  7.07 KBytes  58.0 Kbits/sec  6.148 ms  0/5 (0%)  
[  6]  22.00-23.00  sec  7.07 KBytes  57.9 Kbits/sec  6.495 ms  0/5 (0%)  
[  6]  23.00-24.00  sec  7.07 KBytes  57.9 Kbits/sec  6.379 ms  0/5 (0%)  
[  6]  24.00-25.00  sec  8.48 KBytes  69.5 Kbits/sec  4.568 ms  0/6 (0%)  
[  6]  25.00-26.00  sec  7.07 KBytes  57.9 Kbits/sec  3.526 ms  0/5 (0%)  
[  6]  26.00-27.00  sec  7.07 KBytes  58.0 Kbits/sec  6.226 ms  0/5 (0%)  
[  6]  27.00-28.00  sec  7.07 KBytes  57.9 Kbits/sec  7.690 ms  0/5 (0%)  
[  6]  28.00-29.00  sec  8.48 KBytes  69.5 Kbits/sec  9.301 ms  0/6 (0%)  
[  6]  29.00-30.00  sec  7.07 KBytes  57.9 Kbits/sec  7.654 ms  0/5 (0%)  
- - - - - - - - - - - - - - - - - - - - - - - - -
[ ID] Interval           Transfer     Bitrate         Jitter    Lost/Total Datagrams
[  6]   0.00-30.03  sec   221 KBytes  60.2 Kbits/sec  7.654 ms  0/156 (0%)  receiver
