-----------------------------------------------------------
Server listening on 2016 (test #1)
-----------------------------------------------------------
Accepted connection from 10.0.0.2, port 53530
[  6] local 10.0.0.16 port 2016 connected to 10.0.0.2 port 44928
[ ID] Interval           Transfer     Bitrate         Jitter    Lost/Total Datagrams
[  6]   0.00-1.00   sec   296 KBytes  2.42 Mbits/sec  5.516 ms  0/209 (0%)  
[  6]   1.00-2.00   sec   279 KBytes  2.28 Mbits/sec  3.351 ms  0/197 (0%)  
[  6]   2.00-3.00   sec   313 KBytes  2.56 Mbits/sec  3.786 ms  0/221 (0%)  
[  6]   3.00-4.00   sec   300 KBytes  2.46 Mbits/sec  3.671 ms  0/212 (0%)  
[  6]   4.00-5.00   sec   304 KBytes  2.49 Mbits/sec  4.054 ms  0/215 (0%)  
[  6]   5.00-6.00   sec   297 KBytes  2.43 Mbits/sec  3.968 ms  0/210 (0%)  
[  6]   6.00-7.00   sec   305 KBytes  2.50 Mbits/sec  3.727 ms  0/216 (0%)  
[  6]   7.00-8.00   sec   300 KBytes  2.46 Mbits/sec  3.873 ms  0/212 (0%)  
[  6]   8.00-9.00   sec   301 KBytes  2.47 Mbits/sec  4.165 ms  0/213 (0%)  
[  6]   9.00-10.00  sec   300 KBytes  2.46 Mbits/sec  4.150 ms  0/212 (0%)  
[  6]  10.00-11.00  sec   305 KBytes  2.50 Mbits/sec  3.670 ms  0/216 (0%)  
[  6]  11.00-12.00  sec   298 KBytes  2.44 Mbits/sec  4.080 ms  0/211 (0%)  
[  6]  12.00-13.00  sec   304 KBytes  2.49 Mbits/sec  4.019 ms  0/215 (0%)  
[  6]  13.00-14.00  sec   305 KBytes  2.50 Mbits/sec  4.537 ms  0/216 (0%)  
[  6]  14.00-15.00  sec   287 KBytes  2.35 Mbits/sec  4.506 ms  0/203 (0%)  
[  6]  15.00-16.00  sec   307 KBytes  2.51 Mbits/sec  5.229 ms  0/217 (0%)  
[  6]  16.00-17.00  sec   303 KBytes  2.48 Mbits/sec  4.578 ms  0/214 (0%)  
[  6]  17.00-18.00  sec   303 KBytes  2.48 Mbits/sec  5.251 ms  0/214 (0%)  
[  6]  18.00-19.00  sec   296 KBytes  2.42 Mbits/sec  5.049 ms  0/209 (0%)  
[  6]  19.00-20.00  sec   305 KBytes  2.50 Mbits/sec  5.027 ms  0/216 (0%)  
[  6]  20.00-21.00  sec   294 KBytes  2.41 Mbits/sec  5.534 ms  0/208 (0%)  
[  6]  21.00-22.00  sec   310 KBytes  2.54 Mbits/sec  5.306 ms  0/219 (0%)  
[  6]  22.00-23.00  sec   296 KBytes  2.42 Mbits/sec  5.946 ms  0/209 (0%)  
[  6]  23.00-24.00  sec   301 KBytes  2.47 Mbits/sec  5.712 ms  0/213 (0%)  
[  6]  24.00-25.00  sec   308 KBytes  2.52 Mbits/sec  5.342 ms  0/218 (0%)  
[  6]  25.00-26.00  sec   308 KBytes  2.53 Mbits/sec  5.083 ms  0/218 (0%)  
[  6]  26.00-27.00  sec   303 KBytes  2.48 Mbits/sec  5.443 ms  0/214 (0%)  
[  6]  27.00-28.00  sec   305 KBytes  2.50 Mbits/sec  5.482 ms  0/216 (0%)  
[  6]  28.00-29.00  sec   300 KBytes  2.46 Mbits/sec  5.609 ms  0/212 (0%)  
[  6]  29.00-30.00  sec   300 KBytes  2.46 Mbits/sec  5.096 ms  0/212 (0%)  
[  6]  30.00-30.02  sec  8.48 KBytes  3.67 Mbits/sec  5.334 ms  0/6 (0%)  
- - - - - - - - - - - - - - - - - - - - - - - - -
[ ID] Interval           Transfer     Bitrate         Jitter    Lost/Total Datagrams
[SUM]  0.0-30.0 sec  9 datagrams received out-of-order
[  6]   0.00-30.02  sec  8.83 MBytes  2.47 Mbits/sec  5.334 ms  0/6393 (0%)  receiver
