-----------------------------------------------------------
Server listening on 2017 (test #1)
-----------------------------------------------------------
Accepted connection from 10.0.0.2, port 47160
[  6] local 10.0.0.17 port 2017 connected to 10.0.0.2 port 59892
[ ID] Interval           Transfer     Bitrate         Jitter    Lost/Total Datagrams
[  6]   0.00-1.00   sec  4.75 MBytes  39.9 Mbits/sec  0.013 ms  0/3441 (0%)  
[  6]   1.00-2.00   sec  4.60 MBytes  38.6 Mbits/sec  0.119 ms  0/3331 (0%)  
[  6]   2.00-3.00   sec  3.01 MBytes  25.3 Mbits/sec  0.122 ms  0/2183 (0%)  
[  6]   3.00-4.00   sec  2.94 MBytes  24.7 Mbits/sec  0.132 ms  0/2132 (0%)  
[  6]   4.00-5.00   sec  3.06 MBytes  25.7 Mbits/sec  0.137 ms  0/2218 (0%)  
[  6]   5.00-6.00   sec  2.98 MBytes  25.0 Mbits/sec  0.132 ms  0/2160 (0%)  
[  6]   6.00-7.00   sec  3.00 MBytes  25.1 Mbits/sec  0.138 ms  0/2170 (0%)  
[  6]   7.00-8.00   sec  3.11 MBytes  26.1 Mbits/sec  0.305 ms  0/2255 (0%)  
[  6]   8.00-9.00   sec  2.91 MBytes  24.4 Mbits/sec  1.639 ms  0/2106 (0%)  
[  6]   9.00-10.00  sec  3.08 MBytes  25.9 Mbits/sec  0.138 ms  0/2234 (0%)  
[  6]  10.00-11.00  sec  3.12 MBytes  26.2 Mbits/sec  0.135 ms  0/2261 (0%)  
[  6]  11.00-12.00  sec  3.00 MBytes  25.2 Mbits/sec  0.403 ms  0/2173 (0%)  
[  6]  12.00-13.00  sec  3.08 MBytes  25.8 Mbits/sec  0.133 ms  0/2227 (0%)  
[  6]  13.00-14.00  sec  3.56 MBytes  29.8 Mbits/sec  0.126 ms  0/2575 (0%)  
[  6]  14.00-15.00  sec  3.23 MBytes  27.1 Mbits/sec  0.121 ms  0/2340 (0%)  
[  6]  15.00-16.00  sec  2.63 MBytes  22.1 Mbits/sec  0.116 ms  0/1905 (0%)  
[  6]  16.00-17.00  sec  2.73 MBytes  22.9 Mbits/sec  0.173 ms  0/1974 (0%)  
[  6]  17.00-18.00  sec  2.75 MBytes  23.1 Mbits/sec  0.131 ms  0/1994 (0%)  
[  6]  18.00-19.00  sec  2.62 MBytes  22.0 Mbits/sec  0.117 ms  0/1895 (0%)  
[  6]  19.00-20.00  sec  2.72 MBytes  22.8 Mbits/sec  0.154 ms  0/1967 (0%)  
[  6]  20.00-21.00  sec  2.66 MBytes  22.3 Mbits/sec  0.122 ms  0/1927 (0%)  
[  6]  21.00-22.00  sec  2.62 MBytes  21.9 Mbits/sec  0.122 ms  0/1894 (0%)  
[  6]  22.00-23.00  sec  2.66 MBytes  22.3 Mbits/sec  0.364 ms  0/1925 (0%)  
[  6]  23.00-24.00  sec  2.65 MBytes  22.2 Mbits/sec  0.122 ms  0/1921 (0%)  
[  6]  24.00-25.00  sec  2.73 MBytes  22.9 Mbits/sec  0.122 ms  0/1974 (0%)  
[  6]  25.00-26.00  sec  3.90 MBytes  32.7 Mbits/sec  0.371 ms  0/2825 (0%)  
[  6]  26.00-27.00  sec  6.93 MBytes  58.2 Mbits/sec  0.132 ms  0/5018 (0%)  
[  6]  27.00-28.00  sec  7.01 MBytes  58.8 Mbits/sec  0.205 ms  0/5078 (0%)  
[  6]  28.00-29.00  sec  9.65 MBytes  80.9 Mbits/sec  0.126 ms  0/6988 (0%)  
[  6]  29.00-30.00  sec  10.0 MBytes  84.3 Mbits/sec  0.157 ms  0/7277 (0%)  
[  6]  30.00-30.03  sec   255 KBytes  86.6 Mbits/sec  0.156 ms  0/180 (0%)  
- - - - - - - - - - - - - - - - - - - - - - - - -
[ ID] Interval           Transfer     Bitrate         Jitter    Lost/Total Datagrams
[SUM]  0.0-30.0 sec  115 datagrams received out-of-order
[  6]   0.00-30.03  sec   114 MBytes  31.8 Mbits/sec  0.156 ms  0/82548 (0%)  receiver
