-----------------------------------------------------------
Server listening on 2018 (test #1)
-----------------------------------------------------------
Accepted connection from 10.0.0.2, port 58116
[  6] local 10.0.0.18 port 2018 connected to 10.0.0.2 port 58054
[ ID] Interval           Transfer     Bitrate         Jitter    Lost/Total Datagrams
[  6]   0.00-1.00   sec  2.90 MBytes  24.3 Mbits/sec  0.519 ms  0/2100 (0%)  
[  6]   1.00-2.00   sec  2.89 MBytes  24.3 Mbits/sec  0.485 ms  0/2096 (0%)  
[  6]   2.00-3.00   sec  2.90 MBytes  24.3 Mbits/sec  0.474 ms  0/2097 (0%)  
[  6]   3.00-4.00   sec  2.90 MBytes  24.3 Mbits/sec  2.127 ms  0/2098 (0%)  
[  6]   4.00-5.00   sec  2.89 MBytes  24.3 Mbits/sec  1.397 ms  0/2096 (0%)  
[  6]   5.00-6.00   sec  2.90 MBytes  24.3 Mbits/sec  0.746 ms  0/2098 (0%)  
[  6]   6.00-7.00   sec  2.90 MBytes  24.3 Mbits/sec  0.533 ms  0/2099 (0%)  
[  6]   7.00-8.00   sec  2.90 MBytes  24.3 Mbits/sec  0.488 ms  0/2097 (0%)  
[  6]   8.00-9.00   sec  2.90 MBytes  24.3 Mbits/sec  0.480 ms  0/2097 (0%)  
[  6]   9.00-10.00  sec  2.89 MBytes  24.3 Mbits/sec  0.477 ms  0/2095 (0%)  
[  6]  10.00-11.00  sec  2.90 MBytes  24.3 Mbits/sec  3.247 ms  0/2097 (0%)  
[  6]  11.00-12.00  sec  2.89 MBytes  24.3 Mbits/sec  1.062 ms  0/2096 (0%)  
[  6]  12.00-13.00  sec  2.90 MBytes  24.3 Mbits/sec  0.714 ms  0/2098 (0%)  
[  6]  13.00-14.00  sec  2.90 MBytes  24.3 Mbits/sec  0.517 ms  0/2097 (0%)  
[  6]  14.00-15.00  sec  2.90 MBytes  24.3 Mbits/sec  0.484 ms  0/2097 (0%)  
[  6]  15.00-16.00  sec  2.90 MBytes  24.3 Mbits/sec  0.477 ms  0/2097 (0%)  
[  6]  16.00-17.00  sec  2.88 MBytes  24.2 Mbits/sec  0.478 ms  0/2085 (0%)  
[  6]  17.00-18.00  sec  2.84 MBytes  23.8 Mbits/sec  0.478 ms  0/2054 (0%)  
[  6]  18.00-19.00  sec  2.84 MBytes  23.8 Mbits/sec  0.499 ms  0/2060 (0%)  
[  6]  19.00-20.00  sec  2.84 MBytes  23.8 Mbits/sec  0.561 ms  0/2056 (0%)  
[  6]  20.00-21.00  sec  2.74 MBytes  23.0 Mbits/sec  0.489 ms  0/1984 (0%)  
[  6]  21.00-22.00  sec  2.88 MBytes  24.2 Mbits/sec  0.487 ms  0/2088 (0%)  
[  6]  22.00-23.00  sec  2.90 MBytes  24.3 Mbits/sec  0.478 ms  0/2098 (0%)  
[  6]  23.00-24.00  sec  2.90 MBytes  24.3 Mbits/sec  1.102 ms  0/2097 (0%)  
[  6]  24.00-25.00  sec  2.90 MBytes  24.3 Mbits/sec  0.585 ms  0/2097 (0%)  
[  6]  25.00-26.00  sec  2.88 MBytes  24.1 Mbits/sec  0.527 ms  0/2082 (0%)  
[  6]  26.00-27.00  sec  2.52 MBytes  21.1 Mbits/sec  0.910 ms  0/1824 (0%)  
[  6]  27.00-28.00  sec  1.37 MBytes  11.5 Mbits/sec  7.837 ms  0/992 (0%)  
[  6]  28.00-29.00  sec  1.42 MBytes  11.9 Mbits/sec  0.483 ms  0/1027 (0%)  
[  6]  29.00-30.00  sec  1.38 MBytes  11.6 Mbits/sec  0.553 ms  0/998 (0%)  
[  6]  30.00-30.13  sec   216 KBytes  13.8 Mbits/sec  0.481 ms  0/153 (0%)  
- - - - - - - - - - - - - - - - - - - - - - - - -
[ ID] Interval           Transfer     Bitrate         Jitter    Lost/Total Datagrams
[  6]   0.00-30.13  sec  81.8 MBytes  22.8 Mbits/sec  0.481 ms  0/59250 (0%)  receiver
