-----------------------------------------------------------
Server listening on 2019 (test #1)
-----------------------------------------------------------
Accepted connection from 10.0.0.2, port 40590
[  6] local 10.0.0.19 port 2019 connected to 10.0.0.2 port 43619
[ ID] Interval           Transfer     Bitrate         Jitter    Lost/Total Datagrams
[  6]   0.00-1.00   sec  1010 KBytes  8.26 Mbits/sec  1.408 ms  0/714 (0%)  
[  6]   1.00-2.00   sec   967 KBytes  7.92 Mbits/sec  1.995 ms  0/684 (0%)  
[  6]   2.00-3.00   sec  1.04 MBytes  8.74 Mbits/sec  1.739 ms  0/754 (0%)  
[  6]   3.00-4.00   sec  1.03 MBytes  8.61 Mbits/sec  1.141 ms  0/743 (0%)  
[  6]   4.00-5.00   sec  1.00 MBytes  8.41 Mbits/sec  1.598 ms  0/726 (0%)  
[  6]   5.00-6.00   sec  1007 KBytes  8.25 Mbits/sec  1.985 ms  0/712 (0%)  
[  6]   6.00-7.00   sec  1.04 MBytes  8.69 Mbits/sec  1.094 ms  0/750 (0%)  
[  6]   7.00-8.00   sec  1.02 MBytes  8.53 Mbits/sec  1.467 ms  0/737 (0%)  
[  6]   8.00-9.00   sec  1.01 MBytes  8.51 Mbits/sec  1.110 ms  0/735 (0%)  
[  6]   9.00-10.00  sec  1.01 MBytes  8.52 Mbits/sec  1.239 ms  0/735 (0%)  
[  6]  10.00-11.00  sec  1.00 MBytes  8.41 Mbits/sec  1.943 ms  0/726 (0%)  
[  6]  11.00-12.00  sec  1.02 MBytes  8.57 Mbits/sec  1.100 ms  0/740 (0%)  
[  6]  12.00-13.00  sec  1.05 MBytes  8.83 Mbits/sec  0.005 ms  0/762 (0%)  
[  6]  13.00-14.00  sec   977 KBytes  8.00 Mbits/sec  1.043 ms  0/691 (0%)  
[  6]  14.00-15.00  sec  1.02 MBytes  8.56 Mbits/sec  0.625 ms  0/738 (0%)  
[  6]  15.00-16.00  sec  1.01 MBytes  8.48 Mbits/sec  0.812 ms  0/733 (0%)  
[  6]  16.00-17.00  sec  1.01 MBytes  8.50 Mbits/sec  0.788 ms  0/734 (0%)  
[  6]  17.00-18.00  sec  1.01 MBytes  8.48 Mbits/sec  0.875 ms  0/732 (0%)  
[  6]  18.00-19.00  sec  1015 KBytes  8.32 Mbits/sec  1.137 ms  0/718 (0%)  
[  6]  19.00-20.00  sec  1.02 MBytes  8.59 Mbits/sec  1.129 ms  0/742 (0%)  
[  6]  20.00-21.00  sec  1.02 MBytes  8.53 Mbits/sec  0.933 ms  0/736 (0%)  
[  6]  21.00-22.00  sec   980 KBytes  8.03 Mbits/sec  1.184 ms  0/693 (0%)  
[  6]  22.00-23.00  sec  1.05 MBytes  8.78 Mbits/sec  0.498 ms  0/758 (0%)  
[  6]  23.00-24.00  sec  1.03 MBytes  8.64 Mbits/sec  1.002 ms  0/746 (0%)  
[  6]  24.00-25.00  sec  1.08 MBytes  9.09 Mbits/sec  0.163 ms  0/785 (0%)  
[  6]  25.00-26.00  sec  1003 KBytes  8.21 Mbits/sec  1.343 ms  0/709 (0%)  
[  6]  26.00-27.00  sec  1.01 MBytes  8.48 Mbits/sec  1.800 ms  0/733 (0%)  
[  6]  27.00-28.00  sec  1.02 MBytes  8.58 Mbits/sec  1.439 ms  0/741 (0%)  
[  6]  28.00-29.00  sec  1.01 MBytes  8.43 Mbits/sec  1.459 ms  0/728 (0%)  
[  6]  29.00-30.00  sec  1.04 MBytes  8.74 Mbits/sec  0.005 ms  0/754 (0%)  
- - - - - - - - - - - - - - - - - - - - - - - - -
[ ID] Interval           Transfer     Bitrate         Jitter    Lost/Total Datagrams
[SUM]  0.0-30.0 sec  74 datagrams received out-of-order
[  6]   0.00-30.00  sec  30.4 MBytes  8.49 Mbits/sec  0.005 ms  0/21989 (0%)  receiver
