-----------------------------------------------------------
Server listening on 2020 (test #1)
-----------------------------------------------------------
Accepted connection from 10.0.0.2, port 36370
[  6] local 10.0.0.20 port 2020 connected to 10.0.0.2 port 43598
[ ID] Interval           Transfer     Bitrate         Jitter    Lost/Total Datagrams
[  6]   0.00-1.00   sec  19.8 KBytes   162 Kbits/sec  4.190 ms  0/14 (0%)  
[  6]   1.00-2.00   sec  21.2 KBytes   174 Kbits/sec  6.249 ms  0/15 (0%)  
[  6]   2.00-3.00   sec  19.8 KBytes   162 Kbits/sec  7.002 ms  0/14 (0%)  
[  6]   3.00-4.00   sec  21.2 KBytes   174 Kbits/sec  7.660 ms  0/15 (0%)  
[  6]   4.00-5.00   sec  21.2 KBytes   174 Kbits/sec  7.225 ms  0/15 (0%)  
[  6]   5.00-6.00   sec  19.8 KBytes   162 Kbits/sec  6.484 ms  0/14 (0%)  
[  6]   6.00-7.00   sec  21.2 KBytes   174 Kbits/sec  6.447 ms  0/15 (0%)  
[  6]   7.00-8.00   sec  19.8 KBytes   162 Kbits/sec  6.964 ms  0/14 (0%)  
[  6]   8.00-9.00   sec  21.2 KBytes   174 Kbits/sec  8.112 ms  0/15 (0%)  
[  6]   9.00-10.00  sec  19.8 KBytes   162 Kbits/sec  7.437 ms  0/14 (0%)  
[  6]  10.00-11.00  sec  21.2 KBytes   174 Kbits/sec  7.741 ms  0/15 (0%)  
[  6]  11.00-12.00  sec  19.8 KBytes   162 Kbits/sec  7.302 ms  0/14 (0%)  
[  6]  12.00-13.00  sec  21.2 KBytes   174 Kbits/sec  10.762 ms  0/15 (0%)  
[  6]  13.00-14.00  sec  21.2 KBytes   174 Kbits/sec  7.920 ms  0/15 (0%)  
[  6]  14.00-15.00  sec  19.8 KBytes   162 Kbits/sec  7.649 ms  0/14 (0%)  
[  6]  15.00-16.00  sec  21.2 KBytes   174 Kbits/sec  7.190 ms  0/15 (0%)  
[  6]  16.00-17.00  sec  19.8 KBytes   162 Kbits/sec  7.498 ms  0/14 (0%)  
[  6]  17.00-18.00  sec  21.2 KBytes   174 Kbits/sec  8.910 ms  0/15 (0%)  
[  6]  18.00-19.00  sec  19.8 KBytes   162 Kbits/sec  7.745 ms  0/14 (0%)  
[  6]  19.00-20.00  sec  21.2 KBytes   174 Kbits/sec  8.628 ms  0/15 (0%)  
[  6]  20.00-21.00  sec  19.8 KBytes   162 Kbits/sec  10.220 ms  0/14 (0%)  
[  6]  21.00-22.00  sec  21.2 KBytes   174 Kbits/sec  9.323 ms  0/15 (0%)  
[  6]  22.00-23.00  sec  21.2 KBytes   174 Kbits/sec  7.818 ms  0/15 (0%)  
[  6]  23.00-24.00  sec  19.8 KBytes   162 Kbits/sec  8.681 ms  0/14 (0%)  
[  6]  24.00-25.00  sec  21.2 KBytes   174 Kbits/sec  6.872 ms  0/15 (0%)  
[  6]  25.00-26.00  sec  21.2 KBytes   174 Kbits/sec  7.007 ms  0/15 (0%)  
[  6]  26.00-27.00  sec  19.8 KBytes   162 Kbits/sec  7.312 ms  0/14 (0%)  
[  6]  27.00-28.00  sec  21.2 KBytes   174 Kbits/sec  6.279 ms  0/15 (0%)  
[  6]  28.00-29.00  sec  21.2 KBytes   174 Kbits/sec  6.051 ms  0/15 (0%)  
[  6]  29.00-30.00  sec  21.2 KBytes   174 Kbits/sec  2.304 ms  0/15 (0%)  
- - - - - - - - - - - - - - - - - - - - - - - - -
[ ID] Interval           Transfer     Bitrate         Jitter    Lost/Total Datagrams
[  6]   0.00-30.00  sec   619 KBytes   169 Kbits/sec  2.304 ms  0/438 (0%)  receiver
