-----------------------------------------------------------
Server listening on 2021 (test #1)
-----------------------------------------------------------
Accepted connection from 10.0.0.2, port 52182
[  6] local 10.0.0.21 port 2021 connected to 10.0.0.2 port 48142
[ ID] Interval           Transfer     Bitrate         Jitter    Lost/Total Datagrams
[  6]   0.00-1.00   sec   396 KBytes  3.24 Mbits/sec  3.648 ms  0/280 (0%)  
[  6]   1.00-2.00   sec   433 KBytes  3.54 Mbits/sec  3.053 ms  0/306 (0%)  
[  6]   2.00-3.00   sec   426 KBytes  3.49 Mbits/sec  2.708 ms  0/301 (0%)  
[  6]   3.00-4.00   sec   424 KBytes  3.48 Mbits/sec  2.767 ms  0/300 (0%)  
[  6]   4.00-5.00   sec   423 KBytes  3.46 Mbits/sec  2.697 ms  0/299 (0%)  
[  6]   5.00-6.00   sec   427 KBytes  3.50 Mbits/sec  3.537 ms  0/302 (0%)  
[  6]   6.00-7.00   sec   421 KBytes  3.45 Mbits/sec  3.167 ms  0/298 (0%)  
[  6]   7.00-8.00   sec   436 KBytes  3.57 Mbits/sec  3.143 ms  0/308 (0%)  
[  6]   8.00-9.00   sec   424 KBytes  3.48 Mbits/sec  3.614 ms  0/300 (0%)  
[  6]   9.00-10.00  sec   424 KBytes  3.47 Mbits/sec  3.627 ms  0/300 (0%)  
[  6]  10.00-11.00  sec   428 KBytes  3.51 Mbits/sec  3.183 ms  0/303 (0%)  
[  6]  11.00-12.00  sec   430 KBytes  3.52 Mbits/sec  3.141 ms  0/304 (0%)  
[  6]  12.00-13.00  sec   304 KBytes  2.49 Mbits/sec  0.564 ms  0/215 (0%)  
[  6]  13.00-14.00  sec  0.00 Bytes  0.00 bits/sec  0.564 ms  0/0 (0%)  
[  6]  14.00-15.00  sec  0.00 Bytes  0.00 bits/sec  0.564 ms  0/0 (0%)  
[  6]  15.00-16.00  sec  35.4 KBytes   290 Kbits/sec  59.750 ms  0/25 (0%)  
[  6]  16.00-17.00  sec  42.4 KBytes   348 Kbits/sec  32.215 ms  0/30 (0%)  
[  6]  17.00-18.00  sec  65.0 KBytes   532 Kbits/sec  13.843 ms  0/46 (0%)  
[  6]  18.00-19.00  sec   181 KBytes  1.48 Mbits/sec  4.384 ms  0/128 (0%)  
[  6]  19.00-20.00  sec  0.00 Bytes  0.00 bits/sec  4.384 ms  0/0 (0%)  
[  6]  20.00-21.00  sec  0.00 Bytes  0.00 bits/sec  4.384 ms  0/0 (0%)  
[  6]  21.00-22.00  sec  28.3 KBytes   232 Kbits/sec  150.337 ms  0/20 (0%)  
[  6]  22.00-23.00  sec   134 KBytes  1.10 Mbits/sec  7.994 ms  0/95 (0%)  
[  6]  23.00-24.00  sec  0.00 Bytes  0.00 bits/sec  7.994 ms  0/0 (0%)  
[  6]  24.00-25.00  sec  0.00 Bytes  0.00 bits/sec  7.994 ms  0/0 (0%)  
[  6]  25.00-26.00  sec   687 KBytes  5.63 Mbits/sec  681.868 ms  53/539 (9.8%)  
[  6]  26.00-27.00  sec  1.43 MBytes  12.0 Mbits/sec  2.490 ms  -53/984 (-5.4%)  
[  6]  27.00-28.00  sec  1.39 MBytes  11.7 Mbits/sec  0.483 ms  0/1007 (0%)  
[  6]  28.00-29.00  sec  1.43 MBytes  12.0 Mbits/sec  6.877 ms  0/1038 (0%)  
[  6]  29.00-30.00  sec  1.81 MBytes  15.2 Mbits/sec  0.011 ms  0/1309 (0%)  
- - - - - - - - - - - - - - - - - - - - - - - - -
[ ID] Interval           Transfer     Bitrate         Jitter    Lost/Total Datagrams
[SUM]  0.0-30.0 sec  102 datagrams received out-of-order
[  6]   0.00-30.00  sec  12.5 MBytes  3.49 Mbits/sec  0.011 ms  0/9037 (0%)  receiver
