-----------------------------------------------------------
Server listening on 2022 (test #1)
-----------------------------------------------------------
Accepted connection from 10.0.0.2, port 45558
[  6] local 10.0.0.22 port 2022 connected to 10.0.0.2 port 53979
[ ID] Interval           Transfer     Bitrate         Jitter    Lost/Total Datagrams
[  6]   0.00-1.00   sec   257 KBytes  2.11 Mbits/sec  5.068 ms  0/182 (0%)  
[  6]   1.00-2.00   sec   287 KBytes  2.35 Mbits/sec  4.365 ms  0/203 (0%)  
[  6]   2.00-3.00   sec   281 KBytes  2.31 Mbits/sec  3.984 ms  0/199 (0%)  
[  6]   3.00-4.00   sec   277 KBytes  2.27 Mbits/sec  4.143 ms  0/196 (0%)  
[  6]   4.00-5.00   sec   283 KBytes  2.32 Mbits/sec  4.196 ms  0/200 (0%)  
[  6]   5.00-6.00   sec   280 KBytes  2.29 Mbits/sec  4.300 ms  0/198 (0%)  
[  6]   6.00-7.00   sec   279 KBytes  2.28 Mbits/sec  4.455 ms  0/197 (0%)  
[  6]   7.00-8.00   sec   281 KBytes  2.31 Mbits/sec  4.205 ms  0/199 (0%)  
[  6]   8.00-9.00   sec   277 KBytes  2.27 Mbits/sec  3.963 ms  0/196 (0%)  
[  6]   9.00-10.00  sec   283 KBytes  2.32 Mbits/sec  4.076 ms  0/200 (0%)  
[  6]  10.00-11.00  sec   279 KBytes  2.28 Mbits/sec  4.064 ms  0/197 (0%)  
[  6]  11.00-12.00  sec   280 KBytes  2.29 Mbits/sec  5.833 ms  0/198 (0%)  
[  6]  12.00-13.00  sec   279 KBytes  2.28 Mbits/sec  4.821 ms  0/197 (0%)  
[  6]  13.00-14.00  sec   277 KBytes  2.27 Mbits/sec  5.608 ms  0/196 (0%)  
[  6]  14.00-15.00  sec   281 KBytes  2.31 Mbits/sec  5.208 ms  0/199 (0%)  
[  6]  15.00-16.00  sec   280 KBytes  2.29 Mbits/sec  5.485 ms  0/198 (0%)  
[  6]  16.00-17.00  sec   281 KBytes  2.31 Mbits/sec  5.094 ms  0/199 (0%)  
[  6]  17.00-18.00  sec   279 KBytes  2.28 Mbits/sec  5.086 ms  0/197 (0%)  
[  6]  18.00-19.00  sec   279 KBytes  2.28 Mbits/sec  4.699 ms  0/197 (0%)  
[  6]  19.00-20.00  sec   280 KBytes  2.29 Mbits/sec  5.149 ms  0/198 (0%)  
[  6]  20.00-21.00  sec   281 KBytes  2.30 Mbits/sec  5.238 ms  0/199 (0%)  
[  6]  21.00-22.00  sec   280 KBytes  2.29 Mbits/sec  5.017 ms  0/198 (0%)  
[  6]  22.00-23.00  sec   280 KBytes  2.29 Mbits/sec  5.351 ms  0/198 (0%)  
[  6]  23.00-24.00  sec   274 KBytes  2.25 Mbits/sec  5.964 ms  0/194 (0%)  
[  6]  24.00-25.00  sec   280 KBytes  2.29 Mbits/sec  7.179 ms  0/198 (0%)  
[  6]  25.00-26.00  sec   300 KBytes  2.46 Mbits/sec  5.582 ms  0/212 (0%)  
[  6]  26.00-27.00  sec   279 KBytes  2.28 Mbits/sec  5.862 ms  0/197 (0%)  
[  6]  27.00-28.00  sec   286 KBytes  2.34 Mbits/sec  0.334 ms  0/202 (0%)  
[  6]  28.00-29.00  sec   280 KBytes  2.29 Mbits/sec  0.003 ms  0/198 (0%)  
[  6]  29.00-30.00  sec   280 KBytes  2.29 Mbits/sec  0.004 ms  0/198 (0%)  
- - - - - - - - - - - - - - - - - - - - - - - - -
[ ID] Interval           Transfer     Bitrate         Jitter    Lost/Total Datagrams
[SUM]  0.0-30.0 sec  5 datagrams received out-of-order
[  6]   0.00-30.00  sec  8.20 MBytes  2.29 Mbits/sec  0.004 ms  0/5940 (0%)  receiver
