-----------------------------------------------------------
Server listening on 2003 (test #1)
-----------------------------------------------------------
Accepted connection from 10.0.0.2, port 33296
[  6] local 10.0.0.3 port 2003 connected to 10.0.0.2 port 49621
[ ID] Interval           Transfer     Bitrate         Jitter    Lost/Total Datagrams
[  6]   0.00-1.00   sec  5.66 KBytes  46.3 Kbits/sec  0.005 ms  0/4 (0%)  
[  6]   1.00-2.00   sec  5.66 KBytes  46.4 Kbits/sec  0.012 ms  0/4 (0%)  
[  6]   2.00-3.00   sec  5.66 KBytes  46.3 Kbits/sec  0.017 ms  0/4 (0%)  
[  6]   3.00-4.00   sec  5.66 KBytes  46.3 Kbits/sec  0.016 ms  0/4 (0%)  
[  6]   4.00-5.00   sec  5.66 KBytes  46.4 Kbits/sec  0.015 ms  0/4 (0%)  
[  6]   5.00-6.00   sec  5.66 KBytes  46.3 Kbits/sec  0.018 ms  0/4 (0%)  
[  6]   6.00-7.00   sec  5.66 KBytes  46.4 Kbits/sec  1.510 ms  0/4 (0%)  
[  6]   7.00-8.00   sec  5.66 KBytes  46.3 Kbits/sec  3.825 ms  0/4 (0%)  
[  6]   8.00-9.00   sec  5.66 KBytes  46.3 Kbits/sec  5.595 ms  0/4 (0%)  
[  6]   9.00-10.00  sec  5.66 KBytes  46.4 Kbits/sec  7.326 ms  0/4 (0%)  
[  6]  10.00-11.00  sec  5.66 KBytes  46.3 Kbits/sec  7.212 ms  0/4 (0%)  
[  6]  11.00-12.00  sec  5.66 KBytes  46.3 Kbits/sec  7.136 ms  0/4 (0%)  
[  6]  12.00-13.00  sec  5.66 KBytes  46.3 Kbits/sec  6.686 ms  0/4 (0%)  
[  6]  13.00-14.00  sec  5.66 KBytes  46.3 Kbits/sec  6.533 ms  0/4 (0%)  
[  6]  14.00-15.00  sec  5.66 KBytes  46.3 Kbits/sec  6.296 ms  0/4 (0%)  
[  6]  15.00-16.00  sec  5.66 KBytes  46.4 Kbits/sec  6.264 ms  0/4 (0%)  
[  6]  16.00-17.00  sec  5.66 KBytes  46.3 Kbits/sec  6.423 ms  0/4 (0%)  
[  6]  17.00-18.00  sec  5.66 KBytes  46.4 Kbits/sec  7.871 ms  0/4 (0%)  
[  6]  18.00-19.00  sec  5.66 KBytes  46.3 Kbits/sec  7.571 ms  0/4 (0%)  
[  6]  19.00-20.00  sec  1.41 KBytes  11.6 Kbits/sec  39.262 ms  0/1 (0%)  
[  6]  20.00-21.00  sec  1.41 KBytes  11.6 Kbits/sec  69.695 ms  0/1 (0%)  
[  6]  21.00-22.00  sec  0.00 Bytes  0.00 bits/sec  69.695 ms  0/0 (0%)  
[  6]  22.00-23.00  sec  1.41 KBytes  11.6 Kbits/sec  188.584 ms  0/1 (0%)  
[  6]  23.00-24.00  sec  0.00 Bytes  0.00 bits/sec  188.584 ms  0/0 (0%)  
[  6]  24.00-25.00  sec  1.41 KBytes  11.6 Kbits/sec  295.718 ms  0/1 (0%)  
[  6]  25.00-26.00  sec  2.83 KBytes  23.2 Kbits/sec  292.623 ms  0/2 (0%)  
[  6]  26.00-27.00  sec  5.66 KBytes  46.3 Kbits/sec  301.832 ms  0/4 (0%)  
[  6]  27.00-28.00  sec  12.7 KBytes   104 Kbits/sec  289.654 ms  0/9 (0%)  
[  6]  28.00-29.00  sec  7.07 KBytes  58.0 Kbits/sec  295.085 ms  0/5 (0%)  
[  6]  29.00-30.00  sec  5.66 KBytes  46.3 Kbits/sec  303.391 ms  0/4 (0%)  
- - - - - - - - - - - - - - - - - - - - - - - - -
[ ID] Interval           Transfer     Bitrate         Jitter    Lost/Total Datagrams
[  6]   0.00-30.00  sec   147 KBytes  40.2 Kbits/sec  303.391 ms  0/104 (0%)  receiver
