-----------------------------------------------------------
Server listening on 2004 (test #1)
-----------------------------------------------------------
Accepted connection from 10.0.0.2, port 35510
[  6] local 10.0.0.4 port 2004 connected to 10.0.0.2 port 42851
[ ID] Interval           Transfer     Bitrate         Jitter    Lost/Total Datagrams
[  6]   0.00-1.00   sec  10.9 MBytes  91.2 Mbits/sec  0.143 ms  0/7876 (0%)  
[  6]   1.00-2.00   sec  10.8 MBytes  90.7 Mbits/sec  0.164 ms  0/7834 (0%)  
[  6]   2.00-3.00   sec  10.9 MBytes  91.1 Mbits/sec  1.065 ms  0/7867 (0%)  
[  6]   3.00-4.00   sec  10.9 MBytes  91.1 Mbits/sec  0.344 ms  0/7866 (0%)  
[  6]   4.00-5.00   sec  10.8 MBytes  90.8 Mbits/sec  0.375 ms  0/7835 (0%)  
[  6]   5.00-6.00   sec  10.9 MBytes  91.1 Mbits/sec  0.201 ms  0/7865 (0%)  
[  6]   6.00-7.00   sec  11.3 MBytes  94.5 Mbits/sec  0.361 ms  0/8162 (0%)  
[  6]   7.00-8.00   sec  11.6 MBytes  97.2 Mbits/sec  0.227 ms  0/8389 (0%)  
[  6]   8.00-9.00   sec  11.6 MBytes  97.1 Mbits/sec  0.122 ms  0/8384 (0%)  
[  6]   9.00-10.00  sec  11.6 MBytes  97.2 Mbits/sec  0.175 ms  0/8390 (0%)  
[  6]  10.00-11.00  sec  11.6 MBytes  97.2 Mbits/sec  0.117 ms  0/8389 (0%)  
[  6]  11.00-12.00  sec  11.5 MBytes  96.8 Mbits/sec  0.812 ms  0/8356 (0%)  
[  6]  12.00-13.00  sec  11.6 MBytes  97.2 Mbits/sec  0.120 ms  0/8390 (0%)  
[  6]  13.00-14.00  sec  11.6 MBytes  97.2 Mbits/sec  0.117 ms  0/8389 (0%)  
[  6]  14.00-15.00  sec  11.6 MBytes  97.1 Mbits/sec  0.254 ms  0/8370 (0%)  
[  6]  15.00-16.00  sec  11.6 MBytes  97.1 Mbits/sec  0.121 ms  0/8392 (0%)  
[  6]  16.00-17.00  sec  11.6 MBytes  97.2 Mbits/sec  0.560 ms  0/8390 (0%)  
[  6]  17.00-18.00  sec  11.6 MBytes  97.2 Mbits/sec  0.121 ms  0/8390 (0%)  
[  6]  18.00-19.00  sec  9.23 MBytes  77.5 Mbits/sec  0.206 ms  0/6686 (0%)  
[  6]  19.00-20.00  sec  2.50 MBytes  21.0 Mbits/sec  0.289 ms  0/1810 (0%)  
[  6]  20.00-21.00  sec  2.66 MBytes  22.3 Mbits/sec  0.201 ms  0/1927 (0%)  
[  6]  21.00-22.00  sec  2.59 MBytes  21.8 Mbits/sec  1.983 ms  0/1879 (0%)  
[  6]  22.00-23.00  sec  2.72 MBytes  22.9 Mbits/sec  1.151 ms  0/1973 (0%)  
[  6]  23.00-24.00  sec  2.71 MBytes  22.7 Mbits/sec  0.121 ms  0/1961 (0%)  
[  6]  24.00-25.00  sec  2.59 MBytes  21.7 Mbits/sec  0.133 ms  0/1874 (0%)  
[  6]  25.00-26.00  sec  2.64 MBytes  22.1 Mbits/sec  1.113 ms  0/1910 (0%)  
[  6]  26.00-27.00  sec  2.73 MBytes  22.9 Mbits/sec  0.160 ms  0/1980 (0%)  
[  6]  27.00-28.00  sec  2.58 MBytes  21.6 Mbits/sec  5.731 ms  0/1868 (0%)  
[  6]  28.00-29.00  sec  2.72 MBytes  22.8 Mbits/sec  0.148 ms  0/1968 (0%)  
[  6]  29.00-30.00  sec  2.72 MBytes  22.8 Mbits/sec  0.151 ms  0/1972 (0%)  
- - - - - - - - - - - - - - - - - - - - - - - - -
[ ID] Interval           Transfer     Bitrate         Jitter    Lost/Total Datagrams
[SUM]  0.0-30.0 sec  119 datagrams received out-of-order
[  6]   0.00-30.00  sec   242 MBytes  67.7 Mbits/sec  0.151 ms  0/175342 (0%)  receiver
