-----------------------------------------------------------
Server listening on 2005 (test #1)
-----------------------------------------------------------
Accepted connection from 10.0.0.2, port 41408
[  6] local 10.0.0.5 port 2005 connected to 10.0.0.2 port 41577
[ ID] Interval           Transfer     Bitrate         Jitter    Lost/Total Datagrams
[  6]   0.00-1.00   sec   100 KBytes   822 Kbits/sec  17.227 ms  0/71 (0%)  
[  6]   1.00-2.00   sec   117 KBytes   961 Kbits/sec  16.769 ms  0/83 (0%)  
[  6]   2.00-3.00   sec   120 KBytes   985 Kbits/sec  16.749 ms  0/85 (0%)  
[  6]   3.00-4.00   sec   120 KBytes   985 Kbits/sec  16.804 ms  0/85 (0%)  
[  6]   4.00-5.00   sec   117 KBytes   961 Kbits/sec  15.263 ms  0/83 (0%)  
[  6]   5.00-6.00   sec   129 KBytes  1.05 Mbits/sec  27.470 ms  0/91 (0%)  
[  6]   6.00-7.00   sec   115 KBytes   938 Kbits/sec  11.335 ms  0/81 (0%)  
[  6]   7.00-8.00   sec   117 KBytes   962 Kbits/sec  12.032 ms  0/83 (0%)  
[  6]   8.00-9.00   sec   120 KBytes   985 Kbits/sec  10.767 ms  0/85 (0%)  
[  6]   9.00-10.00  sec   116 KBytes   950 Kbits/sec  11.873 ms  0/82 (0%)  
[  6]  10.00-11.00  sec   122 KBytes   995 Kbits/sec  11.508 ms  0/86 (0%)  
[  6]  11.00-12.00  sec   116 KBytes   951 Kbits/sec  10.614 ms  0/82 (0%)  
[  6]  12.00-13.00  sec   122 KBytes   996 Kbits/sec  11.696 ms  0/86 (0%)  
[  6]  13.00-14.00  sec   115 KBytes   939 Kbits/sec  10.272 ms  0/81 (0%)  
[  6]  14.00-15.00  sec   120 KBytes   984 Kbits/sec  12.587 ms  0/85 (0%)  
[  6]  15.00-16.00  sec   119 KBytes   973 Kbits/sec  10.628 ms  0/84 (0%)  
[  6]  16.00-17.00  sec   120 KBytes   985 Kbits/sec  10.754 ms  0/85 (0%)  
[  6]  17.00-18.00  sec   120 KBytes   985 Kbits/sec  26.236 ms  1/86 (1.2%)  
[  6]  18.00-19.00  sec   112 KBytes   915 Kbits/sec  9.621 ms  -1/78 (-1.3%)  
[  6]  19.00-20.00  sec   123 KBytes  1.01 Mbits/sec  9.481 ms  0/87 (0%)  
[  6]  20.00-21.00  sec   115 KBytes   938 Kbits/sec  11.326 ms  0/81 (0%)  
[  6]  21.00-22.00  sec   119 KBytes   974 Kbits/sec  11.593 ms  0/84 (0%)  
[  6]  22.00-23.00  sec   119 KBytes   973 Kbits/sec  9.475 ms  0/84 (0%)  
[  6]  23.00-24.00  sec   119 KBytes   973 Kbits/sec  8.320 ms  0/84 (0%)  
[  6]  24.00-25.00  sec   119 KBytes   973 Kbits/sec  6.841 ms  0/84 (0%)  
[  6]  25.00-26.00  sec   119 KBytes   974 Kbits/sec  6.971 ms  0/84 (0%)  
[  6]  26.00-27.00  sec   119 KBytes   972 Kbits/sec  6.849 ms  0/84 (0%)  
[  6]  27.00-28.00  sec   119 KBytes   973 Kbits/sec  6.578 ms  0/84 (0%)  
[  6]  28.00-29.00  sec   117 KBytes   962 Kbits/sec  6.933 ms  0/83 (0%)  
[  6]  29.00-30.00  sec   123 KBytes  1.01 Mbits/sec  5.540 ms  0/87 (0%)  
- - - - - - - - - - - - - - - - - - - - - - - - -
[ ID] Interval           Transfer     Bitrate         Jitter    Lost/Total Datagrams
[SUM]  0.0-30.0 sec  12 datagrams received out-of-order
[  6]   0.00-30.01  sec  3.46 MBytes   968 Kbits/sec  5.540 ms  0/2508 (0%)  receiver
