-----------------------------------------------------------
Server listening on 2006 (test #1)
-----------------------------------------------------------
Accepted connection from 10.0.0.2, port 45954
[  6] local 10.0.0.6 port 2006 connected to 10.0.0.2 port 44295
[ ID] Interval           Transfer     Bitrate         Jitter    Lost/Total Datagrams
[  6]   0.00-1.00   sec  5.66 KBytes  46.3 Kbits/sec  1.897 ms  0/4 (0%)  
[  6]   1.00-2.00   sec  38.2 KBytes   313 Kbits/sec  16.658 ms  0/27 (0%)  
[  6]   2.00-3.00   sec   240 KBytes  1.97 Mbits/sec  2270.476 ms  67/237 (28%)  
[  6]   3.00-4.00   sec   280 KBytes  2.29 Mbits/sec  44.845 ms  -67/131 (-51%)  
[  6]   4.00-5.00   sec  83.4 KBytes   683 Kbits/sec  8.514 ms  0/59 (0%)  
[  6]   5.00-6.00   sec   117 KBytes   962 Kbits/sec  8.129 ms  0/83 (0%)  
[  6]   6.00-7.00   sec  45.2 KBytes   370 Kbits/sec  7.741 ms  0/32 (0%)  
[  6]   7.00-8.00   sec   161 KBytes  1.32 Mbits/sec  7.806 ms  0/114 (0%)  
[  6]   8.00-9.00   sec  21.2 KBytes   174 Kbits/sec  82.124 ms  0/15 (0%)  
[  6]   9.00-10.00  sec   143 KBytes  1.17 Mbits/sec  7.796 ms  0/101 (0%)  
[  6]  10.00-11.00  sec  62.2 KBytes   510 Kbits/sec  18.422 ms  0/44 (0%)  
[  6]  11.00-12.00  sec   100 KBytes   823 Kbits/sec  7.795 ms  0/71 (0%)  
[  6]  12.00-13.00  sec   105 KBytes   857 Kbits/sec  9.234 ms  0/74 (0%)  
[  6]  13.00-14.00  sec  58.0 KBytes   475 Kbits/sec  7.793 ms  0/41 (0%)  
[  6]  14.00-15.00  sec   147 KBytes  1.20 Mbits/sec  7.909 ms  0/104 (0%)  
[  6]  15.00-16.00  sec  21.2 KBytes   174 Kbits/sec  149.609 ms  0/15 (0%)  
[  6]  16.00-17.00  sec   184 KBytes  1.50 Mbits/sec  46.911 ms  0/130 (0%)  
[  6]  17.00-18.00  sec   184 KBytes  1.51 Mbits/sec  15.037 ms  0/130 (0%)  
[  6]  18.00-19.00  sec   184 KBytes  1.51 Mbits/sec  10.479 ms  0/130 (0%)  
[  6]  19.00-20.00  sec   184 KBytes  1.51 Mbits/sec  8.750 ms  0/130 (0%)  
[  6]  20.00-21.00  sec   184 KBytes  1.51 Mbits/sec  8.092 ms  0/130 (0%)  
[  6]  21.00-22.00  sec   184 KBytes  1.51 Mbits/sec  7.842 ms  0/130 (0%)  
[  6]  22.00-23.00  sec   184 KBytes  1.50 Mbits/sec  7.746 ms  0/130 (0%)  
[  6]  23.00-24.00  sec   173 KBytes  1.41 Mbits/sec  7.724 ms  0/122 (0%)  
[  6]  24.00-25.00  sec   163 KBytes  1.33 Mbits/sec  7.730 ms  0/115 (0%)  
[  6]  25.00-26.00  sec   157 KBytes  1.29 Mbits/sec  7.754 ms  0/111 (0%)  
[  6]  26.00-27.00  sec   134 KBytes  1.10 Mbits/sec  7.970 ms  0/95 (0%)  
[  6]  27.00-28.00  sec   143 KBytes  1.17 Mbits/sec  8.351 ms  0/101 (0%)  
[  6]  28.00-29.00  sec   171 KBytes  1.40 Mbits/sec  8.139 ms  0/121 (0%)  
[  6]  29.00-30.00  sec   184 KBytes  1.50 Mbits/sec  7.824 ms  0/130 (0%)  
[  6]  30.00-30.02  sec  4.24 KBytes  1.55 Mbits/sec  7.800 ms  0/3 (0%)  
- - - - - - - - - - - - - - - - - - - - - - - - -
[ ID] Interval           Transfer     Bitrate         Jitter    Lost/Total Datagrams
[SUM]  0.0-30.0 sec  106 datagrams received out-of-order
[  6]   0.00-30.02  sec  3.95 MBytes  1.10 Mbits/sec  7.800 ms  0/2860 (0%)  receiver
