-----------------------------------------------------------
Server listening on 2008 (test #1)
-----------------------------------------------------------
Accepted connection from 10.0.0.2, port 58364
[  6] local 10.0.0.8 port 2008 connected to 10.0.0.2 port 47988
[ ID] Interval           Transfer     Bitrate         Jitter    Lost/Total Datagrams
[  6]   0.00-1.00   sec  89.1 KBytes   729 Kbits/sec  17.914 ms  0/63 (0%)  
[  6]   1.00-2.00   sec   107 KBytes   880 Kbits/sec  18.517 ms  0/76 (0%)  
[  6]   2.00-3.00   sec   109 KBytes   892 Kbits/sec  18.187 ms  0/77 (0%)  
[  6]   3.00-4.00   sec   107 KBytes   880 Kbits/sec  18.382 ms  0/76 (0%)  
[  6]   4.00-5.00   sec   112 KBytes   915 Kbits/sec  15.069 ms  0/79 (0%)  
[  6]   5.00-6.00   sec   102 KBytes   834 Kbits/sec  13.960 ms  0/72 (0%)  
[  6]   6.00-7.00   sec   115 KBytes   938 Kbits/sec  11.098 ms  0/81 (0%)  
[  6]   7.00-8.00   sec   103 KBytes   846 Kbits/sec  11.444 ms  0/73 (0%)  
[  6]   8.00-9.00   sec   109 KBytes   892 Kbits/sec  12.912 ms  0/77 (0%)  
[  6]   9.00-10.00  sec   105 KBytes   857 Kbits/sec  11.343 ms  0/74 (0%)  
[  6]  10.00-11.00  sec   109 KBytes   891 Kbits/sec  11.102 ms  0/77 (0%)  
[  6]  11.00-12.00  sec   105 KBytes   858 Kbits/sec  11.309 ms  0/74 (0%)  
[  6]  12.00-13.00  sec   109 KBytes   892 Kbits/sec  12.975 ms  0/77 (0%)  
[  6]  13.00-14.00  sec   106 KBytes   869 Kbits/sec  10.916 ms  0/75 (0%)  
[  6]  14.00-15.00  sec   103 KBytes   846 Kbits/sec  13.575 ms  0/73 (0%)  
[  6]  15.00-16.00  sec   110 KBytes   903 Kbits/sec  11.631 ms  0/78 (0%)  
[  6]  16.00-17.00  sec   103 KBytes   846 Kbits/sec  18.913 ms  0/73 (0%)  
[  6]  17.00-18.00  sec   110 KBytes   903 Kbits/sec  10.169 ms  0/78 (0%)  
[  6]  18.00-19.00  sec   105 KBytes   857 Kbits/sec  13.695 ms  0/74 (0%)  
[  6]  19.00-20.00  sec   107 KBytes   880 Kbits/sec  12.920 ms  0/76 (0%)  
[  6]  20.00-21.00  sec   103 KBytes   845 Kbits/sec  11.519 ms  0/73 (0%)  
[  6]  21.00-22.00  sec   106 KBytes   869 Kbits/sec  9.253 ms  0/75 (0%)  
[  6]  22.00-23.00  sec   110 KBytes   904 Kbits/sec  6.544 ms  0/78 (0%)  
[  6]  23.00-24.00  sec   106 KBytes   869 Kbits/sec  6.360 ms  0/75 (0%)  
[  6]  24.00-25.00  sec   106 KBytes   869 Kbits/sec  6.337 ms  0/75 (0%)  
[  6]  25.00-26.00  sec   107 KBytes   880 Kbits/sec  6.059 ms  0/76 (0%)  
[  6]  26.00-27.00  sec   106 KBytes   869 Kbits/sec  5.923 ms  0/75 (0%)  
[  6]  27.00-28.00  sec   109 KBytes   892 Kbits/sec  6.350 ms  0/77 (0%)  
[  6]  28.00-29.00  sec   110 KBytes   903 Kbits/sec  7.686 ms  0/78 (0%)  
[  6]  29.00-30.00  sec   106 KBytes   869 Kbits/sec  7.561 ms  0/75 (0%)  
[  6]  30.00-30.03  sec  2.83 KBytes   865 Kbits/sec  8.305 ms  0/2 (0%)  
- - - - - - - - - - - - - - - - - - - - - - - - -
[ ID] Interval           Transfer     Bitrate         Jitter    Lost/Total Datagrams
[SUM]  0.0-30.0 sec  13 datagrams received out-of-order
[  6]   0.00-30.03  sec  3.12 MBytes   873 Kbits/sec  8.305 ms  0/2262 (0%)  receiver
