-----------------------------------------------------------
Server listening on 2009 (test #1)
-----------------------------------------------------------
Accepted connection from 10.0.0.2, port 38786
[  6] local 10.0.0.9 port 2009 connected to 10.0.0.2 port 52896
[ ID] Interval           Transfer     Bitrate         Jitter    Lost/Total Datagrams
[  6]   0.00-1.00   sec   259 KBytes  2.12 Mbits/sec  5.813 ms  0/183 (0%)  
[  6]   1.00-2.00   sec   269 KBytes  2.20 Mbits/sec  6.280 ms  0/190 (0%)  
[  6]   2.00-3.00   sec   267 KBytes  2.19 Mbits/sec  5.914 ms  0/189 (0%)  
[  6]   3.00-4.00   sec   264 KBytes  2.17 Mbits/sec  6.632 ms  0/187 (0%)  
[  6]   4.00-5.00   sec   259 KBytes  2.12 Mbits/sec  7.093 ms  0/183 (0%)  
[  6]   5.00-6.00   sec   264 KBytes  2.17 Mbits/sec  4.986 ms  0/187 (0%)  
[  6]   6.00-7.00   sec   273 KBytes  2.24 Mbits/sec  4.297 ms  0/193 (0%)  
[  6]   7.00-8.00   sec   266 KBytes  2.18 Mbits/sec  4.657 ms  0/188 (0%)  
[  6]   8.00-9.00   sec   270 KBytes  2.21 Mbits/sec  4.355 ms  0/191 (0%)  
[  6]   9.00-10.00  sec   264 KBytes  2.17 Mbits/sec  4.243 ms  0/187 (0%)  
[  6]  10.00-11.00  sec   267 KBytes  2.19 Mbits/sec  4.373 ms  0/189 (0%)  
[  6]  11.00-12.00  sec   269 KBytes  2.20 Mbits/sec  4.334 ms  0/190 (0%)  
[  6]  12.00-13.00  sec   264 KBytes  2.17 Mbits/sec  4.278 ms  0/187 (0%)  
[  6]  13.00-14.00  sec   269 KBytes  2.20 Mbits/sec  4.511 ms  0/190 (0%)  
[  6]  14.00-15.00  sec   266 KBytes  2.18 Mbits/sec  4.235 ms  0/188 (0%)  
[  6]  15.00-16.00  sec   267 KBytes  2.19 Mbits/sec  4.768 ms  0/189 (0%)  
[  6]  16.00-17.00  sec   272 KBytes  2.22 Mbits/sec  4.925 ms  0/192 (0%)  
[  6]  17.00-18.00  sec   263 KBytes  2.16 Mbits/sec  5.021 ms  0/186 (0%)  
[  6]  18.00-19.00  sec   263 KBytes  2.15 Mbits/sec  5.480 ms  0/186 (0%)  
[  6]  19.00-20.00  sec   269 KBytes  2.20 Mbits/sec  5.376 ms  0/190 (0%)  
[  6]  20.00-21.00  sec   267 KBytes  2.19 Mbits/sec  5.314 ms  0/189 (0%)  
[  6]  21.00-22.00  sec   269 KBytes  2.20 Mbits/sec  5.389 ms  0/190 (0%)  
[  6]  22.00-23.00  sec   267 KBytes  2.19 Mbits/sec  5.353 ms  0/189 (0%)  
[  6]  23.00-24.00  sec   266 KBytes  2.18 Mbits/sec  5.368 ms  0/188 (0%)  
[  6]  24.00-25.00  sec   267 KBytes  2.19 Mbits/sec  5.458 ms  0/189 (0%)  
[  6]  25.00-26.00  sec   267 KBytes  2.19 Mbits/sec  5.380 ms  0/189 (0%)  
[  6]  26.00-27.00  sec   267 KBytes  2.19 Mbits/sec  5.357 ms  0/189 (0%)  
[  6]  27.00-28.00  sec   266 KBytes  2.18 Mbits/sec  5.410 ms  0/188 (0%)  
[  6]  28.00-29.00  sec   287 KBytes  2.35 Mbits/sec  5.818 ms  0/203 (0%)  
[  6]  29.00-30.00  sec   262 KBytes  2.14 Mbits/sec  5.798 ms  0/185 (0%)  
[  6]  30.00-30.04  sec  5.66 KBytes  1.11 Mbits/sec  6.269 ms  0/4 (0%)  
- - - - - - - - - - - - - - - - - - - - - - - - -
[ ID] Interval           Transfer     Bitrate         Jitter    Lost/Total Datagrams
[SUM]  0.0-30.0 sec  13 datagrams received out-of-order
[  6]   0.00-30.04  sec  7.83 MBytes  2.19 Mbits/sec  6.269 ms  0/5668 (0%)  receiver
