-----------------------------------------------------------
Server listening on 3011 (test #1)
-----------------------------------------------------------
Accepted connection from 10.0.0.3, port 53680
[  6] local 10.0.0.11 port 3011 connected to 10.0.0.3 port 32793
[ ID] Interval           Transfer     Bitrate         Jitter    Lost/Total Datagrams
[  6]   0.00-1.00   sec  2.90 MBytes  24.3 Mbits/sec  0.506 ms  0/2101 (0%)  
[  6]   1.00-2.00   sec  2.89 MBytes  24.3 Mbits/sec  0.479 ms  0/2096 (0%)  
[  6]   2.00-3.00   sec  2.90 MBytes  24.3 Mbits/sec  0.471 ms  0/2097 (0%)  
[  6]   3.00-4.00   sec  2.90 MBytes  24.3 Mbits/sec  1.753 ms  0/2098 (0%)  
[  6]   4.00-5.00   sec  2.90 MBytes  24.3 Mbits/sec  0.761 ms  0/2097 (0%)  
[  6]   5.00-6.00   sec  2.90 MBytes  24.3 Mbits/sec  0.575 ms  0/2098 (0%)  
[  6]   6.00-7.00   sec  2.90 MBytes  24.3 Mbits/sec  0.518 ms  0/2097 (0%)  
[  6]   7.00-8.00   sec  2.90 MBytes  24.3 Mbits/sec  0.494 ms  0/2098 (0%)  
[  6]   8.00-9.00   sec  2.90 MBytes  24.3 Mbits/sec  0.482 ms  0/2097 (0%)  
[  6]   9.00-10.00  sec  2.90 MBytes  24.3 Mbits/sec  0.476 ms  0/2097 (0%)  
[  6]  10.00-11.00  sec  2.88 MBytes  24.1 Mbits/sec  2.150 ms  0/2083 (0%)  
[  6]  11.00-12.00  sec  2.87 MBytes  24.0 Mbits/sec  2.149 ms  0/2075 (0%)  
[  6]  12.00-13.00  sec  2.86 MBytes  24.0 Mbits/sec  3.682 ms  0/2074 (0%)  
[  6]  13.00-14.00  sec  2.81 MBytes  23.6 Mbits/sec  0.501 ms  0/2036 (0%)  
[  6]  14.00-15.00  sec  2.77 MBytes  23.2 Mbits/sec  2.300 ms  0/2004 (0%)  
[  6]  15.00-16.00  sec  2.74 MBytes  22.9 Mbits/sec  1.012 ms  0/1981 (0%)  
[  6]  16.00-17.00  sec  2.83 MBytes  23.7 Mbits/sec  3.689 ms  0/2048 (0%)  
[  6]  17.00-18.00  sec  2.89 MBytes  24.3 Mbits/sec  1.342 ms  0/2096 (0%)  
[  6]  18.00-19.00  sec  2.89 MBytes  24.3 Mbits/sec  0.727 ms  0/2096 (0%)  
[  6]  19.00-20.00  sec  2.77 MBytes  23.2 Mbits/sec  0.487 ms  0/2007 (0%)  
[  6]  20.00-21.00  sec  2.86 MBytes  24.0 Mbits/sec  0.484 ms  0/2073 (0%)  
[  6]  21.00-22.00  sec  2.90 MBytes  24.3 Mbits/sec  2.897 ms  0/2097 (0%)  
[  6]  22.00-23.00  sec  3.06 MBytes  25.6 Mbits/sec  0.961 ms  0/2213 (0%)  
[  6]  23.00-24.00  sec  2.77 MBytes  23.2 Mbits/sec  0.496 ms  0/2004 (0%)  
[  6]  24.00-25.00  sec  2.90 MBytes  24.3 Mbits/sec  0.479 ms  0/2098 (0%)  
[  6]  25.00-26.00  sec  2.86 MBytes  24.0 Mbits/sec  0.480 ms  0/2069 (0%)  
[  6]  26.00-27.00  sec  2.77 MBytes  23.3 Mbits/sec  0.660 ms  0/2009 (0%)  
[  6]  27.00-28.00  sec  2.89 MBytes  24.3 Mbits/sec  0.510 ms  0/2096 (0%)  
[  6]  28.00-29.00  sec  2.90 MBytes  24.3 Mbits/sec  0.481 ms  0/2098 (0%)  
[  6]  29.00-30.00  sec  2.90 MBytes  24.3 Mbits/sec  2.025 ms  0/2098 (0%)  
[  6]  30.00-30.00  sec  1.41 KBytes  26.9 Mbits/sec  1.928 ms  0/1 (0%)  
- - - - - - - - - - - - - - - - - - - - - - - - -
[ ID] Interval           Transfer     Bitrate         Jitter    Lost/Total Datagrams
[SUM]  0.0-30.0 sec  113 datagrams received out-of-order
[  6]   0.00-30.00  sec  86.1 MBytes  24.1 Mbits/sec  1.928 ms  0/62332 (0%)  receiver
