-----------------------------------------------------------
Server listening on 3012 (test #1)
-----------------------------------------------------------
Accepted connection from 10.0.0.3, port 43462
[  6] local 10.0.0.12 port 3012 connected to 10.0.0.3 port 47176
[ ID] Interval           Transfer     Bitrate         Jitter    Lost/Total Datagrams
[  6]   0.00-1.00   sec  1.40 MBytes  11.7 Mbits/sec  0.015 ms  0/1012 (0%)  
[  6]   1.00-2.00   sec  1.40 MBytes  11.7 Mbits/sec  0.127 ms  0/1012 (0%)  
[  6]   2.00-3.00   sec  1.40 MBytes  11.7 Mbits/sec  0.016 ms  0/1011 (0%)  
[  6]   3.00-4.00   sec  1.40 MBytes  11.7 Mbits/sec  0.006 ms  0/1011 (0%)  
[  6]   4.00-5.00   sec  1.40 MBytes  11.7 Mbits/sec  0.012 ms  0/1011 (0%)  
[  6]   5.00-6.00   sec  1.40 MBytes  11.7 Mbits/sec  0.010 ms  0/1012 (0%)  
[  6]   6.00-7.00   sec  1.40 MBytes  11.7 Mbits/sec  0.064 ms  0/1011 (0%)  
[  6]   7.00-8.00   sec  1.40 MBytes  11.7 Mbits/sec  0.032 ms  0/1011 (0%)  
[  6]   8.00-9.00   sec  1.40 MBytes  11.7 Mbits/sec  0.007 ms  0/1011 (0%)  
[  6]   9.00-10.00  sec  1.37 MBytes  11.5 Mbits/sec  0.328 ms  0/991 (0%)  
[  6]  10.00-11.00  sec  1.02 MBytes  8.58 Mbits/sec  0.067 ms  167/908 (18%)  
[  6]  11.00-12.00  sec  1.17 MBytes  9.82 Mbits/sec  0.542 ms  169/1017 (17%)  
[  6]  12.00-13.00  sec  1.41 MBytes  11.8 Mbits/sec  0.545 ms  5/1025 (0.49%)  
[  6]  13.00-14.00  sec  1.40 MBytes  11.8 Mbits/sec  0.561 ms  0/1016 (0%)  
[  6]  14.00-15.00  sec  1.45 MBytes  12.2 Mbits/sec  0.418 ms  0/1052 (0%)  
[  6]  15.00-16.00  sec  1.37 MBytes  11.4 Mbits/sec  0.873 ms  0/989 (0%)  
[  6]  16.00-17.00  sec  1.44 MBytes  12.1 Mbits/sec  0.559 ms  0/1043 (0%)  
[  6]  17.00-18.00  sec  1.46 MBytes  12.3 Mbits/sec  0.176 ms  0/1060 (0%)  
[  6]  18.00-19.00  sec  1.40 MBytes  11.7 Mbits/sec  0.019 ms  0/1011 (0%)  
[  6]  19.00-20.00  sec  1.40 MBytes  11.7 Mbits/sec  0.135 ms  0/1012 (0%)  
[  6]  20.00-21.00  sec  1.40 MBytes  11.7 Mbits/sec  0.020 ms  0/1011 (0%)  
[  6]  21.00-22.00  sec  1.39 MBytes  11.7 Mbits/sec  0.077 ms  0/1010 (0%)  
[  6]  22.00-23.00  sec   113 KBytes   927 Kbits/sec  0.136 ms  0/80 (0%)  
[  6]  23.00-24.00  sec  0.00 Bytes  0.00 bits/sec  0.136 ms  0/0 (0%)  
[  6]  24.00-25.00  sec  0.00 Bytes  0.00 bits/sec  0.136 ms  0/0 (0%)  
[  6]  25.00-26.00  sec  0.00 Bytes  0.00 bits/sec  0.136 ms  0/0 (0%)  
[  6]  26.00-27.00  sec  0.00 Bytes  0.00 bits/sec  0.136 ms  0/0 (0%)  
[  6]  27.00-28.00  sec  0.00 Bytes  0.00 bits/sec  0.136 ms  0/0 (0%)  
[  6]  28.00-29.00  sec  0.00 Bytes  0.00 bits/sec  0.136 ms  0/0 (0%)  
[  6]  29.00-30.00  sec  7.07 KBytes  57.9 Kbits/sec  371.055 ms  207/212 (98%)  
- - - - - - - - - - - - - - - - - - - - - - - - -
[ ID] Interval           Transfer     Bitrate         Jitter    Lost/Total Datagrams
[  6]   0.00-30.00  sec  30.4 MBytes  8.49 Mbits/sec  371.055 ms  548/22539 (2.4%)  receiver
