-----------------------------------------------------------
Server listening on 3014 (test #1)
-----------------------------------------------------------
Accepted connection from 10.0.0.3, port 47060
[  6] local 10.0.0.14 port 3014 connected to 10.0.0.3 port 48168
[ ID] Interval           Transfer     Bitrate         Jitter    Lost/Total Datagrams
[  6]   0.00-1.00   sec  0.00 Bytes  0.00 bits/sec  0.000 ms  0/0 (0%)  
[  6]   1.00-2.00   sec   113 KBytes   927 Kbits/sec  7.186 ms  0/80 (0%)  
[  6]   2.00-3.00   sec   180 KBytes  1.47 Mbits/sec  7.229 ms  0/127 (0%)  
[  6]   3.00-4.00   sec  29.7 KBytes   243 Kbits/sec  7.477 ms  0/21 (0%)  
[  6]   4.00-5.00   sec  33.9 KBytes   278 Kbits/sec  63.343 ms  0/24 (0%)  
[  6]   5.00-6.00   sec   129 KBytes  1.05 Mbits/sec  7.842 ms  0/91 (0%)  
[  6]   6.00-7.00   sec  0.00 Bytes  0.00 bits/sec  7.842 ms  0/0 (0%)  
[  6]   7.00-8.00   sec  0.00 Bytes  0.00 bits/sec  7.842 ms  0/0 (0%)  
[  6]   8.00-9.00   sec  0.00 Bytes  0.00 bits/sec  7.842 ms  0/0 (0%)  
[  6]   9.00-10.00  sec  0.00 Bytes  0.00 bits/sec  7.842 ms  0/0 (0%)  
[  6]  10.00-11.00  sec  0.00 Bytes  0.00 bits/sec  7.842 ms  0/0 (0%)  
[  6]  11.00-12.00  sec  0.00 Bytes  0.00 bits/sec  7.842 ms  0/0 (0%)  
[  6]  12.00-13.00  sec  41.0 KBytes   336 Kbits/sec  99.148 ms  9920/9949 (1e+02%)  
[  6]  13.00-14.00  sec   105 KBytes   857 Kbits/sec  0.868 ms  1918/1992 (96%)  
[  6]  14.00-15.00  sec  89.1 KBytes   730 Kbits/sec  0.053 ms  1884/1947 (97%)  
[  6]  15.00-16.00  sec  87.7 KBytes   718 Kbits/sec  0.558 ms  1885/1947 (97%)  
[  6]  16.00-17.00  sec  0.00 Bytes  0.00 bits/sec  0.558 ms  0/0 (0%)  
[  6]  17.00-18.00  sec  0.00 Bytes  0.00 bits/sec  0.558 ms  0/0 (0%)  
[  6]  18.00-19.00  sec  0.00 Bytes  0.00 bits/sec  0.558 ms  0/0 (0%)  
[  6]  19.00-20.00  sec  0.00 Bytes  0.00 bits/sec  0.558 ms  0/0 (0%)  
[  6]  20.00-21.00  sec  0.00 Bytes  0.00 bits/sec  0.558 ms  0/0 (0%)  
[  6]  21.00-22.00  sec  5.66 KBytes  46.3 Kbits/sec  623.681 ms  11693/11697 (1e+02%)  
[  6]  22.00-23.00  sec   107 KBytes   881 Kbits/sec  4.662 ms  1631/1707 (96%)  
[  6]  23.00-24.00  sec  55.1 KBytes   452 Kbits/sec  0.419 ms  1953/1992 (98%)  
[  6]  24.00-25.00  sec  56.6 KBytes   463 Kbits/sec  0.075 ms  1862/1902 (98%)  
[  6]  25.00-26.00  sec  55.1 KBytes   452 Kbits/sec  0.055 ms  2028/2067 (98%)  
[  6]  26.00-27.00  sec  28.3 KBytes   232 Kbits/sec  0.039 ms  1927/1947 (99%)  
[  6]  27.00-28.00  sec  14.1 KBytes   116 Kbits/sec  0.039 ms  1128/1138 (99%)  
[  6]  28.00-29.00  sec  0.00 Bytes  0.00 bits/sec  0.039 ms  0/0 (0%)  
[  6]  29.00-30.00  sec  0.00 Bytes  0.00 bits/sec  0.039 ms  0/0 (0%)  
[  6]  30.00-31.00  sec  1.41 KBytes  11.6 Kbits/sec  226.951 ms  11908/11909 (1e+02%)  
[  6]  31.00-32.00  sec  58.0 KBytes   475 Kbits/sec  72.642 ms  -41/0 (0%)  
[  6]  32.00-33.00  sec   126 KBytes  1.03 Mbits/sec  0.258 ms  -89/0 (0%)  
[  6]  33.00-34.00  sec  96.2 KBytes   787 Kbits/sec  0.032 ms  -68/0 (0%)  
[  6]  34.00-34.15  sec  0.00 Bytes  0.00 bits/sec  0.032 ms  0/0 (0%)  
- - - - - - - - - - - - - - - - - - - - - - - - -
[ ID] Interval           Transfer     Bitrate         Jitter    Lost/Total Datagrams
[SUM]  0.0-34.1 sec  198 datagrams received out-of-order
[  6]   0.00-34.15  sec  1.38 MBytes   339 Kbits/sec  0.032 ms  49539/50537 (98%)  receiver
