-----------------------------------------------------------
Server listening on 3015 (test #1)
-----------------------------------------------------------
Accepted connection from 10.0.0.3, port 53774
[  6] local 10.0.0.15 port 3015 connected to 10.0.0.3 port 49867
[ ID] Interval           Transfer     Bitrate         Jitter    Lost/Total Datagrams
[  6]   0.00-1.00   sec  5.66 KBytes  46.3 Kbits/sec  0.004 ms  0/4 (0%)  
[  6]   1.00-2.00   sec  5.66 KBytes  46.3 Kbits/sec  0.024 ms  0/4 (0%)  
[  6]   2.00-3.00   sec  4.24 KBytes  34.8 Kbits/sec  0.022 ms  0/3 (0%)  
[  6]   3.00-4.00   sec  5.66 KBytes  46.3 Kbits/sec  0.066 ms  0/4 (0%)  
[  6]   4.00-5.00   sec  4.24 KBytes  34.8 Kbits/sec  0.060 ms  0/3 (0%)  
[  6]   5.00-6.00   sec  5.66 KBytes  46.3 Kbits/sec  0.068 ms  0/4 (0%)  
[  6]   6.00-7.00   sec  4.24 KBytes  34.8 Kbits/sec  0.060 ms  0/3 (0%)  
[  6]   7.00-8.00   sec  5.66 KBytes  46.3 Kbits/sec  0.054 ms  0/4 (0%)  
[  6]   8.00-9.00   sec  4.24 KBytes  34.8 Kbits/sec  0.939 ms  0/3 (0%)  
[  6]   9.00-10.00  sec  5.66 KBytes  46.3 Kbits/sec  7.143 ms  0/4 (0%)  
[  6]  10.00-11.00  sec  4.24 KBytes  34.8 Kbits/sec  7.184 ms  0/3 (0%)  
[  6]  11.00-12.00  sec  5.66 KBytes  46.3 Kbits/sec  7.612 ms  0/4 (0%)  
[  6]  12.00-13.00  sec  4.24 KBytes  34.8 Kbits/sec  6.800 ms  0/3 (0%)  
[  6]  13.00-14.00  sec  5.66 KBytes  46.3 Kbits/sec  7.248 ms  0/4 (0%)  
[  6]  14.00-15.00  sec  4.24 KBytes  34.8 Kbits/sec  7.104 ms  0/3 (0%)  
[  6]  15.00-16.00  sec  5.66 KBytes  46.3 Kbits/sec  7.705 ms  0/4 (0%)  
[  6]  16.00-17.00  sec  5.66 KBytes  46.3 Kbits/sec  7.969 ms  0/4 (0%)  
[  6]  17.00-18.00  sec  4.24 KBytes  34.8 Kbits/sec  6.707 ms  0/3 (0%)  
[  6]  18.00-19.00  sec  5.66 KBytes  46.3 Kbits/sec  5.182 ms  0/4 (0%)  
[  6]  19.00-20.00  sec  4.24 KBytes  34.7 Kbits/sec  4.271 ms  0/3 (0%)  
[  6]  20.00-21.00  sec  4.24 KBytes  34.8 Kbits/sec  3.520 ms  0/3 (0%)  
[  6]  21.00-22.00  sec  0.00 Bytes  0.00 bits/sec  3.520 ms  0/0 (0%)  
[  6]  22.00-23.00  sec  0.00 Bytes  0.00 bits/sec  3.520 ms  0/0 (0%)  
[  6]  23.00-24.00  sec  0.00 Bytes  0.00 bits/sec  3.520 ms  0/0 (0%)  
[  6]  24.00-25.00  sec  0.00 Bytes  0.00 bits/sec  3.520 ms  0/0 (0%)  
[  6]  25.00-26.00  sec  0.00 Bytes  0.00 bits/sec  3.520 ms  0/0 (0%)  
[  6]  26.00-27.00  sec  0.00 Bytes  0.00 bits/sec  3.520 ms  0/0 (0%)  
[  6]  27.00-28.00  sec  0.00 Bytes  0.00 bits/sec  3.520 ms  0/0 (0%)  
[  6]  28.00-29.00  sec  0.00 Bytes  0.00 bits/sec  3.520 ms  0/0 (0%)  
[  6]  29.00-30.00  sec  0.00 Bytes  0.00 bits/sec  3.520 ms  0/0 (0%)  
- - - - - - - - - - - - - - - - - - - - - - - - -
[ ID] Interval           Transfer     Bitrate         Jitter    Lost/Total Datagrams
[  6]   0.00-30.00  sec   105 KBytes  28.6 Kbits/sec  3.520 ms  0/74 (0%)  receiver
