-----------------------------------------------------------
Server listening on 3016 (test #1)
-----------------------------------------------------------
Accepted connection from 10.0.0.3, port 52684
[  6] local 10.0.0.16 port 3016 connected to 10.0.0.3 port 41662
[ ID] Interval           Transfer     Bitrate         Jitter    Lost/Total Datagrams
[  6]   0.00-1.00   sec  89.1 KBytes   729 Kbits/sec  0.026 ms  0/63 (0%)  
[  6]   1.00-2.00   sec  87.7 KBytes   718 Kbits/sec  0.028 ms  0/62 (0%)  
[  6]   2.00-3.00   sec  89.1 KBytes   730 Kbits/sec  0.034 ms  0/63 (0%)  
[  6]   3.00-4.00   sec  87.7 KBytes   718 Kbits/sec  0.051 ms  0/62 (0%)  
[  6]   4.00-5.00   sec  87.7 KBytes   718 Kbits/sec  0.041 ms  0/62 (0%)  
[  6]   5.00-6.00   sec  89.1 KBytes   730 Kbits/sec  0.022 ms  0/63 (0%)  
[  6]   6.00-7.00   sec  87.7 KBytes   718 Kbits/sec  0.022 ms  0/62 (0%)  
[  6]   7.00-8.00   sec  87.7 KBytes   718 Kbits/sec  0.020 ms  0/62 (0%)  
[  6]   8.00-9.00   sec  77.8 KBytes   637 Kbits/sec  4.641 ms  0/55 (0%)  
[  6]   9.00-10.00  sec  59.4 KBytes   487 Kbits/sec  5.844 ms  21/63 (33%)  
[  6]  10.00-11.00  sec  82.0 KBytes   672 Kbits/sec  7.151 ms  5/63 (7.9%)  
[  6]  11.00-12.00  sec  87.7 KBytes   718 Kbits/sec  7.184 ms  0/62 (0%)  
[  6]  12.00-13.00  sec  90.5 KBytes   742 Kbits/sec  8.715 ms  0/64 (0%)  
[  6]  13.00-14.00  sec  87.7 KBytes   718 Kbits/sec  7.505 ms  0/62 (0%)  
[  6]  14.00-15.00  sec  90.5 KBytes   741 Kbits/sec  7.067 ms  0/64 (0%)  
[  6]  15.00-16.00  sec  93.3 KBytes   764 Kbits/sec  5.645 ms  0/66 (0%)  
[  6]  16.00-17.00  sec  87.7 KBytes   718 Kbits/sec  1.784 ms  0/62 (0%)  
[  6]  17.00-18.00  sec  89.1 KBytes   730 Kbits/sec  0.916 ms  0/63 (0%)  
[  6]  18.00-19.00  sec  87.7 KBytes   718 Kbits/sec  0.791 ms  0/62 (0%)  
[  6]  19.00-20.00  sec  87.7 KBytes   718 Kbits/sec  1.070 ms  0/62 (0%)  
[  6]  20.00-21.00  sec  43.8 KBytes   359 Kbits/sec  0.155 ms  0/31 (0%)  
[  6]  21.00-22.00  sec  0.00 Bytes  0.00 bits/sec  0.155 ms  0/0 (0%)  
[  6]  22.00-23.00  sec  0.00 Bytes  0.00 bits/sec  0.155 ms  0/0 (0%)  
[  6]  23.00-24.00  sec  0.00 Bytes  0.00 bits/sec  0.155 ms  0/0 (0%)  
[  6]  24.00-25.00  sec  0.00 Bytes  0.00 bits/sec  0.155 ms  0/0 (0%)  
[  6]  25.00-26.00  sec  0.00 Bytes  0.00 bits/sec  0.155 ms  0/0 (0%)  
[  6]  26.00-27.00  sec  0.00 Bytes  0.00 bits/sec  0.155 ms  0/0 (0%)  
[  6]  27.00-28.00  sec  0.00 Bytes  0.00 bits/sec  0.155 ms  0/0 (0%)  
[  6]  28.00-29.00  sec  4.24 KBytes  34.8 Kbits/sec  422.176 ms  46/49 (94%)  
[  6]  29.00-30.00  sec  0.00 Bytes  0.00 bits/sec  422.176 ms  0/0 (0%)  
- - - - - - - - - - - - - - - - - - - - - - - - -
[ ID] Interval           Transfer     Bitrate         Jitter    Lost/Total Datagrams
[  6]   0.00-30.00  sec  1.73 MBytes   485 Kbits/sec  422.176 ms  72/1327 (5.4%)  receiver
