-----------------------------------------------------------
Server listening on 3017 (test #1)
-----------------------------------------------------------
Accepted connection from 10.0.0.3, port 38620
[  6] local 10.0.0.17 port 3017 connected to 10.0.0.3 port 44634
[ ID] Interval           Transfer     Bitrate         Jitter    Lost/Total Datagrams
[  6]   0.00-1.00   sec  1.28 MBytes  10.7 Mbits/sec  0.102 ms  0/924 (0%)  
[  6]   1.00-2.00   sec  1.27 MBytes  10.7 Mbits/sec  0.106 ms  0/921 (0%)  
[  6]   2.00-3.00   sec  1.28 MBytes  10.7 Mbits/sec  0.081 ms  0/925 (0%)  
[  6]   3.00-4.00   sec  1.27 MBytes  10.7 Mbits/sec  0.065 ms  0/922 (0%)  
[  6]   4.00-5.00   sec  1.28 MBytes  10.7 Mbits/sec  0.105 ms  0/924 (0%)  
[  6]   5.00-6.00   sec  1.27 MBytes  10.7 Mbits/sec  0.083 ms  0/922 (0%)  
[  6]   6.00-7.00   sec  1.27 MBytes  10.7 Mbits/sec  0.051 ms  0/923 (0%)  
[  6]   7.00-8.00   sec  1.25 MBytes  10.5 Mbits/sec  0.183 ms  0/906 (0%)  
[  6]   8.00-9.00   sec   928 KBytes  7.60 Mbits/sec  0.049 ms  173/829 (21%)  
[  6]   9.00-10.00  sec  1.06 MBytes  8.89 Mbits/sec  0.381 ms  163/930 (18%)  
[  6]  10.00-11.00  sec  1.29 MBytes  10.8 Mbits/sec  0.480 ms  3/938 (0.32%)  
[  6]  11.00-12.00  sec  1.27 MBytes  10.7 Mbits/sec  0.336 ms  0/920 (0%)  
[  6]  12.00-13.00  sec  1.32 MBytes  11.0 Mbits/sec  0.921 ms  0/953 (0%)  
[  6]  13.00-14.00  sec  1.26 MBytes  10.5 Mbits/sec  0.443 ms  0/911 (0%)  
[  6]  14.00-15.00  sec  1.31 MBytes  11.0 Mbits/sec  0.488 ms  0/951 (0%)  
[  6]  15.00-16.00  sec  1.34 MBytes  11.2 Mbits/sec  0.017 ms  0/970 (0%)  
[  6]  16.00-17.00  sec  1.27 MBytes  10.7 Mbits/sec  0.002 ms  0/923 (0%)  
[  6]  17.00-18.00  sec  1.27 MBytes  10.7 Mbits/sec  0.010 ms  0/922 (0%)  
[  6]  18.00-19.00  sec  1.27 MBytes  10.7 Mbits/sec  0.004 ms  0/923 (0%)  
[  6]  19.00-20.00  sec  1.27 MBytes  10.7 Mbits/sec  0.005 ms  0/923 (0%)  
[  6]  20.00-21.00  sec  83.4 KBytes   683 Kbits/sec  0.003 ms  0/59 (0%)  
[  6]  21.00-22.00  sec  0.00 Bytes  0.00 bits/sec  0.003 ms  0/0 (0%)  
[  6]  22.00-23.00  sec  0.00 Bytes  0.00 bits/sec  0.003 ms  0/0 (0%)  
[  6]  23.00-24.00  sec  0.00 Bytes  0.00 bits/sec  0.003 ms  0/0 (0%)  
[  6]  24.00-25.00  sec  0.00 Bytes  0.00 bits/sec  0.003 ms  0/0 (0%)  
[  6]  25.00-26.00  sec  0.00 Bytes  0.00 bits/sec  0.003 ms  0/0 (0%)  
[  6]  26.00-27.00  sec  0.00 Bytes  0.00 bits/sec  0.003 ms  0/0 (0%)  
[  6]  27.00-28.00  sec  4.24 KBytes  34.7 Kbits/sec  422.061 ms  201/204 (99%)  
[  6]  28.00-29.00  sec  22.6 KBytes   185 Kbits/sec  150.364 ms  928/944 (98%)  
[  6]  29.00-30.00  sec  18.4 KBytes   151 Kbits/sec  65.048 ms  853/866 (98%)  
- - - - - - - - - - - - - - - - - - - - - - - - -
[ ID] Interval           Transfer     Bitrate         Jitter    Lost/Total Datagrams
[  6]   0.00-30.00  sec  25.1 MBytes  7.03 Mbits/sec  65.048 ms  2321/20533 (11%)  receiver
