-----------------------------------------------------------
Server listening on 3019 (test #1)
-----------------------------------------------------------
Accepted connection from 10.0.0.3, port 50480
[  6] local 10.0.0.19 port 3019 connected to 10.0.0.3 port 56092
[ ID] Interval           Transfer     Bitrate         Jitter    Lost/Total Datagrams
[  6]   0.00-1.00   sec   551 KBytes  4.51 Mbits/sec  0.785 ms  0/390 (0%)  
[  6]   1.00-2.00   sec   550 KBytes  4.51 Mbits/sec  0.682 ms  0/389 (0%)  
[  6]   2.00-3.00   sec   550 KBytes  4.51 Mbits/sec  1.111 ms  0/389 (0%)  
[  6]   3.00-4.00   sec   550 KBytes  4.51 Mbits/sec  0.663 ms  0/389 (0%)  
[  6]   4.00-5.00   sec   550 KBytes  4.51 Mbits/sec  0.645 ms  0/389 (0%)  
[  6]   5.00-6.00   sec   551 KBytes  4.52 Mbits/sec  0.559 ms  0/390 (0%)  
[  6]   6.00-7.00   sec   527 KBytes  4.32 Mbits/sec  1.069 ms  0/373 (0%)  
[  6]   7.00-8.00   sec  0.00 Bytes  0.00 bits/sec  1.069 ms  0/0 (0%)  
[  6]   8.00-9.00   sec  0.00 Bytes  0.00 bits/sec  1.069 ms  0/0 (0%)  
[  6]   9.00-10.00  sec  0.00 Bytes  0.00 bits/sec  1.069 ms  0/0 (0%)  
[  6]  10.00-11.00  sec  59.4 KBytes   487 Kbits/sec  39.870 ms  0/42 (0%)  
[  6]  11.00-12.00  sec  24.0 KBytes   197 Kbits/sec  57.303 ms  0/17 (0%)  
[  6]  12.00-13.00  sec  26.9 KBytes   220 Kbits/sec  46.201 ms  0/19 (0%)  
[  6]  13.00-14.00  sec  14.1 KBytes   116 Kbits/sec  61.608 ms  0/10 (0%)  
[  6]  14.00-15.00  sec  11.3 KBytes  92.7 Kbits/sec  83.504 ms  34/42 (81%)  
[  6]  15.00-16.00  sec  55.1 KBytes   452 Kbits/sec  11.429 ms  353/392 (90%)  
[  6]  16.00-17.00  sec  42.4 KBytes   348 Kbits/sec  5.141 ms  287/317 (91%)  
[  6]  17.00-18.00  sec  7.07 KBytes  58.0 Kbits/sec  4.955 ms  114/119 (96%)  
[  6]  18.00-19.00  sec  4.24 KBytes  34.7 Kbits/sec  4.855 ms  395/398 (99%)  
[  6]  19.00-20.00  sec  4.24 KBytes  34.8 Kbits/sec  4.409 ms  392/395 (99%)  
[  6]  20.00-21.00  sec  18.4 KBytes   151 Kbits/sec  1.987 ms  670/683 (98%)  
[  6]  21.00-22.00  sec  36.8 KBytes   301 Kbits/sec  0.441 ms  231/257 (90%)  
[  6]  22.00-23.00  sec  8.48 KBytes  69.5 Kbits/sec  0.355 ms  269/275 (98%)  
[  6]  23.00-24.00  sec  28.3 KBytes   232 Kbits/sec  0.164 ms  645/665 (97%)  
[  6]  24.00-25.00  sec  87.7 KBytes   718 Kbits/sec  0.051 ms  330/392 (84%)  
[  6]  25.00-26.00  sec  89.1 KBytes   730 Kbits/sec  0.052 ms  329/392 (84%)  
[  6]  26.00-27.00  sec  26.9 KBytes   220 Kbits/sec  0.104 ms  139/158 (88%)  
[  6]  27.00-28.00  sec  14.1 KBytes   116 Kbits/sec  0.086 ms  397/407 (98%)  
[  6]  28.00-29.00  sec  8.48 KBytes  69.5 Kbits/sec  0.083 ms  383/389 (98%)  
[  6]  29.00-30.00  sec  14.1 KBytes   116 Kbits/sec  0.066 ms  376/386 (97%)  
- - - - - - - - - - - - - - - - - - - - - - - - -
[ ID] Interval           Transfer     Bitrate         Jitter    Lost/Total Datagrams
[  6]   0.00-30.00  sec  4.31 MBytes  1.20 Mbits/sec  0.066 ms  5344/8464 (63%)  receiver
