-----------------------------------------------------------
Server listening on 3020 (test #1)
-----------------------------------------------------------
Accepted connection from 10.0.0.3, port 45984
[  6] local 10.0.0.20 port 3020 connected to 10.0.0.3 port 37165
[ ID] Interval           Transfer     Bitrate         Jitter    Lost/Total Datagrams
[  6]   0.00-1.00   sec  33.9 KBytes   278 Kbits/sec  0.468 ms  0/24 (0%)  
[  6]   1.00-2.00   sec  33.9 KBytes   278 Kbits/sec  0.696 ms  0/24 (0%)  
[  6]   2.00-3.00   sec  32.5 KBytes   266 Kbits/sec  0.470 ms  0/23 (0%)  
[  6]   3.00-4.00   sec  33.9 KBytes   278 Kbits/sec  0.437 ms  0/24 (0%)  
[  6]   4.00-5.00   sec  32.5 KBytes   266 Kbits/sec  0.648 ms  0/23 (0%)  
[  6]   5.00-6.00   sec  33.9 KBytes   278 Kbits/sec  0.650 ms  0/24 (0%)  
[  6]   6.00-7.00   sec  31.1 KBytes   255 Kbits/sec  2.640 ms  0/22 (0%)  
[  6]   7.00-8.00   sec  22.6 KBytes   185 Kbits/sec  3.750 ms  6/22 (27%)  
[  6]   8.00-9.00   sec  29.7 KBytes   243 Kbits/sec  4.428 ms  3/24 (12%)  
[  6]   9.00-10.00  sec  33.9 KBytes   278 Kbits/sec  6.671 ms  0/24 (0%)  
[  6]  10.00-11.00  sec  33.9 KBytes   278 Kbits/sec  7.516 ms  0/24 (0%)  
[  6]  11.00-12.00  sec  33.9 KBytes   278 Kbits/sec  7.799 ms  0/24 (0%)  
[  6]  12.00-13.00  sec  33.9 KBytes   278 Kbits/sec  7.188 ms  0/24 (0%)  
[  6]  13.00-14.00  sec  33.9 KBytes   278 Kbits/sec  5.591 ms  0/24 (0%)  
[  6]  14.00-15.00  sec  33.9 KBytes   278 Kbits/sec  2.165 ms  0/24 (0%)  
[  6]  15.00-16.00  sec  33.9 KBytes   278 Kbits/sec  0.480 ms  0/24 (0%)  
[  6]  16.00-17.00  sec  33.9 KBytes   278 Kbits/sec  0.107 ms  0/24 (0%)  
[  6]  17.00-18.00  sec  32.5 KBytes   266 Kbits/sec  0.036 ms  0/23 (0%)  
[  6]  18.00-19.00  sec  28.3 KBytes   232 Kbits/sec  0.020 ms  0/20 (0%)  
[  6]  19.00-20.00  sec  0.00 Bytes  0.00 bits/sec  0.020 ms  0/0 (0%)  
[  6]  20.00-21.00  sec  0.00 Bytes  0.00 bits/sec  0.020 ms  0/0 (0%)  
[  6]  21.00-22.00  sec  0.00 Bytes  0.00 bits/sec  0.020 ms  0/0 (0%)  
[  6]  22.00-23.00  sec  0.00 Bytes  0.00 bits/sec  0.020 ms  0/0 (0%)  
[  6]  23.00-24.00  sec  0.00 Bytes  0.00 bits/sec  0.020 ms  0/0 (0%)  
[  6]  24.00-25.00  sec  0.00 Bytes  0.00 bits/sec  0.020 ms  0/0 (0%)  
[  6]  25.00-26.00  sec  0.00 Bytes  0.00 bits/sec  0.020 ms  0/0 (0%)  
[  6]  26.00-27.00  sec  0.00 Bytes  0.00 bits/sec  0.020 ms  0/0 (0%)  
[  6]  27.00-28.00  sec  1.41 KBytes  11.6 Kbits/sec  480.206 ms  33/34 (97%)  
[  6]  28.00-29.00  sec  1.41 KBytes  11.6 Kbits/sec  450.212 ms  1/2 (50%)  
[  6]  29.00-30.00  sec  1.41 KBytes  11.6 Kbits/sec  422.086 ms  40/41 (98%)  
- - - - - - - - - - - - - - - - - - - - - - - - -
[ ID] Interval           Transfer     Bitrate         Jitter    Lost/Total Datagrams
[  6]   0.00-30.00  sec   621 KBytes   170 Kbits/sec  422.086 ms  83/522 (16%)  receiver
