-----------------------------------------------------------
Server listening on 3022 (test #1)
-----------------------------------------------------------
Accepted connection from 10.0.0.3, port 60772
[  6] local 10.0.0.22 port 3022 connected to 10.0.0.3 port 44065
[ ID] Interval           Transfer     Bitrate         Jitter    Lost/Total Datagrams
[  6]   0.00-1.00   sec  36.8 KBytes   301 Kbits/sec  0.020 ms  0/26 (0%)  
[  6]   1.00-2.00   sec  35.4 KBytes   290 Kbits/sec  0.030 ms  0/25 (0%)  
[  6]   2.00-3.00   sec  36.8 KBytes   301 Kbits/sec  0.038 ms  0/26 (0%)  
[  6]   3.00-4.00   sec  35.4 KBytes   290 Kbits/sec  0.024 ms  0/25 (0%)  
[  6]   4.00-5.00   sec  36.8 KBytes   301 Kbits/sec  0.030 ms  0/26 (0%)  
[  6]   5.00-6.00   sec  35.4 KBytes   289 Kbits/sec  1.122 ms  0/25 (0%)  
[  6]   6.00-7.00   sec  22.6 KBytes   185 Kbits/sec  4.458 ms  4/20 (20%)  
[  6]   7.00-8.00   sec  26.9 KBytes   220 Kbits/sec  4.608 ms  9/28 (32%)  
[  6]   8.00-9.00   sec  35.4 KBytes   290 Kbits/sec  6.979 ms  1/26 (3.8%)  
[  6]   9.00-10.00  sec  36.8 KBytes   301 Kbits/sec  8.144 ms  0/26 (0%)  
[  6]  10.00-11.00  sec  36.8 KBytes   301 Kbits/sec  6.121 ms  0/26 (0%)  
[  6]  11.00-12.00  sec  35.4 KBytes   289 Kbits/sec  6.652 ms  0/25 (0%)  
[  6]  12.00-13.00  sec  36.8 KBytes   301 Kbits/sec  6.682 ms  0/26 (0%)  
[  6]  13.00-14.00  sec  38.2 KBytes   313 Kbits/sec  3.392 ms  0/27 (0%)  
[  6]  14.00-15.00  sec  36.8 KBytes   301 Kbits/sec  1.220 ms  0/26 (0%)  
[  6]  15.00-16.00  sec  35.4 KBytes   290 Kbits/sec  0.609 ms  0/25 (0%)  
[  6]  16.00-17.00  sec  36.8 KBytes   301 Kbits/sec  0.454 ms  0/26 (0%)  
[  6]  17.00-18.00  sec  35.4 KBytes   290 Kbits/sec  0.448 ms  0/25 (0%)  
[  6]  18.00-19.00  sec  2.83 KBytes  23.2 Kbits/sec  0.416 ms  0/2 (0%)  
[  6]  19.00-20.00  sec  0.00 Bytes  0.00 bits/sec  0.416 ms  0/0 (0%)  
[  6]  20.00-21.00  sec  0.00 Bytes  0.00 bits/sec  0.416 ms  0/0 (0%)  
[  6]  21.00-22.00  sec  0.00 Bytes  0.00 bits/sec  0.416 ms  0/0 (0%)  
[  6]  22.00-23.00  sec  0.00 Bytes  0.00 bits/sec  0.416 ms  0/0 (0%)  
[  6]  23.00-24.00  sec  0.00 Bytes  0.00 bits/sec  0.416 ms  0/0 (0%)  
[  6]  24.00-25.00  sec  0.00 Bytes  0.00 bits/sec  0.416 ms  0/0 (0%)  
[  6]  25.00-26.00  sec  0.00 Bytes  0.00 bits/sec  0.416 ms  0/0 (0%)  
[  6]  26.00-27.00  sec  1.41 KBytes  11.6 Kbits/sec  480.579 ms  15/16 (94%)  
[  6]  27.00-28.00  sec  0.00 Bytes  0.00 bits/sec  480.579 ms  0/0 (0%)  
[  6]  28.00-29.00  sec  0.00 Bytes  0.00 bits/sec  480.579 ms  0/0 (0%)  
[  6]  29.00-30.00  sec  0.00 Bytes  0.00 bits/sec  480.579 ms  0/0 (0%)  
- - - - - - - - - - - - - - - - - - - - - - - - -
[ ID] Interval           Transfer     Bitrate         Jitter    Lost/Total Datagrams
[  6]   0.00-30.00  sec   634 KBytes   173 Kbits/sec  480.579 ms  29/477 (6.1%)  receiver
