-----------------------------------------------------------
Server listening on 3004 (test #1)
-----------------------------------------------------------
Accepted connection from 10.0.0.3, port 39656
[  6] local 10.0.0.4 port 3004 connected to 10.0.0.3 port 40011
[ ID] Interval           Transfer     Bitrate         Jitter    Lost/Total Datagrams
[  6]   0.00-1.00   sec  2.53 MBytes  21.2 Mbits/sec  0.005 ms  0/1830 (0%)  
[  6]   1.00-2.00   sec  2.52 MBytes  21.2 Mbits/sec  0.017 ms  0/1828 (0%)  
[  6]   2.00-3.00   sec  2.52 MBytes  21.2 Mbits/sec  0.001 ms  0/1826 (0%)  
[  6]   3.00-4.00   sec  2.53 MBytes  21.2 Mbits/sec  0.007 ms  0/1829 (0%)  
[  6]   4.00-5.00   sec  2.52 MBytes  21.2 Mbits/sec  0.007 ms  0/1826 (0%)  
[  6]   5.00-6.00   sec  2.53 MBytes  21.2 Mbits/sec  0.003 ms  0/1829 (0%)  
[  6]   6.00-7.00   sec  2.52 MBytes  21.2 Mbits/sec  0.021 ms  0/1827 (0%)  
[  6]   7.00-8.00   sec  2.53 MBytes  21.2 Mbits/sec  0.011 ms  0/1829 (0%)  
[  6]   8.00-9.00   sec  2.52 MBytes  21.2 Mbits/sec  0.012 ms  0/1828 (0%)  
[  6]   9.00-10.00  sec  2.52 MBytes  21.2 Mbits/sec  0.009 ms  0/1827 (0%)  
[  6]  10.00-11.00  sec  2.52 MBytes  21.2 Mbits/sec  0.018 ms  0/1828 (0%)  
[  6]  11.00-12.00  sec  2.52 MBytes  21.2 Mbits/sec  0.006 ms  0/1826 (0%)  
[  6]  12.00-13.00  sec  2.20 MBytes  18.4 Mbits/sec  0.164 ms  10/1600 (0.62%)  
[  6]  13.00-14.00  sec  1.82 MBytes  15.3 Mbits/sec  0.106 ms  518/1839 (28%)  
[  6]  14.00-15.00  sec  1.86 MBytes  15.6 Mbits/sec  0.124 ms  130/1474 (8.8%)  
[  6]  15.00-16.00  sec  1.71 MBytes  14.4 Mbits/sec  0.277 ms  0/1241 (0%)  
[  6]  16.00-17.00  sec  1.83 MBytes  15.3 Mbits/sec  0.134 ms  0/1322 (0%)  
[  6]  17.00-18.00  sec  2.45 MBytes  20.5 Mbits/sec  0.242 ms  0/1774 (0%)  
[  6]  18.00-19.00  sec  2.76 MBytes  23.2 Mbits/sec  0.121 ms  0/1999 (0%)  
[  6]  19.00-20.00  sec  4.66 MBytes  39.1 Mbits/sec  0.041 ms  0/3375 (0%)  
[  6]  20.00-21.00  sec  2.52 MBytes  21.2 Mbits/sec  0.022 ms  0/1827 (0%)  
[  6]  21.00-22.00  sec  2.53 MBytes  21.2 Mbits/sec  0.032 ms  0/1829 (0%)  
[  6]  22.00-23.00  sec  2.52 MBytes  21.1 Mbits/sec  0.086 ms  0/1822 (0%)  
[  6]  23.00-24.00  sec  2.53 MBytes  21.2 Mbits/sec  0.003 ms  0/1832 (0%)  
[  6]  24.00-25.00  sec  1024 KBytes  8.38 Mbits/sec  0.004 ms  0/724 (0%)  
[  6]  25.00-26.00  sec  0.00 Bytes  0.00 bits/sec  0.004 ms  0/0 (0%)  
[  6]  26.00-27.00  sec  0.00 Bytes  0.00 bits/sec  0.004 ms  0/0 (0%)  
[  6]  27.00-28.00  sec  0.00 Bytes  0.00 bits/sec  0.004 ms  0/0 (0%)  
[  6]  28.00-29.00  sec  0.00 Bytes  0.00 bits/sec  0.004 ms  0/0 (0%)  
[  6]  29.00-30.00  sec  0.00 Bytes  0.00 bits/sec  0.004 ms  0/0 (0%)  
- - - - - - - - - - - - - - - - - - - - - - - - -
[ ID] Interval           Transfer     Bitrate         Jitter    Lost/Total Datagrams
[SUM]  0.0-30.0 sec  36 datagrams received out-of-order
[  6]   0.00-30.00  sec  60.7 MBytes  17.0 Mbits/sec  0.004 ms  658/44591 (1.5%)  receiver
