-----------------------------------------------------------
Server listening on 3005 (test #1)
-----------------------------------------------------------
Accepted connection from 10.0.0.3, port 49538
[  6] local 10.0.0.5 port 3005 connected to 10.0.0.3 port 48504
[ ID] Interval           Transfer     Bitrate         Jitter    Lost/Total Datagrams
[  6]   0.00-1.00   sec  58.0 KBytes   474 Kbits/sec  15.141 ms  0/41 (0%)  
[  6]   1.00-2.00   sec  56.6 KBytes   464 Kbits/sec  15.286 ms  0/40 (0%)  
[  6]   2.00-3.00   sec  58.0 KBytes   475 Kbits/sec  17.332 ms  0/41 (0%)  
[  6]   3.00-4.00   sec  58.0 KBytes   475 Kbits/sec  16.401 ms  0/41 (0%)  
[  6]   4.00-5.00   sec  55.1 KBytes   452 Kbits/sec  16.168 ms  0/39 (0%)  
[  6]   5.00-6.00   sec  59.4 KBytes   486 Kbits/sec  15.208 ms  0/42 (0%)  
[  6]   6.00-7.00   sec  55.1 KBytes   452 Kbits/sec  14.968 ms  0/39 (0%)  
[  6]   7.00-8.00   sec  60.8 KBytes   498 Kbits/sec  16.301 ms  0/43 (0%)  
[  6]   8.00-9.00   sec  55.1 KBytes   452 Kbits/sec  16.692 ms  0/39 (0%)  
[  6]   9.00-10.00  sec  59.4 KBytes   486 Kbits/sec  17.242 ms  0/42 (0%)  
[  6]  10.00-11.00  sec  56.6 KBytes   463 Kbits/sec  16.411 ms  0/40 (0%)  
[  6]  11.00-12.00  sec  52.3 KBytes   429 Kbits/sec  21.524 ms  0/37 (0%)  
[  6]  12.00-13.00  sec  41.0 KBytes   336 Kbits/sec  17.921 ms  11/40 (28%)  
[  6]  13.00-14.00  sec  50.9 KBytes   417 Kbits/sec  19.253 ms  4/40 (10%)  
[  6]  14.00-15.00  sec  58.0 KBytes   475 Kbits/sec  18.778 ms  0/41 (0%)  
[  6]  15.00-16.00  sec  59.4 KBytes   486 Kbits/sec  20.824 ms  0/42 (0%)  
[  6]  16.00-17.00  sec  58.0 KBytes   475 Kbits/sec  20.793 ms  0/41 (0%)  
[  6]  17.00-18.00  sec  58.0 KBytes   475 Kbits/sec  13.571 ms  0/41 (0%)  
[  6]  18.00-19.00  sec  59.4 KBytes   486 Kbits/sec  8.476 ms  0/42 (0%)  
[  6]  19.00-20.00  sec  59.4 KBytes   487 Kbits/sec  2.833 ms  0/42 (0%)  
[  6]  20.00-21.00  sec  58.0 KBytes   475 Kbits/sec  1.097 ms  0/41 (0%)  
[  6]  21.00-22.00  sec  56.6 KBytes   463 Kbits/sec  0.857 ms  0/40 (0%)  
[  6]  22.00-23.00  sec  58.0 KBytes   475 Kbits/sec  0.879 ms  0/41 (0%)  
[  6]  23.00-24.00  sec  42.4 KBytes   348 Kbits/sec  0.291 ms  0/30 (0%)  
[  6]  24.00-25.00  sec  0.00 Bytes  0.00 bits/sec  0.291 ms  0/0 (0%)  
[  6]  25.00-26.00  sec  0.00 Bytes  0.00 bits/sec  0.291 ms  0/0 (0%)  
[  6]  26.00-27.00  sec  0.00 Bytes  0.00 bits/sec  0.291 ms  0/0 (0%)  
[  6]  27.00-28.00  sec  0.00 Bytes  0.00 bits/sec  0.291 ms  0/0 (0%)  
[  6]  28.00-29.00  sec  0.00 Bytes  0.00 bits/sec  0.291 ms  0/0 (0%)  
[  6]  29.00-30.00  sec  0.00 Bytes  0.00 bits/sec  0.291 ms  0/0 (0%)  
- - - - - - - - - - - - - - - - - - - - - - - - -
[ ID] Interval           Transfer     Bitrate         Jitter    Lost/Total Datagrams
[  6]   0.00-30.00  sec  1.31 MBytes   367 Kbits/sec  0.291 ms  15/965 (1.6%)  receiver
