-----------------------------------------------------------
Server listening on 3008 (test #1)
-----------------------------------------------------------
Accepted connection from 10.0.0.3, port 48398
[  6] local 10.0.0.8 port 3008 connected to 10.0.0.3 port 47785
[ ID] Interval           Transfer     Bitrate         Jitter    Lost/Total Datagrams
[  6]   0.00-1.00   sec  4.24 KBytes  34.7 Kbits/sec  2.718 ms  0/3 (0%)  
[  6]   1.00-2.00   sec  2.83 KBytes  23.2 Kbits/sec  4.875 ms  0/2 (0%)  
[  6]   2.00-3.00   sec  2.83 KBytes  23.2 Kbits/sec  6.119 ms  0/2 (0%)  
[  6]   3.00-4.00   sec  4.24 KBytes  34.7 Kbits/sec  8.566 ms  0/3 (0%)  
[  6]   4.00-5.00   sec  2.83 KBytes  23.2 Kbits/sec  11.638 ms  0/2 (0%)  
[  6]   5.00-6.00   sec  2.83 KBytes  23.2 Kbits/sec  14.477 ms  0/2 (0%)  
[  6]   6.00-7.00   sec  4.24 KBytes  34.8 Kbits/sec  17.115 ms  0/3 (0%)  
[  6]   7.00-8.00   sec  2.83 KBytes  23.2 Kbits/sec  18.178 ms  0/2 (0%)  
[  6]   8.00-9.00   sec  2.83 KBytes  23.2 Kbits/sec  18.882 ms  0/2 (0%)  
[  6]   9.00-10.00  sec  4.24 KBytes  34.7 Kbits/sec  19.355 ms  0/3 (0%)  
[  6]  10.00-11.00  sec  2.83 KBytes  23.2 Kbits/sec  19.081 ms  0/2 (0%)  
[  6]  11.00-12.00  sec  2.83 KBytes  23.2 Kbits/sec  25.169 ms  0/2 (0%)  
[  6]  12.00-13.00  sec  0.00 Bytes  0.00 bits/sec  25.169 ms  0/0 (0%)  
[  6]  13.00-14.00  sec  4.24 KBytes  34.8 Kbits/sec  24.828 ms  2/5 (40%)  
[  6]  14.00-15.00  sec  2.83 KBytes  23.2 Kbits/sec  22.916 ms  0/2 (0%)  
[  6]  15.00-16.00  sec  2.83 KBytes  23.2 Kbits/sec  20.899 ms  0/2 (0%)  
[  6]  16.00-17.00  sec  4.24 KBytes  34.8 Kbits/sec  22.918 ms  0/3 (0%)  
[  6]  17.00-18.00  sec  2.83 KBytes  23.2 Kbits/sec  24.503 ms  0/2 (0%)  
[  6]  18.00-19.00  sec  2.83 KBytes  23.2 Kbits/sec  23.545 ms  0/2 (0%)  
[  6]  19.00-20.00  sec  4.24 KBytes  34.8 Kbits/sec  20.576 ms  0/3 (0%)  
[  6]  20.00-21.00  sec  2.83 KBytes  23.2 Kbits/sec  18.240 ms  0/2 (0%)  
[  6]  21.00-22.00  sec  2.83 KBytes  23.2 Kbits/sec  16.033 ms  0/2 (0%)  
[  6]  22.00-23.00  sec  4.24 KBytes  34.7 Kbits/sec  13.446 ms  0/3 (0%)  
[  6]  23.00-24.00  sec  0.00 Bytes  0.00 bits/sec  13.446 ms  0/0 (0%)  
[  6]  24.00-25.00  sec  0.00 Bytes  0.00 bits/sec  13.446 ms  0/0 (0%)  
[  6]  25.00-26.00  sec  0.00 Bytes  0.00 bits/sec  13.446 ms  0/0 (0%)  
[  6]  26.00-27.00  sec  0.00 Bytes  0.00 bits/sec  13.446 ms  0/0 (0%)  
[  6]  27.00-28.00  sec  0.00 Bytes  0.00 bits/sec  13.446 ms  0/0 (0%)  
[  6]  28.00-29.00  sec  0.00 Bytes  0.00 bits/sec  13.446 ms  0/0 (0%)  
[  6]  29.00-30.00  sec  0.00 Bytes  0.00 bits/sec  13.446 ms  0/0 (0%)  
- - - - - - - - - - - - - - - - - - - - - - - - -
[ ID] Interval           Transfer     Bitrate         Jitter    Lost/Total Datagrams
[  6]   0.00-30.00  sec  73.5 KBytes  20.1 Kbits/sec  13.446 ms  2/54 (3.7%)  receiver
