-----------------------------------------------------------
Server listening on 4001 (test #1)
-----------------------------------------------------------
Accepted connection from 10.0.0.4, port 57168
[  6] local 10.0.0.1 port 4001 connected to 10.0.0.4 port 34986
[ ID] Interval           Transfer     Bitrate         Jitter    Lost/Total Datagrams
[  6]   0.00-1.00   sec  1.29 MBytes  10.8 Mbits/sec  0.002 ms  0/932 (0%)  
[  6]   1.00-2.00   sec  1.28 MBytes  10.8 Mbits/sec  0.008 ms  0/930 (0%)  
[  6]   2.00-3.00   sec  1.29 MBytes  10.8 Mbits/sec  0.006 ms  0/931 (0%)  
[  6]   3.00-4.00   sec  1.28 MBytes  10.8 Mbits/sec  0.004 ms  0/930 (0%)  
[  6]   4.00-5.00   sec  1.29 MBytes  10.8 Mbits/sec  0.015 ms  0/931 (0%)  
[  6]   5.00-6.00   sec  1.28 MBytes  10.8 Mbits/sec  0.008 ms  0/930 (0%)  
[  6]   6.00-7.00   sec  1.29 MBytes  10.8 Mbits/sec  0.252 ms  0/931 (0%)  
[  6]   7.00-8.00   sec  1.29 MBytes  10.8 Mbits/sec  0.261 ms  0/931 (0%)  
[  6]   8.00-9.00   sec  1.28 MBytes  10.8 Mbits/sec  0.394 ms  0/930 (0%)  
[  6]   9.00-10.00  sec  1.29 MBytes  10.8 Mbits/sec  0.580 ms  0/931 (0%)  
[  6]  10.00-11.00  sec  1.28 MBytes  10.8 Mbits/sec  0.749 ms  0/930 (0%)  
[  6]  11.00-12.00  sec  1.27 MBytes  10.7 Mbits/sec  0.135 ms  0/920 (0%)  
[  6]  12.00-13.00  sec  1.19 MBytes  9.99 Mbits/sec  1.075 ms  0/863 (0%)  
[  6]  13.00-14.00  sec   824 KBytes  6.75 Mbits/sec  0.166 ms  308/891 (35%)  
[  6]  14.00-15.00  sec   865 KBytes  7.09 Mbits/sec  0.076 ms  322/934 (34%)  
[  6]  15.00-16.00  sec   860 KBytes  7.04 Mbits/sec  0.206 ms  326/934 (35%)  
[  6]  16.00-17.00  sec   940 KBytes  7.71 Mbits/sec  0.194 ms  265/930 (28%)  
[  6]  17.00-18.00  sec   974 KBytes  7.97 Mbits/sec  0.140 ms  242/931 (26%)  
[  6]  18.00-19.00  sec  1.03 MBytes  8.62 Mbits/sec  0.233 ms  184/928 (20%)  
[  6]  19.00-20.00  sec  1.22 MBytes  10.2 Mbits/sec  0.953 ms  98/979 (10%)  
[  6]  20.00-21.00  sec  1.31 MBytes  11.0 Mbits/sec  0.683 ms  0/950 (0%)  
[  6]  21.00-22.00  sec  1.29 MBytes  10.8 Mbits/sec  0.687 ms  0/933 (0%)  
[  6]  22.00-23.00  sec  1.29 MBytes  10.8 Mbits/sec  0.988 ms  0/934 (0%)  
[  6]  23.00-24.00  sec  1.30 MBytes  10.9 Mbits/sec  0.662 ms  0/943 (0%)  
[  6]  24.00-25.00  sec  1.28 MBytes  10.7 Mbits/sec  0.643 ms  0/924 (0%)  
[  6]  25.00-26.00  sec  1.22 MBytes  10.3 Mbits/sec  1.323 ms  0/887 (0%)  
[  6]  26.00-27.00  sec  1.28 MBytes  10.7 Mbits/sec  1.228 ms  0/928 (0%)  
[  6]  27.00-28.00  sec  1.30 MBytes  10.9 Mbits/sec  0.887 ms  0/939 (0%)  
[  6]  28.00-29.00  sec  1.29 MBytes  10.8 Mbits/sec  0.923 ms  0/932 (0%)  
[  6]  29.00-30.00  sec  1.29 MBytes  10.8 Mbits/sec  0.890 ms  0/933 (0%)  
[  6]  30.00-30.02  sec  21.2 KBytes  8.41 Mbits/sec  1.081 ms  0/15 (0%)  
- - - - - - - - - - - - - - - - - - - - - - - - -
[ ID] Interval           Transfer     Bitrate         Jitter    Lost/Total Datagrams
[  6]   0.00-30.02  sec  36.1 MBytes  10.1 Mbits/sec  1.081 ms  1745/27865 (6.3%)  receiver
