-----------------------------------------------------------
Server listening on 4011 (test #1)
-----------------------------------------------------------
Accepted connection from 10.0.0.4, port 56320
[  6] local 10.0.0.11 port 4011 connected to 10.0.0.4 port 56629
[ ID] Interval           Transfer     Bitrate         Jitter    Lost/Total Datagrams
[  6]   0.00-1.00   sec   710 KBytes  5.81 Mbits/sec  0.006 ms  0/502 (0%)  
[  6]   1.00-2.00   sec   708 KBytes  5.80 Mbits/sec  0.010 ms  0/501 (0%)  
[  6]   2.00-3.00   sec   708 KBytes  5.80 Mbits/sec  0.010 ms  0/501 (0%)  
[  6]   3.00-4.00   sec   710 KBytes  5.81 Mbits/sec  0.977 ms  0/502 (0%)  
[  6]   4.00-5.00   sec   708 KBytes  5.80 Mbits/sec  1.119 ms  0/501 (0%)  
[  6]   5.00-6.00   sec   710 KBytes  5.81 Mbits/sec  1.145 ms  0/502 (0%)  
[  6]   6.00-7.00   sec   700 KBytes  5.73 Mbits/sec  0.386 ms  0/495 (0%)  
[  6]   7.00-8.00   sec   711 KBytes  5.83 Mbits/sec  0.419 ms  0/503 (0%)  
[  6]   8.00-9.00   sec   714 KBytes  5.85 Mbits/sec  0.411 ms  0/505 (0%)  
[  6]   9.00-10.00  sec   710 KBytes  5.81 Mbits/sec  0.458 ms  0/502 (0%)  
[  6]  10.00-11.00  sec   433 KBytes  3.55 Mbits/sec  0.449 ms  131/437 (30%)  
[  6]  11.00-12.00  sec   458 KBytes  3.75 Mbits/sec  0.416 ms  175/499 (35%)  
[  6]  12.00-13.00  sec   457 KBytes  3.74 Mbits/sec  0.523 ms  176/499 (35%)  
[  6]  13.00-14.00  sec   485 KBytes  3.97 Mbits/sec  0.873 ms  153/496 (31%)  
[  6]  14.00-15.00  sec   506 KBytes  4.15 Mbits/sec  0.655 ms  138/496 (28%)  
[  6]  15.00-16.00  sec   550 KBytes  4.51 Mbits/sec  0.568 ms  106/495 (21%)  
[  6]  16.00-17.00  sec   568 KBytes  4.66 Mbits/sec  1.830 ms  83/485 (17%)  
[  6]  17.00-18.00  sec   754 KBytes  6.17 Mbits/sec  2.533 ms  0/533 (0%)  
[  6]  18.00-19.00  sec   708 KBytes  5.80 Mbits/sec  2.492 ms  0/501 (0%)  
[  6]  19.00-20.00  sec   718 KBytes  5.88 Mbits/sec  2.247 ms  0/508 (0%)  
[  6]  20.00-21.00  sec   710 KBytes  5.82 Mbits/sec  1.699 ms  0/502 (0%)  
[  6]  21.00-22.00  sec   706 KBytes  5.78 Mbits/sec  1.719 ms  0/499 (0%)  
[  6]  22.00-23.00  sec   742 KBytes  6.08 Mbits/sec  1.875 ms  0/525 (0%)  
[  6]  23.00-24.00  sec   713 KBytes  5.84 Mbits/sec  2.015 ms  0/504 (0%)  
[  6]  24.00-25.00  sec   701 KBytes  5.74 Mbits/sec  1.889 ms  0/496 (0%)  
[  6]  25.00-26.00  sec   710 KBytes  5.82 Mbits/sec  2.701 ms  0/502 (0%)  
[  6]  26.00-27.00  sec   708 KBytes  5.80 Mbits/sec  1.983 ms  0/501 (0%)  
[  6]  27.00-28.00  sec   723 KBytes  5.92 Mbits/sec  1.984 ms  0/511 (0%)  
[  6]  28.00-29.00  sec   716 KBytes  5.86 Mbits/sec  2.803 ms  0/506 (0%)  
[  6]  29.00-30.00  sec   706 KBytes  5.78 Mbits/sec  2.119 ms  0/499 (0%)  
[  6]  30.00-30.06  sec  45.2 KBytes  6.46 Mbits/sec  2.442 ms  0/32 (0%)  
- - - - - - - - - - - - - - - - - - - - - - - - -
[ ID] Interval           Transfer     Bitrate         Jitter    Lost/Total Datagrams
[  6]   0.00-30.06  sec  19.4 MBytes  5.43 Mbits/sec  2.442 ms  962/15040 (6.4%)  receiver
