-----------------------------------------------------------
Server listening on 4012 (test #1)
-----------------------------------------------------------
Accepted connection from 10.0.0.4, port 58584
[  6] local 10.0.0.12 port 4012 connected to 10.0.0.4 port 46083
[ ID] Interval           Transfer     Bitrate         Jitter    Lost/Total Datagrams
[  6]   0.00-1.00   sec  1.28 MBytes  10.7 Mbits/sec  0.013 ms  0/925 (0%)  
[  6]   1.00-2.00   sec  1.21 MBytes  10.1 Mbits/sec  0.813 ms  0/875 (0%)  
[  6]   2.00-3.00   sec  1.26 MBytes  10.6 Mbits/sec  0.867 ms  0/913 (0%)  
[  6]   3.00-4.00   sec  1.28 MBytes  10.7 Mbits/sec  1.138 ms  0/928 (0%)  
[  6]   4.00-5.00   sec  1.27 MBytes  10.7 Mbits/sec  1.173 ms  0/921 (0%)  
[  6]   5.00-6.00   sec  1.27 MBytes  10.7 Mbits/sec  1.138 ms  0/920 (0%)  
[  6]   6.00-7.00   sec  1.27 MBytes  10.7 Mbits/sec  1.474 ms  0/923 (0%)  
[  6]   7.00-8.00   sec  1.25 MBytes  10.5 Mbits/sec  0.958 ms  0/907 (0%)  
[  6]   8.00-9.00   sec  1.27 MBytes  10.7 Mbits/sec  1.501 ms  0/922 (0%)  
[  6]   9.00-10.00  sec  1.24 MBytes  10.4 Mbits/sec  0.878 ms  0/899 (0%)  
[  6]  10.00-11.00  sec   779 KBytes  6.38 Mbits/sec  0.243 ms  351/902 (39%)  
[  6]  11.00-12.00  sec   853 KBytes  6.99 Mbits/sec  0.237 ms  326/929 (35%)  
[  6]  12.00-13.00  sec   833 KBytes  6.82 Mbits/sec  0.231 ms  325/914 (36%)  
[  6]  13.00-14.00  sec   906 KBytes  7.43 Mbits/sec  0.482 ms  273/914 (30%)  
[  6]  14.00-15.00  sec  1008 KBytes  8.26 Mbits/sec  0.244 ms  204/917 (22%)  
[  6]  15.00-16.00  sec   994 KBytes  8.14 Mbits/sec  0.962 ms  201/904 (22%)  
[  6]  16.00-17.00  sec  1.21 MBytes  10.2 Mbits/sec  0.728 ms  81/958 (8.5%)  
[  6]  17.00-18.00  sec  1.30 MBytes  10.9 Mbits/sec  0.770 ms  0/939 (0%)  
[  6]  18.00-19.00  sec  1.28 MBytes  10.8 Mbits/sec  0.827 ms  0/928 (0%)  
[  6]  19.00-20.00  sec  1.27 MBytes  10.6 Mbits/sec  0.957 ms  0/918 (0%)  
[  6]  20.00-21.00  sec  1.27 MBytes  10.7 Mbits/sec  1.260 ms  0/919 (0%)  
[  6]  21.00-22.00  sec  1.42 MBytes  11.9 Mbits/sec  2.147 ms  0/1026 (0%)  
[  6]  22.00-23.00  sec  1.27 MBytes  10.7 Mbits/sec  1.405 ms  0/923 (0%)  
[  6]  23.00-24.00  sec  1.29 MBytes  10.8 Mbits/sec  1.430 ms  0/931 (0%)  
[  6]  24.00-25.00  sec  1.26 MBytes  10.6 Mbits/sec  1.448 ms  0/913 (0%)  
[  6]  25.00-26.00  sec  1.29 MBytes  10.8 Mbits/sec  1.442 ms  0/933 (0%)  
[  6]  26.00-27.00  sec  1.27 MBytes  10.6 Mbits/sec  1.436 ms  0/919 (0%)  
[  6]  27.00-28.00  sec  1.30 MBytes  10.9 Mbits/sec  0.003 ms  0/944 (0%)  
[  6]  28.00-29.00  sec  1.28 MBytes  10.7 Mbits/sec  0.001 ms  0/924 (0%)  
[  6]  29.00-30.00  sec  1.28 MBytes  10.7 Mbits/sec  0.005 ms  0/924 (0%)  
- - - - - - - - - - - - - - - - - - - - - - - - -
[ ID] Interval           Transfer     Bitrate         Jitter    Lost/Total Datagrams
[SUM]  0.0-30.0 sec  169 datagrams received out-of-order
[  6]   0.00-30.00  sec  35.8 MBytes  10.0 Mbits/sec  0.005 ms  1761/27712 (6.4%)  receiver
