-----------------------------------------------------------
Server listening on 4014 (test #1)
-----------------------------------------------------------
Accepted connection from 10.0.0.4, port 57440
[  6] local 10.0.0.14 port 4014 connected to 10.0.0.4 port 35326
[ ID] Interval           Transfer     Bitrate         Jitter    Lost/Total Datagrams
[  6]   0.00-1.00   sec   122 KBytes   996 Kbits/sec  0.012 ms  0/86 (0%)  
[  6]   1.00-2.00   sec   120 KBytes   984 Kbits/sec  0.021 ms  0/85 (0%)  
[  6]   2.00-3.00   sec   120 KBytes   985 Kbits/sec  3.571 ms  0/85 (0%)  
[  6]   3.00-4.00   sec   122 KBytes   996 Kbits/sec  3.141 ms  0/86 (0%)  
[  6]   4.00-5.00   sec   120 KBytes   985 Kbits/sec  4.026 ms  0/85 (0%)  
[  6]   5.00-6.00   sec   120 KBytes   986 Kbits/sec  4.000 ms  0/85 (0%)  
[  6]   6.00-7.00   sec   120 KBytes   984 Kbits/sec  4.033 ms  0/85 (0%)  
[  6]   7.00-8.00   sec   122 KBytes   996 Kbits/sec  4.173 ms  0/86 (0%)  
[  6]   8.00-9.00   sec   120 KBytes   985 Kbits/sec  4.480 ms  0/85 (0%)  
[  6]   9.00-10.00  sec  89.1 KBytes   731 Kbits/sec  3.189 ms  11/74 (15%)  
[  6]  10.00-11.00  sec  89.1 KBytes   729 Kbits/sec  1.678 ms  23/86 (27%)  
[  6]  11.00-12.00  sec  77.8 KBytes   637 Kbits/sec  1.932 ms  28/83 (34%)  
[  6]  12.00-13.00  sec  69.3 KBytes   568 Kbits/sec  2.024 ms  35/84 (42%)  
[  6]  13.00-14.00  sec  94.7 KBytes   776 Kbits/sec  1.884 ms  15/82 (18%)  
[  6]  14.00-15.00  sec  86.3 KBytes   707 Kbits/sec  2.295 ms  27/88 (31%)  
[  6]  15.00-16.00  sec  94.7 KBytes   777 Kbits/sec  3.416 ms  16/83 (19%)  
[  6]  16.00-17.00  sec   127 KBytes  1.04 Mbits/sec  7.475 ms  1/91 (1.1%)  
[  6]  17.00-18.00  sec   122 KBytes   997 Kbits/sec  7.231 ms  0/86 (0%)  
[  6]  18.00-19.00  sec   120 KBytes   984 Kbits/sec  7.782 ms  0/85 (0%)  
[  6]  19.00-20.00  sec   119 KBytes   974 Kbits/sec  8.027 ms  0/84 (0%)  
[  6]  20.00-21.00  sec   120 KBytes   984 Kbits/sec  7.686 ms  0/85 (0%)  
[  6]  21.00-22.00  sec   127 KBytes  1.04 Mbits/sec  7.131 ms  0/90 (0%)  
[  6]  22.00-23.00  sec   122 KBytes   996 Kbits/sec  7.713 ms  0/86 (0%)  
[  6]  23.00-24.00  sec   120 KBytes   985 Kbits/sec  7.489 ms  0/85 (0%)  
[  6]  24.00-25.00  sec   120 KBytes   984 Kbits/sec  7.328 ms  0/85 (0%)  
[  6]  25.00-26.00  sec   120 KBytes   985 Kbits/sec  7.055 ms  0/85 (0%)  
[  6]  26.00-27.00  sec   122 KBytes   996 Kbits/sec  6.885 ms  0/86 (0%)  
[  6]  27.00-28.00  sec   120 KBytes   985 Kbits/sec  7.160 ms  0/85 (0%)  
[  6]  28.00-29.00  sec   123 KBytes  1.01 Mbits/sec  8.518 ms  0/87 (0%)  
[  6]  29.00-30.00  sec   120 KBytes   985 Kbits/sec  8.097 ms  0/85 (0%)  
- - - - - - - - - - - - - - - - - - - - - - - - -
[ ID] Interval           Transfer     Bitrate         Jitter    Lost/Total Datagrams
[  6]   0.00-30.01  sec  3.31 MBytes   925 Kbits/sec  8.097 ms  156/2553 (6.1%)  receiver
