-----------------------------------------------------------
Server listening on 4015 (test #1)
-----------------------------------------------------------
Accepted connection from 10.0.0.4, port 45062
[  6] local 10.0.0.15 port 4015 connected to 10.0.0.4 port 54916
[ ID] Interval           Transfer     Bitrate         Jitter    Lost/Total Datagrams
[  6]   0.00-1.00   sec  41.0 KBytes   336 Kbits/sec  0.011 ms  0/29 (0%)  
[  6]   1.00-2.00   sec  41.0 KBytes   336 Kbits/sec  0.016 ms  0/29 (0%)  
[  6]   2.00-3.00   sec  35.4 KBytes   289 Kbits/sec  20.520 ms  0/25 (0%)  
[  6]   3.00-4.00   sec  41.0 KBytes   336 Kbits/sec  25.010 ms  0/29 (0%)  
[  6]   4.00-5.00   sec  41.0 KBytes   336 Kbits/sec  25.977 ms  0/29 (0%)  
[  6]   5.00-6.00   sec  41.0 KBytes   336 Kbits/sec  25.848 ms  0/29 (0%)  
[  6]   6.00-7.00   sec  39.6 KBytes   324 Kbits/sec  25.624 ms  0/28 (0%)  
[  6]   7.00-8.00   sec  41.0 KBytes   336 Kbits/sec  26.015 ms  0/29 (0%)  
[  6]   8.00-9.00   sec  39.6 KBytes   324 Kbits/sec  24.837 ms  0/28 (0%)  
[  6]   9.00-10.00  sec  24.0 KBytes   197 Kbits/sec  9.733 ms  9/26 (35%)  
[  6]  10.00-11.00  sec  21.2 KBytes   174 Kbits/sec  3.853 ms  15/30 (50%)  
[  6]  11.00-12.00  sec  29.7 KBytes   243 Kbits/sec  1.984 ms  7/28 (25%)  
[  6]  12.00-13.00  sec  32.5 KBytes   266 Kbits/sec  1.201 ms  6/29 (21%)  
[  6]  13.00-14.00  sec  29.7 KBytes   243 Kbits/sec  1.436 ms  8/29 (28%)  
[  6]  14.00-15.00  sec  32.5 KBytes   267 Kbits/sec  1.634 ms  6/29 (21%)  
[  6]  15.00-16.00  sec  36.8 KBytes   301 Kbits/sec  3.765 ms  4/30 (13%)  
[  6]  16.00-17.00  sec  41.0 KBytes   336 Kbits/sec  3.348 ms  0/29 (0%)  
[  6]  17.00-18.00  sec  39.6 KBytes   325 Kbits/sec  3.991 ms  0/28 (0%)  
[  6]  18.00-19.00  sec  41.0 KBytes   336 Kbits/sec  3.668 ms  0/29 (0%)  
[  6]  19.00-20.00  sec  41.0 KBytes   336 Kbits/sec  3.500 ms  0/29 (0%)  
[  6]  20.00-21.00  sec  39.6 KBytes   324 Kbits/sec  4.052 ms  0/28 (0%)  
[  6]  21.00-22.00  sec  39.6 KBytes   324 Kbits/sec  6.157 ms  0/28 (0%)  
[  6]  22.00-23.00  sec  39.6 KBytes   324 Kbits/sec  6.088 ms  0/28 (0%)  
[  6]  23.00-24.00  sec  41.0 KBytes   336 Kbits/sec  6.761 ms  0/29 (0%)  
[  6]  24.00-25.00  sec  39.6 KBytes   324 Kbits/sec  6.914 ms  0/28 (0%)  
[  6]  25.00-26.00  sec  41.0 KBytes   336 Kbits/sec  6.734 ms  0/29 (0%)  
[  6]  26.00-27.00  sec  41.0 KBytes   336 Kbits/sec  5.527 ms  0/29 (0%)  
[  6]  27.00-28.00  sec  42.4 KBytes   348 Kbits/sec  6.006 ms  0/30 (0%)  
[  6]  28.00-29.00  sec  41.0 KBytes   336 Kbits/sec  7.509 ms  0/29 (0%)  
[  6]  29.00-30.00  sec  39.6 KBytes   325 Kbits/sec  8.002 ms  0/28 (0%)  
- - - - - - - - - - - - - - - - - - - - - - - - -
[ ID] Interval           Transfer     Bitrate         Jitter    Lost/Total Datagrams
[  6]   0.00-30.00  sec  1.11 MBytes   310 Kbits/sec  8.002 ms  55/857 (6.4%)  receiver
