-----------------------------------------------------------
Server listening on 4017 (test #1)
-----------------------------------------------------------
Accepted connection from 10.0.0.4, port 50142
[  6] local 10.0.0.17 port 4017 connected to 10.0.0.4 port 41581
[ ID] Interval           Transfer     Bitrate         Jitter    Lost/Total Datagrams
[  6]   0.00-1.00   sec  2.89 MBytes  24.2 Mbits/sec  0.870 ms  0/2094 (0%)  
[  6]   1.00-2.00   sec  2.75 MBytes  23.1 Mbits/sec  0.565 ms  0/1992 (0%)  
[  6]   2.00-3.00   sec  2.64 MBytes  22.2 Mbits/sec  2.078 ms  0/1915 (0%)  
[  6]   3.00-4.00   sec  2.75 MBytes  23.1 Mbits/sec  0.683 ms  0/1992 (0%)  
[  6]   4.00-5.00   sec  2.71 MBytes  22.8 Mbits/sec  0.746 ms  0/1965 (0%)  
[  6]   5.00-6.00   sec  2.61 MBytes  21.9 Mbits/sec  0.499 ms  0/1892 (0%)  
[  6]   6.00-7.00   sec  2.09 MBytes  17.5 Mbits/sec  0.493 ms  0/1510 (0%)  
[  6]   7.00-8.00   sec  2.14 MBytes  18.0 Mbits/sec  1.732 ms  0/1551 (0%)  
[  6]   8.00-9.00   sec  2.19 MBytes  18.3 Mbits/sec  0.037 ms  48673/50257 (97%)  
[  6]   9.00-10.00  sec  2.16 MBytes  18.2 Mbits/sec  0.040 ms  6227/7794 (80%)  
[  6]  10.00-11.00  sec  1.93 MBytes  16.2 Mbits/sec  0.056 ms  5492/6889 (80%)  
[  6]  11.00-12.00  sec  1.89 MBytes  15.9 Mbits/sec  0.031 ms  5964/7332 (81%)  
[  6]  12.00-13.00  sec  1.82 MBytes  15.3 Mbits/sec  0.050 ms  6505/7826 (83%)  
[  6]  13.00-14.00  sec  1.64 MBytes  13.8 Mbits/sec  0.041 ms  5616/6803 (83%)  
[  6]  14.00-15.00  sec  1.57 MBytes  13.2 Mbits/sec  0.058 ms  6024/7164 (84%)  
[  6]  15.00-16.00  sec  1.31 MBytes  11.0 Mbits/sec  0.151 ms  0/947 (0%)  
[  6]  16.00-17.00  sec  1.30 MBytes  10.9 Mbits/sec  0.150 ms  0/939 (0%)  
[  6]  17.00-18.00  sec  1.32 MBytes  11.1 Mbits/sec  0.123 ms  0/957 (0%)  
[  6]  18.00-19.00  sec  1.32 MBytes  11.1 Mbits/sec  0.154 ms  0/958 (0%)  
[  6]  19.00-20.00  sec  1.47 MBytes  12.4 Mbits/sec  0.158 ms  0/1067 (0%)  
[  6]  20.00-21.00  sec  1.93 MBytes  16.2 Mbits/sec  0.134 ms  0/1398 (0%)  
[  6]  21.00-22.00  sec  2.24 MBytes  18.8 Mbits/sec  0.223 ms  0/1622 (0%)  
[  6]  22.00-23.00  sec  2.17 MBytes  18.2 Mbits/sec  0.134 ms  0/1573 (0%)  
[  6]  23.00-24.00  sec  2.24 MBytes  18.8 Mbits/sec  0.149 ms  0/1620 (0%)  
[  6]  24.00-25.00  sec  2.30 MBytes  19.3 Mbits/sec  0.150 ms  0/1665 (0%)  
[  6]  25.00-26.00  sec  2.54 MBytes  21.3 Mbits/sec  0.164 ms  0/1838 (0%)  
[  6]  26.00-27.00  sec  2.80 MBytes  23.5 Mbits/sec  0.144 ms  0/2031 (0%)  
[  6]  27.00-28.00  sec  3.25 MBytes  27.3 Mbits/sec  0.143 ms  0/2355 (0%)  
[  6]  28.00-29.00  sec  3.65 MBytes  30.6 Mbits/sec  0.235 ms  0/2642 (0%)  
[  6]  29.00-30.00  sec  3.72 MBytes  31.2 Mbits/sec  0.303 ms  0/2691 (0%)  
[  6]  30.00-30.00  sec  8.48 KBytes  73.6 Mbits/sec  0.255 ms  0/6 (0%)  
- - - - - - - - - - - - - - - - - - - - - - - - -
[ ID] Interval           Transfer     Bitrate         Jitter    Lost/Total Datagrams
[SUM]  0.0-30.0 sec  71 datagrams received out-of-order
[  6]   0.00-30.00  sec  67.4 MBytes  18.8 Mbits/sec  0.255 ms  84501/133285 (63%)  receiver
