-----------------------------------------------------------
Server listening on 4018 (test #1)
-----------------------------------------------------------
Accepted connection from 10.0.0.4, port 57168
[  6] local 10.0.0.18 port 4018 connected to 10.0.0.4 port 55864
[ ID] Interval           Transfer     Bitrate         Jitter    Lost/Total Datagrams
[  6]   0.00-1.00   sec   206 KBytes  1.69 Mbits/sec  4.902 ms  0/146 (0%)  
[  6]   1.00-2.00   sec   223 KBytes  1.83 Mbits/sec  6.023 ms  0/158 (0%)  
[  6]   2.00-3.00   sec   221 KBytes  1.81 Mbits/sec  6.060 ms  0/156 (0%)  
[  6]   3.00-4.00   sec   221 KBytes  1.81 Mbits/sec  6.133 ms  0/156 (0%)  
[  6]   4.00-5.00   sec   222 KBytes  1.82 Mbits/sec  5.841 ms  0/157 (0%)  
[  6]   5.00-6.00   sec   216 KBytes  1.77 Mbits/sec  5.011 ms  0/153 (0%)  
[  6]   6.00-7.00   sec   222 KBytes  1.82 Mbits/sec  5.288 ms  0/157 (0%)  
[  6]   7.00-8.00   sec   187 KBytes  1.53 Mbits/sec  4.221 ms  17/149 (11%)  
[  6]   8.00-9.00   sec   140 KBytes  1.15 Mbits/sec  1.267 ms  57/156 (37%)  
[  6]   9.00-10.00  sec   120 KBytes   985 Kbits/sec  1.376 ms  71/156 (46%)  
[  6]  10.00-11.00  sec   143 KBytes  1.17 Mbits/sec  1.207 ms  54/155 (35%)  
[  6]  11.00-12.00  sec   158 KBytes  1.30 Mbits/sec  1.346 ms  38/150 (25%)  
[  6]  12.00-13.00  sec   170 KBytes  1.39 Mbits/sec  1.489 ms  40/160 (25%)  
[  6]  13.00-14.00  sec   177 KBytes  1.45 Mbits/sec  1.939 ms  27/152 (18%)  
[  6]  14.00-15.00  sec   225 KBytes  1.84 Mbits/sec  5.317 ms  7/166 (4.2%)  
[  6]  15.00-16.00  sec   219 KBytes  1.80 Mbits/sec  5.781 ms  0/155 (0%)  
[  6]  16.00-17.00  sec   221 KBytes  1.81 Mbits/sec  5.794 ms  0/156 (0%)  
[  6]  17.00-18.00  sec   223 KBytes  1.83 Mbits/sec  5.151 ms  0/158 (0%)  
[  6]  18.00-19.00  sec   221 KBytes  1.81 Mbits/sec  5.294 ms  0/156 (0%)  
[  6]  19.00-20.00  sec   233 KBytes  1.91 Mbits/sec  5.694 ms  0/165 (0%)  
[  6]  20.00-21.00  sec   219 KBytes  1.79 Mbits/sec  5.501 ms  0/155 (0%)  
[  6]  21.00-22.00  sec   222 KBytes  1.82 Mbits/sec  5.740 ms  0/157 (0%)  
[  6]  22.00-23.00  sec   221 KBytes  1.81 Mbits/sec  5.867 ms  0/156 (0%)  
[  6]  23.00-24.00  sec   219 KBytes  1.80 Mbits/sec  5.720 ms  0/155 (0%)  
[  6]  24.00-25.00  sec   226 KBytes  1.86 Mbits/sec  5.229 ms  0/160 (0%)  
[  6]  25.00-26.00  sec   221 KBytes  1.81 Mbits/sec  5.843 ms  0/156 (0%)  
[  6]  26.00-27.00  sec   225 KBytes  1.84 Mbits/sec  6.314 ms  0/159 (0%)  
[  6]  27.00-28.00  sec   219 KBytes  1.79 Mbits/sec  6.784 ms  0/155 (0%)  
[  6]  28.00-29.00  sec   225 KBytes  1.84 Mbits/sec  6.760 ms  0/159 (0%)  
[  6]  29.00-30.00  sec   225 KBytes  1.84 Mbits/sec  6.779 ms  0/159 (0%)  
- - - - - - - - - - - - - - - - - - - - - - - - -
[ ID] Interval           Transfer     Bitrate         Jitter    Lost/Total Datagrams
[  6]   0.00-30.00  sec  6.04 MBytes  1.69 Mbits/sec  6.779 ms  311/4688 (6.6%)  receiver
