-----------------------------------------------------------
Server listening on 4019 (test #1)
-----------------------------------------------------------
Accepted connection from 10.0.0.4, port 38124
[  6] local 10.0.0.19 port 4019 connected to 10.0.0.4 port 34463
[ ID] Interval           Transfer     Bitrate         Jitter    Lost/Total Datagrams
[  6]   0.00-1.00   sec   648 KBytes  5.30 Mbits/sec  1.570 ms  0/458 (0%)  
[  6]   1.00-2.00   sec   700 KBytes  5.73 Mbits/sec  2.549 ms  0/495 (0%)  
[  6]   2.00-3.00   sec   690 KBytes  5.66 Mbits/sec  2.302 ms  0/488 (0%)  
[  6]   3.00-4.00   sec   696 KBytes  5.70 Mbits/sec  2.286 ms  0/492 (0%)  
[  6]   4.00-5.00   sec   686 KBytes  5.62 Mbits/sec  1.916 ms  0/485 (0%)  
[  6]   5.00-6.00   sec   697 KBytes  5.71 Mbits/sec  1.727 ms  0/493 (0%)  
[  6]   6.00-7.00   sec   744 KBytes  6.09 Mbits/sec  0.448 ms  0/526 (0%)  
[  6]   7.00-8.00   sec   409 KBytes  3.35 Mbits/sec  0.442 ms  142/431 (33%)  
[  6]   8.00-9.00   sec   444 KBytes  3.64 Mbits/sec  0.708 ms  176/490 (36%)  
[  6]   9.00-10.00  sec   445 KBytes  3.65 Mbits/sec  0.475 ms  174/489 (36%)  
[  6]  10.00-11.00  sec   457 KBytes  3.74 Mbits/sec  0.842 ms  162/485 (33%)  
[  6]  11.00-12.00  sec   488 KBytes  4.00 Mbits/sec  0.915 ms  142/487 (29%)  
[  6]  12.00-13.00  sec   540 KBytes  4.42 Mbits/sec  0.633 ms  105/487 (22%)  
[  6]  13.00-14.00  sec   583 KBytes  4.77 Mbits/sec  1.474 ms  67/479 (14%)  
[  6]  14.00-15.00  sec   738 KBytes  6.05 Mbits/sec  1.900 ms  0/522 (0%)  
[  6]  15.00-16.00  sec   694 KBytes  5.69 Mbits/sec  1.873 ms  0/491 (0%)  
[  6]  16.00-17.00  sec   704 KBytes  5.77 Mbits/sec  1.733 ms  0/498 (0%)  
[  6]  17.00-18.00  sec   683 KBytes  5.59 Mbits/sec  1.713 ms  0/483 (0%)  
[  6]  18.00-19.00  sec   696 KBytes  5.70 Mbits/sec  2.461 ms  0/492 (0%)  
[  6]  19.00-20.00  sec   732 KBytes  6.00 Mbits/sec  2.231 ms  0/518 (0%)  
[  6]  20.00-21.00  sec   690 KBytes  5.66 Mbits/sec  2.033 ms  0/488 (0%)  
[  6]  21.00-22.00  sec   703 KBytes  5.76 Mbits/sec  2.096 ms  0/497 (0%)  
[  6]  22.00-23.00  sec   696 KBytes  5.70 Mbits/sec  1.998 ms  0/492 (0%)  
[  6]  23.00-24.00  sec   691 KBytes  5.66 Mbits/sec  1.968 ms  0/489 (0%)  
[  6]  24.00-25.00  sec   694 KBytes  5.69 Mbits/sec  2.187 ms  0/491 (0%)  
[  6]  25.00-26.00  sec   713 KBytes  5.83 Mbits/sec  2.318 ms  0/504 (0%)  
[  6]  26.00-27.00  sec   690 KBytes  5.65 Mbits/sec  2.616 ms  0/488 (0%)  
[  6]  27.00-28.00  sec   693 KBytes  5.68 Mbits/sec  2.264 ms  0/490 (0%)  
[  6]  28.00-29.00  sec   697 KBytes  5.71 Mbits/sec  2.407 ms  0/493 (0%)  
[  6]  29.00-30.00  sec   720 KBytes  5.90 Mbits/sec  2.496 ms  0/509 (0%)  
- - - - - - - - - - - - - - - - - - - - - - - - -
[ ID] Interval           Transfer     Bitrate         Jitter    Lost/Total Datagrams
[SUM]  0.0-30.0 sec  34 datagrams received out-of-order
[  6]   0.00-30.00  sec  19.0 MBytes  5.31 Mbits/sec  2.496 ms  968/14730 (6.6%)  receiver
