-----------------------------------------------------------
Server listening on 4002 (test #1)
-----------------------------------------------------------
Accepted connection from 10.0.0.4, port 48556
[  6] local 10.0.0.2 port 4002 connected to 10.0.0.4 port 42262
[ ID] Interval           Transfer     Bitrate         Jitter    Lost/Total Datagrams
[  6]   0.00-1.00   sec  5.95 MBytes  49.8 Mbits/sec  0.009 ms  0/4306 (0%)  
[  6]   1.00-2.00   sec  5.94 MBytes  49.8 Mbits/sec  0.002 ms  0/4302 (0%)  
[  6]   2.00-3.00   sec  5.94 MBytes  49.8 Mbits/sec  0.039 ms  0/4301 (0%)  
[  6]   3.00-4.00   sec  5.94 MBytes  49.8 Mbits/sec  0.003 ms  0/4302 (0%)  
[  6]   4.00-5.00   sec  4.66 MBytes  39.1 Mbits/sec  0.118 ms  0/3376 (0%)  
[  6]   5.00-6.00   sec  3.04 MBytes  25.5 Mbits/sec  0.922 ms  0/2203 (0%)  
[  6]   6.00-7.00   sec  2.73 MBytes  23.0 Mbits/sec  0.123 ms  0/1980 (0%)  
[  6]   7.00-8.00   sec  2.72 MBytes  22.8 Mbits/sec  5.494 ms  0/1968 (0%)  
[  6]   8.00-9.00   sec  2.79 MBytes  23.5 Mbits/sec  5.981 ms  0/2024 (0%)  
[  6]   9.00-10.00  sec  2.79 MBytes  23.4 Mbits/sec  0.124 ms  0/2025 (0%)  
[  6]  10.00-11.00  sec  2.28 MBytes  19.1 Mbits/sec  0.125 ms  0/1652 (0%)  
[  6]  11.00-12.00  sec  2.16 MBytes  18.2 Mbits/sec  2.940 ms  0/1567 (0%)  
[  6]  12.00-13.00  sec  2.24 MBytes  18.8 Mbits/sec  0.084 ms  19605/21225 (92%)  
[  6]  13.00-14.00  sec  1.89 MBytes  15.8 Mbits/sec  0.076 ms  2750/4118 (67%)  
[  6]  14.00-15.00  sec  1.89 MBytes  15.8 Mbits/sec  0.080 ms  2955/4323 (68%)  
[  6]  15.00-16.00  sec  1.89 MBytes  15.8 Mbits/sec  0.081 ms  2737/4105 (67%)  
[  6]  16.00-17.00  sec  1.89 MBytes  15.9 Mbits/sec  0.112 ms  3050/4418 (69%)  
[  6]  17.00-18.00  sec  1.69 MBytes  14.1 Mbits/sec  0.185 ms  3288/4510 (73%)  
[  6]  18.00-19.00  sec  1.78 MBytes  14.9 Mbits/sec  0.111 ms  2890/4176 (69%)  
[  6]  19.00-20.00  sec  1.29 MBytes  10.8 Mbits/sec  0.139 ms  1255/2186 (57%)  
[  6]  20.00-21.00  sec  1.31 MBytes  11.0 Mbits/sec  0.141 ms  0/949 (0%)  
[  6]  21.00-22.00  sec  1.41 MBytes  11.8 Mbits/sec  0.324 ms  0/1019 (0%)  
[  6]  22.00-23.00  sec  1.38 MBytes  11.5 Mbits/sec  0.135 ms  0/996 (0%)  
[  6]  23.00-24.00  sec  1.31 MBytes  11.0 Mbits/sec  0.144 ms  0/948 (0%)  
[  6]  24.00-25.00  sec  4.46 MBytes  37.4 Mbits/sec  0.140 ms  0/3227 (0%)  
[  6]  25.00-26.00  sec  10.3 MBytes  86.3 Mbits/sec  0.403 ms  0/7449 (0%)  
[  6]  26.00-27.00  sec  10.3 MBytes  86.5 Mbits/sec  0.446 ms  0/7467 (0%)  
[  6]  27.00-28.00  sec  10.3 MBytes  86.6 Mbits/sec  0.119 ms  0/7469 (0%)  
[  6]  28.00-29.00  sec  10.3 MBytes  86.4 Mbits/sec  0.118 ms  0/7462 (0%)  
[  6]  29.00-30.00  sec  10.3 MBytes  86.5 Mbits/sec  0.138 ms  0/7466 (0%)  
[  6]  30.00-30.02  sec   250 KBytes  85.9 Mbits/sec  0.167 ms  0/177 (0%)  
- - - - - - - - - - - - - - - - - - - - - - - - -
[ ID] Interval           Transfer     Bitrate         Jitter    Lost/Total Datagrams
[SUM]  0.0-30.0 sec  116 datagrams received out-of-order
[  6]   0.00-30.02  sec   123 MBytes  34.4 Mbits/sec  0.167 ms  38530/127696 (30%)  receiver
