-----------------------------------------------------------
Server listening on 4020 (test #1)
-----------------------------------------------------------
Accepted connection from 10.0.0.4, port 60786
[  6] local 10.0.0.20 port 4020 connected to 10.0.0.4 port 34636
[ ID] Interval           Transfer     Bitrate         Jitter    Lost/Total Datagrams
[  6]   0.00-1.00   sec  2.86 MBytes  24.0 Mbits/sec  0.473 ms  0/2073 (0%)  
[  6]   1.00-2.00   sec  2.86 MBytes  24.0 Mbits/sec  0.479 ms  0/2070 (0%)  
[  6]   2.00-3.00   sec  2.86 MBytes  24.0 Mbits/sec  0.477 ms  0/2068 (0%)  
[  6]   3.00-4.00   sec  2.86 MBytes  24.0 Mbits/sec  0.485 ms  0/2068 (0%)  
[  6]   4.00-5.00   sec  2.86 MBytes  24.0 Mbits/sec  0.502 ms  0/2069 (0%)  
[  6]   5.00-6.00   sec  2.86 MBytes  24.0 Mbits/sec  0.540 ms  0/2069 (0%)  
[  6]   6.00-7.00   sec  2.81 MBytes  23.6 Mbits/sec  2.025 ms  0/2037 (0%)  
[  6]   7.00-8.00   sec  1.80 MBytes  15.1 Mbits/sec  0.096 ms  16981/18288 (93%)  
[  6]   8.00-9.00   sec  1.99 MBytes  16.7 Mbits/sec  0.196 ms  3148/4591 (69%)  
[  6]   9.00-10.00  sec  1.95 MBytes  16.4 Mbits/sec  0.148 ms  2754/4169 (66%)  
[  6]  10.00-11.00  sec  1.79 MBytes  15.0 Mbits/sec  0.268 ms  2862/4157 (69%)  
[  6]  11.00-12.00  sec  1.80 MBytes  15.1 Mbits/sec  0.089 ms  2697/4001 (67%)  
[  6]  12.00-13.00  sec  1.57 MBytes  13.2 Mbits/sec  0.111 ms  2708/3848 (70%)  
[  6]  13.00-14.00  sec  1.59 MBytes  13.3 Mbits/sec  0.147 ms  2343/3491 (67%)  
[  6]  14.00-15.00  sec  1.30 MBytes  10.9 Mbits/sec  0.140 ms  0/940 (0%)  
[  6]  15.00-16.00  sec  1.31 MBytes  11.0 Mbits/sec  0.156 ms  0/947 (0%)  
[  6]  16.00-17.00  sec  1.31 MBytes  11.0 Mbits/sec  0.154 ms  0/950 (0%)  
[  6]  17.00-18.00  sec  1.32 MBytes  11.1 Mbits/sec  0.146 ms  0/955 (0%)  
[  6]  18.00-19.00  sec  1.47 MBytes  12.3 Mbits/sec  0.140 ms  0/1061 (0%)  
[  6]  19.00-20.00  sec  2.19 MBytes  18.4 Mbits/sec  0.399 ms  0/1585 (0%)  
[  6]  20.00-21.00  sec  2.22 MBytes  18.6 Mbits/sec  0.142 ms  0/1606 (0%)  
[  6]  21.00-22.00  sec  2.25 MBytes  18.9 Mbits/sec  0.150 ms  0/1628 (0%)  
[  6]  22.00-23.00  sec  2.24 MBytes  18.8 Mbits/sec  0.135 ms  0/1625 (0%)  
[  6]  23.00-24.00  sec  2.25 MBytes  18.9 Mbits/sec  0.173 ms  0/1628 (0%)  
[  6]  24.00-25.00  sec  2.63 MBytes  22.0 Mbits/sec  0.153 ms  0/1904 (0%)  
[  6]  25.00-26.00  sec  2.93 MBytes  24.6 Mbits/sec  0.149 ms  0/2125 (0%)  
[  6]  26.00-27.00  sec  3.30 MBytes  27.7 Mbits/sec  0.380 ms  0/2393 (0%)  
[  6]  27.00-28.00  sec  3.65 MBytes  30.6 Mbits/sec  0.146 ms  0/2644 (0%)  
[  6]  28.00-29.00  sec  4.13 MBytes  34.6 Mbits/sec  0.173 ms  0/2990 (0%)  
[  6]  29.00-30.00  sec  7.64 MBytes  64.2 Mbits/sec  0.213 ms  0/5535 (0%)  
[  6]  30.00-30.01  sec  72.1 KBytes  77.6 Mbits/sec  0.154 ms  0/51 (0%)  
- - - - - - - - - - - - - - - - - - - - - - - - -
[ ID] Interval           Transfer     Bitrate         Jitter    Lost/Total Datagrams
[SUM]  0.0-30.0 sec  11 datagrams received out-of-order
[  6]   0.00-30.01  sec  74.7 MBytes  20.9 Mbits/sec  0.154 ms  33493/87566 (38%)  receiver
