-----------------------------------------------------------
Server listening on 4021 (test #1)
-----------------------------------------------------------
Accepted connection from 10.0.0.4, port 51446
[  6] local 10.0.0.21 port 4021 connected to 10.0.0.4 port 46467
[ ID] Interval           Transfer     Bitrate         Jitter    Lost/Total Datagrams
[  6]   0.00-1.00   sec   704 KBytes  5.76 Mbits/sec  2.143 ms  0/498 (0%)  
[  6]   1.00-2.00   sec   747 KBytes  6.12 Mbits/sec  2.155 ms  0/528 (0%)  
[  6]   2.00-3.00   sec   747 KBytes  6.12 Mbits/sec  2.096 ms  0/528 (0%)  
[  6]   3.00-4.00   sec   734 KBytes  6.01 Mbits/sec  1.724 ms  0/519 (0%)  
[  6]   4.00-5.00   sec   748 KBytes  6.13 Mbits/sec  1.637 ms  0/529 (0%)  
[  6]   5.00-6.00   sec   749 KBytes  6.14 Mbits/sec  1.723 ms  0/530 (0%)  
[  6]   6.00-7.00   sec   530 KBytes  4.34 Mbits/sec  0.460 ms  125/500 (25%)  
[  6]   7.00-8.00   sec   482 KBytes  3.95 Mbits/sec  0.996 ms  184/525 (35%)  
[  6]   8.00-9.00   sec   479 KBytes  3.93 Mbits/sec  0.383 ms  188/527 (36%)  
[  6]   9.00-10.00  sec   503 KBytes  4.12 Mbits/sec  0.839 ms  163/519 (31%)  
[  6]  10.00-11.00  sec   536 KBytes  4.39 Mbits/sec  0.303 ms  146/525 (28%)  
[  6]  11.00-12.00  sec   560 KBytes  4.59 Mbits/sec  0.566 ms  128/524 (24%)  
[  6]  12.00-13.00  sec   598 KBytes  4.90 Mbits/sec  0.517 ms  91/514 (18%)  
[  6]  13.00-14.00  sec   786 KBytes  6.44 Mbits/sec  1.574 ms  10/566 (1.8%)  
[  6]  14.00-15.00  sec   748 KBytes  6.13 Mbits/sec  1.631 ms  0/529 (0%)  
[  6]  15.00-16.00  sec   744 KBytes  6.09 Mbits/sec  1.765 ms  0/526 (0%)  
[  6]  16.00-17.00  sec   738 KBytes  6.05 Mbits/sec  2.520 ms  0/522 (0%)  
[  6]  17.00-18.00  sec   758 KBytes  6.21 Mbits/sec  2.179 ms  0/536 (0%)  
[  6]  18.00-19.00  sec   781 KBytes  6.39 Mbits/sec  2.253 ms  0/552 (0%)  
[  6]  19.00-20.00  sec   747 KBytes  6.12 Mbits/sec  1.762 ms  0/528 (0%)  
[  6]  20.00-21.00  sec   747 KBytes  6.12 Mbits/sec  2.421 ms  0/528 (0%)  
[  6]  21.00-22.00  sec   749 KBytes  6.14 Mbits/sec  2.312 ms  0/530 (0%)  
[  6]  22.00-23.00  sec   752 KBytes  6.16 Mbits/sec  1.789 ms  0/532 (0%)  
[  6]  23.00-24.00  sec   748 KBytes  6.13 Mbits/sec  2.687 ms  0/529 (0%)  
[  6]  24.00-25.00  sec   751 KBytes  6.15 Mbits/sec  2.388 ms  0/531 (0%)  
[  6]  25.00-26.00  sec   754 KBytes  6.17 Mbits/sec  2.408 ms  0/533 (0%)  
[  6]  26.00-27.00  sec   754 KBytes  6.17 Mbits/sec  2.219 ms  0/533 (0%)  
[  6]  27.00-28.00  sec   745 KBytes  6.10 Mbits/sec  2.283 ms  0/527 (0%)  
[  6]  28.00-29.00  sec   758 KBytes  6.21 Mbits/sec  2.314 ms  0/536 (0%)  
[  6]  29.00-30.00  sec   776 KBytes  6.36 Mbits/sec  0.002 ms  0/549 (0%)  
- - - - - - - - - - - - - - - - - - - - - - - - -
[ ID] Interval           Transfer     Bitrate         Jitter    Lost/Total Datagrams
[  6]   0.00-30.00  sec  20.5 MBytes  5.72 Mbits/sec  0.002 ms  1035/15853 (6.5%)  receiver
