-----------------------------------------------------------
Server listening on 4022 (test #1)
-----------------------------------------------------------
Accepted connection from 10.0.0.4, port 55152
[  6] local 10.0.0.22 port 4022 connected to 10.0.0.4 port 42573
[ ID] Interval           Transfer     Bitrate         Jitter    Lost/Total Datagrams
[  6]   0.00-1.00   sec   355 KBytes  2.91 Mbits/sec  4.142 ms  0/251 (0%)  
[  6]   1.00-2.00   sec   373 KBytes  3.06 Mbits/sec  4.051 ms  0/264 (0%)  
[  6]   2.00-3.00   sec   376 KBytes  3.08 Mbits/sec  3.675 ms  0/266 (0%)  
[  6]   3.00-4.00   sec   369 KBytes  3.02 Mbits/sec  2.983 ms  0/261 (0%)  
[  6]   4.00-5.00   sec   376 KBytes  3.08 Mbits/sec  3.517 ms  0/266 (0%)  
[  6]   5.00-6.00   sec   366 KBytes  3.00 Mbits/sec  4.265 ms  0/259 (0%)  
[  6]   6.00-7.00   sec   218 KBytes  1.78 Mbits/sec  0.800 ms  106/260 (41%)  
[  6]   7.00-8.00   sec   214 KBytes  1.75 Mbits/sec  0.887 ms  116/267 (43%)  
[  6]   8.00-9.00   sec   252 KBytes  2.06 Mbits/sec  0.876 ms  86/264 (33%)  
[  6]   9.00-10.00  sec   246 KBytes  2.02 Mbits/sec  0.652 ms  89/263 (34%)  
[  6]  10.00-11.00  sec   280 KBytes  2.29 Mbits/sec  1.354 ms  68/266 (26%)  
[  6]  11.00-12.00  sec   284 KBytes  2.33 Mbits/sec  0.904 ms  58/259 (22%)  
[  6]  12.00-13.00  sec   344 KBytes  2.81 Mbits/sec  2.977 ms  31/274 (11%)  
[  6]  13.00-14.00  sec   385 KBytes  3.15 Mbits/sec  3.246 ms  0/272 (0%)  
[  6]  14.00-15.00  sec   375 KBytes  3.07 Mbits/sec  3.483 ms  0/265 (0%)  
[  6]  15.00-16.00  sec   369 KBytes  3.02 Mbits/sec  3.318 ms  0/261 (0%)  
[  6]  16.00-17.00  sec   382 KBytes  3.13 Mbits/sec  3.043 ms  0/270 (0%)  
[  6]  17.00-18.00  sec   385 KBytes  3.15 Mbits/sec  2.550 ms  0/272 (0%)  
[  6]  18.00-19.00  sec   389 KBytes  3.18 Mbits/sec  3.414 ms  0/275 (0%)  
[  6]  19.00-20.00  sec   370 KBytes  3.04 Mbits/sec  3.150 ms  0/262 (0%)  
[  6]  20.00-21.00  sec   379 KBytes  3.10 Mbits/sec  3.594 ms  0/268 (0%)  
[  6]  21.00-22.00  sec   378 KBytes  3.09 Mbits/sec  3.591 ms  0/267 (0%)  
[  6]  22.00-23.00  sec   376 KBytes  3.08 Mbits/sec  3.660 ms  0/266 (0%)  
[  6]  23.00-24.00  sec   379 KBytes  3.10 Mbits/sec  3.786 ms  0/268 (0%)  
[  6]  24.00-25.00  sec   383 KBytes  3.14 Mbits/sec  3.740 ms  0/271 (0%)  
[  6]  25.00-26.00  sec   378 KBytes  3.09 Mbits/sec  4.490 ms  0/267 (0%)  
[  6]  26.00-27.00  sec   378 KBytes  3.09 Mbits/sec  4.363 ms  0/267 (0%)  
[  6]  27.00-28.00  sec   382 KBytes  3.12 Mbits/sec  4.025 ms  0/270 (0%)  
[  6]  28.00-29.00  sec   375 KBytes  3.07 Mbits/sec  2.283 ms  0/265 (0%)  
[  6]  29.00-30.00  sec   387 KBytes  3.17 Mbits/sec  0.060 ms  0/274 (0%)  
[  6]  30.00-30.00  sec  1.41 KBytes  11.4 Mbits/sec  0.059 ms  0/1 (0%)  
- - - - - - - - - - - - - - - - - - - - - - - - -
[ ID] Interval           Transfer     Bitrate         Jitter    Lost/Total Datagrams
[SUM]  0.0-30.0 sec  12 datagrams received out-of-order
[  6]   0.00-30.00  sec  10.3 MBytes  2.87 Mbits/sec  0.059 ms  554/7981 (6.9%)  receiver
