-----------------------------------------------------------
Server listening on 4003 (test #1)
-----------------------------------------------------------
Accepted connection from 10.0.0.4, port 45756
[  6] local 10.0.0.3 port 4003 connected to 10.0.0.4 port 52379
[ ID] Interval           Transfer     Bitrate         Jitter    Lost/Total Datagrams
[  6]   0.00-1.00   sec  42.4 KBytes   347 Kbits/sec  0.016 ms  0/30 (0%)  
[  6]   1.00-2.00   sec  41.0 KBytes   336 Kbits/sec  0.016 ms  0/29 (0%)  
[  6]   2.00-3.00   sec  41.0 KBytes   336 Kbits/sec  0.030 ms  0/29 (0%)  
[  6]   3.00-4.00   sec  42.4 KBytes   347 Kbits/sec  0.032 ms  0/30 (0%)  
[  6]   4.00-5.00   sec  41.0 KBytes   336 Kbits/sec  0.020 ms  0/29 (0%)  
[  6]   5.00-6.00   sec  41.0 KBytes   336 Kbits/sec  3.078 ms  0/29 (0%)  
[  6]   6.00-7.00   sec  41.0 KBytes   336 Kbits/sec  3.450 ms  0/29 (0%)  
[  6]   7.00-8.00   sec  42.4 KBytes   348 Kbits/sec  4.410 ms  0/30 (0%)  
[  6]   8.00-9.00   sec  41.0 KBytes   336 Kbits/sec  3.344 ms  0/29 (0%)  
[  6]   9.00-10.00  sec  41.0 KBytes   336 Kbits/sec  4.271 ms  0/29 (0%)  
[  6]  10.00-11.00  sec  42.4 KBytes   347 Kbits/sec  4.563 ms  0/30 (0%)  
[  6]  11.00-12.00  sec  41.0 KBytes   336 Kbits/sec  3.953 ms  0/29 (0%)  
[  6]  12.00-13.00  sec  28.3 KBytes   232 Kbits/sec  4.177 ms  5/25 (20%)  
[  6]  13.00-14.00  sec  26.9 KBytes   220 Kbits/sec  1.661 ms  11/30 (37%)  
[  6]  14.00-15.00  sec  26.9 KBytes   220 Kbits/sec  0.862 ms  10/29 (34%)  
[  6]  15.00-16.00  sec  18.4 KBytes   151 Kbits/sec  0.982 ms  14/27 (52%)  
[  6]  16.00-17.00  sec  32.5 KBytes   266 Kbits/sec  1.653 ms  9/32 (28%)  
[  6]  17.00-18.00  sec  24.0 KBytes   197 Kbits/sec  1.774 ms  12/29 (41%)  
[  6]  18.00-19.00  sec  33.9 KBytes   278 Kbits/sec  4.478 ms  6/30 (20%)  
[  6]  19.00-20.00  sec  42.4 KBytes   348 Kbits/sec  3.423 ms  0/30 (0%)  
[  6]  20.00-21.00  sec  42.4 KBytes   347 Kbits/sec  3.107 ms  0/30 (0%)  
[  6]  21.00-22.00  sec  41.0 KBytes   336 Kbits/sec  3.173 ms  0/29 (0%)  
[  6]  22.00-23.00  sec  42.4 KBytes   348 Kbits/sec  2.759 ms  0/30 (0%)  
[  6]  23.00-24.00  sec  41.0 KBytes   336 Kbits/sec  3.140 ms  0/29 (0%)  
[  6]  24.00-25.00  sec  39.6 KBytes   324 Kbits/sec  8.003 ms  0/28 (0%)  
[  6]  25.00-26.00  sec  41.0 KBytes   336 Kbits/sec  7.318 ms  0/29 (0%)  
[  6]  26.00-27.00  sec  42.4 KBytes   347 Kbits/sec  7.924 ms  0/30 (0%)  
[  6]  27.00-28.00  sec  41.0 KBytes   336 Kbits/sec  6.480 ms  0/29 (0%)  
[  6]  28.00-29.00  sec  41.0 KBytes   336 Kbits/sec  7.121 ms  0/29 (0%)  
[  6]  29.00-30.00  sec  42.4 KBytes   347 Kbits/sec  7.309 ms  0/30 (0%)  
- - - - - - - - - - - - - - - - - - - - - - - - -
[ ID] Interval           Transfer     Bitrate         Jitter    Lost/Total Datagrams
[  6]   0.00-30.00  sec  1.12 MBytes   313 Kbits/sec  7.309 ms  67/877 (7.6%)  receiver
