-----------------------------------------------------------
Server listening on 4007 (test #1)
-----------------------------------------------------------
Accepted connection from 10.0.0.4, port 34230
[  6] local 10.0.0.7 port 4007 connected to 10.0.0.4 port 35564
[ ID] Interval           Transfer     Bitrate         Jitter    Lost/Total Datagrams
[  6]   0.00-1.00   sec  3.98 MBytes  33.3 Mbits/sec  0.002 ms  0/2881 (0%)  
[  6]   1.00-2.00   sec  3.97 MBytes  33.3 Mbits/sec  0.015 ms  0/2877 (0%)  
[  6]   2.00-3.00   sec  3.97 MBytes  33.3 Mbits/sec  0.017 ms  0/2877 (0%)  
[  6]   3.00-4.00   sec  3.75 MBytes  31.4 Mbits/sec  0.709 ms  0/2714 (0%)  
[  6]   4.00-5.00   sec  3.91 MBytes  32.8 Mbits/sec  0.944 ms  0/2835 (0%)  
[  6]   5.00-6.00   sec  3.26 MBytes  27.4 Mbits/sec  2.039 ms  0/2362 (0%)  
[  6]   6.00-7.00   sec  2.86 MBytes  24.0 Mbits/sec  0.116 ms  0/2071 (0%)  
[  6]   7.00-8.00   sec  2.81 MBytes  23.6 Mbits/sec  0.118 ms  0/2035 (0%)  
[  6]   8.00-9.00   sec  2.79 MBytes  23.4 Mbits/sec  0.122 ms  0/2017 (0%)  
[  6]   9.00-10.00  sec  2.12 MBytes  17.8 Mbits/sec  0.123 ms  0/1537 (0%)  
[  6]  10.00-11.00  sec  2.14 MBytes  18.0 Mbits/sec  0.127 ms  0/1549 (0%)  
[  6]  11.00-12.00  sec  2.33 MBytes  19.5 Mbits/sec  0.281 ms  6737/8426 (80%)  
[  6]  12.00-13.00  sec  1.80 MBytes  15.1 Mbits/sec  0.093 ms  1534/2839 (54%)  
[  6]  13.00-14.00  sec  1.74 MBytes  14.6 Mbits/sec  0.122 ms  1629/2887 (56%)  
[  6]  14.00-15.00  sec  1.73 MBytes  14.5 Mbits/sec  0.098 ms  1518/2768 (55%)  
[  6]  15.00-16.00  sec  1.74 MBytes  14.6 Mbits/sec  0.118 ms  1659/2916 (57%)  
[  6]  16.00-17.00  sec  1.60 MBytes  13.4 Mbits/sec  8.450 ms  1405/2561 (55%)  
[  6]  17.00-18.00  sec  1.62 MBytes  13.6 Mbits/sec  0.370 ms  1512/2686 (56%)  
[  6]  18.00-19.00  sec  1.36 MBytes  11.4 Mbits/sec  0.161 ms  644/1628 (40%)  
[  6]  19.00-20.00  sec  1.32 MBytes  11.1 Mbits/sec  0.131 ms  0/957 (0%)  
[  6]  20.00-21.00  sec  1.31 MBytes  11.0 Mbits/sec  0.137 ms  0/947 (0%)  
[  6]  21.00-22.00  sec  1.33 MBytes  11.2 Mbits/sec  0.153 ms  0/963 (0%)  
[  6]  22.00-23.00  sec  1.32 MBytes  11.1 Mbits/sec  0.149 ms  0/956 (0%)  
[  6]  23.00-24.00  sec  2.57 MBytes  21.5 Mbits/sec  0.124 ms  0/1860 (0%)  
[  6]  24.00-25.00  sec  2.17 MBytes  18.2 Mbits/sec  0.121 ms  0/1568 (0%)  
[  6]  25.00-26.00  sec  2.28 MBytes  19.1 Mbits/sec  0.124 ms  0/1652 (0%)  
[  6]  26.00-27.00  sec  2.24 MBytes  18.7 Mbits/sec  0.134 ms  0/1619 (0%)  
[  6]  27.00-28.00  sec  2.29 MBytes  19.2 Mbits/sec  0.122 ms  0/1656 (0%)  
[  6]  28.00-29.00  sec  2.48 MBytes  20.8 Mbits/sec  0.117 ms  0/1798 (0%)  
[  6]  29.00-30.00  sec  2.63 MBytes  22.0 Mbits/sec  0.123 ms  0/1901 (0%)  
- - - - - - - - - - - - - - - - - - - - - - - - -
[ ID] Interval           Transfer     Bitrate         Jitter    Lost/Total Datagrams
[SUM]  0.0-30.0 sec  33 datagrams received out-of-order
[  6]   0.00-30.00  sec  71.4 MBytes  20.0 Mbits/sec  0.123 ms  16638/68343 (24%)  receiver
