-----------------------------------------------------------
Server listening on 4008 (test #1)
-----------------------------------------------------------
Accepted connection from 10.0.0.4, port 44250
[  6] local 10.0.0.8 port 4008 connected to 10.0.0.4 port 43531
[ ID] Interval           Transfer     Bitrate         Jitter    Lost/Total Datagrams
[  6]   0.00-1.00   sec   107 KBytes   879 Kbits/sec  0.020 ms  0/76 (0%)  
[  6]   1.00-2.00   sec   106 KBytes   870 Kbits/sec  0.020 ms  0/75 (0%)  
[  6]   2.00-3.00   sec   106 KBytes   868 Kbits/sec  0.010 ms  0/75 (0%)  
[  6]   3.00-4.00   sec   107 KBytes   880 Kbits/sec  0.013 ms  0/76 (0%)  
[  6]   4.00-5.00   sec   106 KBytes   869 Kbits/sec  4.321 ms  0/75 (0%)  
[  6]   5.00-6.00   sec   106 KBytes   870 Kbits/sec  3.914 ms  0/75 (0%)  
[  6]   6.00-7.00   sec   107 KBytes   880 Kbits/sec  4.461 ms  0/76 (0%)  
[  6]   7.00-8.00   sec   105 KBytes   857 Kbits/sec  3.432 ms  0/74 (0%)  
[  6]   8.00-9.00   sec   107 KBytes   880 Kbits/sec  3.404 ms  0/76 (0%)  
[  6]   9.00-10.00  sec   107 KBytes   881 Kbits/sec  4.027 ms  0/76 (0%)  
[  6]  10.00-11.00  sec  97.6 KBytes   799 Kbits/sec  7.971 ms  0/69 (0%)  
[  6]  11.00-12.00  sec  67.9 KBytes   556 Kbits/sec  1.221 ms  24/72 (33%)  
[  6]  12.00-13.00  sec  63.6 KBytes   522 Kbits/sec  0.720 ms  30/75 (40%)  
[  6]  13.00-14.00  sec  70.7 KBytes   579 Kbits/sec  1.093 ms  26/76 (34%)  
[  6]  14.00-15.00  sec  69.3 KBytes   568 Kbits/sec  1.268 ms  26/75 (35%)  
[  6]  15.00-16.00  sec  79.2 KBytes   648 Kbits/sec  0.759 ms  20/76 (26%)  
[  6]  16.00-17.00  sec  86.3 KBytes   707 Kbits/sec  1.545 ms  14/75 (19%)  
[  6]  17.00-18.00  sec  99.0 KBytes   810 Kbits/sec  5.951 ms  9/79 (11%)  
[  6]  18.00-19.00  sec   109 KBytes   892 Kbits/sec  6.874 ms  0/77 (0%)  
[  6]  19.00-20.00  sec   107 KBytes   880 Kbits/sec  6.913 ms  0/76 (0%)  
[  6]  20.00-21.00  sec   106 KBytes   869 Kbits/sec  6.867 ms  0/75 (0%)  
[  6]  21.00-22.00  sec   106 KBytes   869 Kbits/sec  6.969 ms  0/75 (0%)  
[  6]  22.00-23.00  sec   109 KBytes   892 Kbits/sec  6.859 ms  0/77 (0%)  
[  6]  23.00-24.00  sec   100 KBytes   822 Kbits/sec  7.158 ms  0/71 (0%)  
[  6]  24.00-25.00  sec   107 KBytes   881 Kbits/sec  6.985 ms  0/76 (0%)  
[  6]  25.00-26.00  sec   106 KBytes   869 Kbits/sec  6.814 ms  0/75 (0%)  
[  6]  26.00-27.00  sec   106 KBytes   869 Kbits/sec  6.785 ms  0/75 (0%)  
[  6]  27.00-28.00  sec   106 KBytes   868 Kbits/sec  6.651 ms  0/75 (0%)  
[  6]  28.00-29.00  sec   109 KBytes   892 Kbits/sec  6.286 ms  0/77 (0%)  
[  6]  29.00-30.00  sec   112 KBytes   915 Kbits/sec  6.838 ms  0/79 (0%)  
[  6]  30.00-30.01  sec  1.41 KBytes  1.19 Mbits/sec  6.705 ms  0/1 (0%)  
- - - - - - - - - - - - - - - - - - - - - - - - -
[ ID] Interval           Transfer     Bitrate         Jitter    Lost/Total Datagrams
[  6]   0.00-30.01  sec  2.92 MBytes   815 Kbits/sec  6.705 ms  149/2260 (6.6%)  receiver
