-----------------------------------------------------------
Server listening on 5001 (test #1)
-----------------------------------------------------------
Accepted connection from 10.0.0.5, port 60996
[  6] local 10.0.0.1 port 5001 connected to 10.0.0.5 port 46019
[ ID] Interval           Transfer     Bitrate         Jitter    Lost/Total Datagrams
[  6]   0.00-1.00   sec  21.2 KBytes   174 Kbits/sec  12.078 ms  0/15 (0%)  
[  6]   1.00-2.00   sec  19.8 KBytes   162 Kbits/sec  14.585 ms  0/14 (0%)  
[  6]   2.00-3.00   sec  22.6 KBytes   186 Kbits/sec  18.261 ms  0/16 (0%)  
[  6]   3.00-4.00   sec  15.6 KBytes   127 Kbits/sec  23.920 ms  0/11 (0%)  
[  6]   4.00-5.00   sec  19.8 KBytes   162 Kbits/sec  32.884 ms  0/14 (0%)  
[  6]   5.00-6.00   sec  22.6 KBytes   185 Kbits/sec  22.176 ms  0/16 (0%)  
[  6]   6.00-7.00   sec  18.4 KBytes   151 Kbits/sec  21.297 ms  0/13 (0%)  
[  6]   7.00-8.00   sec  21.2 KBytes   174 Kbits/sec  27.333 ms  0/15 (0%)  
[  6]   8.00-9.00   sec  19.8 KBytes   162 Kbits/sec  34.838 ms  0/14 (0%)  
[  6]   9.00-10.00  sec  7.07 KBytes  57.9 Kbits/sec  32.833 ms  6/11 (55%)  
[  6]  10.00-11.00  sec  8.48 KBytes  69.5 Kbits/sec  22.403 ms  12/18 (67%)  
[  6]  11.00-12.00  sec  7.07 KBytes  57.9 Kbits/sec  16.367 ms  9/14 (64%)  
[  6]  12.00-13.00  sec  8.48 KBytes  69.5 Kbits/sec  11.181 ms  8/14 (57%)  
[  6]  13.00-14.00  sec  7.07 KBytes  58.0 Kbits/sec  8.163 ms  9/14 (64%)  
[  6]  14.00-15.00  sec  9.90 KBytes  81.0 Kbits/sec  5.295 ms  9/16 (56%)  
[  6]  15.00-16.00  sec  5.66 KBytes  46.3 Kbits/sec  4.128 ms  11/15 (73%)  
[  6]  16.00-17.00  sec  5.66 KBytes  46.4 Kbits/sec  3.262 ms  12/16 (75%)  
[  6]  17.00-18.00  sec  2.83 KBytes  23.2 Kbits/sec  2.935 ms  11/13 (85%)  
[  6]  18.00-19.00  sec  7.07 KBytes  57.9 Kbits/sec  2.230 ms  11/16 (69%)  
[  6]  19.00-20.00  sec  4.24 KBytes  34.8 Kbits/sec  1.947 ms  8/11 (73%)  
[  6]  20.00-21.00  sec  4.24 KBytes  34.7 Kbits/sec  1.633 ms  14/17 (82%)  
[  6]  21.00-22.00  sec  7.07 KBytes  57.9 Kbits/sec  1.311 ms  11/16 (69%)  
[  6]  22.00-23.00  sec  9.90 KBytes  81.2 Kbits/sec  1.047 ms  9/16 (56%)  
[  6]  23.00-24.00  sec  8.48 KBytes  69.5 Kbits/sec  0.784 ms  8/14 (57%)  
[  6]  24.00-25.00  sec  4.24 KBytes  34.7 Kbits/sec  0.748 ms  10/13 (77%)  
[  6]  25.00-26.00  sec  9.90 KBytes  81.0 Kbits/sec  0.624 ms  10/17 (59%)  
[  6]  26.00-27.00  sec  5.66 KBytes  46.3 Kbits/sec  0.552 ms  11/15 (73%)  
[  6]  27.00-28.00  sec  15.6 KBytes   127 Kbits/sec  27.209 ms  8/19 (42%)  
[  6]  28.00-29.00  sec  8.48 KBytes  69.5 Kbits/sec  33.895 ms  3/9 (33%)  
[  6]  29.00-30.00  sec  2.83 KBytes  23.2 Kbits/sec  37.306 ms  10/12 (83%)  
- - - - - - - - - - - - - - - - - - - - - - - - -
[ ID] Interval           Transfer     Bitrate         Jitter    Lost/Total Datagrams
[  6]   0.00-30.00  sec   331 KBytes  90.3 Kbits/sec  37.306 ms  200/434 (46%)  receiver
