-----------------------------------------------------------
Server listening on 5012 (test #1)
-----------------------------------------------------------
Accepted connection from 10.0.0.5, port 38060
[  6] local 10.0.0.12 port 5012 connected to 10.0.0.5 port 50849
[ ID] Interval           Transfer     Bitrate         Jitter    Lost/Total Datagrams
[  6]   0.00-1.00   sec   649 KBytes  5.31 Mbits/sec  0.529 ms  0/459 (0%)  
[  6]   1.00-2.00   sec   656 KBytes  5.38 Mbits/sec  0.530 ms  0/464 (0%)  
[  6]   2.00-3.00   sec   554 KBytes  4.54 Mbits/sec  2.483 ms  0/392 (0%)  
[  6]   3.00-4.00   sec   424 KBytes  3.48 Mbits/sec  0.539 ms  0/300 (0%)  
[  6]   4.00-5.00   sec   488 KBytes  4.00 Mbits/sec  0.558 ms  0/345 (0%)  
[  6]   5.00-6.00   sec   486 KBytes  3.98 Mbits/sec  0.079 ms  92170/92514 (1e+02%)  
[  6]   6.00-7.00   sec   615 KBytes  5.04 Mbits/sec  0.099 ms  25005/25440 (98%)  
[  6]   7.00-8.00   sec   352 KBytes  2.88 Mbits/sec  0.103 ms  11406/11655 (98%)  
[  6]   8.00-9.00   sec   645 KBytes  5.28 Mbits/sec  0.108 ms  22551/23007 (98%)  
[  6]   9.00-10.00  sec   322 KBytes  2.64 Mbits/sec  0.189 ms  11472/11700 (98%)  
[  6]  10.00-11.00  sec   645 KBytes  5.28 Mbits/sec  0.100 ms  22808/23264 (98%)  
[  6]  11.00-12.00  sec   645 KBytes  5.28 Mbits/sec  0.162 ms  22907/23363 (98%)  
[  6]  12.00-13.00  sec   621 KBytes  5.09 Mbits/sec  0.163 ms  19603/20042 (98%)  
[  6]  13.00-14.00  sec   455 KBytes  3.73 Mbits/sec  0.471 ms  18443/18765 (98%)  
[  6]  14.00-15.00  sec   536 KBytes  4.39 Mbits/sec  0.051 ms  11036/11415 (97%)  
[  6]  15.00-16.00  sec   645 KBytes  5.28 Mbits/sec  0.087 ms  19808/20264 (98%)  
[  6]  16.00-17.00  sec   645 KBytes  5.28 Mbits/sec  0.111 ms  19614/20070 (98%)  
[  6]  17.00-18.00  sec   645 KBytes  5.28 Mbits/sec  0.125 ms  19782/20238 (98%)  
[  6]  18.00-19.00  sec   533 KBytes  4.37 Mbits/sec  0.071 ms  19693/20070 (98%)  
[  6]  19.00-20.00  sec   434 KBytes  3.55 Mbits/sec  0.164 ms  11517/11824 (97%)  
[  6]  20.00-21.00  sec   645 KBytes  5.28 Mbits/sec  0.083 ms  21355/21811 (98%)  
[  6]  21.00-22.00  sec   645 KBytes  5.28 Mbits/sec  0.150 ms  21398/21854 (98%)  
[  6]  22.00-23.00  sec   518 KBytes  4.24 Mbits/sec  0.070 ms  19579/19945 (98%)  
[  6]  23.00-24.00  sec   450 KBytes  3.69 Mbits/sec  0.014 ms  10653/10971 (97%)  
[  6]  24.00-25.00  sec   648 KBytes  5.30 Mbits/sec  0.498 ms  9927/10385 (96%)  
[  6]  25.00-26.00  sec   645 KBytes  5.28 Mbits/sec  0.091 ms  30478/30934 (99%)  
[  6]  26.00-27.00  sec   322 KBytes  2.64 Mbits/sec  0.031 ms  9723/9951 (98%)  
[  6]  27.00-28.00  sec   322 KBytes  2.64 Mbits/sec  0.086 ms  14409/14637 (98%)  
[  6]  28.00-29.00  sec   325 KBytes  2.66 Mbits/sec  0.538 ms  0/230 (0%)  
[  6]  29.00-30.00  sec   491 KBytes  4.02 Mbits/sec  0.548 ms  0/347 (0%)  
- - - - - - - - - - - - - - - - - - - - - - - - -
[ ID] Interval           Transfer     Bitrate         Jitter    Lost/Total Datagrams
[SUM]  0.0-30.0 sec  2 datagrams received out-of-order
[  6]   0.00-30.00  sec  15.6 MBytes  4.37 Mbits/sec  0.548 ms  485337/496656 (98%)  receiver
