-----------------------------------------------------------
Server listening on 5013 (test #1)
-----------------------------------------------------------
Accepted connection from 10.0.0.5, port 53960
[  6] local 10.0.0.13 port 5013 connected to 10.0.0.5 port 42639
[ ID] Interval           Transfer     Bitrate         Jitter    Lost/Total Datagrams
[  6]   0.00-1.00   sec  48.1 KBytes   394 Kbits/sec  19.825 ms  0/34 (0%)  
[  6]   1.00-2.00   sec  56.6 KBytes   463 Kbits/sec  26.108 ms  0/40 (0%)  
[  6]   2.00-3.00   sec  66.5 KBytes   544 Kbits/sec  21.523 ms  0/47 (0%)  
[  6]   3.00-4.00   sec  60.8 KBytes   498 Kbits/sec  19.580 ms  0/43 (0%)  
[  6]   4.00-5.00   sec  41.0 KBytes   336 Kbits/sec  17.199 ms  9/38 (24%)  
[  6]   5.00-6.00   sec  21.2 KBytes   174 Kbits/sec  8.534 ms  31/46 (67%)  
[  6]   6.00-7.00   sec  31.1 KBytes   255 Kbits/sec  3.858 ms  28/50 (56%)  
[  6]   7.00-8.00   sec  18.4 KBytes   151 Kbits/sec  3.318 ms  33/46 (72%)  
[  6]   8.00-9.00   sec  26.9 KBytes   220 Kbits/sec  2.913 ms  24/43 (56%)  
[  6]   9.00-10.00  sec  25.5 KBytes   208 Kbits/sec  2.670 ms  25/43 (58%)  
[  6]  10.00-11.00  sec  22.6 KBytes   185 Kbits/sec  5.878 ms  40/56 (71%)  
[  6]  11.00-12.00  sec  19.8 KBytes   162 Kbits/sec  2.977 ms  28/42 (67%)  
[  6]  12.00-13.00  sec  29.7 KBytes   243 Kbits/sec  1.879 ms  29/50 (58%)  
[  6]  13.00-14.00  sec  18.4 KBytes   151 Kbits/sec  1.312 ms  28/41 (68%)  
[  6]  14.00-15.00  sec  21.2 KBytes   174 Kbits/sec  1.159 ms  36/51 (71%)  
[  6]  15.00-16.00  sec  21.2 KBytes   174 Kbits/sec  1.802 ms  30/45 (67%)  
[  6]  16.00-17.00  sec  24.0 KBytes   197 Kbits/sec  1.958 ms  29/46 (63%)  
[  6]  17.00-18.00  sec  21.2 KBytes   174 Kbits/sec  4.095 ms  29/44 (66%)  
[  6]  18.00-19.00  sec  32.5 KBytes   266 Kbits/sec  3.027 ms  24/47 (51%)  
[  6]  19.00-20.00  sec  21.2 KBytes   174 Kbits/sec  2.841 ms  30/45 (67%)  
[  6]  20.00-21.00  sec  22.6 KBytes   185 Kbits/sec  2.905 ms  19/35 (54%)  
[  6]  21.00-22.00  sec  21.2 KBytes   174 Kbits/sec  2.472 ms  45/60 (75%)  
[  6]  22.00-23.00  sec  43.8 KBytes   359 Kbits/sec  329.589 ms  36/67 (54%)  
[  6]  23.00-24.00  sec  33.9 KBytes   278 Kbits/sec  110.548 ms  1/25 (4%)  
[  6]  24.00-25.00  sec  11.3 KBytes  92.6 Kbits/sec  66.298 ms  33/41 (80%)  
[  6]  25.00-26.00  sec  22.6 KBytes   185 Kbits/sec  36.128 ms  20/36 (56%)  
[  6]  26.00-27.00  sec  42.4 KBytes   348 Kbits/sec  15.463 ms  19/49 (39%)  
[  6]  27.00-28.00  sec  84.8 KBytes   695 Kbits/sec  27.062 ms  0/60 (0%)  
[  6]  28.00-29.00  sec  66.5 KBytes   544 Kbits/sec  26.185 ms  0/47 (0%)  
[  6]  29.00-30.00  sec  69.3 KBytes   568 Kbits/sec  26.579 ms  0/49 (0%)  
- - - - - - - - - - - - - - - - - - - - - - - - -
[ ID] Interval           Transfer     Bitrate         Jitter    Lost/Total Datagrams
[SUM]  0.0-30.0 sec  12 datagrams received out-of-order
[  6]   0.00-30.00  sec  1.02 MBytes   286 Kbits/sec  26.579 ms  626/1366 (46%)  receiver
