-----------------------------------------------------------
Server listening on 5016 (test #1)
-----------------------------------------------------------
Accepted connection from 10.0.0.5, port 49868
[  6] local 10.0.0.16 port 5016 connected to 10.0.0.5 port 36665
[ ID] Interval           Transfer     Bitrate         Jitter    Lost/Total Datagrams
[  6]   0.00-1.00   sec  17.0 KBytes   139 Kbits/sec  18.063 ms  0/12 (0%)  
[  6]   1.00-2.00   sec  26.9 KBytes   220 Kbits/sec  26.604 ms  0/19 (0%)  
[  6]   2.00-3.00   sec  26.9 KBytes   220 Kbits/sec  28.615 ms  0/19 (0%)  
[  6]   3.00-4.00   sec  14.1 KBytes   116 Kbits/sec  25.915 ms  5/15 (33%)  
[  6]   4.00-5.00   sec  7.07 KBytes  58.0 Kbits/sec  18.825 ms  14/19 (74%)  
[  6]   5.00-6.00   sec  4.24 KBytes  34.7 Kbits/sec  15.561 ms  2/5 (40%)  
[  6]   6.00-7.00   sec  8.48 KBytes  69.5 Kbits/sec  10.698 ms  25/31 (81%)  
[  6]   7.00-8.00   sec  7.07 KBytes  58.0 Kbits/sec  7.785 ms  16/21 (76%)  
[  6]   8.00-9.00   sec  11.3 KBytes  92.6 Kbits/sec  4.747 ms  10/18 (56%)  
[  6]   9.00-10.00  sec  7.07 KBytes  57.9 Kbits/sec  3.536 ms  12/17 (71%)  
[  6]  10.00-11.00  sec  8.48 KBytes  69.5 Kbits/sec  2.443 ms  15/21 (71%)  
[  6]  11.00-12.00  sec  9.90 KBytes  81.1 Kbits/sec  1.647 ms  10/17 (59%)  
[  6]  12.00-13.00  sec  8.48 KBytes  69.5 Kbits/sec  1.203 ms  14/20 (70%)  
[  6]  13.00-14.00  sec  7.07 KBytes  57.9 Kbits/sec  0.948 ms  10/15 (67%)  
[  6]  14.00-15.00  sec  5.66 KBytes  46.3 Kbits/sec  0.825 ms  19/23 (83%)  
[  6]  15.00-16.00  sec  14.1 KBytes   116 Kbits/sec  0.570 ms  9/19 (47%)  
[  6]  16.00-17.00  sec  5.66 KBytes  46.3 Kbits/sec  0.528 ms  14/18 (78%)  
[  6]  17.00-18.00  sec  8.48 KBytes  69.5 Kbits/sec  0.483 ms  12/18 (67%)  
[  6]  18.00-19.00  sec  11.3 KBytes  92.7 Kbits/sec  0.332 ms  11/19 (58%)  
[  6]  19.00-20.00  sec  7.07 KBytes  57.9 Kbits/sec  0.355 ms  12/17 (71%)  
[  6]  20.00-21.00  sec  12.7 KBytes   104 Kbits/sec  0.304 ms  12/21 (57%)  
[  6]  21.00-22.00  sec  8.48 KBytes  69.5 Kbits/sec  77.384 ms  20/26 (77%)  
[  6]  22.00-23.00  sec  11.3 KBytes  92.7 Kbits/sec  64.122 ms  2/10 (20%)  
[  6]  23.00-24.00  sec  7.07 KBytes  57.9 Kbits/sec  46.650 ms  12/17 (71%)  
[  6]  24.00-25.00  sec  14.1 KBytes   116 Kbits/sec  25.832 ms  11/21 (52%)  
[  6]  25.00-26.00  sec  25.5 KBytes   209 Kbits/sec  21.664 ms  4/22 (18%)  
[  6]  26.00-27.00  sec  35.4 KBytes   290 Kbits/sec  26.833 ms  0/25 (0%)  
[  6]  27.00-28.00  sec  25.5 KBytes   208 Kbits/sec  24.213 ms  0/18 (0%)  
[  6]  28.00-29.00  sec  25.5 KBytes   209 Kbits/sec  24.118 ms  0/18 (0%)  
[  6]  29.00-30.00  sec  28.3 KBytes   232 Kbits/sec  22.025 ms  0/20 (0%)  
- - - - - - - - - - - - - - - - - - - - - - - - -
[ ID] Interval           Transfer     Bitrate         Jitter    Lost/Total Datagrams
[SUM]  0.0-30.0 sec  1 datagrams received out-of-order
[  6]   0.00-30.00  sec   410 KBytes   112 Kbits/sec  22.025 ms  271/561 (48%)  receiver
