-----------------------------------------------------------
Server listening on 5018 (test #1)
-----------------------------------------------------------
Accepted connection from 10.0.0.5, port 43114
[  6] local 10.0.0.18 port 5018 connected to 10.0.0.5 port 39575
[ ID] Interval           Transfer     Bitrate         Jitter    Lost/Total Datagrams
[  6]   0.00-1.00   sec  7.07 KBytes  57.9 Kbits/sec  4.315 ms  0/5 (0%)  
[  6]   1.00-2.00   sec  8.48 KBytes  69.5 Kbits/sec  15.630 ms  0/6 (0%)  
[  6]   2.00-3.00   sec  7.07 KBytes  57.9 Kbits/sec  23.086 ms  1/6 (17%)  
[  6]   3.00-4.00   sec  4.24 KBytes  34.7 Kbits/sec  19.861 ms  4/7 (57%)  
[  6]   4.00-5.00   sec  2.83 KBytes  23.2 Kbits/sec  17.887 ms  0/2 (0%)  
[  6]   5.00-6.00   sec  1.41 KBytes  11.6 Kbits/sec  17.114 ms  11/12 (92%)  
[  6]   6.00-7.00   sec  5.66 KBytes  46.4 Kbits/sec  14.164 ms  2/6 (33%)  
[  6]   7.00-8.00   sec  2.83 KBytes  23.2 Kbits/sec  12.944 ms  5/7 (71%)  
[  6]   8.00-9.00   sec  4.24 KBytes  34.7 Kbits/sec  15.712 ms  3/6 (50%)  
[  6]   9.00-10.00  sec  1.41 KBytes  11.6 Kbits/sec  16.336 ms  4/5 (80%)  
[  6]  10.00-11.00  sec  2.83 KBytes  23.2 Kbits/sec  14.476 ms  8/10 (80%)  
[  6]  11.00-12.00  sec  4.24 KBytes  34.8 Kbits/sec  12.281 ms  3/6 (50%)  
[  6]  12.00-13.00  sec  1.41 KBytes  11.6 Kbits/sec  11.571 ms  4/5 (80%)  
[  6]  13.00-14.00  sec  4.24 KBytes  34.8 Kbits/sec  9.869 ms  5/8 (62%)  
[  6]  14.00-15.00  sec  1.41 KBytes  11.6 Kbits/sec  9.503 ms  6/7 (86%)  
[  6]  15.00-16.00  sec  4.24 KBytes  34.8 Kbits/sec  10.809 ms  6/9 (67%)  
[  6]  16.00-17.00  sec  4.24 KBytes  34.8 Kbits/sec  9.621 ms  4/7 (57%)  
[  6]  17.00-18.00  sec  7.07 KBytes  58.0 Kbits/sec  8.284 ms  2/7 (29%)  
[  6]  18.00-19.00  sec  4.24 KBytes  34.7 Kbits/sec  8.751 ms  4/7 (57%)  
[  6]  19.00-20.00  sec  2.83 KBytes  23.2 Kbits/sec  8.161 ms  1/3 (33%)  
[  6]  20.00-21.00  sec  5.66 KBytes  46.3 Kbits/sec  35.381 ms  10/14 (71%)  
[  6]  21.00-22.00  sec  5.66 KBytes  46.4 Kbits/sec  82.644 ms  0/4 (0%)  
[  6]  22.00-23.00  sec  1.41 KBytes  11.6 Kbits/sec  77.582 ms  2/3 (67%)  
[  6]  23.00-24.00  sec  2.83 KBytes  23.2 Kbits/sec  84.448 ms  6/8 (75%)  
[  6]  24.00-25.00  sec  5.66 KBytes  46.3 Kbits/sec  68.823 ms  3/7 (43%)  
[  6]  25.00-26.00  sec  12.7 KBytes   104 Kbits/sec  56.138 ms  0/9 (0%)  
[  6]  26.00-27.00  sec  9.90 KBytes  81.1 Kbits/sec  51.087 ms  0/7 (0%)  
[  6]  27.00-28.00  sec  9.90 KBytes  81.1 Kbits/sec  40.259 ms  0/7 (0%)  
[  6]  28.00-29.00  sec  4.24 KBytes  34.8 Kbits/sec  41.782 ms  1/4 (25%)  
[  6]  29.00-30.00  sec  2.83 KBytes  23.2 Kbits/sec  43.876 ms  6/8 (75%)  
- - - - - - - - - - - - - - - - - - - - - - - - -
[ ID] Interval           Transfer     Bitrate         Jitter    Lost/Total Datagrams
[SUM]  0.0-30.0 sec  1 datagrams received out-of-order
[  6]   0.00-30.00  sec   143 KBytes  39.0 Kbits/sec  43.876 ms  101/202 (50%)  receiver
