-----------------------------------------------------------
Server listening on 5019 (test #1)
-----------------------------------------------------------
Accepted connection from 10.0.0.5, port 60126
[  6] local 10.0.0.19 port 5019 connected to 10.0.0.5 port 47240
[ ID] Interval           Transfer     Bitrate         Jitter    Lost/Total Datagrams
[  6]   0.00-1.00   sec  4.24 KBytes  34.7 Kbits/sec  1.157 ms  0/3 (0%)  
[  6]   1.00-2.00   sec  4.24 KBytes  34.8 Kbits/sec  5.529 ms  0/3 (0%)  
[  6]   2.00-3.00   sec  2.83 KBytes  23.2 Kbits/sec  10.337 ms  2/4 (50%)  
[  6]   3.00-4.00   sec  1.41 KBytes  11.6 Kbits/sec  10.132 ms  1/2 (50%)  
[  6]   4.00-5.00   sec  0.00 Bytes  0.00 bits/sec  10.132 ms  0/0 (0%)  
[  6]   5.00-6.00   sec  1.41 KBytes  11.6 Kbits/sec  9.722 ms  6/7 (86%)  
[  6]   6.00-7.00   sec  1.41 KBytes  11.6 Kbits/sec  9.658 ms  2/3 (67%)  
[  6]   7.00-8.00   sec  1.41 KBytes  11.6 Kbits/sec  9.402 ms  4/5 (80%)  
[  6]   8.00-9.00   sec  1.41 KBytes  11.6 Kbits/sec  14.256 ms  3/4 (75%)  
[  6]   9.00-10.00  sec  2.83 KBytes  23.2 Kbits/sec  12.824 ms  2/4 (50%)  
[  6]  10.00-11.00  sec  1.41 KBytes  11.6 Kbits/sec  12.203 ms  1/2 (50%)  
[  6]  11.00-12.00  sec  4.24 KBytes  34.8 Kbits/sec  10.363 ms  3/6 (50%)  
[  6]  12.00-13.00  sec  2.83 KBytes  23.2 Kbits/sec  9.203 ms  2/4 (50%)  
[  6]  13.00-14.00  sec  1.41 KBytes  11.6 Kbits/sec  8.731 ms  0/1 (0%)  
[  6]  14.00-15.00  sec  1.41 KBytes  11.6 Kbits/sec  8.399 ms  2/3 (67%)  
[  6]  15.00-16.00  sec  2.83 KBytes  23.2 Kbits/sec  10.624 ms  5/7 (71%)  
[  6]  16.00-17.00  sec  2.83 KBytes  23.1 Kbits/sec  9.785 ms  1/3 (33%)  
[  6]  17.00-18.00  sec  1.41 KBytes  11.6 Kbits/sec  9.715 ms  1/2 (50%)  
[  6]  18.00-19.00  sec  2.83 KBytes  23.2 Kbits/sec  10.299 ms  3/5 (60%)  
[  6]  19.00-20.00  sec  2.83 KBytes  23.2 Kbits/sec  10.238 ms  3/5 (60%)  
[  6]  20.00-21.00  sec  5.66 KBytes  46.3 Kbits/sec  98.765 ms  0/4 (0%)  
[  6]  21.00-22.00  sec  1.41 KBytes  11.6 Kbits/sec  108.591 ms  0/1 (0%)  
[  6]  22.00-23.00  sec  0.00 Bytes  0.00 bits/sec  108.591 ms  0/0 (0%)  
[  6]  23.00-24.00  sec  1.41 KBytes  11.6 Kbits/sec  123.689 ms  7/8 (88%)  
[  6]  24.00-25.00  sec  7.07 KBytes  57.9 Kbits/sec  101.162 ms  0/5 (0%)  
[  6]  25.00-26.00  sec  5.66 KBytes  46.3 Kbits/sec  88.350 ms  0/4 (0%)  
[  6]  26.00-27.00  sec  5.66 KBytes  46.4 Kbits/sec  73.737 ms  0/4 (0%)  
[  6]  27.00-28.00  sec  2.83 KBytes  23.2 Kbits/sec  69.861 ms  0/2 (0%)  
[  6]  28.00-29.00  sec  2.83 KBytes  23.2 Kbits/sec  77.693 ms  2/4 (50%)  
[  6]  29.00-30.00  sec  1.41 KBytes  11.6 Kbits/sec  74.860 ms  3/4 (75%)  
- - - - - - - - - - - - - - - - - - - - - - - - -
[ ID] Interval           Transfer     Bitrate         Jitter    Lost/Total Datagrams
[SUM]  0.0-30.0 sec  1 datagrams received out-of-order
[  6]   0.00-30.00  sec  79.2 KBytes  21.6 Kbits/sec  74.860 ms  53/109 (49%)  receiver
