-----------------------------------------------------------
Server listening on 5021 (test #1)
-----------------------------------------------------------
Accepted connection from 10.0.0.5, port 48250
[  6] local 10.0.0.21 port 5021 connected to 10.0.0.5 port 39649
[ ID] Interval           Transfer     Bitrate         Jitter    Lost/Total Datagrams
[  6]   0.00-1.00   sec  15.6 KBytes   127 Kbits/sec  16.225 ms  0/11 (0%)  
[  6]   1.00-2.00   sec  9.90 KBytes  81.1 Kbits/sec  14.184 ms  11/18 (61%)  
[  6]   2.00-3.00   sec  12.7 KBytes   104 Kbits/sec  9.269 ms  9/18 (50%)  
[  6]   3.00-4.00   sec  9.90 KBytes  81.1 Kbits/sec  7.447 ms  11/18 (61%)  
[  6]   4.00-5.00   sec  9.90 KBytes  81.1 Kbits/sec  5.733 ms  13/20 (65%)  
[  6]   5.00-6.00   sec  11.3 KBytes  92.7 Kbits/sec  5.293 ms  14/22 (64%)  
[  6]   6.00-7.00   sec  11.3 KBytes  92.7 Kbits/sec  4.953 ms  11/19 (58%)  
[  6]   7.00-8.00   sec  11.3 KBytes  92.7 Kbits/sec  7.225 ms  14/22 (64%)  
[  6]   8.00-9.00   sec  5.66 KBytes  46.3 Kbits/sec  6.078 ms  14/18 (78%)  
[  6]   9.00-10.00  sec  9.90 KBytes  81.1 Kbits/sec  4.243 ms  11/18 (61%)  
[  6]  10.00-11.00  sec  11.3 KBytes  92.7 Kbits/sec  3.216 ms  13/21 (62%)  
[  6]  11.00-12.00  sec  9.90 KBytes  81.1 Kbits/sec  2.386 ms  14/21 (67%)  
[  6]  12.00-13.00  sec  9.90 KBytes  81.1 Kbits/sec  2.932 ms  11/18 (61%)  
[  6]  13.00-14.00  sec  7.07 KBytes  57.9 Kbits/sec  2.821 ms  10/15 (67%)  
[  6]  14.00-15.00  sec  11.3 KBytes  92.7 Kbits/sec  4.788 ms  14/22 (64%)  
[  6]  15.00-16.00  sec  9.90 KBytes  81.1 Kbits/sec  4.237 ms  16/23 (70%)  
[  6]  16.00-17.00  sec  5.66 KBytes  46.3 Kbits/sec  4.457 ms  11/15 (73%)  
[  6]  17.00-18.00  sec  9.90 KBytes  81.1 Kbits/sec  5.744 ms  18/25 (72%)  
[  6]  18.00-19.00  sec  11.3 KBytes  92.6 Kbits/sec  3.566 ms  11/19 (58%)  
[  6]  19.00-20.00  sec  15.6 KBytes   127 Kbits/sec  104.904 ms  12/23 (52%)  
[  6]  20.00-21.00  sec  9.90 KBytes  81.1 Kbits/sec  74.806 ms  6/13 (46%)  
[  6]  21.00-22.00  sec  12.7 KBytes   104 Kbits/sec  56.356 ms  9/18 (50%)  
[  6]  22.00-23.00  sec  12.7 KBytes   104 Kbits/sec  40.624 ms  10/19 (53%)  
[  6]  23.00-24.00  sec  31.1 KBytes   255 Kbits/sec  43.443 ms  2/24 (8.3%)  
[  6]  24.00-25.00  sec  31.1 KBytes   255 Kbits/sec  40.797 ms  0/22 (0%)  
[  6]  25.00-26.00  sec  26.9 KBytes   220 Kbits/sec  33.959 ms  0/19 (0%)  
[  6]  26.00-27.00  sec  19.8 KBytes   162 Kbits/sec  41.741 ms  0/14 (0%)  
[  6]  27.00-28.00  sec  9.90 KBytes  81.1 Kbits/sec  40.050 ms  13/20 (65%)  
[  6]  28.00-29.00  sec  9.90 KBytes  81.1 Kbits/sec  44.710 ms  14/21 (67%)  
[  6]  29.00-30.00  sec  12.7 KBytes   104 Kbits/sec  38.054 ms  14/23 (61%)  
- - - - - - - - - - - - - - - - - - - - - - - - -
[ ID] Interval           Transfer     Bitrate         Jitter    Lost/Total Datagrams
[SUM]  0.0-30.0 sec  3 datagrams received out-of-order
[  6]   0.00-30.00  sec   386 KBytes   105 Kbits/sec  38.054 ms  306/579 (53%)  receiver
