-----------------------------------------------------------
Server listening on 5022 (test #1)
-----------------------------------------------------------
Accepted connection from 10.0.0.5, port 53682
[  6] local 10.0.0.22 port 5022 connected to 10.0.0.5 port 54991
[ ID] Interval           Transfer     Bitrate         Jitter    Lost/Total Datagrams
[  6]   0.00-1.00   sec   191 KBytes  1.56 Mbits/sec  0.471 ms  85/220 (39%)  
[  6]   1.00-2.00   sec   317 KBytes  2.60 Mbits/sec  0.568 ms  311/535 (58%)  
[  6]   2.00-3.00   sec   314 KBytes  2.57 Mbits/sec  0.486 ms  303/525 (58%)  
[  6]   3.00-4.00   sec   301 KBytes  2.47 Mbits/sec  0.798 ms  308/521 (59%)  
[  6]   4.00-5.00   sec   378 KBytes  3.09 Mbits/sec  0.435 ms  257/524 (49%)  
[  6]   5.00-6.00   sec   311 KBytes  2.55 Mbits/sec  0.463 ms  293/513 (57%)  
[  6]   6.00-7.00   sec   308 KBytes  2.53 Mbits/sec  0.687 ms  309/527 (59%)  
[  6]   7.00-8.00   sec   297 KBytes  2.43 Mbits/sec  0.499 ms  355/565 (63%)  
[  6]   8.00-9.00   sec   281 KBytes  2.31 Mbits/sec  0.473 ms  336/535 (63%)  
[  6]   9.00-10.00  sec   283 KBytes  2.32 Mbits/sec  0.423 ms  319/519 (61%)  
[  6]  10.00-11.00  sec   226 KBytes  1.85 Mbits/sec  0.768 ms  367/527 (70%)  
[  6]  11.00-12.00  sec   257 KBytes  2.11 Mbits/sec  0.556 ms  315/497 (63%)  
[  6]  12.00-13.00  sec   257 KBytes  2.11 Mbits/sec  0.965 ms  370/552 (67%)  
[  6]  13.00-14.00  sec   270 KBytes  2.21 Mbits/sec  0.655 ms  305/496 (61%)  
[  6]  14.00-15.00  sec   317 KBytes  2.60 Mbits/sec  0.642 ms  307/531 (58%)  
[  6]  15.00-16.00  sec   294 KBytes  2.41 Mbits/sec  0.953 ms  309/517 (60%)  
[  6]  16.00-17.00  sec   290 KBytes  2.37 Mbits/sec  0.707 ms  297/502 (59%)  
[  6]  17.00-18.00  sec   281 KBytes  2.31 Mbits/sec  0.200 ms  315/514 (61%)  
[  6]  18.00-19.00  sec   342 KBytes  2.80 Mbits/sec  338.383 ms  579/821 (71%)  
[  6]  19.00-20.00  sec   380 KBytes  3.11 Mbits/sec  1.054 ms  -27/242 (-11%)  
[  6]  20.00-21.00  sec   230 KBytes  1.89 Mbits/sec  3.285 ms  370/533 (69%)  
[  6]  21.00-22.00  sec   266 KBytes  2.18 Mbits/sec  0.953 ms  227/415 (55%)  
[  6]  22.00-23.00  sec   247 KBytes  2.03 Mbits/sec  3.387 ms  321/496 (65%)  
[  6]  23.00-24.00  sec   406 KBytes  3.32 Mbits/sec  0.635 ms  0/287 (0%)  
[  6]  24.00-25.00  sec   488 KBytes  4.00 Mbits/sec  0.624 ms  0/345 (0%)  
[  6]  25.00-26.00  sec   488 KBytes  4.00 Mbits/sec  0.615 ms  0/345 (0%)  
[  6]  26.00-27.00  sec   239 KBytes  1.96 Mbits/sec  0.623 ms  409/578 (71%)  
[  6]  27.00-28.00  sec   382 KBytes  3.13 Mbits/sec  1.305 ms  194/464 (42%)  
[  6]  28.00-29.00  sec   369 KBytes  3.02 Mbits/sec  0.634 ms  200/461 (43%)  
[  6]  29.00-30.00  sec   474 KBytes  3.88 Mbits/sec  0.601 ms  129/464 (28%)  
- - - - - - - - - - - - - - - - - - - - - - - - -
[ ID] Interval           Transfer     Bitrate         Jitter    Lost/Total Datagrams
[SUM]  0.0-30.0 sec  71 datagrams received out-of-order
[  6]   0.00-30.00  sec  9.26 MBytes  2.59 Mbits/sec  0.601 ms  7863/14571 (54%)  receiver
