-----------------------------------------------------------
Server listening on 5023 (test #1)
-----------------------------------------------------------
Accepted connection from 10.0.0.5, port 34186
[  6] local 10.0.0.23 port 5023 connected to 10.0.0.5 port 35733
[ ID] Interval           Transfer     Bitrate         Jitter    Lost/Total Datagrams
[  6]   0.00-1.00   sec  2.83 KBytes  23.2 Kbits/sec  0.063 ms  3/5 (60%)  
[  6]   1.00-2.00   sec  5.66 KBytes  46.3 Kbits/sec  0.265 ms  7/11 (64%)  
[  6]   2.00-3.00   sec  5.66 KBytes  46.3 Kbits/sec  0.735 ms  6/10 (60%)  
[  6]   3.00-4.00   sec  2.83 KBytes  23.2 Kbits/sec  1.451 ms  5/7 (71%)  
[  6]   4.00-5.00   sec  0.00 Bytes  0.00 bits/sec  1.451 ms  0/0 (0%)  
[  6]   5.00-6.00   sec  5.66 KBytes  46.3 Kbits/sec  2.175 ms  20/24 (83%)  
[  6]   6.00-7.00   sec  5.66 KBytes  46.4 Kbits/sec  7.119 ms  7/11 (64%)  
[  6]   7.00-8.00   sec  2.83 KBytes  23.1 Kbits/sec  6.706 ms  1/3 (33%)  
[  6]   8.00-9.00   sec  8.48 KBytes  69.6 Kbits/sec  5.501 ms  11/17 (65%)  
[  6]   9.00-10.00  sec  4.24 KBytes  34.7 Kbits/sec  4.617 ms  8/11 (73%)  
[  6]  10.00-11.00  sec  5.66 KBytes  46.3 Kbits/sec  3.629 ms  7/11 (64%)  
[  6]  11.00-12.00  sec  1.41 KBytes  11.6 Kbits/sec  3.404 ms  3/4 (75%)  
[  6]  12.00-13.00  sec  5.66 KBytes  46.3 Kbits/sec  3.570 ms  10/14 (71%)  
[  6]  13.00-14.00  sec  8.48 KBytes  69.5 Kbits/sec  4.424 ms  5/11 (45%)  
[  6]  14.00-15.00  sec  5.66 KBytes  46.3 Kbits/sec  3.730 ms  8/12 (67%)  
[  6]  15.00-16.00  sec  7.07 KBytes  58.0 Kbits/sec  4.899 ms  6/11 (55%)  
[  6]  16.00-17.00  sec  7.07 KBytes  57.9 Kbits/sec  4.299 ms  4/9 (44%)  
[  6]  17.00-18.00  sec  1.41 KBytes  11.6 Kbits/sec  5.371 ms  1/2 (50%)  
[  6]  18.00-19.00  sec  9.90 KBytes  81.0 Kbits/sec  87.271 ms  15/22 (68%)  
[  6]  19.00-20.00  sec  2.83 KBytes  23.2 Kbits/sec  87.090 ms  6/8 (75%)  
[  6]  20.00-21.00  sec  2.83 KBytes  23.2 Kbits/sec  89.717 ms  5/7 (71%)  
[  6]  21.00-22.00  sec  8.48 KBytes  69.5 Kbits/sec  69.567 ms  5/11 (45%)  
[  6]  22.00-23.00  sec  17.0 KBytes   139 Kbits/sec  59.398 ms  1/13 (7.7%)  
[  6]  23.00-24.00  sec  17.0 KBytes   139 Kbits/sec  47.212 ms  0/12 (0%)  
[  6]  24.00-25.00  sec  14.1 KBytes   116 Kbits/sec  47.091 ms  0/10 (0%)  
[  6]  25.00-26.00  sec  8.48 KBytes  69.5 Kbits/sec  46.464 ms  1/7 (14%)  
[  6]  26.00-27.00  sec  4.24 KBytes  34.8 Kbits/sec  53.686 ms  7/10 (70%)  
[  6]  27.00-28.00  sec  5.66 KBytes  46.3 Kbits/sec  63.141 ms  10/14 (71%)  
[  6]  28.00-29.00  sec  7.07 KBytes  58.0 Kbits/sec  51.857 ms  4/9 (44%)  
[  6]  29.00-30.00  sec  11.3 KBytes  92.6 Kbits/sec  36.566 ms  4/12 (33%)  
- - - - - - - - - - - - - - - - - - - - - - - - -
[ ID] Interval           Transfer     Bitrate         Jitter    Lost/Total Datagrams
[SUM]  0.0-30.0 sec  1 datagrams received out-of-order
[  6]   0.00-30.00  sec   195 KBytes  53.3 Kbits/sec  36.566 ms  170/308 (55%)  receiver
