-----------------------------------------------------------
Server listening on 5003 (test #1)
-----------------------------------------------------------
Accepted connection from 10.0.0.5, port 38150
[  6] local 10.0.0.3 port 5003 connected to 10.0.0.5 port 50512
[ ID] Interval           Transfer     Bitrate         Jitter    Lost/Total Datagrams
[  6]   0.00-1.00   sec  21.2 KBytes   174 Kbits/sec  10.017 ms  0/15 (0%)  
[  6]   1.00-2.00   sec  21.2 KBytes   174 Kbits/sec  16.528 ms  0/15 (0%)  
[  6]   2.00-3.00   sec  18.4 KBytes   150 Kbits/sec  23.770 ms  0/13 (0%)  
[  6]   3.00-4.00   sec  19.8 KBytes   162 Kbits/sec  32.584 ms  0/14 (0%)  
[  6]   4.00-5.00   sec  21.2 KBytes   174 Kbits/sec  25.421 ms  0/15 (0%)  
[  6]   5.00-6.00   sec  18.4 KBytes   151 Kbits/sec  26.389 ms  0/13 (0%)  
[  6]   6.00-7.00   sec  22.6 KBytes   185 Kbits/sec  26.273 ms  0/16 (0%)  
[  6]   7.00-8.00   sec  19.8 KBytes   162 Kbits/sec  30.948 ms  0/14 (0%)  
[  6]   8.00-9.00   sec  11.3 KBytes  92.7 Kbits/sec  26.842 ms  4/12 (33%)  
[  6]   9.00-10.00  sec  11.3 KBytes  92.6 Kbits/sec  16.117 ms  8/16 (50%)  
[  6]  10.00-11.00  sec  2.83 KBytes  23.2 Kbits/sec  14.199 ms  11/13 (85%)  
[  6]  11.00-12.00  sec  9.90 KBytes  81.1 Kbits/sec  9.129 ms  9/16 (56%)  
[  6]  12.00-13.00  sec  7.07 KBytes  57.9 Kbits/sec  6.689 ms  12/17 (71%)  
[  6]  13.00-14.00  sec  8.48 KBytes  69.5 Kbits/sec  4.624 ms  9/15 (60%)  
[  6]  14.00-15.00  sec  8.48 KBytes  69.5 Kbits/sec  13.597 ms  8/14 (57%)  
[  6]  15.00-16.00  sec  2.83 KBytes  23.2 Kbits/sec  12.093 ms  9/11 (82%)  
[  6]  16.00-17.00  sec  5.66 KBytes  46.3 Kbits/sec  9.494 ms  17/21 (81%)  
[  6]  17.00-18.00  sec  9.90 KBytes  81.0 Kbits/sec  6.547 ms  7/14 (50%)  
[  6]  18.00-19.00  sec  9.90 KBytes  81.1 Kbits/sec  4.810 ms  7/14 (50%)  
[  6]  19.00-20.00  sec  9.90 KBytes  81.1 Kbits/sec  3.675 ms  9/16 (56%)  
[  6]  20.00-21.00  sec  4.24 KBytes  34.7 Kbits/sec  3.535 ms  13/16 (81%)  
[  6]  21.00-22.00  sec  8.48 KBytes  69.5 Kbits/sec  4.937 ms  7/13 (54%)  
[  6]  22.00-23.00  sec  11.3 KBytes  92.7 Kbits/sec  5.052 ms  6/14 (43%)  
[  6]  23.00-24.00  sec  5.66 KBytes  46.3 Kbits/sec  4.828 ms  14/18 (78%)  
[  6]  24.00-25.00  sec  5.66 KBytes  46.3 Kbits/sec  5.464 ms  10/14 (71%)  
[  6]  25.00-26.00  sec  7.07 KBytes  57.9 Kbits/sec  5.271 ms  11/16 (69%)  
[  6]  26.00-27.00  sec  18.4 KBytes   151 Kbits/sec  160.037 ms  8/21 (38%)  
[  6]  27.00-28.00  sec  8.48 KBytes  69.6 Kbits/sec  128.172 ms  2/8 (25%)  
[  6]  28.00-29.00  sec  5.66 KBytes  46.3 Kbits/sec  102.057 ms  9/13 (69%)  
[  6]  29.00-30.00  sec  8.48 KBytes  69.5 Kbits/sec  86.548 ms  8/14 (57%)  
- - - - - - - - - - - - - - - - - - - - - - - - -
[ ID] Interval           Transfer     Bitrate         Jitter    Lost/Total Datagrams
[SUM]  0.0-30.0 sec  3 datagrams received out-of-order
[  6]   0.00-30.00  sec   344 KBytes  93.8 Kbits/sec  86.548 ms  198/441 (45%)  receiver
