-----------------------------------------------------------
Server listening on 5004 (test #1)
-----------------------------------------------------------
Accepted connection from 10.0.0.5, port 44010
[  6] local 10.0.0.4 port 5004 connected to 10.0.0.5 port 41569
[ ID] Interval           Transfer     Bitrate         Jitter    Lost/Total Datagrams
[  6]   0.00-1.00   sec  1015 KBytes  8.31 Mbits/sec  0.922 ms  0/718 (0%)  
[  6]   1.00-2.00   sec   966 KBytes  7.91 Mbits/sec  0.795 ms  0/683 (0%)  
[  6]   2.00-3.00   sec   831 KBytes  6.81 Mbits/sec  0.521 ms  0/588 (0%)  
[  6]   3.00-4.00   sec   899 KBytes  7.37 Mbits/sec  0.507 ms  0/636 (0%)  
[  6]   4.00-5.00   sec   669 KBytes  5.47 Mbits/sec  0.495 ms  0/473 (0%)  
[  6]   5.00-6.00   sec   491 KBytes  4.02 Mbits/sec  0.498 ms  0/347 (0%)  
[  6]   6.00-7.00   sec   489 KBytes  4.00 Mbits/sec  0.506 ms  0/346 (0%)  
[  6]   7.00-8.00   sec   327 KBytes  2.68 Mbits/sec  0.500 ms  0/231 (0%)  
[  6]   8.00-9.00   sec   341 KBytes  2.79 Mbits/sec  0.288 ms  1983/2224 (89%)  
[  6]   9.00-10.00  sec   413 KBytes  3.38 Mbits/sec  0.285 ms  436/728 (60%)  
[  6]  10.00-11.00  sec   485 KBytes  3.98 Mbits/sec  0.328 ms  401/744 (54%)  
[  6]  11.00-12.00  sec   416 KBytes  3.40 Mbits/sec  0.410 ms  438/732 (60%)  
[  6]  12.00-13.00  sec   436 KBytes  3.57 Mbits/sec  0.240 ms  427/735 (58%)  
[  6]  13.00-14.00  sec   447 KBytes  3.66 Mbits/sec  0.291 ms  413/729 (57%)  
[  6]  14.00-15.00  sec   380 KBytes  3.12 Mbits/sec  0.317 ms  468/737 (64%)  
[  6]  15.00-16.00  sec   359 KBytes  2.94 Mbits/sec  0.303 ms  478/732 (65%)  
[  6]  16.00-17.00  sec   373 KBytes  3.06 Mbits/sec  0.177 ms  472/736 (64%)  
[  6]  17.00-18.00  sec   361 KBytes  2.95 Mbits/sec  0.271 ms  473/728 (65%)  
[  6]  18.00-19.00  sec   379 KBytes  3.11 Mbits/sec  0.291 ms  470/738 (64%)  
[  6]  19.00-20.00  sec   351 KBytes  2.87 Mbits/sec  0.172 ms  477/725 (66%)  
[  6]  20.00-21.00  sec   383 KBytes  3.14 Mbits/sec  0.286 ms  469/740 (63%)  
[  6]  21.00-22.00  sec   409 KBytes  3.35 Mbits/sec  0.184 ms  428/717 (60%)  
[  6]  22.00-23.00  sec   423 KBytes  3.47 Mbits/sec  0.258 ms  452/751 (60%)  
[  6]  23.00-24.00  sec   358 KBytes  2.93 Mbits/sec  0.271 ms  462/715 (65%)  
[  6]  24.00-25.00  sec   399 KBytes  3.27 Mbits/sec  0.276 ms  471/753 (63%)  
[  6]  25.00-26.00  sec   411 KBytes  3.37 Mbits/sec  0.153 ms  441/732 (60%)  
[  6]  26.00-27.00  sec   748 KBytes  6.12 Mbits/sec  0.601 ms  327/856 (38%)  
[  6]  27.00-28.00  sec   385 KBytes  3.15 Mbits/sec  0.291 ms  340/612 (56%)  
[  6]  28.00-29.00  sec   243 KBytes  1.99 Mbits/sec  3.437 ms  362/534 (68%)  
[  6]  29.00-30.00  sec   294 KBytes  2.41 Mbits/sec  7.306 ms  495/703 (70%)  
[  6]  30.00-30.00  sec  1.41 KBytes  19.1 Mbits/sec  6.875 ms  0/1 (0%)  
- - - - - - - - - - - - - - - - - - - - - - - - -
[ ID] Interval           Transfer     Bitrate         Jitter    Lost/Total Datagrams
[SUM]  0.0-30.0 sec  130 datagrams received out-of-order
[  6]   0.00-30.00  sec  14.1 MBytes  3.95 Mbits/sec  6.875 ms  11183/21424 (52%)  receiver
