-----------------------------------------------------------
Server listening on 5007 (test #1)
-----------------------------------------------------------
Accepted connection from 10.0.0.5, port 53970
[  6] local 10.0.0.7 port 5007 connected to 10.0.0.5 port 36220
[ ID] Interval           Transfer     Bitrate         Jitter    Lost/Total Datagrams
[  6]   0.00-1.00   sec  8.48 KBytes  69.4 Kbits/sec  4.297 ms  0/6 (0%)  
[  6]   1.00-2.00   sec  5.66 KBytes  46.4 Kbits/sec  12.374 ms  0/4 (0%)  
[  6]   2.00-3.00   sec  7.07 KBytes  57.9 Kbits/sec  21.184 ms  0/5 (0%)  
[  6]   3.00-4.00   sec  7.07 KBytes  57.9 Kbits/sec  21.798 ms  0/5 (0%)  
[  6]   4.00-5.00   sec  7.07 KBytes  57.9 Kbits/sec  21.476 ms  0/5 (0%)  
[  6]   5.00-6.00   sec  8.48 KBytes  69.5 Kbits/sec  29.739 ms  0/6 (0%)  
[  6]   6.00-7.00   sec  7.07 KBytes  57.9 Kbits/sec  31.725 ms  0/5 (0%)  
[  6]   7.00-8.00   sec  5.66 KBytes  46.3 Kbits/sec  36.810 ms  0/4 (0%)  
[  6]   8.00-9.00   sec  4.24 KBytes  34.8 Kbits/sec  31.277 ms  1/4 (25%)  
[  6]   9.00-10.00  sec  1.41 KBytes  11.6 Kbits/sec  29.496 ms  5/6 (83%)  
[  6]  10.00-11.00  sec  5.66 KBytes  46.3 Kbits/sec  23.330 ms  2/6 (33%)  
[  6]  11.00-12.00  sec  2.83 KBytes  23.2 Kbits/sec  20.778 ms  3/5 (60%)  
[  6]  12.00-13.00  sec  4.24 KBytes  34.7 Kbits/sec  17.791 ms  2/5 (40%)  
[  6]  13.00-14.00  sec  5.66 KBytes  46.3 Kbits/sec  18.897 ms  3/7 (43%)  
[  6]  14.00-15.00  sec  1.41 KBytes  11.6 Kbits/sec  17.727 ms  0/1 (0%)  
[  6]  15.00-16.00  sec  0.00 Bytes  0.00 bits/sec  17.727 ms  0/0 (0%)  
[  6]  16.00-17.00  sec  0.00 Bytes  0.00 bits/sec  17.727 ms  0/0 (0%)  
[  6]  17.00-18.00  sec  4.24 KBytes  34.7 Kbits/sec  14.662 ms  17/20 (85%)  
[  6]  18.00-19.00  sec  4.24 KBytes  34.7 Kbits/sec  12.133 ms  0/3 (0%)  
[  6]  19.00-20.00  sec  1.41 KBytes  11.6 Kbits/sec  11.409 ms  5/6 (83%)  
[  6]  20.00-21.00  sec  0.00 Bytes  0.00 bits/sec  11.409 ms  0/0 (0%)  
[  6]  21.00-22.00  sec  2.83 KBytes  23.2 Kbits/sec  10.076 ms  10/12 (83%)  
[  6]  22.00-23.00  sec  5.66 KBytes  46.3 Kbits/sec  7.912 ms  2/6 (33%)  
[  6]  23.00-24.00  sec  4.24 KBytes  34.8 Kbits/sec  6.549 ms  1/4 (25%)  
[  6]  24.00-25.00  sec  2.83 KBytes  23.2 Kbits/sec  5.824 ms  3/5 (60%)  
[  6]  25.00-26.00  sec  5.66 KBytes  46.3 Kbits/sec  86.792 ms  5/9 (56%)  
[  6]  26.00-27.00  sec  4.24 KBytes  34.8 Kbits/sec  97.352 ms  0/3 (0%)  
[  6]  27.00-28.00  sec  4.24 KBytes  34.8 Kbits/sec  87.983 ms  2/5 (40%)  
[  6]  28.00-29.00  sec  1.41 KBytes  11.6 Kbits/sec  88.700 ms  0/1 (0%)  
[  6]  29.00-30.00  sec  8.48 KBytes  69.5 Kbits/sec  73.875 ms  3/9 (33%)  
- - - - - - - - - - - - - - - - - - - - - - - - -
[ ID] Interval           Transfer     Bitrate         Jitter    Lost/Total Datagrams
[SUM]  0.0-30.0 sec  1 datagrams received out-of-order
[  6]   0.00-30.00  sec   132 KBytes  35.9 Kbits/sec  73.875 ms  64/157 (41%)  receiver
