-----------------------------------------------------------
Server listening on 5008 (test #1)
-----------------------------------------------------------
Accepted connection from 10.0.0.5, port 50644
[  6] local 10.0.0.8 port 5008 connected to 10.0.0.5 port 45132
[ ID] Interval           Transfer     Bitrate         Jitter    Lost/Total Datagrams
[  6]   0.00-1.00   sec   286 KBytes  2.34 Mbits/sec  0.004 ms  0/202 (0%)  
[  6]   1.00-2.00   sec   287 KBytes  2.35 Mbits/sec  0.009 ms  0/203 (0%)  
[  6]   2.00-3.00   sec   284 KBytes  2.33 Mbits/sec  0.005 ms  0/201 (0%)  
[  6]   3.00-4.00   sec   287 KBytes  2.35 Mbits/sec  0.013 ms  0/203 (0%)  
[  6]   4.00-5.00   sec   286 KBytes  2.34 Mbits/sec  0.020 ms  0/202 (0%)  
[  6]   5.00-6.00   sec   286 KBytes  2.34 Mbits/sec  0.002 ms  0/202 (0%)  
[  6]   6.00-7.00   sec   286 KBytes  2.34 Mbits/sec  0.005 ms  0/202 (0%)  
[  6]   7.00-8.00   sec   286 KBytes  2.34 Mbits/sec  0.015 ms  0/202 (0%)  
[  6]   8.00-9.00   sec   286 KBytes  2.34 Mbits/sec  0.011 ms  0/202 (0%)  
[  6]   9.00-10.00  sec   286 KBytes  2.34 Mbits/sec  0.009 ms  0/202 (0%)  
[  6]  10.00-11.00  sec   286 KBytes  2.34 Mbits/sec  0.007 ms  0/202 (0%)  
[  6]  11.00-12.00  sec   284 KBytes  2.33 Mbits/sec  0.012 ms  0/201 (0%)  
[  6]  12.00-13.00  sec   286 KBytes  2.34 Mbits/sec  0.010 ms  0/202 (0%)  
[  6]  13.00-14.00  sec   287 KBytes  2.35 Mbits/sec  0.003 ms  0/203 (0%)  
[  6]  14.00-15.00  sec   286 KBytes  2.34 Mbits/sec  0.005 ms  0/202 (0%)  
[  6]  15.00-16.00  sec   286 KBytes  2.34 Mbits/sec  0.002 ms  0/202 (0%)  
[  6]  16.00-17.00  sec   284 KBytes  2.33 Mbits/sec  0.010 ms  0/201 (0%)  
[  6]  17.00-18.00  sec   286 KBytes  2.34 Mbits/sec  0.005 ms  0/202 (0%)  
[  6]  18.00-19.00  sec   286 KBytes  2.34 Mbits/sec  0.003 ms  0/202 (0%)  
[  6]  19.00-20.00  sec   286 KBytes  2.34 Mbits/sec  0.005 ms  0/202 (0%)  
[  6]  20.00-21.00  sec   286 KBytes  2.34 Mbits/sec  0.006 ms  0/202 (0%)  
[  6]  21.00-22.00  sec   286 KBytes  2.34 Mbits/sec  0.006 ms  0/202 (0%)  
[  6]  22.00-23.00  sec   286 KBytes  2.34 Mbits/sec  0.011 ms  0/202 (0%)  
[  6]  23.00-24.00  sec   286 KBytes  2.34 Mbits/sec  0.004 ms  0/202 (0%)  
[  6]  24.00-25.00  sec   286 KBytes  2.34 Mbits/sec  0.010 ms  0/202 (0%)  
[  6]  25.00-26.00  sec   232 KBytes  1.90 Mbits/sec  3.145 ms  0/164 (0%)  
[  6]  26.00-27.00  sec   113 KBytes   927 Kbits/sec  1.145 ms  50/130 (38%)  
[  6]  27.00-28.00  sec   100 KBytes   822 Kbits/sec  0.269 ms  135/206 (66%)  
[  6]  28.00-29.00  sec   163 KBytes  1.33 Mbits/sec  0.927 ms  98/213 (46%)  
[  6]  29.00-30.00  sec   328 KBytes  2.69 Mbits/sec  6.885 ms  18/250 (7.2%)  
[  6]  30.00-30.20  sec  66.5 KBytes  2.78 Mbits/sec  7.684 ms  0/47 (0%)  
- - - - - - - - - - - - - - - - - - - - - - - - -
[ ID] Interval           Transfer     Bitrate         Jitter    Lost/Total Datagrams
[  6]   0.00-30.20  sec  7.95 MBytes  2.21 Mbits/sec  7.684 ms  301/6060 (5%)  receiver
