-----------------------------------------------------------
Server listening on 5009 (test #1)
-----------------------------------------------------------
Accepted connection from 10.0.0.5, port 52330
[  6] local 10.0.0.9 port 5009 connected to 10.0.0.5 port 50705
[ ID] Interval           Transfer     Bitrate         Jitter    Lost/Total Datagrams
[  6]   0.00-1.00   sec   641 KBytes  5.24 Mbits/sec  4.017 ms  0/453 (0%)  
[  6]   1.00-2.00   sec   665 KBytes  5.44 Mbits/sec  0.965 ms  0/470 (0%)  
[  6]   2.00-3.00   sec   775 KBytes  6.35 Mbits/sec  1.400 ms  0/548 (0%)  
[  6]   3.00-4.00   sec   778 KBytes  6.37 Mbits/sec  2.536 ms  0/550 (0%)  
[  6]   4.00-5.00   sec   723 KBytes  5.92 Mbits/sec  1.366 ms  0/511 (0%)  
[  6]   5.00-6.00   sec   749 KBytes  6.14 Mbits/sec  1.369 ms  0/530 (0%)  
[  6]   6.00-7.00   sec   591 KBytes  4.84 Mbits/sec  1.328 ms  31/449 (6.9%)  
[  6]   7.00-8.00   sec   355 KBytes  2.91 Mbits/sec  0.273 ms  310/561 (55%)  
[  6]   8.00-9.00   sec   290 KBytes  2.38 Mbits/sec  0.285 ms  327/532 (61%)  
[  6]   9.00-10.00  sec   321 KBytes  2.63 Mbits/sec  0.216 ms  323/550 (59%)  
[  6]  10.00-11.00  sec   303 KBytes  2.48 Mbits/sec  0.286 ms  326/540 (60%)  
[  6]  11.00-12.00  sec   320 KBytes  2.62 Mbits/sec  0.299 ms  315/541 (58%)  
[  6]  12.00-13.00  sec   378 KBytes  3.09 Mbits/sec  0.288 ms  273/540 (51%)  
[  6]  13.00-14.00  sec   235 KBytes  1.92 Mbits/sec  0.231 ms  363/529 (69%)  
[  6]  14.00-15.00  sec   284 KBytes  2.33 Mbits/sec  0.312 ms  349/550 (63%)  
[  6]  15.00-16.00  sec   245 KBytes  2.01 Mbits/sec  0.255 ms  373/546 (68%)  
[  6]  16.00-17.00  sec   259 KBytes  2.12 Mbits/sec  0.264 ms  355/538 (66%)  
[  6]  17.00-18.00  sec   273 KBytes  2.24 Mbits/sec  0.166 ms  325/518 (63%)  
[  6]  18.00-19.00  sec   286 KBytes  2.34 Mbits/sec  0.285 ms  364/566 (64%)  
[  6]  19.00-20.00  sec   260 KBytes  2.13 Mbits/sec  0.244 ms  358/542 (66%)  
[  6]  20.00-21.00  sec   307 KBytes  2.51 Mbits/sec  0.291 ms  324/541 (60%)  
[  6]  21.00-22.00  sec   287 KBytes  2.35 Mbits/sec  0.253 ms  328/531 (62%)  
[  6]  22.00-23.00  sec   314 KBytes  2.57 Mbits/sec  0.301 ms  329/551 (60%)  
[  6]  23.00-24.00  sec   228 KBytes  1.87 Mbits/sec  0.216 ms  365/526 (69%)  
[  6]  24.00-25.00  sec   270 KBytes  2.21 Mbits/sec  0.289 ms  359/550 (65%)  
[  6]  25.00-26.00  sec   522 KBytes  4.27 Mbits/sec  1.295 ms  227/596 (38%)  
[  6]  26.00-27.00  sec   264 KBytes  2.17 Mbits/sec  0.339 ms  302/489 (62%)  
[  6]  27.00-28.00  sec   322 KBytes  2.64 Mbits/sec  0.524 ms  298/526 (57%)  
[  6]  28.00-29.00  sec   522 KBytes  4.27 Mbits/sec  0.398 ms  202/571 (35%)  
[  6]  29.00-30.00  sec   988 KBytes  8.10 Mbits/sec  0.807 ms  0/699 (0%)  
[  6]  30.00-30.16  sec   124 KBytes  6.58 Mbits/sec  2.111 ms  0/88 (0%)  
- - - - - - - - - - - - - - - - - - - - - - - - -
[ ID] Interval           Transfer     Bitrate         Jitter    Lost/Total Datagrams
[SUM]  0.0-30.2 sec  75 datagrams received out-of-order
[  6]   0.00-30.16  sec  12.6 MBytes  3.50 Mbits/sec  2.111 ms  7126/16232 (44%)  receiver
