-----------------------------------------------------------
Server listening on 6011 (test #1)
-----------------------------------------------------------
Accepted connection from 10.0.0.6, port 53292
[  6] local 10.0.0.11 port 6011 connected to 10.0.0.6 port 54940
[ ID] Interval           Transfer     Bitrate         Jitter    Lost/Total Datagrams
[  6]   0.00-1.00   sec  1.41 KBytes  11.6 Kbits/sec  0.000 ms  0/1 (0%)  
[  6]   1.00-2.00   sec  0.00 Bytes  0.00 bits/sec  0.000 ms  0/0 (0%)  
[  6]   2.00-3.00   sec  1.41 KBytes  11.6 Kbits/sec  119.325 ms  0/1 (0%)  
[  6]   3.00-4.00   sec  0.00 Bytes  0.00 bits/sec  119.325 ms  0/0 (0%)  
[  6]   4.00-5.00   sec  1.41 KBytes  11.6 Kbits/sec  126.683 ms  0/1 (0%)  
[  6]   5.00-6.00   sec  2.83 KBytes  23.2 Kbits/sec  207.553 ms  0/2 (0%)  
[  6]   6.00-7.00   sec  0.00 Bytes  0.00 bits/sec  207.553 ms  0/0 (0%)  
[  6]   7.00-8.00   sec  2.83 KBytes  23.2 Kbits/sec  290.133 ms  0/2 (0%)  
[  6]   8.00-9.00   sec  1.41 KBytes  11.6 Kbits/sec  272.075 ms  0/1 (0%)  
[  6]   9.00-10.00  sec  1.41 KBytes  11.6 Kbits/sec  255.301 ms  0/1 (0%)  
[  6]  10.00-11.00  sec  1.41 KBytes  11.6 Kbits/sec  239.351 ms  0/1 (0%)  
[  6]  11.00-12.00  sec  1.41 KBytes  11.6 Kbits/sec  224.649 ms  0/1 (0%)  
[  6]  12.00-13.00  sec  1.41 KBytes  11.6 Kbits/sec  239.267 ms  0/1 (0%)  
[  6]  13.00-14.00  sec  0.00 Bytes  0.00 bits/sec  239.267 ms  0/0 (0%)  
[  6]  14.00-15.00  sec  1.41 KBytes  11.6 Kbits/sec  260.130 ms  0/1 (0%)  
[  6]  15.00-16.00  sec  1.41 KBytes  11.6 Kbits/sec  280.675 ms  0/1 (0%)  
[  6]  16.00-17.00  sec  0.00 Bytes  0.00 bits/sec  280.675 ms  0/0 (0%)  
[  6]  17.00-18.00  sec  2.83 KBytes  23.1 Kbits/sec  324.328 ms  0/2 (0%)  
[  6]  18.00-19.00  sec  1.41 KBytes  11.6 Kbits/sec  304.831 ms  0/1 (0%)  
[  6]  19.00-20.00  sec  1.41 KBytes  11.6 Kbits/sec  286.076 ms  0/1 (0%)  
[  6]  20.00-21.00  sec  2.83 KBytes  23.2 Kbits/sec  424.193 ms  2/4 (50%)  
[  6]  21.00-22.00  sec  2.83 KBytes  23.2 Kbits/sec  534.545 ms  -2/0 (0%)  
[  6]  22.00-23.00  sec  1.41 KBytes  11.6 Kbits/sec  559.906 ms  0/1 (0%)  
[  6]  23.00-24.00  sec  0.00 Bytes  0.00 bits/sec  559.906 ms  0/0 (0%)  
[  6]  24.00-25.00  sec  1.41 KBytes  11.6 Kbits/sec  583.280 ms  0/1 (0%)  
[  6]  25.00-26.00  sec  1.41 KBytes  11.6 Kbits/sec  549.425 ms  0/1 (0%)  
[  6]  26.00-27.00  sec  1.41 KBytes  11.6 Kbits/sec  518.637 ms  0/1 (0%)  
[  6]  27.00-28.00  sec  1.41 KBytes  11.6 Kbits/sec  489.802 ms  0/1 (0%)  
[  6]  28.00-29.00  sec  1.41 KBytes  11.6 Kbits/sec  461.798 ms  0/1 (0%)  
[  6]  29.00-30.00  sec  1.41 KBytes  11.6 Kbits/sec  436.050 ms  0/1 (0%)  
- - - - - - - - - - - - - - - - - - - - - - - - -
[ ID] Interval           Transfer     Bitrate         Jitter    Lost/Total Datagrams
[SUM]  0.0-30.0 sec  2 datagrams received out-of-order
[  6]   0.00-30.00  sec  41.0 KBytes  11.2 Kbits/sec  436.050 ms  0/29 (0%)  receiver
