-----------------------------------------------------------
Server listening on 6012 (test #1)
-----------------------------------------------------------
Accepted connection from 10.0.0.6, port 45556
[  6] local 10.0.0.12 port 6012 connected to 10.0.0.6 port 59148
[ ID] Interval           Transfer     Bitrate         Jitter    Lost/Total Datagrams
[  6]   0.00-1.00   sec   137 KBytes  1.12 Mbits/sec  7.743 ms  0/97 (0%)  
[  6]   1.00-2.00   sec   151 KBytes  1.24 Mbits/sec  7.863 ms  0/107 (0%)  
[  6]   2.00-3.00   sec  76.4 KBytes   625 Kbits/sec  8.013 ms  0/54 (0%)  
[  6]   3.00-4.00   sec  60.8 KBytes   498 Kbits/sec  17.196 ms  0/43 (0%)  
[  6]   4.00-5.00   sec   102 KBytes   835 Kbits/sec  7.777 ms  0/72 (0%)  
[  6]   5.00-6.00   sec  0.00 Bytes  0.00 bits/sec  7.777 ms  0/0 (0%)  
[  6]   6.00-7.00   sec   163 KBytes  1.33 Mbits/sec  7.838 ms  0/115 (0%)  
[  6]   7.00-8.00   sec  12.7 KBytes   104 Kbits/sec  139.199 ms  0/9 (0%)  
[  6]   8.00-9.00   sec   150 KBytes  1.23 Mbits/sec  7.827 ms  0/106 (0%)  
[  6]   9.00-10.00  sec  39.6 KBytes   325 Kbits/sec  40.010 ms  0/28 (0%)  
[  6]  10.00-11.00  sec   123 KBytes  1.01 Mbits/sec  7.801 ms  0/87 (0%)  
[  6]  11.00-12.00  sec  0.00 Bytes  0.00 bits/sec  7.801 ms  0/0 (0%)  
[  6]  12.00-13.00  sec   146 KBytes  1.19 Mbits/sec  7.991 ms  0/103 (0%)  
[  6]  13.00-14.00  sec  17.0 KBytes   139 Kbits/sec  7.827 ms  0/12 (0%)  
[  6]  14.00-15.00  sec  0.00 Bytes  0.00 bits/sec  7.827 ms  0/0 (0%)  
[  6]  15.00-16.00  sec  79.2 KBytes   649 Kbits/sec  16.746 ms  0/56 (0%)  
[  6]  16.00-17.00  sec  83.4 KBytes   683 Kbits/sec  7.891 ms  0/59 (0%)  
[  6]  17.00-18.00  sec  0.00 Bytes  0.00 bits/sec  7.891 ms  0/0 (0%)  
[  6]  18.00-19.00  sec   136 KBytes  1.11 Mbits/sec  3059.004 ms  67/163 (41%)  
[  6]  19.00-20.00  sec   272 KBytes  2.22 Mbits/sec  85.792 ms  -67/125 (-54%)  
[  6]  20.00-21.00  sec  83.4 KBytes   683 Kbits/sec  9.424 ms  0/59 (0%)  
[  6]  21.00-22.00  sec   113 KBytes   927 Kbits/sec  8.249 ms  0/80 (0%)  
[  6]  22.00-23.00  sec  49.5 KBytes   405 Kbits/sec  7.746 ms  0/35 (0%)  
[  6]  23.00-24.00  sec  0.00 Bytes  0.00 bits/sec  7.746 ms  0/0 (0%)  
[  6]  24.00-25.00  sec   144 KBytes  1.18 Mbits/sec  8.046 ms  0/102 (0%)  
[  6]  25.00-26.00  sec  18.4 KBytes   151 Kbits/sec  7.841 ms  0/13 (0%)  
[  6]  26.00-27.00  sec  0.00 Bytes  0.00 bits/sec  7.841 ms  0/0 (0%)  
[  6]  27.00-28.00  sec   156 KBytes  1.27 Mbits/sec  7.963 ms  0/110 (0%)  
[  6]  28.00-29.00  sec  7.07 KBytes  57.9 Kbits/sec  7.886 ms  0/5 (0%)  
[  6]  29.00-30.00  sec  0.00 Bytes  0.00 bits/sec  7.886 ms  0/0 (0%)  
- - - - - - - - - - - - - - - - - - - - - - - - -
[ ID] Interval           Transfer     Bitrate         Jitter    Lost/Total Datagrams
[SUM]  0.0-30.0 sec  114 datagrams received out-of-order
[  6]   0.00-30.00  sec  2.26 MBytes   633 Kbits/sec  7.886 ms  0/1640 (0%)  receiver
