-----------------------------------------------------------
Server listening on 6017 (test #1)
-----------------------------------------------------------
Accepted connection from 10.0.0.6, port 41010
[  6] local 10.0.0.17 port 6017 connected to 10.0.0.6 port 44036
[ ID] Interval           Transfer     Bitrate         Jitter    Lost/Total Datagrams
[  6]   0.00-1.00   sec  0.00 Bytes  0.00 bits/sec  0.000 ms  0/0 (0%)  
[  6]   1.00-2.00   sec  1.41 KBytes  11.6 Kbits/sec  0.000 ms  0/1 (0%)  
[  6]   2.00-3.00   sec  46.7 KBytes   382 Kbits/sec  11.131 ms  0/33 (0%)  
[  6]   3.00-4.00   sec  58.0 KBytes   475 Kbits/sec  5.098 ms  0/41 (0%)  
[  6]   4.00-5.00   sec   103 KBytes   846 Kbits/sec  5.839 ms  0/73 (0%)  
[  6]   5.00-6.00   sec  46.7 KBytes   382 Kbits/sec  11.880 ms  0/33 (0%)  
[  6]   6.00-7.00   sec   122 KBytes   997 Kbits/sec  4.855 ms  0/86 (0%)  
[  6]   7.00-8.00   sec  50.9 KBytes   417 Kbits/sec  10.486 ms  0/36 (0%)  
[  6]   8.00-9.00   sec  26.9 KBytes   220 Kbits/sec  74.108 ms  0/19 (0%)  
[  6]   9.00-10.00  sec   136 KBytes  1.11 Mbits/sec  7.820 ms  0/96 (0%)  
[  6]  10.00-11.00  sec  0.00 Bytes  0.00 bits/sec  7.820 ms  0/0 (0%)  
[  6]  11.00-12.00  sec  69.3 KBytes   568 Kbits/sec  21.361 ms  0/49 (0%)  
[  6]  12.00-13.00  sec  93.3 KBytes   765 Kbits/sec  7.878 ms  0/66 (0%)  
[  6]  13.00-14.00  sec  91.9 KBytes   753 Kbits/sec  11.636 ms  0/65 (0%)  
[  6]  14.00-15.00  sec  70.7 KBytes   579 Kbits/sec  7.891 ms  0/50 (0%)  
[  6]  15.00-16.00  sec  0.00 Bytes  0.00 bits/sec  7.891 ms  0/0 (0%)  
[  6]  16.00-17.00  sec   116 KBytes   950 Kbits/sec  9.372 ms  0/82 (0%)  
[  6]  17.00-18.00  sec  46.7 KBytes   382 Kbits/sec  8.372 ms  0/33 (0%)  
[  6]  18.00-19.00  sec  0.00 Bytes  0.00 bits/sec  8.372 ms  0/0 (0%)  
[  6]  19.00-20.00  sec   113 KBytes   927 Kbits/sec  10.172 ms  0/80 (0%)  
[  6]  20.00-21.00  sec  49.5 KBytes   405 Kbits/sec  8.423 ms  0/35 (0%)  
[  6]  21.00-22.00  sec  0.00 Bytes  0.00 bits/sec  8.423 ms  0/0 (0%)  
[  6]  22.00-23.00  sec   139 KBytes  1.14 Mbits/sec  8.305 ms  0/98 (0%)  
[  6]  23.00-24.00  sec   133 KBytes  1.09 Mbits/sec  9.243 ms  0/94 (0%)  
[  6]  24.00-25.00  sec   182 KBytes  1.49 Mbits/sec  7.923 ms  0/129 (0%)  
[  6]  25.00-26.00  sec   184 KBytes  1.51 Mbits/sec  7.756 ms  0/130 (0%)  
[  6]  26.00-27.00  sec   184 KBytes  1.51 Mbits/sec  49.839 ms  0/130 (0%)  
[  6]  27.00-28.00  sec   184 KBytes  1.51 Mbits/sec  23.636 ms  0/130 (0%)  
[  6]  28.00-29.00  sec   184 KBytes  1.51 Mbits/sec  13.748 ms  0/130 (0%)  
[  6]  29.00-30.00  sec   184 KBytes  1.51 Mbits/sec  9.986 ms  0/130 (0%)  
- - - - - - - - - - - - - - - - - - - - - - - - -
[ ID] Interval           Transfer     Bitrate         Jitter    Lost/Total Datagrams
[  6]   0.00-30.00  sec  2.55 MBytes   714 Kbits/sec  9.986 ms  0/1849 (0%)  receiver
