-----------------------------------------------------------
Server listening on 7014 (test #1)
-----------------------------------------------------------
Accepted connection from 10.0.0.7, port 57664
[  6] local 10.0.0.14 port 7014 connected to 10.0.0.7 port 45322
[ ID] Interval           Transfer     Bitrate         Jitter    Lost/Total Datagrams
[  6]   0.00-1.00   sec  8.48 KBytes  69.4 Kbits/sec  0.009 ms  0/6 (0%)  
[  6]   1.00-2.00   sec  8.48 KBytes  69.5 Kbits/sec  0.021 ms  0/6 (0%)  
[  6]   2.00-3.00   sec  7.07 KBytes  57.9 Kbits/sec  0.029 ms  0/5 (0%)  
[  6]   3.00-4.00   sec  8.48 KBytes  69.5 Kbits/sec  0.038 ms  0/6 (0%)  
[  6]   4.00-5.00   sec  8.48 KBytes  69.5 Kbits/sec  0.045 ms  0/6 (0%)  
[  6]   5.00-6.00   sec  7.07 KBytes  58.0 Kbits/sec  0.046 ms  0/5 (0%)  
[  6]   6.00-7.00   sec  8.48 KBytes  69.5 Kbits/sec  0.043 ms  0/6 (0%)  
[  6]   7.00-8.00   sec  8.48 KBytes  69.4 Kbits/sec  0.035 ms  0/6 (0%)  
[  6]   8.00-9.00   sec  7.07 KBytes  58.0 Kbits/sec  0.026 ms  0/5 (0%)  
[  6]   9.00-10.00  sec  8.48 KBytes  69.4 Kbits/sec  0.025 ms  0/6 (0%)  
[  6]  10.00-11.00  sec  8.48 KBytes  69.5 Kbits/sec  0.027 ms  0/6 (0%)  
[  6]  11.00-12.00  sec  7.07 KBytes  57.9 Kbits/sec  0.034 ms  0/5 (0%)  
[  6]  12.00-13.00  sec  8.48 KBytes  69.5 Kbits/sec  0.027 ms  0/6 (0%)  
[  6]  13.00-14.00  sec  8.48 KBytes  69.5 Kbits/sec  0.027 ms  0/6 (0%)  
[  6]  14.00-15.00  sec  7.07 KBytes  57.9 Kbits/sec  0.023 ms  0/5 (0%)  
[  6]  15.00-16.00  sec  8.48 KBytes  69.5 Kbits/sec  0.020 ms  0/6 (0%)  
[  6]  16.00-17.00  sec  7.07 KBytes  57.9 Kbits/sec  0.024 ms  0/5 (0%)  
[  6]  17.00-18.00  sec  8.48 KBytes  69.5 Kbits/sec  0.025 ms  0/6 (0%)  
[  6]  18.00-19.00  sec  8.48 KBytes  69.5 Kbits/sec  0.023 ms  0/6 (0%)  
[  6]  19.00-20.00  sec  7.07 KBytes  57.9 Kbits/sec  0.017 ms  0/5 (0%)  
[  6]  20.00-21.00  sec  8.48 KBytes  69.5 Kbits/sec  0.017 ms  0/6 (0%)  
[  6]  21.00-22.00  sec  8.48 KBytes  69.5 Kbits/sec  0.017 ms  0/6 (0%)  
[  6]  22.00-23.00  sec  7.07 KBytes  57.9 Kbits/sec  0.029 ms  0/5 (0%)  
[  6]  23.00-24.00  sec  8.48 KBytes  69.5 Kbits/sec  0.033 ms  0/6 (0%)  
[  6]  24.00-25.00  sec  8.48 KBytes  69.5 Kbits/sec  0.036 ms  0/6 (0%)  
[  6]  25.00-26.00  sec  7.07 KBytes  57.9 Kbits/sec  0.038 ms  0/5 (0%)  
[  6]  26.00-27.00  sec  8.48 KBytes  69.5 Kbits/sec  0.036 ms  0/6 (0%)  
[  6]  27.00-28.00  sec  8.48 KBytes  69.5 Kbits/sec  0.031 ms  0/6 (0%)  
[  6]  28.00-29.00  sec  7.07 KBytes  57.9 Kbits/sec  0.027 ms  0/5 (0%)  
[  6]  29.00-30.00  sec  8.48 KBytes  69.5 Kbits/sec  0.020 ms  0/6 (0%)  
[  6]  30.00-31.00  sec  0.00 Bytes  0.00 bits/sec  0.020 ms  0/0 (0%)  
[  6]  31.00-32.00  sec  0.00 Bytes  0.00 bits/sec  0.020 ms  0/0 (0%)  
[  6]  32.00-33.00  sec  0.00 Bytes  0.00 bits/sec  0.020 ms  0/0 (0%)  
[  6]  33.00-34.00  sec  0.00 Bytes  0.00 bits/sec  0.020 ms  0/0 (0%)  
[  6]  34.00-35.00  sec  0.00 Bytes  0.00 bits/sec  0.020 ms  0/0 (0%)  
[  6]  35.00-36.00  sec  0.00 Bytes  0.00 bits/sec  0.020 ms  0/0 (0%)  
[  6]  36.00-36.76  sec  0.00 Bytes  0.00 bits/sec  0.020 ms  0/0 (0%)  
- - - - - - - - - - - - - - - - - - - - - - - - -
[ ID] Interval           Transfer     Bitrate         Jitter    Lost/Total Datagrams
[  6]   0.00-36.76  sec   240 KBytes  53.6 Kbits/sec  0.020 ms  0/170 (0%)  receiver
