-----------------------------------------------------------
Server listening on 7015 (test #1)
-----------------------------------------------------------
Accepted connection from 10.0.0.7, port 55788
[  6] local 10.0.0.15 port 7015 connected to 10.0.0.7 port 56859
[ ID] Interval           Transfer     Bitrate         Jitter    Lost/Total Datagrams
[  6]   0.00-1.00   sec  41.0 KBytes   336 Kbits/sec  0.033 ms  0/29 (0%)  
[  6]   1.00-2.00   sec  39.6 KBytes   324 Kbits/sec  0.045 ms  0/28 (0%)  
[  6]   2.00-3.00   sec  41.0 KBytes   336 Kbits/sec  0.120 ms  0/29 (0%)  
[  6]   3.00-4.00   sec  39.6 KBytes   324 Kbits/sec  0.270 ms  0/28 (0%)  
[  6]   4.00-5.00   sec  39.6 KBytes   324 Kbits/sec  0.840 ms  0/28 (0%)  
[  6]   5.00-6.00   sec  38.2 KBytes   313 Kbits/sec  1.349 ms  0/27 (0%)  
[  6]   6.00-7.00   sec  39.6 KBytes   324 Kbits/sec  0.496 ms  0/28 (0%)  
[  6]   7.00-8.00   sec  39.6 KBytes   324 Kbits/sec  1.038 ms  0/28 (0%)  
[  6]   8.00-9.00   sec  38.2 KBytes   313 Kbits/sec  1.548 ms  0/27 (0%)  
[  6]   9.00-10.00  sec  39.6 KBytes   324 Kbits/sec  0.620 ms  0/28 (0%)  
[  6]  10.00-11.00  sec  46.7 KBytes   382 Kbits/sec  16.406 ms  0/33 (0%)  
[  6]  11.00-12.00  sec  39.6 KBytes   324 Kbits/sec  2.714 ms  0/28 (0%)  
[  6]  12.00-13.00  sec  41.0 KBytes   336 Kbits/sec  0.429 ms  0/29 (0%)  
[  6]  13.00-14.00  sec  39.6 KBytes   324 Kbits/sec  0.100 ms  0/28 (0%)  
[  6]  14.00-15.00  sec  39.6 KBytes   324 Kbits/sec  0.038 ms  0/28 (0%)  
[  6]  15.00-16.00  sec  41.0 KBytes   336 Kbits/sec  0.040 ms  0/29 (0%)  
[  6]  16.00-17.00  sec  39.6 KBytes   324 Kbits/sec  0.028 ms  0/28 (0%)  
[  6]  17.00-18.00  sec  41.0 KBytes   336 Kbits/sec  0.031 ms  0/29 (0%)  
[  6]  18.00-19.00  sec  39.6 KBytes   324 Kbits/sec  0.009 ms  0/28 (0%)  
[  6]  19.00-20.00  sec  39.6 KBytes   324 Kbits/sec  0.006 ms  0/28 (0%)  
[  6]  20.00-21.00  sec  41.0 KBytes   336 Kbits/sec  0.018 ms  0/29 (0%)  
[  6]  21.00-22.00  sec  39.6 KBytes   324 Kbits/sec  0.016 ms  0/28 (0%)  
[  6]  22.00-23.00  sec  39.6 KBytes   324 Kbits/sec  0.123 ms  0/28 (0%)  
[  6]  23.00-24.00  sec  41.0 KBytes   336 Kbits/sec  0.407 ms  0/29 (0%)  
[  6]  24.00-25.00  sec  39.6 KBytes   324 Kbits/sec  0.225 ms  0/28 (0%)  
[  6]  25.00-26.00  sec  41.0 KBytes   336 Kbits/sec  0.398 ms  0/29 (0%)  
[  6]  26.00-27.00  sec  39.6 KBytes   324 Kbits/sec  0.435 ms  0/28 (0%)  
[  6]  27.00-28.00  sec  39.6 KBytes   324 Kbits/sec  0.267 ms  0/28 (0%)  
[  6]  28.00-29.00  sec  41.0 KBytes   336 Kbits/sec  0.354 ms  0/29 (0%)  
[  6]  29.00-30.00  sec  39.6 KBytes   324 Kbits/sec  0.133 ms  0/28 (0%)  
- - - - - - - - - - - - - - - - - - - - - - - - -
[ ID] Interval           Transfer     Bitrate         Jitter    Lost/Total Datagrams
[SUM]  0.0-30.0 sec  4 datagrams received out-of-order
[  6]   0.00-30.00  sec  1.18 MBytes   329 Kbits/sec  0.133 ms  0/852 (0%)  receiver
