-----------------------------------------------------------
Server listening on 7016 (test #1)
-----------------------------------------------------------
Accepted connection from 10.0.0.7, port 50312
[  6] local 10.0.0.16 port 7016 connected to 10.0.0.7 port 57267
[ ID] Interval           Transfer     Bitrate         Jitter    Lost/Total Datagrams
[  6]   0.00-1.00   sec  36.8 KBytes   301 Kbits/sec  0.093 ms  0/26 (0%)  
[  6]   1.00-2.00   sec  46.7 KBytes   382 Kbits/sec  0.154 ms  0/33 (0%)  
[  6]   2.00-3.00   sec  48.1 KBytes   394 Kbits/sec  0.306 ms  0/34 (0%)  
[  6]   3.00-4.00   sec  48.1 KBytes   394 Kbits/sec  0.686 ms  0/34 (0%)  
[  6]   4.00-5.00   sec  45.2 KBytes   371 Kbits/sec  1.208 ms  0/32 (0%)  
[  6]   5.00-6.00   sec  48.1 KBytes   394 Kbits/sec  0.653 ms  0/34 (0%)  
[  6]   6.00-7.00   sec  46.7 KBytes   382 Kbits/sec  0.843 ms  0/33 (0%)  
[  6]   7.00-8.00   sec  45.2 KBytes   371 Kbits/sec  1.434 ms  0/32 (0%)  
[  6]   8.00-9.00   sec  48.1 KBytes   394 Kbits/sec  0.569 ms  0/34 (0%)  
[  6]   9.00-10.00  sec  55.1 KBytes   451 Kbits/sec  16.442 ms  0/39 (0%)  
[  6]  10.00-11.00  sec  48.1 KBytes   394 Kbits/sec  1.852 ms  0/34 (0%)  
[  6]  11.00-12.00  sec  48.1 KBytes   394 Kbits/sec  0.219 ms  0/34 (0%)  
[  6]  12.00-13.00  sec  48.1 KBytes   394 Kbits/sec  0.040 ms  0/34 (0%)  
[  6]  13.00-14.00  sec  46.7 KBytes   382 Kbits/sec  0.034 ms  0/33 (0%)  
[  6]  14.00-15.00  sec  48.1 KBytes   394 Kbits/sec  0.025 ms  0/34 (0%)  
[  6]  15.00-16.00  sec  48.1 KBytes   394 Kbits/sec  0.035 ms  0/34 (0%)  
[  6]  16.00-17.00  sec  48.1 KBytes   394 Kbits/sec  0.031 ms  0/34 (0%)  
[  6]  17.00-18.00  sec  48.1 KBytes   394 Kbits/sec  0.014 ms  0/34 (0%)  
[  6]  18.00-19.00  sec  48.1 KBytes   394 Kbits/sec  0.010 ms  0/34 (0%)  
[  6]  19.00-20.00  sec  48.1 KBytes   394 Kbits/sec  0.020 ms  0/34 (0%)  
[  6]  20.00-21.00  sec  48.1 KBytes   394 Kbits/sec  0.014 ms  0/34 (0%)  
[  6]  21.00-22.00  sec  48.1 KBytes   394 Kbits/sec  0.010 ms  0/34 (0%)  
[  6]  22.00-23.00  sec  48.1 KBytes   394 Kbits/sec  0.021 ms  0/34 (0%)  
[  6]  23.00-24.00  sec  48.1 KBytes   394 Kbits/sec  0.034 ms  0/34 (0%)  
[  6]  24.00-25.00  sec  46.7 KBytes   382 Kbits/sec  0.019 ms  0/33 (0%)  
[  6]  25.00-26.00  sec  48.1 KBytes   394 Kbits/sec  0.013 ms  0/34 (0%)  
[  6]  26.00-27.00  sec  48.1 KBytes   394 Kbits/sec  0.013 ms  0/34 (0%)  
[  6]  27.00-28.00  sec  48.1 KBytes   394 Kbits/sec  0.005 ms  0/34 (0%)  
[  6]  28.00-29.00  sec  48.1 KBytes   394 Kbits/sec  0.013 ms  0/34 (0%)  
[  6]  29.00-30.00  sec  48.1 KBytes   394 Kbits/sec  0.009 ms  0/34 (0%)  
[  6]  30.00-30.33  sec  12.7 KBytes   315 Kbits/sec  0.007 ms  0/9 (0%)  
- - - - - - - - - - - - - - - - - - - - - - - - -
[ ID] Interval           Transfer     Bitrate         Jitter    Lost/Total Datagrams
[SUM]  0.0-30.3 sec  4 datagrams received out-of-order
[  6]   0.00-30.33  sec  1.41 MBytes   389 Kbits/sec  0.007 ms  0/1018 (0%)  receiver
