-----------------------------------------------------------
Server listening on 7017 (test #1)
-----------------------------------------------------------
Accepted connection from 10.0.0.7, port 45430
[  6] local 10.0.0.17 port 7017 connected to 10.0.0.7 port 52594
[ ID] Interval           Transfer     Bitrate         Jitter    Lost/Total Datagrams
[  6]   0.00-1.00   sec  1.94 MBytes  16.3 Mbits/sec  0.004 ms  0/1408 (0%)  
[  6]   1.00-2.00   sec  1.94 MBytes  16.3 Mbits/sec  0.035 ms  0/1405 (0%)  
[  6]   2.00-3.00   sec  1.94 MBytes  16.3 Mbits/sec  0.245 ms  0/1405 (0%)  
[  6]   3.00-4.00   sec  1.94 MBytes  16.3 Mbits/sec  0.288 ms  0/1405 (0%)  
[  6]   4.00-5.00   sec  1.84 MBytes  15.5 Mbits/sec  0.269 ms  0/1336 (0%)  
[  6]   5.00-6.00   sec  1.92 MBytes  16.1 Mbits/sec  0.251 ms  0/1393 (0%)  
[  6]   6.00-7.00   sec  1.92 MBytes  16.1 Mbits/sec  0.309 ms  0/1392 (0%)  
[  6]   7.00-8.00   sec  1.82 MBytes  15.3 Mbits/sec  0.244 ms  0/1320 (0%)  
[  6]   8.00-9.00   sec  1.93 MBytes  16.1 Mbits/sec  0.243 ms  0/1394 (0%)  
[  6]   9.00-10.00  sec  2.21 MBytes  18.6 Mbits/sec  0.001 ms  0/1602 (0%)  
[  6]  10.00-11.00  sec  1.94 MBytes  16.3 Mbits/sec  0.004 ms  0/1407 (0%)  
[  6]  11.00-12.00  sec  1.94 MBytes  16.3 Mbits/sec  0.002 ms  0/1405 (0%)  
[  6]  12.00-13.00  sec  1.94 MBytes  16.3 Mbits/sec  0.001 ms  0/1406 (0%)  
[  6]  13.00-14.00  sec  1.94 MBytes  16.3 Mbits/sec  0.006 ms  0/1407 (0%)  
[  6]  14.00-15.00  sec  1.94 MBytes  16.3 Mbits/sec  0.001 ms  0/1406 (0%)  
[  6]  15.00-16.00  sec  1.94 MBytes  16.3 Mbits/sec  0.002 ms  0/1405 (0%)  
[  6]  16.00-17.00  sec  1.94 MBytes  16.3 Mbits/sec  0.002 ms  0/1407 (0%)  
[  6]  17.00-18.00  sec  1.94 MBytes  16.3 Mbits/sec  0.001 ms  0/1406 (0%)  
[  6]  18.00-19.00  sec  1.94 MBytes  16.3 Mbits/sec  0.001 ms  0/1406 (0%)  
[  6]  19.00-20.00  sec  1.94 MBytes  16.3 Mbits/sec  0.002 ms  0/1406 (0%)  
[  6]  20.00-21.00  sec  1.94 MBytes  16.3 Mbits/sec  0.001 ms  0/1405 (0%)  
[  6]  21.00-22.00  sec  1.94 MBytes  16.3 Mbits/sec  0.003 ms  0/1405 (0%)  
[  6]  22.00-23.00  sec  1.94 MBytes  16.3 Mbits/sec  0.005 ms  0/1407 (0%)  
[  6]  23.00-24.00  sec  1.94 MBytes  16.3 Mbits/sec  0.029 ms  0/1406 (0%)  
[  6]  24.00-25.00  sec  1.94 MBytes  16.3 Mbits/sec  0.008 ms  0/1405 (0%)  
[  6]  25.00-26.00  sec  1.94 MBytes  16.3 Mbits/sec  0.010 ms  0/1406 (0%)  
[  6]  26.00-27.00  sec  1.94 MBytes  16.3 Mbits/sec  0.002 ms  0/1406 (0%)  
[  6]  27.00-28.00  sec  1.94 MBytes  16.3 Mbits/sec  0.000 ms  0/1407 (0%)  
[  6]  28.00-29.00  sec  1.94 MBytes  16.3 Mbits/sec  0.005 ms  0/1406 (0%)  
[  6]  29.00-30.00  sec  1.94 MBytes  16.3 Mbits/sec  0.001 ms  0/1406 (0%)  
- - - - - - - - - - - - - - - - - - - - - - - - -
[ ID] Interval           Transfer     Bitrate         Jitter    Lost/Total Datagrams
[SUM]  0.0-30.0 sec  202 datagrams received out-of-order
[  6]   0.00-30.00  sec  58.2 MBytes  16.3 Mbits/sec  0.001 ms  0/42180 (0%)  receiver
