-----------------------------------------------------------
Server listening on 7002 (test #1)
-----------------------------------------------------------
Accepted connection from 10.0.0.7, port 58040
[  6] local 10.0.0.2 port 7002 connected to 10.0.0.7 port 59870
[ ID] Interval           Transfer     Bitrate         Jitter    Lost/Total Datagrams
[  6]   0.00-1.00   sec   786 KBytes  6.44 Mbits/sec  0.001 ms  0/556 (0%)  
[  6]   1.00-2.00   sec   785 KBytes  6.43 Mbits/sec  0.004 ms  0/555 (0%)  
[  6]   2.00-3.00   sec   785 KBytes  6.43 Mbits/sec  0.006 ms  0/555 (0%)  
[  6]   3.00-4.00   sec   785 KBytes  6.42 Mbits/sec  0.003 ms  0/555 (0%)  
[  6]   4.00-5.00   sec   785 KBytes  6.43 Mbits/sec  0.010 ms  0/555 (0%)  
[  6]   5.00-6.00   sec   785 KBytes  6.43 Mbits/sec  0.016 ms  0/555 (0%)  
[  6]   6.00-7.00   sec   785 KBytes  6.43 Mbits/sec  0.007 ms  0/555 (0%)  
[  6]   7.00-8.00   sec   786 KBytes  6.44 Mbits/sec  0.014 ms  0/556 (0%)  
[  6]   8.00-9.00   sec   785 KBytes  6.43 Mbits/sec  0.018 ms  0/555 (0%)  
[  6]   9.00-10.00  sec   783 KBytes  6.42 Mbits/sec  0.013 ms  0/554 (0%)  
[  6]  10.00-11.00  sec   786 KBytes  6.43 Mbits/sec  0.032 ms  0/556 (0%)  
[  6]  11.00-12.00  sec   785 KBytes  6.43 Mbits/sec  0.017 ms  0/555 (0%)  
[  6]  12.00-13.00  sec   783 KBytes  6.42 Mbits/sec  0.008 ms  0/554 (0%)  
[  6]  13.00-14.00  sec   786 KBytes  6.44 Mbits/sec  0.030 ms  0/556 (0%)  
[  6]  14.00-15.00  sec   785 KBytes  6.42 Mbits/sec  0.005 ms  0/555 (0%)  
[  6]  15.00-16.00  sec   785 KBytes  6.43 Mbits/sec  0.005 ms  0/555 (0%)  
[  6]  16.00-17.00  sec   785 KBytes  6.43 Mbits/sec  0.001 ms  0/555 (0%)  
[  6]  17.00-18.00  sec   785 KBytes  6.43 Mbits/sec  0.004 ms  0/555 (0%)  
[  6]  18.00-19.00  sec   785 KBytes  6.43 Mbits/sec  0.006 ms  0/555 (0%)  
[  6]  19.00-20.00  sec   785 KBytes  6.43 Mbits/sec  0.016 ms  0/555 (0%)  
[  6]  20.00-21.00  sec   785 KBytes  6.43 Mbits/sec  0.002 ms  0/555 (0%)  
[  6]  21.00-22.00  sec   785 KBytes  6.43 Mbits/sec  0.002 ms  0/555 (0%)  
[  6]  22.00-23.00  sec   785 KBytes  6.43 Mbits/sec  0.002 ms  0/555 (0%)  
[  6]  23.00-24.00  sec   785 KBytes  6.43 Mbits/sec  0.012 ms  0/555 (0%)  
[  6]  24.00-25.00  sec   786 KBytes  6.44 Mbits/sec  0.008 ms  0/556 (0%)  
[  6]  25.00-26.00  sec   785 KBytes  6.43 Mbits/sec  0.017 ms  0/555 (0%)  
[  6]  26.00-27.00  sec   783 KBytes  6.42 Mbits/sec  0.019 ms  0/554 (0%)  
[  6]  27.00-28.00  sec   786 KBytes  6.44 Mbits/sec  0.004 ms  0/556 (0%)  
[  6]  28.00-29.00  sec   785 KBytes  6.43 Mbits/sec  0.017 ms  0/555 (0%)  
[  6]  29.00-30.00  sec   785 KBytes  6.43 Mbits/sec  0.006 ms  0/555 (0%)  
- - - - - - - - - - - - - - - - - - - - - - - - -
[ ID] Interval           Transfer     Bitrate         Jitter    Lost/Total Datagrams
[  6]   0.00-30.00  sec  23.0 MBytes  6.43 Mbits/sec  0.006 ms  0/16653 (0%)  receiver
