-----------------------------------------------------------
Server listening on 7022 (test #1)
-----------------------------------------------------------
Accepted connection from 10.0.0.7, port 37916
[  6] local 10.0.0.22 port 7022 connected to 10.0.0.7 port 48193
[ ID] Interval           Transfer     Bitrate         Jitter    Lost/Total Datagrams
[  6]   0.00-1.00   sec   672 KBytes  5.50 Mbits/sec  0.192 ms  0/475 (0%)  
[  6]   1.00-2.00   sec   670 KBytes  5.49 Mbits/sec  0.306 ms  0/474 (0%)  
[  6]   2.00-3.00   sec   639 KBytes  5.24 Mbits/sec  0.266 ms  0/452 (0%)  
[  6]   3.00-4.00   sec   663 KBytes  5.44 Mbits/sec  0.358 ms  0/469 (0%)  
[  6]   4.00-5.00   sec   665 KBytes  5.44 Mbits/sec  0.333 ms  0/470 (0%)  
[  6]   5.00-6.00   sec   631 KBytes  5.16 Mbits/sec  0.283 ms  0/446 (0%)  
[  6]   6.00-7.00   sec   665 KBytes  5.44 Mbits/sec  0.266 ms  0/470 (0%)  
[  6]   7.00-8.00   sec   765 KBytes  6.27 Mbits/sec  0.013 ms  0/541 (0%)  
[  6]   8.00-9.00   sec   672 KBytes  5.50 Mbits/sec  0.008 ms  0/475 (0%)  
[  6]   9.00-10.00  sec   670 KBytes  5.49 Mbits/sec  0.010 ms  0/474 (0%)  
[  6]  10.00-11.00  sec   672 KBytes  5.50 Mbits/sec  0.006 ms  0/475 (0%)  
[  6]  11.00-12.00  sec   670 KBytes  5.50 Mbits/sec  0.019 ms  0/474 (0%)  
[  6]  12.00-13.00  sec   672 KBytes  5.50 Mbits/sec  0.002 ms  0/475 (0%)  
[  6]  13.00-14.00  sec   672 KBytes  5.50 Mbits/sec  0.005 ms  0/475 (0%)  
[  6]  14.00-15.00  sec   670 KBytes  5.49 Mbits/sec  0.012 ms  0/474 (0%)  
[  6]  15.00-16.00  sec   670 KBytes  5.49 Mbits/sec  0.009 ms  0/474 (0%)  
[  6]  16.00-17.00  sec   672 KBytes  5.50 Mbits/sec  0.002 ms  0/475 (0%)  
[  6]  17.00-18.00  sec   672 KBytes  5.50 Mbits/sec  0.007 ms  0/475 (0%)  
[  6]  18.00-19.00  sec   670 KBytes  5.49 Mbits/sec  0.002 ms  0/474 (0%)  
[  6]  19.00-20.00  sec   672 KBytes  5.50 Mbits/sec  0.010 ms  0/475 (0%)  
[  6]  20.00-21.00  sec   670 KBytes  5.50 Mbits/sec  0.194 ms  0/474 (0%)  
[  6]  21.00-22.00  sec   672 KBytes  5.50 Mbits/sec  0.066 ms  0/475 (0%)  
[  6]  22.00-23.00  sec   670 KBytes  5.49 Mbits/sec  0.049 ms  0/474 (0%)  
[  6]  23.00-24.00  sec   672 KBytes  5.50 Mbits/sec  0.070 ms  0/475 (0%)  
[  6]  24.00-25.00  sec   672 KBytes  5.50 Mbits/sec  0.112 ms  0/475 (0%)  
[  6]  25.00-26.00  sec   670 KBytes  5.49 Mbits/sec  0.072 ms  0/474 (0%)  
[  6]  26.00-27.00  sec   672 KBytes  5.50 Mbits/sec  0.016 ms  0/475 (0%)  
[  6]  27.00-28.00  sec   670 KBytes  5.49 Mbits/sec  0.057 ms  0/474 (0%)  
[  6]  28.00-29.00  sec   672 KBytes  5.50 Mbits/sec  0.033 ms  0/475 (0%)  
[  6]  29.00-30.00  sec   670 KBytes  5.49 Mbits/sec  0.056 ms  0/474 (0%)  
- - - - - - - - - - - - - - - - - - - - - - - - -
[ ID] Interval           Transfer     Bitrate         Jitter    Lost/Total Datagrams
[SUM]  0.0-30.0 sec  67 datagrams received out-of-order
[  6]   0.00-30.00  sec  19.7 MBytes  5.50 Mbits/sec  0.056 ms  0/14237 (0%)  receiver
