-----------------------------------------------------------
Server listening on 7005 (test #1)
-----------------------------------------------------------
Accepted connection from 10.0.0.7, port 37746
[  6] local 10.0.0.5 port 7005 connected to 10.0.0.7 port 59868
[ ID] Interval           Transfer     Bitrate         Jitter    Lost/Total Datagrams
[  6]   0.00-1.00   sec  63.6 KBytes   521 Kbits/sec  0.013 ms  0/45 (0%)  
[  6]   1.00-2.00   sec   102 KBytes   834 Kbits/sec  0.047 ms  0/72 (0%)  
[  6]   2.00-3.00   sec   103 KBytes   846 Kbits/sec  0.054 ms  0/73 (0%)  
[  6]   3.00-4.00   sec   102 KBytes   834 Kbits/sec  0.083 ms  0/72 (0%)  
[  6]   4.00-5.00   sec   102 KBytes   834 Kbits/sec  0.336 ms  0/72 (0%)  
[  6]   5.00-6.00   sec   102 KBytes   834 Kbits/sec  0.371 ms  0/72 (0%)  
[  6]   6.00-7.00   sec  97.6 KBytes   799 Kbits/sec  0.829 ms  0/69 (0%)  
[  6]   7.00-8.00   sec   102 KBytes   834 Kbits/sec  0.579 ms  0/72 (0%)  
[  6]   8.00-9.00   sec   100 KBytes   822 Kbits/sec  0.486 ms  0/71 (0%)  
[  6]   9.00-10.00  sec  96.2 KBytes   788 Kbits/sec  0.896 ms  0/68 (0%)  
[  6]  10.00-11.00  sec   102 KBytes   834 Kbits/sec  0.475 ms  0/72 (0%)  
[  6]  11.00-12.00  sec   116 KBytes   950 Kbits/sec  11.181 ms  0/82 (0%)  
[  6]  12.00-13.00  sec   102 KBytes   834 Kbits/sec  0.126 ms  0/72 (0%)  
[  6]  13.00-14.00  sec   103 KBytes   845 Kbits/sec  0.010 ms  0/73 (0%)  
[  6]  14.00-15.00  sec   102 KBytes   834 Kbits/sec  0.020 ms  0/72 (0%)  
[  6]  15.00-16.00  sec   102 KBytes   834 Kbits/sec  0.033 ms  0/72 (0%)  
[  6]  16.00-17.00  sec   103 KBytes   846 Kbits/sec  0.010 ms  0/73 (0%)  
[  6]  17.00-18.00  sec   102 KBytes   834 Kbits/sec  0.025 ms  0/72 (0%)  
[  6]  18.00-19.00  sec   102 KBytes   834 Kbits/sec  0.020 ms  0/72 (0%)  
[  6]  19.00-20.00  sec   102 KBytes   834 Kbits/sec  0.008 ms  0/72 (0%)  
[  6]  20.00-21.00  sec   103 KBytes   846 Kbits/sec  0.007 ms  0/73 (0%)  
[  6]  21.00-22.00  sec   102 KBytes   834 Kbits/sec  0.030 ms  0/72 (0%)  
[  6]  22.00-23.00  sec   102 KBytes   834 Kbits/sec  0.009 ms  0/72 (0%)  
[  6]  23.00-24.00  sec   103 KBytes   846 Kbits/sec  0.017 ms  0/73 (0%)  
[  6]  24.00-25.00  sec   102 KBytes   834 Kbits/sec  0.016 ms  0/72 (0%)  
[  6]  25.00-26.00  sec   102 KBytes   834 Kbits/sec  0.015 ms  0/72 (0%)  
[  6]  26.00-27.00  sec   102 KBytes   834 Kbits/sec  0.007 ms  0/72 (0%)  
[  6]  27.00-28.00  sec   103 KBytes   846 Kbits/sec  0.018 ms  0/73 (0%)  
[  6]  28.00-29.00  sec   102 KBytes   834 Kbits/sec  0.016 ms  0/72 (0%)  
[  6]  29.00-30.00  sec   102 KBytes   834 Kbits/sec  0.007 ms  0/72 (0%)  
[  6]  30.00-30.39  sec  39.6 KBytes   839 Kbits/sec  0.004 ms  0/28 (0%)  
- - - - - - - - - - - - - - - - - - - - - - - - -
[ ID] Interval           Transfer     Bitrate         Jitter    Lost/Total Datagrams
[SUM]  0.0-30.4 sec  10 datagrams received out-of-order
[  6]   0.00-30.39  sec  3.00 MBytes   827 Kbits/sec  0.004 ms  0/2169 (0%)  receiver
