-----------------------------------------------------------
Server listening on 7006 (test #1)
-----------------------------------------------------------
Accepted connection from 10.0.0.7, port 37230
[  6] local 10.0.0.6 port 7006 connected to 10.0.0.7 port 38089
[ ID] Interval           Transfer     Bitrate         Jitter    Lost/Total Datagrams
[  6]   0.00-1.00   sec  0.00 Bytes  0.00 bits/sec  0.000 ms  0/0 (0%)  
[  6]   1.00-2.00   sec  0.00 Bytes  0.00 bits/sec  0.000 ms  0/0 (0%)  
[  6]   2.00-3.00   sec  0.00 Bytes  0.00 bits/sec  0.000 ms  0/0 (0%)  
[  6]   3.00-4.00   sec  2.83 KBytes  23.2 Kbits/sec  0.003 ms  0/2 (0%)  
[  6]   4.00-5.00   sec  5.66 KBytes  46.3 Kbits/sec  0.006 ms  0/4 (0%)  
[  6]   5.00-6.00   sec  5.66 KBytes  46.3 Kbits/sec  0.016 ms  0/4 (0%)  
[  6]   6.00-7.00   sec  5.66 KBytes  46.4 Kbits/sec  0.015 ms  0/4 (0%)  
[  6]   7.00-8.00   sec  5.66 KBytes  46.3 Kbits/sec  0.016 ms  0/4 (0%)  
[  6]   8.00-9.00   sec  5.66 KBytes  46.3 Kbits/sec  0.016 ms  0/4 (0%)  
[  6]   9.00-10.00  sec  5.66 KBytes  46.3 Kbits/sec  0.015 ms  0/4 (0%)  
[  6]  10.00-11.00  sec  5.66 KBytes  46.4 Kbits/sec  0.020 ms  0/4 (0%)  
[  6]  11.00-12.00  sec  5.66 KBytes  46.3 Kbits/sec  0.019 ms  0/4 (0%)  
[  6]  12.00-13.00  sec  5.66 KBytes  46.4 Kbits/sec  0.021 ms  0/4 (0%)  
[  6]  13.00-14.00  sec  5.66 KBytes  46.3 Kbits/sec  0.021 ms  0/4 (0%)  
[  6]  14.00-15.00  sec  5.66 KBytes  46.3 Kbits/sec  0.019 ms  0/4 (0%)  
[  6]  15.00-16.00  sec  5.66 KBytes  46.3 Kbits/sec  0.019 ms  0/4 (0%)  
[  6]  16.00-17.00  sec  5.66 KBytes  46.3 Kbits/sec  0.016 ms  0/4 (0%)  
[  6]  17.00-18.00  sec  7.07 KBytes  57.9 Kbits/sec  0.013 ms  0/5 (0%)  
[  6]  18.00-19.00  sec  5.66 KBytes  46.4 Kbits/sec  0.012 ms  0/4 (0%)  
[  6]  19.00-20.00  sec  5.66 KBytes  46.3 Kbits/sec  0.012 ms  0/4 (0%)  
[  6]  20.00-21.00  sec  5.66 KBytes  46.4 Kbits/sec  0.011 ms  0/4 (0%)  
[  6]  21.00-22.00  sec  5.66 KBytes  46.3 Kbits/sec  0.025 ms  0/4 (0%)  
[  6]  22.00-23.00  sec  5.66 KBytes  46.3 Kbits/sec  0.023 ms  0/4 (0%)  
[  6]  23.00-24.00  sec  5.66 KBytes  46.3 Kbits/sec  0.039 ms  0/4 (0%)  
[  6]  24.00-25.00  sec  5.66 KBytes  46.3 Kbits/sec  0.046 ms  0/4 (0%)  
[  6]  25.00-26.00  sec  5.66 KBytes  46.3 Kbits/sec  0.048 ms  0/4 (0%)  
[  6]  26.00-27.00  sec  5.66 KBytes  46.3 Kbits/sec  0.047 ms  0/4 (0%)  
[  6]  27.00-28.00  sec  5.66 KBytes  46.4 Kbits/sec  0.041 ms  0/4 (0%)  
[  6]  28.00-29.00  sec  5.66 KBytes  46.3 Kbits/sec  0.038 ms  0/4 (0%)  
[  6]  29.00-30.00  sec  5.66 KBytes  46.4 Kbits/sec  0.044 ms  0/4 (0%)  
[  6]  30.00-31.00  sec  5.66 KBytes  46.3 Kbits/sec  0.037 ms  0/4 (0%)  
[  6]  31.00-32.00  sec  5.66 KBytes  46.3 Kbits/sec  0.031 ms  0/4 (0%)  
[  6]  32.00-33.00  sec  5.66 KBytes  46.4 Kbits/sec  0.033 ms  0/4 (0%)  
[  6]  33.00-33.70  sec  4.24 KBytes  49.9 Kbits/sec  0.031 ms  0/3 (0%)  
- - - - - - - - - - - - - - - - - - - - - - - - -
[ ID] Interval           Transfer     Bitrate         Jitter    Lost/Total Datagrams
[  6]   0.00-33.70  sec   173 KBytes  41.9 Kbits/sec  0.031 ms  0/122 (0%)  receiver
