-----------------------------------------------------------
Server listening on 7008 (test #1)
-----------------------------------------------------------
Accepted connection from 10.0.0.7, port 53792
[  6] local 10.0.0.8 port 7008 connected to 10.0.0.7 port 42991
[ ID] Interval           Transfer     Bitrate         Jitter    Lost/Total Datagrams
[  6]   0.00-1.00   sec  43.8 KBytes   359 Kbits/sec  0.467 ms  0/31 (0%)  
[  6]   1.00-2.00   sec  74.9 KBytes   614 Kbits/sec  0.540 ms  0/53 (0%)  
[  6]   2.00-3.00   sec  72.1 KBytes   591 Kbits/sec  0.996 ms  0/51 (0%)  
[  6]   3.00-4.00   sec  70.7 KBytes   580 Kbits/sec  0.705 ms  0/50 (0%)  
[  6]   4.00-5.00   sec  73.5 KBytes   602 Kbits/sec  0.443 ms  0/52 (0%)  
[  6]   5.00-6.00   sec  86.3 KBytes   707 Kbits/sec  6.789 ms  0/61 (0%)  
[  6]   6.00-7.00   sec  73.5 KBytes   602 Kbits/sec  0.251 ms  0/52 (0%)  
[  6]   7.00-8.00   sec  74.9 KBytes   614 Kbits/sec  0.028 ms  0/53 (0%)  
[  6]   8.00-9.00   sec  74.9 KBytes   614 Kbits/sec  0.022 ms  0/53 (0%)  
[  6]   9.00-10.00  sec  73.5 KBytes   602 Kbits/sec  0.032 ms  0/52 (0%)  
[  6]  10.00-11.00  sec  74.9 KBytes   614 Kbits/sec  0.026 ms  0/53 (0%)  
[  6]  11.00-12.00  sec  74.9 KBytes   614 Kbits/sec  0.023 ms  0/53 (0%)  
[  6]  12.00-13.00  sec  73.5 KBytes   602 Kbits/sec  0.014 ms  0/52 (0%)  
[  6]  13.00-14.00  sec  74.9 KBytes   614 Kbits/sec  0.006 ms  0/53 (0%)  
[  6]  14.00-15.00  sec  74.9 KBytes   614 Kbits/sec  0.012 ms  0/53 (0%)  
[  6]  15.00-16.00  sec  73.5 KBytes   602 Kbits/sec  0.018 ms  0/52 (0%)  
[  6]  16.00-17.00  sec  74.9 KBytes   614 Kbits/sec  0.010 ms  0/53 (0%)  
[  6]  17.00-18.00  sec  74.9 KBytes   614 Kbits/sec  0.012 ms  0/53 (0%)  
[  6]  18.00-19.00  sec  73.5 KBytes   602 Kbits/sec  0.013 ms  0/52 (0%)  
[  6]  19.00-20.00  sec  74.9 KBytes   614 Kbits/sec  0.019 ms  0/53 (0%)  
[  6]  20.00-21.00  sec  74.9 KBytes   614 Kbits/sec  0.015 ms  0/53 (0%)  
[  6]  21.00-22.00  sec  73.5 KBytes   602 Kbits/sec  0.010 ms  0/52 (0%)  
[  6]  22.00-23.00  sec  74.9 KBytes   614 Kbits/sec  0.018 ms  0/53 (0%)  
[  6]  23.00-24.00  sec  74.9 KBytes   614 Kbits/sec  0.005 ms  0/53 (0%)  
[  6]  24.00-25.00  sec  74.9 KBytes   614 Kbits/sec  0.025 ms  0/53 (0%)  
[  6]  25.00-26.00  sec  73.5 KBytes   602 Kbits/sec  0.008 ms  0/52 (0%)  
[  6]  26.00-27.00  sec  74.9 KBytes   614 Kbits/sec  0.004 ms  0/53 (0%)  
[  6]  27.00-28.00  sec  74.9 KBytes   614 Kbits/sec  0.005 ms  0/53 (0%)  
[  6]  28.00-29.00  sec  73.5 KBytes   603 Kbits/sec  0.004 ms  0/52 (0%)  
[  6]  29.00-30.00  sec  74.9 KBytes   614 Kbits/sec  0.014 ms  0/53 (0%)  
[  6]  30.00-30.36  sec  26.9 KBytes   608 Kbits/sec  0.013 ms  0/19 (0%)  
- - - - - - - - - - - - - - - - - - - - - - - - -
[ ID] Interval           Transfer     Bitrate         Jitter    Lost/Total Datagrams
[SUM]  0.0-30.4 sec  7 datagrams received out-of-order
[  6]   0.00-30.36  sec  2.18 MBytes   603 Kbits/sec  0.013 ms  0/1581 (0%)  receiver
