-----------------------------------------------------------
Server listening on 7009 (test #1)
-----------------------------------------------------------
Accepted connection from 10.0.0.7, port 39088
[  6] local 10.0.0.9 port 7009 connected to 10.0.0.7 port 49239
[ ID] Interval           Transfer     Bitrate         Jitter    Lost/Total Datagrams
[  6]   0.00-1.00   sec  25.5 KBytes   208 Kbits/sec  0.012 ms  0/18 (0%)  
[  6]   1.00-2.00   sec  24.0 KBytes   197 Kbits/sec  0.013 ms  0/17 (0%)  
[  6]   2.00-3.00   sec  25.5 KBytes   208 Kbits/sec  0.045 ms  0/18 (0%)  
[  6]   3.00-4.00   sec  24.0 KBytes   197 Kbits/sec  0.045 ms  0/17 (0%)  
[  6]   4.00-5.00   sec  25.5 KBytes   209 Kbits/sec  0.064 ms  0/18 (0%)  
[  6]   5.00-6.00   sec  24.0 KBytes   197 Kbits/sec  0.227 ms  0/17 (0%)  
[  6]   6.00-7.00   sec  24.0 KBytes   197 Kbits/sec  0.902 ms  0/17 (0%)  
[  6]   7.00-8.00   sec  24.0 KBytes   197 Kbits/sec  1.816 ms  0/17 (0%)  
[  6]   8.00-9.00   sec  24.0 KBytes   197 Kbits/sec  1.082 ms  0/17 (0%)  
[  6]   9.00-10.00  sec  24.0 KBytes   197 Kbits/sec  1.383 ms  0/17 (0%)  
[  6]  10.00-11.00  sec  24.0 KBytes   197 Kbits/sec  2.255 ms  0/17 (0%)  
[  6]  11.00-12.00  sec  24.0 KBytes   197 Kbits/sec  1.122 ms  0/17 (0%)  
[  6]  12.00-13.00  sec  28.3 KBytes   232 Kbits/sec  18.669 ms  0/20 (0%)  
[  6]  13.00-14.00  sec  24.0 KBytes   197 Kbits/sec  6.251 ms  0/17 (0%)  
[  6]  14.00-15.00  sec  25.5 KBytes   208 Kbits/sec  1.963 ms  0/18 (0%)  
[  6]  15.00-16.00  sec  24.0 KBytes   197 Kbits/sec  0.670 ms  0/17 (0%)  
[  6]  16.00-17.00  sec  24.0 KBytes   197 Kbits/sec  0.252 ms  0/17 (0%)  
[  6]  17.00-18.00  sec  25.5 KBytes   209 Kbits/sec  0.106 ms  0/18 (0%)  
[  6]  18.00-19.00  sec  24.0 KBytes   197 Kbits/sec  0.061 ms  0/17 (0%)  
[  6]  19.00-20.00  sec  25.5 KBytes   209 Kbits/sec  0.059 ms  0/18 (0%)  
[  6]  20.00-21.00  sec  24.0 KBytes   197 Kbits/sec  0.029 ms  0/17 (0%)  
[  6]  21.00-22.00  sec  24.0 KBytes   197 Kbits/sec  0.026 ms  0/17 (0%)  
[  6]  22.00-23.00  sec  25.5 KBytes   208 Kbits/sec  0.030 ms  0/18 (0%)  
[  6]  23.00-24.00  sec  24.0 KBytes   197 Kbits/sec  0.032 ms  0/17 (0%)  
[  6]  24.00-25.00  sec  25.5 KBytes   209 Kbits/sec  0.036 ms  0/18 (0%)  
[  6]  25.00-26.00  sec  24.0 KBytes   197 Kbits/sec  0.025 ms  0/17 (0%)  
[  6]  26.00-27.00  sec  25.5 KBytes   208 Kbits/sec  0.037 ms  0/18 (0%)  
[  6]  27.00-28.00  sec  24.0 KBytes   197 Kbits/sec  0.030 ms  0/17 (0%)  
[  6]  28.00-29.00  sec  24.0 KBytes   197 Kbits/sec  0.034 ms  0/17 (0%)  
[  6]  29.00-30.00  sec  25.5 KBytes   209 Kbits/sec  0.029 ms  0/18 (0%)  
- - - - - - - - - - - - - - - - - - - - - - - - -
[ ID] Interval           Transfer     Bitrate         Jitter    Lost/Total Datagrams
[SUM]  0.0-30.0 sec  2 datagrams received out-of-order
[  6]   0.00-30.00  sec   740 KBytes   202 Kbits/sec  0.029 ms  0/523 (0%)  receiver
