-----------------------------------------------------------
Server listening on 8001 (test #1)
-----------------------------------------------------------
Accepted connection from 10.0.0.8, port 34808
[  6] local 10.0.0.1 port 8001 connected to 10.0.0.8 port 53233
[ ID] Interval           Transfer     Bitrate         Jitter    Lost/Total Datagrams
[  6]   0.00-1.00   sec  21.2 KBytes   174 Kbits/sec  9.335 ms  0/15 (0%)  
[  6]   1.00-2.00   sec  21.2 KBytes   174 Kbits/sec  11.157 ms  0/15 (0%)  
[  6]   2.00-3.00   sec  19.8 KBytes   162 Kbits/sec  14.486 ms  0/14 (0%)  
[  6]   3.00-4.00   sec  19.8 KBytes   162 Kbits/sec  18.309 ms  0/14 (0%)  
[  6]   4.00-5.00   sec  19.8 KBytes   162 Kbits/sec  17.515 ms  0/14 (0%)  
[  6]   5.00-6.00   sec  22.6 KBytes   185 Kbits/sec  18.179 ms  0/16 (0%)  
[  6]   6.00-7.00   sec  18.4 KBytes   150 Kbits/sec  19.018 ms  0/13 (0%)  
[  6]   7.00-8.00   sec  22.6 KBytes   185 Kbits/sec  15.657 ms  0/16 (0%)  
[  6]   8.00-9.00   sec  19.8 KBytes   162 Kbits/sec  18.765 ms  0/14 (0%)  
[  6]   9.00-10.00  sec  21.2 KBytes   174 Kbits/sec  23.477 ms  0/15 (0%)  
[  6]  10.00-11.00  sec  19.8 KBytes   162 Kbits/sec  16.424 ms  0/14 (0%)  
[  6]  11.00-12.00  sec  19.8 KBytes   162 Kbits/sec  16.514 ms  0/14 (0%)  
[  6]  12.00-13.00  sec  19.8 KBytes   162 Kbits/sec  18.485 ms  0/14 (0%)  
[  6]  13.00-14.00  sec  21.2 KBytes   174 Kbits/sec  21.115 ms  0/15 (0%)  
[  6]  14.00-15.00  sec  19.8 KBytes   162 Kbits/sec  20.861 ms  0/14 (0%)  
[  6]  15.00-16.00  sec  19.8 KBytes   162 Kbits/sec  18.861 ms  0/14 (0%)  
[  6]  16.00-17.00  sec  21.2 KBytes   174 Kbits/sec  18.463 ms  0/15 (0%)  
[  6]  17.00-18.00  sec  19.8 KBytes   162 Kbits/sec  24.520 ms  0/14 (0%)  
[  6]  18.00-19.00  sec  19.8 KBytes   162 Kbits/sec  20.174 ms  0/14 (0%)  
[  6]  19.00-20.00  sec  21.2 KBytes   174 Kbits/sec  19.866 ms  0/15 (0%)  
[  6]  20.00-21.00  sec  21.2 KBytes   174 Kbits/sec  19.369 ms  0/15 (0%)  
[  6]  21.00-22.00  sec  19.8 KBytes   162 Kbits/sec  17.583 ms  0/14 (0%)  
[  6]  22.00-23.00  sec  21.2 KBytes   174 Kbits/sec  18.566 ms  0/15 (0%)  
[  6]  23.00-24.00  sec  21.2 KBytes   174 Kbits/sec  23.533 ms  1/16 (6.2%)  
[  6]  24.00-25.00  sec  19.8 KBytes   162 Kbits/sec  30.221 ms  -1/13 (-7.7%)  
[  6]  25.00-26.00  sec  19.8 KBytes   162 Kbits/sec  24.726 ms  0/14 (0%)  
[  6]  26.00-27.00  sec  21.2 KBytes   174 Kbits/sec  19.979 ms  0/15 (0%)  
[  6]  27.00-28.00  sec  19.8 KBytes   162 Kbits/sec  19.640 ms  0/14 (0%)  
[  6]  28.00-29.00  sec  21.2 KBytes   174 Kbits/sec  16.859 ms  0/15 (0%)  
[  6]  29.00-30.00  sec  21.2 KBytes   174 Kbits/sec  16.998 ms  0/15 (0%)  
- - - - - - - - - - - - - - - - - - - - - - - - -
[ ID] Interval           Transfer     Bitrate         Jitter    Lost/Total Datagrams
[SUM]  0.0-30.0 sec  1 datagrams received out-of-order
[  6]   0.00-30.00  sec   615 KBytes   168 Kbits/sec  16.998 ms  0/435 (0%)  receiver
