-----------------------------------------------------------
Server listening on 8011 (test #1)
-----------------------------------------------------------
Accepted connection from 10.0.0.8, port 49496
[  6] local 10.0.0.11 port 8011 connected to 10.0.0.8 port 46461
[ ID] Interval           Transfer     Bitrate         Jitter    Lost/Total Datagrams
[  6]   0.00-1.00   sec  1.41 KBytes  11.6 Kbits/sec  0.000 ms  3/4 (75%)  
[  6]   1.00-2.00   sec  2.83 KBytes  23.2 Kbits/sec  5.674 ms  3/5 (60%)  
[  6]   2.00-3.00   sec  4.24 KBytes  34.8 Kbits/sec  13.700 ms  4/7 (57%)  
[  6]   3.00-4.00   sec  5.66 KBytes  46.3 Kbits/sec  21.687 ms  2/6 (33%)  
[  6]   4.00-5.00   sec  2.83 KBytes  23.2 Kbits/sec  25.636 ms  6/8 (75%)  
[  6]   5.00-6.00   sec  2.83 KBytes  23.2 Kbits/sec  25.733 ms  4/6 (67%)  
[  6]   6.00-7.00   sec  4.24 KBytes  34.8 Kbits/sec  29.183 ms  4/7 (57%)  
[  6]   7.00-8.00   sec  5.66 KBytes  46.3 Kbits/sec  30.137 ms  1/5 (20%)  
[  6]   8.00-9.00   sec  1.41 KBytes  11.6 Kbits/sec  31.391 ms  2/3 (67%)  
[  6]   9.00-10.00  sec  4.24 KBytes  34.8 Kbits/sec  29.548 ms  7/10 (70%)  
[  6]  10.00-11.00  sec  2.83 KBytes  23.1 Kbits/sec  57.027 ms  10/12 (83%)  
[  6]  11.00-12.00  sec  8.48 KBytes  69.5 Kbits/sec  82.138 ms  -1/5 (-20%)  
[  6]  12.00-13.00  sec  9.90 KBytes  81.1 Kbits/sec  62.461 ms  0/7 (0%)  
[  6]  13.00-14.00  sec  8.48 KBytes  69.5 Kbits/sec  48.912 ms  0/6 (0%)  
[  6]  14.00-15.00  sec  9.90 KBytes  81.1 Kbits/sec  39.715 ms  0/7 (0%)  
[  6]  15.00-16.00  sec  8.48 KBytes  69.5 Kbits/sec  36.370 ms  0/6 (0%)  
[  6]  16.00-17.00  sec  9.90 KBytes  81.1 Kbits/sec  34.908 ms  0/7 (0%)  
[  6]  17.00-18.00  sec  9.90 KBytes  81.1 Kbits/sec  30.526 ms  0/7 (0%)  
[  6]  18.00-19.00  sec  8.48 KBytes  69.5 Kbits/sec  27.200 ms  0/6 (0%)  
[  6]  19.00-20.00  sec  9.90 KBytes  81.1 Kbits/sec  26.088 ms  0/7 (0%)  
[  6]  20.00-21.00  sec  9.90 KBytes  81.1 Kbits/sec  24.811 ms  0/7 (0%)  
[  6]  21.00-22.00  sec  8.48 KBytes  69.5 Kbits/sec  23.302 ms  0/6 (0%)  
[  6]  22.00-23.00  sec  9.90 KBytes  81.1 Kbits/sec  21.352 ms  0/7 (0%)  
[  6]  23.00-24.00  sec  8.48 KBytes  69.5 Kbits/sec  20.969 ms  0/6 (0%)  
[  6]  24.00-25.00  sec  9.90 KBytes  81.1 Kbits/sec  22.525 ms  0/7 (0%)  
[  6]  25.00-26.00  sec  8.48 KBytes  69.5 Kbits/sec  23.775 ms  0/6 (0%)  
[  6]  26.00-27.00  sec  9.90 KBytes  81.1 Kbits/sec  21.109 ms  0/7 (0%)  
[  6]  27.00-28.00  sec  8.48 KBytes  69.6 Kbits/sec  20.435 ms  0/6 (0%)  
[  6]  28.00-29.00  sec  9.90 KBytes  81.1 Kbits/sec  18.024 ms  0/7 (0%)  
[  6]  29.00-30.00  sec  9.90 KBytes  81.0 Kbits/sec  16.399 ms  0/7 (0%)  
- - - - - - - - - - - - - - - - - - - - - - - - -
[ ID] Interval           Transfer     Bitrate         Jitter    Lost/Total Datagrams
[SUM]  0.0-30.0 sec  1 datagrams received out-of-order
[  6]   0.00-30.00  sec   215 KBytes  58.7 Kbits/sec  16.399 ms  45/197 (23%)  receiver
