-----------------------------------------------------------
Server listening on 8012 (test #1)
-----------------------------------------------------------
Accepted connection from 10.0.0.8, port 44960
[  6] local 10.0.0.12 port 8012 connected to 10.0.0.8 port 47970
[ ID] Interval           Transfer     Bitrate         Jitter    Lost/Total Datagrams
[  6]   0.00-1.00   sec   560 KBytes  4.58 Mbits/sec  0.496 ms  64/460 (14%)  
[  6]   1.00-2.00   sec   414 KBytes  3.39 Mbits/sec  2.823 ms  88/381 (23%)  
[  6]   2.00-3.00   sec   329 KBytes  2.70 Mbits/sec  1.465 ms  438/671 (65%)  
[  6]   3.00-4.00   sec   355 KBytes  2.91 Mbits/sec  1.387 ms  447/698 (64%)  
[  6]   4.00-5.00   sec   322 KBytes  2.64 Mbits/sec  0.662 ms  584/812 (72%)  
[  6]   5.00-6.00   sec   375 KBytes  3.07 Mbits/sec  5.130 ms  676/941 (72%)  
[  6]   6.00-7.00   sec   366 KBytes  3.00 Mbits/sec  3.479 ms  752/1011 (74%)  
[  6]   7.00-8.00   sec   427 KBytes  3.50 Mbits/sec  0.813 ms  294/596 (49%)  
[  6]   8.00-9.00   sec   240 KBytes  1.97 Mbits/sec  1.594 ms  387/557 (69%)  
[  6]   9.00-10.00  sec   303 KBytes  2.48 Mbits/sec  6.972 ms  603/817 (74%)  
[  6]  10.00-11.00  sec   417 KBytes  3.42 Mbits/sec  0.506 ms  415/710 (58%)  
[  6]  11.00-12.00  sec   373 KBytes  3.06 Mbits/sec  1.750 ms  425/689 (62%)  
[  6]  12.00-13.00  sec  1.66 MBytes  13.9 Mbits/sec  1.154 ms  225/1428 (16%)  
[  6]  13.00-14.00  sec  1.74 MBytes  14.6 Mbits/sec  3.928 ms  0/1258 (0%)  
[  6]  14.00-15.00  sec  1.80 MBytes  15.1 Mbits/sec  0.866 ms  0/1305 (0%)  
[  6]  15.00-16.00  sec  1.86 MBytes  15.6 Mbits/sec  0.296 ms  0/1348 (0%)  
[  6]  16.00-17.00  sec  1.60 MBytes  13.4 Mbits/sec  0.929 ms  0/1160 (0%)  
[  6]  17.00-18.00  sec  1.65 MBytes  13.8 Mbits/sec  1.356 ms  0/1193 (0%)  
[  6]  18.00-19.00  sec  1.83 MBytes  15.3 Mbits/sec  0.321 ms  0/1325 (0%)  
[  6]  19.00-20.00  sec  1.80 MBytes  15.1 Mbits/sec  0.361 ms  0/1304 (0%)  
[  6]  20.00-21.00  sec  1.82 MBytes  15.2 Mbits/sec  0.712 ms  0/1315 (0%)  
[  6]  21.00-22.00  sec  1.84 MBytes  15.5 Mbits/sec  0.315 ms  0/1335 (0%)  
[  6]  22.00-23.00  sec  1.84 MBytes  15.4 Mbits/sec  0.492 ms  0/1331 (0%)  
[  6]  23.00-24.00  sec  1.83 MBytes  15.3 Mbits/sec  0.220 ms  0/1324 (0%)  
[  6]  24.00-25.00  sec  2.00 MBytes  16.8 Mbits/sec  0.611 ms  0/1448 (0%)  
[  6]  25.00-26.00  sec  1.82 MBytes  15.3 Mbits/sec  0.449 ms  0/1320 (0%)  
[  6]  26.00-27.00  sec  1.77 MBytes  14.8 Mbits/sec  4.273 ms  0/1282 (0%)  
[  6]  27.00-28.00  sec  1.89 MBytes  15.9 Mbits/sec  0.412 ms  0/1369 (0%)  
[  6]  28.00-29.00  sec  1.91 MBytes  16.1 Mbits/sec  0.500 ms  0/1386 (0%)  
[  6]  29.00-30.00  sec  1.99 MBytes  16.7 Mbits/sec  0.708 ms  0/1439 (0%)  
[  6]  30.00-30.00  sec  1.41 KBytes  24.6 Mbits/sec  0.701 ms  0/1 (0%)  
- - - - - - - - - - - - - - - - - - - - - - - - -
[ ID] Interval           Transfer     Bitrate         Jitter    Lost/Total Datagrams
[SUM]  0.0-30.0 sec  199 datagrams received out-of-order
[  6]   0.00-30.00  sec  37.0 MBytes  10.4 Mbits/sec  0.701 ms  5398/32214 (17%)  receiver
