-----------------------------------------------------------
Server listening on 8015 (test #1)
-----------------------------------------------------------
Accepted connection from 10.0.0.8, port 40326
[  6] local 10.0.0.15 port 8015 connected to 10.0.0.8 port 40134
[ ID] Interval           Transfer     Bitrate         Jitter    Lost/Total Datagrams
[  6]   0.00-1.00   sec  2.83 KBytes  23.1 Kbits/sec  3.602 ms  5/7 (71%)  
[  6]   1.00-2.00   sec  5.66 KBytes  46.3 Kbits/sec  12.944 ms  3/7 (43%)  
[  6]   2.00-3.00   sec  5.66 KBytes  46.3 Kbits/sec  14.442 ms  11/15 (73%)  
[  6]   3.00-4.00   sec  2.83 KBytes  23.2 Kbits/sec  18.367 ms  9/11 (82%)  
[  6]   4.00-5.00   sec  5.66 KBytes  46.3 Kbits/sec  19.269 ms  10/14 (71%)  
[  6]   5.00-6.00   sec  11.3 KBytes  92.7 Kbits/sec  48.465 ms  9/17 (53%)  
[  6]   6.00-7.00   sec  17.0 KBytes   139 Kbits/sec  35.375 ms  0/12 (0%)  
[  6]   7.00-8.00   sec  17.0 KBytes   139 Kbits/sec  22.210 ms  0/12 (0%)  
[  6]   8.00-9.00   sec  15.6 KBytes   128 Kbits/sec  14.460 ms  0/11 (0%)  
[  6]   9.00-10.00  sec  17.0 KBytes   139 Kbits/sec  11.321 ms  0/12 (0%)  
[  6]  10.00-11.00  sec  17.0 KBytes   139 Kbits/sec  8.013 ms  0/12 (0%)  
[  6]  11.00-12.00  sec  17.0 KBytes   139 Kbits/sec  13.368 ms  0/12 (0%)  
[  6]  12.00-13.00  sec  17.0 KBytes   139 Kbits/sec  12.402 ms  0/12 (0%)  
[  6]  13.00-14.00  sec  17.0 KBytes   139 Kbits/sec  8.984 ms  0/12 (0%)  
[  6]  14.00-15.00  sec  17.0 KBytes   139 Kbits/sec  9.791 ms  0/12 (0%)  
[  6]  15.00-16.00  sec  17.0 KBytes   139 Kbits/sec  7.511 ms  0/12 (0%)  
[  6]  16.00-17.00  sec  17.0 KBytes   139 Kbits/sec  7.959 ms  0/12 (0%)  
[  6]  17.00-18.00  sec  15.6 KBytes   127 Kbits/sec  6.207 ms  0/11 (0%)  
[  6]  18.00-19.00  sec  17.0 KBytes   139 Kbits/sec  25.211 ms  0/12 (0%)  
[  6]  19.00-20.00  sec  17.0 KBytes   139 Kbits/sec  15.047 ms  0/12 (0%)  
[  6]  20.00-21.00  sec  18.4 KBytes   151 Kbits/sec  11.347 ms  0/13 (0%)  
[  6]  21.00-22.00  sec  17.0 KBytes   139 Kbits/sec  6.279 ms  0/12 (0%)  
[  6]  22.00-23.00  sec  17.0 KBytes   139 Kbits/sec  3.693 ms  0/12 (0%)  
[  6]  23.00-24.00  sec  17.0 KBytes   139 Kbits/sec  2.940 ms  0/12 (0%)  
[  6]  24.00-25.00  sec  17.0 KBytes   139 Kbits/sec  7.637 ms  0/12 (0%)  
[  6]  25.00-26.00  sec  17.0 KBytes   139 Kbits/sec  3.575 ms  0/12 (0%)  
[  6]  26.00-27.00  sec  17.0 KBytes   139 Kbits/sec  1.696 ms  0/12 (0%)  
[  6]  27.00-28.00  sec  17.0 KBytes   139 Kbits/sec  0.837 ms  0/12 (0%)  
[  6]  28.00-29.00  sec  17.0 KBytes   139 Kbits/sec  0.418 ms  0/12 (0%)  
[  6]  29.00-30.00  sec  17.0 KBytes   139 Kbits/sec  0.218 ms  0/12 (0%)  
- - - - - - - - - - - - - - - - - - - - - - - - -
[ ID] Interval           Transfer     Bitrate         Jitter    Lost/Total Datagrams
[SUM]  0.0-30.0 sec  1 datagrams received out-of-order
[  6]   0.00-30.00  sec   440 KBytes   120 Kbits/sec  0.218 ms  47/358 (13%)  receiver
