-----------------------------------------------------------
Server listening on 8016 (test #1)
-----------------------------------------------------------
Accepted connection from 10.0.0.8, port 46482
[  6] local 10.0.0.16 port 8016 connected to 10.0.0.8 port 53529
[ ID] Interval           Transfer     Bitrate         Jitter    Lost/Total Datagrams
[  6]   0.00-1.00   sec  5.66 KBytes  46.3 Kbits/sec  0.002 ms  0/4 (0%)  
[  6]   1.00-2.00   sec  4.24 KBytes  34.8 Kbits/sec  2.241 ms  0/3 (0%)  
[  6]   2.00-3.00   sec  5.66 KBytes  46.3 Kbits/sec  9.312 ms  0/4 (0%)  
[  6]   3.00-4.00   sec  4.24 KBytes  34.7 Kbits/sec  14.584 ms  0/3 (0%)  
[  6]   4.00-5.00   sec  4.24 KBytes  34.8 Kbits/sec  21.283 ms  0/3 (0%)  
[  6]   5.00-6.00   sec  4.24 KBytes  34.7 Kbits/sec  28.431 ms  0/3 (0%)  
[  6]   6.00-7.00   sec  5.66 KBytes  46.3 Kbits/sec  29.784 ms  0/4 (0%)  
[  6]   7.00-8.00   sec  4.24 KBytes  34.8 Kbits/sec  28.328 ms  0/3 (0%)  
[  6]   8.00-9.00   sec  5.66 KBytes  46.3 Kbits/sec  31.185 ms  0/4 (0%)  
[  6]   9.00-10.00  sec  4.24 KBytes  34.7 Kbits/sec  37.243 ms  0/3 (0%)  
[  6]  10.00-11.00  sec  4.24 KBytes  34.8 Kbits/sec  36.177 ms  0/3 (0%)  
[  6]  11.00-12.00  sec  4.24 KBytes  34.7 Kbits/sec  39.205 ms  0/3 (0%)  
[  6]  12.00-13.00  sec  5.66 KBytes  46.4 Kbits/sec  40.675 ms  0/4 (0%)  
[  6]  13.00-14.00  sec  4.24 KBytes  34.7 Kbits/sec  39.552 ms  0/3 (0%)  
[  6]  14.00-15.00  sec  4.24 KBytes  34.8 Kbits/sec  36.098 ms  0/3 (0%)  
[  6]  15.00-16.00  sec  5.66 KBytes  46.3 Kbits/sec  34.649 ms  0/4 (0%)  
[  6]  16.00-17.00  sec  4.24 KBytes  34.7 Kbits/sec  32.085 ms  0/3 (0%)  
[  6]  17.00-18.00  sec  4.24 KBytes  34.8 Kbits/sec  32.233 ms  0/3 (0%)  
[  6]  18.00-19.00  sec  5.66 KBytes  46.3 Kbits/sec  29.259 ms  0/4 (0%)  
[  6]  19.00-20.00  sec  4.24 KBytes  34.8 Kbits/sec  30.054 ms  0/3 (0%)  
[  6]  20.00-21.00  sec  5.66 KBytes  46.3 Kbits/sec  29.230 ms  0/4 (0%)  
[  6]  21.00-22.00  sec  4.24 KBytes  34.8 Kbits/sec  28.238 ms  0/3 (0%)  
[  6]  22.00-23.00  sec  4.24 KBytes  34.7 Kbits/sec  27.822 ms  0/3 (0%)  
[  6]  23.00-24.00  sec  5.66 KBytes  46.3 Kbits/sec  27.100 ms  0/4 (0%)  
[  6]  24.00-25.00  sec  4.24 KBytes  34.8 Kbits/sec  24.693 ms  0/3 (0%)  
[  6]  25.00-26.00  sec  4.24 KBytes  34.7 Kbits/sec  25.404 ms  0/3 (0%)  
[  6]  26.00-27.00  sec  5.66 KBytes  46.3 Kbits/sec  25.764 ms  0/4 (0%)  
[  6]  27.00-28.00  sec  4.24 KBytes  34.8 Kbits/sec  26.295 ms  0/3 (0%)  
[  6]  28.00-29.00  sec  5.66 KBytes  46.3 Kbits/sec  27.053 ms  0/4 (0%)  
[  6]  29.00-30.00  sec  4.24 KBytes  34.8 Kbits/sec  24.846 ms  0/3 (0%)  
- - - - - - - - - - - - - - - - - - - - - - - - -
[ ID] Interval           Transfer     Bitrate         Jitter    Lost/Total Datagrams
[  6]   0.00-30.01  sec   143 KBytes  39.0 Kbits/sec  24.846 ms  0/101 (0%)  receiver
