-----------------------------------------------------------
Server listening on 8020 (test #1)
-----------------------------------------------------------
Accepted connection from 10.0.0.8, port 54236
[  6] local 10.0.0.20 port 8020 connected to 10.0.0.8 port 55414
[ ID] Interval           Transfer     Bitrate         Jitter    Lost/Total Datagrams
[  6]   0.00-1.00   sec  9.90 KBytes  81.0 Kbits/sec  10.918 ms  0/7 (0%)  
[  6]   1.00-2.00   sec  12.7 KBytes   104 Kbits/sec  21.047 ms  0/9 (0%)  
[  6]   2.00-3.00   sec  9.90 KBytes  81.1 Kbits/sec  22.099 ms  0/7 (0%)  
[  6]   3.00-4.00   sec  11.3 KBytes  92.7 Kbits/sec  27.702 ms  0/8 (0%)  
[  6]   4.00-5.00   sec  11.3 KBytes  92.7 Kbits/sec  30.410 ms  0/8 (0%)  
[  6]   5.00-6.00   sec  11.3 KBytes  92.7 Kbits/sec  28.629 ms  0/8 (0%)  
[  6]   6.00-7.00   sec  11.3 KBytes  92.7 Kbits/sec  27.081 ms  0/8 (0%)  
[  6]   7.00-8.00   sec  11.3 KBytes  92.7 Kbits/sec  26.863 ms  0/8 (0%)  
[  6]   8.00-9.00   sec  11.3 KBytes  92.7 Kbits/sec  28.383 ms  0/8 (0%)  
[  6]   9.00-10.00  sec  11.3 KBytes  92.7 Kbits/sec  27.561 ms  0/8 (0%)  
[  6]  10.00-11.00  sec  11.3 KBytes  92.7 Kbits/sec  24.763 ms  0/8 (0%)  
[  6]  11.00-12.00  sec  11.3 KBytes  92.7 Kbits/sec  26.519 ms  0/8 (0%)  
[  6]  12.00-13.00  sec  9.90 KBytes  81.1 Kbits/sec  27.948 ms  0/7 (0%)  
[  6]  13.00-14.00  sec  12.7 KBytes   104 Kbits/sec  28.510 ms  0/9 (0%)  
[  6]  14.00-15.00  sec  9.90 KBytes  81.1 Kbits/sec  29.035 ms  0/7 (0%)  
[  6]  15.00-16.00  sec  11.3 KBytes  92.7 Kbits/sec  29.162 ms  0/8 (0%)  
[  6]  16.00-17.00  sec  12.7 KBytes   104 Kbits/sec  30.062 ms  0/9 (0%)  
[  6]  17.00-18.00  sec  11.3 KBytes  92.7 Kbits/sec  19.675 ms  0/8 (0%)  
[  6]  18.00-19.00  sec  11.3 KBytes  92.7 Kbits/sec  11.796 ms  0/8 (0%)  
[  6]  19.00-20.00  sec  11.3 KBytes  92.7 Kbits/sec  7.094 ms  0/8 (0%)  
[  6]  20.00-21.00  sec  11.3 KBytes  92.7 Kbits/sec  4.336 ms  0/8 (0%)  
[  6]  21.00-22.00  sec  11.3 KBytes  92.7 Kbits/sec  2.631 ms  0/8 (0%)  
[  6]  22.00-23.00  sec  11.3 KBytes  92.7 Kbits/sec  1.619 ms  0/8 (0%)  
[  6]  23.00-24.00  sec  11.3 KBytes  92.7 Kbits/sec  1.110 ms  0/8 (0%)  
[  6]  24.00-25.00  sec  9.90 KBytes  81.1 Kbits/sec  0.859 ms  0/7 (0%)  
[  6]  25.00-26.00  sec  11.3 KBytes  92.7 Kbits/sec  0.681 ms  0/8 (0%)  
[  6]  26.00-27.00  sec  11.3 KBytes  92.7 Kbits/sec  0.577 ms  0/8 (0%)  
[  6]  27.00-28.00  sec  11.3 KBytes  92.7 Kbits/sec  0.444 ms  0/8 (0%)  
[  6]  28.00-29.00  sec  11.3 KBytes  92.7 Kbits/sec  1.683 ms  0/8 (0%)  
[  6]  29.00-30.00  sec  11.3 KBytes  92.7 Kbits/sec  3.957 ms  0/8 (0%)  
- - - - - - - - - - - - - - - - - - - - - - - - -
[ ID] Interval           Transfer     Bitrate         Jitter    Lost/Total Datagrams
[  6]   0.00-30.00  sec   337 KBytes  91.9 Kbits/sec  3.957 ms  0/238 (0%)  receiver
