-----------------------------------------------------------
Server listening on 8005 (test #1)
-----------------------------------------------------------
Accepted connection from 10.0.0.8, port 50542
[  6] local 10.0.0.5 port 8005 connected to 10.0.0.8 port 36581
[ ID] Interval           Transfer     Bitrate         Jitter    Lost/Total Datagrams
[  6]   0.00-1.00   sec  58.0 KBytes   474 Kbits/sec  0.002 ms  0/41 (0%)  
[  6]   1.00-2.00   sec  58.0 KBytes   475 Kbits/sec  0.013 ms  0/41 (0%)  
[  6]   2.00-3.00   sec  58.0 KBytes   475 Kbits/sec  0.004 ms  0/41 (0%)  
[  6]   3.00-4.00   sec  58.0 KBytes   475 Kbits/sec  0.014 ms  0/41 (0%)  
[  6]   4.00-5.00   sec  58.0 KBytes   475 Kbits/sec  0.007 ms  0/41 (0%)  
[  6]   5.00-6.00   sec  58.0 KBytes   475 Kbits/sec  0.023 ms  0/41 (0%)  
[  6]   6.00-7.00   sec  58.0 KBytes   475 Kbits/sec  0.032 ms  0/41 (0%)  
[  6]   7.00-8.00   sec  56.6 KBytes   463 Kbits/sec  0.018 ms  0/40 (0%)  
[  6]   8.00-9.00   sec  58.0 KBytes   475 Kbits/sec  0.023 ms  0/41 (0%)  
[  6]   9.00-10.00  sec  58.0 KBytes   475 Kbits/sec  0.020 ms  0/41 (0%)  
[  6]  10.00-11.00  sec  58.0 KBytes   475 Kbits/sec  0.018 ms  0/41 (0%)  
[  6]  11.00-12.00  sec  58.0 KBytes   475 Kbits/sec  0.003 ms  0/41 (0%)  
[  6]  12.00-13.00  sec  58.0 KBytes   475 Kbits/sec  0.009 ms  0/41 (0%)  
[  6]  13.00-14.00  sec  58.0 KBytes   475 Kbits/sec  0.029 ms  0/41 (0%)  
[  6]  14.00-15.00  sec  58.0 KBytes   475 Kbits/sec  0.013 ms  0/41 (0%)  
[  6]  15.00-16.00  sec  52.3 KBytes   428 Kbits/sec  15.881 ms  0/37 (0%)  
[  6]  16.00-17.00  sec  58.0 KBytes   475 Kbits/sec  20.890 ms  0/41 (0%)  
[  6]  17.00-18.00  sec  55.1 KBytes   452 Kbits/sec  22.826 ms  0/39 (0%)  
[  6]  18.00-19.00  sec  59.4 KBytes   486 Kbits/sec  23.479 ms  0/42 (0%)  
[  6]  19.00-20.00  sec  59.4 KBytes   487 Kbits/sec  22.326 ms  0/42 (0%)  
[  6]  20.00-21.00  sec  56.6 KBytes   463 Kbits/sec  20.564 ms  0/40 (0%)  
[  6]  21.00-22.00  sec  55.1 KBytes   451 Kbits/sec  21.169 ms  0/39 (0%)  
[  6]  22.00-23.00  sec  60.8 KBytes   498 Kbits/sec  19.788 ms  0/43 (0%)  
[  6]  23.00-24.00  sec  56.6 KBytes   464 Kbits/sec  20.444 ms  0/40 (0%)  
[  6]  24.00-25.00  sec  58.0 KBytes   475 Kbits/sec  22.787 ms  0/41 (0%)  
[  6]  25.00-26.00  sec  56.6 KBytes   463 Kbits/sec  22.811 ms  0/40 (0%)  
[  6]  26.00-27.00  sec  58.0 KBytes   475 Kbits/sec  19.463 ms  0/41 (0%)  
[  6]  27.00-28.00  sec  59.4 KBytes   486 Kbits/sec  28.090 ms  0/42 (0%)  
[  6]  28.00-29.00  sec  59.4 KBytes   487 Kbits/sec  22.058 ms  0/42 (0%)  
[  6]  29.00-30.00  sec  56.6 KBytes   463 Kbits/sec  21.775 ms  0/40 (0%)  
[  6]  30.00-30.12  sec  5.66 KBytes   381 Kbits/sec  21.608 ms  0/4 (0%)  
- - - - - - - - - - - - - - - - - - - - - - - - -
[ ID] Interval           Transfer     Bitrate         Jitter    Lost/Total Datagrams
[SUM]  0.0-30.1 sec  5 datagrams received out-of-order
[  6]   0.00-30.12  sec  1.69 MBytes   472 Kbits/sec  21.608 ms  0/1227 (0%)  receiver
