-----------------------------------------------------------
Server listening on 8007 (test #1)
-----------------------------------------------------------
Accepted connection from 10.0.0.8, port 38352
[  6] local 10.0.0.7 port 8007 connected to 10.0.0.8 port 34975
[ ID] Interval           Transfer     Bitrate         Jitter    Lost/Total Datagrams
[  6]   0.00-1.00   sec  1.41 KBytes  11.6 Kbits/sec  0.000 ms  0/1 (0%)  
[  6]   1.00-2.00   sec  2.83 KBytes  23.1 Kbits/sec  4.320 ms  3/5 (60%)  
[  6]   2.00-3.00   sec  1.41 KBytes  11.6 Kbits/sec  5.474 ms  0/1 (0%)  
[  6]   3.00-4.00   sec  2.83 KBytes  23.2 Kbits/sec  10.363 ms  3/5 (60%)  
[  6]   4.00-5.00   sec  1.41 KBytes  11.6 Kbits/sec  15.324 ms  3/4 (75%)  
[  6]   5.00-6.00   sec  1.41 KBytes  11.6 Kbits/sec  20.631 ms  1/2 (50%)  
[  6]   6.00-7.00   sec  1.41 KBytes  11.6 Kbits/sec  23.088 ms  5/6 (83%)  
[  6]   7.00-8.00   sec  4.24 KBytes  34.7 Kbits/sec  22.140 ms  1/4 (25%)  
[  6]   8.00-9.00   sec  4.24 KBytes  34.8 Kbits/sec  27.772 ms  0/3 (0%)  
[  6]   9.00-10.00  sec  0.00 Bytes  0.00 bits/sec  27.772 ms  0/0 (0%)  
[  6]  10.00-11.00  sec  1.41 KBytes  11.6 Kbits/sec  28.455 ms  5/6 (83%)  
[  6]  11.00-12.00  sec  4.24 KBytes  34.8 Kbits/sec  55.344 ms  4/7 (57%)  
[  6]  12.00-13.00  sec  4.24 KBytes  34.7 Kbits/sec  54.977 ms  0/3 (0%)  
[  6]  13.00-14.00  sec  4.24 KBytes  34.8 Kbits/sec  48.558 ms  0/3 (0%)  
[  6]  14.00-15.00  sec  5.66 KBytes  46.4 Kbits/sec  41.054 ms  0/4 (0%)  
[  6]  15.00-16.00  sec  4.24 KBytes  34.7 Kbits/sec  37.552 ms  0/3 (0%)  
[  6]  16.00-17.00  sec  5.66 KBytes  46.4 Kbits/sec  36.379 ms  0/4 (0%)  
[  6]  17.00-18.00  sec  5.66 KBytes  46.3 Kbits/sec  36.896 ms  0/4 (0%)  
[  6]  18.00-19.00  sec  4.24 KBytes  34.7 Kbits/sec  32.919 ms  0/3 (0%)  
[  6]  19.00-20.00  sec  5.66 KBytes  46.3 Kbits/sec  29.811 ms  0/4 (0%)  
[  6]  20.00-21.00  sec  5.66 KBytes  46.4 Kbits/sec  24.947 ms  0/4 (0%)  
[  6]  21.00-22.00  sec  4.24 KBytes  34.7 Kbits/sec  25.388 ms  0/3 (0%)  
[  6]  22.00-23.00  sec  5.66 KBytes  46.4 Kbits/sec  24.484 ms  0/4 (0%)  
[  6]  23.00-24.00  sec  5.66 KBytes  46.3 Kbits/sec  25.909 ms  0/4 (0%)  
[  6]  24.00-25.00  sec  4.24 KBytes  34.7 Kbits/sec  28.459 ms  0/3 (0%)  
[  6]  25.00-26.00  sec  4.24 KBytes  34.8 Kbits/sec  27.544 ms  0/3 (0%)  
[  6]  26.00-27.00  sec  5.66 KBytes  46.3 Kbits/sec  24.991 ms  0/4 (0%)  
[  6]  27.00-28.00  sec  5.66 KBytes  46.3 Kbits/sec  24.902 ms  0/4 (0%)  
[  6]  28.00-29.00  sec  4.24 KBytes  34.8 Kbits/sec  25.541 ms  0/3 (0%)  
[  6]  29.00-30.00  sec  5.66 KBytes  46.4 Kbits/sec  26.617 ms  0/4 (0%)  
- - - - - - - - - - - - - - - - - - - - - - - - -
[ ID] Interval           Transfer     Bitrate         Jitter    Lost/Total Datagrams
[  6]   0.00-30.00  sec   117 KBytes  32.0 Kbits/sec  26.617 ms  25/108 (23%)  receiver
