-----------------------------------------------------------
Server listening on 8009 (test #1)
-----------------------------------------------------------
Accepted connection from 10.0.0.8, port 33584
[  6] local 10.0.0.9 port 8009 connected to 10.0.0.8 port 46030
[ ID] Interval           Transfer     Bitrate         Jitter    Lost/Total Datagrams
[  6]   0.00-1.00   sec  58.0 KBytes   475 Kbits/sec  0.199 ms  0/41 (0%)  
[  6]   1.00-2.00   sec  56.6 KBytes   463 Kbits/sec  0.029 ms  0/40 (0%)  
[  6]   2.00-3.00   sec  58.0 KBytes   475 Kbits/sec  6.014 ms  0/41 (0%)  
[  6]   3.00-4.00   sec  56.6 KBytes   463 Kbits/sec  5.999 ms  0/40 (0%)  
[  6]   4.00-5.00   sec  56.6 KBytes   464 Kbits/sec  14.395 ms  0/40 (0%)  
[  6]   5.00-6.00   sec  52.3 KBytes   428 Kbits/sec  16.061 ms  0/37 (0%)  
[  6]   6.00-7.00   sec  62.2 KBytes   510 Kbits/sec  16.989 ms  0/44 (0%)  
[  6]   7.00-8.00   sec  55.1 KBytes   452 Kbits/sec  8.236 ms  0/39 (0%)  
[  6]   8.00-9.00   sec  53.7 KBytes   440 Kbits/sec  18.057 ms  0/38 (0%)  
[  6]   9.00-10.00  sec  62.2 KBytes   510 Kbits/sec  8.487 ms  0/44 (0%)  
[  6]  10.00-11.00  sec  58.0 KBytes   475 Kbits/sec  7.510 ms  0/41 (0%)  
[  6]  11.00-12.00  sec  52.3 KBytes   429 Kbits/sec  16.971 ms  0/37 (0%)  
[  6]  12.00-13.00  sec  60.8 KBytes   498 Kbits/sec  12.627 ms  0/43 (0%)  
[  6]  13.00-14.00  sec  52.3 KBytes   428 Kbits/sec  13.097 ms  0/37 (0%)  
[  6]  14.00-15.00  sec  59.4 KBytes   487 Kbits/sec  10.912 ms  0/42 (0%)  
[  6]  15.00-16.00  sec  58.0 KBytes   475 Kbits/sec  20.721 ms  0/41 (0%)  
[  6]  16.00-17.00  sec  55.1 KBytes   452 Kbits/sec  21.991 ms  0/39 (0%)  
[  6]  17.00-18.00  sec  59.4 KBytes   486 Kbits/sec  22.301 ms  0/42 (0%)  
[  6]  18.00-19.00  sec  58.0 KBytes   475 Kbits/sec  21.687 ms  0/41 (0%)  
[  6]  19.00-20.00  sec  55.1 KBytes   452 Kbits/sec  21.222 ms  0/39 (0%)  
[  6]  20.00-21.00  sec  56.6 KBytes   463 Kbits/sec  21.568 ms  0/40 (0%)  
[  6]  21.00-22.00  sec  60.8 KBytes   498 Kbits/sec  21.546 ms  0/43 (0%)  
[  6]  22.00-23.00  sec  55.1 KBytes   452 Kbits/sec  21.575 ms  0/39 (0%)  
[  6]  23.00-24.00  sec  55.1 KBytes   451 Kbits/sec  23.103 ms  0/39 (0%)  
[  6]  24.00-25.00  sec  58.0 KBytes   475 Kbits/sec  21.820 ms  0/41 (0%)  
[  6]  25.00-26.00  sec  55.1 KBytes   452 Kbits/sec  21.619 ms  0/39 (0%)  
[  6]  26.00-27.00  sec  56.6 KBytes   463 Kbits/sec  25.187 ms  0/40 (0%)  
[  6]  27.00-28.00  sec  58.0 KBytes   475 Kbits/sec  21.815 ms  0/41 (0%)  
[  6]  28.00-29.00  sec  55.1 KBytes   452 Kbits/sec  21.558 ms  0/39 (0%)  
[  6]  29.00-30.00  sec  59.4 KBytes   487 Kbits/sec  21.989 ms  0/42 (0%)  
- - - - - - - - - - - - - - - - - - - - - - - - -
[ ID] Interval           Transfer     Bitrate         Jitter    Lost/Total Datagrams
[SUM]  0.0-30.0 sec  2 datagrams received out-of-order
[  6]   0.00-30.00  sec  1.67 MBytes   467 Kbits/sec  21.989 ms  0/1209 (0%)  receiver
