-----------------------------------------------------------
Server listening on 9001 (test #1)
-----------------------------------------------------------
Accepted connection from 10.0.0.9, port 33984
[  6] local 10.0.0.1 port 9001 connected to 10.0.0.9 port 48307
[ ID] Interval           Transfer     Bitrate         Jitter    Lost/Total Datagrams
[  6]   0.00-1.00   sec   139 KBytes  1.13 Mbits/sec  2.194 ms  0/98 (0%)  
[  6]   1.00-2.00   sec   160 KBytes  1.31 Mbits/sec  2.295 ms  0/113 (0%)  
[  6]   2.00-3.00   sec   174 KBytes  1.42 Mbits/sec  3.279 ms  0/123 (0%)  
[  6]   3.00-4.00   sec   163 KBytes  1.33 Mbits/sec  2.430 ms  0/115 (0%)  
[  6]   4.00-5.00   sec   189 KBytes  1.55 Mbits/sec  4.483 ms  0/134 (0%)  
[  6]   5.00-6.00   sec   140 KBytes  1.15 Mbits/sec  3.138 ms  14/113 (12%)  
[  6]   6.00-7.00   sec  45.2 KBytes   371 Kbits/sec  0.592 ms  90/122 (74%)  
[  6]   7.00-8.00   sec  65.0 KBytes   533 Kbits/sec  0.350 ms  84/130 (65%)  
[  6]   8.00-9.00   sec  70.7 KBytes   580 Kbits/sec  0.423 ms  75/125 (60%)  
[  6]   9.00-10.00  sec  91.9 KBytes   752 Kbits/sec  3.018 ms  63/128 (49%)  
[  6]  10.00-11.00  sec   233 KBytes  1.91 Mbits/sec  2.583 ms  19/184 (10%)  
[  6]  11.00-12.00  sec   178 KBytes  1.46 Mbits/sec  0.007 ms  0/126 (0%)  
[  6]  12.00-13.00  sec   178 KBytes  1.46 Mbits/sec  0.011 ms  0/126 (0%)  
[  6]  13.00-14.00  sec   178 KBytes  1.46 Mbits/sec  0.029 ms  0/126 (0%)  
[  6]  14.00-15.00  sec   178 KBytes  1.46 Mbits/sec  0.007 ms  0/126 (0%)  
[  6]  15.00-16.00  sec   178 KBytes  1.46 Mbits/sec  0.006 ms  0/126 (0%)  
[  6]  16.00-17.00  sec   178 KBytes  1.46 Mbits/sec  0.008 ms  0/126 (0%)  
[  6]  17.00-18.00  sec   178 KBytes  1.46 Mbits/sec  0.009 ms  0/126 (0%)  
[  6]  18.00-19.00  sec   178 KBytes  1.46 Mbits/sec  0.004 ms  0/126 (0%)  
[  6]  19.00-20.00  sec   178 KBytes  1.46 Mbits/sec  0.007 ms  0/126 (0%)  
[  6]  20.00-21.00  sec   178 KBytes  1.46 Mbits/sec  0.008 ms  0/126 (0%)  
[  6]  21.00-22.00  sec   177 KBytes  1.45 Mbits/sec  0.004 ms  0/125 (0%)  
[  6]  22.00-23.00  sec   174 KBytes  1.43 Mbits/sec  2.272 ms  0/123 (0%)  
[  6]  23.00-24.00  sec   171 KBytes  1.40 Mbits/sec  4.909 ms  0/121 (0%)  
[  6]  24.00-25.00  sec   174 KBytes  1.42 Mbits/sec  4.497 ms  0/123 (0%)  
[  6]  25.00-26.00  sec   180 KBytes  1.47 Mbits/sec  4.136 ms  0/127 (0%)  
[  6]  26.00-27.00  sec   177 KBytes  1.45 Mbits/sec  4.666 ms  0/125 (0%)  
[  6]  27.00-28.00  sec   180 KBytes  1.47 Mbits/sec  4.864 ms  0/127 (0%)  
[  6]  28.00-29.00  sec   177 KBytes  1.45 Mbits/sec  4.500 ms  0/125 (0%)  
[  6]  29.00-30.00  sec   178 KBytes  1.46 Mbits/sec  4.597 ms  0/126 (0%)  
- - - - - - - - - - - - - - - - - - - - - - - - -
[ ID] Interval           Transfer     Bitrate         Jitter    Lost/Total Datagrams
[SUM]  0.0-30.0 sec  39 datagrams received out-of-order
[  6]   0.00-30.00  sec  4.73 MBytes  1.32 Mbits/sec  4.597 ms  345/3767 (9.2%)  receiver
