-----------------------------------------------------------
Server listening on 9011 (test #1)
-----------------------------------------------------------
Accepted connection from 10.0.0.9, port 60564
[  6] local 10.0.0.11 port 9011 connected to 10.0.0.9 port 57612
[ ID] Interval           Transfer     Bitrate         Jitter    Lost/Total Datagrams
[  6]   0.00-1.00   sec  60.8 KBytes   498 Kbits/sec  13.411 ms  0/43 (0%)  
[  6]   1.00-2.00   sec  35.4 KBytes   289 Kbits/sec  4.006 ms  41/66 (62%)  
[  6]   2.00-3.00   sec  39.6 KBytes   325 Kbits/sec  0.848 ms  47/75 (63%)  
[  6]   3.00-4.00   sec  43.8 KBytes   359 Kbits/sec  1.020 ms  41/72 (57%)  
[  6]   4.00-5.00   sec  48.1 KBytes   394 Kbits/sec  2.450 ms  51/85 (60%)  
[  6]   5.00-6.00   sec  91.9 KBytes   752 Kbits/sec  12.124 ms  24/89 (27%)  
[  6]   6.00-7.00   sec  79.2 KBytes   649 Kbits/sec  13.055 ms  6/62 (9.7%)  
[  6]   7.00-8.00   sec  24.0 KBytes   197 Kbits/sec  4.843 ms  63/80 (79%)  
[  6]   8.00-9.00   sec  22.6 KBytes   185 Kbits/sec  1.933 ms  56/72 (78%)  
[  6]   9.00-10.00  sec  24.0 KBytes   197 Kbits/sec  0.806 ms  62/79 (78%)  
[  6]  10.00-11.00  sec  29.7 KBytes   243 Kbits/sec  0.336 ms  53/74 (72%)  
[  6]  11.00-12.00  sec  36.8 KBytes   301 Kbits/sec  0.269 ms  47/73 (64%)  
[  6]  12.00-13.00  sec  32.5 KBytes   266 Kbits/sec  0.206 ms  50/73 (68%)  
[  6]  13.00-14.00  sec  32.5 KBytes   267 Kbits/sec  0.317 ms  60/83 (72%)  
[  6]  14.00-15.00  sec  33.9 KBytes   278 Kbits/sec  0.285 ms  51/75 (68%)  
[  6]  15.00-16.00  sec  38.2 KBytes   312 Kbits/sec  0.246 ms  51/78 (65%)  
[  6]  16.00-17.00  sec  24.0 KBytes   197 Kbits/sec  0.251 ms  57/74 (77%)  
[  6]  17.00-18.00  sec  24.0 KBytes   197 Kbits/sec  0.301 ms  61/78 (78%)  
[  6]  18.00-19.00  sec   110 KBytes   903 Kbits/sec  27.870 ms  30/108 (28%)  
[  6]  19.00-20.00  sec   103 KBytes   846 Kbits/sec  6.610 ms  0/73 (0%)  
[  6]  20.00-21.00  sec   106 KBytes   868 Kbits/sec  6.461 ms  0/75 (0%)  
[  6]  21.00-22.00  sec   110 KBytes   904 Kbits/sec  6.521 ms  0/78 (0%)  
[  6]  22.00-23.00  sec   107 KBytes   881 Kbits/sec  6.450 ms  0/76 (0%)  
[  6]  23.00-24.00  sec   106 KBytes   869 Kbits/sec  6.995 ms  0/75 (0%)  
[  6]  24.00-25.00  sec   107 KBytes   880 Kbits/sec  6.494 ms  0/76 (0%)  
[  6]  25.00-26.00  sec   107 KBytes   880 Kbits/sec  6.582 ms  0/76 (0%)  
[  6]  26.00-27.00  sec   109 KBytes   892 Kbits/sec  6.458 ms  0/77 (0%)  
[  6]  27.00-28.00  sec   109 KBytes   892 Kbits/sec  6.761 ms  0/77 (0%)  
[  6]  28.00-29.00  sec   107 KBytes   880 Kbits/sec  7.239 ms  0/76 (0%)  
[  6]  29.00-30.00  sec   107 KBytes   880 Kbits/sec  6.601 ms  0/76 (0%)  
- - - - - - - - - - - - - - - - - - - - - - - - -
[ ID] Interval           Transfer     Bitrate         Jitter    Lost/Total Datagrams
[SUM]  0.0-30.0 sec  33 datagrams received out-of-order
[  6]   0.00-30.00  sec  1.97 MBytes   549 Kbits/sec  6.601 ms  851/2274 (37%)  receiver
