-----------------------------------------------------------
Server listening on 9013 (test #1)
-----------------------------------------------------------
Accepted connection from 10.0.0.9, port 34590
[  6] local 10.0.0.13 port 9013 connected to 10.0.0.9 port 51175
[ ID] Interval           Transfer     Bitrate         Jitter    Lost/Total Datagrams
[  6]   0.00-1.00   sec  28.3 KBytes   231 Kbits/sec  0.021 ms  156/176 (89%)  
[  6]   1.00-2.00   sec   233 KBytes  1.91 Mbits/sec  0.023 ms  279/444 (63%)  
[  6]   2.00-3.00   sec   287 KBytes  2.35 Mbits/sec  0.291 ms  220/423 (52%)  
[  6]   3.00-4.00   sec   226 KBytes  1.85 Mbits/sec  0.470 ms  266/426 (62%)  
[  6]   4.00-5.00   sec   448 KBytes  3.67 Mbits/sec  1.595 ms  147/464 (32%)  
[  6]   5.00-6.00   sec   532 KBytes  4.36 Mbits/sec  1.164 ms  0/376 (0%)  
[  6]   6.00-7.00   sec   115 KBytes   939 Kbits/sec  0.154 ms  331/412 (80%)  
[  6]   7.00-8.00   sec   201 KBytes  1.64 Mbits/sec  0.038 ms  268/410 (65%)  
[  6]   8.00-9.00   sec   198 KBytes  1.62 Mbits/sec  0.065 ms  287/427 (67%)  
[  6]   9.00-10.00  sec   161 KBytes  1.32 Mbits/sec  0.020 ms  192/306 (63%)  
[  6]  10.00-11.00  sec   157 KBytes  1.29 Mbits/sec  0.102 ms  393/504 (78%)  
[  6]  11.00-12.00  sec   204 KBytes  1.67 Mbits/sec  0.076 ms  274/418 (66%)  
[  6]  12.00-13.00  sec   208 KBytes  1.70 Mbits/sec  0.100 ms  289/436 (66%)  
[  6]  13.00-14.00  sec   136 KBytes  1.11 Mbits/sec  0.073 ms  337/433 (78%)  
[  6]  14.00-15.00  sec   143 KBytes  1.17 Mbits/sec  0.020 ms  319/420 (76%)  
[  6]  15.00-16.00  sec   173 KBytes  1.41 Mbits/sec  0.089 ms  276/398 (69%)  
[  6]  16.00-17.00  sec   170 KBytes  1.39 Mbits/sec  0.108 ms  320/440 (73%)  
[  6]  17.00-18.00  sec   279 KBytes  2.28 Mbits/sec  11.289 ms  205/402 (51%)  
[  6]  18.00-19.00  sec   161 KBytes  1.32 Mbits/sec  6.520 ms  0/114 (0%)  
[  6]  19.00-20.00  sec  18.4 KBytes   151 Kbits/sec  32.258 ms  0/13 (0%)  
[  6]  20.00-21.00  sec  17.0 KBytes   139 Kbits/sec  69.824 ms  0/12 (0%)  
[  6]  21.00-22.00  sec   132 KBytes  1.08 Mbits/sec  6.870 ms  0/93 (0%)  
[  6]  22.00-23.00  sec  0.00 Bytes  0.00 bits/sec  6.870 ms  0/0 (0%)  
[  6]  23.00-24.00  sec   163 KBytes  1.33 Mbits/sec  7.814 ms  0/115 (0%)  
[  6]  24.00-25.00  sec  0.00 Bytes  0.00 bits/sec  7.814 ms  0/0 (0%)  
[  6]  25.00-26.00  sec  0.00 Bytes  0.00 bits/sec  7.814 ms  0/0 (0%)  
[  6]  26.00-27.00  sec  0.00 Bytes  0.00 bits/sec  7.814 ms  0/0 (0%)  
[  6]  27.00-28.00  sec  0.00 Bytes  0.00 bits/sec  7.814 ms  0/0 (0%)  
[  6]  28.00-29.00  sec  91.9 KBytes   753 Kbits/sec  15.634 ms  0/65 (0%)  
[  6]  29.00-30.00  sec  70.7 KBytes   579 Kbits/sec  8.005 ms  0/50 (0%)  
- - - - - - - - - - - - - - - - - - - - - - - - -
[ ID] Interval           Transfer     Bitrate         Jitter    Lost/Total Datagrams
[SUM]  0.0-30.0 sec  30 datagrams received out-of-order
[  6]   0.00-30.04  sec  4.44 MBytes  1.24 Mbits/sec  8.005 ms  4559/7777 (59%)  receiver
