-----------------------------------------------------------
Server listening on 9015 (test #1)
-----------------------------------------------------------
Accepted connection from 10.0.0.9, port 39782
[  6] local 10.0.0.15 port 9015 connected to 10.0.0.9 port 42920
[ ID] Interval           Transfer     Bitrate         Jitter    Lost/Total Datagrams
[  6]   0.00-1.00   sec  66.5 KBytes   544 Kbits/sec  0.342 ms  63/110 (57%)  
[  6]   1.00-2.00   sec   156 KBytes  1.27 Mbits/sec  2.451 ms  103/213 (48%)  
[  6]   2.00-3.00   sec   291 KBytes  2.39 Mbits/sec  4.209 ms  31/237 (13%)  
[  6]   3.00-4.00   sec   160 KBytes  1.31 Mbits/sec  2.011 ms  64/177 (36%)  
[  6]   4.00-5.00   sec  77.8 KBytes   637 Kbits/sec  0.294 ms  153/208 (74%)  
[  6]   5.00-6.00   sec  86.3 KBytes   707 Kbits/sec  0.109 ms  147/208 (71%)  
[  6]   6.00-7.00   sec  90.5 KBytes   741 Kbits/sec  0.078 ms  130/194 (67%)  
[  6]   7.00-8.00   sec   107 KBytes   880 Kbits/sec  0.129 ms  144/220 (65%)  
[  6]   8.00-9.00   sec   103 KBytes   846 Kbits/sec  0.106 ms  120/193 (62%)  
[  6]   9.00-10.00  sec   106 KBytes   869 Kbits/sec  0.093 ms  153/228 (67%)  
[  6]  10.00-11.00  sec  77.8 KBytes   637 Kbits/sec  0.154 ms  151/206 (73%)  
[  6]  11.00-12.00  sec  87.7 KBytes   718 Kbits/sec  0.124 ms  149/211 (71%)  
[  6]  12.00-13.00  sec  99.0 KBytes   811 Kbits/sec  0.086 ms  135/205 (66%)  
[  6]  13.00-14.00  sec  84.8 KBytes   695 Kbits/sec  0.181 ms  135/195 (69%)  
[  6]  14.00-15.00  sec   175 KBytes  1.44 Mbits/sec  105.122 ms  202/326 (62%)  
[  6]  15.00-16.00  sec   284 KBytes  2.33 Mbits/sec  3.429 ms  -6/195 (-3.1%)  
[  6]  16.00-17.00  sec   290 KBytes  2.37 Mbits/sec  3.528 ms  0/205 (0%)  
[  6]  17.00-18.00  sec   293 KBytes  2.40 Mbits/sec  3.674 ms  0/207 (0%)  
[  6]  18.00-19.00  sec   298 KBytes  2.44 Mbits/sec  3.431 ms  0/211 (0%)  
[  6]  19.00-20.00  sec   296 KBytes  2.42 Mbits/sec  3.241 ms  0/209 (0%)  
[  6]  20.00-21.00  sec   293 KBytes  2.40 Mbits/sec  3.420 ms  0/207 (0%)  
[  6]  21.00-22.00  sec   294 KBytes  2.41 Mbits/sec  2.908 ms  0/208 (0%)  
[  6]  22.00-23.00  sec   301 KBytes  2.47 Mbits/sec  3.088 ms  0/213 (0%)  
[  6]  23.00-24.00  sec   293 KBytes  2.40 Mbits/sec  3.587 ms  0/207 (0%)  
[  6]  24.00-25.00  sec   300 KBytes  2.46 Mbits/sec  4.322 ms  0/212 (0%)  
[  6]  25.00-26.00  sec   297 KBytes  2.43 Mbits/sec  4.561 ms  0/210 (0%)  
[  6]  26.00-27.00  sec   296 KBytes  2.42 Mbits/sec  4.810 ms  0/209 (0%)  
[  6]  27.00-28.00  sec   305 KBytes  2.50 Mbits/sec  5.679 ms  0/216 (0%)  
[  6]  28.00-29.00  sec   293 KBytes  2.40 Mbits/sec  6.002 ms  0/207 (0%)  
[  6]  29.00-30.00  sec   294 KBytes  2.41 Mbits/sec  5.903 ms  0/208 (0%)  
- - - - - - - - - - - - - - - - - - - - - - - - -
[ ID] Interval           Transfer     Bitrate         Jitter    Lost/Total Datagrams
[SUM]  0.0-30.0 sec  26 datagrams received out-of-order
[  6]   0.00-30.00  sec  6.05 MBytes  1.69 Mbits/sec  5.903 ms  1874/6255 (30%)  receiver
