-----------------------------------------------------------
Server listening on 9016 (test #1)
-----------------------------------------------------------
Accepted connection from 10.0.0.9, port 44398
[  6] local 10.0.0.16 port 9016 connected to 10.0.0.9 port 39297
[ ID] Interval           Transfer     Bitrate         Jitter    Lost/Total Datagrams
[  6]   0.00-1.00   sec  11.3 KBytes  92.6 Kbits/sec  0.017 ms  0/8 (0%)  
[  6]   1.00-2.00   sec  11.3 KBytes  92.6 Kbits/sec  0.018 ms  0/8 (0%)  
[  6]   2.00-3.00   sec  11.3 KBytes  92.8 Kbits/sec  0.012 ms  0/8 (0%)  
[  6]   3.00-4.00   sec  9.90 KBytes  81.0 Kbits/sec  0.009 ms  0/7 (0%)  
[  6]   4.00-5.00   sec  11.3 KBytes  92.7 Kbits/sec  0.007 ms  0/8 (0%)  
[  6]   5.00-6.00   sec  11.3 KBytes  92.7 Kbits/sec  0.016 ms  0/8 (0%)  
[  6]   6.00-7.00   sec  9.90 KBytes  81.1 Kbits/sec  0.017 ms  0/7 (0%)  
[  6]   7.00-8.00   sec  11.3 KBytes  92.6 Kbits/sec  0.013 ms  0/8 (0%)  
[  6]   8.00-9.00   sec  11.3 KBytes  92.7 Kbits/sec  0.013 ms  0/8 (0%)  
[  6]   9.00-10.00  sec  9.90 KBytes  81.0 Kbits/sec  0.017 ms  0/7 (0%)  
[  6]  10.00-11.00  sec  11.3 KBytes  92.7 Kbits/sec  0.015 ms  0/8 (0%)  
[  6]  11.00-12.00  sec  11.3 KBytes  92.7 Kbits/sec  0.019 ms  0/8 (0%)  
[  6]  12.00-13.00  sec  9.90 KBytes  81.1 Kbits/sec  0.019 ms  0/7 (0%)  
[  6]  13.00-14.00  sec  11.3 KBytes  92.7 Kbits/sec  0.013 ms  0/8 (0%)  
[  6]  14.00-15.00  sec  11.3 KBytes  92.7 Kbits/sec  0.013 ms  0/8 (0%)  
[  6]  15.00-16.00  sec  9.90 KBytes  81.1 Kbits/sec  0.023 ms  0/7 (0%)  
[  6]  16.00-17.00  sec  11.3 KBytes  92.7 Kbits/sec  0.023 ms  0/8 (0%)  
[  6]  17.00-18.00  sec  9.90 KBytes  81.1 Kbits/sec  2.509 ms  0/7 (0%)  
[  6]  18.00-19.00  sec  11.3 KBytes  92.7 Kbits/sec  7.965 ms  0/8 (0%)  
[  6]  19.00-20.00  sec  9.90 KBytes  81.1 Kbits/sec  7.788 ms  0/7 (0%)  
[  6]  20.00-21.00  sec  11.3 KBytes  92.6 Kbits/sec  7.431 ms  0/8 (0%)  
[  6]  21.00-22.00  sec  11.3 KBytes  92.7 Kbits/sec  7.186 ms  0/8 (0%)  
[  6]  22.00-23.00  sec  9.90 KBytes  81.1 Kbits/sec  7.121 ms  0/7 (0%)  
[  6]  23.00-24.00  sec  11.3 KBytes  92.6 Kbits/sec  7.896 ms  0/8 (0%)  
[  6]  24.00-25.00  sec  11.3 KBytes  92.7 Kbits/sec  8.276 ms  0/8 (0%)  
[  6]  25.00-26.00  sec  11.3 KBytes  92.7 Kbits/sec  6.390 ms  0/8 (0%)  
[  6]  26.00-27.00  sec  9.90 KBytes  81.1 Kbits/sec  5.302 ms  0/7 (0%)  
[  6]  27.00-28.00  sec  11.3 KBytes  92.7 Kbits/sec  4.530 ms  0/8 (0%)  
[  6]  28.00-29.00  sec  11.3 KBytes  92.7 Kbits/sec  5.763 ms  0/8 (0%)  
[  6]  29.00-30.00  sec  11.3 KBytes  92.7 Kbits/sec  7.511 ms  0/8 (0%)  
- - - - - - - - - - - - - - - - - - - - - - - - -
[ ID] Interval           Transfer     Bitrate         Jitter    Lost/Total Datagrams
[  6]   0.00-30.00  sec   327 KBytes  89.2 Kbits/sec  7.511 ms  0/231 (0%)  receiver
