-----------------------------------------------------------
Server listening on 9018 (test #1)
-----------------------------------------------------------
Accepted connection from 10.0.0.9, port 51870
[  6] local 10.0.0.18 port 9018 connected to 10.0.0.9 port 54151
[ ID] Interval           Transfer     Bitrate         Jitter    Lost/Total Datagrams
[  6]   0.00-1.00   sec  28.3 KBytes   231 Kbits/sec  9.066 ms  9/29 (31%)  
[  6]   1.00-2.00   sec  19.8 KBytes   162 Kbits/sec  4.031 ms  30/44 (68%)  
[  6]   2.00-3.00   sec  19.8 KBytes   162 Kbits/sec  1.736 ms  39/53 (74%)  
[  6]   3.00-4.00   sec  21.2 KBytes   174 Kbits/sec  0.716 ms  41/56 (73%)  
[  6]   4.00-5.00   sec  14.1 KBytes   116 Kbits/sec  0.421 ms  49/59 (83%)  
[  6]   5.00-6.00   sec  26.9 KBytes   220 Kbits/sec  0.247 ms  38/57 (67%)  
[  6]   6.00-7.00   sec  26.9 KBytes   220 Kbits/sec  0.196 ms  35/54 (65%)  
[  6]   7.00-8.00   sec  17.0 KBytes   139 Kbits/sec  0.244 ms  41/53 (77%)  
[  6]   8.00-9.00   sec  22.6 KBytes   186 Kbits/sec  0.206 ms  26/42 (62%)  
[  6]   9.00-10.00  sec  19.8 KBytes   162 Kbits/sec  0.179 ms  45/59 (76%)  
[  6]  10.00-11.00  sec  9.90 KBytes  81.0 Kbits/sec  0.227 ms  50/57 (88%)  
[  6]  11.00-12.00  sec  21.2 KBytes   174 Kbits/sec  0.298 ms  43/58 (74%)  
[  6]  12.00-13.00  sec  38.2 KBytes   313 Kbits/sec  10.792 ms  16/43 (37%)  
[  6]  13.00-14.00  sec  11.3 KBytes  92.7 Kbits/sec  47.697 ms  0/8 (0%)  
[  6]  14.00-15.00  sec  4.24 KBytes  34.7 Kbits/sec  96.840 ms  0/3 (0%)  
[  6]  15.00-16.00  sec  5.66 KBytes  46.3 Kbits/sec  132.294 ms  0/4 (0%)  
[  6]  16.00-17.00  sec  62.2 KBytes   510 Kbits/sec  16.130 ms  0/44 (0%)  
[  6]  17.00-18.00  sec  93.3 KBytes   765 Kbits/sec  8.470 ms  0/66 (0%)  
[  6]  18.00-19.00  sec  12.7 KBytes   104 Kbits/sec  40.281 ms  0/9 (0%)  
[  6]  19.00-20.00  sec  43.8 KBytes   359 Kbits/sec  20.429 ms  0/31 (0%)  
[  6]  20.00-21.00  sec   109 KBytes   892 Kbits/sec  7.400 ms  0/77 (0%)  
[  6]  21.00-22.00  sec  4.24 KBytes  34.8 Kbits/sec  51.587 ms  0/3 (0%)  
[  6]  22.00-23.00  sec  38.2 KBytes   313 Kbits/sec  25.961 ms  0/27 (0%)  
[  6]  23.00-24.00  sec  29.7 KBytes   243 Kbits/sec  12.496 ms  0/21 (0%)  
[  6]  24.00-25.00  sec  74.9 KBytes   614 Kbits/sec  9.774 ms  0/53 (0%)  
[  6]  25.00-26.00  sec  22.6 KBytes   185 Kbits/sec  28.494 ms  0/16 (0%)  
[  6]  26.00-27.00  sec   516 KBytes  4.23 Mbits/sec  2325.081 ms  61/426 (14%)  
[  6]  27.00-28.00  sec   163 KBytes  1.33 Mbits/sec  474.714 ms  -61/54 (-1.1e+02%)  
[  6]  28.00-29.00  sec  76.4 KBytes   626 Kbits/sec  17.366 ms  0/54 (0%)  
[  6]  29.00-30.00  sec  74.9 KBytes   614 Kbits/sec  4.826 ms  0/53 (0%)  
- - - - - - - - - - - - - - - - - - - - - - - - -
[ ID] Interval           Transfer     Bitrate         Jitter    Lost/Total Datagrams
[SUM]  0.0-30.0 sec  111 datagrams received out-of-order
[  6]   0.00-30.00  sec  1.59 MBytes   444 Kbits/sec  4.826 ms  462/1613 (29%)  receiver
