-----------------------------------------------------------
Server listening on 9019 (test #1)
-----------------------------------------------------------
Accepted connection from 10.0.0.9, port 40336
[  6] local 10.0.0.19 port 9019 connected to 10.0.0.9 port 39343
[ ID] Interval           Transfer     Bitrate         Jitter    Lost/Total Datagrams
[  6]   0.00-1.00   sec  8.48 KBytes  69.4 Kbits/sec  8.445 ms  0/6 (0%)  
[  6]   1.00-2.00   sec  5.66 KBytes  46.3 Kbits/sec  9.294 ms  9/13 (69%)  
[  6]   2.00-3.00   sec  5.66 KBytes  46.3 Kbits/sec  7.273 ms  9/13 (69%)  
[  6]   3.00-4.00   sec  5.66 KBytes  46.4 Kbits/sec  5.656 ms  8/12 (67%)  
[  6]   4.00-5.00   sec  4.24 KBytes  34.8 Kbits/sec  4.694 ms  10/13 (77%)  
[  6]   5.00-6.00   sec  4.24 KBytes  34.7 Kbits/sec  3.910 ms  6/9 (67%)  
[  6]   6.00-7.00   sec  7.07 KBytes  57.9 Kbits/sec  2.976 ms  9/14 (64%)  
[  6]   7.00-8.00   sec  7.07 KBytes  57.9 Kbits/sec  2.298 ms  9/14 (64%)  
[  6]   8.00-9.00   sec  4.24 KBytes  34.7 Kbits/sec  2.000 ms  10/13 (77%)  
[  6]   9.00-10.00  sec  4.24 KBytes  34.7 Kbits/sec  1.685 ms  10/13 (77%)  
[  6]  10.00-11.00  sec  4.24 KBytes  34.8 Kbits/sec  1.463 ms  3/6 (50%)  
[  6]  11.00-12.00  sec  8.48 KBytes  69.5 Kbits/sec  27.196 ms  19/25 (76%)  
[  6]  12.00-13.00  sec  8.48 KBytes  69.6 Kbits/sec  49.818 ms  0/6 (0%)  
[  6]  13.00-14.00  sec  4.24 KBytes  34.7 Kbits/sec  78.213 ms  0/3 (0%)  
[  6]  14.00-15.00  sec  1.41 KBytes  11.6 Kbits/sec  142.398 ms  0/1 (0%)  
[  6]  15.00-16.00  sec  0.00 Bytes  0.00 bits/sec  142.398 ms  0/0 (0%)  
[  6]  16.00-17.00  sec  9.90 KBytes  81.0 Kbits/sec  165.200 ms  0/7 (0%)  
[  6]  17.00-18.00  sec  26.9 KBytes   220 Kbits/sec  69.299 ms  0/19 (0%)  
[  6]  18.00-19.00  sec  2.83 KBytes  23.2 Kbits/sec  113.309 ms  0/2 (0%)  
[  6]  19.00-20.00  sec  5.66 KBytes  46.3 Kbits/sec  136.347 ms  0/4 (0%)  
[  6]  20.00-21.00  sec  28.3 KBytes   232 Kbits/sec  58.698 ms  0/20 (0%)  
[  6]  21.00-22.00  sec  2.83 KBytes  23.2 Kbits/sec  61.549 ms  0/2 (0%)  
[  6]  22.00-23.00  sec  4.24 KBytes  34.8 Kbits/sec  137.560 ms  0/3 (0%)  
[  6]  23.00-24.00  sec  12.7 KBytes   104 Kbits/sec  428.237 ms  75/84 (89%)  
[  6]  24.00-25.00  sec  35.4 KBytes   290 Kbits/sec  3526.993 ms  -13/12 (-1.1e+02%)  
[  6]  25.00-26.00  sec  22.6 KBytes   185 Kbits/sec  3130.109 ms  -3/13 (-23%)  
[  6]  26.00-27.00  sec  82.0 KBytes   672 Kbits/sec  1823.073 ms  -46/12 (-3.8e+02%)  
[  6]  27.00-28.00  sec  28.3 KBytes   232 Kbits/sec  1286.376 ms  -7/13 (-54%)  
[  6]  28.00-29.00  sec  26.9 KBytes   220 Kbits/sec  1303.719 ms  -6/13 (-46%)  
[  6]  29.00-30.00  sec  17.0 KBytes   139 Kbits/sec  601.935 ms  0/12 (0%)  
- - - - - - - - - - - - - - - - - - - - - - - - -
[ ID] Interval           Transfer     Bitrate         Jitter    Lost/Total Datagrams
[SUM]  0.0-30.0 sec  75 datagrams received out-of-order
[  6]   0.00-30.00  sec   389 KBytes   106 Kbits/sec  601.935 ms  102/377 (27%)  receiver
