-----------------------------------------------------------
Server listening on 9020 (test #1)
-----------------------------------------------------------
Accepted connection from 10.0.0.9, port 59596
[  6] local 10.0.0.20 port 9020 connected to 10.0.0.9 port 44882
[ ID] Interval           Transfer     Bitrate         Jitter    Lost/Total Datagrams
[  6]   0.00-1.00   sec  24.0 KBytes   197 Kbits/sec  4.133 ms  28/45 (62%)  
[  6]   1.00-2.00   sec  22.6 KBytes   185 Kbits/sec  1.671 ms  69/85 (81%)  
[  6]   2.00-3.00   sec  36.8 KBytes   301 Kbits/sec  0.466 ms  55/81 (68%)  
[  6]   3.00-4.00   sec  33.9 KBytes   278 Kbits/sec  0.253 ms  65/89 (73%)  
[  6]   4.00-5.00   sec  33.9 KBytes   278 Kbits/sec  0.187 ms  56/80 (70%)  
[  6]   5.00-6.00   sec  36.8 KBytes   301 Kbits/sec  0.284 ms  53/79 (67%)  
[  6]   6.00-7.00   sec  45.2 KBytes   371 Kbits/sec  0.273 ms  62/94 (66%)  
[  6]   7.00-8.00   sec  31.1 KBytes   255 Kbits/sec  0.288 ms  66/88 (75%)  
[  6]   8.00-9.00   sec  28.3 KBytes   232 Kbits/sec  0.277 ms  62/82 (76%)  
[  6]   9.00-10.00  sec  35.4 KBytes   290 Kbits/sec  0.272 ms  64/89 (72%)  
[  6]  10.00-11.00  sec  22.6 KBytes   185 Kbits/sec  0.274 ms  51/67 (76%)  
[  6]  11.00-12.00  sec  38.2 KBytes   313 Kbits/sec  24.729 ms  116/143 (81%)  
[  6]  12.00-13.00  sec   144 KBytes  1.18 Mbits/sec  13.786 ms  -22/80 (-28%)  
[  6]  13.00-14.00  sec   119 KBytes   974 Kbits/sec  6.069 ms  0/84 (0%)  
[  6]  14.00-15.00  sec   119 KBytes   972 Kbits/sec  5.804 ms  0/84 (0%)  
[  6]  15.00-16.00  sec   122 KBytes   996 Kbits/sec  6.390 ms  0/86 (0%)  
[  6]  16.00-17.00  sec   122 KBytes   997 Kbits/sec  6.207 ms  0/86 (0%)  
[  6]  17.00-18.00  sec   119 KBytes   973 Kbits/sec  6.294 ms  0/84 (0%)  
[  6]  18.00-19.00  sec   120 KBytes   984 Kbits/sec  5.649 ms  0/85 (0%)  
[  6]  19.00-20.00  sec   123 KBytes  1.01 Mbits/sec  6.091 ms  0/87 (0%)  
[  6]  20.00-21.00  sec   120 KBytes   985 Kbits/sec  6.347 ms  0/85 (0%)  
[  6]  21.00-22.00  sec   122 KBytes   996 Kbits/sec  6.887 ms  0/86 (0%)  
[  6]  22.00-23.00  sec   122 KBytes   996 Kbits/sec  6.729 ms  0/86 (0%)  
[  6]  23.00-24.00  sec   122 KBytes   996 Kbits/sec  6.783 ms  0/86 (0%)  
[  6]  24.00-25.00  sec   123 KBytes  1.01 Mbits/sec  7.742 ms  0/87 (0%)  
[  6]  25.00-26.00  sec   120 KBytes   985 Kbits/sec  8.082 ms  0/85 (0%)  
[  6]  26.00-27.00  sec   120 KBytes   985 Kbits/sec  7.934 ms  0/85 (0%)  
[  6]  27.00-28.00  sec   120 KBytes   984 Kbits/sec  7.820 ms  0/85 (0%)  
[  6]  28.00-29.00  sec   120 KBytes   985 Kbits/sec  8.069 ms  0/85 (0%)  
[  6]  29.00-30.00  sec   122 KBytes   997 Kbits/sec  8.287 ms  0/86 (0%)  
- - - - - - - - - - - - - - - - - - - - - - - - -
[ ID] Interval           Transfer     Bitrate         Jitter    Lost/Total Datagrams
[SUM]  0.0-30.0 sec  22 datagrams received out-of-order
[  6]   0.00-30.00  sec  2.53 MBytes   706 Kbits/sec  8.287 ms  725/2554 (28%)  receiver
