-----------------------------------------------------------
Server listening on 9021 (test #1)
-----------------------------------------------------------
Accepted connection from 10.0.0.9, port 37912
[  6] local 10.0.0.21 port 9021 connected to 10.0.0.9 port 59759
[ ID] Interval           Transfer     Bitrate         Jitter    Lost/Total Datagrams
[  6]   0.00-1.00   sec   226 KBytes  1.85 Mbits/sec  7.083 ms  0/160 (0%)  
[  6]   1.00-2.00   sec   228 KBytes  1.87 Mbits/sec  7.436 ms  0/161 (0%)  
[  6]   2.00-3.00   sec   232 KBytes  1.90 Mbits/sec  7.442 ms  0/164 (0%)  
[  6]   3.00-4.00   sec   232 KBytes  1.90 Mbits/sec  7.443 ms  0/164 (0%)  
[  6]   4.00-5.00   sec   230 KBytes  1.89 Mbits/sec  6.848 ms  0/163 (0%)  
[  6]   5.00-6.00   sec   229 KBytes  1.88 Mbits/sec  7.889 ms  0/162 (0%)  
[  6]   6.00-7.00   sec   230 KBytes  1.89 Mbits/sec  7.332 ms  0/163 (0%)  
[  6]   7.00-8.00   sec   228 KBytes  1.87 Mbits/sec  7.203 ms  0/161 (0%)  
[  6]   8.00-9.00   sec   230 KBytes  1.89 Mbits/sec  6.087 ms  0/163 (0%)  
[  6]   9.00-10.00  sec   235 KBytes  1.92 Mbits/sec  7.165 ms  0/166 (0%)  
[  6]  10.00-11.00  sec   230 KBytes  1.89 Mbits/sec  6.756 ms  0/163 (0%)  
[  6]  11.00-12.00  sec   232 KBytes  1.90 Mbits/sec  6.819 ms  0/164 (0%)  
[  6]  12.00-13.00  sec   230 KBytes  1.89 Mbits/sec  6.796 ms  0/163 (0%)  
[  6]  13.00-14.00  sec   229 KBytes  1.88 Mbits/sec  6.910 ms  0/162 (0%)  
[  6]  14.00-15.00  sec   229 KBytes  1.88 Mbits/sec  6.206 ms  0/162 (0%)  
[  6]  15.00-16.00  sec   236 KBytes  1.93 Mbits/sec  6.148 ms  0/167 (0%)  
[  6]  16.00-17.00  sec   232 KBytes  1.90 Mbits/sec  0.009 ms  0/164 (0%)  
[  6]  17.00-18.00  sec   230 KBytes  1.89 Mbits/sec  0.007 ms  0/163 (0%)  
[  6]  18.00-19.00  sec   230 KBytes  1.89 Mbits/sec  0.010 ms  0/163 (0%)  
[  6]  19.00-20.00  sec   230 KBytes  1.89 Mbits/sec  0.009 ms  0/163 (0%)  
[  6]  20.00-21.00  sec   230 KBytes  1.89 Mbits/sec  0.002 ms  0/163 (0%)  
[  6]  21.00-22.00  sec   230 KBytes  1.89 Mbits/sec  0.012 ms  0/163 (0%)  
[  6]  22.00-23.00  sec   230 KBytes  1.89 Mbits/sec  0.009 ms  0/163 (0%)  
[  6]  23.00-24.00  sec   229 KBytes  1.88 Mbits/sec  0.006 ms  0/162 (0%)  
[  6]  24.00-25.00  sec   232 KBytes  1.90 Mbits/sec  0.009 ms  0/164 (0%)  
[  6]  25.00-26.00  sec   230 KBytes  1.89 Mbits/sec  0.010 ms  0/163 (0%)  
[  6]  26.00-27.00  sec   230 KBytes  1.89 Mbits/sec  0.014 ms  0/163 (0%)  
[  6]  27.00-28.00  sec   229 KBytes  1.88 Mbits/sec  0.007 ms  0/162 (0%)  
[  6]  28.00-29.00  sec   232 KBytes  1.90 Mbits/sec  0.010 ms  0/164 (0%)  
[  6]  29.00-30.00  sec   230 KBytes  1.89 Mbits/sec  0.009 ms  0/163 (0%)  
- - - - - - - - - - - - - - - - - - - - - - - - -
[ ID] Interval           Transfer     Bitrate         Jitter    Lost/Total Datagrams
[SUM]  0.0-30.0 sec  11 datagrams received out-of-order
[  6]   0.00-30.01  sec  6.75 MBytes  1.89 Mbits/sec  0.009 ms  0/4891 (0%)  receiver
