-----------------------------------------------------------
Server listening on 9022 (test #1)
-----------------------------------------------------------
Accepted connection from 10.0.0.9, port 52196
[  6] local 10.0.0.22 port 9022 connected to 10.0.0.9 port 43489
[ ID] Interval           Transfer     Bitrate         Jitter    Lost/Total Datagrams
[  6]   0.00-1.00   sec   137 KBytes  1.12 Mbits/sec  0.249 ms  202/299 (68%)  
[  6]   1.00-2.00   sec   198 KBytes  1.62 Mbits/sec  0.263 ms  429/569 (75%)  
[  6]   2.00-3.00   sec   222 KBytes  1.82 Mbits/sec  0.242 ms  409/566 (72%)  
[  6]   3.00-4.00   sec   273 KBytes  2.24 Mbits/sec  0.201 ms  376/569 (66%)  
[  6]   4.00-5.00   sec   246 KBytes  2.02 Mbits/sec  0.169 ms  395/569 (69%)  
[  6]   5.00-6.00   sec   242 KBytes  1.98 Mbits/sec  0.147 ms  353/524 (67%)  
[  6]   6.00-7.00   sec   322 KBytes  2.64 Mbits/sec  0.182 ms  384/612 (63%)  
[  6]   7.00-8.00   sec   247 KBytes  2.03 Mbits/sec  0.197 ms  394/569 (69%)  
[  6]   8.00-9.00   sec   247 KBytes  2.03 Mbits/sec  0.169 ms  393/568 (69%)  
[  6]   9.00-10.00  sec   272 KBytes  2.22 Mbits/sec  0.242 ms  376/568 (66%)  
[  6]  10.00-11.00  sec   209 KBytes  1.71 Mbits/sec  0.175 ms  422/570 (74%)  
[  6]  11.00-12.00  sec   242 KBytes  1.98 Mbits/sec  45.616 ms  651/822 (79%)  
[  6]  12.00-13.00  sec  1.04 MBytes  8.72 Mbits/sec  1.664 ms  -212/541 (-39%)  
[  6]  13.00-14.00  sec   807 KBytes  6.61 Mbits/sec  1.075 ms  0/571 (0%)  
[  6]  14.00-15.00  sec   796 KBytes  6.53 Mbits/sec  1.268 ms  0/563 (0%)  
[  6]  15.00-16.00  sec   810 KBytes  6.64 Mbits/sec  0.982 ms  0/573 (0%)  
[  6]  16.00-17.00  sec   798 KBytes  6.53 Mbits/sec  1.027 ms  0/564 (0%)  
[  6]  17.00-18.00  sec   810 KBytes  6.64 Mbits/sec  1.025 ms  0/573 (0%)  
[  6]  18.00-19.00  sec   800 KBytes  6.55 Mbits/sec  1.172 ms  0/566 (0%)  
[  6]  19.00-20.00  sec   807 KBytes  6.61 Mbits/sec  1.362 ms  0/571 (0%)  
[  6]  20.00-21.00  sec   803 KBytes  6.58 Mbits/sec  1.056 ms  0/568 (0%)  
[  6]  21.00-22.00  sec   827 KBytes  6.78 Mbits/sec  1.679 ms  0/585 (0%)  
[  6]  22.00-23.00  sec   799 KBytes  6.54 Mbits/sec  1.796 ms  0/565 (0%)  
[  6]  23.00-24.00  sec   796 KBytes  6.52 Mbits/sec  1.873 ms  0/563 (0%)  
[  6]  24.00-25.00  sec   827 KBytes  6.78 Mbits/sec  2.340 ms  0/585 (0%)  
[  6]  25.00-26.00  sec   806 KBytes  6.60 Mbits/sec  2.128 ms  0/570 (0%)  
[  6]  26.00-27.00  sec   802 KBytes  6.57 Mbits/sec  3.046 ms  0/567 (0%)  
[  6]  27.00-28.00  sec   805 KBytes  6.59 Mbits/sec  2.321 ms  0/569 (0%)  
[  6]  28.00-29.00  sec   813 KBytes  6.66 Mbits/sec  2.457 ms  0/575 (0%)  
[  6]  29.00-30.00  sec   813 KBytes  6.66 Mbits/sec  1.631 ms  0/575 (0%)  
- - - - - - - - - - - - - - - - - - - - - - - - -
[ ID] Interval           Transfer     Bitrate         Jitter    Lost/Total Datagrams
[SUM]  0.0-30.0 sec  216 datagrams received out-of-order
[  6]   0.00-30.00  sec  17.2 MBytes  4.82 Mbits/sec  1.631 ms  4572/17049 (27%)  receiver
