-----------------------------------------------------------
Server listening on 9023 (test #1)
-----------------------------------------------------------
Accepted connection from 10.0.0.9, port 56500
[  6] local 10.0.0.23 port 9023 connected to 10.0.0.9 port 55729
[ ID] Interval           Transfer     Bitrate         Jitter    Lost/Total Datagrams
[  6]   0.00-1.00   sec  1.41 KBytes  11.6 Kbits/sec  0.000 ms  0/1 (0%)  
[  6]   1.00-2.00   sec  1.41 KBytes  11.6 Kbits/sec  0.221 ms  1/2 (50%)  
[  6]   2.00-3.00   sec  0.00 Bytes  0.00 bits/sec  0.221 ms  0/0 (0%)  
[  6]   3.00-4.00   sec  1.41 KBytes  11.6 Kbits/sec  0.264 ms  1/2 (50%)  
[  6]   4.00-5.00   sec  0.00 Bytes  0.00 bits/sec  0.264 ms  0/0 (0%)  
[  6]   5.00-6.00   sec  0.00 Bytes  0.00 bits/sec  0.264 ms  0/0 (0%)  
[  6]   6.00-7.00   sec  0.00 Bytes  0.00 bits/sec  0.264 ms  0/0 (0%)  
[  6]   7.00-8.00   sec  0.00 Bytes  0.00 bits/sec  0.264 ms  0/0 (0%)  
[  6]   8.00-9.00   sec  0.00 Bytes  0.00 bits/sec  0.264 ms  0/0 (0%)  
[  6]   9.00-10.00  sec  1.41 KBytes  11.6 Kbits/sec  0.311 ms  7/8 (88%)  
[  6]  10.00-11.00  sec  1.41 KBytes  11.6 Kbits/sec  0.325 ms  0/1 (0%)  
[  6]  11.00-12.00  sec  1.41 KBytes  11.6 Kbits/sec  30.071 ms  1/2 (50%)  
[  6]  12.00-13.00  sec  2.83 KBytes  23.2 Kbits/sec  31.111 ms  0/2 (0%)  
[  6]  13.00-14.00  sec  1.41 KBytes  11.6 Kbits/sec  29.505 ms  0/1 (0%)  
[  6]  14.00-15.00  sec  1.41 KBytes  11.6 Kbits/sec  28.795 ms  0/1 (0%)  
[  6]  15.00-16.00  sec  2.83 KBytes  23.2 Kbits/sec  26.097 ms  0/2 (0%)  
[  6]  16.00-17.00  sec  1.41 KBytes  11.6 Kbits/sec  24.931 ms  0/1 (0%)  
[  6]  17.00-18.00  sec  1.41 KBytes  11.6 Kbits/sec  23.669 ms  0/1 (0%)  
[  6]  18.00-19.00  sec  2.83 KBytes  23.2 Kbits/sec  21.699 ms  0/2 (0%)  
[  6]  19.00-20.00  sec  1.41 KBytes  11.6 Kbits/sec  20.416 ms  0/1 (0%)  
[  6]  20.00-21.00  sec  1.41 KBytes  11.6 Kbits/sec  19.205 ms  0/1 (0%)  
[  6]  21.00-22.00  sec  2.83 KBytes  23.2 Kbits/sec  18.781 ms  0/2 (0%)  
[  6]  22.00-23.00  sec  1.41 KBytes  11.6 Kbits/sec  17.844 ms  0/1 (0%)  
[  6]  23.00-24.00  sec  2.83 KBytes  23.2 Kbits/sec  17.378 ms  0/2 (0%)  
[  6]  24.00-25.00  sec  1.41 KBytes  11.6 Kbits/sec  16.867 ms  0/1 (0%)  
[  6]  25.00-26.00  sec  1.41 KBytes  11.6 Kbits/sec  16.085 ms  0/1 (0%)  
[  6]  26.00-27.00  sec  2.83 KBytes  23.2 Kbits/sec  14.409 ms  0/2 (0%)  
[  6]  27.00-28.00  sec  1.41 KBytes  11.6 Kbits/sec  13.631 ms  0/1 (0%)  
[  6]  28.00-29.00  sec  1.41 KBytes  11.6 Kbits/sec  12.926 ms  0/1 (0%)  
[  6]  29.00-30.00  sec  2.83 KBytes  23.2 Kbits/sec  13.316 ms  0/2 (0%)  
- - - - - - - - - - - - - - - - - - - - - - - - -
[ ID] Interval           Transfer     Bitrate         Jitter    Lost/Total Datagrams
[  6]   0.00-30.00  sec  43.8 KBytes  12.0 Kbits/sec  13.316 ms  10/41 (24%)  receiver
