-----------------------------------------------------------
Server listening on 9003 (test #1)
-----------------------------------------------------------
Accepted connection from 10.0.0.9, port 49926
[  6] local 10.0.0.3 port 9003 connected to 10.0.0.9 port 37954
[ ID] Interval           Transfer     Bitrate         Jitter    Lost/Total Datagrams
[  6]   0.00-1.00   sec  1.41 KBytes  11.6 Kbits/sec  0.000 ms  0/1 (0%)  
[  6]   1.00-2.00   sec  0.00 Bytes  0.00 bits/sec  0.000 ms  0/0 (0%)  
[  6]   2.00-3.00   sec  1.41 KBytes  11.6 Kbits/sec  4.797 ms  0/1 (0%)  
[  6]   3.00-4.00   sec  0.00 Bytes  0.00 bits/sec  4.797 ms  0/0 (0%)  
[  6]   4.00-5.00   sec  0.00 Bytes  0.00 bits/sec  4.797 ms  0/0 (0%)  
[  6]   5.00-6.00   sec  0.00 Bytes  0.00 bits/sec  4.797 ms  0/0 (0%)  
[  6]   6.00-7.00   sec  0.00 Bytes  0.00 bits/sec  4.797 ms  0/0 (0%)  
[  6]   7.00-8.00   sec  0.00 Bytes  0.00 bits/sec  4.797 ms  0/0 (0%)  
[  6]   8.00-9.00   sec  1.41 KBytes  11.6 Kbits/sec  9.508 ms  2/3 (67%)  
[  6]   9.00-10.00  sec  0.00 Bytes  0.00 bits/sec  9.508 ms  0/0 (0%)  
[  6]  10.00-11.00  sec  0.00 Bytes  0.00 bits/sec  9.508 ms  0/0 (0%)  
[  6]  11.00-12.00  sec  1.41 KBytes  11.6 Kbits/sec  20.078 ms  0/1 (0%)  
[  6]  12.00-13.00  sec  0.00 Bytes  0.00 bits/sec  20.078 ms  0/0 (0%)  
[  6]  13.00-14.00  sec  1.41 KBytes  11.6 Kbits/sec  18.900 ms  0/1 (0%)  
[  6]  14.00-15.00  sec  0.00 Bytes  0.00 bits/sec  18.900 ms  0/0 (0%)  
[  6]  15.00-16.00  sec  1.41 KBytes  11.6 Kbits/sec  17.756 ms  0/1 (0%)  
[  6]  16.00-17.00  sec  0.00 Bytes  0.00 bits/sec  17.756 ms  0/0 (0%)  
[  6]  17.00-18.00  sec  1.41 KBytes  11.6 Kbits/sec  16.660 ms  0/1 (0%)  
[  6]  18.00-19.00  sec  0.00 Bytes  0.00 bits/sec  16.660 ms  0/0 (0%)  
[  6]  19.00-20.00  sec  0.00 Bytes  0.00 bits/sec  16.660 ms  0/0 (0%)  
[  6]  20.00-21.00  sec  0.00 Bytes  0.00 bits/sec  16.660 ms  0/0 (0%)  
[  6]  21.00-22.00  sec  1.41 KBytes  11.6 Kbits/sec  43.223 ms  1/2 (50%)  
[  6]  22.00-23.00  sec  0.00 Bytes  0.00 bits/sec  43.223 ms  0/0 (0%)  
[  6]  23.00-24.00  sec  1.41 KBytes  11.6 Kbits/sec  43.246 ms  0/1 (0%)  
[  6]  24.00-25.00  sec  0.00 Bytes  0.00 bits/sec  43.246 ms  0/0 (0%)  
[  6]  25.00-26.00  sec  1.41 KBytes  11.6 Kbits/sec  40.564 ms  0/1 (0%)  
[  6]  26.00-27.00  sec  0.00 Bytes  0.00 bits/sec  40.564 ms  0/0 (0%)  
[  6]  27.00-28.00  sec  1.41 KBytes  11.6 Kbits/sec  38.353 ms  0/1 (0%)  
[  6]  28.00-29.00  sec  0.00 Bytes  0.00 bits/sec  38.353 ms  0/0 (0%)  
[  6]  29.00-30.00  sec  1.41 KBytes  11.6 Kbits/sec  36.158 ms  0/1 (0%)  
- - - - - - - - - - - - - - - - - - - - - - - - -
[ ID] Interval           Transfer     Bitrate         Jitter    Lost/Total Datagrams
[  6]   0.00-30.00  sec  17.0 KBytes  4.63 Kbits/sec  36.158 ms  3/15 (20%)  receiver
