-----------------------------------------------------------
Server listening on 9004 (test #1)
-----------------------------------------------------------
Accepted connection from 10.0.0.9, port 42998
[  6] local 10.0.0.4 port 9004 connected to 10.0.0.9 port 42550
[ ID] Interval           Transfer     Bitrate         Jitter    Lost/Total Datagrams
[  6]   0.00-1.00   sec   486 KBytes  3.98 Mbits/sec  0.483 ms  0/344 (0%)  
[  6]   1.00-2.00   sec   494 KBytes  4.04 Mbits/sec  0.506 ms  0/349 (0%)  
[  6]   2.00-3.00   sec   491 KBytes  4.02 Mbits/sec  0.498 ms  0/347 (0%)  
[  6]   3.00-4.00   sec   451 KBytes  3.70 Mbits/sec  0.172 ms  2404/2723 (88%)  
[  6]   4.00-5.00   sec   411 KBytes  3.37 Mbits/sec  0.043 ms  645/936 (69%)  
[  6]   5.00-6.00   sec   532 KBytes  4.36 Mbits/sec  2.324 ms  840/1216 (69%)  
[  6]   6.00-7.00   sec   529 KBytes  4.33 Mbits/sec  8.857 ms  695/1069 (65%)  
[  6]   7.00-8.00   sec   622 KBytes  5.10 Mbits/sec  23.197 ms  319/759 (42%)  
[  6]   8.00-9.00   sec   636 KBytes  5.22 Mbits/sec  0.493 ms  0/450 (0%)  
[  6]   9.00-10.00  sec   219 KBytes  1.80 Mbits/sec  0.105 ms  1832/1987 (92%)  
[  6]  10.00-11.00  sec   472 KBytes  3.87 Mbits/sec  0.062 ms  749/1083 (69%)  
[  6]  11.00-12.00  sec   460 KBytes  3.76 Mbits/sec  0.089 ms  731/1056 (69%)  
[  6]  12.00-13.00  sec   624 KBytes  5.11 Mbits/sec  0.073 ms  560/1001 (56%)  
[  6]  13.00-14.00  sec   472 KBytes  3.87 Mbits/sec  0.096 ms  818/1153 (71%)  
[  6]  14.00-15.00  sec   580 KBytes  4.75 Mbits/sec  0.054 ms  658/1068 (62%)  
[  6]  15.00-16.00  sec   379 KBytes  3.11 Mbits/sec  0.041 ms  803/1071 (75%)  
[  6]  16.00-17.00  sec   428 KBytes  3.51 Mbits/sec  0.052 ms  761/1064 (72%)  
[  6]  17.00-18.00  sec   550 KBytes  4.50 Mbits/sec  0.052 ms  686/1075 (64%)  
[  6]  18.00-19.00  sec   506 KBytes  4.15 Mbits/sec  0.062 ms  673/1031 (65%)  
[  6]  19.00-20.00  sec   513 KBytes  4.20 Mbits/sec  0.116 ms  735/1098 (67%)  
[  6]  20.00-21.00  sec  1.29 MBytes  10.8 Mbits/sec  0.586 ms  581/1513 (38%)  
[  6]  21.00-22.00  sec  1.47 MBytes  12.4 Mbits/sec  0.455 ms  0/1068 (0%)  
[  6]  22.00-23.00  sec  1.46 MBytes  12.3 Mbits/sec  0.427 ms  0/1058 (0%)  
[  6]  23.00-24.00  sec  1.50 MBytes  12.5 Mbits/sec  0.434 ms  0/1083 (0%)  
[  6]  24.00-25.00  sec  1.47 MBytes  12.3 Mbits/sec  0.438 ms  0/1061 (0%)  
[  6]  25.00-26.00  sec  1.48 MBytes  12.4 Mbits/sec  0.834 ms  0/1069 (0%)  
[  6]  26.00-27.00  sec  1.48 MBytes  12.4 Mbits/sec  0.997 ms  0/1070 (0%)  
[  6]  27.00-28.00  sec  1.48 MBytes  12.4 Mbits/sec  1.161 ms  0/1071 (0%)  
[  6]  28.00-29.00  sec  1.49 MBytes  12.5 Mbits/sec  0.581 ms  0/1081 (0%)  
[  6]  29.00-30.00  sec  1.47 MBytes  12.3 Mbits/sec  0.468 ms  0/1063 (0%)  
- - - - - - - - - - - - - - - - - - - - - - - - -
[ ID] Interval           Transfer     Bitrate         Jitter    Lost/Total Datagrams
[SUM]  0.0-30.0 sec  181 datagrams received out-of-order
[  6]   0.00-30.00  sec  24.2 MBytes  6.77 Mbits/sec  0.468 ms  14490/32017 (45%)  receiver
