-----------------------------------------------------------
Server listening on 9007 (test #1)
-----------------------------------------------------------
Accepted connection from 10.0.0.9, port 55982
[  6] local 10.0.0.7 port 9007 connected to 10.0.0.9 port 38390
[ ID] Interval           Transfer     Bitrate         Jitter    Lost/Total Datagrams
[  6]   0.00-1.00   sec  2.83 KBytes  23.1 Kbits/sec  3.251 ms  0/2 (0%)  
[  6]   1.00-2.00   sec  2.83 KBytes  23.2 Kbits/sec  9.252 ms  0/2 (0%)  
[  6]   2.00-3.00   sec  2.83 KBytes  23.2 Kbits/sec  16.675 ms  0/2 (0%)  
[  6]   3.00-4.00   sec  0.00 Bytes  0.00 bits/sec  16.675 ms  0/0 (0%)  
[  6]   4.00-5.00   sec  1.41 KBytes  11.6 Kbits/sec  15.726 ms  4/5 (80%)  
[  6]   5.00-6.00   sec  1.41 KBytes  11.6 Kbits/sec  14.876 ms  0/1 (0%)  
[  6]   6.00-7.00   sec  2.83 KBytes  23.2 Kbits/sec  15.133 ms  2/4 (50%)  
[  6]   7.00-8.00   sec  2.83 KBytes  23.2 Kbits/sec  23.100 ms  0/2 (0%)  
[  6]   8.00-9.00   sec  1.41 KBytes  11.6 Kbits/sec  33.425 ms  0/1 (0%)  
[  6]   9.00-10.00  sec  2.83 KBytes  23.2 Kbits/sec  29.975 ms  2/4 (50%)  
[  6]  10.00-11.00  sec  1.41 KBytes  11.6 Kbits/sec  28.174 ms  2/3 (67%)  
[  6]  11.00-12.00  sec  1.41 KBytes  11.6 Kbits/sec  26.428 ms  0/1 (0%)  
[  6]  12.00-13.00  sec  0.00 Bytes  0.00 bits/sec  26.428 ms  0/0 (0%)  
[  6]  13.00-14.00  sec  2.83 KBytes  23.2 Kbits/sec  23.330 ms  3/5 (60%)  
[  6]  14.00-15.00  sec  0.00 Bytes  0.00 bits/sec  23.330 ms  0/0 (0%)  
[  6]  15.00-16.00  sec  1.41 KBytes  11.6 Kbits/sec  21.913 ms  4/5 (80%)  
[  6]  16.00-17.00  sec  1.41 KBytes  11.6 Kbits/sec  20.562 ms  2/3 (67%)  
[  6]  17.00-18.00  sec  0.00 Bytes  0.00 bits/sec  20.562 ms  0/0 (0%)  
[  6]  18.00-19.00  sec  2.83 KBytes  23.2 Kbits/sec  18.132 ms  3/5 (60%)  
[  6]  19.00-20.00  sec  2.83 KBytes  23.2 Kbits/sec  46.255 ms  1/3 (33%)  
[  6]  20.00-21.00  sec  2.83 KBytes  23.2 Kbits/sec  44.609 ms  0/2 (0%)  
[  6]  21.00-22.00  sec  4.24 KBytes  34.8 Kbits/sec  37.794 ms  0/3 (0%)  
[  6]  22.00-23.00  sec  2.83 KBytes  23.2 Kbits/sec  34.168 ms  0/2 (0%)  
[  6]  23.00-24.00  sec  4.24 KBytes  34.8 Kbits/sec  29.137 ms  0/3 (0%)  
[  6]  24.00-25.00  sec  2.83 KBytes  23.2 Kbits/sec  26.333 ms  0/2 (0%)  
[  6]  25.00-26.00  sec  2.83 KBytes  23.2 Kbits/sec  23.583 ms  0/2 (0%)  
[  6]  26.00-27.00  sec  4.24 KBytes  34.8 Kbits/sec  20.418 ms  0/3 (0%)  
[  6]  27.00-28.00  sec  2.83 KBytes  23.2 Kbits/sec  18.827 ms  0/2 (0%)  
[  6]  28.00-29.00  sec  4.24 KBytes  34.8 Kbits/sec  17.630 ms  0/3 (0%)  
[  6]  29.00-30.00  sec  2.83 KBytes  23.2 Kbits/sec  16.033 ms  0/2 (0%)  
- - - - - - - - - - - - - - - - - - - - - - - - -
[ ID] Interval           Transfer     Bitrate         Jitter    Lost/Total Datagrams
[  6]   0.00-30.00  sec  69.3 KBytes  18.9 Kbits/sec  16.033 ms  23/72 (32%)  receiver
